[2023-08-25T16:01:25.964+0000] {taskinstance.py:1165} INFO - Dependencies all met for <TaskInstance: user_processing.process_user manual__2023-08-25T16:01:21.622651+00:00 [queued]>
[2023-08-25T16:01:25.973+0000] {taskinstance.py:1165} INFO - Dependencies all met for <TaskInstance: user_processing.process_user manual__2023-08-25T16:01:21.622651+00:00 [queued]>
[2023-08-25T16:01:25.973+0000] {taskinstance.py:1362} INFO - 
--------------------------------------------------------------------------------
[2023-08-25T16:01:25.974+0000] {taskinstance.py:1363} INFO - Starting attempt 1 of 1
[2023-08-25T16:01:25.974+0000] {taskinstance.py:1364} INFO - 
--------------------------------------------------------------------------------
[2023-08-25T16:01:25.987+0000] {taskinstance.py:1383} INFO - Executing <Task(PythonOperator): process_user> on 2023-08-25 16:01:21.622651+00:00
[2023-08-25T16:01:25.993+0000] {standard_task_runner.py:55} INFO - Started process 3287 to run task
[2023-08-25T16:01:25.997+0000] {standard_task_runner.py:82} INFO - Running: ['***', 'tasks', 'run', 'user_processing', 'process_user', 'manual__2023-08-25T16:01:21.622651+00:00', '--job-id', '28', '--raw', '--subdir', 'DAGS_FOLDER/user_processing.py', '--cfg-path', '/tmp/tmp1cz_66sd']
[2023-08-25T16:01:25.998+0000] {standard_task_runner.py:83} INFO - Job 28: Subtask process_user
[2023-08-25T16:01:26.053+0000] {task_command.py:376} INFO - Running <TaskInstance: user_processing.process_user manual__2023-08-25T16:01:21.622651+00:00 [running]> on host 22e2fb7a3f74
[2023-08-25T16:01:26.109+0000] {taskinstance.py:1592} INFO - Exporting the following env vars:
AIRFLOW_CTX_DAG_OWNER=***
AIRFLOW_CTX_DAG_ID=user_processing
AIRFLOW_CTX_TASK_ID=process_user
AIRFLOW_CTX_EXECUTION_DATE=2023-08-25T16:01:21.622651+00:00
AIRFLOW_CTX_TRY_NUMBER=1
AIRFLOW_CTX_DAG_RUN_ID=manual__2023-08-25T16:01:21.622651+00:00
[2023-08-25T16:01:26.129+0000] {python.py:177} INFO - Done. Returned value was: None
[2023-08-25T16:01:26.137+0000] {taskinstance.py:1406} INFO - Marking task as SUCCESS. dag_id=user_processing, task_id=process_user, execution_date=20230825T160121, start_date=20230825T160125, end_date=20230825T160126
[2023-08-25T16:01:26.169+0000] {local_task_job.py:164} INFO - Task exited with return code 0
[2023-08-25T16:01:26.185+0000] {local_task_job.py:273} INFO - 0 downstream tasks scheduled from follow-on schedule check
