[2023-09-09T02:41:25.870+0000] {taskinstance.py:1165} INFO - Dependencies all met for <TaskInstance: group_dag.downloads.download_b scheduled__2023-09-05T00:00:00+00:00 [queued]>
[2023-09-09T02:41:25.885+0000] {taskinstance.py:1165} INFO - Dependencies all met for <TaskInstance: group_dag.downloads.download_b scheduled__2023-09-05T00:00:00+00:00 [queued]>
[2023-09-09T02:41:25.885+0000] {taskinstance.py:1362} INFO - 
--------------------------------------------------------------------------------
[2023-09-09T02:41:25.886+0000] {taskinstance.py:1363} INFO - Starting attempt 1 of 1
[2023-09-09T02:41:25.886+0000] {taskinstance.py:1364} INFO - 
--------------------------------------------------------------------------------
[2023-09-09T02:41:25.910+0000] {taskinstance.py:1383} INFO - Executing <Task(BashOperator): download_b> on 2023-09-05 00:00:00+00:00
[2023-09-09T02:41:25.916+0000] {standard_task_runner.py:55} INFO - Started process 75 to run task
[2023-09-09T02:41:25.921+0000] {standard_task_runner.py:82} INFO - Running: ['***', 'tasks', 'run', 'group_dag.downloads', 'download_b', 'scheduled__2023-09-05T00:00:00+00:00', '--job-id', '160', '--raw', '--subdir', 'DAGS_FOLDER/group_dag.py', '--cfg-path', '/tmp/tmpf41_6ece']
[2023-09-09T02:41:25.922+0000] {standard_task_runner.py:83} INFO - Job 160: Subtask download_b
[2023-09-09T02:41:26.005+0000] {task_command.py:376} INFO - Running <TaskInstance: group_dag.downloads.download_b scheduled__2023-09-05T00:00:00+00:00 [running]> on host d0466a17bb90
[2023-09-09T02:41:26.115+0000] {taskinstance.py:1592} INFO - Exporting the following env vars:
AIRFLOW_CTX_DAG_OWNER=***
AIRFLOW_CTX_DAG_ID=group_dag.downloads
AIRFLOW_CTX_TASK_ID=download_b
AIRFLOW_CTX_EXECUTION_DATE=2023-09-05T00:00:00+00:00
AIRFLOW_CTX_TRY_NUMBER=1
AIRFLOW_CTX_DAG_RUN_ID=scheduled__2023-09-05T00:00:00+00:00
[2023-09-09T02:41:26.117+0000] {subprocess.py:63} INFO - Tmp dir root location: 
 /tmp
[2023-09-09T02:41:26.118+0000] {subprocess.py:75} INFO - Running command: ['/bin/bash', '-c', 'sleep 10']
[2023-09-09T02:41:26.129+0000] {subprocess.py:86} INFO - Output:
[2023-09-09T02:41:36.133+0000] {subprocess.py:97} INFO - Command exited with return code 0
[2023-09-09T02:41:36.156+0000] {taskinstance.py:1406} INFO - Marking task as SUCCESS. dag_id=group_dag.downloads, task_id=download_b, execution_date=20230905T000000, start_date=20230909T024125, end_date=20230909T024136
[2023-09-09T02:41:36.194+0000] {local_task_job.py:164} INFO - Task exited with return code 0
[2023-09-09T02:41:36.213+0000] {local_task_job.py:273} INFO - 0 downstream tasks scheduled from follow-on schedule check
