[2023-09-09T15:18:31.625+0000] {taskinstance.py:1165} INFO - Dependencies all met for <TaskInstance: xcom_dag.t4 manual__2023-09-09T15:18:26.958454+00:00 [queued]>
[2023-09-09T15:18:31.633+0000] {taskinstance.py:1165} INFO - Dependencies all met for <TaskInstance: xcom_dag.t4 manual__2023-09-09T15:18:26.958454+00:00 [queued]>
[2023-09-09T15:18:31.634+0000] {taskinstance.py:1362} INFO - 
--------------------------------------------------------------------------------
[2023-09-09T15:18:31.634+0000] {taskinstance.py:1363} INFO - Starting attempt 1 of 1
[2023-09-09T15:18:31.635+0000] {taskinstance.py:1364} INFO - 
--------------------------------------------------------------------------------
[2023-09-09T15:18:31.647+0000] {taskinstance.py:1383} INFO - Executing <Task(BashOperator): t4> on 2023-09-09 15:18:26.958454+00:00
[2023-09-09T15:18:31.652+0000] {standard_task_runner.py:55} INFO - Started process 3118 to run task
[2023-09-09T15:18:31.654+0000] {standard_task_runner.py:82} INFO - Running: ['***', 'tasks', 'run', 'xcom_dag', 't4', 'manual__2023-09-09T15:18:26.958454+00:00', '--job-id', '213', '--raw', '--subdir', 'DAGS_FOLDER/xcom_dag.py', '--cfg-path', '/tmp/tmpqcjezgr0']
[2023-09-09T15:18:31.655+0000] {standard_task_runner.py:83} INFO - Job 213: Subtask t4
[2023-09-09T15:18:31.708+0000] {task_command.py:376} INFO - Running <TaskInstance: xcom_dag.t4 manual__2023-09-09T15:18:26.958454+00:00 [running]> on host d0466a17bb90
[2023-09-09T15:18:31.766+0000] {taskinstance.py:1592} INFO - Exporting the following env vars:
AIRFLOW_CTX_DAG_OWNER=***
AIRFLOW_CTX_DAG_ID=xcom_dag
AIRFLOW_CTX_TASK_ID=t4
AIRFLOW_CTX_EXECUTION_DATE=2023-09-09T15:18:26.958454+00:00
AIRFLOW_CTX_TRY_NUMBER=1
AIRFLOW_CTX_DAG_RUN_ID=manual__2023-09-09T15:18:26.958454+00:00
[2023-09-09T15:18:31.767+0000] {subprocess.py:63} INFO - Tmp dir root location: 
 /tmp
[2023-09-09T15:18:31.768+0000] {subprocess.py:75} INFO - Running command: ['/bin/bash', '-c', "echo ''"]
[2023-09-09T15:18:31.776+0000] {subprocess.py:86} INFO - Output:
[2023-09-09T15:18:31.777+0000] {subprocess.py:93} INFO - 
[2023-09-09T15:18:31.778+0000] {subprocess.py:97} INFO - Command exited with return code 0
[2023-09-09T15:18:31.797+0000] {taskinstance.py:1406} INFO - Marking task as SUCCESS. dag_id=xcom_dag, task_id=t4, execution_date=20230909T151826, start_date=20230909T151831, end_date=20230909T151831
[2023-09-09T15:18:31.827+0000] {local_task_job.py:164} INFO - Task exited with return code 0
[2023-09-09T15:18:31.844+0000] {local_task_job.py:273} INFO - 0 downstream tasks scheduled from follow-on schedule check
