[2023-09-03T16:49:08.601+0000] {taskinstance.py:1165} INFO - Dependencies all met for <TaskInstance: consumer.read_dataset dataset_triggered__2023-09-03T16:49:07.576987+00:00 [queued]>
[2023-09-03T16:49:08.610+0000] {taskinstance.py:1165} INFO - Dependencies all met for <TaskInstance: consumer.read_dataset dataset_triggered__2023-09-03T16:49:07.576987+00:00 [queued]>
[2023-09-03T16:49:08.610+0000] {taskinstance.py:1362} INFO - 
--------------------------------------------------------------------------------
[2023-09-03T16:49:08.611+0000] {taskinstance.py:1363} INFO - Starting attempt 1 of 1
[2023-09-03T16:49:08.611+0000] {taskinstance.py:1364} INFO - 
--------------------------------------------------------------------------------
[2023-09-03T16:49:08.626+0000] {taskinstance.py:1383} INFO - Executing <Task(_PythonDecoratedOperator): read_dataset> on 2023-09-03 16:49:07.576987+00:00
[2023-09-03T16:49:08.630+0000] {standard_task_runner.py:55} INFO - Started process 771 to run task
[2023-09-03T16:49:08.633+0000] {standard_task_runner.py:82} INFO - Running: ['***', 'tasks', 'run', 'consumer', 'read_dataset', 'dataset_triggered__2023-09-03T16:49:07.576987+00:00', '--job-id', '90', '--raw', '--subdir', 'DAGS_FOLDER/consumer.py', '--cfg-path', '/tmp/tmp2jwgl43a']
[2023-09-03T16:49:08.634+0000] {standard_task_runner.py:83} INFO - Job 90: Subtask read_dataset
[2023-09-03T16:49:08.754+0000] {task_command.py:376} INFO - Running <TaskInstance: consumer.read_dataset dataset_triggered__2023-09-03T16:49:07.576987+00:00 [running]> on host 22e2fb7a3f74
[2023-09-03T16:49:08.815+0000] {taskinstance.py:1592} INFO - Exporting the following env vars:
AIRFLOW_CTX_DAG_OWNER=***
AIRFLOW_CTX_DAG_ID=consumer
AIRFLOW_CTX_TASK_ID=read_dataset
AIRFLOW_CTX_EXECUTION_DATE=2023-09-03T16:49:07.576987+00:00
AIRFLOW_CTX_TRY_NUMBER=1
AIRFLOW_CTX_DAG_RUN_ID=dataset_triggered__2023-09-03T16:49:07.576987+00:00
[2023-09-03T16:49:08.816+0000] {logging_mixin.py:120} INFO - producer_updateproducer_update
producer_update
[2023-09-03T16:49:08.817+0000] {python.py:177} INFO - Done. Returned value was: None
[2023-09-03T16:49:08.826+0000] {taskinstance.py:1406} INFO - Marking task as SUCCESS. dag_id=consumer, task_id=read_dataset, execution_date=20230903T164907, start_date=20230903T164908, end_date=20230903T164908
[2023-09-03T16:49:08.845+0000] {local_task_job.py:164} INFO - Task exited with return code 0
[2023-09-03T16:49:08.862+0000] {local_task_job.py:273} INFO - 0 downstream tasks scheduled from follow-on schedule check
