[2023-09-04T16:56:29.348+0000] {taskinstance.py:1165} INFO - Dependencies all met for <TaskInstance: parallel_dag.load_a manual__2023-09-04T16:56:26.329824+00:00 [queued]>
[2023-09-04T16:56:29.356+0000] {taskinstance.py:1165} INFO - Dependencies all met for <TaskInstance: parallel_dag.load_a manual__2023-09-04T16:56:26.329824+00:00 [queued]>
[2023-09-04T16:56:29.357+0000] {taskinstance.py:1362} INFO - 
--------------------------------------------------------------------------------
[2023-09-04T16:56:29.357+0000] {taskinstance.py:1363} INFO - Starting attempt 1 of 1
[2023-09-04T16:56:29.358+0000] {taskinstance.py:1364} INFO - 
--------------------------------------------------------------------------------
[2023-09-04T16:56:29.370+0000] {taskinstance.py:1383} INFO - Executing <Task(BashOperator): load_a> on 2023-09-04 16:56:26.329824+00:00
[2023-09-04T16:56:29.374+0000] {standard_task_runner.py:55} INFO - Started process 468 to run task
[2023-09-04T16:56:29.377+0000] {standard_task_runner.py:82} INFO - Running: ['***', 'tasks', 'run', 'parallel_dag', 'load_a', 'manual__2023-09-04T16:56:26.329824+00:00', '--job-id', '103', '--raw', '--subdir', 'DAGS_FOLDER/parallel_dag.py', '--cfg-path', '/tmp/tmpqaxvixd1']
[2023-09-04T16:56:29.378+0000] {standard_task_runner.py:83} INFO - Job 103: Subtask load_a
[2023-09-04T16:56:29.431+0000] {task_command.py:376} INFO - Running <TaskInstance: parallel_dag.load_a manual__2023-09-04T16:56:26.329824+00:00 [running]> on host ba8dc7af021b
[2023-09-04T16:56:29.490+0000] {taskinstance.py:1592} INFO - Exporting the following env vars:
AIRFLOW_CTX_DAG_OWNER=***
AIRFLOW_CTX_DAG_ID=parallel_dag
AIRFLOW_CTX_TASK_ID=load_a
AIRFLOW_CTX_EXECUTION_DATE=2023-09-04T16:56:26.329824+00:00
AIRFLOW_CTX_TRY_NUMBER=1
AIRFLOW_CTX_DAG_RUN_ID=manual__2023-09-04T16:56:26.329824+00:00
[2023-09-04T16:56:29.491+0000] {subprocess.py:63} INFO - Tmp dir root location: 
 /tmp
[2023-09-04T16:56:29.492+0000] {subprocess.py:75} INFO - Running command: ['/bin/bash', '-c', 'sleep 10']
[2023-09-04T16:56:29.500+0000] {subprocess.py:86} INFO - Output:
[2023-09-04T16:56:39.503+0000] {subprocess.py:97} INFO - Command exited with return code 0
[2023-09-04T16:56:39.526+0000] {taskinstance.py:1406} INFO - Marking task as SUCCESS. dag_id=parallel_dag, task_id=load_a, execution_date=20230904T165626, start_date=20230904T165629, end_date=20230904T165639
[2023-09-04T16:56:39.568+0000] {local_task_job.py:164} INFO - Task exited with return code 0
[2023-09-04T16:56:39.588+0000] {local_task_job.py:273} INFO - 0 downstream tasks scheduled from follow-on schedule check
