[2023-09-05T18:07:01.646+0000] {taskinstance.py:1165} INFO - Dependencies all met for <TaskInstance: group_dag.transform_b scheduled__2023-09-04T00:00:00+00:00 [queued]>
[2023-09-05T18:07:01.656+0000] {taskinstance.py:1165} INFO - Dependencies all met for <TaskInstance: group_dag.transform_b scheduled__2023-09-04T00:00:00+00:00 [queued]>
[2023-09-05T18:07:01.656+0000] {taskinstance.py:1362} INFO - 
--------------------------------------------------------------------------------
[2023-09-05T18:07:01.657+0000] {taskinstance.py:1363} INFO - Starting attempt 1 of 1
[2023-09-05T18:07:01.657+0000] {taskinstance.py:1364} INFO - 
--------------------------------------------------------------------------------
[2023-09-05T18:07:01.679+0000] {taskinstance.py:1383} INFO - Executing <Task(BashOperator): transform_b> on 2023-09-04 00:00:00+00:00
[2023-09-05T18:07:01.684+0000] {standard_task_runner.py:55} INFO - Started process 5778 to run task
[2023-09-05T18:07:01.688+0000] {standard_task_runner.py:82} INFO - Running: ['***', 'tasks', 'run', 'group_dag', 'transform_b', 'scheduled__2023-09-04T00:00:00+00:00', '--job-id', '144', '--raw', '--subdir', 'DAGS_FOLDER/group_dag.py', '--cfg-path', '/tmp/tmpsmv3k14q']
[2023-09-05T18:07:01.688+0000] {standard_task_runner.py:83} INFO - Job 144: Subtask transform_b
[2023-09-05T18:07:01.748+0000] {task_command.py:376} INFO - Running <TaskInstance: group_dag.transform_b scheduled__2023-09-04T00:00:00+00:00 [running]> on host d0466a17bb90
[2023-09-05T18:07:01.823+0000] {taskinstance.py:1592} INFO - Exporting the following env vars:
AIRFLOW_CTX_DAG_OWNER=***
AIRFLOW_CTX_DAG_ID=group_dag
AIRFLOW_CTX_TASK_ID=transform_b
AIRFLOW_CTX_EXECUTION_DATE=2023-09-04T00:00:00+00:00
AIRFLOW_CTX_TRY_NUMBER=1
AIRFLOW_CTX_DAG_RUN_ID=scheduled__2023-09-04T00:00:00+00:00
[2023-09-05T18:07:01.825+0000] {subprocess.py:63} INFO - Tmp dir root location: 
 /tmp
[2023-09-05T18:07:01.826+0000] {subprocess.py:75} INFO - Running command: ['/bin/bash', '-c', 'sleep 10']
[2023-09-05T18:07:01.837+0000] {subprocess.py:86} INFO - Output:
[2023-09-05T18:07:11.840+0000] {subprocess.py:97} INFO - Command exited with return code 0
[2023-09-05T18:07:11.872+0000] {taskinstance.py:1406} INFO - Marking task as SUCCESS. dag_id=group_dag, task_id=transform_b, execution_date=20230904T000000, start_date=20230905T180701, end_date=20230905T180711
[2023-09-05T18:07:11.923+0000] {local_task_job.py:164} INFO - Task exited with return code 0
[2023-09-05T18:07:11.956+0000] {local_task_job.py:273} INFO - 0 downstream tasks scheduled from follow-on schedule check
