[2023-08-25T16:21:07.905+0000] {taskinstance.py:1165} INFO - Dependencies all met for <TaskInstance: user_processing.extract_user manual__2023-08-25T16:21:06.546913+00:00 [queued]>
[2023-08-25T16:21:07.913+0000] {taskinstance.py:1165} INFO - Dependencies all met for <TaskInstance: user_processing.extract_user manual__2023-08-25T16:21:06.546913+00:00 [queued]>
[2023-08-25T16:21:07.914+0000] {taskinstance.py:1362} INFO - 
--------------------------------------------------------------------------------
[2023-08-25T16:21:07.914+0000] {taskinstance.py:1363} INFO - Starting attempt 1 of 1
[2023-08-25T16:21:07.914+0000] {taskinstance.py:1364} INFO - 
--------------------------------------------------------------------------------
[2023-08-25T16:21:07.927+0000] {taskinstance.py:1383} INFO - Executing <Task(SimpleHttpOperator): extract_user> on 2023-08-25 16:21:06.546913+00:00
[2023-08-25T16:21:07.933+0000] {standard_task_runner.py:55} INFO - Started process 4323 to run task
[2023-08-25T16:21:07.937+0000] {standard_task_runner.py:82} INFO - Running: ['***', 'tasks', 'run', 'user_processing', 'extract_user', 'manual__2023-08-25T16:21:06.546913+00:00', '--job-id', '54', '--raw', '--subdir', 'DAGS_FOLDER/user_processing.py', '--cfg-path', '/tmp/tmppdbcpvw0']
[2023-08-25T16:21:07.939+0000] {standard_task_runner.py:83} INFO - Job 54: Subtask extract_user
[2023-08-25T16:21:07.996+0000] {task_command.py:376} INFO - Running <TaskInstance: user_processing.extract_user manual__2023-08-25T16:21:06.546913+00:00 [running]> on host 22e2fb7a3f74
[2023-08-25T16:21:08.060+0000] {taskinstance.py:1592} INFO - Exporting the following env vars:
AIRFLOW_CTX_DAG_OWNER=***
AIRFLOW_CTX_DAG_ID=user_processing
AIRFLOW_CTX_TASK_ID=extract_user
AIRFLOW_CTX_EXECUTION_DATE=2023-08-25T16:21:06.546913+00:00
AIRFLOW_CTX_TRY_NUMBER=1
AIRFLOW_CTX_DAG_RUN_ID=manual__2023-08-25T16:21:06.546913+00:00
[2023-08-25T16:21:08.062+0000] {http.py:121} INFO - Calling HTTP method
[2023-08-25T16:21:08.143+0000] {base.py:71} INFO - Using connection ID 'user_api' for task execution.
[2023-08-25T16:21:08.145+0000] {http.py:148} INFO - Sending 'GET' to url: https://randomuser.me/api/
[2023-08-25T16:21:08.503+0000] {http.py:125} INFO - {"results":[{"gender":"male","name":{"title":"Mr","first":"Aleksi","last":"Nikula"},"location":{"street":{"number":2363,"name":"Mechelininkatu"},"city":"Utsjoki","state":"Tavastia Proper","country":"Finland","postcode":81442,"coordinates":{"latitude":"-29.7664","longitude":"-35.4255"},"timezone":{"offset":"-4:00","description":"Atlantic Time (Canada), Caracas, La Paz"}},"email":"aleksi.nikula@example.com","login":{"uuid":"1a436eec-a21a-4906-ba68-a7e1c2ac10f5","username":"greenlion716","password":"nadine","salt":"NkhQLcAC","md5":"de7b09208edc317d1a7de5fff8e72ed7","sha1":"d2552924cb2ddb213e0a6fb0b35f0dae3028f472","sha256":"cbce0f9a13a9ffcd9689581dd6427cde9c0765c540b635f0854db35057933578"},"dob":{"date":"1970-01-17T05:44:52.292Z","age":53},"registered":{"date":"2020-06-12T09:11:55.324Z","age":3},"phone":"08-167-109","cell":"043-299-17-03","id":{"name":"HETU","value":"NaNNA757undefined"},"picture":{"large":"https://randomuser.me/api/portraits/men/12.jpg","medium":"https://randomuser.me/api/portraits/med/men/12.jpg","thumbnail":"https://randomuser.me/api/portraits/thumb/men/12.jpg"},"nat":"FI"}],"info":{"seed":"f54f3ca9166898c6","results":1,"page":1,"version":"1.4"}}
[2023-08-25T16:21:08.526+0000] {taskinstance.py:1406} INFO - Marking task as SUCCESS. dag_id=user_processing, task_id=extract_user, execution_date=20230825T162106, start_date=20230825T162107, end_date=20230825T162108
[2023-08-25T16:21:08.550+0000] {local_task_job.py:164} INFO - Task exited with return code 0
[2023-08-25T16:21:08.572+0000] {local_task_job.py:273} INFO - 1 downstream tasks scheduled from follow-on schedule check
