[2023-09-09T02:37:26.020+0000] {processor.py:154} INFO - Started process (PID=52) to work on /opt/airflow/dags/consumer.py
[2023-09-09T02:37:26.021+0000] {processor.py:756} INFO - Processing file /opt/airflow/dags/consumer.py for tasks to queue
[2023-09-09T02:37:26.022+0000] {logging_mixin.py:120} INFO - [2023-09-09T02:37:26.022+0000] {dagbag.py:537} INFO - Filling up the DagBag from /opt/airflow/dags/consumer.py
[2023-09-09T02:37:26.056+0000] {processor.py:766} INFO - DAG(s) dict_keys(['consumer']) retrieved from /opt/airflow/dags/consumer.py
[2023-09-09T02:37:26.105+0000] {logging_mixin.py:120} INFO - [2023-09-09T02:37:26.105+0000] {dag.py:2585} INFO - Sync 1 DAGs
[2023-09-09T02:37:26.134+0000] {logging_mixin.py:120} INFO - [2023-09-09T02:37:26.134+0000] {dag.py:3340} INFO - Setting next_dagrun for consumer to None, run_after=None
[2023-09-09T02:37:26.165+0000] {processor.py:176} INFO - Processing /opt/airflow/dags/consumer.py took 0.148 seconds
[2023-09-09T02:37:57.055+0000] {processor.py:154} INFO - Started process (PID=126) to work on /opt/airflow/dags/consumer.py
[2023-09-09T02:37:57.056+0000] {processor.py:756} INFO - Processing file /opt/airflow/dags/consumer.py for tasks to queue
[2023-09-09T02:37:57.057+0000] {logging_mixin.py:120} INFO - [2023-09-09T02:37:57.057+0000] {dagbag.py:537} INFO - Filling up the DagBag from /opt/airflow/dags/consumer.py
[2023-09-09T02:37:57.083+0000] {processor.py:766} INFO - DAG(s) dict_keys(['consumer']) retrieved from /opt/airflow/dags/consumer.py
[2023-09-09T02:37:57.117+0000] {logging_mixin.py:120} INFO - [2023-09-09T02:37:57.117+0000] {dag.py:2585} INFO - Sync 1 DAGs
[2023-09-09T02:37:57.139+0000] {logging_mixin.py:120} INFO - [2023-09-09T02:37:57.139+0000] {dag.py:3340} INFO - Setting next_dagrun for consumer to None, run_after=None
[2023-09-09T02:37:57.162+0000] {processor.py:176} INFO - Processing /opt/airflow/dags/consumer.py took 0.109 seconds
[2023-09-09T02:38:27.235+0000] {processor.py:154} INFO - Started process (PID=201) to work on /opt/airflow/dags/consumer.py
[2023-09-09T02:38:27.236+0000] {processor.py:756} INFO - Processing file /opt/airflow/dags/consumer.py for tasks to queue
[2023-09-09T02:38:27.237+0000] {logging_mixin.py:120} INFO - [2023-09-09T02:38:27.237+0000] {dagbag.py:537} INFO - Filling up the DagBag from /opt/airflow/dags/consumer.py
[2023-09-09T02:38:27.264+0000] {processor.py:766} INFO - DAG(s) dict_keys(['consumer']) retrieved from /opt/airflow/dags/consumer.py
[2023-09-09T02:38:27.296+0000] {logging_mixin.py:120} INFO - [2023-09-09T02:38:27.296+0000] {dag.py:2585} INFO - Sync 1 DAGs
[2023-09-09T02:38:27.317+0000] {logging_mixin.py:120} INFO - [2023-09-09T02:38:27.317+0000] {dag.py:3340} INFO - Setting next_dagrun for consumer to None, run_after=None
[2023-09-09T02:38:27.338+0000] {processor.py:176} INFO - Processing /opt/airflow/dags/consumer.py took 0.107 seconds
[2023-09-09T02:38:57.692+0000] {processor.py:154} INFO - Started process (PID=266) to work on /opt/airflow/dags/consumer.py
[2023-09-09T02:38:57.692+0000] {processor.py:756} INFO - Processing file /opt/airflow/dags/consumer.py for tasks to queue
[2023-09-09T02:38:57.693+0000] {logging_mixin.py:120} INFO - [2023-09-09T02:38:57.693+0000] {dagbag.py:537} INFO - Filling up the DagBag from /opt/airflow/dags/consumer.py
[2023-09-09T02:38:57.720+0000] {processor.py:766} INFO - DAG(s) dict_keys(['consumer']) retrieved from /opt/airflow/dags/consumer.py
[2023-09-09T02:38:57.757+0000] {logging_mixin.py:120} INFO - [2023-09-09T02:38:57.757+0000] {dag.py:2585} INFO - Sync 1 DAGs
[2023-09-09T02:38:57.779+0000] {logging_mixin.py:120} INFO - [2023-09-09T02:38:57.779+0000] {dag.py:3340} INFO - Setting next_dagrun for consumer to None, run_after=None
[2023-09-09T02:38:57.808+0000] {processor.py:176} INFO - Processing /opt/airflow/dags/consumer.py took 0.120 seconds
[2023-09-09T02:39:28.510+0000] {processor.py:154} INFO - Started process (PID=340) to work on /opt/airflow/dags/consumer.py
[2023-09-09T02:39:28.511+0000] {processor.py:756} INFO - Processing file /opt/airflow/dags/consumer.py for tasks to queue
[2023-09-09T02:39:28.511+0000] {logging_mixin.py:120} INFO - [2023-09-09T02:39:28.511+0000] {dagbag.py:537} INFO - Filling up the DagBag from /opt/airflow/dags/consumer.py
[2023-09-09T02:39:28.536+0000] {processor.py:766} INFO - DAG(s) dict_keys(['consumer']) retrieved from /opt/airflow/dags/consumer.py
[2023-09-09T02:39:28.596+0000] {logging_mixin.py:120} INFO - [2023-09-09T02:39:28.596+0000] {dag.py:2585} INFO - Sync 1 DAGs
[2023-09-09T02:39:28.618+0000] {logging_mixin.py:120} INFO - [2023-09-09T02:39:28.618+0000] {dag.py:3340} INFO - Setting next_dagrun for consumer to None, run_after=None
[2023-09-09T02:39:28.646+0000] {processor.py:176} INFO - Processing /opt/airflow/dags/consumer.py took 0.138 seconds
[2023-09-09T02:39:58.832+0000] {processor.py:154} INFO - Started process (PID=414) to work on /opt/airflow/dags/consumer.py
[2023-09-09T02:39:58.833+0000] {processor.py:756} INFO - Processing file /opt/airflow/dags/consumer.py for tasks to queue
[2023-09-09T02:39:58.833+0000] {logging_mixin.py:120} INFO - [2023-09-09T02:39:58.833+0000] {dagbag.py:537} INFO - Filling up the DagBag from /opt/airflow/dags/consumer.py
[2023-09-09T02:39:58.858+0000] {processor.py:766} INFO - DAG(s) dict_keys(['consumer']) retrieved from /opt/airflow/dags/consumer.py
[2023-09-09T02:39:58.885+0000] {logging_mixin.py:120} INFO - [2023-09-09T02:39:58.885+0000] {dag.py:2585} INFO - Sync 1 DAGs
[2023-09-09T02:39:58.902+0000] {logging_mixin.py:120} INFO - [2023-09-09T02:39:58.902+0000] {dag.py:3340} INFO - Setting next_dagrun for consumer to None, run_after=None
[2023-09-09T02:39:58.925+0000] {processor.py:176} INFO - Processing /opt/airflow/dags/consumer.py took 0.095 seconds
[2023-09-09T02:40:28.994+0000] {processor.py:154} INFO - Started process (PID=488) to work on /opt/airflow/dags/consumer.py
[2023-09-09T02:40:28.995+0000] {processor.py:756} INFO - Processing file /opt/airflow/dags/consumer.py for tasks to queue
[2023-09-09T02:40:28.995+0000] {logging_mixin.py:120} INFO - [2023-09-09T02:40:28.995+0000] {dagbag.py:537} INFO - Filling up the DagBag from /opt/airflow/dags/consumer.py
[2023-09-09T02:40:29.023+0000] {processor.py:766} INFO - DAG(s) dict_keys(['consumer']) retrieved from /opt/airflow/dags/consumer.py
[2023-09-09T02:40:29.057+0000] {logging_mixin.py:120} INFO - [2023-09-09T02:40:29.057+0000] {dag.py:2585} INFO - Sync 1 DAGs
[2023-09-09T02:40:29.077+0000] {logging_mixin.py:120} INFO - [2023-09-09T02:40:29.077+0000] {dag.py:3340} INFO - Setting next_dagrun for consumer to None, run_after=None
[2023-09-09T02:40:29.099+0000] {processor.py:176} INFO - Processing /opt/airflow/dags/consumer.py took 0.108 seconds
[2023-09-09T02:40:59.276+0000] {processor.py:154} INFO - Started process (PID=553) to work on /opt/airflow/dags/consumer.py
[2023-09-09T02:40:59.277+0000] {processor.py:756} INFO - Processing file /opt/airflow/dags/consumer.py for tasks to queue
[2023-09-09T02:40:59.278+0000] {logging_mixin.py:120} INFO - [2023-09-09T02:40:59.278+0000] {dagbag.py:537} INFO - Filling up the DagBag from /opt/airflow/dags/consumer.py
[2023-09-09T02:40:59.300+0000] {processor.py:766} INFO - DAG(s) dict_keys(['consumer']) retrieved from /opt/airflow/dags/consumer.py
[2023-09-09T02:40:59.330+0000] {logging_mixin.py:120} INFO - [2023-09-09T02:40:59.330+0000] {dag.py:2585} INFO - Sync 1 DAGs
[2023-09-09T02:40:59.347+0000] {logging_mixin.py:120} INFO - [2023-09-09T02:40:59.347+0000] {dag.py:3340} INFO - Setting next_dagrun for consumer to None, run_after=None
[2023-09-09T02:40:59.370+0000] {processor.py:176} INFO - Processing /opt/airflow/dags/consumer.py took 0.096 seconds
[2023-09-09T02:41:30.243+0000] {processor.py:154} INFO - Started process (PID=636) to work on /opt/airflow/dags/consumer.py
[2023-09-09T02:41:30.243+0000] {processor.py:756} INFO - Processing file /opt/airflow/dags/consumer.py for tasks to queue
[2023-09-09T02:41:30.244+0000] {logging_mixin.py:120} INFO - [2023-09-09T02:41:30.244+0000] {dagbag.py:537} INFO - Filling up the DagBag from /opt/airflow/dags/consumer.py
[2023-09-09T02:41:30.268+0000] {processor.py:766} INFO - DAG(s) dict_keys(['consumer']) retrieved from /opt/airflow/dags/consumer.py
[2023-09-09T02:41:30.300+0000] {logging_mixin.py:120} INFO - [2023-09-09T02:41:30.300+0000] {dag.py:2585} INFO - Sync 1 DAGs
[2023-09-09T02:41:30.324+0000] {logging_mixin.py:120} INFO - [2023-09-09T02:41:30.324+0000] {dag.py:3340} INFO - Setting next_dagrun for consumer to None, run_after=None
[2023-09-09T02:41:30.350+0000] {processor.py:176} INFO - Processing /opt/airflow/dags/consumer.py took 0.110 seconds
[2023-09-09T02:42:00.753+0000] {processor.py:154} INFO - Started process (PID=710) to work on /opt/airflow/dags/consumer.py
[2023-09-09T02:42:00.754+0000] {processor.py:756} INFO - Processing file /opt/airflow/dags/consumer.py for tasks to queue
[2023-09-09T02:42:00.754+0000] {logging_mixin.py:120} INFO - [2023-09-09T02:42:00.754+0000] {dagbag.py:537} INFO - Filling up the DagBag from /opt/airflow/dags/consumer.py
[2023-09-09T02:42:00.780+0000] {processor.py:766} INFO - DAG(s) dict_keys(['consumer']) retrieved from /opt/airflow/dags/consumer.py
[2023-09-09T02:42:00.814+0000] {logging_mixin.py:120} INFO - [2023-09-09T02:42:00.814+0000] {dag.py:2585} INFO - Sync 1 DAGs
[2023-09-09T02:42:00.834+0000] {logging_mixin.py:120} INFO - [2023-09-09T02:42:00.834+0000] {dag.py:3340} INFO - Setting next_dagrun for consumer to None, run_after=None
[2023-09-09T02:42:00.859+0000] {processor.py:176} INFO - Processing /opt/airflow/dags/consumer.py took 0.108 seconds
[2023-09-09T02:42:31.349+0000] {processor.py:154} INFO - Started process (PID=788) to work on /opt/airflow/dags/consumer.py
[2023-09-09T02:42:31.350+0000] {processor.py:756} INFO - Processing file /opt/airflow/dags/consumer.py for tasks to queue
[2023-09-09T02:42:31.350+0000] {logging_mixin.py:120} INFO - [2023-09-09T02:42:31.350+0000] {dagbag.py:537} INFO - Filling up the DagBag from /opt/airflow/dags/consumer.py
[2023-09-09T02:42:31.373+0000] {processor.py:766} INFO - DAG(s) dict_keys(['consumer']) retrieved from /opt/airflow/dags/consumer.py
[2023-09-09T02:42:31.402+0000] {logging_mixin.py:120} INFO - [2023-09-09T02:42:31.402+0000] {dag.py:2585} INFO - Sync 1 DAGs
[2023-09-09T02:42:31.419+0000] {logging_mixin.py:120} INFO - [2023-09-09T02:42:31.419+0000] {dag.py:3340} INFO - Setting next_dagrun for consumer to None, run_after=None
[2023-09-09T02:42:31.444+0000] {processor.py:176} INFO - Processing /opt/airflow/dags/consumer.py took 0.097 seconds
[2023-09-09T02:43:01.676+0000] {processor.py:154} INFO - Started process (PID=864) to work on /opt/airflow/dags/consumer.py
[2023-09-09T02:43:01.676+0000] {processor.py:756} INFO - Processing file /opt/airflow/dags/consumer.py for tasks to queue
[2023-09-09T02:43:01.677+0000] {logging_mixin.py:120} INFO - [2023-09-09T02:43:01.677+0000] {dagbag.py:537} INFO - Filling up the DagBag from /opt/airflow/dags/consumer.py
[2023-09-09T02:43:01.701+0000] {processor.py:766} INFO - DAG(s) dict_keys(['consumer']) retrieved from /opt/airflow/dags/consumer.py
[2023-09-09T02:43:01.731+0000] {logging_mixin.py:120} INFO - [2023-09-09T02:43:01.731+0000] {dag.py:2585} INFO - Sync 1 DAGs
[2023-09-09T02:43:01.749+0000] {logging_mixin.py:120} INFO - [2023-09-09T02:43:01.749+0000] {dag.py:3340} INFO - Setting next_dagrun for consumer to None, run_after=None
[2023-09-09T02:43:01.774+0000] {processor.py:176} INFO - Processing /opt/airflow/dags/consumer.py took 0.101 seconds
[2023-09-09T02:43:32.265+0000] {processor.py:154} INFO - Started process (PID=931) to work on /opt/airflow/dags/consumer.py
[2023-09-09T02:43:32.266+0000] {processor.py:756} INFO - Processing file /opt/airflow/dags/consumer.py for tasks to queue
[2023-09-09T02:43:32.267+0000] {logging_mixin.py:120} INFO - [2023-09-09T02:43:32.267+0000] {dagbag.py:537} INFO - Filling up the DagBag from /opt/airflow/dags/consumer.py
[2023-09-09T02:43:32.291+0000] {processor.py:766} INFO - DAG(s) dict_keys(['consumer']) retrieved from /opt/airflow/dags/consumer.py
[2023-09-09T02:43:32.323+0000] {logging_mixin.py:120} INFO - [2023-09-09T02:43:32.322+0000] {dag.py:2585} INFO - Sync 1 DAGs
[2023-09-09T02:43:32.343+0000] {logging_mixin.py:120} INFO - [2023-09-09T02:43:32.343+0000] {dag.py:3340} INFO - Setting next_dagrun for consumer to None, run_after=None
[2023-09-09T02:43:32.368+0000] {processor.py:176} INFO - Processing /opt/airflow/dags/consumer.py took 0.105 seconds
[2023-09-09T02:44:02.456+0000] {processor.py:154} INFO - Started process (PID=1006) to work on /opt/airflow/dags/consumer.py
[2023-09-09T02:44:02.457+0000] {processor.py:756} INFO - Processing file /opt/airflow/dags/consumer.py for tasks to queue
[2023-09-09T02:44:02.458+0000] {logging_mixin.py:120} INFO - [2023-09-09T02:44:02.458+0000] {dagbag.py:537} INFO - Filling up the DagBag from /opt/airflow/dags/consumer.py
[2023-09-09T02:44:02.484+0000] {processor.py:766} INFO - DAG(s) dict_keys(['consumer']) retrieved from /opt/airflow/dags/consumer.py
[2023-09-09T02:44:02.524+0000] {logging_mixin.py:120} INFO - [2023-09-09T02:44:02.523+0000] {dag.py:2585} INFO - Sync 1 DAGs
[2023-09-09T02:44:02.543+0000] {logging_mixin.py:120} INFO - [2023-09-09T02:44:02.543+0000] {dag.py:3340} INFO - Setting next_dagrun for consumer to None, run_after=None
[2023-09-09T02:44:02.568+0000] {processor.py:176} INFO - Processing /opt/airflow/dags/consumer.py took 0.115 seconds
[2023-09-09T02:44:32.633+0000] {processor.py:154} INFO - Started process (PID=1081) to work on /opt/airflow/dags/consumer.py
[2023-09-09T02:44:32.634+0000] {processor.py:756} INFO - Processing file /opt/airflow/dags/consumer.py for tasks to queue
[2023-09-09T02:44:32.635+0000] {logging_mixin.py:120} INFO - [2023-09-09T02:44:32.635+0000] {dagbag.py:537} INFO - Filling up the DagBag from /opt/airflow/dags/consumer.py
[2023-09-09T02:44:32.660+0000] {processor.py:766} INFO - DAG(s) dict_keys(['consumer']) retrieved from /opt/airflow/dags/consumer.py
[2023-09-09T02:44:32.692+0000] {logging_mixin.py:120} INFO - [2023-09-09T02:44:32.692+0000] {dag.py:2585} INFO - Sync 1 DAGs
[2023-09-09T02:44:32.712+0000] {logging_mixin.py:120} INFO - [2023-09-09T02:44:32.711+0000] {dag.py:3340} INFO - Setting next_dagrun for consumer to None, run_after=None
[2023-09-09T02:44:32.736+0000] {processor.py:176} INFO - Processing /opt/airflow/dags/consumer.py took 0.106 seconds
[2023-09-09T02:45:02.785+0000] {processor.py:154} INFO - Started process (PID=1145) to work on /opt/airflow/dags/consumer.py
[2023-09-09T02:45:02.786+0000] {processor.py:756} INFO - Processing file /opt/airflow/dags/consumer.py for tasks to queue
[2023-09-09T02:45:02.787+0000] {logging_mixin.py:120} INFO - [2023-09-09T02:45:02.787+0000] {dagbag.py:537} INFO - Filling up the DagBag from /opt/airflow/dags/consumer.py
[2023-09-09T02:45:02.810+0000] {processor.py:766} INFO - DAG(s) dict_keys(['consumer']) retrieved from /opt/airflow/dags/consumer.py
[2023-09-09T02:45:02.876+0000] {logging_mixin.py:120} INFO - [2023-09-09T02:45:02.876+0000] {dag.py:2585} INFO - Sync 1 DAGs
[2023-09-09T02:45:02.894+0000] {logging_mixin.py:120} INFO - [2023-09-09T02:45:02.894+0000] {dag.py:3340} INFO - Setting next_dagrun for consumer to None, run_after=None
[2023-09-09T02:45:02.918+0000] {processor.py:176} INFO - Processing /opt/airflow/dags/consumer.py took 0.135 seconds
