[2023-09-09T02:37:25.688+0000] {processor.py:154} INFO - Started process (PID=46) to work on /opt/airflow/dags/group_dag.py
[2023-09-09T02:37:25.688+0000] {processor.py:756} INFO - Processing file /opt/airflow/dags/group_dag.py for tasks to queue
[2023-09-09T02:37:25.689+0000] {logging_mixin.py:120} INFO - [2023-09-09T02:37:25.689+0000] {dagbag.py:537} INFO - Filling up the DagBag from /opt/airflow/dags/group_dag.py
[2023-09-09T02:37:25.755+0000] {processor.py:766} INFO - DAG(s) dict_keys(['group_dag.downloads', 'group_dag.transforms', 'group_dag']) retrieved from /opt/airflow/dags/group_dag.py
[2023-09-09T02:37:25.918+0000] {logging_mixin.py:120} INFO - [2023-09-09T02:37:25.918+0000] {dag.py:2585} INFO - Sync 3 DAGs
[2023-09-09T02:37:25.948+0000] {logging_mixin.py:120} INFO - [2023-09-09T02:37:25.947+0000] {dag.py:3340} INFO - Setting next_dagrun for group_dag to 2023-09-09T00:00:00+00:00, run_after=2023-09-10T00:00:00+00:00
[2023-09-09T02:37:25.953+0000] {logging_mixin.py:120} INFO - [2023-09-09T02:37:25.953+0000] {dag.py:3340} INFO - Setting next_dagrun for group_dag.downloads to None, run_after=None
[2023-09-09T02:37:25.955+0000] {logging_mixin.py:120} INFO - [2023-09-09T02:37:25.955+0000] {dag.py:3340} INFO - Setting next_dagrun for group_dag.transforms to None, run_after=None
[2023-09-09T02:37:25.964+0000] {logging_mixin.py:120} INFO - [2023-09-09T02:37:25.964+0000] {dag.py:2585} INFO - Sync 2 DAGs
[2023-09-09T02:37:25.970+0000] {logging_mixin.py:120} INFO - [2023-09-09T02:37:25.970+0000] {dag.py:3340} INFO - Setting next_dagrun for group_dag.downloads to None, run_after=None
[2023-09-09T02:37:25.971+0000] {logging_mixin.py:120} INFO - [2023-09-09T02:37:25.971+0000] {dag.py:3340} INFO - Setting next_dagrun for group_dag.transforms to None, run_after=None
[2023-09-09T02:37:25.984+0000] {processor.py:176} INFO - Processing /opt/airflow/dags/group_dag.py took 0.298 seconds
[2023-09-09T02:37:35.614+0000] {processor.py:154} INFO - Started process (PID=101) to work on /opt/airflow/dags/group_dag.py
[2023-09-09T02:37:35.615+0000] {processor.py:756} INFO - Processing file /opt/airflow/dags/group_dag.py for tasks to queue
[2023-09-09T02:37:35.616+0000] {logging_mixin.py:120} INFO - [2023-09-09T02:37:35.616+0000] {dagbag.py:537} INFO - Filling up the DagBag from /opt/airflow/dags/group_dag.py
[2023-09-09T02:37:35.668+0000] {processor.py:766} INFO - DAG(s) dict_keys(['group_dag.transforms', 'group_dag.downloads', 'group_dag']) retrieved from /opt/airflow/dags/group_dag.py
[2023-09-09T02:37:35.681+0000] {logging_mixin.py:120} INFO - [2023-09-09T02:37:35.681+0000] {taskinstance.py:1853} ERROR - {'DAG Id': 'group_dag', 'Task Id': 'transforms', 'Run Id': 'manual__2023-09-05T18:18:57.741077+00:00', 'Hostname': 'd0466a17bb90', 'External Executor Id': '295c5f36-b013-42fe-9972-69f328e3201a'}
[2023-09-09T02:37:35.818+0000] {logging_mixin.py:120} INFO - [2023-09-09T02:37:35.818+0000] {taskinstance.py:1406} INFO - Marking task as FAILED. dag_id=group_dag, task_id=transforms, execution_date=20230905T181857, start_date=20230905T182010, end_date=20230909T023735
[2023-09-09T02:37:35.828+0000] {processor.py:725} INFO - Executed failure callback for <TaskInstance: group_dag.transforms manual__2023-09-05T18:18:57.741077+00:00 [failed]> in state failed
[2023-09-09T02:37:35.856+0000] {logging_mixin.py:120} INFO - [2023-09-09T02:37:35.855+0000] {dag.py:2585} INFO - Sync 3 DAGs
[2023-09-09T02:37:35.874+0000] {logging_mixin.py:120} INFO - [2023-09-09T02:37:35.874+0000] {dag.py:3340} INFO - Setting next_dagrun for group_dag to 2023-09-09T00:00:00+00:00, run_after=2023-09-10T00:00:00+00:00
[2023-09-09T02:37:35.878+0000] {logging_mixin.py:120} INFO - [2023-09-09T02:37:35.878+0000] {dag.py:3340} INFO - Setting next_dagrun for group_dag.downloads to None, run_after=None
[2023-09-09T02:37:35.879+0000] {logging_mixin.py:120} INFO - [2023-09-09T02:37:35.879+0000] {dag.py:3340} INFO - Setting next_dagrun for group_dag.transforms to None, run_after=None
[2023-09-09T02:37:35.885+0000] {logging_mixin.py:120} INFO - [2023-09-09T02:37:35.885+0000] {dag.py:2585} INFO - Sync 2 DAGs
[2023-09-09T02:37:35.890+0000] {logging_mixin.py:120} INFO - [2023-09-09T02:37:35.890+0000] {dag.py:3340} INFO - Setting next_dagrun for group_dag.downloads to None, run_after=None
[2023-09-09T02:37:35.891+0000] {logging_mixin.py:120} INFO - [2023-09-09T02:37:35.891+0000] {dag.py:3340} INFO - Setting next_dagrun for group_dag.transforms to None, run_after=None
[2023-09-09T02:37:35.905+0000] {processor.py:176} INFO - Processing /opt/airflow/dags/group_dag.py took 0.294 seconds
[2023-09-09T02:38:06.827+0000] {processor.py:154} INFO - Started process (PID=175) to work on /opt/airflow/dags/group_dag.py
[2023-09-09T02:38:06.828+0000] {processor.py:756} INFO - Processing file /opt/airflow/dags/group_dag.py for tasks to queue
[2023-09-09T02:38:06.829+0000] {logging_mixin.py:120} INFO - [2023-09-09T02:38:06.829+0000] {dagbag.py:537} INFO - Filling up the DagBag from /opt/airflow/dags/group_dag.py
[2023-09-09T02:38:06.914+0000] {processor.py:766} INFO - DAG(s) dict_keys(['group_dag.transforms', 'group_dag.downloads', 'group_dag']) retrieved from /opt/airflow/dags/group_dag.py
[2023-09-09T02:38:07.104+0000] {logging_mixin.py:120} INFO - [2023-09-09T02:38:07.104+0000] {dag.py:2585} INFO - Sync 3 DAGs
[2023-09-09T02:38:07.129+0000] {logging_mixin.py:120} INFO - [2023-09-09T02:38:07.129+0000] {dag.py:3340} INFO - Setting next_dagrun for group_dag to 2023-09-09T00:00:00+00:00, run_after=2023-09-10T00:00:00+00:00
[2023-09-09T02:38:07.132+0000] {logging_mixin.py:120} INFO - [2023-09-09T02:38:07.132+0000] {dag.py:3340} INFO - Setting next_dagrun for group_dag.downloads to None, run_after=None
[2023-09-09T02:38:07.133+0000] {logging_mixin.py:120} INFO - [2023-09-09T02:38:07.133+0000] {dag.py:3340} INFO - Setting next_dagrun for group_dag.transforms to None, run_after=None
[2023-09-09T02:38:07.140+0000] {logging_mixin.py:120} INFO - [2023-09-09T02:38:07.139+0000] {dag.py:2585} INFO - Sync 2 DAGs
[2023-09-09T02:38:07.144+0000] {logging_mixin.py:120} INFO - [2023-09-09T02:38:07.144+0000] {dag.py:3340} INFO - Setting next_dagrun for group_dag.downloads to None, run_after=None
[2023-09-09T02:38:07.145+0000] {logging_mixin.py:120} INFO - [2023-09-09T02:38:07.144+0000] {dag.py:3340} INFO - Setting next_dagrun for group_dag.transforms to None, run_after=None
[2023-09-09T02:38:07.158+0000] {processor.py:176} INFO - Processing /opt/airflow/dags/group_dag.py took 0.333 seconds
[2023-09-09T02:38:37.304+0000] {processor.py:154} INFO - Started process (PID=250) to work on /opt/airflow/dags/group_dag.py
[2023-09-09T02:38:37.305+0000] {processor.py:756} INFO - Processing file /opt/airflow/dags/group_dag.py for tasks to queue
[2023-09-09T02:38:37.305+0000] {logging_mixin.py:120} INFO - [2023-09-09T02:38:37.305+0000] {dagbag.py:537} INFO - Filling up the DagBag from /opt/airflow/dags/group_dag.py
[2023-09-09T02:38:37.356+0000] {processor.py:766} INFO - DAG(s) dict_keys(['group_dag.downloads', 'group_dag.transforms', 'group_dag']) retrieved from /opt/airflow/dags/group_dag.py
[2023-09-09T02:38:37.503+0000] {logging_mixin.py:120} INFO - [2023-09-09T02:38:37.503+0000] {dag.py:2585} INFO - Sync 3 DAGs
[2023-09-09T02:38:37.524+0000] {logging_mixin.py:120} INFO - [2023-09-09T02:38:37.524+0000] {dag.py:3340} INFO - Setting next_dagrun for group_dag to 2023-09-09T00:00:00+00:00, run_after=2023-09-10T00:00:00+00:00
[2023-09-09T02:38:37.528+0000] {logging_mixin.py:120} INFO - [2023-09-09T02:38:37.528+0000] {dag.py:3340} INFO - Setting next_dagrun for group_dag.downloads to None, run_after=None
[2023-09-09T02:38:37.529+0000] {logging_mixin.py:120} INFO - [2023-09-09T02:38:37.529+0000] {dag.py:3340} INFO - Setting next_dagrun for group_dag.transforms to None, run_after=None
[2023-09-09T02:38:37.535+0000] {logging_mixin.py:120} INFO - [2023-09-09T02:38:37.535+0000] {dag.py:2585} INFO - Sync 2 DAGs
[2023-09-09T02:38:37.539+0000] {logging_mixin.py:120} INFO - [2023-09-09T02:38:37.539+0000] {dag.py:3340} INFO - Setting next_dagrun for group_dag.downloads to None, run_after=None
[2023-09-09T02:38:37.539+0000] {logging_mixin.py:120} INFO - [2023-09-09T02:38:37.539+0000] {dag.py:3340} INFO - Setting next_dagrun for group_dag.transforms to None, run_after=None
[2023-09-09T02:38:37.552+0000] {processor.py:176} INFO - Processing /opt/airflow/dags/group_dag.py took 0.250 seconds
[2023-09-09T02:39:08.113+0000] {processor.py:154} INFO - Started process (PID=315) to work on /opt/airflow/dags/group_dag.py
[2023-09-09T02:39:08.114+0000] {processor.py:756} INFO - Processing file /opt/airflow/dags/group_dag.py for tasks to queue
[2023-09-09T02:39:08.115+0000] {logging_mixin.py:120} INFO - [2023-09-09T02:39:08.115+0000] {dagbag.py:537} INFO - Filling up the DagBag from /opt/airflow/dags/group_dag.py
[2023-09-09T02:39:08.166+0000] {processor.py:766} INFO - DAG(s) dict_keys(['group_dag.downloads', 'group_dag.transforms', 'group_dag']) retrieved from /opt/airflow/dags/group_dag.py
[2023-09-09T02:39:08.302+0000] {logging_mixin.py:120} INFO - [2023-09-09T02:39:08.301+0000] {dag.py:2585} INFO - Sync 3 DAGs
[2023-09-09T02:39:08.322+0000] {logging_mixin.py:120} INFO - [2023-09-09T02:39:08.322+0000] {dag.py:3340} INFO - Setting next_dagrun for group_dag to 2023-09-09T00:00:00+00:00, run_after=2023-09-10T00:00:00+00:00
[2023-09-09T02:39:08.325+0000] {logging_mixin.py:120} INFO - [2023-09-09T02:39:08.324+0000] {dag.py:3340} INFO - Setting next_dagrun for group_dag.downloads to None, run_after=None
[2023-09-09T02:39:08.326+0000] {logging_mixin.py:120} INFO - [2023-09-09T02:39:08.326+0000] {dag.py:3340} INFO - Setting next_dagrun for group_dag.transforms to None, run_after=None
[2023-09-09T02:39:08.332+0000] {logging_mixin.py:120} INFO - [2023-09-09T02:39:08.332+0000] {dag.py:2585} INFO - Sync 2 DAGs
[2023-09-09T02:39:08.336+0000] {logging_mixin.py:120} INFO - [2023-09-09T02:39:08.336+0000] {dag.py:3340} INFO - Setting next_dagrun for group_dag.downloads to None, run_after=None
[2023-09-09T02:39:08.337+0000] {logging_mixin.py:120} INFO - [2023-09-09T02:39:08.336+0000] {dag.py:3340} INFO - Setting next_dagrun for group_dag.transforms to None, run_after=None
[2023-09-09T02:39:08.350+0000] {processor.py:176} INFO - Processing /opt/airflow/dags/group_dag.py took 0.240 seconds
[2023-09-09T02:39:38.474+0000] {processor.py:154} INFO - Started process (PID=389) to work on /opt/airflow/dags/group_dag.py
[2023-09-09T02:39:38.474+0000] {processor.py:756} INFO - Processing file /opt/airflow/dags/group_dag.py for tasks to queue
[2023-09-09T02:39:38.475+0000] {logging_mixin.py:120} INFO - [2023-09-09T02:39:38.475+0000] {dagbag.py:537} INFO - Filling up the DagBag from /opt/airflow/dags/group_dag.py
[2023-09-09T02:39:38.525+0000] {processor.py:766} INFO - DAG(s) dict_keys(['group_dag.transforms', 'group_dag.downloads', 'group_dag']) retrieved from /opt/airflow/dags/group_dag.py
[2023-09-09T02:39:38.659+0000] {logging_mixin.py:120} INFO - [2023-09-09T02:39:38.659+0000] {dag.py:2585} INFO - Sync 3 DAGs
[2023-09-09T02:39:38.684+0000] {logging_mixin.py:120} INFO - [2023-09-09T02:39:38.684+0000] {dag.py:3340} INFO - Setting next_dagrun for group_dag to 2023-09-09T00:00:00+00:00, run_after=2023-09-10T00:00:00+00:00
[2023-09-09T02:39:38.687+0000] {logging_mixin.py:120} INFO - [2023-09-09T02:39:38.687+0000] {dag.py:3340} INFO - Setting next_dagrun for group_dag.downloads to None, run_after=None
[2023-09-09T02:39:38.689+0000] {logging_mixin.py:120} INFO - [2023-09-09T02:39:38.689+0000] {dag.py:3340} INFO - Setting next_dagrun for group_dag.transforms to None, run_after=None
[2023-09-09T02:39:38.697+0000] {logging_mixin.py:120} INFO - [2023-09-09T02:39:38.697+0000] {dag.py:2585} INFO - Sync 2 DAGs
[2023-09-09T02:39:38.703+0000] {logging_mixin.py:120} INFO - [2023-09-09T02:39:38.703+0000] {dag.py:3340} INFO - Setting next_dagrun for group_dag.downloads to None, run_after=None
[2023-09-09T02:39:38.704+0000] {logging_mixin.py:120} INFO - [2023-09-09T02:39:38.704+0000] {dag.py:3340} INFO - Setting next_dagrun for group_dag.transforms to None, run_after=None
[2023-09-09T02:39:38.721+0000] {processor.py:176} INFO - Processing /opt/airflow/dags/group_dag.py took 0.250 seconds
[2023-09-09T02:40:09.386+0000] {processor.py:154} INFO - Started process (PID=463) to work on /opt/airflow/dags/group_dag.py
[2023-09-09T02:40:09.387+0000] {processor.py:756} INFO - Processing file /opt/airflow/dags/group_dag.py for tasks to queue
[2023-09-09T02:40:09.387+0000] {logging_mixin.py:120} INFO - [2023-09-09T02:40:09.387+0000] {dagbag.py:537} INFO - Filling up the DagBag from /opt/airflow/dags/group_dag.py
[2023-09-09T02:40:09.434+0000] {processor.py:766} INFO - DAG(s) dict_keys(['group_dag.downloads', 'group_dag.transforms', 'group_dag']) retrieved from /opt/airflow/dags/group_dag.py
[2023-09-09T02:40:09.573+0000] {logging_mixin.py:120} INFO - [2023-09-09T02:40:09.573+0000] {dag.py:2585} INFO - Sync 3 DAGs
[2023-09-09T02:40:09.594+0000] {logging_mixin.py:120} INFO - [2023-09-09T02:40:09.594+0000] {dag.py:3340} INFO - Setting next_dagrun for group_dag to 2023-09-09T00:00:00+00:00, run_after=2023-09-10T00:00:00+00:00
[2023-09-09T02:40:09.597+0000] {logging_mixin.py:120} INFO - [2023-09-09T02:40:09.597+0000] {dag.py:3340} INFO - Setting next_dagrun for group_dag.downloads to None, run_after=None
[2023-09-09T02:40:09.599+0000] {logging_mixin.py:120} INFO - [2023-09-09T02:40:09.598+0000] {dag.py:3340} INFO - Setting next_dagrun for group_dag.transforms to None, run_after=None
[2023-09-09T02:40:09.605+0000] {logging_mixin.py:120} INFO - [2023-09-09T02:40:09.605+0000] {dag.py:2585} INFO - Sync 2 DAGs
[2023-09-09T02:40:09.610+0000] {logging_mixin.py:120} INFO - [2023-09-09T02:40:09.610+0000] {dag.py:3340} INFO - Setting next_dagrun for group_dag.downloads to None, run_after=None
[2023-09-09T02:40:09.611+0000] {logging_mixin.py:120} INFO - [2023-09-09T02:40:09.611+0000] {dag.py:3340} INFO - Setting next_dagrun for group_dag.transforms to None, run_after=None
[2023-09-09T02:40:09.625+0000] {processor.py:176} INFO - Processing /opt/airflow/dags/group_dag.py took 0.241 seconds
[2023-09-09T02:40:39.923+0000] {processor.py:154} INFO - Started process (PID=537) to work on /opt/airflow/dags/group_dag.py
[2023-09-09T02:40:39.924+0000] {processor.py:756} INFO - Processing file /opt/airflow/dags/group_dag.py for tasks to queue
[2023-09-09T02:40:39.925+0000] {logging_mixin.py:120} INFO - [2023-09-09T02:40:39.924+0000] {dagbag.py:537} INFO - Filling up the DagBag from /opt/airflow/dags/group_dag.py
[2023-09-09T02:40:39.967+0000] {processor.py:766} INFO - DAG(s) dict_keys(['group_dag.transforms', 'group_dag.downloads', 'group_dag']) retrieved from /opt/airflow/dags/group_dag.py
[2023-09-09T02:40:40.099+0000] {logging_mixin.py:120} INFO - [2023-09-09T02:40:40.099+0000] {dag.py:2585} INFO - Sync 3 DAGs
[2023-09-09T02:40:40.117+0000] {logging_mixin.py:120} INFO - [2023-09-09T02:40:40.116+0000] {dag.py:3340} INFO - Setting next_dagrun for group_dag to 2023-09-09T00:00:00+00:00, run_after=2023-09-10T00:00:00+00:00
[2023-09-09T02:40:40.120+0000] {logging_mixin.py:120} INFO - [2023-09-09T02:40:40.120+0000] {dag.py:3340} INFO - Setting next_dagrun for group_dag.downloads to None, run_after=None
[2023-09-09T02:40:40.122+0000] {logging_mixin.py:120} INFO - [2023-09-09T02:40:40.122+0000] {dag.py:3340} INFO - Setting next_dagrun for group_dag.transforms to None, run_after=None
[2023-09-09T02:40:40.128+0000] {logging_mixin.py:120} INFO - [2023-09-09T02:40:40.128+0000] {dag.py:2585} INFO - Sync 2 DAGs
[2023-09-09T02:40:40.132+0000] {logging_mixin.py:120} INFO - [2023-09-09T02:40:40.132+0000] {dag.py:3340} INFO - Setting next_dagrun for group_dag.downloads to None, run_after=None
[2023-09-09T02:40:40.133+0000] {logging_mixin.py:120} INFO - [2023-09-09T02:40:40.133+0000] {dag.py:3340} INFO - Setting next_dagrun for group_dag.transforms to None, run_after=None
[2023-09-09T02:40:40.147+0000] {processor.py:176} INFO - Processing /opt/airflow/dags/group_dag.py took 0.226 seconds
[2023-09-09T02:41:10.503+0000] {processor.py:154} INFO - Started process (PID=602) to work on /opt/airflow/dags/group_dag.py
[2023-09-09T02:41:10.504+0000] {processor.py:756} INFO - Processing file /opt/airflow/dags/group_dag.py for tasks to queue
[2023-09-09T02:41:10.505+0000] {logging_mixin.py:120} INFO - [2023-09-09T02:41:10.505+0000] {dagbag.py:537} INFO - Filling up the DagBag from /opt/airflow/dags/group_dag.py
[2023-09-09T02:41:10.558+0000] {processor.py:766} INFO - DAG(s) dict_keys(['group_dag.downloads', 'group_dag.transforms', 'group_dag']) retrieved from /opt/airflow/dags/group_dag.py
[2023-09-09T02:41:10.702+0000] {logging_mixin.py:120} INFO - [2023-09-09T02:41:10.702+0000] {dag.py:2585} INFO - Sync 3 DAGs
[2023-09-09T02:41:10.727+0000] {logging_mixin.py:120} INFO - [2023-09-09T02:41:10.727+0000] {dag.py:3340} INFO - Setting next_dagrun for group_dag to 2023-09-09T00:00:00+00:00, run_after=2023-09-10T00:00:00+00:00
[2023-09-09T02:41:10.730+0000] {logging_mixin.py:120} INFO - [2023-09-09T02:41:10.730+0000] {dag.py:3340} INFO - Setting next_dagrun for group_dag.downloads to None, run_after=None
[2023-09-09T02:41:10.732+0000] {logging_mixin.py:120} INFO - [2023-09-09T02:41:10.732+0000] {dag.py:3340} INFO - Setting next_dagrun for group_dag.transforms to None, run_after=None
[2023-09-09T02:41:10.740+0000] {logging_mixin.py:120} INFO - [2023-09-09T02:41:10.739+0000] {dag.py:2585} INFO - Sync 2 DAGs
[2023-09-09T02:41:10.745+0000] {logging_mixin.py:120} INFO - [2023-09-09T02:41:10.745+0000] {dag.py:3340} INFO - Setting next_dagrun for group_dag.downloads to None, run_after=None
[2023-09-09T02:41:10.746+0000] {logging_mixin.py:120} INFO - [2023-09-09T02:41:10.745+0000] {dag.py:3340} INFO - Setting next_dagrun for group_dag.transforms to None, run_after=None
[2023-09-09T02:41:10.763+0000] {processor.py:176} INFO - Processing /opt/airflow/dags/group_dag.py took 0.261 seconds
[2023-09-09T02:41:41.413+0000] {processor.py:154} INFO - Started process (PID=686) to work on /opt/airflow/dags/group_dag.py
[2023-09-09T02:41:41.414+0000] {processor.py:756} INFO - Processing file /opt/airflow/dags/group_dag.py for tasks to queue
[2023-09-09T02:41:41.415+0000] {logging_mixin.py:120} INFO - [2023-09-09T02:41:41.415+0000] {dagbag.py:537} INFO - Filling up the DagBag from /opt/airflow/dags/group_dag.py
[2023-09-09T02:41:41.461+0000] {processor.py:766} INFO - DAG(s) dict_keys(['group_dag.downloads', 'group_dag.transforms', 'group_dag']) retrieved from /opt/airflow/dags/group_dag.py
[2023-09-09T02:41:41.589+0000] {logging_mixin.py:120} INFO - [2023-09-09T02:41:41.589+0000] {dag.py:2585} INFO - Sync 3 DAGs
[2023-09-09T02:41:41.607+0000] {logging_mixin.py:120} INFO - [2023-09-09T02:41:41.607+0000] {dag.py:3340} INFO - Setting next_dagrun for group_dag to 2023-09-09T00:00:00+00:00, run_after=2023-09-10T00:00:00+00:00
[2023-09-09T02:41:41.610+0000] {logging_mixin.py:120} INFO - [2023-09-09T02:41:41.610+0000] {dag.py:3340} INFO - Setting next_dagrun for group_dag.downloads to None, run_after=None
[2023-09-09T02:41:41.612+0000] {logging_mixin.py:120} INFO - [2023-09-09T02:41:41.612+0000] {dag.py:3340} INFO - Setting next_dagrun for group_dag.transforms to None, run_after=None
[2023-09-09T02:41:41.618+0000] {logging_mixin.py:120} INFO - [2023-09-09T02:41:41.618+0000] {dag.py:2585} INFO - Sync 2 DAGs
[2023-09-09T02:41:41.622+0000] {logging_mixin.py:120} INFO - [2023-09-09T02:41:41.622+0000] {dag.py:3340} INFO - Setting next_dagrun for group_dag.downloads to None, run_after=None
[2023-09-09T02:41:41.623+0000] {logging_mixin.py:120} INFO - [2023-09-09T02:41:41.623+0000] {dag.py:3340} INFO - Setting next_dagrun for group_dag.transforms to None, run_after=None
[2023-09-09T02:41:41.637+0000] {processor.py:176} INFO - Processing /opt/airflow/dags/group_dag.py took 0.227 seconds
[2023-09-09T02:42:11.796+0000] {processor.py:154} INFO - Started process (PID=760) to work on /opt/airflow/dags/group_dag.py
[2023-09-09T02:42:11.797+0000] {processor.py:756} INFO - Processing file /opt/airflow/dags/group_dag.py for tasks to queue
[2023-09-09T02:42:11.798+0000] {logging_mixin.py:120} INFO - [2023-09-09T02:42:11.798+0000] {dagbag.py:537} INFO - Filling up the DagBag from /opt/airflow/dags/group_dag.py
[2023-09-09T02:42:11.853+0000] {processor.py:766} INFO - DAG(s) dict_keys(['group_dag.downloads', 'group_dag.transforms', 'group_dag']) retrieved from /opt/airflow/dags/group_dag.py
[2023-09-09T02:42:12.008+0000] {logging_mixin.py:120} INFO - [2023-09-09T02:42:12.008+0000] {dag.py:2585} INFO - Sync 3 DAGs
[2023-09-09T02:42:12.032+0000] {logging_mixin.py:120} INFO - [2023-09-09T02:42:12.032+0000] {dag.py:3340} INFO - Setting next_dagrun for group_dag to 2023-09-09T00:00:00+00:00, run_after=2023-09-10T00:00:00+00:00
[2023-09-09T02:42:12.035+0000] {logging_mixin.py:120} INFO - [2023-09-09T02:42:12.035+0000] {dag.py:3340} INFO - Setting next_dagrun for group_dag.downloads to None, run_after=None
[2023-09-09T02:42:12.037+0000] {logging_mixin.py:120} INFO - [2023-09-09T02:42:12.037+0000] {dag.py:3340} INFO - Setting next_dagrun for group_dag.transforms to None, run_after=None
[2023-09-09T02:42:12.045+0000] {logging_mixin.py:120} INFO - [2023-09-09T02:42:12.044+0000] {dag.py:2585} INFO - Sync 2 DAGs
[2023-09-09T02:42:12.049+0000] {logging_mixin.py:120} INFO - [2023-09-09T02:42:12.049+0000] {dag.py:3340} INFO - Setting next_dagrun for group_dag.downloads to None, run_after=None
[2023-09-09T02:42:12.050+0000] {logging_mixin.py:120} INFO - [2023-09-09T02:42:12.050+0000] {dag.py:3340} INFO - Setting next_dagrun for group_dag.transforms to None, run_after=None
[2023-09-09T02:42:12.064+0000] {processor.py:176} INFO - Processing /opt/airflow/dags/group_dag.py took 0.270 seconds
[2023-09-09T02:42:42.332+0000] {processor.py:154} INFO - Started process (PID=842) to work on /opt/airflow/dags/group_dag.py
[2023-09-09T02:42:42.333+0000] {processor.py:756} INFO - Processing file /opt/airflow/dags/group_dag.py for tasks to queue
[2023-09-09T02:42:42.333+0000] {logging_mixin.py:120} INFO - [2023-09-09T02:42:42.333+0000] {dagbag.py:537} INFO - Filling up the DagBag from /opt/airflow/dags/group_dag.py
[2023-09-09T02:42:42.389+0000] {processor.py:766} INFO - DAG(s) dict_keys(['group_dag.transforms', 'group_dag.downloads', 'group_dag']) retrieved from /opt/airflow/dags/group_dag.py
[2023-09-09T02:42:42.529+0000] {logging_mixin.py:120} INFO - [2023-09-09T02:42:42.529+0000] {dag.py:2585} INFO - Sync 3 DAGs
[2023-09-09T02:42:42.549+0000] {logging_mixin.py:120} INFO - [2023-09-09T02:42:42.549+0000] {dag.py:3340} INFO - Setting next_dagrun for group_dag to 2023-09-09T00:00:00+00:00, run_after=2023-09-10T00:00:00+00:00
[2023-09-09T02:42:42.552+0000] {logging_mixin.py:120} INFO - [2023-09-09T02:42:42.552+0000] {dag.py:3340} INFO - Setting next_dagrun for group_dag.downloads to None, run_after=None
[2023-09-09T02:42:42.554+0000] {logging_mixin.py:120} INFO - [2023-09-09T02:42:42.554+0000] {dag.py:3340} INFO - Setting next_dagrun for group_dag.transforms to None, run_after=None
[2023-09-09T02:42:42.561+0000] {logging_mixin.py:120} INFO - [2023-09-09T02:42:42.560+0000] {dag.py:2585} INFO - Sync 2 DAGs
[2023-09-09T02:42:42.565+0000] {logging_mixin.py:120} INFO - [2023-09-09T02:42:42.565+0000] {dag.py:3340} INFO - Setting next_dagrun for group_dag.downloads to None, run_after=None
[2023-09-09T02:42:42.566+0000] {logging_mixin.py:120} INFO - [2023-09-09T02:42:42.566+0000] {dag.py:3340} INFO - Setting next_dagrun for group_dag.transforms to None, run_after=None
[2023-09-09T02:42:42.579+0000] {processor.py:176} INFO - Processing /opt/airflow/dags/group_dag.py took 0.250 seconds
[2023-09-09T02:43:12.881+0000] {processor.py:154} INFO - Started process (PID=914) to work on /opt/airflow/dags/group_dag.py
[2023-09-09T02:43:12.882+0000] {processor.py:756} INFO - Processing file /opt/airflow/dags/group_dag.py for tasks to queue
[2023-09-09T02:43:12.883+0000] {logging_mixin.py:120} INFO - [2023-09-09T02:43:12.883+0000] {dagbag.py:537} INFO - Filling up the DagBag from /opt/airflow/dags/group_dag.py
[2023-09-09T02:43:12.940+0000] {processor.py:766} INFO - DAG(s) dict_keys(['group_dag.downloads', 'group_dag.transforms', 'group_dag']) retrieved from /opt/airflow/dags/group_dag.py
[2023-09-09T02:43:13.108+0000] {logging_mixin.py:120} INFO - [2023-09-09T02:43:13.108+0000] {dag.py:2585} INFO - Sync 3 DAGs
[2023-09-09T02:43:13.131+0000] {logging_mixin.py:120} INFO - [2023-09-09T02:43:13.130+0000] {dag.py:3340} INFO - Setting next_dagrun for group_dag to 2023-09-09T00:00:00+00:00, run_after=2023-09-10T00:00:00+00:00
[2023-09-09T02:43:13.135+0000] {logging_mixin.py:120} INFO - [2023-09-09T02:43:13.134+0000] {dag.py:3340} INFO - Setting next_dagrun for group_dag.downloads to None, run_after=None
[2023-09-09T02:43:13.137+0000] {logging_mixin.py:120} INFO - [2023-09-09T02:43:13.136+0000] {dag.py:3340} INFO - Setting next_dagrun for group_dag.transforms to None, run_after=None
[2023-09-09T02:43:13.144+0000] {logging_mixin.py:120} INFO - [2023-09-09T02:43:13.144+0000] {dag.py:2585} INFO - Sync 2 DAGs
[2023-09-09T02:43:13.150+0000] {logging_mixin.py:120} INFO - [2023-09-09T02:43:13.149+0000] {dag.py:3340} INFO - Setting next_dagrun for group_dag.downloads to None, run_after=None
[2023-09-09T02:43:13.150+0000] {logging_mixin.py:120} INFO - [2023-09-09T02:43:13.150+0000] {dag.py:3340} INFO - Setting next_dagrun for group_dag.transforms to None, run_after=None
[2023-09-09T02:43:13.168+0000] {processor.py:176} INFO - Processing /opt/airflow/dags/group_dag.py took 0.290 seconds
[2023-09-09T02:43:43.660+0000] {processor.py:154} INFO - Started process (PID=982) to work on /opt/airflow/dags/group_dag.py
[2023-09-09T02:43:43.661+0000] {processor.py:756} INFO - Processing file /opt/airflow/dags/group_dag.py for tasks to queue
[2023-09-09T02:43:43.662+0000] {logging_mixin.py:120} INFO - [2023-09-09T02:43:43.662+0000] {dagbag.py:537} INFO - Filling up the DagBag from /opt/airflow/dags/group_dag.py
[2023-09-09T02:43:43.723+0000] {processor.py:766} INFO - DAG(s) dict_keys(['group_dag.downloads', 'group_dag.transforms', 'group_dag']) retrieved from /opt/airflow/dags/group_dag.py
[2023-09-09T02:43:43.889+0000] {logging_mixin.py:120} INFO - [2023-09-09T02:43:43.888+0000] {dag.py:2585} INFO - Sync 3 DAGs
[2023-09-09T02:43:43.919+0000] {logging_mixin.py:120} INFO - [2023-09-09T02:43:43.919+0000] {dag.py:3340} INFO - Setting next_dagrun for group_dag to 2023-09-09T00:00:00+00:00, run_after=2023-09-10T00:00:00+00:00
[2023-09-09T02:43:43.924+0000] {logging_mixin.py:120} INFO - [2023-09-09T02:43:43.923+0000] {dag.py:3340} INFO - Setting next_dagrun for group_dag.downloads to None, run_after=None
[2023-09-09T02:43:43.925+0000] {logging_mixin.py:120} INFO - [2023-09-09T02:43:43.925+0000] {dag.py:3340} INFO - Setting next_dagrun for group_dag.transforms to None, run_after=None
[2023-09-09T02:43:43.933+0000] {logging_mixin.py:120} INFO - [2023-09-09T02:43:43.933+0000] {dag.py:2585} INFO - Sync 2 DAGs
[2023-09-09T02:43:43.940+0000] {logging_mixin.py:120} INFO - [2023-09-09T02:43:43.940+0000] {dag.py:3340} INFO - Setting next_dagrun for group_dag.downloads to None, run_after=None
[2023-09-09T02:43:43.941+0000] {logging_mixin.py:120} INFO - [2023-09-09T02:43:43.941+0000] {dag.py:3340} INFO - Setting next_dagrun for group_dag.transforms to None, run_after=None
[2023-09-09T02:43:43.959+0000] {processor.py:176} INFO - Processing /opt/airflow/dags/group_dag.py took 0.302 seconds
[2023-09-09T02:44:14.110+0000] {processor.py:154} INFO - Started process (PID=1057) to work on /opt/airflow/dags/group_dag.py
[2023-09-09T02:44:14.111+0000] {processor.py:756} INFO - Processing file /opt/airflow/dags/group_dag.py for tasks to queue
[2023-09-09T02:44:14.112+0000] {logging_mixin.py:120} INFO - [2023-09-09T02:44:14.112+0000] {dagbag.py:537} INFO - Filling up the DagBag from /opt/airflow/dags/group_dag.py
[2023-09-09T02:44:14.162+0000] {processor.py:766} INFO - DAG(s) dict_keys(['group_dag.transforms', 'group_dag.downloads', 'group_dag']) retrieved from /opt/airflow/dags/group_dag.py
[2023-09-09T02:44:14.306+0000] {logging_mixin.py:120} INFO - [2023-09-09T02:44:14.306+0000] {dag.py:2585} INFO - Sync 3 DAGs
[2023-09-09T02:44:14.327+0000] {logging_mixin.py:120} INFO - [2023-09-09T02:44:14.327+0000] {dag.py:3340} INFO - Setting next_dagrun for group_dag to 2023-09-09T00:00:00+00:00, run_after=2023-09-10T00:00:00+00:00
[2023-09-09T02:44:14.330+0000] {logging_mixin.py:120} INFO - [2023-09-09T02:44:14.330+0000] {dag.py:3340} INFO - Setting next_dagrun for group_dag.downloads to None, run_after=None
[2023-09-09T02:44:14.331+0000] {logging_mixin.py:120} INFO - [2023-09-09T02:44:14.331+0000] {dag.py:3340} INFO - Setting next_dagrun for group_dag.transforms to None, run_after=None
[2023-09-09T02:44:14.337+0000] {logging_mixin.py:120} INFO - [2023-09-09T02:44:14.337+0000] {dag.py:2585} INFO - Sync 2 DAGs
[2023-09-09T02:44:14.341+0000] {logging_mixin.py:120} INFO - [2023-09-09T02:44:14.341+0000] {dag.py:3340} INFO - Setting next_dagrun for group_dag.downloads to None, run_after=None
[2023-09-09T02:44:14.342+0000] {logging_mixin.py:120} INFO - [2023-09-09T02:44:14.342+0000] {dag.py:3340} INFO - Setting next_dagrun for group_dag.transforms to None, run_after=None
[2023-09-09T02:44:14.355+0000] {processor.py:176} INFO - Processing /opt/airflow/dags/group_dag.py took 0.247 seconds
[2023-09-09T02:44:44.445+0000] {processor.py:154} INFO - Started process (PID=1130) to work on /opt/airflow/dags/group_dag.py
[2023-09-09T02:44:44.446+0000] {processor.py:756} INFO - Processing file /opt/airflow/dags/group_dag.py for tasks to queue
[2023-09-09T02:44:44.447+0000] {logging_mixin.py:120} INFO - [2023-09-09T02:44:44.447+0000] {dagbag.py:537} INFO - Filling up the DagBag from /opt/airflow/dags/group_dag.py
[2023-09-09T02:44:44.505+0000] {processor.py:766} INFO - DAG(s) dict_keys(['group_dag.downloads', 'group_dag.transforms', 'group_dag']) retrieved from /opt/airflow/dags/group_dag.py
[2023-09-09T02:44:44.660+0000] {logging_mixin.py:120} INFO - [2023-09-09T02:44:44.660+0000] {dag.py:2585} INFO - Sync 3 DAGs
[2023-09-09T02:44:44.683+0000] {logging_mixin.py:120} INFO - [2023-09-09T02:44:44.683+0000] {dag.py:3340} INFO - Setting next_dagrun for group_dag to 2023-09-09T00:00:00+00:00, run_after=2023-09-10T00:00:00+00:00
[2023-09-09T02:44:44.686+0000] {logging_mixin.py:120} INFO - [2023-09-09T02:44:44.686+0000] {dag.py:3340} INFO - Setting next_dagrun for group_dag.downloads to None, run_after=None
[2023-09-09T02:44:44.687+0000] {logging_mixin.py:120} INFO - [2023-09-09T02:44:44.687+0000] {dag.py:3340} INFO - Setting next_dagrun for group_dag.transforms to None, run_after=None
[2023-09-09T02:44:44.694+0000] {logging_mixin.py:120} INFO - [2023-09-09T02:44:44.694+0000] {dag.py:2585} INFO - Sync 2 DAGs
[2023-09-09T02:44:44.699+0000] {logging_mixin.py:120} INFO - [2023-09-09T02:44:44.699+0000] {dag.py:3340} INFO - Setting next_dagrun for group_dag.downloads to None, run_after=None
[2023-09-09T02:44:44.700+0000] {logging_mixin.py:120} INFO - [2023-09-09T02:44:44.699+0000] {dag.py:3340} INFO - Setting next_dagrun for group_dag.transforms to None, run_after=None
[2023-09-09T02:44:44.714+0000] {processor.py:176} INFO - Processing /opt/airflow/dags/group_dag.py took 0.272 seconds
[2023-09-09T02:45:14.810+0000] {processor.py:154} INFO - Started process (PID=1195) to work on /opt/airflow/dags/group_dag.py
[2023-09-09T02:45:14.811+0000] {processor.py:756} INFO - Processing file /opt/airflow/dags/group_dag.py for tasks to queue
[2023-09-09T02:45:14.812+0000] {logging_mixin.py:120} INFO - [2023-09-09T02:45:14.812+0000] {dagbag.py:537} INFO - Filling up the DagBag from /opt/airflow/dags/group_dag.py
[2023-09-09T02:45:14.870+0000] {processor.py:766} INFO - DAG(s) dict_keys(['group_dag.downloads', 'group_dag.transforms', 'group_dag']) retrieved from /opt/airflow/dags/group_dag.py
[2023-09-09T02:45:15.017+0000] {logging_mixin.py:120} INFO - [2023-09-09T02:45:15.017+0000] {dag.py:2585} INFO - Sync 3 DAGs
[2023-09-09T02:45:15.041+0000] {logging_mixin.py:120} INFO - [2023-09-09T02:45:15.040+0000] {dag.py:3340} INFO - Setting next_dagrun for group_dag to 2023-09-09T00:00:00+00:00, run_after=2023-09-10T00:00:00+00:00
[2023-09-09T02:45:15.044+0000] {logging_mixin.py:120} INFO - [2023-09-09T02:45:15.044+0000] {dag.py:3340} INFO - Setting next_dagrun for group_dag.downloads to None, run_after=None
[2023-09-09T02:45:15.046+0000] {logging_mixin.py:120} INFO - [2023-09-09T02:45:15.045+0000] {dag.py:3340} INFO - Setting next_dagrun for group_dag.transforms to None, run_after=None
[2023-09-09T02:45:15.053+0000] {logging_mixin.py:120} INFO - [2023-09-09T02:45:15.053+0000] {dag.py:2585} INFO - Sync 2 DAGs
[2023-09-09T02:45:15.059+0000] {logging_mixin.py:120} INFO - [2023-09-09T02:45:15.059+0000] {dag.py:3340} INFO - Setting next_dagrun for group_dag.downloads to None, run_after=None
[2023-09-09T02:45:15.060+0000] {logging_mixin.py:120} INFO - [2023-09-09T02:45:15.060+0000] {dag.py:3340} INFO - Setting next_dagrun for group_dag.transforms to None, run_after=None
[2023-09-09T02:45:15.075+0000] {processor.py:176} INFO - Processing /opt/airflow/dags/group_dag.py took 0.268 seconds
