[2023-09-09T02:37:26.007+0000] {processor.py:154} INFO - Started process (PID=51) to work on /opt/airflow/dags/parallel_dag.py
[2023-09-09T02:37:26.008+0000] {processor.py:756} INFO - Processing file /opt/airflow/dags/parallel_dag.py for tasks to queue
[2023-09-09T02:37:26.009+0000] {logging_mixin.py:120} INFO - [2023-09-09T02:37:26.009+0000] {dagbag.py:537} INFO - Filling up the DagBag from /opt/airflow/dags/parallel_dag.py
[2023-09-09T02:37:26.036+0000] {processor.py:766} INFO - DAG(s) dict_keys(['parallel_dag']) retrieved from /opt/airflow/dags/parallel_dag.py
[2023-09-09T02:37:26.083+0000] {logging_mixin.py:120} INFO - [2023-09-09T02:37:26.082+0000] {dag.py:2585} INFO - Sync 1 DAGs
[2023-09-09T02:37:26.108+0000] {logging_mixin.py:120} INFO - [2023-09-09T02:37:26.108+0000] {dag.py:3340} INFO - Setting next_dagrun for parallel_dag to 2023-09-08T00:00:00+00:00, run_after=2023-09-09T00:00:00+00:00
[2023-09-09T02:37:26.133+0000] {processor.py:176} INFO - Processing /opt/airflow/dags/parallel_dag.py took 0.129 seconds
[2023-09-09T02:37:57.054+0000] {processor.py:154} INFO - Started process (PID=125) to work on /opt/airflow/dags/parallel_dag.py
[2023-09-09T02:37:57.055+0000] {processor.py:756} INFO - Processing file /opt/airflow/dags/parallel_dag.py for tasks to queue
[2023-09-09T02:37:57.056+0000] {logging_mixin.py:120} INFO - [2023-09-09T02:37:57.056+0000] {dagbag.py:537} INFO - Filling up the DagBag from /opt/airflow/dags/parallel_dag.py
[2023-09-09T02:37:57.081+0000] {processor.py:766} INFO - DAG(s) dict_keys(['parallel_dag']) retrieved from /opt/airflow/dags/parallel_dag.py
[2023-09-09T02:37:57.115+0000] {logging_mixin.py:120} INFO - [2023-09-09T02:37:57.115+0000] {dag.py:2585} INFO - Sync 1 DAGs
[2023-09-09T02:37:57.140+0000] {logging_mixin.py:120} INFO - [2023-09-09T02:37:57.139+0000] {dag.py:3340} INFO - Setting next_dagrun for parallel_dag to 2023-09-08T00:00:00+00:00, run_after=2023-09-09T00:00:00+00:00
[2023-09-09T02:37:57.158+0000] {processor.py:176} INFO - Processing /opt/airflow/dags/parallel_dag.py took 0.107 seconds
[2023-09-09T02:38:27.234+0000] {processor.py:154} INFO - Started process (PID=200) to work on /opt/airflow/dags/parallel_dag.py
[2023-09-09T02:38:27.235+0000] {processor.py:756} INFO - Processing file /opt/airflow/dags/parallel_dag.py for tasks to queue
[2023-09-09T02:38:27.235+0000] {logging_mixin.py:120} INFO - [2023-09-09T02:38:27.235+0000] {dagbag.py:537} INFO - Filling up the DagBag from /opt/airflow/dags/parallel_dag.py
[2023-09-09T02:38:27.258+0000] {processor.py:766} INFO - DAG(s) dict_keys(['parallel_dag']) retrieved from /opt/airflow/dags/parallel_dag.py
[2023-09-09T02:38:27.290+0000] {logging_mixin.py:120} INFO - [2023-09-09T02:38:27.290+0000] {dag.py:2585} INFO - Sync 1 DAGs
[2023-09-09T02:38:27.312+0000] {logging_mixin.py:120} INFO - [2023-09-09T02:38:27.312+0000] {dag.py:3340} INFO - Setting next_dagrun for parallel_dag to 2023-09-08T00:00:00+00:00, run_after=2023-09-09T00:00:00+00:00
[2023-09-09T02:38:27.330+0000] {processor.py:176} INFO - Processing /opt/airflow/dags/parallel_dag.py took 0.099 seconds
[2023-09-09T02:38:57.690+0000] {processor.py:154} INFO - Started process (PID=265) to work on /opt/airflow/dags/parallel_dag.py
[2023-09-09T02:38:57.692+0000] {processor.py:756} INFO - Processing file /opt/airflow/dags/parallel_dag.py for tasks to queue
[2023-09-09T02:38:57.693+0000] {logging_mixin.py:120} INFO - [2023-09-09T02:38:57.693+0000] {dagbag.py:537} INFO - Filling up the DagBag from /opt/airflow/dags/parallel_dag.py
[2023-09-09T02:38:57.718+0000] {processor.py:766} INFO - DAG(s) dict_keys(['parallel_dag']) retrieved from /opt/airflow/dags/parallel_dag.py
[2023-09-09T02:38:57.756+0000] {logging_mixin.py:120} INFO - [2023-09-09T02:38:57.756+0000] {dag.py:2585} INFO - Sync 1 DAGs
[2023-09-09T02:38:57.780+0000] {logging_mixin.py:120} INFO - [2023-09-09T02:38:57.780+0000] {dag.py:3340} INFO - Setting next_dagrun for parallel_dag to 2023-09-08T00:00:00+00:00, run_after=2023-09-09T00:00:00+00:00
[2023-09-09T02:38:57.804+0000] {processor.py:176} INFO - Processing /opt/airflow/dags/parallel_dag.py took 0.117 seconds
[2023-09-09T02:39:28.509+0000] {processor.py:154} INFO - Started process (PID=339) to work on /opt/airflow/dags/parallel_dag.py
[2023-09-09T02:39:28.510+0000] {processor.py:756} INFO - Processing file /opt/airflow/dags/parallel_dag.py for tasks to queue
[2023-09-09T02:39:28.511+0000] {logging_mixin.py:120} INFO - [2023-09-09T02:39:28.511+0000] {dagbag.py:537} INFO - Filling up the DagBag from /opt/airflow/dags/parallel_dag.py
[2023-09-09T02:39:28.534+0000] {processor.py:766} INFO - DAG(s) dict_keys(['parallel_dag']) retrieved from /opt/airflow/dags/parallel_dag.py
[2023-09-09T02:39:28.596+0000] {logging_mixin.py:120} INFO - [2023-09-09T02:39:28.596+0000] {dag.py:2585} INFO - Sync 1 DAGs
[2023-09-09T02:39:28.621+0000] {logging_mixin.py:120} INFO - [2023-09-09T02:39:28.620+0000] {dag.py:3340} INFO - Setting next_dagrun for parallel_dag to 2023-09-08T00:00:00+00:00, run_after=2023-09-09T00:00:00+00:00
[2023-09-09T02:39:28.644+0000] {processor.py:176} INFO - Processing /opt/airflow/dags/parallel_dag.py took 0.137 seconds
[2023-09-09T02:39:58.831+0000] {processor.py:154} INFO - Started process (PID=413) to work on /opt/airflow/dags/parallel_dag.py
[2023-09-09T02:39:58.832+0000] {processor.py:756} INFO - Processing file /opt/airflow/dags/parallel_dag.py for tasks to queue
[2023-09-09T02:39:58.833+0000] {logging_mixin.py:120} INFO - [2023-09-09T02:39:58.833+0000] {dagbag.py:537} INFO - Filling up the DagBag from /opt/airflow/dags/parallel_dag.py
[2023-09-09T02:39:58.855+0000] {processor.py:766} INFO - DAG(s) dict_keys(['parallel_dag']) retrieved from /opt/airflow/dags/parallel_dag.py
[2023-09-09T02:39:58.884+0000] {logging_mixin.py:120} INFO - [2023-09-09T02:39:58.884+0000] {dag.py:2585} INFO - Sync 1 DAGs
[2023-09-09T02:39:58.903+0000] {logging_mixin.py:120} INFO - [2023-09-09T02:39:58.903+0000] {dag.py:3340} INFO - Setting next_dagrun for parallel_dag to 2023-09-08T00:00:00+00:00, run_after=2023-09-09T00:00:00+00:00
[2023-09-09T02:39:58.923+0000] {processor.py:176} INFO - Processing /opt/airflow/dags/parallel_dag.py took 0.094 seconds
[2023-09-09T02:40:28.993+0000] {processor.py:154} INFO - Started process (PID=487) to work on /opt/airflow/dags/parallel_dag.py
[2023-09-09T02:40:28.994+0000] {processor.py:756} INFO - Processing file /opt/airflow/dags/parallel_dag.py for tasks to queue
[2023-09-09T02:40:28.994+0000] {logging_mixin.py:120} INFO - [2023-09-09T02:40:28.994+0000] {dagbag.py:537} INFO - Filling up the DagBag from /opt/airflow/dags/parallel_dag.py
[2023-09-09T02:40:29.021+0000] {processor.py:766} INFO - DAG(s) dict_keys(['parallel_dag']) retrieved from /opt/airflow/dags/parallel_dag.py
[2023-09-09T02:40:29.054+0000] {logging_mixin.py:120} INFO - [2023-09-09T02:40:29.054+0000] {dag.py:2585} INFO - Sync 1 DAGs
[2023-09-09T02:40:29.075+0000] {logging_mixin.py:120} INFO - [2023-09-09T02:40:29.074+0000] {dag.py:3340} INFO - Setting next_dagrun for parallel_dag to 2023-09-08T00:00:00+00:00, run_after=2023-09-09T00:00:00+00:00
[2023-09-09T02:40:29.096+0000] {processor.py:176} INFO - Processing /opt/airflow/dags/parallel_dag.py took 0.106 seconds
[2023-09-09T02:40:59.276+0000] {processor.py:154} INFO - Started process (PID=552) to work on /opt/airflow/dags/parallel_dag.py
[2023-09-09T02:40:59.276+0000] {processor.py:756} INFO - Processing file /opt/airflow/dags/parallel_dag.py for tasks to queue
[2023-09-09T02:40:59.277+0000] {logging_mixin.py:120} INFO - [2023-09-09T02:40:59.277+0000] {dagbag.py:537} INFO - Filling up the DagBag from /opt/airflow/dags/parallel_dag.py
[2023-09-09T02:40:59.298+0000] {processor.py:766} INFO - DAG(s) dict_keys(['parallel_dag']) retrieved from /opt/airflow/dags/parallel_dag.py
[2023-09-09T02:40:59.328+0000] {logging_mixin.py:120} INFO - [2023-09-09T02:40:59.328+0000] {dag.py:2585} INFO - Sync 1 DAGs
[2023-09-09T02:40:59.347+0000] {logging_mixin.py:120} INFO - [2023-09-09T02:40:59.347+0000] {dag.py:3340} INFO - Setting next_dagrun for parallel_dag to 2023-09-08T00:00:00+00:00, run_after=2023-09-09T00:00:00+00:00
[2023-09-09T02:40:59.367+0000] {processor.py:176} INFO - Processing /opt/airflow/dags/parallel_dag.py took 0.094 seconds
[2023-09-09T02:41:30.174+0000] {processor.py:154} INFO - Started process (PID=635) to work on /opt/airflow/dags/parallel_dag.py
[2023-09-09T02:41:30.175+0000] {processor.py:756} INFO - Processing file /opt/airflow/dags/parallel_dag.py for tasks to queue
[2023-09-09T02:41:30.176+0000] {logging_mixin.py:120} INFO - [2023-09-09T02:41:30.176+0000] {dagbag.py:537} INFO - Filling up the DagBag from /opt/airflow/dags/parallel_dag.py
[2023-09-09T02:41:30.198+0000] {processor.py:766} INFO - DAG(s) dict_keys(['parallel_dag']) retrieved from /opt/airflow/dags/parallel_dag.py
[2023-09-09T02:41:30.228+0000] {logging_mixin.py:120} INFO - [2023-09-09T02:41:30.228+0000] {dag.py:2585} INFO - Sync 1 DAGs
[2023-09-09T02:41:30.250+0000] {logging_mixin.py:120} INFO - [2023-09-09T02:41:30.250+0000] {dag.py:3340} INFO - Setting next_dagrun for parallel_dag to 2023-09-08T00:00:00+00:00, run_after=2023-09-09T00:00:00+00:00
[2023-09-09T02:41:30.268+0000] {processor.py:176} INFO - Processing /opt/airflow/dags/parallel_dag.py took 0.096 seconds
[2023-09-09T02:42:00.752+0000] {processor.py:154} INFO - Started process (PID=709) to work on /opt/airflow/dags/parallel_dag.py
[2023-09-09T02:42:00.753+0000] {processor.py:756} INFO - Processing file /opt/airflow/dags/parallel_dag.py for tasks to queue
[2023-09-09T02:42:00.754+0000] {logging_mixin.py:120} INFO - [2023-09-09T02:42:00.754+0000] {dagbag.py:537} INFO - Filling up the DagBag from /opt/airflow/dags/parallel_dag.py
[2023-09-09T02:42:00.778+0000] {processor.py:766} INFO - DAG(s) dict_keys(['parallel_dag']) retrieved from /opt/airflow/dags/parallel_dag.py
[2023-09-09T02:42:00.811+0000] {logging_mixin.py:120} INFO - [2023-09-09T02:42:00.810+0000] {dag.py:2585} INFO - Sync 1 DAGs
[2023-09-09T02:42:00.834+0000] {logging_mixin.py:120} INFO - [2023-09-09T02:42:00.834+0000] {dag.py:3340} INFO - Setting next_dagrun for parallel_dag to 2023-09-08T00:00:00+00:00, run_after=2023-09-09T00:00:00+00:00
[2023-09-09T02:42:00.857+0000] {processor.py:176} INFO - Processing /opt/airflow/dags/parallel_dag.py took 0.108 seconds
[2023-09-09T02:42:31.349+0000] {processor.py:154} INFO - Started process (PID=787) to work on /opt/airflow/dags/parallel_dag.py
[2023-09-09T02:42:31.350+0000] {processor.py:756} INFO - Processing file /opt/airflow/dags/parallel_dag.py for tasks to queue
[2023-09-09T02:42:31.350+0000] {logging_mixin.py:120} INFO - [2023-09-09T02:42:31.350+0000] {dagbag.py:537} INFO - Filling up the DagBag from /opt/airflow/dags/parallel_dag.py
[2023-09-09T02:42:31.371+0000] {processor.py:766} INFO - DAG(s) dict_keys(['parallel_dag']) retrieved from /opt/airflow/dags/parallel_dag.py
[2023-09-09T02:42:31.402+0000] {logging_mixin.py:120} INFO - [2023-09-09T02:42:31.402+0000] {dag.py:2585} INFO - Sync 1 DAGs
[2023-09-09T02:42:31.421+0000] {logging_mixin.py:120} INFO - [2023-09-09T02:42:31.421+0000] {dag.py:3340} INFO - Setting next_dagrun for parallel_dag to 2023-09-08T00:00:00+00:00, run_after=2023-09-09T00:00:00+00:00
[2023-09-09T02:42:31.440+0000] {processor.py:176} INFO - Processing /opt/airflow/dags/parallel_dag.py took 0.093 seconds
[2023-09-09T02:43:01.675+0000] {processor.py:154} INFO - Started process (PID=863) to work on /opt/airflow/dags/parallel_dag.py
[2023-09-09T02:43:01.676+0000] {processor.py:756} INFO - Processing file /opt/airflow/dags/parallel_dag.py for tasks to queue
[2023-09-09T02:43:01.677+0000] {logging_mixin.py:120} INFO - [2023-09-09T02:43:01.677+0000] {dagbag.py:537} INFO - Filling up the DagBag from /opt/airflow/dags/parallel_dag.py
[2023-09-09T02:43:01.700+0000] {processor.py:766} INFO - DAG(s) dict_keys(['parallel_dag']) retrieved from /opt/airflow/dags/parallel_dag.py
[2023-09-09T02:43:01.731+0000] {logging_mixin.py:120} INFO - [2023-09-09T02:43:01.730+0000] {dag.py:2585} INFO - Sync 1 DAGs
[2023-09-09T02:43:01.751+0000] {logging_mixin.py:120} INFO - [2023-09-09T02:43:01.751+0000] {dag.py:3340} INFO - Setting next_dagrun for parallel_dag to 2023-09-08T00:00:00+00:00, run_after=2023-09-09T00:00:00+00:00
[2023-09-09T02:43:01.772+0000] {processor.py:176} INFO - Processing /opt/airflow/dags/parallel_dag.py took 0.099 seconds
[2023-09-09T02:43:32.264+0000] {processor.py:154} INFO - Started process (PID=930) to work on /opt/airflow/dags/parallel_dag.py
[2023-09-09T02:43:32.265+0000] {processor.py:756} INFO - Processing file /opt/airflow/dags/parallel_dag.py for tasks to queue
[2023-09-09T02:43:32.266+0000] {logging_mixin.py:120} INFO - [2023-09-09T02:43:32.266+0000] {dagbag.py:537} INFO - Filling up the DagBag from /opt/airflow/dags/parallel_dag.py
[2023-09-09T02:43:32.289+0000] {processor.py:766} INFO - DAG(s) dict_keys(['parallel_dag']) retrieved from /opt/airflow/dags/parallel_dag.py
[2023-09-09T02:43:32.323+0000] {logging_mixin.py:120} INFO - [2023-09-09T02:43:32.323+0000] {dag.py:2585} INFO - Sync 1 DAGs
[2023-09-09T02:43:32.346+0000] {logging_mixin.py:120} INFO - [2023-09-09T02:43:32.345+0000] {dag.py:3340} INFO - Setting next_dagrun for parallel_dag to 2023-09-08T00:00:00+00:00, run_after=2023-09-09T00:00:00+00:00
[2023-09-09T02:43:32.368+0000] {processor.py:176} INFO - Processing /opt/airflow/dags/parallel_dag.py took 0.106 seconds
[2023-09-09T02:44:02.454+0000] {processor.py:154} INFO - Started process (PID=1005) to work on /opt/airflow/dags/parallel_dag.py
[2023-09-09T02:44:02.455+0000] {processor.py:756} INFO - Processing file /opt/airflow/dags/parallel_dag.py for tasks to queue
[2023-09-09T02:44:02.456+0000] {logging_mixin.py:120} INFO - [2023-09-09T02:44:02.456+0000] {dagbag.py:537} INFO - Filling up the DagBag from /opt/airflow/dags/parallel_dag.py
[2023-09-09T02:44:02.483+0000] {processor.py:766} INFO - DAG(s) dict_keys(['parallel_dag']) retrieved from /opt/airflow/dags/parallel_dag.py
[2023-09-09T02:44:02.524+0000] {logging_mixin.py:120} INFO - [2023-09-09T02:44:02.524+0000] {dag.py:2585} INFO - Sync 1 DAGs
[2023-09-09T02:44:02.545+0000] {logging_mixin.py:120} INFO - [2023-09-09T02:44:02.545+0000] {dag.py:3340} INFO - Setting next_dagrun for parallel_dag to 2023-09-08T00:00:00+00:00, run_after=2023-09-09T00:00:00+00:00
[2023-09-09T02:44:02.565+0000] {processor.py:176} INFO - Processing /opt/airflow/dags/parallel_dag.py took 0.115 seconds
[2023-09-09T02:44:32.633+0000] {processor.py:154} INFO - Started process (PID=1080) to work on /opt/airflow/dags/parallel_dag.py
[2023-09-09T02:44:32.634+0000] {processor.py:756} INFO - Processing file /opt/airflow/dags/parallel_dag.py for tasks to queue
[2023-09-09T02:44:32.635+0000] {logging_mixin.py:120} INFO - [2023-09-09T02:44:32.634+0000] {dagbag.py:537} INFO - Filling up the DagBag from /opt/airflow/dags/parallel_dag.py
[2023-09-09T02:44:32.658+0000] {processor.py:766} INFO - DAG(s) dict_keys(['parallel_dag']) retrieved from /opt/airflow/dags/parallel_dag.py
[2023-09-09T02:44:32.692+0000] {logging_mixin.py:120} INFO - [2023-09-09T02:44:32.692+0000] {dag.py:2585} INFO - Sync 1 DAGs
[2023-09-09T02:44:32.713+0000] {logging_mixin.py:120} INFO - [2023-09-09T02:44:32.713+0000] {dag.py:3340} INFO - Setting next_dagrun for parallel_dag to 2023-09-08T00:00:00+00:00, run_after=2023-09-09T00:00:00+00:00
[2023-09-09T02:44:32.733+0000] {processor.py:176} INFO - Processing /opt/airflow/dags/parallel_dag.py took 0.103 seconds
[2023-09-09T02:45:02.784+0000] {processor.py:154} INFO - Started process (PID=1144) to work on /opt/airflow/dags/parallel_dag.py
[2023-09-09T02:45:02.785+0000] {processor.py:756} INFO - Processing file /opt/airflow/dags/parallel_dag.py for tasks to queue
[2023-09-09T02:45:02.786+0000] {logging_mixin.py:120} INFO - [2023-09-09T02:45:02.786+0000] {dagbag.py:537} INFO - Filling up the DagBag from /opt/airflow/dags/parallel_dag.py
[2023-09-09T02:45:02.808+0000] {processor.py:766} INFO - DAG(s) dict_keys(['parallel_dag']) retrieved from /opt/airflow/dags/parallel_dag.py
[2023-09-09T02:45:02.875+0000] {logging_mixin.py:120} INFO - [2023-09-09T02:45:02.875+0000] {dag.py:2585} INFO - Sync 1 DAGs
[2023-09-09T02:45:02.894+0000] {logging_mixin.py:120} INFO - [2023-09-09T02:45:02.894+0000] {dag.py:3340} INFO - Setting next_dagrun for parallel_dag to 2023-09-08T00:00:00+00:00, run_after=2023-09-09T00:00:00+00:00
[2023-09-09T02:45:02.915+0000] {processor.py:176} INFO - Processing /opt/airflow/dags/parallel_dag.py took 0.134 seconds
