[2023-09-09T02:37:26.158+0000] {processor.py:154} INFO - Started process (PID=53) to work on /opt/airflow/dags/producer.py
[2023-09-09T02:37:26.159+0000] {processor.py:756} INFO - Processing file /opt/airflow/dags/producer.py for tasks to queue
[2023-09-09T02:37:26.160+0000] {logging_mixin.py:120} INFO - [2023-09-09T02:37:26.160+0000] {dagbag.py:537} INFO - Filling up the DagBag from /opt/airflow/dags/producer.py
[2023-09-09T02:37:26.199+0000] {processor.py:766} INFO - DAG(s) dict_keys(['producer']) retrieved from /opt/airflow/dags/producer.py
[2023-09-09T02:37:26.232+0000] {logging_mixin.py:120} INFO - [2023-09-09T02:37:26.232+0000] {dag.py:2585} INFO - Sync 1 DAGs
[2023-09-09T02:37:26.260+0000] {logging_mixin.py:120} INFO - [2023-09-09T02:37:26.260+0000] {dag.py:3340} INFO - Setting next_dagrun for producer to 2023-09-08T00:00:00+00:00, run_after=2023-09-09T00:00:00+00:00
[2023-09-09T02:37:26.311+0000] {processor.py:176} INFO - Processing /opt/airflow/dags/producer.py took 0.157 seconds
[2023-09-09T02:37:57.183+0000] {processor.py:154} INFO - Started process (PID=127) to work on /opt/airflow/dags/producer.py
[2023-09-09T02:37:57.184+0000] {processor.py:756} INFO - Processing file /opt/airflow/dags/producer.py for tasks to queue
[2023-09-09T02:37:57.185+0000] {logging_mixin.py:120} INFO - [2023-09-09T02:37:57.185+0000] {dagbag.py:537} INFO - Filling up the DagBag from /opt/airflow/dags/producer.py
[2023-09-09T02:37:57.215+0000] {processor.py:766} INFO - DAG(s) dict_keys(['producer']) retrieved from /opt/airflow/dags/producer.py
[2023-09-09T02:37:57.249+0000] {logging_mixin.py:120} INFO - [2023-09-09T02:37:57.249+0000] {dag.py:2585} INFO - Sync 1 DAGs
[2023-09-09T02:37:57.270+0000] {logging_mixin.py:120} INFO - [2023-09-09T02:37:57.270+0000] {dag.py:3340} INFO - Setting next_dagrun for producer to 2023-09-08T00:00:00+00:00, run_after=2023-09-09T00:00:00+00:00
[2023-09-09T02:37:57.293+0000] {processor.py:176} INFO - Processing /opt/airflow/dags/producer.py took 0.113 seconds
[2023-09-09T02:38:27.355+0000] {processor.py:154} INFO - Started process (PID=202) to work on /opt/airflow/dags/producer.py
[2023-09-09T02:38:27.356+0000] {processor.py:756} INFO - Processing file /opt/airflow/dags/producer.py for tasks to queue
[2023-09-09T02:38:27.357+0000] {logging_mixin.py:120} INFO - [2023-09-09T02:38:27.357+0000] {dagbag.py:537} INFO - Filling up the DagBag from /opt/airflow/dags/producer.py
[2023-09-09T02:38:27.383+0000] {processor.py:766} INFO - DAG(s) dict_keys(['producer']) retrieved from /opt/airflow/dags/producer.py
[2023-09-09T02:38:27.415+0000] {logging_mixin.py:120} INFO - [2023-09-09T02:38:27.415+0000] {dag.py:2585} INFO - Sync 1 DAGs
[2023-09-09T02:38:27.437+0000] {logging_mixin.py:120} INFO - [2023-09-09T02:38:27.437+0000] {dag.py:3340} INFO - Setting next_dagrun for producer to 2023-09-08T00:00:00+00:00, run_after=2023-09-09T00:00:00+00:00
[2023-09-09T02:38:27.461+0000] {processor.py:176} INFO - Processing /opt/airflow/dags/producer.py took 0.108 seconds
[2023-09-09T02:38:57.828+0000] {processor.py:154} INFO - Started process (PID=267) to work on /opt/airflow/dags/producer.py
[2023-09-09T02:38:57.829+0000] {processor.py:756} INFO - Processing file /opt/airflow/dags/producer.py for tasks to queue
[2023-09-09T02:38:57.830+0000] {logging_mixin.py:120} INFO - [2023-09-09T02:38:57.830+0000] {dagbag.py:537} INFO - Filling up the DagBag from /opt/airflow/dags/producer.py
[2023-09-09T02:38:57.856+0000] {processor.py:766} INFO - DAG(s) dict_keys(['producer']) retrieved from /opt/airflow/dags/producer.py
[2023-09-09T02:38:57.888+0000] {logging_mixin.py:120} INFO - [2023-09-09T02:38:57.888+0000] {dag.py:2585} INFO - Sync 1 DAGs
[2023-09-09T02:38:57.909+0000] {logging_mixin.py:120} INFO - [2023-09-09T02:38:57.909+0000] {dag.py:3340} INFO - Setting next_dagrun for producer to 2023-09-08T00:00:00+00:00, run_after=2023-09-09T00:00:00+00:00
[2023-09-09T02:38:57.934+0000] {processor.py:176} INFO - Processing /opt/airflow/dags/producer.py took 0.109 seconds
[2023-09-09T02:39:28.667+0000] {processor.py:154} INFO - Started process (PID=341) to work on /opt/airflow/dags/producer.py
[2023-09-09T02:39:28.668+0000] {processor.py:756} INFO - Processing file /opt/airflow/dags/producer.py for tasks to queue
[2023-09-09T02:39:28.669+0000] {logging_mixin.py:120} INFO - [2023-09-09T02:39:28.668+0000] {dagbag.py:537} INFO - Filling up the DagBag from /opt/airflow/dags/producer.py
[2023-09-09T02:39:28.693+0000] {processor.py:766} INFO - DAG(s) dict_keys(['producer']) retrieved from /opt/airflow/dags/producer.py
[2023-09-09T02:39:28.725+0000] {logging_mixin.py:120} INFO - [2023-09-09T02:39:28.725+0000] {dag.py:2585} INFO - Sync 1 DAGs
[2023-09-09T02:39:28.748+0000] {logging_mixin.py:120} INFO - [2023-09-09T02:39:28.748+0000] {dag.py:3340} INFO - Setting next_dagrun for producer to 2023-09-08T00:00:00+00:00, run_after=2023-09-09T00:00:00+00:00
[2023-09-09T02:39:28.770+0000] {processor.py:176} INFO - Processing /opt/airflow/dags/producer.py took 0.107 seconds
[2023-09-09T02:39:58.943+0000] {processor.py:154} INFO - Started process (PID=415) to work on /opt/airflow/dags/producer.py
[2023-09-09T02:39:58.944+0000] {processor.py:756} INFO - Processing file /opt/airflow/dags/producer.py for tasks to queue
[2023-09-09T02:39:58.945+0000] {logging_mixin.py:120} INFO - [2023-09-09T02:39:58.945+0000] {dagbag.py:537} INFO - Filling up the DagBag from /opt/airflow/dags/producer.py
[2023-09-09T02:39:58.966+0000] {processor.py:766} INFO - DAG(s) dict_keys(['producer']) retrieved from /opt/airflow/dags/producer.py
[2023-09-09T02:39:58.994+0000] {logging_mixin.py:120} INFO - [2023-09-09T02:39:58.994+0000] {dag.py:2585} INFO - Sync 1 DAGs
[2023-09-09T02:39:59.011+0000] {logging_mixin.py:120} INFO - [2023-09-09T02:39:59.011+0000] {dag.py:3340} INFO - Setting next_dagrun for producer to 2023-09-08T00:00:00+00:00, run_after=2023-09-09T00:00:00+00:00
[2023-09-09T02:39:59.032+0000] {processor.py:176} INFO - Processing /opt/airflow/dags/producer.py took 0.091 seconds
[2023-09-09T02:40:29.127+0000] {processor.py:154} INFO - Started process (PID=489) to work on /opt/airflow/dags/producer.py
[2023-09-09T02:40:29.128+0000] {processor.py:756} INFO - Processing file /opt/airflow/dags/producer.py for tasks to queue
[2023-09-09T02:40:29.129+0000] {logging_mixin.py:120} INFO - [2023-09-09T02:40:29.129+0000] {dagbag.py:537} INFO - Filling up the DagBag from /opt/airflow/dags/producer.py
[2023-09-09T02:40:29.156+0000] {processor.py:766} INFO - DAG(s) dict_keys(['producer']) retrieved from /opt/airflow/dags/producer.py
[2023-09-09T02:40:29.190+0000] {logging_mixin.py:120} INFO - [2023-09-09T02:40:29.189+0000] {dag.py:2585} INFO - Sync 1 DAGs
[2023-09-09T02:40:29.220+0000] {logging_mixin.py:120} INFO - [2023-09-09T02:40:29.220+0000] {dag.py:3340} INFO - Setting next_dagrun for producer to 2023-09-08T00:00:00+00:00, run_after=2023-09-09T00:00:00+00:00
[2023-09-09T02:40:29.248+0000] {processor.py:176} INFO - Processing /opt/airflow/dags/producer.py took 0.124 seconds
[2023-09-09T02:40:59.388+0000] {processor.py:154} INFO - Started process (PID=554) to work on /opt/airflow/dags/producer.py
[2023-09-09T02:40:59.389+0000] {processor.py:756} INFO - Processing file /opt/airflow/dags/producer.py for tasks to queue
[2023-09-09T02:40:59.390+0000] {logging_mixin.py:120} INFO - [2023-09-09T02:40:59.390+0000] {dagbag.py:537} INFO - Filling up the DagBag from /opt/airflow/dags/producer.py
[2023-09-09T02:40:59.414+0000] {processor.py:766} INFO - DAG(s) dict_keys(['producer']) retrieved from /opt/airflow/dags/producer.py
[2023-09-09T02:40:59.444+0000] {logging_mixin.py:120} INFO - [2023-09-09T02:40:59.444+0000] {dag.py:2585} INFO - Sync 1 DAGs
[2023-09-09T02:40:59.463+0000] {logging_mixin.py:120} INFO - [2023-09-09T02:40:59.463+0000] {dag.py:3340} INFO - Setting next_dagrun for producer to 2023-09-08T00:00:00+00:00, run_after=2023-09-09T00:00:00+00:00
[2023-09-09T02:40:59.487+0000] {processor.py:176} INFO - Processing /opt/airflow/dags/producer.py took 0.101 seconds
[2023-09-09T02:41:30.286+0000] {processor.py:154} INFO - Started process (PID=637) to work on /opt/airflow/dags/producer.py
[2023-09-09T02:41:30.287+0000] {processor.py:756} INFO - Processing file /opt/airflow/dags/producer.py for tasks to queue
[2023-09-09T02:41:30.287+0000] {logging_mixin.py:120} INFO - [2023-09-09T02:41:30.287+0000] {dagbag.py:537} INFO - Filling up the DagBag from /opt/airflow/dags/producer.py
[2023-09-09T02:41:30.315+0000] {processor.py:766} INFO - DAG(s) dict_keys(['producer']) retrieved from /opt/airflow/dags/producer.py
[2023-09-09T02:41:30.348+0000] {logging_mixin.py:120} INFO - [2023-09-09T02:41:30.347+0000] {dag.py:2585} INFO - Sync 1 DAGs
[2023-09-09T02:41:30.373+0000] {logging_mixin.py:120} INFO - [2023-09-09T02:41:30.373+0000] {dag.py:3340} INFO - Setting next_dagrun for producer to 2023-09-08T00:00:00+00:00, run_after=2023-09-09T00:00:00+00:00
[2023-09-09T02:41:30.394+0000] {processor.py:176} INFO - Processing /opt/airflow/dags/producer.py took 0.111 seconds
[2023-09-09T02:42:00.879+0000] {processor.py:154} INFO - Started process (PID=711) to work on /opt/airflow/dags/producer.py
[2023-09-09T02:42:00.880+0000] {processor.py:756} INFO - Processing file /opt/airflow/dags/producer.py for tasks to queue
[2023-09-09T02:42:00.881+0000] {logging_mixin.py:120} INFO - [2023-09-09T02:42:00.881+0000] {dagbag.py:537} INFO - Filling up the DagBag from /opt/airflow/dags/producer.py
[2023-09-09T02:42:00.907+0000] {processor.py:766} INFO - DAG(s) dict_keys(['producer']) retrieved from /opt/airflow/dags/producer.py
[2023-09-09T02:42:00.939+0000] {logging_mixin.py:120} INFO - [2023-09-09T02:42:00.939+0000] {dag.py:2585} INFO - Sync 1 DAGs
[2023-09-09T02:42:00.961+0000] {logging_mixin.py:120} INFO - [2023-09-09T02:42:00.961+0000] {dag.py:3340} INFO - Setting next_dagrun for producer to 2023-09-08T00:00:00+00:00, run_after=2023-09-09T00:00:00+00:00
[2023-09-09T02:42:00.993+0000] {processor.py:176} INFO - Processing /opt/airflow/dags/producer.py took 0.117 seconds
[2023-09-09T02:42:31.461+0000] {processor.py:154} INFO - Started process (PID=789) to work on /opt/airflow/dags/producer.py
[2023-09-09T02:42:31.462+0000] {processor.py:756} INFO - Processing file /opt/airflow/dags/producer.py for tasks to queue
[2023-09-09T02:42:31.462+0000] {logging_mixin.py:120} INFO - [2023-09-09T02:42:31.462+0000] {dagbag.py:537} INFO - Filling up the DagBag from /opt/airflow/dags/producer.py
[2023-09-09T02:42:31.487+0000] {processor.py:766} INFO - DAG(s) dict_keys(['producer']) retrieved from /opt/airflow/dags/producer.py
[2023-09-09T02:42:31.517+0000] {logging_mixin.py:120} INFO - [2023-09-09T02:42:31.517+0000] {dag.py:2585} INFO - Sync 1 DAGs
[2023-09-09T02:42:31.537+0000] {logging_mixin.py:120} INFO - [2023-09-09T02:42:31.537+0000] {dag.py:3340} INFO - Setting next_dagrun for producer to 2023-09-08T00:00:00+00:00, run_after=2023-09-09T00:00:00+00:00
[2023-09-09T02:42:31.558+0000] {processor.py:176} INFO - Processing /opt/airflow/dags/producer.py took 0.099 seconds
[2023-09-09T02:43:01.792+0000] {processor.py:154} INFO - Started process (PID=865) to work on /opt/airflow/dags/producer.py
[2023-09-09T02:43:01.793+0000] {processor.py:756} INFO - Processing file /opt/airflow/dags/producer.py for tasks to queue
[2023-09-09T02:43:01.794+0000] {logging_mixin.py:120} INFO - [2023-09-09T02:43:01.794+0000] {dagbag.py:537} INFO - Filling up the DagBag from /opt/airflow/dags/producer.py
[2023-09-09T02:43:01.822+0000] {processor.py:766} INFO - DAG(s) dict_keys(['producer']) retrieved from /opt/airflow/dags/producer.py
[2023-09-09T02:43:01.862+0000] {logging_mixin.py:120} INFO - [2023-09-09T02:43:01.862+0000] {dag.py:2585} INFO - Sync 1 DAGs
[2023-09-09T02:43:01.890+0000] {logging_mixin.py:120} INFO - [2023-09-09T02:43:01.890+0000] {dag.py:3340} INFO - Setting next_dagrun for producer to 2023-09-08T00:00:00+00:00, run_after=2023-09-09T00:00:00+00:00
[2023-09-09T02:43:01.919+0000] {processor.py:176} INFO - Processing /opt/airflow/dags/producer.py took 0.130 seconds
[2023-09-09T02:43:32.392+0000] {processor.py:154} INFO - Started process (PID=932) to work on /opt/airflow/dags/producer.py
[2023-09-09T02:43:32.393+0000] {processor.py:756} INFO - Processing file /opt/airflow/dags/producer.py for tasks to queue
[2023-09-09T02:43:32.394+0000] {logging_mixin.py:120} INFO - [2023-09-09T02:43:32.394+0000] {dagbag.py:537} INFO - Filling up the DagBag from /opt/airflow/dags/producer.py
[2023-09-09T02:43:32.421+0000] {processor.py:766} INFO - DAG(s) dict_keys(['producer']) retrieved from /opt/airflow/dags/producer.py
[2023-09-09T02:43:32.458+0000] {logging_mixin.py:120} INFO - [2023-09-09T02:43:32.458+0000] {dag.py:2585} INFO - Sync 1 DAGs
[2023-09-09T02:43:32.483+0000] {logging_mixin.py:120} INFO - [2023-09-09T02:43:32.482+0000] {dag.py:3340} INFO - Setting next_dagrun for producer to 2023-09-08T00:00:00+00:00, run_after=2023-09-09T00:00:00+00:00
[2023-09-09T02:43:32.508+0000] {processor.py:176} INFO - Processing /opt/airflow/dags/producer.py took 0.119 seconds
[2023-09-09T02:44:02.598+0000] {processor.py:154} INFO - Started process (PID=1007) to work on /opt/airflow/dags/producer.py
[2023-09-09T02:44:02.599+0000] {processor.py:756} INFO - Processing file /opt/airflow/dags/producer.py for tasks to queue
[2023-09-09T02:44:02.599+0000] {logging_mixin.py:120} INFO - [2023-09-09T02:44:02.599+0000] {dagbag.py:537} INFO - Filling up the DagBag from /opt/airflow/dags/producer.py
[2023-09-09T02:44:02.626+0000] {processor.py:766} INFO - DAG(s) dict_keys(['producer']) retrieved from /opt/airflow/dags/producer.py
[2023-09-09T02:44:02.660+0000] {logging_mixin.py:120} INFO - [2023-09-09T02:44:02.660+0000] {dag.py:2585} INFO - Sync 1 DAGs
[2023-09-09T02:44:02.682+0000] {logging_mixin.py:120} INFO - [2023-09-09T02:44:02.682+0000] {dag.py:3340} INFO - Setting next_dagrun for producer to 2023-09-08T00:00:00+00:00, run_after=2023-09-09T00:00:00+00:00
[2023-09-09T02:44:02.708+0000] {processor.py:176} INFO - Processing /opt/airflow/dags/producer.py took 0.113 seconds
[2023-09-09T02:44:32.764+0000] {processor.py:154} INFO - Started process (PID=1082) to work on /opt/airflow/dags/producer.py
[2023-09-09T02:44:32.765+0000] {processor.py:756} INFO - Processing file /opt/airflow/dags/producer.py for tasks to queue
[2023-09-09T02:44:32.766+0000] {logging_mixin.py:120} INFO - [2023-09-09T02:44:32.766+0000] {dagbag.py:537} INFO - Filling up the DagBag from /opt/airflow/dags/producer.py
[2023-09-09T02:44:32.794+0000] {processor.py:766} INFO - DAG(s) dict_keys(['producer']) retrieved from /opt/airflow/dags/producer.py
[2023-09-09T02:44:32.831+0000] {logging_mixin.py:120} INFO - [2023-09-09T02:44:32.831+0000] {dag.py:2585} INFO - Sync 1 DAGs
[2023-09-09T02:44:32.854+0000] {logging_mixin.py:120} INFO - [2023-09-09T02:44:32.854+0000] {dag.py:3340} INFO - Setting next_dagrun for producer to 2023-09-08T00:00:00+00:00, run_after=2023-09-09T00:00:00+00:00
[2023-09-09T02:44:32.882+0000] {processor.py:176} INFO - Processing /opt/airflow/dags/producer.py took 0.121 seconds
[2023-09-09T02:45:02.944+0000] {processor.py:154} INFO - Started process (PID=1146) to work on /opt/airflow/dags/producer.py
[2023-09-09T02:45:02.945+0000] {processor.py:756} INFO - Processing file /opt/airflow/dags/producer.py for tasks to queue
[2023-09-09T02:45:02.946+0000] {logging_mixin.py:120} INFO - [2023-09-09T02:45:02.945+0000] {dagbag.py:537} INFO - Filling up the DagBag from /opt/airflow/dags/producer.py
[2023-09-09T02:45:02.970+0000] {processor.py:766} INFO - DAG(s) dict_keys(['producer']) retrieved from /opt/airflow/dags/producer.py
[2023-09-09T02:45:03.008+0000] {logging_mixin.py:120} INFO - [2023-09-09T02:45:03.007+0000] {dag.py:2585} INFO - Sync 1 DAGs
[2023-09-09T02:45:03.034+0000] {logging_mixin.py:120} INFO - [2023-09-09T02:45:03.034+0000] {dag.py:3340} INFO - Setting next_dagrun for producer to 2023-09-08T00:00:00+00:00, run_after=2023-09-09T00:00:00+00:00
[2023-09-09T02:45:03.060+0000] {processor.py:176} INFO - Processing /opt/airflow/dags/producer.py took 0.119 seconds
