[2023-09-09T02:37:26.191+0000] {processor.py:154} INFO - Started process (PID=54) to work on /opt/airflow/dags/user_processing.py
[2023-09-09T02:37:26.192+0000] {processor.py:756} INFO - Processing file /opt/airflow/dags/user_processing.py for tasks to queue
[2023-09-09T02:37:26.193+0000] {logging_mixin.py:120} INFO - [2023-09-09T02:37:26.193+0000] {dagbag.py:537} INFO - Filling up the DagBag from /opt/airflow/dags/user_processing.py
[2023-09-09T02:37:26.740+0000] {processor.py:766} INFO - DAG(s) dict_keys(['user_processing']) retrieved from /opt/airflow/dags/user_processing.py
[2023-09-09T02:37:26.931+0000] {logging_mixin.py:120} INFO - [2023-09-09T02:37:26.930+0000] {dag.py:2585} INFO - Sync 1 DAGs
[2023-09-09T02:37:26.963+0000] {logging_mixin.py:120} INFO - [2023-09-09T02:37:26.963+0000] {dag.py:3340} INFO - Setting next_dagrun for user_processing to 2023-09-08T00:00:00+00:00, run_after=2023-09-09T00:00:00+00:00
[2023-09-09T02:37:26.989+0000] {processor.py:176} INFO - Processing /opt/airflow/dags/user_processing.py took 0.801 seconds
[2023-09-09T02:37:57.314+0000] {processor.py:154} INFO - Started process (PID=128) to work on /opt/airflow/dags/user_processing.py
[2023-09-09T02:37:57.315+0000] {processor.py:756} INFO - Processing file /opt/airflow/dags/user_processing.py for tasks to queue
[2023-09-09T02:37:57.316+0000] {logging_mixin.py:120} INFO - [2023-09-09T02:37:57.316+0000] {dagbag.py:537} INFO - Filling up the DagBag from /opt/airflow/dags/user_processing.py
[2023-09-09T02:37:57.562+0000] {processor.py:766} INFO - DAG(s) dict_keys(['user_processing']) retrieved from /opt/airflow/dags/user_processing.py
[2023-09-09T02:37:57.702+0000] {logging_mixin.py:120} INFO - [2023-09-09T02:37:57.701+0000] {dag.py:2585} INFO - Sync 1 DAGs
[2023-09-09T02:37:57.722+0000] {logging_mixin.py:120} INFO - [2023-09-09T02:37:57.722+0000] {dag.py:3340} INFO - Setting next_dagrun for user_processing to 2023-09-08T00:00:00+00:00, run_after=2023-09-09T00:00:00+00:00
[2023-09-09T02:37:57.743+0000] {processor.py:176} INFO - Processing /opt/airflow/dags/user_processing.py took 0.431 seconds
[2023-09-09T02:38:27.878+0000] {processor.py:154} INFO - Started process (PID=206) to work on /opt/airflow/dags/user_processing.py
[2023-09-09T02:38:27.878+0000] {processor.py:756} INFO - Processing file /opt/airflow/dags/user_processing.py for tasks to queue
[2023-09-09T02:38:27.879+0000] {logging_mixin.py:120} INFO - [2023-09-09T02:38:27.879+0000] {dagbag.py:537} INFO - Filling up the DagBag from /opt/airflow/dags/user_processing.py
[2023-09-09T02:38:28.133+0000] {processor.py:766} INFO - DAG(s) dict_keys(['user_processing']) retrieved from /opt/airflow/dags/user_processing.py
[2023-09-09T02:38:28.274+0000] {logging_mixin.py:120} INFO - [2023-09-09T02:38:28.274+0000] {dag.py:2585} INFO - Sync 1 DAGs
[2023-09-09T02:38:28.297+0000] {logging_mixin.py:120} INFO - [2023-09-09T02:38:28.297+0000] {dag.py:3340} INFO - Setting next_dagrun for user_processing to 2023-09-08T00:00:00+00:00, run_after=2023-09-09T00:00:00+00:00
[2023-09-09T02:38:28.318+0000] {processor.py:176} INFO - Processing /opt/airflow/dags/user_processing.py took 0.443 seconds
[2023-09-09T02:38:58.349+0000] {processor.py:154} INFO - Started process (PID=273) to work on /opt/airflow/dags/user_processing.py
[2023-09-09T02:38:58.350+0000] {processor.py:756} INFO - Processing file /opt/airflow/dags/user_processing.py for tasks to queue
[2023-09-09T02:38:58.351+0000] {logging_mixin.py:120} INFO - [2023-09-09T02:38:58.351+0000] {dagbag.py:537} INFO - Filling up the DagBag from /opt/airflow/dags/user_processing.py
[2023-09-09T02:38:58.627+0000] {processor.py:766} INFO - DAG(s) dict_keys(['user_processing']) retrieved from /opt/airflow/dags/user_processing.py
[2023-09-09T02:38:58.781+0000] {logging_mixin.py:120} INFO - [2023-09-09T02:38:58.780+0000] {dag.py:2585} INFO - Sync 1 DAGs
[2023-09-09T02:38:58.811+0000] {logging_mixin.py:120} INFO - [2023-09-09T02:38:58.810+0000] {dag.py:3340} INFO - Setting next_dagrun for user_processing to 2023-09-08T00:00:00+00:00, run_after=2023-09-09T00:00:00+00:00
[2023-09-09T02:38:58.836+0000] {processor.py:176} INFO - Processing /opt/airflow/dags/user_processing.py took 0.490 seconds
[2023-09-09T02:39:29.040+0000] {processor.py:154} INFO - Started process (PID=347) to work on /opt/airflow/dags/user_processing.py
[2023-09-09T02:39:29.041+0000] {processor.py:756} INFO - Processing file /opt/airflow/dags/user_processing.py for tasks to queue
[2023-09-09T02:39:29.042+0000] {logging_mixin.py:120} INFO - [2023-09-09T02:39:29.042+0000] {dagbag.py:537} INFO - Filling up the DagBag from /opt/airflow/dags/user_processing.py
[2023-09-09T02:39:29.330+0000] {processor.py:766} INFO - DAG(s) dict_keys(['user_processing']) retrieved from /opt/airflow/dags/user_processing.py
[2023-09-09T02:39:29.482+0000] {logging_mixin.py:120} INFO - [2023-09-09T02:39:29.482+0000] {dag.py:2585} INFO - Sync 1 DAGs
[2023-09-09T02:39:29.505+0000] {logging_mixin.py:120} INFO - [2023-09-09T02:39:29.504+0000] {dag.py:3340} INFO - Setting next_dagrun for user_processing to 2023-09-08T00:00:00+00:00, run_after=2023-09-09T00:00:00+00:00
[2023-09-09T02:39:29.522+0000] {processor.py:176} INFO - Processing /opt/airflow/dags/user_processing.py took 0.485 seconds
[2023-09-09T02:40:00.299+0000] {processor.py:154} INFO - Started process (PID=422) to work on /opt/airflow/dags/user_processing.py
[2023-09-09T02:40:00.300+0000] {processor.py:756} INFO - Processing file /opt/airflow/dags/user_processing.py for tasks to queue
[2023-09-09T02:40:00.300+0000] {logging_mixin.py:120} INFO - [2023-09-09T02:40:00.300+0000] {dagbag.py:537} INFO - Filling up the DagBag from /opt/airflow/dags/user_processing.py
[2023-09-09T02:40:00.539+0000] {processor.py:766} INFO - DAG(s) dict_keys(['user_processing']) retrieved from /opt/airflow/dags/user_processing.py
[2023-09-09T02:40:00.679+0000] {logging_mixin.py:120} INFO - [2023-09-09T02:40:00.678+0000] {dag.py:2585} INFO - Sync 1 DAGs
[2023-09-09T02:40:00.701+0000] {logging_mixin.py:120} INFO - [2023-09-09T02:40:00.701+0000] {dag.py:3340} INFO - Setting next_dagrun for user_processing to 2023-09-08T00:00:00+00:00, run_after=2023-09-09T00:00:00+00:00
[2023-09-09T02:40:00.721+0000] {processor.py:176} INFO - Processing /opt/airflow/dags/user_processing.py took 0.424 seconds
[2023-09-09T02:40:30.867+0000] {processor.py:154} INFO - Started process (PID=499) to work on /opt/airflow/dags/user_processing.py
[2023-09-09T02:40:30.868+0000] {processor.py:756} INFO - Processing file /opt/airflow/dags/user_processing.py for tasks to queue
[2023-09-09T02:40:30.869+0000] {logging_mixin.py:120} INFO - [2023-09-09T02:40:30.869+0000] {dagbag.py:537} INFO - Filling up the DagBag from /opt/airflow/dags/user_processing.py
[2023-09-09T02:40:31.098+0000] {processor.py:766} INFO - DAG(s) dict_keys(['user_processing']) retrieved from /opt/airflow/dags/user_processing.py
[2023-09-09T02:40:31.240+0000] {logging_mixin.py:120} INFO - [2023-09-09T02:40:31.239+0000] {dag.py:2585} INFO - Sync 1 DAGs
[2023-09-09T02:40:31.268+0000] {logging_mixin.py:120} INFO - [2023-09-09T02:40:31.268+0000] {dag.py:3340} INFO - Setting next_dagrun for user_processing to 2023-09-08T00:00:00+00:00, run_after=2023-09-09T00:00:00+00:00
[2023-09-09T02:40:31.294+0000] {processor.py:176} INFO - Processing /opt/airflow/dags/user_processing.py took 0.429 seconds
[2023-09-09T02:41:01.353+0000] {processor.py:154} INFO - Started process (PID=575) to work on /opt/airflow/dags/user_processing.py
[2023-09-09T02:41:01.354+0000] {processor.py:756} INFO - Processing file /opt/airflow/dags/user_processing.py for tasks to queue
[2023-09-09T02:41:01.356+0000] {logging_mixin.py:120} INFO - [2023-09-09T02:41:01.355+0000] {dagbag.py:537} INFO - Filling up the DagBag from /opt/airflow/dags/user_processing.py
[2023-09-09T02:41:01.599+0000] {processor.py:766} INFO - DAG(s) dict_keys(['user_processing']) retrieved from /opt/airflow/dags/user_processing.py
[2023-09-09T02:41:01.738+0000] {logging_mixin.py:120} INFO - [2023-09-09T02:41:01.738+0000] {dag.py:2585} INFO - Sync 1 DAGs
[2023-09-09T02:41:01.760+0000] {logging_mixin.py:120} INFO - [2023-09-09T02:41:01.760+0000] {dag.py:3340} INFO - Setting next_dagrun for user_processing to 2023-09-08T00:00:00+00:00, run_after=2023-09-09T00:00:00+00:00
[2023-09-09T02:41:01.778+0000] {processor.py:176} INFO - Processing /opt/airflow/dags/user_processing.py took 0.428 seconds
[2023-09-09T02:41:32.264+0000] {processor.py:154} INFO - Started process (PID=652) to work on /opt/airflow/dags/user_processing.py
[2023-09-09T02:41:32.265+0000] {processor.py:756} INFO - Processing file /opt/airflow/dags/user_processing.py for tasks to queue
[2023-09-09T02:41:32.266+0000] {logging_mixin.py:120} INFO - [2023-09-09T02:41:32.266+0000] {dagbag.py:537} INFO - Filling up the DagBag from /opt/airflow/dags/user_processing.py
[2023-09-09T02:41:32.527+0000] {processor.py:766} INFO - DAG(s) dict_keys(['user_processing']) retrieved from /opt/airflow/dags/user_processing.py
[2023-09-09T02:41:32.719+0000] {logging_mixin.py:120} INFO - [2023-09-09T02:41:32.719+0000] {dag.py:2585} INFO - Sync 1 DAGs
[2023-09-09T02:41:32.740+0000] {logging_mixin.py:120} INFO - [2023-09-09T02:41:32.740+0000] {dag.py:3340} INFO - Setting next_dagrun for user_processing to 2023-09-08T00:00:00+00:00, run_after=2023-09-09T00:00:00+00:00
[2023-09-09T02:41:32.761+0000] {processor.py:176} INFO - Processing /opt/airflow/dags/user_processing.py took 0.500 seconds
[2023-09-09T02:42:02.997+0000] {processor.py:154} INFO - Started process (PID=728) to work on /opt/airflow/dags/user_processing.py
[2023-09-09T02:42:02.998+0000] {processor.py:756} INFO - Processing file /opt/airflow/dags/user_processing.py for tasks to queue
[2023-09-09T02:42:03.000+0000] {logging_mixin.py:120} INFO - [2023-09-09T02:42:02.999+0000] {dagbag.py:537} INFO - Filling up the DagBag from /opt/airflow/dags/user_processing.py
[2023-09-09T02:42:03.276+0000] {processor.py:766} INFO - DAG(s) dict_keys(['user_processing']) retrieved from /opt/airflow/dags/user_processing.py
[2023-09-09T02:42:03.424+0000] {logging_mixin.py:120} INFO - [2023-09-09T02:42:03.423+0000] {dag.py:2585} INFO - Sync 1 DAGs
[2023-09-09T02:42:03.448+0000] {logging_mixin.py:120} INFO - [2023-09-09T02:42:03.448+0000] {dag.py:3340} INFO - Setting next_dagrun for user_processing to 2023-09-08T00:00:00+00:00, run_after=2023-09-09T00:00:00+00:00
[2023-09-09T02:42:03.467+0000] {processor.py:176} INFO - Processing /opt/airflow/dags/user_processing.py took 0.473 seconds
[2023-09-09T02:42:33.568+0000] {processor.py:154} INFO - Started process (PID=806) to work on /opt/airflow/dags/user_processing.py
[2023-09-09T02:42:33.569+0000] {processor.py:756} INFO - Processing file /opt/airflow/dags/user_processing.py for tasks to queue
[2023-09-09T02:42:33.570+0000] {logging_mixin.py:120} INFO - [2023-09-09T02:42:33.570+0000] {dagbag.py:537} INFO - Filling up the DagBag from /opt/airflow/dags/user_processing.py
[2023-09-09T02:42:33.818+0000] {processor.py:766} INFO - DAG(s) dict_keys(['user_processing']) retrieved from /opt/airflow/dags/user_processing.py
[2023-09-09T02:42:33.961+0000] {logging_mixin.py:120} INFO - [2023-09-09T02:42:33.960+0000] {dag.py:2585} INFO - Sync 1 DAGs
[2023-09-09T02:42:33.984+0000] {logging_mixin.py:120} INFO - [2023-09-09T02:42:33.984+0000] {dag.py:3340} INFO - Setting next_dagrun for user_processing to 2023-09-08T00:00:00+00:00, run_after=2023-09-09T00:00:00+00:00
[2023-09-09T02:42:34.004+0000] {processor.py:176} INFO - Processing /opt/airflow/dags/user_processing.py took 0.439 seconds
[2023-09-09T02:43:04.036+0000] {processor.py:154} INFO - Started process (PID=884) to work on /opt/airflow/dags/user_processing.py
[2023-09-09T02:43:04.037+0000] {processor.py:756} INFO - Processing file /opt/airflow/dags/user_processing.py for tasks to queue
[2023-09-09T02:43:04.038+0000] {logging_mixin.py:120} INFO - [2023-09-09T02:43:04.038+0000] {dagbag.py:537} INFO - Filling up the DagBag from /opt/airflow/dags/user_processing.py
[2023-09-09T02:43:04.274+0000] {processor.py:766} INFO - DAG(s) dict_keys(['user_processing']) retrieved from /opt/airflow/dags/user_processing.py
[2023-09-09T02:43:04.415+0000] {logging_mixin.py:120} INFO - [2023-09-09T02:43:04.414+0000] {dag.py:2585} INFO - Sync 1 DAGs
[2023-09-09T02:43:04.434+0000] {logging_mixin.py:120} INFO - [2023-09-09T02:43:04.434+0000] {dag.py:3340} INFO - Setting next_dagrun for user_processing to 2023-09-08T00:00:00+00:00, run_after=2023-09-09T00:00:00+00:00
[2023-09-09T02:43:04.453+0000] {processor.py:176} INFO - Processing /opt/airflow/dags/user_processing.py took 0.419 seconds
[2023-09-09T02:43:34.904+0000] {processor.py:154} INFO - Started process (PID=952) to work on /opt/airflow/dags/user_processing.py
[2023-09-09T02:43:34.905+0000] {processor.py:756} INFO - Processing file /opt/airflow/dags/user_processing.py for tasks to queue
[2023-09-09T02:43:34.905+0000] {logging_mixin.py:120} INFO - [2023-09-09T02:43:34.905+0000] {dagbag.py:537} INFO - Filling up the DagBag from /opt/airflow/dags/user_processing.py
[2023-09-09T02:43:35.205+0000] {processor.py:766} INFO - DAG(s) dict_keys(['user_processing']) retrieved from /opt/airflow/dags/user_processing.py
[2023-09-09T02:43:35.364+0000] {logging_mixin.py:120} INFO - [2023-09-09T02:43:35.363+0000] {dag.py:2585} INFO - Sync 1 DAGs
[2023-09-09T02:43:35.387+0000] {logging_mixin.py:120} INFO - [2023-09-09T02:43:35.387+0000] {dag.py:3340} INFO - Setting next_dagrun for user_processing to 2023-09-08T00:00:00+00:00, run_after=2023-09-09T00:00:00+00:00
[2023-09-09T02:43:35.414+0000] {processor.py:176} INFO - Processing /opt/airflow/dags/user_processing.py took 0.513 seconds
[2023-09-09T02:44:06.046+0000] {processor.py:154} INFO - Started process (PID=1026) to work on /opt/airflow/dags/user_processing.py
[2023-09-09T02:44:06.047+0000] {processor.py:756} INFO - Processing file /opt/airflow/dags/user_processing.py for tasks to queue
[2023-09-09T02:44:06.048+0000] {logging_mixin.py:120} INFO - [2023-09-09T02:44:06.048+0000] {dagbag.py:537} INFO - Filling up the DagBag from /opt/airflow/dags/user_processing.py
[2023-09-09T02:44:06.311+0000] {processor.py:766} INFO - DAG(s) dict_keys(['user_processing']) retrieved from /opt/airflow/dags/user_processing.py
[2023-09-09T02:44:06.470+0000] {logging_mixin.py:120} INFO - [2023-09-09T02:44:06.469+0000] {dag.py:2585} INFO - Sync 1 DAGs
[2023-09-09T02:44:06.498+0000] {logging_mixin.py:120} INFO - [2023-09-09T02:44:06.498+0000] {dag.py:3340} INFO - Setting next_dagrun for user_processing to 2023-09-08T00:00:00+00:00, run_after=2023-09-09T00:00:00+00:00
[2023-09-09T02:44:06.521+0000] {processor.py:176} INFO - Processing /opt/airflow/dags/user_processing.py took 0.478 seconds
[2023-09-09T02:44:36.653+0000] {processor.py:154} INFO - Started process (PID=1104) to work on /opt/airflow/dags/user_processing.py
[2023-09-09T02:44:36.654+0000] {processor.py:756} INFO - Processing file /opt/airflow/dags/user_processing.py for tasks to queue
[2023-09-09T02:44:36.655+0000] {logging_mixin.py:120} INFO - [2023-09-09T02:44:36.655+0000] {dagbag.py:537} INFO - Filling up the DagBag from /opt/airflow/dags/user_processing.py
[2023-09-09T02:44:36.897+0000] {processor.py:766} INFO - DAG(s) dict_keys(['user_processing']) retrieved from /opt/airflow/dags/user_processing.py
[2023-09-09T02:44:37.048+0000] {logging_mixin.py:120} INFO - [2023-09-09T02:44:37.048+0000] {dag.py:2585} INFO - Sync 1 DAGs
[2023-09-09T02:44:37.071+0000] {logging_mixin.py:120} INFO - [2023-09-09T02:44:37.071+0000] {dag.py:3340} INFO - Setting next_dagrun for user_processing to 2023-09-08T00:00:00+00:00, run_after=2023-09-09T00:00:00+00:00
[2023-09-09T02:44:37.094+0000] {processor.py:176} INFO - Processing /opt/airflow/dags/user_processing.py took 0.444 seconds
[2023-09-09T02:45:07.335+0000] {processor.py:154} INFO - Started process (PID=1178) to work on /opt/airflow/dags/user_processing.py
[2023-09-09T02:45:07.336+0000] {processor.py:756} INFO - Processing file /opt/airflow/dags/user_processing.py for tasks to queue
[2023-09-09T02:45:07.337+0000] {logging_mixin.py:120} INFO - [2023-09-09T02:45:07.337+0000] {dagbag.py:537} INFO - Filling up the DagBag from /opt/airflow/dags/user_processing.py
[2023-09-09T02:45:07.580+0000] {processor.py:766} INFO - DAG(s) dict_keys(['user_processing']) retrieved from /opt/airflow/dags/user_processing.py
[2023-09-09T02:45:07.724+0000] {logging_mixin.py:120} INFO - [2023-09-09T02:45:07.723+0000] {dag.py:2585} INFO - Sync 1 DAGs
[2023-09-09T02:45:07.745+0000] {logging_mixin.py:120} INFO - [2023-09-09T02:45:07.745+0000] {dag.py:3340} INFO - Setting next_dagrun for user_processing to 2023-09-08T00:00:00+00:00, run_after=2023-09-09T00:00:00+00:00
[2023-09-09T02:45:07.765+0000] {processor.py:176} INFO - Processing /opt/airflow/dags/user_processing.py took 0.433 seconds
