[2023-09-09T14:19:55.216+0000] {taskinstance.py:1165} INFO - Dependencies all met for <TaskInstance: xcom_dag.t3 scheduled__2023-09-08T00:00:00+00:00 [queued]>
[2023-09-09T14:19:55.225+0000] {taskinstance.py:1165} INFO - Dependencies all met for <TaskInstance: xcom_dag.t3 scheduled__2023-09-08T00:00:00+00:00 [queued]>
[2023-09-09T14:19:55.225+0000] {taskinstance.py:1362} INFO - 
--------------------------------------------------------------------------------
[2023-09-09T14:19:55.226+0000] {taskinstance.py:1363} INFO - Starting attempt 1 of 1
[2023-09-09T14:19:55.226+0000] {taskinstance.py:1364} INFO - 
--------------------------------------------------------------------------------
[2023-09-09T14:19:55.240+0000] {taskinstance.py:1383} INFO - Executing <Task(BashOperator): t3> on 2023-09-08 00:00:00+00:00
[2023-09-09T14:19:55.245+0000] {standard_task_runner.py:55} INFO - Started process 211 to run task
[2023-09-09T14:19:55.248+0000] {standard_task_runner.py:82} INFO - Running: ['***', 'tasks', 'run', 'xcom_dag', 't3', 'scheduled__2023-09-08T00:00:00+00:00', '--job-id', '190', '--raw', '--subdir', 'DAGS_FOLDER/xcom_dag.py', '--cfg-path', '/tmp/tmpqgll3lh9']
[2023-09-09T14:19:55.249+0000] {standard_task_runner.py:83} INFO - Job 190: Subtask t3
[2023-09-09T14:19:55.298+0000] {task_command.py:376} INFO - Running <TaskInstance: xcom_dag.t3 scheduled__2023-09-08T00:00:00+00:00 [running]> on host d0466a17bb90
[2023-09-09T14:19:55.353+0000] {taskinstance.py:1592} INFO - Exporting the following env vars:
AIRFLOW_CTX_DAG_OWNER=***
AIRFLOW_CTX_DAG_ID=xcom_dag
AIRFLOW_CTX_TASK_ID=t3
AIRFLOW_CTX_EXECUTION_DATE=2023-09-08T00:00:00+00:00
AIRFLOW_CTX_TRY_NUMBER=1
AIRFLOW_CTX_DAG_RUN_ID=scheduled__2023-09-08T00:00:00+00:00
[2023-09-09T14:19:55.354+0000] {subprocess.py:63} INFO - Tmp dir root location: 
 /tmp
[2023-09-09T14:19:55.355+0000] {subprocess.py:75} INFO - Running command: ['/bin/bash', '-c', "echo ''"]
[2023-09-09T14:19:55.364+0000] {subprocess.py:86} INFO - Output:
[2023-09-09T14:19:55.365+0000] {subprocess.py:93} INFO - 
[2023-09-09T14:19:55.366+0000] {subprocess.py:97} INFO - Command exited with return code 0
[2023-09-09T14:19:55.387+0000] {taskinstance.py:1406} INFO - Marking task as SUCCESS. dag_id=xcom_dag, task_id=t3, execution_date=20230908T000000, start_date=20230909T141955, end_date=20230909T141955
[2023-09-09T14:19:55.420+0000] {local_task_job.py:164} INFO - Task exited with return code 0
[2023-09-09T14:19:55.443+0000] {local_task_job.py:273} INFO - 0 downstream tasks scheduled from follow-on schedule check
