[2023-09-05T18:19:59.472+0000] {taskinstance.py:1165} INFO - Dependencies all met for <TaskInstance: group_dag.check_files manual__2023-09-05T18:18:57.741077+00:00 [queued]>
[2023-09-05T18:19:59.482+0000] {taskinstance.py:1165} INFO - Dependencies all met for <TaskInstance: group_dag.check_files manual__2023-09-05T18:18:57.741077+00:00 [queued]>
[2023-09-05T18:19:59.482+0000] {taskinstance.py:1362} INFO - 
--------------------------------------------------------------------------------
[2023-09-05T18:19:59.483+0000] {taskinstance.py:1363} INFO - Starting attempt 1 of 1
[2023-09-05T18:19:59.483+0000] {taskinstance.py:1364} INFO - 
--------------------------------------------------------------------------------
[2023-09-05T18:19:59.496+0000] {taskinstance.py:1383} INFO - Executing <Task(BashOperator): check_files> on 2023-09-05 18:18:57.741077+00:00
[2023-09-05T18:19:59.501+0000] {standard_task_runner.py:55} INFO - Started process 6420 to run task
[2023-09-05T18:19:59.503+0000] {standard_task_runner.py:82} INFO - Running: ['***', 'tasks', 'run', 'group_dag', 'check_files', 'manual__2023-09-05T18:18:57.741077+00:00', '--job-id', '153', '--raw', '--subdir', 'DAGS_FOLDER/group_dag.py', '--cfg-path', '/tmp/tmphl2xzfwp']
[2023-09-05T18:19:59.504+0000] {standard_task_runner.py:83} INFO - Job 153: Subtask check_files
[2023-09-05T18:19:59.562+0000] {task_command.py:376} INFO - Running <TaskInstance: group_dag.check_files manual__2023-09-05T18:18:57.741077+00:00 [running]> on host d0466a17bb90
[2023-09-05T18:19:59.624+0000] {taskinstance.py:1592} INFO - Exporting the following env vars:
AIRFLOW_CTX_DAG_OWNER=***
AIRFLOW_CTX_DAG_ID=group_dag
AIRFLOW_CTX_TASK_ID=check_files
AIRFLOW_CTX_EXECUTION_DATE=2023-09-05T18:18:57.741077+00:00
AIRFLOW_CTX_TRY_NUMBER=1
AIRFLOW_CTX_DAG_RUN_ID=manual__2023-09-05T18:18:57.741077+00:00
[2023-09-05T18:19:59.625+0000] {subprocess.py:63} INFO - Tmp dir root location: 
 /tmp
[2023-09-05T18:19:59.626+0000] {subprocess.py:75} INFO - Running command: ['/bin/bash', '-c', 'sleep 10']
[2023-09-05T18:19:59.635+0000] {subprocess.py:86} INFO - Output:
[2023-09-05T18:20:09.638+0000] {subprocess.py:97} INFO - Command exited with return code 0
[2023-09-05T18:20:09.663+0000] {taskinstance.py:1406} INFO - Marking task as SUCCESS. dag_id=group_dag, task_id=check_files, execution_date=20230905T181857, start_date=20230905T181959, end_date=20230905T182009
[2023-09-05T18:20:09.704+0000] {local_task_job.py:164} INFO - Task exited with return code 0
[2023-09-05T18:20:09.725+0000] {local_task_job.py:273} INFO - 1 downstream tasks scheduled from follow-on schedule check
