[2023-09-09T02:41:26.015+0000] {taskinstance.py:1165} INFO - Dependencies all met for <TaskInstance: group_dag.downloads.download_c scheduled__2023-09-08T00:00:00+00:00 [queued]>
[2023-09-09T02:41:26.025+0000] {taskinstance.py:1165} INFO - Dependencies all met for <TaskInstance: group_dag.downloads.download_c scheduled__2023-09-08T00:00:00+00:00 [queued]>
[2023-09-09T02:41:26.025+0000] {taskinstance.py:1362} INFO - 
--------------------------------------------------------------------------------
[2023-09-09T02:41:26.026+0000] {taskinstance.py:1363} INFO - Starting attempt 1 of 1
[2023-09-09T02:41:26.026+0000] {taskinstance.py:1364} INFO - 
--------------------------------------------------------------------------------
[2023-09-09T02:41:26.044+0000] {taskinstance.py:1383} INFO - Executing <Task(BashOperator): download_c> on 2023-09-08 00:00:00+00:00
[2023-09-09T02:41:26.059+0000] {standard_task_runner.py:55} INFO - Started process 78 to run task
[2023-09-09T02:41:26.066+0000] {standard_task_runner.py:82} INFO - Running: ['***', 'tasks', 'run', 'group_dag.downloads', 'download_c', 'scheduled__2023-09-08T00:00:00+00:00', '--job-id', '163', '--raw', '--subdir', 'DAGS_FOLDER/group_dag.py', '--cfg-path', '/tmp/tmpq1dshy4n']
[2023-09-09T02:41:26.067+0000] {standard_task_runner.py:83} INFO - Job 163: Subtask download_c
[2023-09-09T02:41:26.150+0000] {task_command.py:376} INFO - Running <TaskInstance: group_dag.downloads.download_c scheduled__2023-09-08T00:00:00+00:00 [running]> on host d0466a17bb90
[2023-09-09T02:41:26.232+0000] {taskinstance.py:1592} INFO - Exporting the following env vars:
AIRFLOW_CTX_DAG_OWNER=***
AIRFLOW_CTX_DAG_ID=group_dag.downloads
AIRFLOW_CTX_TASK_ID=download_c
AIRFLOW_CTX_EXECUTION_DATE=2023-09-08T00:00:00+00:00
AIRFLOW_CTX_TRY_NUMBER=1
AIRFLOW_CTX_DAG_RUN_ID=scheduled__2023-09-08T00:00:00+00:00
[2023-09-09T02:41:26.233+0000] {subprocess.py:63} INFO - Tmp dir root location: 
 /tmp
[2023-09-09T02:41:26.234+0000] {subprocess.py:75} INFO - Running command: ['/bin/bash', '-c', 'sleep 10']
[2023-09-09T02:41:26.245+0000] {subprocess.py:86} INFO - Output:
[2023-09-09T02:41:36.248+0000] {subprocess.py:97} INFO - Command exited with return code 0
[2023-09-09T02:41:36.272+0000] {taskinstance.py:1406} INFO - Marking task as SUCCESS. dag_id=group_dag.downloads, task_id=download_c, execution_date=20230908T000000, start_date=20230909T024126, end_date=20230909T024136
[2023-09-09T02:41:36.300+0000] {local_task_job.py:164} INFO - Task exited with return code 0
[2023-09-09T02:41:36.320+0000] {local_task_job.py:273} INFO - 0 downstream tasks scheduled from follow-on schedule check
