[2023-09-09T02:37:28.551+0000] {processor.py:154} INFO - Started process (PID=79) to work on /home/airflow/.local/lib/python3.7/site-packages/airflow/example_dags/example_bash_operator.py
[2023-09-09T02:37:28.552+0000] {processor.py:756} INFO - Processing file /home/airflow/.local/lib/python3.7/site-packages/airflow/example_dags/example_bash_operator.py for tasks to queue
[2023-09-09T02:37:28.553+0000] {logging_mixin.py:120} INFO - [2023-09-09T02:37:28.553+0000] {dagbag.py:537} INFO - Filling up the DagBag from /home/airflow/.local/lib/python3.7/site-packages/airflow/example_dags/example_bash_operator.py
[2023-09-09T02:37:28.574+0000] {processor.py:766} INFO - DAG(s) dict_keys(['example_bash_operator']) retrieved from /home/airflow/.local/lib/python3.7/site-packages/airflow/example_dags/example_bash_operator.py
[2023-09-09T02:37:28.619+0000] {logging_mixin.py:120} INFO - [2023-09-09T02:37:28.619+0000] {dag.py:2585} INFO - Sync 1 DAGs
[2023-09-09T02:37:28.647+0000] {logging_mixin.py:120} INFO - [2023-09-09T02:37:28.647+0000] {dag.py:3340} INFO - Setting next_dagrun for example_bash_operator to 2023-09-08T00:00:00+00:00, run_after=2023-09-09T00:00:00+00:00
[2023-09-09T02:37:28.670+0000] {processor.py:176} INFO - Processing /home/airflow/.local/lib/python3.7/site-packages/airflow/example_dags/example_bash_operator.py took 0.122 seconds
[2023-09-09T02:37:58.809+0000] {processor.py:154} INFO - Started process (PID=153) to work on /home/airflow/.local/lib/python3.7/site-packages/airflow/example_dags/example_bash_operator.py
[2023-09-09T02:37:58.810+0000] {processor.py:756} INFO - Processing file /home/airflow/.local/lib/python3.7/site-packages/airflow/example_dags/example_bash_operator.py for tasks to queue
[2023-09-09T02:37:58.811+0000] {logging_mixin.py:120} INFO - [2023-09-09T02:37:58.811+0000] {dagbag.py:537} INFO - Filling up the DagBag from /home/airflow/.local/lib/python3.7/site-packages/airflow/example_dags/example_bash_operator.py
[2023-09-09T02:37:58.827+0000] {processor.py:766} INFO - DAG(s) dict_keys(['example_bash_operator']) retrieved from /home/airflow/.local/lib/python3.7/site-packages/airflow/example_dags/example_bash_operator.py
[2023-09-09T02:37:58.864+0000] {logging_mixin.py:120} INFO - [2023-09-09T02:37:58.864+0000] {dag.py:2585} INFO - Sync 1 DAGs
[2023-09-09T02:37:58.885+0000] {logging_mixin.py:120} INFO - [2023-09-09T02:37:58.885+0000] {dag.py:3340} INFO - Setting next_dagrun for example_bash_operator to 2023-09-08T00:00:00+00:00, run_after=2023-09-09T00:00:00+00:00
[2023-09-09T02:37:58.905+0000] {processor.py:176} INFO - Processing /home/airflow/.local/lib/python3.7/site-packages/airflow/example_dags/example_bash_operator.py took 0.098 seconds
[2023-09-09T02:38:29.388+0000] {processor.py:154} INFO - Started process (PID=228) to work on /home/airflow/.local/lib/python3.7/site-packages/airflow/example_dags/example_bash_operator.py
[2023-09-09T02:38:29.389+0000] {processor.py:756} INFO - Processing file /home/airflow/.local/lib/python3.7/site-packages/airflow/example_dags/example_bash_operator.py for tasks to queue
[2023-09-09T02:38:29.390+0000] {logging_mixin.py:120} INFO - [2023-09-09T02:38:29.390+0000] {dagbag.py:537} INFO - Filling up the DagBag from /home/airflow/.local/lib/python3.7/site-packages/airflow/example_dags/example_bash_operator.py
[2023-09-09T02:38:29.406+0000] {processor.py:766} INFO - DAG(s) dict_keys(['example_bash_operator']) retrieved from /home/airflow/.local/lib/python3.7/site-packages/airflow/example_dags/example_bash_operator.py
[2023-09-09T02:38:29.496+0000] {logging_mixin.py:120} INFO - [2023-09-09T02:38:29.496+0000] {dag.py:2585} INFO - Sync 1 DAGs
[2023-09-09T02:38:29.520+0000] {logging_mixin.py:120} INFO - [2023-09-09T02:38:29.520+0000] {dag.py:3340} INFO - Setting next_dagrun for example_bash_operator to 2023-09-08T00:00:00+00:00, run_after=2023-09-09T00:00:00+00:00
[2023-09-09T02:38:29.539+0000] {processor.py:176} INFO - Processing /home/airflow/.local/lib/python3.7/site-packages/airflow/example_dags/example_bash_operator.py took 0.154 seconds
[2023-09-09T02:38:59.952+0000] {processor.py:154} INFO - Started process (PID=302) to work on /home/airflow/.local/lib/python3.7/site-packages/airflow/example_dags/example_bash_operator.py
[2023-09-09T02:38:59.953+0000] {processor.py:756} INFO - Processing file /home/airflow/.local/lib/python3.7/site-packages/airflow/example_dags/example_bash_operator.py for tasks to queue
[2023-09-09T02:38:59.953+0000] {logging_mixin.py:120} INFO - [2023-09-09T02:38:59.953+0000] {dagbag.py:537} INFO - Filling up the DagBag from /home/airflow/.local/lib/python3.7/site-packages/airflow/example_dags/example_bash_operator.py
[2023-09-09T02:38:59.970+0000] {processor.py:766} INFO - DAG(s) dict_keys(['example_bash_operator']) retrieved from /home/airflow/.local/lib/python3.7/site-packages/airflow/example_dags/example_bash_operator.py
[2023-09-09T02:39:00.009+0000] {logging_mixin.py:120} INFO - [2023-09-09T02:39:00.009+0000] {dag.py:2585} INFO - Sync 1 DAGs
[2023-09-09T02:39:00.032+0000] {logging_mixin.py:120} INFO - [2023-09-09T02:39:00.032+0000] {dag.py:3340} INFO - Setting next_dagrun for example_bash_operator to 2023-09-08T00:00:00+00:00, run_after=2023-09-09T00:00:00+00:00
[2023-09-09T02:39:00.052+0000] {processor.py:176} INFO - Processing /home/airflow/.local/lib/python3.7/site-packages/airflow/example_dags/example_bash_operator.py took 0.103 seconds
[2023-09-09T02:39:30.396+0000] {processor.py:154} INFO - Started process (PID=367) to work on /home/airflow/.local/lib/python3.7/site-packages/airflow/example_dags/example_bash_operator.py
[2023-09-09T02:39:30.397+0000] {processor.py:756} INFO - Processing file /home/airflow/.local/lib/python3.7/site-packages/airflow/example_dags/example_bash_operator.py for tasks to queue
[2023-09-09T02:39:30.398+0000] {logging_mixin.py:120} INFO - [2023-09-09T02:39:30.398+0000] {dagbag.py:537} INFO - Filling up the DagBag from /home/airflow/.local/lib/python3.7/site-packages/airflow/example_dags/example_bash_operator.py
[2023-09-09T02:39:30.415+0000] {processor.py:766} INFO - DAG(s) dict_keys(['example_bash_operator']) retrieved from /home/airflow/.local/lib/python3.7/site-packages/airflow/example_dags/example_bash_operator.py
[2023-09-09T02:39:30.451+0000] {logging_mixin.py:120} INFO - [2023-09-09T02:39:30.451+0000] {dag.py:2585} INFO - Sync 1 DAGs
[2023-09-09T02:39:30.473+0000] {logging_mixin.py:120} INFO - [2023-09-09T02:39:30.473+0000] {dag.py:3340} INFO - Setting next_dagrun for example_bash_operator to 2023-09-08T00:00:00+00:00, run_after=2023-09-09T00:00:00+00:00
[2023-09-09T02:39:30.493+0000] {processor.py:176} INFO - Processing /home/airflow/.local/lib/python3.7/site-packages/airflow/example_dags/example_bash_operator.py took 0.099 seconds
[2023-09-09T02:40:01.501+0000] {processor.py:154} INFO - Started process (PID=441) to work on /home/airflow/.local/lib/python3.7/site-packages/airflow/example_dags/example_bash_operator.py
[2023-09-09T02:40:01.502+0000] {processor.py:756} INFO - Processing file /home/airflow/.local/lib/python3.7/site-packages/airflow/example_dags/example_bash_operator.py for tasks to queue
[2023-09-09T02:40:01.503+0000] {logging_mixin.py:120} INFO - [2023-09-09T02:40:01.503+0000] {dagbag.py:537} INFO - Filling up the DagBag from /home/airflow/.local/lib/python3.7/site-packages/airflow/example_dags/example_bash_operator.py
[2023-09-09T02:40:01.520+0000] {processor.py:766} INFO - DAG(s) dict_keys(['example_bash_operator']) retrieved from /home/airflow/.local/lib/python3.7/site-packages/airflow/example_dags/example_bash_operator.py
[2023-09-09T02:40:01.591+0000] {logging_mixin.py:120} INFO - [2023-09-09T02:40:01.591+0000] {dag.py:2585} INFO - Sync 1 DAGs
[2023-09-09T02:40:01.611+0000] {logging_mixin.py:120} INFO - [2023-09-09T02:40:01.611+0000] {dag.py:3340} INFO - Setting next_dagrun for example_bash_operator to 2023-09-08T00:00:00+00:00, run_after=2023-09-09T00:00:00+00:00
[2023-09-09T02:40:01.628+0000] {processor.py:176} INFO - Processing /home/airflow/.local/lib/python3.7/site-packages/airflow/example_dags/example_bash_operator.py took 0.129 seconds
[2023-09-09T02:40:32.024+0000] {processor.py:154} INFO - Started process (PID=515) to work on /home/airflow/.local/lib/python3.7/site-packages/airflow/example_dags/example_bash_operator.py
[2023-09-09T02:40:32.024+0000] {processor.py:756} INFO - Processing file /home/airflow/.local/lib/python3.7/site-packages/airflow/example_dags/example_bash_operator.py for tasks to queue
[2023-09-09T02:40:32.025+0000] {logging_mixin.py:120} INFO - [2023-09-09T02:40:32.025+0000] {dagbag.py:537} INFO - Filling up the DagBag from /home/airflow/.local/lib/python3.7/site-packages/airflow/example_dags/example_bash_operator.py
[2023-09-09T02:40:32.042+0000] {processor.py:766} INFO - DAG(s) dict_keys(['example_bash_operator']) retrieved from /home/airflow/.local/lib/python3.7/site-packages/airflow/example_dags/example_bash_operator.py
[2023-09-09T02:40:32.080+0000] {logging_mixin.py:120} INFO - [2023-09-09T02:40:32.080+0000] {dag.py:2585} INFO - Sync 1 DAGs
[2023-09-09T02:40:32.102+0000] {logging_mixin.py:120} INFO - [2023-09-09T02:40:32.102+0000] {dag.py:3340} INFO - Setting next_dagrun for example_bash_operator to 2023-09-08T00:00:00+00:00, run_after=2023-09-09T00:00:00+00:00
[2023-09-09T02:40:32.122+0000] {processor.py:176} INFO - Processing /home/airflow/.local/lib/python3.7/site-packages/airflow/example_dags/example_bash_operator.py took 0.101 seconds
[2023-09-09T02:41:02.471+0000] {processor.py:154} INFO - Started process (PID=589) to work on /home/airflow/.local/lib/python3.7/site-packages/airflow/example_dags/example_bash_operator.py
[2023-09-09T02:41:02.472+0000] {processor.py:756} INFO - Processing file /home/airflow/.local/lib/python3.7/site-packages/airflow/example_dags/example_bash_operator.py for tasks to queue
[2023-09-09T02:41:02.473+0000] {logging_mixin.py:120} INFO - [2023-09-09T02:41:02.472+0000] {dagbag.py:537} INFO - Filling up the DagBag from /home/airflow/.local/lib/python3.7/site-packages/airflow/example_dags/example_bash_operator.py
[2023-09-09T02:41:02.490+0000] {processor.py:766} INFO - DAG(s) dict_keys(['example_bash_operator']) retrieved from /home/airflow/.local/lib/python3.7/site-packages/airflow/example_dags/example_bash_operator.py
[2023-09-09T02:41:02.527+0000] {logging_mixin.py:120} INFO - [2023-09-09T02:41:02.527+0000] {dag.py:2585} INFO - Sync 1 DAGs
[2023-09-09T02:41:02.548+0000] {logging_mixin.py:120} INFO - [2023-09-09T02:41:02.548+0000] {dag.py:3340} INFO - Setting next_dagrun for example_bash_operator to 2023-09-08T00:00:00+00:00, run_after=2023-09-09T00:00:00+00:00
[2023-09-09T02:41:02.568+0000] {processor.py:176} INFO - Processing /home/airflow/.local/lib/python3.7/site-packages/airflow/example_dags/example_bash_operator.py took 0.099 seconds
[2023-09-09T02:41:33.459+0000] {processor.py:154} INFO - Started process (PID=673) to work on /home/airflow/.local/lib/python3.7/site-packages/airflow/example_dags/example_bash_operator.py
[2023-09-09T02:41:33.460+0000] {processor.py:756} INFO - Processing file /home/airflow/.local/lib/python3.7/site-packages/airflow/example_dags/example_bash_operator.py for tasks to queue
[2023-09-09T02:41:33.461+0000] {logging_mixin.py:120} INFO - [2023-09-09T02:41:33.461+0000] {dagbag.py:537} INFO - Filling up the DagBag from /home/airflow/.local/lib/python3.7/site-packages/airflow/example_dags/example_bash_operator.py
[2023-09-09T02:41:33.478+0000] {processor.py:766} INFO - DAG(s) dict_keys(['example_bash_operator']) retrieved from /home/airflow/.local/lib/python3.7/site-packages/airflow/example_dags/example_bash_operator.py
[2023-09-09T02:41:33.520+0000] {logging_mixin.py:120} INFO - [2023-09-09T02:41:33.520+0000] {dag.py:2585} INFO - Sync 1 DAGs
[2023-09-09T02:41:33.542+0000] {logging_mixin.py:120} INFO - [2023-09-09T02:41:33.542+0000] {dag.py:3340} INFO - Setting next_dagrun for example_bash_operator to 2023-09-08T00:00:00+00:00, run_after=2023-09-09T00:00:00+00:00
[2023-09-09T02:41:33.561+0000] {processor.py:176} INFO - Processing /home/airflow/.local/lib/python3.7/site-packages/airflow/example_dags/example_bash_operator.py took 0.104 seconds
[2023-09-09T02:42:03.755+0000] {processor.py:154} INFO - Started process (PID=738) to work on /home/airflow/.local/lib/python3.7/site-packages/airflow/example_dags/example_bash_operator.py
[2023-09-09T02:42:03.756+0000] {processor.py:756} INFO - Processing file /home/airflow/.local/lib/python3.7/site-packages/airflow/example_dags/example_bash_operator.py for tasks to queue
[2023-09-09T02:42:03.757+0000] {logging_mixin.py:120} INFO - [2023-09-09T02:42:03.757+0000] {dagbag.py:537} INFO - Filling up the DagBag from /home/airflow/.local/lib/python3.7/site-packages/airflow/example_dags/example_bash_operator.py
[2023-09-09T02:42:03.777+0000] {processor.py:766} INFO - DAG(s) dict_keys(['example_bash_operator']) retrieved from /home/airflow/.local/lib/python3.7/site-packages/airflow/example_dags/example_bash_operator.py
[2023-09-09T02:42:03.819+0000] {logging_mixin.py:120} INFO - [2023-09-09T02:42:03.819+0000] {dag.py:2585} INFO - Sync 1 DAGs
[2023-09-09T02:42:03.841+0000] {logging_mixin.py:120} INFO - [2023-09-09T02:42:03.841+0000] {dag.py:3340} INFO - Setting next_dagrun for example_bash_operator to 2023-09-08T00:00:00+00:00, run_after=2023-09-09T00:00:00+00:00
[2023-09-09T02:42:03.862+0000] {processor.py:176} INFO - Processing /home/airflow/.local/lib/python3.7/site-packages/airflow/example_dags/example_bash_operator.py took 0.110 seconds
[2023-09-09T02:42:34.350+0000] {processor.py:154} INFO - Started process (PID=816) to work on /home/airflow/.local/lib/python3.7/site-packages/airflow/example_dags/example_bash_operator.py
[2023-09-09T02:42:34.351+0000] {processor.py:756} INFO - Processing file /home/airflow/.local/lib/python3.7/site-packages/airflow/example_dags/example_bash_operator.py for tasks to queue
[2023-09-09T02:42:34.352+0000] {logging_mixin.py:120} INFO - [2023-09-09T02:42:34.351+0000] {dagbag.py:537} INFO - Filling up the DagBag from /home/airflow/.local/lib/python3.7/site-packages/airflow/example_dags/example_bash_operator.py
[2023-09-09T02:42:34.368+0000] {processor.py:766} INFO - DAG(s) dict_keys(['example_bash_operator']) retrieved from /home/airflow/.local/lib/python3.7/site-packages/airflow/example_dags/example_bash_operator.py
[2023-09-09T02:42:34.405+0000] {logging_mixin.py:120} INFO - [2023-09-09T02:42:34.405+0000] {dag.py:2585} INFO - Sync 1 DAGs
[2023-09-09T02:42:34.425+0000] {logging_mixin.py:120} INFO - [2023-09-09T02:42:34.425+0000] {dag.py:3340} INFO - Setting next_dagrun for example_bash_operator to 2023-09-08T00:00:00+00:00, run_after=2023-09-09T00:00:00+00:00
[2023-09-09T02:42:34.446+0000] {processor.py:176} INFO - Processing /home/airflow/.local/lib/python3.7/site-packages/airflow/example_dags/example_bash_operator.py took 0.098 seconds
[2023-09-09T02:43:04.919+0000] {processor.py:154} INFO - Started process (PID=894) to work on /home/airflow/.local/lib/python3.7/site-packages/airflow/example_dags/example_bash_operator.py
[2023-09-09T02:43:04.919+0000] {processor.py:756} INFO - Processing file /home/airflow/.local/lib/python3.7/site-packages/airflow/example_dags/example_bash_operator.py for tasks to queue
[2023-09-09T02:43:04.920+0000] {logging_mixin.py:120} INFO - [2023-09-09T02:43:04.920+0000] {dagbag.py:537} INFO - Filling up the DagBag from /home/airflow/.local/lib/python3.7/site-packages/airflow/example_dags/example_bash_operator.py
[2023-09-09T02:43:04.935+0000] {processor.py:766} INFO - DAG(s) dict_keys(['example_bash_operator']) retrieved from /home/airflow/.local/lib/python3.7/site-packages/airflow/example_dags/example_bash_operator.py
[2023-09-09T02:43:04.969+0000] {logging_mixin.py:120} INFO - [2023-09-09T02:43:04.968+0000] {dag.py:2585} INFO - Sync 1 DAGs
[2023-09-09T02:43:04.987+0000] {logging_mixin.py:120} INFO - [2023-09-09T02:43:04.987+0000] {dag.py:3340} INFO - Setting next_dagrun for example_bash_operator to 2023-09-08T00:00:00+00:00, run_after=2023-09-09T00:00:00+00:00
[2023-09-09T02:43:05.006+0000] {processor.py:176} INFO - Processing /home/airflow/.local/lib/python3.7/site-packages/airflow/example_dags/example_bash_operator.py took 0.090 seconds
[2023-09-09T02:43:35.501+0000] {processor.py:154} INFO - Started process (PID=968) to work on /home/airflow/.local/lib/python3.7/site-packages/airflow/example_dags/example_bash_operator.py
[2023-09-09T02:43:35.503+0000] {processor.py:756} INFO - Processing file /home/airflow/.local/lib/python3.7/site-packages/airflow/example_dags/example_bash_operator.py for tasks to queue
[2023-09-09T02:43:35.503+0000] {logging_mixin.py:120} INFO - [2023-09-09T02:43:35.503+0000] {dagbag.py:537} INFO - Filling up the DagBag from /home/airflow/.local/lib/python3.7/site-packages/airflow/example_dags/example_bash_operator.py
[2023-09-09T02:43:35.527+0000] {processor.py:766} INFO - DAG(s) dict_keys(['example_bash_operator']) retrieved from /home/airflow/.local/lib/python3.7/site-packages/airflow/example_dags/example_bash_operator.py
[2023-09-09T02:43:35.567+0000] {logging_mixin.py:120} INFO - [2023-09-09T02:43:35.567+0000] {dag.py:2585} INFO - Sync 1 DAGs
[2023-09-09T02:43:35.590+0000] {logging_mixin.py:120} INFO - [2023-09-09T02:43:35.590+0000] {dag.py:3340} INFO - Setting next_dagrun for example_bash_operator to 2023-09-08T00:00:00+00:00, run_after=2023-09-09T00:00:00+00:00
[2023-09-09T02:43:35.611+0000] {processor.py:176} INFO - Processing /home/airflow/.local/lib/python3.7/site-packages/airflow/example_dags/example_bash_operator.py took 0.114 seconds
[2023-09-09T02:44:06.787+0000] {processor.py:154} INFO - Started process (PID=1033) to work on /home/airflow/.local/lib/python3.7/site-packages/airflow/example_dags/example_bash_operator.py
[2023-09-09T02:44:06.788+0000] {processor.py:756} INFO - Processing file /home/airflow/.local/lib/python3.7/site-packages/airflow/example_dags/example_bash_operator.py for tasks to queue
[2023-09-09T02:44:06.788+0000] {logging_mixin.py:120} INFO - [2023-09-09T02:44:06.788+0000] {dagbag.py:537} INFO - Filling up the DagBag from /home/airflow/.local/lib/python3.7/site-packages/airflow/example_dags/example_bash_operator.py
[2023-09-09T02:44:06.804+0000] {processor.py:766} INFO - DAG(s) dict_keys(['example_bash_operator']) retrieved from /home/airflow/.local/lib/python3.7/site-packages/airflow/example_dags/example_bash_operator.py
[2023-09-09T02:44:06.844+0000] {logging_mixin.py:120} INFO - [2023-09-09T02:44:06.844+0000] {dag.py:2585} INFO - Sync 1 DAGs
[2023-09-09T02:44:06.868+0000] {logging_mixin.py:120} INFO - [2023-09-09T02:44:06.868+0000] {dag.py:3340} INFO - Setting next_dagrun for example_bash_operator to 2023-09-08T00:00:00+00:00, run_after=2023-09-09T00:00:00+00:00
[2023-09-09T02:44:06.889+0000] {processor.py:176} INFO - Processing /home/airflow/.local/lib/python3.7/site-packages/airflow/example_dags/example_bash_operator.py took 0.105 seconds
[2023-09-09T02:44:37.126+0000] {processor.py:154} INFO - Started process (PID=1108) to work on /home/airflow/.local/lib/python3.7/site-packages/airflow/example_dags/example_bash_operator.py
[2023-09-09T02:44:37.127+0000] {processor.py:756} INFO - Processing file /home/airflow/.local/lib/python3.7/site-packages/airflow/example_dags/example_bash_operator.py for tasks to queue
[2023-09-09T02:44:37.127+0000] {logging_mixin.py:120} INFO - [2023-09-09T02:44:37.127+0000] {dagbag.py:537} INFO - Filling up the DagBag from /home/airflow/.local/lib/python3.7/site-packages/airflow/example_dags/example_bash_operator.py
[2023-09-09T02:44:37.146+0000] {processor.py:766} INFO - DAG(s) dict_keys(['example_bash_operator']) retrieved from /home/airflow/.local/lib/python3.7/site-packages/airflow/example_dags/example_bash_operator.py
[2023-09-09T02:44:37.184+0000] {logging_mixin.py:120} INFO - [2023-09-09T02:44:37.183+0000] {dag.py:2585} INFO - Sync 1 DAGs
[2023-09-09T02:44:37.204+0000] {logging_mixin.py:120} INFO - [2023-09-09T02:44:37.204+0000] {dag.py:3340} INFO - Setting next_dagrun for example_bash_operator to 2023-09-08T00:00:00+00:00, run_after=2023-09-09T00:00:00+00:00
[2023-09-09T02:44:37.222+0000] {processor.py:176} INFO - Processing /home/airflow/.local/lib/python3.7/site-packages/airflow/example_dags/example_bash_operator.py took 0.099 seconds
[2023-09-09T02:45:07.343+0000] {processor.py:154} INFO - Started process (PID=1179) to work on /home/airflow/.local/lib/python3.7/site-packages/airflow/example_dags/example_bash_operator.py
[2023-09-09T02:45:07.344+0000] {processor.py:756} INFO - Processing file /home/airflow/.local/lib/python3.7/site-packages/airflow/example_dags/example_bash_operator.py for tasks to queue
[2023-09-09T02:45:07.345+0000] {logging_mixin.py:120} INFO - [2023-09-09T02:45:07.345+0000] {dagbag.py:537} INFO - Filling up the DagBag from /home/airflow/.local/lib/python3.7/site-packages/airflow/example_dags/example_bash_operator.py
[2023-09-09T02:45:07.366+0000] {processor.py:766} INFO - DAG(s) dict_keys(['example_bash_operator']) retrieved from /home/airflow/.local/lib/python3.7/site-packages/airflow/example_dags/example_bash_operator.py
[2023-09-09T02:45:07.402+0000] {logging_mixin.py:120} INFO - [2023-09-09T02:45:07.402+0000] {dag.py:2585} INFO - Sync 1 DAGs
[2023-09-09T02:45:07.426+0000] {logging_mixin.py:120} INFO - [2023-09-09T02:45:07.426+0000] {dag.py:3340} INFO - Setting next_dagrun for example_bash_operator to 2023-09-08T00:00:00+00:00, run_after=2023-09-09T00:00:00+00:00
[2023-09-09T02:45:07.447+0000] {processor.py:176} INFO - Processing /home/airflow/.local/lib/python3.7/site-packages/airflow/example_dags/example_bash_operator.py took 0.108 seconds
