[2023-09-09T02:37:28.008+0000] {processor.py:154} INFO - Started process (PID=77) to work on /home/airflow/.local/lib/python3.7/site-packages/airflow/example_dags/example_nested_branch_dag.py
[2023-09-09T02:37:28.010+0000] {processor.py:756} INFO - Processing file /home/airflow/.local/lib/python3.7/site-packages/airflow/example_dags/example_nested_branch_dag.py for tasks to queue
[2023-09-09T02:37:28.011+0000] {logging_mixin.py:120} INFO - [2023-09-09T02:37:28.010+0000] {dagbag.py:537} INFO - Filling up the DagBag from /home/airflow/.local/lib/python3.7/site-packages/airflow/example_dags/example_nested_branch_dag.py
[2023-09-09T02:37:28.037+0000] {processor.py:766} INFO - DAG(s) dict_keys(['example_nested_branch_dag']) retrieved from /home/airflow/.local/lib/python3.7/site-packages/airflow/example_dags/example_nested_branch_dag.py
[2023-09-09T02:37:28.077+0000] {logging_mixin.py:120} INFO - [2023-09-09T02:37:28.077+0000] {dag.py:2585} INFO - Sync 1 DAGs
[2023-09-09T02:37:28.100+0000] {logging_mixin.py:120} INFO - [2023-09-09T02:37:28.100+0000] {dag.py:3340} INFO - Setting next_dagrun for example_nested_branch_dag to 2023-09-08T00:00:00+00:00, run_after=2023-09-09T00:00:00+00:00
[2023-09-09T02:37:28.122+0000] {processor.py:176} INFO - Processing /home/airflow/.local/lib/python3.7/site-packages/airflow/example_dags/example_nested_branch_dag.py took 0.117 seconds
[2023-09-09T02:37:58.700+0000] {processor.py:154} INFO - Started process (PID=151) to work on /home/airflow/.local/lib/python3.7/site-packages/airflow/example_dags/example_nested_branch_dag.py
[2023-09-09T02:37:58.700+0000] {processor.py:756} INFO - Processing file /home/airflow/.local/lib/python3.7/site-packages/airflow/example_dags/example_nested_branch_dag.py for tasks to queue
[2023-09-09T02:37:58.701+0000] {logging_mixin.py:120} INFO - [2023-09-09T02:37:58.701+0000] {dagbag.py:537} INFO - Filling up the DagBag from /home/airflow/.local/lib/python3.7/site-packages/airflow/example_dags/example_nested_branch_dag.py
[2023-09-09T02:37:58.720+0000] {processor.py:766} INFO - DAG(s) dict_keys(['example_nested_branch_dag']) retrieved from /home/airflow/.local/lib/python3.7/site-packages/airflow/example_dags/example_nested_branch_dag.py
[2023-09-09T02:37:58.753+0000] {logging_mixin.py:120} INFO - [2023-09-09T02:37:58.753+0000] {dag.py:2585} INFO - Sync 1 DAGs
[2023-09-09T02:37:58.773+0000] {logging_mixin.py:120} INFO - [2023-09-09T02:37:58.773+0000] {dag.py:3340} INFO - Setting next_dagrun for example_nested_branch_dag to 2023-09-08T00:00:00+00:00, run_after=2023-09-09T00:00:00+00:00
[2023-09-09T02:37:58.790+0000] {processor.py:176} INFO - Processing /home/airflow/.local/lib/python3.7/site-packages/airflow/example_dags/example_nested_branch_dag.py took 0.093 seconds
[2023-09-09T02:38:29.277+0000] {processor.py:154} INFO - Started process (PID=226) to work on /home/airflow/.local/lib/python3.7/site-packages/airflow/example_dags/example_nested_branch_dag.py
[2023-09-09T02:38:29.278+0000] {processor.py:756} INFO - Processing file /home/airflow/.local/lib/python3.7/site-packages/airflow/example_dags/example_nested_branch_dag.py for tasks to queue
[2023-09-09T02:38:29.278+0000] {logging_mixin.py:120} INFO - [2023-09-09T02:38:29.278+0000] {dagbag.py:537} INFO - Filling up the DagBag from /home/airflow/.local/lib/python3.7/site-packages/airflow/example_dags/example_nested_branch_dag.py
[2023-09-09T02:38:29.298+0000] {processor.py:766} INFO - DAG(s) dict_keys(['example_nested_branch_dag']) retrieved from /home/airflow/.local/lib/python3.7/site-packages/airflow/example_dags/example_nested_branch_dag.py
[2023-09-09T02:38:29.329+0000] {logging_mixin.py:120} INFO - [2023-09-09T02:38:29.329+0000] {dag.py:2585} INFO - Sync 1 DAGs
[2023-09-09T02:38:29.350+0000] {logging_mixin.py:120} INFO - [2023-09-09T02:38:29.350+0000] {dag.py:3340} INFO - Setting next_dagrun for example_nested_branch_dag to 2023-09-08T00:00:00+00:00, run_after=2023-09-09T00:00:00+00:00
[2023-09-09T02:38:29.368+0000] {processor.py:176} INFO - Processing /home/airflow/.local/lib/python3.7/site-packages/airflow/example_dags/example_nested_branch_dag.py took 0.094 seconds
[2023-09-09T02:38:59.833+0000] {processor.py:154} INFO - Started process (PID=300) to work on /home/airflow/.local/lib/python3.7/site-packages/airflow/example_dags/example_nested_branch_dag.py
[2023-09-09T02:38:59.834+0000] {processor.py:756} INFO - Processing file /home/airflow/.local/lib/python3.7/site-packages/airflow/example_dags/example_nested_branch_dag.py for tasks to queue
[2023-09-09T02:38:59.835+0000] {logging_mixin.py:120} INFO - [2023-09-09T02:38:59.835+0000] {dagbag.py:537} INFO - Filling up the DagBag from /home/airflow/.local/lib/python3.7/site-packages/airflow/example_dags/example_nested_branch_dag.py
[2023-09-09T02:38:59.859+0000] {processor.py:766} INFO - DAG(s) dict_keys(['example_nested_branch_dag']) retrieved from /home/airflow/.local/lib/python3.7/site-packages/airflow/example_dags/example_nested_branch_dag.py
[2023-09-09T02:38:59.892+0000] {logging_mixin.py:120} INFO - [2023-09-09T02:38:59.892+0000] {dag.py:2585} INFO - Sync 1 DAGs
[2023-09-09T02:38:59.913+0000] {logging_mixin.py:120} INFO - [2023-09-09T02:38:59.913+0000] {dag.py:3340} INFO - Setting next_dagrun for example_nested_branch_dag to 2023-09-08T00:00:00+00:00, run_after=2023-09-09T00:00:00+00:00
[2023-09-09T02:38:59.933+0000] {processor.py:176} INFO - Processing /home/airflow/.local/lib/python3.7/site-packages/airflow/example_dags/example_nested_branch_dag.py took 0.102 seconds
[2023-09-09T02:39:30.282+0000] {processor.py:154} INFO - Started process (PID=365) to work on /home/airflow/.local/lib/python3.7/site-packages/airflow/example_dags/example_nested_branch_dag.py
[2023-09-09T02:39:30.283+0000] {processor.py:756} INFO - Processing file /home/airflow/.local/lib/python3.7/site-packages/airflow/example_dags/example_nested_branch_dag.py for tasks to queue
[2023-09-09T02:39:30.284+0000] {logging_mixin.py:120} INFO - [2023-09-09T02:39:30.284+0000] {dagbag.py:537} INFO - Filling up the DagBag from /home/airflow/.local/lib/python3.7/site-packages/airflow/example_dags/example_nested_branch_dag.py
[2023-09-09T02:39:30.302+0000] {processor.py:766} INFO - DAG(s) dict_keys(['example_nested_branch_dag']) retrieved from /home/airflow/.local/lib/python3.7/site-packages/airflow/example_dags/example_nested_branch_dag.py
[2023-09-09T02:39:30.335+0000] {logging_mixin.py:120} INFO - [2023-09-09T02:39:30.335+0000] {dag.py:2585} INFO - Sync 1 DAGs
[2023-09-09T02:39:30.357+0000] {logging_mixin.py:120} INFO - [2023-09-09T02:39:30.357+0000] {dag.py:3340} INFO - Setting next_dagrun for example_nested_branch_dag to 2023-09-08T00:00:00+00:00, run_after=2023-09-09T00:00:00+00:00
[2023-09-09T02:39:30.377+0000] {processor.py:176} INFO - Processing /home/airflow/.local/lib/python3.7/site-packages/airflow/example_dags/example_nested_branch_dag.py took 0.097 seconds
[2023-09-09T02:40:01.388+0000] {processor.py:154} INFO - Started process (PID=439) to work on /home/airflow/.local/lib/python3.7/site-packages/airflow/example_dags/example_nested_branch_dag.py
[2023-09-09T02:40:01.388+0000] {processor.py:756} INFO - Processing file /home/airflow/.local/lib/python3.7/site-packages/airflow/example_dags/example_nested_branch_dag.py for tasks to queue
[2023-09-09T02:40:01.389+0000] {logging_mixin.py:120} INFO - [2023-09-09T02:40:01.389+0000] {dagbag.py:537} INFO - Filling up the DagBag from /home/airflow/.local/lib/python3.7/site-packages/airflow/example_dags/example_nested_branch_dag.py
[2023-09-09T02:40:01.410+0000] {processor.py:766} INFO - DAG(s) dict_keys(['example_nested_branch_dag']) retrieved from /home/airflow/.local/lib/python3.7/site-packages/airflow/example_dags/example_nested_branch_dag.py
[2023-09-09T02:40:01.445+0000] {logging_mixin.py:120} INFO - [2023-09-09T02:40:01.445+0000] {dag.py:2585} INFO - Sync 1 DAGs
[2023-09-09T02:40:01.464+0000] {logging_mixin.py:120} INFO - [2023-09-09T02:40:01.464+0000] {dag.py:3340} INFO - Setting next_dagrun for example_nested_branch_dag to 2023-09-08T00:00:00+00:00, run_after=2023-09-09T00:00:00+00:00
[2023-09-09T02:40:01.483+0000] {processor.py:176} INFO - Processing /home/airflow/.local/lib/python3.7/site-packages/airflow/example_dags/example_nested_branch_dag.py took 0.098 seconds
[2023-09-09T02:40:31.909+0000] {processor.py:154} INFO - Started process (PID=513) to work on /home/airflow/.local/lib/python3.7/site-packages/airflow/example_dags/example_nested_branch_dag.py
[2023-09-09T02:40:31.910+0000] {processor.py:756} INFO - Processing file /home/airflow/.local/lib/python3.7/site-packages/airflow/example_dags/example_nested_branch_dag.py for tasks to queue
[2023-09-09T02:40:31.910+0000] {logging_mixin.py:120} INFO - [2023-09-09T02:40:31.910+0000] {dagbag.py:537} INFO - Filling up the DagBag from /home/airflow/.local/lib/python3.7/site-packages/airflow/example_dags/example_nested_branch_dag.py
[2023-09-09T02:40:31.932+0000] {processor.py:766} INFO - DAG(s) dict_keys(['example_nested_branch_dag']) retrieved from /home/airflow/.local/lib/python3.7/site-packages/airflow/example_dags/example_nested_branch_dag.py
[2023-09-09T02:40:31.969+0000] {logging_mixin.py:120} INFO - [2023-09-09T02:40:31.969+0000] {dag.py:2585} INFO - Sync 1 DAGs
[2023-09-09T02:40:31.989+0000] {logging_mixin.py:120} INFO - [2023-09-09T02:40:31.989+0000] {dag.py:3340} INFO - Setting next_dagrun for example_nested_branch_dag to 2023-09-08T00:00:00+00:00, run_after=2023-09-09T00:00:00+00:00
[2023-09-09T02:40:32.006+0000] {processor.py:176} INFO - Processing /home/airflow/.local/lib/python3.7/site-packages/airflow/example_dags/example_nested_branch_dag.py took 0.101 seconds
[2023-09-09T02:41:02.360+0000] {processor.py:154} INFO - Started process (PID=587) to work on /home/airflow/.local/lib/python3.7/site-packages/airflow/example_dags/example_nested_branch_dag.py
[2023-09-09T02:41:02.361+0000] {processor.py:756} INFO - Processing file /home/airflow/.local/lib/python3.7/site-packages/airflow/example_dags/example_nested_branch_dag.py for tasks to queue
[2023-09-09T02:41:02.362+0000] {logging_mixin.py:120} INFO - [2023-09-09T02:41:02.362+0000] {dagbag.py:537} INFO - Filling up the DagBag from /home/airflow/.local/lib/python3.7/site-packages/airflow/example_dags/example_nested_branch_dag.py
[2023-09-09T02:41:02.381+0000] {processor.py:766} INFO - DAG(s) dict_keys(['example_nested_branch_dag']) retrieved from /home/airflow/.local/lib/python3.7/site-packages/airflow/example_dags/example_nested_branch_dag.py
[2023-09-09T02:41:02.414+0000] {logging_mixin.py:120} INFO - [2023-09-09T02:41:02.413+0000] {dag.py:2585} INFO - Sync 1 DAGs
[2023-09-09T02:41:02.434+0000] {logging_mixin.py:120} INFO - [2023-09-09T02:41:02.434+0000] {dag.py:3340} INFO - Setting next_dagrun for example_nested_branch_dag to 2023-09-08T00:00:00+00:00, run_after=2023-09-09T00:00:00+00:00
[2023-09-09T02:41:02.453+0000] {processor.py:176} INFO - Processing /home/airflow/.local/lib/python3.7/site-packages/airflow/example_dags/example_nested_branch_dag.py took 0.096 seconds
[2023-09-09T02:41:33.063+0000] {processor.py:154} INFO - Started process (PID=669) to work on /home/airflow/.local/lib/python3.7/site-packages/airflow/example_dags/example_nested_branch_dag.py
[2023-09-09T02:41:33.064+0000] {processor.py:756} INFO - Processing file /home/airflow/.local/lib/python3.7/site-packages/airflow/example_dags/example_nested_branch_dag.py for tasks to queue
[2023-09-09T02:41:33.065+0000] {logging_mixin.py:120} INFO - [2023-09-09T02:41:33.065+0000] {dagbag.py:537} INFO - Filling up the DagBag from /home/airflow/.local/lib/python3.7/site-packages/airflow/example_dags/example_nested_branch_dag.py
[2023-09-09T02:41:33.096+0000] {processor.py:766} INFO - DAG(s) dict_keys(['example_nested_branch_dag']) retrieved from /home/airflow/.local/lib/python3.7/site-packages/airflow/example_dags/example_nested_branch_dag.py
[2023-09-09T02:41:33.136+0000] {logging_mixin.py:120} INFO - [2023-09-09T02:41:33.136+0000] {dag.py:2585} INFO - Sync 1 DAGs
[2023-09-09T02:41:33.161+0000] {logging_mixin.py:120} INFO - [2023-09-09T02:41:33.161+0000] {dag.py:3340} INFO - Setting next_dagrun for example_nested_branch_dag to 2023-09-08T00:00:00+00:00, run_after=2023-09-09T00:00:00+00:00
[2023-09-09T02:41:33.186+0000] {processor.py:176} INFO - Processing /home/airflow/.local/lib/python3.7/site-packages/airflow/example_dags/example_nested_branch_dag.py took 0.126 seconds
[2023-09-09T02:42:03.636+0000] {processor.py:154} INFO - Started process (PID=736) to work on /home/airflow/.local/lib/python3.7/site-packages/airflow/example_dags/example_nested_branch_dag.py
[2023-09-09T02:42:03.637+0000] {processor.py:756} INFO - Processing file /home/airflow/.local/lib/python3.7/site-packages/airflow/example_dags/example_nested_branch_dag.py for tasks to queue
[2023-09-09T02:42:03.638+0000] {logging_mixin.py:120} INFO - [2023-09-09T02:42:03.638+0000] {dagbag.py:537} INFO - Filling up the DagBag from /home/airflow/.local/lib/python3.7/site-packages/airflow/example_dags/example_nested_branch_dag.py
[2023-09-09T02:42:03.658+0000] {processor.py:766} INFO - DAG(s) dict_keys(['example_nested_branch_dag']) retrieved from /home/airflow/.local/lib/python3.7/site-packages/airflow/example_dags/example_nested_branch_dag.py
[2023-09-09T02:42:03.690+0000] {logging_mixin.py:120} INFO - [2023-09-09T02:42:03.690+0000] {dag.py:2585} INFO - Sync 1 DAGs
[2023-09-09T02:42:03.714+0000] {logging_mixin.py:120} INFO - [2023-09-09T02:42:03.714+0000] {dag.py:3340} INFO - Setting next_dagrun for example_nested_branch_dag to 2023-09-08T00:00:00+00:00, run_after=2023-09-09T00:00:00+00:00
[2023-09-09T02:42:03.734+0000] {processor.py:176} INFO - Processing /home/airflow/.local/lib/python3.7/site-packages/airflow/example_dags/example_nested_branch_dag.py took 0.101 seconds
[2023-09-09T02:42:34.223+0000] {processor.py:154} INFO - Started process (PID=814) to work on /home/airflow/.local/lib/python3.7/site-packages/airflow/example_dags/example_nested_branch_dag.py
[2023-09-09T02:42:34.224+0000] {processor.py:756} INFO - Processing file /home/airflow/.local/lib/python3.7/site-packages/airflow/example_dags/example_nested_branch_dag.py for tasks to queue
[2023-09-09T02:42:34.225+0000] {logging_mixin.py:120} INFO - [2023-09-09T02:42:34.225+0000] {dagbag.py:537} INFO - Filling up the DagBag from /home/airflow/.local/lib/python3.7/site-packages/airflow/example_dags/example_nested_branch_dag.py
[2023-09-09T02:42:34.247+0000] {processor.py:766} INFO - DAG(s) dict_keys(['example_nested_branch_dag']) retrieved from /home/airflow/.local/lib/python3.7/site-packages/airflow/example_dags/example_nested_branch_dag.py
[2023-09-09T02:42:34.282+0000] {logging_mixin.py:120} INFO - [2023-09-09T02:42:34.282+0000] {dag.py:2585} INFO - Sync 1 DAGs
[2023-09-09T02:42:34.306+0000] {logging_mixin.py:120} INFO - [2023-09-09T02:42:34.305+0000] {dag.py:3340} INFO - Setting next_dagrun for example_nested_branch_dag to 2023-09-08T00:00:00+00:00, run_after=2023-09-09T00:00:00+00:00
[2023-09-09T02:42:34.327+0000] {processor.py:176} INFO - Processing /home/airflow/.local/lib/python3.7/site-packages/airflow/example_dags/example_nested_branch_dag.py took 0.106 seconds
[2023-09-09T02:43:04.589+0000] {processor.py:154} INFO - Started process (PID=892) to work on /home/airflow/.local/lib/python3.7/site-packages/airflow/example_dags/example_nested_branch_dag.py
[2023-09-09T02:43:04.589+0000] {processor.py:756} INFO - Processing file /home/airflow/.local/lib/python3.7/site-packages/airflow/example_dags/example_nested_branch_dag.py for tasks to queue
[2023-09-09T02:43:04.590+0000] {logging_mixin.py:120} INFO - [2023-09-09T02:43:04.590+0000] {dagbag.py:537} INFO - Filling up the DagBag from /home/airflow/.local/lib/python3.7/site-packages/airflow/example_dags/example_nested_branch_dag.py
[2023-09-09T02:43:04.608+0000] {processor.py:766} INFO - DAG(s) dict_keys(['example_nested_branch_dag']) retrieved from /home/airflow/.local/lib/python3.7/site-packages/airflow/example_dags/example_nested_branch_dag.py
[2023-09-09T02:43:04.636+0000] {logging_mixin.py:120} INFO - [2023-09-09T02:43:04.636+0000] {dag.py:2585} INFO - Sync 1 DAGs
[2023-09-09T02:43:04.654+0000] {logging_mixin.py:120} INFO - [2023-09-09T02:43:04.654+0000] {dag.py:3340} INFO - Setting next_dagrun for example_nested_branch_dag to 2023-09-08T00:00:00+00:00, run_after=2023-09-09T00:00:00+00:00
[2023-09-09T02:43:04.677+0000] {processor.py:176} INFO - Processing /home/airflow/.local/lib/python3.7/site-packages/airflow/example_dags/example_nested_branch_dag.py took 0.090 seconds
[2023-09-09T02:43:35.356+0000] {processor.py:154} INFO - Started process (PID=966) to work on /home/airflow/.local/lib/python3.7/site-packages/airflow/example_dags/example_nested_branch_dag.py
[2023-09-09T02:43:35.357+0000] {processor.py:756} INFO - Processing file /home/airflow/.local/lib/python3.7/site-packages/airflow/example_dags/example_nested_branch_dag.py for tasks to queue
[2023-09-09T02:43:35.358+0000] {logging_mixin.py:120} INFO - [2023-09-09T02:43:35.357+0000] {dagbag.py:537} INFO - Filling up the DagBag from /home/airflow/.local/lib/python3.7/site-packages/airflow/example_dags/example_nested_branch_dag.py
[2023-09-09T02:43:35.377+0000] {processor.py:766} INFO - DAG(s) dict_keys(['example_nested_branch_dag']) retrieved from /home/airflow/.local/lib/python3.7/site-packages/airflow/example_dags/example_nested_branch_dag.py
[2023-09-09T02:43:35.416+0000] {logging_mixin.py:120} INFO - [2023-09-09T02:43:35.416+0000] {dag.py:2585} INFO - Sync 1 DAGs
[2023-09-09T02:43:35.445+0000] {logging_mixin.py:120} INFO - [2023-09-09T02:43:35.445+0000] {dag.py:3340} INFO - Setting next_dagrun for example_nested_branch_dag to 2023-09-08T00:00:00+00:00, run_after=2023-09-09T00:00:00+00:00
[2023-09-09T02:43:35.465+0000] {processor.py:176} INFO - Processing /home/airflow/.local/lib/python3.7/site-packages/airflow/example_dags/example_nested_branch_dag.py took 0.112 seconds
[2023-09-09T02:44:06.421+0000] {processor.py:154} INFO - Started process (PID=1031) to work on /home/airflow/.local/lib/python3.7/site-packages/airflow/example_dags/example_nested_branch_dag.py
[2023-09-09T02:44:06.422+0000] {processor.py:756} INFO - Processing file /home/airflow/.local/lib/python3.7/site-packages/airflow/example_dags/example_nested_branch_dag.py for tasks to queue
[2023-09-09T02:44:06.423+0000] {logging_mixin.py:120} INFO - [2023-09-09T02:44:06.423+0000] {dagbag.py:537} INFO - Filling up the DagBag from /home/airflow/.local/lib/python3.7/site-packages/airflow/example_dags/example_nested_branch_dag.py
[2023-09-09T02:44:06.444+0000] {processor.py:766} INFO - DAG(s) dict_keys(['example_nested_branch_dag']) retrieved from /home/airflow/.local/lib/python3.7/site-packages/airflow/example_dags/example_nested_branch_dag.py
[2023-09-09T02:44:06.484+0000] {logging_mixin.py:120} INFO - [2023-09-09T02:44:06.483+0000] {dag.py:2585} INFO - Sync 1 DAGs
[2023-09-09T02:44:06.508+0000] {logging_mixin.py:120} INFO - [2023-09-09T02:44:06.508+0000] {dag.py:3340} INFO - Setting next_dagrun for example_nested_branch_dag to 2023-09-08T00:00:00+00:00, run_after=2023-09-09T00:00:00+00:00
[2023-09-09T02:44:06.528+0000] {processor.py:176} INFO - Processing /home/airflow/.local/lib/python3.7/site-packages/airflow/example_dags/example_nested_branch_dag.py took 0.111 seconds
[2023-09-09T02:44:36.654+0000] {processor.py:154} INFO - Started process (PID=1105) to work on /home/airflow/.local/lib/python3.7/site-packages/airflow/example_dags/example_nested_branch_dag.py
[2023-09-09T02:44:36.655+0000] {processor.py:756} INFO - Processing file /home/airflow/.local/lib/python3.7/site-packages/airflow/example_dags/example_nested_branch_dag.py for tasks to queue
[2023-09-09T02:44:36.656+0000] {logging_mixin.py:120} INFO - [2023-09-09T02:44:36.656+0000] {dagbag.py:537} INFO - Filling up the DagBag from /home/airflow/.local/lib/python3.7/site-packages/airflow/example_dags/example_nested_branch_dag.py
[2023-09-09T02:44:36.674+0000] {processor.py:766} INFO - DAG(s) dict_keys(['example_nested_branch_dag']) retrieved from /home/airflow/.local/lib/python3.7/site-packages/airflow/example_dags/example_nested_branch_dag.py
[2023-09-09T02:44:36.705+0000] {logging_mixin.py:120} INFO - [2023-09-09T02:44:36.705+0000] {dag.py:2585} INFO - Sync 1 DAGs
[2023-09-09T02:44:36.725+0000] {logging_mixin.py:120} INFO - [2023-09-09T02:44:36.724+0000] {dag.py:3340} INFO - Setting next_dagrun for example_nested_branch_dag to 2023-09-08T00:00:00+00:00, run_after=2023-09-09T00:00:00+00:00
[2023-09-09T02:44:36.745+0000] {processor.py:176} INFO - Processing /home/airflow/.local/lib/python3.7/site-packages/airflow/example_dags/example_nested_branch_dag.py took 0.093 seconds
[2023-09-09T02:45:07.212+0000] {processor.py:154} INFO - Started process (PID=1177) to work on /home/airflow/.local/lib/python3.7/site-packages/airflow/example_dags/example_nested_branch_dag.py
[2023-09-09T02:45:07.213+0000] {processor.py:756} INFO - Processing file /home/airflow/.local/lib/python3.7/site-packages/airflow/example_dags/example_nested_branch_dag.py for tasks to queue
[2023-09-09T02:45:07.214+0000] {logging_mixin.py:120} INFO - [2023-09-09T02:45:07.214+0000] {dagbag.py:537} INFO - Filling up the DagBag from /home/airflow/.local/lib/python3.7/site-packages/airflow/example_dags/example_nested_branch_dag.py
[2023-09-09T02:45:07.233+0000] {processor.py:766} INFO - DAG(s) dict_keys(['example_nested_branch_dag']) retrieved from /home/airflow/.local/lib/python3.7/site-packages/airflow/example_dags/example_nested_branch_dag.py
[2023-09-09T02:45:07.267+0000] {logging_mixin.py:120} INFO - [2023-09-09T02:45:07.267+0000] {dag.py:2585} INFO - Sync 1 DAGs
[2023-09-09T02:45:07.288+0000] {logging_mixin.py:120} INFO - [2023-09-09T02:45:07.287+0000] {dag.py:3340} INFO - Setting next_dagrun for example_nested_branch_dag to 2023-09-08T00:00:00+00:00, run_after=2023-09-09T00:00:00+00:00
[2023-09-09T02:45:07.306+0000] {processor.py:176} INFO - Processing /home/airflow/.local/lib/python3.7/site-packages/airflow/example_dags/example_nested_branch_dag.py took 0.096 seconds
