[2023-09-09T02:37:27.319+0000] {processor.py:154} INFO - Started process (PID=66) to work on /home/airflow/.local/lib/python3.7/site-packages/airflow/example_dags/example_complex.py
[2023-09-09T02:37:27.320+0000] {processor.py:756} INFO - Processing file /home/airflow/.local/lib/python3.7/site-packages/airflow/example_dags/example_complex.py for tasks to queue
[2023-09-09T02:37:27.320+0000] {logging_mixin.py:120} INFO - [2023-09-09T02:37:27.320+0000] {dagbag.py:537} INFO - Filling up the DagBag from /home/airflow/.local/lib/python3.7/site-packages/airflow/example_dags/example_complex.py
[2023-09-09T02:37:27.330+0000] {logging_mixin.py:120} INFO - [2023-09-09T02:37:27.330+0000] {taskmixin.py:205} WARNING - Dependency <Task(BashOperator): create_entry_group>, delete_entry_group already registered for DAG: example_complex
[2023-09-09T02:37:27.331+0000] {logging_mixin.py:120} INFO - [2023-09-09T02:37:27.331+0000] {taskmixin.py:205} WARNING - Dependency <Task(BashOperator): delete_entry_group>, create_entry_group already registered for DAG: example_complex
[2023-09-09T02:37:27.331+0000] {logging_mixin.py:120} INFO - [2023-09-09T02:37:27.331+0000] {taskmixin.py:205} WARNING - Dependency <Task(BashOperator): create_entry_gcs>, delete_entry already registered for DAG: example_complex
[2023-09-09T02:37:27.332+0000] {logging_mixin.py:120} INFO - [2023-09-09T02:37:27.332+0000] {taskmixin.py:205} WARNING - Dependency <Task(BashOperator): delete_entry>, create_entry_gcs already registered for DAG: example_complex
[2023-09-09T02:37:27.332+0000] {logging_mixin.py:120} INFO - [2023-09-09T02:37:27.332+0000] {taskmixin.py:205} WARNING - Dependency <Task(BashOperator): create_tag>, delete_tag already registered for DAG: example_complex
[2023-09-09T02:37:27.332+0000] {logging_mixin.py:120} INFO - [2023-09-09T02:37:27.332+0000] {taskmixin.py:205} WARNING - Dependency <Task(BashOperator): delete_tag>, create_tag already registered for DAG: example_complex
[2023-09-09T02:37:27.340+0000] {processor.py:766} INFO - DAG(s) dict_keys(['example_complex']) retrieved from /home/airflow/.local/lib/python3.7/site-packages/airflow/example_dags/example_complex.py
[2023-09-09T02:37:27.377+0000] {logging_mixin.py:120} INFO - [2023-09-09T02:37:27.377+0000] {dag.py:2585} INFO - Sync 1 DAGs
[2023-09-09T02:37:27.397+0000] {logging_mixin.py:120} INFO - [2023-09-09T02:37:27.396+0000] {dag.py:3340} INFO - Setting next_dagrun for example_complex to None, run_after=None
[2023-09-09T02:37:27.416+0000] {processor.py:176} INFO - Processing /home/airflow/.local/lib/python3.7/site-packages/airflow/example_dags/example_complex.py took 0.100 seconds
[2023-09-09T02:37:58.103+0000] {processor.py:154} INFO - Started process (PID=140) to work on /home/airflow/.local/lib/python3.7/site-packages/airflow/example_dags/example_complex.py
[2023-09-09T02:37:58.104+0000] {processor.py:756} INFO - Processing file /home/airflow/.local/lib/python3.7/site-packages/airflow/example_dags/example_complex.py for tasks to queue
[2023-09-09T02:37:58.105+0000] {logging_mixin.py:120} INFO - [2023-09-09T02:37:58.105+0000] {dagbag.py:537} INFO - Filling up the DagBag from /home/airflow/.local/lib/python3.7/site-packages/airflow/example_dags/example_complex.py
[2023-09-09T02:37:58.116+0000] {logging_mixin.py:120} INFO - [2023-09-09T02:37:58.116+0000] {taskmixin.py:205} WARNING - Dependency <Task(BashOperator): create_entry_group>, delete_entry_group already registered for DAG: example_complex
[2023-09-09T02:37:58.117+0000] {logging_mixin.py:120} INFO - [2023-09-09T02:37:58.117+0000] {taskmixin.py:205} WARNING - Dependency <Task(BashOperator): delete_entry_group>, create_entry_group already registered for DAG: example_complex
[2023-09-09T02:37:58.117+0000] {logging_mixin.py:120} INFO - [2023-09-09T02:37:58.117+0000] {taskmixin.py:205} WARNING - Dependency <Task(BashOperator): create_entry_gcs>, delete_entry already registered for DAG: example_complex
[2023-09-09T02:37:58.118+0000] {logging_mixin.py:120} INFO - [2023-09-09T02:37:58.118+0000] {taskmixin.py:205} WARNING - Dependency <Task(BashOperator): delete_entry>, create_entry_gcs already registered for DAG: example_complex
[2023-09-09T02:37:58.118+0000] {logging_mixin.py:120} INFO - [2023-09-09T02:37:58.118+0000] {taskmixin.py:205} WARNING - Dependency <Task(BashOperator): create_tag>, delete_tag already registered for DAG: example_complex
[2023-09-09T02:37:58.119+0000] {logging_mixin.py:120} INFO - [2023-09-09T02:37:58.118+0000] {taskmixin.py:205} WARNING - Dependency <Task(BashOperator): delete_tag>, create_tag already registered for DAG: example_complex
[2023-09-09T02:37:58.125+0000] {processor.py:766} INFO - DAG(s) dict_keys(['example_complex']) retrieved from /home/airflow/.local/lib/python3.7/site-packages/airflow/example_dags/example_complex.py
[2023-09-09T02:37:58.160+0000] {logging_mixin.py:120} INFO - [2023-09-09T02:37:58.160+0000] {dag.py:2585} INFO - Sync 1 DAGs
[2023-09-09T02:37:58.180+0000] {logging_mixin.py:120} INFO - [2023-09-09T02:37:58.179+0000] {dag.py:3340} INFO - Setting next_dagrun for example_complex to None, run_after=None
[2023-09-09T02:37:58.196+0000] {processor.py:176} INFO - Processing /home/airflow/.local/lib/python3.7/site-packages/airflow/example_dags/example_complex.py took 0.095 seconds
[2023-09-09T02:38:28.604+0000] {processor.py:154} INFO - Started process (PID=215) to work on /home/airflow/.local/lib/python3.7/site-packages/airflow/example_dags/example_complex.py
[2023-09-09T02:38:28.605+0000] {processor.py:756} INFO - Processing file /home/airflow/.local/lib/python3.7/site-packages/airflow/example_dags/example_complex.py for tasks to queue
[2023-09-09T02:38:28.606+0000] {logging_mixin.py:120} INFO - [2023-09-09T02:38:28.606+0000] {dagbag.py:537} INFO - Filling up the DagBag from /home/airflow/.local/lib/python3.7/site-packages/airflow/example_dags/example_complex.py
[2023-09-09T02:38:28.615+0000] {logging_mixin.py:120} INFO - [2023-09-09T02:38:28.615+0000] {taskmixin.py:205} WARNING - Dependency <Task(BashOperator): create_entry_group>, delete_entry_group already registered for DAG: example_complex
[2023-09-09T02:38:28.615+0000] {logging_mixin.py:120} INFO - [2023-09-09T02:38:28.615+0000] {taskmixin.py:205} WARNING - Dependency <Task(BashOperator): delete_entry_group>, create_entry_group already registered for DAG: example_complex
[2023-09-09T02:38:28.616+0000] {logging_mixin.py:120} INFO - [2023-09-09T02:38:28.616+0000] {taskmixin.py:205} WARNING - Dependency <Task(BashOperator): create_entry_gcs>, delete_entry already registered for DAG: example_complex
[2023-09-09T02:38:28.616+0000] {logging_mixin.py:120} INFO - [2023-09-09T02:38:28.616+0000] {taskmixin.py:205} WARNING - Dependency <Task(BashOperator): delete_entry>, create_entry_gcs already registered for DAG: example_complex
[2023-09-09T02:38:28.617+0000] {logging_mixin.py:120} INFO - [2023-09-09T02:38:28.617+0000] {taskmixin.py:205} WARNING - Dependency <Task(BashOperator): create_tag>, delete_tag already registered for DAG: example_complex
[2023-09-09T02:38:28.617+0000] {logging_mixin.py:120} INFO - [2023-09-09T02:38:28.617+0000] {taskmixin.py:205} WARNING - Dependency <Task(BashOperator): delete_tag>, create_tag already registered for DAG: example_complex
[2023-09-09T02:38:28.623+0000] {processor.py:766} INFO - DAG(s) dict_keys(['example_complex']) retrieved from /home/airflow/.local/lib/python3.7/site-packages/airflow/example_dags/example_complex.py
[2023-09-09T02:38:28.659+0000] {logging_mixin.py:120} INFO - [2023-09-09T02:38:28.659+0000] {dag.py:2585} INFO - Sync 1 DAGs
[2023-09-09T02:38:28.677+0000] {logging_mixin.py:120} INFO - [2023-09-09T02:38:28.677+0000] {dag.py:3340} INFO - Setting next_dagrun for example_complex to None, run_after=None
[2023-09-09T02:38:28.699+0000] {processor.py:176} INFO - Processing /home/airflow/.local/lib/python3.7/site-packages/airflow/example_dags/example_complex.py took 0.098 seconds
[2023-09-09T02:38:59.224+0000] {processor.py:154} INFO - Started process (PID=289) to work on /home/airflow/.local/lib/python3.7/site-packages/airflow/example_dags/example_complex.py
[2023-09-09T02:38:59.225+0000] {processor.py:756} INFO - Processing file /home/airflow/.local/lib/python3.7/site-packages/airflow/example_dags/example_complex.py for tasks to queue
[2023-09-09T02:38:59.226+0000] {logging_mixin.py:120} INFO - [2023-09-09T02:38:59.226+0000] {dagbag.py:537} INFO - Filling up the DagBag from /home/airflow/.local/lib/python3.7/site-packages/airflow/example_dags/example_complex.py
[2023-09-09T02:38:59.236+0000] {logging_mixin.py:120} INFO - [2023-09-09T02:38:59.236+0000] {taskmixin.py:205} WARNING - Dependency <Task(BashOperator): create_entry_group>, delete_entry_group already registered for DAG: example_complex
[2023-09-09T02:38:59.236+0000] {logging_mixin.py:120} INFO - [2023-09-09T02:38:59.236+0000] {taskmixin.py:205} WARNING - Dependency <Task(BashOperator): delete_entry_group>, create_entry_group already registered for DAG: example_complex
[2023-09-09T02:38:59.237+0000] {logging_mixin.py:120} INFO - [2023-09-09T02:38:59.237+0000] {taskmixin.py:205} WARNING - Dependency <Task(BashOperator): create_entry_gcs>, delete_entry already registered for DAG: example_complex
[2023-09-09T02:38:59.237+0000] {logging_mixin.py:120} INFO - [2023-09-09T02:38:59.237+0000] {taskmixin.py:205} WARNING - Dependency <Task(BashOperator): delete_entry>, create_entry_gcs already registered for DAG: example_complex
[2023-09-09T02:38:59.238+0000] {logging_mixin.py:120} INFO - [2023-09-09T02:38:59.238+0000] {taskmixin.py:205} WARNING - Dependency <Task(BashOperator): create_tag>, delete_tag already registered for DAG: example_complex
[2023-09-09T02:38:59.238+0000] {logging_mixin.py:120} INFO - [2023-09-09T02:38:59.238+0000] {taskmixin.py:205} WARNING - Dependency <Task(BashOperator): delete_tag>, create_tag already registered for DAG: example_complex
[2023-09-09T02:38:59.244+0000] {processor.py:766} INFO - DAG(s) dict_keys(['example_complex']) retrieved from /home/airflow/.local/lib/python3.7/site-packages/airflow/example_dags/example_complex.py
[2023-09-09T02:38:59.282+0000] {logging_mixin.py:120} INFO - [2023-09-09T02:38:59.282+0000] {dag.py:2585} INFO - Sync 1 DAGs
[2023-09-09T02:38:59.303+0000] {logging_mixin.py:120} INFO - [2023-09-09T02:38:59.302+0000] {dag.py:3340} INFO - Setting next_dagrun for example_complex to None, run_after=None
[2023-09-09T02:38:59.323+0000] {processor.py:176} INFO - Processing /home/airflow/.local/lib/python3.7/site-packages/airflow/example_dags/example_complex.py took 0.102 seconds
[2023-09-09T02:39:29.670+0000] {processor.py:154} INFO - Started process (PID=354) to work on /home/airflow/.local/lib/python3.7/site-packages/airflow/example_dags/example_complex.py
[2023-09-09T02:39:29.671+0000] {processor.py:756} INFO - Processing file /home/airflow/.local/lib/python3.7/site-packages/airflow/example_dags/example_complex.py for tasks to queue
[2023-09-09T02:39:29.672+0000] {logging_mixin.py:120} INFO - [2023-09-09T02:39:29.672+0000] {dagbag.py:537} INFO - Filling up the DagBag from /home/airflow/.local/lib/python3.7/site-packages/airflow/example_dags/example_complex.py
[2023-09-09T02:39:29.681+0000] {logging_mixin.py:120} INFO - [2023-09-09T02:39:29.681+0000] {taskmixin.py:205} WARNING - Dependency <Task(BashOperator): create_entry_group>, delete_entry_group already registered for DAG: example_complex
[2023-09-09T02:39:29.682+0000] {logging_mixin.py:120} INFO - [2023-09-09T02:39:29.681+0000] {taskmixin.py:205} WARNING - Dependency <Task(BashOperator): delete_entry_group>, create_entry_group already registered for DAG: example_complex
[2023-09-09T02:39:29.682+0000] {logging_mixin.py:120} INFO - [2023-09-09T02:39:29.682+0000] {taskmixin.py:205} WARNING - Dependency <Task(BashOperator): create_entry_gcs>, delete_entry already registered for DAG: example_complex
[2023-09-09T02:39:29.683+0000] {logging_mixin.py:120} INFO - [2023-09-09T02:39:29.682+0000] {taskmixin.py:205} WARNING - Dependency <Task(BashOperator): delete_entry>, create_entry_gcs already registered for DAG: example_complex
[2023-09-09T02:39:29.683+0000] {logging_mixin.py:120} INFO - [2023-09-09T02:39:29.683+0000] {taskmixin.py:205} WARNING - Dependency <Task(BashOperator): create_tag>, delete_tag already registered for DAG: example_complex
[2023-09-09T02:39:29.683+0000] {logging_mixin.py:120} INFO - [2023-09-09T02:39:29.683+0000] {taskmixin.py:205} WARNING - Dependency <Task(BashOperator): delete_tag>, create_tag already registered for DAG: example_complex
[2023-09-09T02:39:29.690+0000] {processor.py:766} INFO - DAG(s) dict_keys(['example_complex']) retrieved from /home/airflow/.local/lib/python3.7/site-packages/airflow/example_dags/example_complex.py
[2023-09-09T02:39:29.731+0000] {logging_mixin.py:120} INFO - [2023-09-09T02:39:29.731+0000] {dag.py:2585} INFO - Sync 1 DAGs
[2023-09-09T02:39:29.752+0000] {logging_mixin.py:120} INFO - [2023-09-09T02:39:29.751+0000] {dag.py:3340} INFO - Setting next_dagrun for example_complex to None, run_after=None
[2023-09-09T02:39:29.778+0000] {processor.py:176} INFO - Processing /home/airflow/.local/lib/python3.7/site-packages/airflow/example_dags/example_complex.py took 0.112 seconds
[2023-09-09T02:40:00.742+0000] {processor.py:154} INFO - Started process (PID=428) to work on /home/airflow/.local/lib/python3.7/site-packages/airflow/example_dags/example_complex.py
[2023-09-09T02:40:00.743+0000] {processor.py:756} INFO - Processing file /home/airflow/.local/lib/python3.7/site-packages/airflow/example_dags/example_complex.py for tasks to queue
[2023-09-09T02:40:00.744+0000] {logging_mixin.py:120} INFO - [2023-09-09T02:40:00.744+0000] {dagbag.py:537} INFO - Filling up the DagBag from /home/airflow/.local/lib/python3.7/site-packages/airflow/example_dags/example_complex.py
[2023-09-09T02:40:00.754+0000] {logging_mixin.py:120} INFO - [2023-09-09T02:40:00.754+0000] {taskmixin.py:205} WARNING - Dependency <Task(BashOperator): create_entry_group>, delete_entry_group already registered for DAG: example_complex
[2023-09-09T02:40:00.755+0000] {logging_mixin.py:120} INFO - [2023-09-09T02:40:00.755+0000] {taskmixin.py:205} WARNING - Dependency <Task(BashOperator): delete_entry_group>, create_entry_group already registered for DAG: example_complex
[2023-09-09T02:40:00.755+0000] {logging_mixin.py:120} INFO - [2023-09-09T02:40:00.755+0000] {taskmixin.py:205} WARNING - Dependency <Task(BashOperator): create_entry_gcs>, delete_entry already registered for DAG: example_complex
[2023-09-09T02:40:00.756+0000] {logging_mixin.py:120} INFO - [2023-09-09T02:40:00.756+0000] {taskmixin.py:205} WARNING - Dependency <Task(BashOperator): delete_entry>, create_entry_gcs already registered for DAG: example_complex
[2023-09-09T02:40:00.756+0000] {logging_mixin.py:120} INFO - [2023-09-09T02:40:00.756+0000] {taskmixin.py:205} WARNING - Dependency <Task(BashOperator): create_tag>, delete_tag already registered for DAG: example_complex
[2023-09-09T02:40:00.757+0000] {logging_mixin.py:120} INFO - [2023-09-09T02:40:00.757+0000] {taskmixin.py:205} WARNING - Dependency <Task(BashOperator): delete_tag>, create_tag already registered for DAG: example_complex
[2023-09-09T02:40:00.763+0000] {processor.py:766} INFO - DAG(s) dict_keys(['example_complex']) retrieved from /home/airflow/.local/lib/python3.7/site-packages/airflow/example_dags/example_complex.py
[2023-09-09T02:40:00.806+0000] {logging_mixin.py:120} INFO - [2023-09-09T02:40:00.806+0000] {dag.py:2585} INFO - Sync 1 DAGs
[2023-09-09T02:40:00.827+0000] {logging_mixin.py:120} INFO - [2023-09-09T02:40:00.827+0000] {dag.py:3340} INFO - Setting next_dagrun for example_complex to None, run_after=None
[2023-09-09T02:40:00.844+0000] {processor.py:176} INFO - Processing /home/airflow/.local/lib/python3.7/site-packages/airflow/example_dags/example_complex.py took 0.104 seconds
[2023-09-09T02:40:31.078+0000] {processor.py:154} INFO - Started process (PID=502) to work on /home/airflow/.local/lib/python3.7/site-packages/airflow/example_dags/example_complex.py
[2023-09-09T02:40:31.079+0000] {processor.py:756} INFO - Processing file /home/airflow/.local/lib/python3.7/site-packages/airflow/example_dags/example_complex.py for tasks to queue
[2023-09-09T02:40:31.080+0000] {logging_mixin.py:120} INFO - [2023-09-09T02:40:31.080+0000] {dagbag.py:537} INFO - Filling up the DagBag from /home/airflow/.local/lib/python3.7/site-packages/airflow/example_dags/example_complex.py
[2023-09-09T02:40:31.088+0000] {logging_mixin.py:120} INFO - [2023-09-09T02:40:31.088+0000] {taskmixin.py:205} WARNING - Dependency <Task(BashOperator): create_entry_group>, delete_entry_group already registered for DAG: example_complex
[2023-09-09T02:40:31.088+0000] {logging_mixin.py:120} INFO - [2023-09-09T02:40:31.088+0000] {taskmixin.py:205} WARNING - Dependency <Task(BashOperator): delete_entry_group>, create_entry_group already registered for DAG: example_complex
[2023-09-09T02:40:31.089+0000] {logging_mixin.py:120} INFO - [2023-09-09T02:40:31.089+0000] {taskmixin.py:205} WARNING - Dependency <Task(BashOperator): create_entry_gcs>, delete_entry already registered for DAG: example_complex
[2023-09-09T02:40:31.089+0000] {logging_mixin.py:120} INFO - [2023-09-09T02:40:31.089+0000] {taskmixin.py:205} WARNING - Dependency <Task(BashOperator): delete_entry>, create_entry_gcs already registered for DAG: example_complex
[2023-09-09T02:40:31.089+0000] {logging_mixin.py:120} INFO - [2023-09-09T02:40:31.089+0000] {taskmixin.py:205} WARNING - Dependency <Task(BashOperator): create_tag>, delete_tag already registered for DAG: example_complex
[2023-09-09T02:40:31.090+0000] {logging_mixin.py:120} INFO - [2023-09-09T02:40:31.090+0000] {taskmixin.py:205} WARNING - Dependency <Task(BashOperator): delete_tag>, create_tag already registered for DAG: example_complex
[2023-09-09T02:40:31.095+0000] {processor.py:766} INFO - DAG(s) dict_keys(['example_complex']) retrieved from /home/airflow/.local/lib/python3.7/site-packages/airflow/example_dags/example_complex.py
[2023-09-09T02:40:31.131+0000] {logging_mixin.py:120} INFO - [2023-09-09T02:40:31.131+0000] {dag.py:2585} INFO - Sync 1 DAGs
[2023-09-09T02:40:31.148+0000] {logging_mixin.py:120} INFO - [2023-09-09T02:40:31.148+0000] {dag.py:3340} INFO - Setting next_dagrun for example_complex to None, run_after=None
[2023-09-09T02:40:31.165+0000] {processor.py:176} INFO - Processing /home/airflow/.local/lib/python3.7/site-packages/airflow/example_dags/example_complex.py took 0.089 seconds
[2023-09-09T02:41:01.200+0000] {processor.py:154} INFO - Started process (PID=574) to work on /home/airflow/.local/lib/python3.7/site-packages/airflow/example_dags/example_complex.py
[2023-09-09T02:41:01.201+0000] {processor.py:756} INFO - Processing file /home/airflow/.local/lib/python3.7/site-packages/airflow/example_dags/example_complex.py for tasks to queue
[2023-09-09T02:41:01.202+0000] {logging_mixin.py:120} INFO - [2023-09-09T02:41:01.202+0000] {dagbag.py:537} INFO - Filling up the DagBag from /home/airflow/.local/lib/python3.7/site-packages/airflow/example_dags/example_complex.py
[2023-09-09T02:41:01.215+0000] {logging_mixin.py:120} INFO - [2023-09-09T02:41:01.215+0000] {taskmixin.py:205} WARNING - Dependency <Task(BashOperator): create_entry_group>, delete_entry_group already registered for DAG: example_complex
[2023-09-09T02:41:01.215+0000] {logging_mixin.py:120} INFO - [2023-09-09T02:41:01.215+0000] {taskmixin.py:205} WARNING - Dependency <Task(BashOperator): delete_entry_group>, create_entry_group already registered for DAG: example_complex
[2023-09-09T02:41:01.216+0000] {logging_mixin.py:120} INFO - [2023-09-09T02:41:01.216+0000] {taskmixin.py:205} WARNING - Dependency <Task(BashOperator): create_entry_gcs>, delete_entry already registered for DAG: example_complex
[2023-09-09T02:41:01.216+0000] {logging_mixin.py:120} INFO - [2023-09-09T02:41:01.216+0000] {taskmixin.py:205} WARNING - Dependency <Task(BashOperator): delete_entry>, create_entry_gcs already registered for DAG: example_complex
[2023-09-09T02:41:01.216+0000] {logging_mixin.py:120} INFO - [2023-09-09T02:41:01.216+0000] {taskmixin.py:205} WARNING - Dependency <Task(BashOperator): create_tag>, delete_tag already registered for DAG: example_complex
[2023-09-09T02:41:01.217+0000] {logging_mixin.py:120} INFO - [2023-09-09T02:41:01.217+0000] {taskmixin.py:205} WARNING - Dependency <Task(BashOperator): delete_tag>, create_tag already registered for DAG: example_complex
[2023-09-09T02:41:01.224+0000] {processor.py:766} INFO - DAG(s) dict_keys(['example_complex']) retrieved from /home/airflow/.local/lib/python3.7/site-packages/airflow/example_dags/example_complex.py
[2023-09-09T02:41:01.270+0000] {logging_mixin.py:120} INFO - [2023-09-09T02:41:01.270+0000] {dag.py:2585} INFO - Sync 1 DAGs
[2023-09-09T02:41:01.294+0000] {logging_mixin.py:120} INFO - [2023-09-09T02:41:01.293+0000] {dag.py:3340} INFO - Setting next_dagrun for example_complex to None, run_after=None
[2023-09-09T02:41:01.319+0000] {processor.py:176} INFO - Processing /home/airflow/.local/lib/python3.7/site-packages/airflow/example_dags/example_complex.py took 0.122 seconds
[2023-09-09T02:41:31.985+0000] {processor.py:154} INFO - Started process (PID=648) to work on /home/airflow/.local/lib/python3.7/site-packages/airflow/example_dags/example_complex.py
[2023-09-09T02:41:31.986+0000] {processor.py:756} INFO - Processing file /home/airflow/.local/lib/python3.7/site-packages/airflow/example_dags/example_complex.py for tasks to queue
[2023-09-09T02:41:31.987+0000] {logging_mixin.py:120} INFO - [2023-09-09T02:41:31.987+0000] {dagbag.py:537} INFO - Filling up the DagBag from /home/airflow/.local/lib/python3.7/site-packages/airflow/example_dags/example_complex.py
[2023-09-09T02:41:31.996+0000] {logging_mixin.py:120} INFO - [2023-09-09T02:41:31.996+0000] {taskmixin.py:205} WARNING - Dependency <Task(BashOperator): create_entry_group>, delete_entry_group already registered for DAG: example_complex
[2023-09-09T02:41:31.996+0000] {logging_mixin.py:120} INFO - [2023-09-09T02:41:31.996+0000] {taskmixin.py:205} WARNING - Dependency <Task(BashOperator): delete_entry_group>, create_entry_group already registered for DAG: example_complex
[2023-09-09T02:41:31.996+0000] {logging_mixin.py:120} INFO - [2023-09-09T02:41:31.996+0000] {taskmixin.py:205} WARNING - Dependency <Task(BashOperator): create_entry_gcs>, delete_entry already registered for DAG: example_complex
[2023-09-09T02:41:31.997+0000] {logging_mixin.py:120} INFO - [2023-09-09T02:41:31.996+0000] {taskmixin.py:205} WARNING - Dependency <Task(BashOperator): delete_entry>, create_entry_gcs already registered for DAG: example_complex
[2023-09-09T02:41:31.997+0000] {logging_mixin.py:120} INFO - [2023-09-09T02:41:31.997+0000] {taskmixin.py:205} WARNING - Dependency <Task(BashOperator): create_tag>, delete_tag already registered for DAG: example_complex
[2023-09-09T02:41:31.997+0000] {logging_mixin.py:120} INFO - [2023-09-09T02:41:31.997+0000] {taskmixin.py:205} WARNING - Dependency <Task(BashOperator): delete_tag>, create_tag already registered for DAG: example_complex
[2023-09-09T02:41:32.003+0000] {processor.py:766} INFO - DAG(s) dict_keys(['example_complex']) retrieved from /home/airflow/.local/lib/python3.7/site-packages/airflow/example_dags/example_complex.py
[2023-09-09T02:41:32.038+0000] {logging_mixin.py:120} INFO - [2023-09-09T02:41:32.038+0000] {dag.py:2585} INFO - Sync 1 DAGs
[2023-09-09T02:41:32.059+0000] {logging_mixin.py:120} INFO - [2023-09-09T02:41:32.058+0000] {dag.py:3340} INFO - Setting next_dagrun for example_complex to None, run_after=None
[2023-09-09T02:41:32.079+0000] {processor.py:176} INFO - Processing /home/airflow/.local/lib/python3.7/site-packages/airflow/example_dags/example_complex.py took 0.096 seconds
[2023-09-09T02:42:02.518+0000] {processor.py:154} INFO - Started process (PID=722) to work on /home/airflow/.local/lib/python3.7/site-packages/airflow/example_dags/example_complex.py
[2023-09-09T02:42:02.519+0000] {processor.py:756} INFO - Processing file /home/airflow/.local/lib/python3.7/site-packages/airflow/example_dags/example_complex.py for tasks to queue
[2023-09-09T02:42:02.520+0000] {logging_mixin.py:120} INFO - [2023-09-09T02:42:02.520+0000] {dagbag.py:537} INFO - Filling up the DagBag from /home/airflow/.local/lib/python3.7/site-packages/airflow/example_dags/example_complex.py
[2023-09-09T02:42:02.530+0000] {logging_mixin.py:120} INFO - [2023-09-09T02:42:02.529+0000] {taskmixin.py:205} WARNING - Dependency <Task(BashOperator): create_entry_group>, delete_entry_group already registered for DAG: example_complex
[2023-09-09T02:42:02.530+0000] {logging_mixin.py:120} INFO - [2023-09-09T02:42:02.530+0000] {taskmixin.py:205} WARNING - Dependency <Task(BashOperator): delete_entry_group>, create_entry_group already registered for DAG: example_complex
[2023-09-09T02:42:02.531+0000] {logging_mixin.py:120} INFO - [2023-09-09T02:42:02.530+0000] {taskmixin.py:205} WARNING - Dependency <Task(BashOperator): create_entry_gcs>, delete_entry already registered for DAG: example_complex
[2023-09-09T02:42:02.531+0000] {logging_mixin.py:120} INFO - [2023-09-09T02:42:02.531+0000] {taskmixin.py:205} WARNING - Dependency <Task(BashOperator): delete_entry>, create_entry_gcs already registered for DAG: example_complex
[2023-09-09T02:42:02.531+0000] {logging_mixin.py:120} INFO - [2023-09-09T02:42:02.531+0000] {taskmixin.py:205} WARNING - Dependency <Task(BashOperator): create_tag>, delete_tag already registered for DAG: example_complex
[2023-09-09T02:42:02.532+0000] {logging_mixin.py:120} INFO - [2023-09-09T02:42:02.532+0000] {taskmixin.py:205} WARNING - Dependency <Task(BashOperator): delete_tag>, create_tag already registered for DAG: example_complex
[2023-09-09T02:42:02.538+0000] {processor.py:766} INFO - DAG(s) dict_keys(['example_complex']) retrieved from /home/airflow/.local/lib/python3.7/site-packages/airflow/example_dags/example_complex.py
[2023-09-09T02:42:02.580+0000] {logging_mixin.py:120} INFO - [2023-09-09T02:42:02.580+0000] {dag.py:2585} INFO - Sync 1 DAGs
[2023-09-09T02:42:02.600+0000] {logging_mixin.py:120} INFO - [2023-09-09T02:42:02.600+0000] {dag.py:3340} INFO - Setting next_dagrun for example_complex to None, run_after=None
[2023-09-09T02:42:02.623+0000] {processor.py:176} INFO - Processing /home/airflow/.local/lib/python3.7/site-packages/airflow/example_dags/example_complex.py took 0.107 seconds
[2023-09-09T02:42:33.178+0000] {processor.py:154} INFO - Started process (PID=800) to work on /home/airflow/.local/lib/python3.7/site-packages/airflow/example_dags/example_complex.py
[2023-09-09T02:42:33.179+0000] {processor.py:756} INFO - Processing file /home/airflow/.local/lib/python3.7/site-packages/airflow/example_dags/example_complex.py for tasks to queue
[2023-09-09T02:42:33.179+0000] {logging_mixin.py:120} INFO - [2023-09-09T02:42:33.179+0000] {dagbag.py:537} INFO - Filling up the DagBag from /home/airflow/.local/lib/python3.7/site-packages/airflow/example_dags/example_complex.py
[2023-09-09T02:42:33.188+0000] {logging_mixin.py:120} INFO - [2023-09-09T02:42:33.188+0000] {taskmixin.py:205} WARNING - Dependency <Task(BashOperator): create_entry_group>, delete_entry_group already registered for DAG: example_complex
[2023-09-09T02:42:33.188+0000] {logging_mixin.py:120} INFO - [2023-09-09T02:42:33.188+0000] {taskmixin.py:205} WARNING - Dependency <Task(BashOperator): delete_entry_group>, create_entry_group already registered for DAG: example_complex
[2023-09-09T02:42:33.189+0000] {logging_mixin.py:120} INFO - [2023-09-09T02:42:33.189+0000] {taskmixin.py:205} WARNING - Dependency <Task(BashOperator): create_entry_gcs>, delete_entry already registered for DAG: example_complex
[2023-09-09T02:42:33.189+0000] {logging_mixin.py:120} INFO - [2023-09-09T02:42:33.189+0000] {taskmixin.py:205} WARNING - Dependency <Task(BashOperator): delete_entry>, create_entry_gcs already registered for DAG: example_complex
[2023-09-09T02:42:33.190+0000] {logging_mixin.py:120} INFO - [2023-09-09T02:42:33.190+0000] {taskmixin.py:205} WARNING - Dependency <Task(BashOperator): create_tag>, delete_tag already registered for DAG: example_complex
[2023-09-09T02:42:33.191+0000] {logging_mixin.py:120} INFO - [2023-09-09T02:42:33.190+0000] {taskmixin.py:205} WARNING - Dependency <Task(BashOperator): delete_tag>, create_tag already registered for DAG: example_complex
[2023-09-09T02:42:33.197+0000] {processor.py:766} INFO - DAG(s) dict_keys(['example_complex']) retrieved from /home/airflow/.local/lib/python3.7/site-packages/airflow/example_dags/example_complex.py
[2023-09-09T02:42:33.235+0000] {logging_mixin.py:120} INFO - [2023-09-09T02:42:33.235+0000] {dag.py:2585} INFO - Sync 1 DAGs
[2023-09-09T02:42:33.256+0000] {logging_mixin.py:120} INFO - [2023-09-09T02:42:33.256+0000] {dag.py:3340} INFO - Setting next_dagrun for example_complex to None, run_after=None
[2023-09-09T02:42:33.283+0000] {processor.py:176} INFO - Processing /home/airflow/.local/lib/python3.7/site-packages/airflow/example_dags/example_complex.py took 0.108 seconds
[2023-09-09T02:43:03.566+0000] {processor.py:154} INFO - Started process (PID=878) to work on /home/airflow/.local/lib/python3.7/site-packages/airflow/example_dags/example_complex.py
[2023-09-09T02:43:03.567+0000] {processor.py:756} INFO - Processing file /home/airflow/.local/lib/python3.7/site-packages/airflow/example_dags/example_complex.py for tasks to queue
[2023-09-09T02:43:03.568+0000] {logging_mixin.py:120} INFO - [2023-09-09T02:43:03.568+0000] {dagbag.py:537} INFO - Filling up the DagBag from /home/airflow/.local/lib/python3.7/site-packages/airflow/example_dags/example_complex.py
[2023-09-09T02:43:03.577+0000] {logging_mixin.py:120} INFO - [2023-09-09T02:43:03.577+0000] {taskmixin.py:205} WARNING - Dependency <Task(BashOperator): create_entry_group>, delete_entry_group already registered for DAG: example_complex
[2023-09-09T02:43:03.577+0000] {logging_mixin.py:120} INFO - [2023-09-09T02:43:03.577+0000] {taskmixin.py:205} WARNING - Dependency <Task(BashOperator): delete_entry_group>, create_entry_group already registered for DAG: example_complex
[2023-09-09T02:43:03.578+0000] {logging_mixin.py:120} INFO - [2023-09-09T02:43:03.578+0000] {taskmixin.py:205} WARNING - Dependency <Task(BashOperator): create_entry_gcs>, delete_entry already registered for DAG: example_complex
[2023-09-09T02:43:03.578+0000] {logging_mixin.py:120} INFO - [2023-09-09T02:43:03.578+0000] {taskmixin.py:205} WARNING - Dependency <Task(BashOperator): delete_entry>, create_entry_gcs already registered for DAG: example_complex
[2023-09-09T02:43:03.579+0000] {logging_mixin.py:120} INFO - [2023-09-09T02:43:03.579+0000] {taskmixin.py:205} WARNING - Dependency <Task(BashOperator): create_tag>, delete_tag already registered for DAG: example_complex
[2023-09-09T02:43:03.579+0000] {logging_mixin.py:120} INFO - [2023-09-09T02:43:03.579+0000] {taskmixin.py:205} WARNING - Dependency <Task(BashOperator): delete_tag>, create_tag already registered for DAG: example_complex
[2023-09-09T02:43:03.585+0000] {processor.py:766} INFO - DAG(s) dict_keys(['example_complex']) retrieved from /home/airflow/.local/lib/python3.7/site-packages/airflow/example_dags/example_complex.py
[2023-09-09T02:43:03.621+0000] {logging_mixin.py:120} INFO - [2023-09-09T02:43:03.621+0000] {dag.py:2585} INFO - Sync 1 DAGs
[2023-09-09T02:43:03.642+0000] {logging_mixin.py:120} INFO - [2023-09-09T02:43:03.642+0000] {dag.py:3340} INFO - Setting next_dagrun for example_complex to None, run_after=None
[2023-09-09T02:43:03.660+0000] {processor.py:176} INFO - Processing /home/airflow/.local/lib/python3.7/site-packages/airflow/example_dags/example_complex.py took 0.096 seconds
[2023-09-09T02:43:34.134+0000] {processor.py:154} INFO - Started process (PID=944) to work on /home/airflow/.local/lib/python3.7/site-packages/airflow/example_dags/example_complex.py
[2023-09-09T02:43:34.135+0000] {processor.py:756} INFO - Processing file /home/airflow/.local/lib/python3.7/site-packages/airflow/example_dags/example_complex.py for tasks to queue
[2023-09-09T02:43:34.135+0000] {logging_mixin.py:120} INFO - [2023-09-09T02:43:34.135+0000] {dagbag.py:537} INFO - Filling up the DagBag from /home/airflow/.local/lib/python3.7/site-packages/airflow/example_dags/example_complex.py
[2023-09-09T02:43:34.145+0000] {logging_mixin.py:120} INFO - [2023-09-09T02:43:34.144+0000] {taskmixin.py:205} WARNING - Dependency <Task(BashOperator): create_entry_group>, delete_entry_group already registered for DAG: example_complex
[2023-09-09T02:43:34.145+0000] {logging_mixin.py:120} INFO - [2023-09-09T02:43:34.145+0000] {taskmixin.py:205} WARNING - Dependency <Task(BashOperator): delete_entry_group>, create_entry_group already registered for DAG: example_complex
[2023-09-09T02:43:34.146+0000] {logging_mixin.py:120} INFO - [2023-09-09T02:43:34.146+0000] {taskmixin.py:205} WARNING - Dependency <Task(BashOperator): create_entry_gcs>, delete_entry already registered for DAG: example_complex
[2023-09-09T02:43:34.146+0000] {logging_mixin.py:120} INFO - [2023-09-09T02:43:34.146+0000] {taskmixin.py:205} WARNING - Dependency <Task(BashOperator): delete_entry>, create_entry_gcs already registered for DAG: example_complex
[2023-09-09T02:43:34.147+0000] {logging_mixin.py:120} INFO - [2023-09-09T02:43:34.147+0000] {taskmixin.py:205} WARNING - Dependency <Task(BashOperator): create_tag>, delete_tag already registered for DAG: example_complex
[2023-09-09T02:43:34.147+0000] {logging_mixin.py:120} INFO - [2023-09-09T02:43:34.147+0000] {taskmixin.py:205} WARNING - Dependency <Task(BashOperator): delete_tag>, create_tag already registered for DAG: example_complex
[2023-09-09T02:43:34.154+0000] {processor.py:766} INFO - DAG(s) dict_keys(['example_complex']) retrieved from /home/airflow/.local/lib/python3.7/site-packages/airflow/example_dags/example_complex.py
[2023-09-09T02:43:34.190+0000] {logging_mixin.py:120} INFO - [2023-09-09T02:43:34.190+0000] {dag.py:2585} INFO - Sync 1 DAGs
[2023-09-09T02:43:34.211+0000] {logging_mixin.py:120} INFO - [2023-09-09T02:43:34.211+0000] {dag.py:3340} INFO - Setting next_dagrun for example_complex to None, run_after=None
[2023-09-09T02:43:34.229+0000] {processor.py:176} INFO - Processing /home/airflow/.local/lib/python3.7/site-packages/airflow/example_dags/example_complex.py took 0.098 seconds
[2023-09-09T02:44:04.483+0000] {processor.py:154} INFO - Started process (PID=1018) to work on /home/airflow/.local/lib/python3.7/site-packages/airflow/example_dags/example_complex.py
[2023-09-09T02:44:04.484+0000] {processor.py:756} INFO - Processing file /home/airflow/.local/lib/python3.7/site-packages/airflow/example_dags/example_complex.py for tasks to queue
[2023-09-09T02:44:04.484+0000] {logging_mixin.py:120} INFO - [2023-09-09T02:44:04.484+0000] {dagbag.py:537} INFO - Filling up the DagBag from /home/airflow/.local/lib/python3.7/site-packages/airflow/example_dags/example_complex.py
[2023-09-09T02:44:04.493+0000] {logging_mixin.py:120} INFO - [2023-09-09T02:44:04.493+0000] {taskmixin.py:205} WARNING - Dependency <Task(BashOperator): create_entry_group>, delete_entry_group already registered for DAG: example_complex
[2023-09-09T02:44:04.494+0000] {logging_mixin.py:120} INFO - [2023-09-09T02:44:04.494+0000] {taskmixin.py:205} WARNING - Dependency <Task(BashOperator): delete_entry_group>, create_entry_group already registered for DAG: example_complex
[2023-09-09T02:44:04.494+0000] {logging_mixin.py:120} INFO - [2023-09-09T02:44:04.494+0000] {taskmixin.py:205} WARNING - Dependency <Task(BashOperator): create_entry_gcs>, delete_entry already registered for DAG: example_complex
[2023-09-09T02:44:04.495+0000] {logging_mixin.py:120} INFO - [2023-09-09T02:44:04.495+0000] {taskmixin.py:205} WARNING - Dependency <Task(BashOperator): delete_entry>, create_entry_gcs already registered for DAG: example_complex
[2023-09-09T02:44:04.495+0000] {logging_mixin.py:120} INFO - [2023-09-09T02:44:04.495+0000] {taskmixin.py:205} WARNING - Dependency <Task(BashOperator): create_tag>, delete_tag already registered for DAG: example_complex
[2023-09-09T02:44:04.495+0000] {logging_mixin.py:120} INFO - [2023-09-09T02:44:04.495+0000] {taskmixin.py:205} WARNING - Dependency <Task(BashOperator): delete_tag>, create_tag already registered for DAG: example_complex
[2023-09-09T02:44:04.501+0000] {processor.py:766} INFO - DAG(s) dict_keys(['example_complex']) retrieved from /home/airflow/.local/lib/python3.7/site-packages/airflow/example_dags/example_complex.py
[2023-09-09T02:44:04.540+0000] {logging_mixin.py:120} INFO - [2023-09-09T02:44:04.540+0000] {dag.py:2585} INFO - Sync 1 DAGs
[2023-09-09T02:44:04.561+0000] {logging_mixin.py:120} INFO - [2023-09-09T02:44:04.561+0000] {dag.py:3340} INFO - Setting next_dagrun for example_complex to None, run_after=None
[2023-09-09T02:44:04.580+0000] {processor.py:176} INFO - Processing /home/airflow/.local/lib/python3.7/site-packages/airflow/example_dags/example_complex.py took 0.100 seconds
[2023-09-09T02:44:34.705+0000] {processor.py:154} INFO - Started process (PID=1093) to work on /home/airflow/.local/lib/python3.7/site-packages/airflow/example_dags/example_complex.py
[2023-09-09T02:44:34.706+0000] {processor.py:756} INFO - Processing file /home/airflow/.local/lib/python3.7/site-packages/airflow/example_dags/example_complex.py for tasks to queue
[2023-09-09T02:44:34.707+0000] {logging_mixin.py:120} INFO - [2023-09-09T02:44:34.707+0000] {dagbag.py:537} INFO - Filling up the DagBag from /home/airflow/.local/lib/python3.7/site-packages/airflow/example_dags/example_complex.py
[2023-09-09T02:44:34.716+0000] {logging_mixin.py:120} INFO - [2023-09-09T02:44:34.716+0000] {taskmixin.py:205} WARNING - Dependency <Task(BashOperator): create_entry_group>, delete_entry_group already registered for DAG: example_complex
[2023-09-09T02:44:34.717+0000] {logging_mixin.py:120} INFO - [2023-09-09T02:44:34.716+0000] {taskmixin.py:205} WARNING - Dependency <Task(BashOperator): delete_entry_group>, create_entry_group already registered for DAG: example_complex
[2023-09-09T02:44:34.717+0000] {logging_mixin.py:120} INFO - [2023-09-09T02:44:34.717+0000] {taskmixin.py:205} WARNING - Dependency <Task(BashOperator): create_entry_gcs>, delete_entry already registered for DAG: example_complex
[2023-09-09T02:44:34.717+0000] {logging_mixin.py:120} INFO - [2023-09-09T02:44:34.717+0000] {taskmixin.py:205} WARNING - Dependency <Task(BashOperator): delete_entry>, create_entry_gcs already registered for DAG: example_complex
[2023-09-09T02:44:34.718+0000] {logging_mixin.py:120} INFO - [2023-09-09T02:44:34.718+0000] {taskmixin.py:205} WARNING - Dependency <Task(BashOperator): create_tag>, delete_tag already registered for DAG: example_complex
[2023-09-09T02:44:34.718+0000] {logging_mixin.py:120} INFO - [2023-09-09T02:44:34.718+0000] {taskmixin.py:205} WARNING - Dependency <Task(BashOperator): delete_tag>, create_tag already registered for DAG: example_complex
[2023-09-09T02:44:34.724+0000] {processor.py:766} INFO - DAG(s) dict_keys(['example_complex']) retrieved from /home/airflow/.local/lib/python3.7/site-packages/airflow/example_dags/example_complex.py
[2023-09-09T02:44:34.758+0000] {logging_mixin.py:120} INFO - [2023-09-09T02:44:34.758+0000] {dag.py:2585} INFO - Sync 1 DAGs
[2023-09-09T02:44:34.778+0000] {logging_mixin.py:120} INFO - [2023-09-09T02:44:34.777+0000] {dag.py:3340} INFO - Setting next_dagrun for example_complex to None, run_after=None
[2023-09-09T02:44:34.798+0000] {processor.py:176} INFO - Processing /home/airflow/.local/lib/python3.7/site-packages/airflow/example_dags/example_complex.py took 0.095 seconds
[2023-09-09T02:45:04.895+0000] {processor.py:154} INFO - Started process (PID=1166) to work on /home/airflow/.local/lib/python3.7/site-packages/airflow/example_dags/example_complex.py
[2023-09-09T02:45:04.896+0000] {processor.py:756} INFO - Processing file /home/airflow/.local/lib/python3.7/site-packages/airflow/example_dags/example_complex.py for tasks to queue
[2023-09-09T02:45:04.897+0000] {logging_mixin.py:120} INFO - [2023-09-09T02:45:04.897+0000] {dagbag.py:537} INFO - Filling up the DagBag from /home/airflow/.local/lib/python3.7/site-packages/airflow/example_dags/example_complex.py
[2023-09-09T02:45:04.910+0000] {logging_mixin.py:120} INFO - [2023-09-09T02:45:04.910+0000] {taskmixin.py:205} WARNING - Dependency <Task(BashOperator): create_entry_group>, delete_entry_group already registered for DAG: example_complex
[2023-09-09T02:45:04.911+0000] {logging_mixin.py:120} INFO - [2023-09-09T02:45:04.911+0000] {taskmixin.py:205} WARNING - Dependency <Task(BashOperator): delete_entry_group>, create_entry_group already registered for DAG: example_complex
[2023-09-09T02:45:04.912+0000] {logging_mixin.py:120} INFO - [2023-09-09T02:45:04.911+0000] {taskmixin.py:205} WARNING - Dependency <Task(BashOperator): create_entry_gcs>, delete_entry already registered for DAG: example_complex
[2023-09-09T02:45:04.912+0000] {logging_mixin.py:120} INFO - [2023-09-09T02:45:04.912+0000] {taskmixin.py:205} WARNING - Dependency <Task(BashOperator): delete_entry>, create_entry_gcs already registered for DAG: example_complex
[2023-09-09T02:45:04.913+0000] {logging_mixin.py:120} INFO - [2023-09-09T02:45:04.912+0000] {taskmixin.py:205} WARNING - Dependency <Task(BashOperator): create_tag>, delete_tag already registered for DAG: example_complex
[2023-09-09T02:45:04.913+0000] {logging_mixin.py:120} INFO - [2023-09-09T02:45:04.913+0000] {taskmixin.py:205} WARNING - Dependency <Task(BashOperator): delete_tag>, create_tag already registered for DAG: example_complex
[2023-09-09T02:45:04.921+0000] {processor.py:766} INFO - DAG(s) dict_keys(['example_complex']) retrieved from /home/airflow/.local/lib/python3.7/site-packages/airflow/example_dags/example_complex.py
[2023-09-09T02:45:04.983+0000] {logging_mixin.py:120} INFO - [2023-09-09T02:45:04.983+0000] {dag.py:2585} INFO - Sync 1 DAGs
[2023-09-09T02:45:05.020+0000] {logging_mixin.py:120} INFO - [2023-09-09T02:45:05.019+0000] {dag.py:3340} INFO - Setting next_dagrun for example_complex to None, run_after=None
[2023-09-09T02:45:05.049+0000] {processor.py:176} INFO - Processing /home/airflow/.local/lib/python3.7/site-packages/airflow/example_dags/example_complex.py took 0.156 seconds
