[2023-09-09T02:37:29.727+0000] {processor.py:154} INFO - Started process (PID=98) to work on /home/airflow/.local/lib/python3.7/site-packages/airflow/example_dags/example_xcomargs.py
[2023-09-09T02:37:29.729+0000] {processor.py:756} INFO - Processing file /home/airflow/.local/lib/python3.7/site-packages/airflow/example_dags/example_xcomargs.py for tasks to queue
[2023-09-09T02:37:29.730+0000] {logging_mixin.py:120} INFO - [2023-09-09T02:37:29.730+0000] {dagbag.py:537} INFO - Filling up the DagBag from /home/airflow/.local/lib/python3.7/site-packages/airflow/example_dags/example_xcomargs.py
[2023-09-09T02:37:29.761+0000] {processor.py:766} INFO - DAG(s) dict_keys(['example_xcom_args_with_operators', 'example_xcom_args']) retrieved from /home/airflow/.local/lib/python3.7/site-packages/airflow/example_dags/example_xcomargs.py
[2023-09-09T02:37:29.833+0000] {logging_mixin.py:120} INFO - [2023-09-09T02:37:29.833+0000] {dag.py:2585} INFO - Sync 2 DAGs
[2023-09-09T02:37:29.864+0000] {logging_mixin.py:120} INFO - [2023-09-09T02:37:29.863+0000] {dag.py:3340} INFO - Setting next_dagrun for example_xcom_args to None, run_after=None
[2023-09-09T02:37:29.869+0000] {logging_mixin.py:120} INFO - [2023-09-09T02:37:29.868+0000] {dag.py:3340} INFO - Setting next_dagrun for example_xcom_args_with_operators to None, run_after=None
[2023-09-09T02:37:29.896+0000] {processor.py:176} INFO - Processing /home/airflow/.local/lib/python3.7/site-packages/airflow/example_dags/example_xcomargs.py took 0.174 seconds
[2023-09-09T02:38:00.631+0000] {processor.py:154} INFO - Started process (PID=163) to work on /home/airflow/.local/lib/python3.7/site-packages/airflow/example_dags/example_xcomargs.py
[2023-09-09T02:38:00.632+0000] {processor.py:756} INFO - Processing file /home/airflow/.local/lib/python3.7/site-packages/airflow/example_dags/example_xcomargs.py for tasks to queue
[2023-09-09T02:38:00.633+0000] {logging_mixin.py:120} INFO - [2023-09-09T02:38:00.633+0000] {dagbag.py:537} INFO - Filling up the DagBag from /home/airflow/.local/lib/python3.7/site-packages/airflow/example_dags/example_xcomargs.py
[2023-09-09T02:38:00.651+0000] {processor.py:766} INFO - DAG(s) dict_keys(['example_xcom_args_with_operators', 'example_xcom_args']) retrieved from /home/airflow/.local/lib/python3.7/site-packages/airflow/example_dags/example_xcomargs.py
[2023-09-09T02:38:00.689+0000] {logging_mixin.py:120} INFO - [2023-09-09T02:38:00.689+0000] {dag.py:2585} INFO - Sync 2 DAGs
[2023-09-09T02:38:00.712+0000] {logging_mixin.py:120} INFO - [2023-09-09T02:38:00.712+0000] {dag.py:3340} INFO - Setting next_dagrun for example_xcom_args to None, run_after=None
[2023-09-09T02:38:00.715+0000] {logging_mixin.py:120} INFO - [2023-09-09T02:38:00.715+0000] {dag.py:3340} INFO - Setting next_dagrun for example_xcom_args_with_operators to None, run_after=None
[2023-09-09T02:38:00.735+0000] {processor.py:176} INFO - Processing /home/airflow/.local/lib/python3.7/site-packages/airflow/example_dags/example_xcomargs.py took 0.106 seconds
[2023-09-09T02:38:31.147+0000] {processor.py:154} INFO - Started process (PID=238) to work on /home/airflow/.local/lib/python3.7/site-packages/airflow/example_dags/example_xcomargs.py
[2023-09-09T02:38:31.147+0000] {processor.py:756} INFO - Processing file /home/airflow/.local/lib/python3.7/site-packages/airflow/example_dags/example_xcomargs.py for tasks to queue
[2023-09-09T02:38:31.148+0000] {logging_mixin.py:120} INFO - [2023-09-09T02:38:31.148+0000] {dagbag.py:537} INFO - Filling up the DagBag from /home/airflow/.local/lib/python3.7/site-packages/airflow/example_dags/example_xcomargs.py
[2023-09-09T02:38:31.166+0000] {processor.py:766} INFO - DAG(s) dict_keys(['example_xcom_args_with_operators', 'example_xcom_args']) retrieved from /home/airflow/.local/lib/python3.7/site-packages/airflow/example_dags/example_xcomargs.py
[2023-09-09T02:38:31.200+0000] {logging_mixin.py:120} INFO - [2023-09-09T02:38:31.200+0000] {dag.py:2585} INFO - Sync 2 DAGs
[2023-09-09T02:38:31.220+0000] {logging_mixin.py:120} INFO - [2023-09-09T02:38:31.220+0000] {dag.py:3340} INFO - Setting next_dagrun for example_xcom_args to None, run_after=None
[2023-09-09T02:38:31.223+0000] {logging_mixin.py:120} INFO - [2023-09-09T02:38:31.223+0000] {dag.py:3340} INFO - Setting next_dagrun for example_xcom_args_with_operators to None, run_after=None
[2023-09-09T02:38:31.239+0000] {processor.py:176} INFO - Processing /home/airflow/.local/lib/python3.7/site-packages/airflow/example_dags/example_xcomargs.py took 0.095 seconds
[2023-09-09T02:39:01.957+0000] {processor.py:154} INFO - Started process (PID=312) to work on /home/airflow/.local/lib/python3.7/site-packages/airflow/example_dags/example_xcomargs.py
[2023-09-09T02:39:01.957+0000] {processor.py:756} INFO - Processing file /home/airflow/.local/lib/python3.7/site-packages/airflow/example_dags/example_xcomargs.py for tasks to queue
[2023-09-09T02:39:01.958+0000] {logging_mixin.py:120} INFO - [2023-09-09T02:39:01.958+0000] {dagbag.py:537} INFO - Filling up the DagBag from /home/airflow/.local/lib/python3.7/site-packages/airflow/example_dags/example_xcomargs.py
[2023-09-09T02:39:01.977+0000] {processor.py:766} INFO - DAG(s) dict_keys(['example_xcom_args', 'example_xcom_args_with_operators']) retrieved from /home/airflow/.local/lib/python3.7/site-packages/airflow/example_dags/example_xcomargs.py
[2023-09-09T02:39:02.012+0000] {logging_mixin.py:120} INFO - [2023-09-09T02:39:02.012+0000] {dag.py:2585} INFO - Sync 2 DAGs
[2023-09-09T02:39:02.033+0000] {logging_mixin.py:120} INFO - [2023-09-09T02:39:02.033+0000] {dag.py:3340} INFO - Setting next_dagrun for example_xcom_args to None, run_after=None
[2023-09-09T02:39:02.036+0000] {logging_mixin.py:120} INFO - [2023-09-09T02:39:02.036+0000] {dag.py:3340} INFO - Setting next_dagrun for example_xcom_args_with_operators to None, run_after=None
[2023-09-09T02:39:02.052+0000] {processor.py:176} INFO - Processing /home/airflow/.local/lib/python3.7/site-packages/airflow/example_dags/example_xcomargs.py took 0.098 seconds
[2023-09-09T02:39:32.280+0000] {processor.py:154} INFO - Started process (PID=388) to work on /home/airflow/.local/lib/python3.7/site-packages/airflow/example_dags/example_xcomargs.py
[2023-09-09T02:39:32.281+0000] {processor.py:756} INFO - Processing file /home/airflow/.local/lib/python3.7/site-packages/airflow/example_dags/example_xcomargs.py for tasks to queue
[2023-09-09T02:39:32.282+0000] {logging_mixin.py:120} INFO - [2023-09-09T02:39:32.282+0000] {dagbag.py:537} INFO - Filling up the DagBag from /home/airflow/.local/lib/python3.7/site-packages/airflow/example_dags/example_xcomargs.py
[2023-09-09T02:39:32.300+0000] {processor.py:766} INFO - DAG(s) dict_keys(['example_xcom_args', 'example_xcom_args_with_operators']) retrieved from /home/airflow/.local/lib/python3.7/site-packages/airflow/example_dags/example_xcomargs.py
[2023-09-09T02:39:32.338+0000] {logging_mixin.py:120} INFO - [2023-09-09T02:39:32.338+0000] {dag.py:2585} INFO - Sync 2 DAGs
[2023-09-09T02:39:32.359+0000] {logging_mixin.py:120} INFO - [2023-09-09T02:39:32.359+0000] {dag.py:3340} INFO - Setting next_dagrun for example_xcom_args to None, run_after=None
[2023-09-09T02:39:32.362+0000] {logging_mixin.py:120} INFO - [2023-09-09T02:39:32.362+0000] {dag.py:3340} INFO - Setting next_dagrun for example_xcom_args_with_operators to None, run_after=None
[2023-09-09T02:39:32.383+0000] {processor.py:176} INFO - Processing /home/airflow/.local/lib/python3.7/site-packages/airflow/example_dags/example_xcomargs.py took 0.105 seconds
[2023-09-09T02:40:03.269+0000] {processor.py:154} INFO - Started process (PID=451) to work on /home/airflow/.local/lib/python3.7/site-packages/airflow/example_dags/example_xcomargs.py
[2023-09-09T02:40:03.270+0000] {processor.py:756} INFO - Processing file /home/airflow/.local/lib/python3.7/site-packages/airflow/example_dags/example_xcomargs.py for tasks to queue
[2023-09-09T02:40:03.270+0000] {logging_mixin.py:120} INFO - [2023-09-09T02:40:03.270+0000] {dagbag.py:537} INFO - Filling up the DagBag from /home/airflow/.local/lib/python3.7/site-packages/airflow/example_dags/example_xcomargs.py
[2023-09-09T02:40:03.289+0000] {processor.py:766} INFO - DAG(s) dict_keys(['example_xcom_args_with_operators', 'example_xcom_args']) retrieved from /home/airflow/.local/lib/python3.7/site-packages/airflow/example_dags/example_xcomargs.py
[2023-09-09T02:40:03.324+0000] {logging_mixin.py:120} INFO - [2023-09-09T02:40:03.324+0000] {dag.py:2585} INFO - Sync 2 DAGs
[2023-09-09T02:40:03.343+0000] {logging_mixin.py:120} INFO - [2023-09-09T02:40:03.343+0000] {dag.py:3340} INFO - Setting next_dagrun for example_xcom_args to None, run_after=None
[2023-09-09T02:40:03.346+0000] {logging_mixin.py:120} INFO - [2023-09-09T02:40:03.346+0000] {dag.py:3340} INFO - Setting next_dagrun for example_xcom_args_with_operators to None, run_after=None
[2023-09-09T02:40:03.365+0000] {processor.py:176} INFO - Processing /home/airflow/.local/lib/python3.7/site-packages/airflow/example_dags/example_xcomargs.py took 0.099 seconds
[2023-09-09T02:40:33.766+0000] {processor.py:154} INFO - Started process (PID=525) to work on /home/airflow/.local/lib/python3.7/site-packages/airflow/example_dags/example_xcomargs.py
[2023-09-09T02:40:33.767+0000] {processor.py:756} INFO - Processing file /home/airflow/.local/lib/python3.7/site-packages/airflow/example_dags/example_xcomargs.py for tasks to queue
[2023-09-09T02:40:33.767+0000] {logging_mixin.py:120} INFO - [2023-09-09T02:40:33.767+0000] {dagbag.py:537} INFO - Filling up the DagBag from /home/airflow/.local/lib/python3.7/site-packages/airflow/example_dags/example_xcomargs.py
[2023-09-09T02:40:33.785+0000] {processor.py:766} INFO - DAG(s) dict_keys(['example_xcom_args_with_operators', 'example_xcom_args']) retrieved from /home/airflow/.local/lib/python3.7/site-packages/airflow/example_dags/example_xcomargs.py
[2023-09-09T02:40:33.818+0000] {logging_mixin.py:120} INFO - [2023-09-09T02:40:33.818+0000] {dag.py:2585} INFO - Sync 2 DAGs
[2023-09-09T02:40:33.836+0000] {logging_mixin.py:120} INFO - [2023-09-09T02:40:33.836+0000] {dag.py:3340} INFO - Setting next_dagrun for example_xcom_args to None, run_after=None
[2023-09-09T02:40:33.840+0000] {logging_mixin.py:120} INFO - [2023-09-09T02:40:33.839+0000] {dag.py:3340} INFO - Setting next_dagrun for example_xcom_args_with_operators to None, run_after=None
[2023-09-09T02:40:33.859+0000] {processor.py:176} INFO - Processing /home/airflow/.local/lib/python3.7/site-packages/airflow/example_dags/example_xcomargs.py took 0.095 seconds
[2023-09-09T02:41:04.342+0000] {processor.py:154} INFO - Started process (PID=599) to work on /home/airflow/.local/lib/python3.7/site-packages/airflow/example_dags/example_xcomargs.py
[2023-09-09T02:41:04.343+0000] {processor.py:756} INFO - Processing file /home/airflow/.local/lib/python3.7/site-packages/airflow/example_dags/example_xcomargs.py for tasks to queue
[2023-09-09T02:41:04.344+0000] {logging_mixin.py:120} INFO - [2023-09-09T02:41:04.344+0000] {dagbag.py:537} INFO - Filling up the DagBag from /home/airflow/.local/lib/python3.7/site-packages/airflow/example_dags/example_xcomargs.py
[2023-09-09T02:41:04.362+0000] {processor.py:766} INFO - DAG(s) dict_keys(['example_xcom_args', 'example_xcom_args_with_operators']) retrieved from /home/airflow/.local/lib/python3.7/site-packages/airflow/example_dags/example_xcomargs.py
[2023-09-09T02:41:04.394+0000] {logging_mixin.py:120} INFO - [2023-09-09T02:41:04.394+0000] {dag.py:2585} INFO - Sync 2 DAGs
[2023-09-09T02:41:04.413+0000] {logging_mixin.py:120} INFO - [2023-09-09T02:41:04.413+0000] {dag.py:3340} INFO - Setting next_dagrun for example_xcom_args to None, run_after=None
[2023-09-09T02:41:04.417+0000] {logging_mixin.py:120} INFO - [2023-09-09T02:41:04.416+0000] {dag.py:3340} INFO - Setting next_dagrun for example_xcom_args_with_operators to None, run_after=None
[2023-09-09T02:41:04.432+0000] {processor.py:176} INFO - Processing /home/airflow/.local/lib/python3.7/site-packages/airflow/example_dags/example_xcomargs.py took 0.092 seconds
[2023-09-09T02:41:35.238+0000] {processor.py:154} INFO - Started process (PID=683) to work on /home/airflow/.local/lib/python3.7/site-packages/airflow/example_dags/example_xcomargs.py
[2023-09-09T02:41:35.239+0000] {processor.py:756} INFO - Processing file /home/airflow/.local/lib/python3.7/site-packages/airflow/example_dags/example_xcomargs.py for tasks to queue
[2023-09-09T02:41:35.240+0000] {logging_mixin.py:120} INFO - [2023-09-09T02:41:35.240+0000] {dagbag.py:537} INFO - Filling up the DagBag from /home/airflow/.local/lib/python3.7/site-packages/airflow/example_dags/example_xcomargs.py
[2023-09-09T02:41:35.258+0000] {processor.py:766} INFO - DAG(s) dict_keys(['example_xcom_args', 'example_xcom_args_with_operators']) retrieved from /home/airflow/.local/lib/python3.7/site-packages/airflow/example_dags/example_xcomargs.py
[2023-09-09T02:41:35.297+0000] {logging_mixin.py:120} INFO - [2023-09-09T02:41:35.297+0000] {dag.py:2585} INFO - Sync 2 DAGs
[2023-09-09T02:41:35.320+0000] {logging_mixin.py:120} INFO - [2023-09-09T02:41:35.320+0000] {dag.py:3340} INFO - Setting next_dagrun for example_xcom_args to None, run_after=None
[2023-09-09T02:41:35.324+0000] {logging_mixin.py:120} INFO - [2023-09-09T02:41:35.324+0000] {dag.py:3340} INFO - Setting next_dagrun for example_xcom_args_with_operators to None, run_after=None
[2023-09-09T02:41:35.345+0000] {processor.py:176} INFO - Processing /home/airflow/.local/lib/python3.7/site-packages/airflow/example_dags/example_xcomargs.py took 0.110 seconds
[2023-09-09T02:42:05.721+0000] {processor.py:154} INFO - Started process (PID=750) to work on /home/airflow/.local/lib/python3.7/site-packages/airflow/example_dags/example_xcomargs.py
[2023-09-09T02:42:05.722+0000] {processor.py:756} INFO - Processing file /home/airflow/.local/lib/python3.7/site-packages/airflow/example_dags/example_xcomargs.py for tasks to queue
[2023-09-09T02:42:05.722+0000] {logging_mixin.py:120} INFO - [2023-09-09T02:42:05.722+0000] {dagbag.py:537} INFO - Filling up the DagBag from /home/airflow/.local/lib/python3.7/site-packages/airflow/example_dags/example_xcomargs.py
[2023-09-09T02:42:05.741+0000] {processor.py:766} INFO - DAG(s) dict_keys(['example_xcom_args', 'example_xcom_args_with_operators']) retrieved from /home/airflow/.local/lib/python3.7/site-packages/airflow/example_dags/example_xcomargs.py
[2023-09-09T02:42:05.780+0000] {logging_mixin.py:120} INFO - [2023-09-09T02:42:05.780+0000] {dag.py:2585} INFO - Sync 2 DAGs
[2023-09-09T02:42:05.801+0000] {logging_mixin.py:120} INFO - [2023-09-09T02:42:05.801+0000] {dag.py:3340} INFO - Setting next_dagrun for example_xcom_args to None, run_after=None
[2023-09-09T02:42:05.805+0000] {logging_mixin.py:120} INFO - [2023-09-09T02:42:05.805+0000] {dag.py:3340} INFO - Setting next_dagrun for example_xcom_args_with_operators to None, run_after=None
[2023-09-09T02:42:05.825+0000] {processor.py:176} INFO - Processing /home/airflow/.local/lib/python3.7/site-packages/airflow/example_dags/example_xcomargs.py took 0.107 seconds
[2023-09-09T02:42:36.180+0000] {processor.py:154} INFO - Started process (PID=826) to work on /home/airflow/.local/lib/python3.7/site-packages/airflow/example_dags/example_xcomargs.py
[2023-09-09T02:42:36.180+0000] {processor.py:756} INFO - Processing file /home/airflow/.local/lib/python3.7/site-packages/airflow/example_dags/example_xcomargs.py for tasks to queue
[2023-09-09T02:42:36.181+0000] {logging_mixin.py:120} INFO - [2023-09-09T02:42:36.181+0000] {dagbag.py:537} INFO - Filling up the DagBag from /home/airflow/.local/lib/python3.7/site-packages/airflow/example_dags/example_xcomargs.py
[2023-09-09T02:42:36.198+0000] {processor.py:766} INFO - DAG(s) dict_keys(['example_xcom_args', 'example_xcom_args_with_operators']) retrieved from /home/airflow/.local/lib/python3.7/site-packages/airflow/example_dags/example_xcomargs.py
[2023-09-09T02:42:36.233+0000] {logging_mixin.py:120} INFO - [2023-09-09T02:42:36.232+0000] {dag.py:2585} INFO - Sync 2 DAGs
[2023-09-09T02:42:36.253+0000] {logging_mixin.py:120} INFO - [2023-09-09T02:42:36.253+0000] {dag.py:3340} INFO - Setting next_dagrun for example_xcom_args to None, run_after=None
[2023-09-09T02:42:36.256+0000] {logging_mixin.py:120} INFO - [2023-09-09T02:42:36.256+0000] {dag.py:3340} INFO - Setting next_dagrun for example_xcom_args_with_operators to None, run_after=None
[2023-09-09T02:42:36.275+0000] {processor.py:176} INFO - Processing /home/airflow/.local/lib/python3.7/site-packages/airflow/example_dags/example_xcomargs.py took 0.098 seconds
[2023-09-09T02:43:06.711+0000] {processor.py:154} INFO - Started process (PID=904) to work on /home/airflow/.local/lib/python3.7/site-packages/airflow/example_dags/example_xcomargs.py
[2023-09-09T02:43:06.711+0000] {processor.py:756} INFO - Processing file /home/airflow/.local/lib/python3.7/site-packages/airflow/example_dags/example_xcomargs.py for tasks to queue
[2023-09-09T02:43:06.712+0000] {logging_mixin.py:120} INFO - [2023-09-09T02:43:06.712+0000] {dagbag.py:537} INFO - Filling up the DagBag from /home/airflow/.local/lib/python3.7/site-packages/airflow/example_dags/example_xcomargs.py
[2023-09-09T02:43:06.729+0000] {processor.py:766} INFO - DAG(s) dict_keys(['example_xcom_args', 'example_xcom_args_with_operators']) retrieved from /home/airflow/.local/lib/python3.7/site-packages/airflow/example_dags/example_xcomargs.py
[2023-09-09T02:43:06.765+0000] {logging_mixin.py:120} INFO - [2023-09-09T02:43:06.765+0000] {dag.py:2585} INFO - Sync 2 DAGs
[2023-09-09T02:43:06.786+0000] {logging_mixin.py:120} INFO - [2023-09-09T02:43:06.786+0000] {dag.py:3340} INFO - Setting next_dagrun for example_xcom_args to None, run_after=None
[2023-09-09T02:43:06.789+0000] {logging_mixin.py:120} INFO - [2023-09-09T02:43:06.789+0000] {dag.py:3340} INFO - Setting next_dagrun for example_xcom_args_with_operators to None, run_after=None
[2023-09-09T02:43:06.807+0000] {processor.py:176} INFO - Processing /home/airflow/.local/lib/python3.7/site-packages/airflow/example_dags/example_xcomargs.py took 0.098 seconds
[2023-09-09T02:43:37.476+0000] {processor.py:154} INFO - Started process (PID=979) to work on /home/airflow/.local/lib/python3.7/site-packages/airflow/example_dags/example_xcomargs.py
[2023-09-09T02:43:37.477+0000] {processor.py:756} INFO - Processing file /home/airflow/.local/lib/python3.7/site-packages/airflow/example_dags/example_xcomargs.py for tasks to queue
[2023-09-09T02:43:37.478+0000] {logging_mixin.py:120} INFO - [2023-09-09T02:43:37.477+0000] {dagbag.py:537} INFO - Filling up the DagBag from /home/airflow/.local/lib/python3.7/site-packages/airflow/example_dags/example_xcomargs.py
[2023-09-09T02:43:37.499+0000] {processor.py:766} INFO - DAG(s) dict_keys(['example_xcom_args', 'example_xcom_args_with_operators']) retrieved from /home/airflow/.local/lib/python3.7/site-packages/airflow/example_dags/example_xcomargs.py
[2023-09-09T02:43:37.538+0000] {logging_mixin.py:120} INFO - [2023-09-09T02:43:37.538+0000] {dag.py:2585} INFO - Sync 2 DAGs
[2023-09-09T02:43:37.560+0000] {logging_mixin.py:120} INFO - [2023-09-09T02:43:37.560+0000] {dag.py:3340} INFO - Setting next_dagrun for example_xcom_args to None, run_after=None
[2023-09-09T02:43:37.563+0000] {logging_mixin.py:120} INFO - [2023-09-09T02:43:37.563+0000] {dag.py:3340} INFO - Setting next_dagrun for example_xcom_args_with_operators to None, run_after=None
[2023-09-09T02:43:37.583+0000] {processor.py:176} INFO - Processing /home/airflow/.local/lib/python3.7/site-packages/airflow/example_dags/example_xcomargs.py took 0.110 seconds
[2023-09-09T02:44:07.832+0000] {processor.py:154} INFO - Started process (PID=1044) to work on /home/airflow/.local/lib/python3.7/site-packages/airflow/example_dags/example_xcomargs.py
[2023-09-09T02:44:07.833+0000] {processor.py:756} INFO - Processing file /home/airflow/.local/lib/python3.7/site-packages/airflow/example_dags/example_xcomargs.py for tasks to queue
[2023-09-09T02:44:07.834+0000] {logging_mixin.py:120} INFO - [2023-09-09T02:44:07.834+0000] {dagbag.py:537} INFO - Filling up the DagBag from /home/airflow/.local/lib/python3.7/site-packages/airflow/example_dags/example_xcomargs.py
[2023-09-09T02:44:07.853+0000] {processor.py:766} INFO - DAG(s) dict_keys(['example_xcom_args', 'example_xcom_args_with_operators']) retrieved from /home/airflow/.local/lib/python3.7/site-packages/airflow/example_dags/example_xcomargs.py
[2023-09-09T02:44:07.889+0000] {logging_mixin.py:120} INFO - [2023-09-09T02:44:07.888+0000] {dag.py:2585} INFO - Sync 2 DAGs
[2023-09-09T02:44:07.908+0000] {logging_mixin.py:120} INFO - [2023-09-09T02:44:07.908+0000] {dag.py:3340} INFO - Setting next_dagrun for example_xcom_args to None, run_after=None
[2023-09-09T02:44:07.911+0000] {logging_mixin.py:120} INFO - [2023-09-09T02:44:07.911+0000] {dag.py:3340} INFO - Setting next_dagrun for example_xcom_args_with_operators to None, run_after=None
[2023-09-09T02:44:07.930+0000] {processor.py:176} INFO - Processing /home/airflow/.local/lib/python3.7/site-packages/airflow/example_dags/example_xcomargs.py took 0.100 seconds
[2023-09-09T02:44:38.173+0000] {processor.py:154} INFO - Started process (PID=1119) to work on /home/airflow/.local/lib/python3.7/site-packages/airflow/example_dags/example_xcomargs.py
[2023-09-09T02:44:38.174+0000] {processor.py:756} INFO - Processing file /home/airflow/.local/lib/python3.7/site-packages/airflow/example_dags/example_xcomargs.py for tasks to queue
[2023-09-09T02:44:38.175+0000] {logging_mixin.py:120} INFO - [2023-09-09T02:44:38.175+0000] {dagbag.py:537} INFO - Filling up the DagBag from /home/airflow/.local/lib/python3.7/site-packages/airflow/example_dags/example_xcomargs.py
[2023-09-09T02:44:38.194+0000] {processor.py:766} INFO - DAG(s) dict_keys(['example_xcom_args', 'example_xcom_args_with_operators']) retrieved from /home/airflow/.local/lib/python3.7/site-packages/airflow/example_dags/example_xcomargs.py
[2023-09-09T02:44:38.231+0000] {logging_mixin.py:120} INFO - [2023-09-09T02:44:38.231+0000] {dag.py:2585} INFO - Sync 2 DAGs
[2023-09-09T02:44:38.250+0000] {logging_mixin.py:120} INFO - [2023-09-09T02:44:38.250+0000] {dag.py:3340} INFO - Setting next_dagrun for example_xcom_args to None, run_after=None
[2023-09-09T02:44:38.255+0000] {logging_mixin.py:120} INFO - [2023-09-09T02:44:38.255+0000] {dag.py:3340} INFO - Setting next_dagrun for example_xcom_args_with_operators to None, run_after=None
[2023-09-09T02:44:38.275+0000] {processor.py:176} INFO - Processing /home/airflow/.local/lib/python3.7/site-packages/airflow/example_dags/example_xcomargs.py took 0.104 seconds
[2023-09-09T02:45:08.541+0000] {processor.py:154} INFO - Started process (PID=1192) to work on /home/airflow/.local/lib/python3.7/site-packages/airflow/example_dags/example_xcomargs.py
[2023-09-09T02:45:08.542+0000] {processor.py:756} INFO - Processing file /home/airflow/.local/lib/python3.7/site-packages/airflow/example_dags/example_xcomargs.py for tasks to queue
[2023-09-09T02:45:08.542+0000] {logging_mixin.py:120} INFO - [2023-09-09T02:45:08.542+0000] {dagbag.py:537} INFO - Filling up the DagBag from /home/airflow/.local/lib/python3.7/site-packages/airflow/example_dags/example_xcomargs.py
[2023-09-09T02:45:08.561+0000] {processor.py:766} INFO - DAG(s) dict_keys(['example_xcom_args', 'example_xcom_args_with_operators']) retrieved from /home/airflow/.local/lib/python3.7/site-packages/airflow/example_dags/example_xcomargs.py
[2023-09-09T02:45:08.598+0000] {logging_mixin.py:120} INFO - [2023-09-09T02:45:08.598+0000] {dag.py:2585} INFO - Sync 2 DAGs
[2023-09-09T02:45:08.619+0000] {logging_mixin.py:120} INFO - [2023-09-09T02:45:08.619+0000] {dag.py:3340} INFO - Setting next_dagrun for example_xcom_args to None, run_after=None
[2023-09-09T02:45:08.622+0000] {logging_mixin.py:120} INFO - [2023-09-09T02:45:08.622+0000] {dag.py:3340} INFO - Setting next_dagrun for example_xcom_args_with_operators to None, run_after=None
[2023-09-09T02:45:08.640+0000] {processor.py:176} INFO - Processing /home/airflow/.local/lib/python3.7/site-packages/airflow/example_dags/example_xcomargs.py took 0.102 seconds
