[2023-09-09T02:37:27.020+0000] {processor.py:154} INFO - Started process (PID=61) to work on /home/airflow/.local/lib/python3.7/site-packages/airflow/example_dags/example_branch_labels.py
[2023-09-09T02:37:27.021+0000] {processor.py:756} INFO - Processing file /home/airflow/.local/lib/python3.7/site-packages/airflow/example_dags/example_branch_labels.py for tasks to queue
[2023-09-09T02:37:27.022+0000] {logging_mixin.py:120} INFO - [2023-09-09T02:37:27.022+0000] {dagbag.py:537} INFO - Filling up the DagBag from /home/airflow/.local/lib/python3.7/site-packages/airflow/example_dags/example_branch_labels.py
[2023-09-09T02:37:27.037+0000] {processor.py:766} INFO - DAG(s) dict_keys(['example_branch_labels']) retrieved from /home/airflow/.local/lib/python3.7/site-packages/airflow/example_dags/example_branch_labels.py
[2023-09-09T02:37:27.077+0000] {logging_mixin.py:120} INFO - [2023-09-09T02:37:27.077+0000] {dag.py:2585} INFO - Sync 1 DAGs
[2023-09-09T02:37:27.099+0000] {logging_mixin.py:120} INFO - [2023-09-09T02:37:27.099+0000] {dag.py:3340} INFO - Setting next_dagrun for example_branch_labels to 2023-09-08T00:00:00+00:00, run_after=2023-09-09T00:00:00+00:00
[2023-09-09T02:37:27.118+0000] {processor.py:176} INFO - Processing /home/airflow/.local/lib/python3.7/site-packages/airflow/example_dags/example_branch_labels.py took 0.103 seconds
[2023-09-09T02:37:57.788+0000] {processor.py:154} INFO - Started process (PID=135) to work on /home/airflow/.local/lib/python3.7/site-packages/airflow/example_dags/example_branch_labels.py
[2023-09-09T02:37:57.789+0000] {processor.py:756} INFO - Processing file /home/airflow/.local/lib/python3.7/site-packages/airflow/example_dags/example_branch_labels.py for tasks to queue
[2023-09-09T02:37:57.790+0000] {logging_mixin.py:120} INFO - [2023-09-09T02:37:57.790+0000] {dagbag.py:537} INFO - Filling up the DagBag from /home/airflow/.local/lib/python3.7/site-packages/airflow/example_dags/example_branch_labels.py
[2023-09-09T02:37:57.803+0000] {processor.py:766} INFO - DAG(s) dict_keys(['example_branch_labels']) retrieved from /home/airflow/.local/lib/python3.7/site-packages/airflow/example_dags/example_branch_labels.py
[2023-09-09T02:37:57.836+0000] {logging_mixin.py:120} INFO - [2023-09-09T02:37:57.836+0000] {dag.py:2585} INFO - Sync 1 DAGs
[2023-09-09T02:37:57.856+0000] {logging_mixin.py:120} INFO - [2023-09-09T02:37:57.856+0000] {dag.py:3340} INFO - Setting next_dagrun for example_branch_labels to 2023-09-08T00:00:00+00:00, run_after=2023-09-09T00:00:00+00:00
[2023-09-09T02:37:57.872+0000] {processor.py:176} INFO - Processing /home/airflow/.local/lib/python3.7/site-packages/airflow/example_dags/example_branch_labels.py took 0.086 seconds
[2023-09-09T02:38:28.145+0000] {processor.py:154} INFO - Started process (PID=210) to work on /home/airflow/.local/lib/python3.7/site-packages/airflow/example_dags/example_branch_labels.py
[2023-09-09T02:38:28.146+0000] {processor.py:756} INFO - Processing file /home/airflow/.local/lib/python3.7/site-packages/airflow/example_dags/example_branch_labels.py for tasks to queue
[2023-09-09T02:38:28.147+0000] {logging_mixin.py:120} INFO - [2023-09-09T02:38:28.146+0000] {dagbag.py:537} INFO - Filling up the DagBag from /home/airflow/.local/lib/python3.7/site-packages/airflow/example_dags/example_branch_labels.py
[2023-09-09T02:38:28.159+0000] {processor.py:766} INFO - DAG(s) dict_keys(['example_branch_labels']) retrieved from /home/airflow/.local/lib/python3.7/site-packages/airflow/example_dags/example_branch_labels.py
[2023-09-09T02:38:28.192+0000] {logging_mixin.py:120} INFO - [2023-09-09T02:38:28.192+0000] {dag.py:2585} INFO - Sync 1 DAGs
[2023-09-09T02:38:28.213+0000] {logging_mixin.py:120} INFO - [2023-09-09T02:38:28.213+0000] {dag.py:3340} INFO - Setting next_dagrun for example_branch_labels to 2023-09-08T00:00:00+00:00, run_after=2023-09-09T00:00:00+00:00
[2023-09-09T02:38:28.231+0000] {processor.py:176} INFO - Processing /home/airflow/.local/lib/python3.7/site-packages/airflow/example_dags/example_branch_labels.py took 0.088 seconds
[2023-09-09T02:38:58.866+0000] {processor.py:154} INFO - Started process (PID=284) to work on /home/airflow/.local/lib/python3.7/site-packages/airflow/example_dags/example_branch_labels.py
[2023-09-09T02:38:58.868+0000] {processor.py:756} INFO - Processing file /home/airflow/.local/lib/python3.7/site-packages/airflow/example_dags/example_branch_labels.py for tasks to queue
[2023-09-09T02:38:58.869+0000] {logging_mixin.py:120} INFO - [2023-09-09T02:38:58.868+0000] {dagbag.py:537} INFO - Filling up the DagBag from /home/airflow/.local/lib/python3.7/site-packages/airflow/example_dags/example_branch_labels.py
[2023-09-09T02:38:58.882+0000] {processor.py:766} INFO - DAG(s) dict_keys(['example_branch_labels']) retrieved from /home/airflow/.local/lib/python3.7/site-packages/airflow/example_dags/example_branch_labels.py
[2023-09-09T02:38:58.918+0000] {logging_mixin.py:120} INFO - [2023-09-09T02:38:58.917+0000] {dag.py:2585} INFO - Sync 1 DAGs
[2023-09-09T02:38:58.940+0000] {logging_mixin.py:120} INFO - [2023-09-09T02:38:58.940+0000] {dag.py:3340} INFO - Setting next_dagrun for example_branch_labels to 2023-09-08T00:00:00+00:00, run_after=2023-09-09T00:00:00+00:00
[2023-09-09T02:38:58.958+0000] {processor.py:176} INFO - Processing /home/airflow/.local/lib/python3.7/site-packages/airflow/example_dags/example_branch_labels.py took 0.095 seconds
[2023-09-09T02:39:29.144+0000] {processor.py:154} INFO - Started process (PID=348) to work on /home/airflow/.local/lib/python3.7/site-packages/airflow/example_dags/example_branch_labels.py
[2023-09-09T02:39:29.145+0000] {processor.py:756} INFO - Processing file /home/airflow/.local/lib/python3.7/site-packages/airflow/example_dags/example_branch_labels.py for tasks to queue
[2023-09-09T02:39:29.146+0000] {logging_mixin.py:120} INFO - [2023-09-09T02:39:29.146+0000] {dagbag.py:537} INFO - Filling up the DagBag from /home/airflow/.local/lib/python3.7/site-packages/airflow/example_dags/example_branch_labels.py
[2023-09-09T02:39:29.160+0000] {processor.py:766} INFO - DAG(s) dict_keys(['example_branch_labels']) retrieved from /home/airflow/.local/lib/python3.7/site-packages/airflow/example_dags/example_branch_labels.py
[2023-09-09T02:39:29.202+0000] {logging_mixin.py:120} INFO - [2023-09-09T02:39:29.202+0000] {dag.py:2585} INFO - Sync 1 DAGs
[2023-09-09T02:39:29.227+0000] {logging_mixin.py:120} INFO - [2023-09-09T02:39:29.227+0000] {dag.py:3340} INFO - Setting next_dagrun for example_branch_labels to 2023-09-08T00:00:00+00:00, run_after=2023-09-09T00:00:00+00:00
[2023-09-09T02:39:29.252+0000] {processor.py:176} INFO - Processing /home/airflow/.local/lib/python3.7/site-packages/airflow/example_dags/example_branch_labels.py took 0.110 seconds
[2023-09-09T02:39:59.282+0000] {processor.py:154} INFO - Started process (PID=421) to work on /home/airflow/.local/lib/python3.7/site-packages/airflow/example_dags/example_branch_labels.py
[2023-09-09T02:39:59.283+0000] {processor.py:756} INFO - Processing file /home/airflow/.local/lib/python3.7/site-packages/airflow/example_dags/example_branch_labels.py for tasks to queue
[2023-09-09T02:39:59.283+0000] {logging_mixin.py:120} INFO - [2023-09-09T02:39:59.283+0000] {dagbag.py:537} INFO - Filling up the DagBag from /home/airflow/.local/lib/python3.7/site-packages/airflow/example_dags/example_branch_labels.py
[2023-09-09T02:39:59.294+0000] {processor.py:766} INFO - DAG(s) dict_keys(['example_branch_labels']) retrieved from /home/airflow/.local/lib/python3.7/site-packages/airflow/example_dags/example_branch_labels.py
[2023-09-09T02:39:59.329+0000] {logging_mixin.py:120} INFO - [2023-09-09T02:39:59.329+0000] {dag.py:2585} INFO - Sync 1 DAGs
[2023-09-09T02:39:59.352+0000] {logging_mixin.py:120} INFO - [2023-09-09T02:39:59.352+0000] {dag.py:3340} INFO - Setting next_dagrun for example_branch_labels to 2023-09-08T00:00:00+00:00, run_after=2023-09-09T00:00:00+00:00
[2023-09-09T02:39:59.373+0000] {processor.py:176} INFO - Processing /home/airflow/.local/lib/python3.7/site-packages/airflow/example_dags/example_branch_labels.py took 0.094 seconds
[2023-09-09T02:40:29.714+0000] {processor.py:154} INFO - Started process (PID=495) to work on /home/airflow/.local/lib/python3.7/site-packages/airflow/example_dags/example_branch_labels.py
[2023-09-09T02:40:29.715+0000] {processor.py:756} INFO - Processing file /home/airflow/.local/lib/python3.7/site-packages/airflow/example_dags/example_branch_labels.py for tasks to queue
[2023-09-09T02:40:29.716+0000] {logging_mixin.py:120} INFO - [2023-09-09T02:40:29.716+0000] {dagbag.py:537} INFO - Filling up the DagBag from /home/airflow/.local/lib/python3.7/site-packages/airflow/example_dags/example_branch_labels.py
[2023-09-09T02:40:29.731+0000] {processor.py:766} INFO - DAG(s) dict_keys(['example_branch_labels']) retrieved from /home/airflow/.local/lib/python3.7/site-packages/airflow/example_dags/example_branch_labels.py
[2023-09-09T02:40:29.773+0000] {logging_mixin.py:120} INFO - [2023-09-09T02:40:29.772+0000] {dag.py:2585} INFO - Sync 1 DAGs
[2023-09-09T02:40:29.796+0000] {logging_mixin.py:120} INFO - [2023-09-09T02:40:29.796+0000] {dag.py:3340} INFO - Setting next_dagrun for example_branch_labels to 2023-09-08T00:00:00+00:00, run_after=2023-09-09T00:00:00+00:00
[2023-09-09T02:40:29.818+0000] {processor.py:176} INFO - Processing /home/airflow/.local/lib/python3.7/site-packages/airflow/example_dags/example_branch_labels.py took 0.108 seconds
[2023-09-09T02:40:59.959+0000] {processor.py:154} INFO - Started process (PID=569) to work on /home/airflow/.local/lib/python3.7/site-packages/airflow/example_dags/example_branch_labels.py
[2023-09-09T02:40:59.960+0000] {processor.py:756} INFO - Processing file /home/airflow/.local/lib/python3.7/site-packages/airflow/example_dags/example_branch_labels.py for tasks to queue
[2023-09-09T02:40:59.960+0000] {logging_mixin.py:120} INFO - [2023-09-09T02:40:59.960+0000] {dagbag.py:537} INFO - Filling up the DagBag from /home/airflow/.local/lib/python3.7/site-packages/airflow/example_dags/example_branch_labels.py
[2023-09-09T02:40:59.973+0000] {processor.py:766} INFO - DAG(s) dict_keys(['example_branch_labels']) retrieved from /home/airflow/.local/lib/python3.7/site-packages/airflow/example_dags/example_branch_labels.py
[2023-09-09T02:41:00.009+0000] {logging_mixin.py:120} INFO - [2023-09-09T02:41:00.009+0000] {dag.py:2585} INFO - Sync 1 DAGs
[2023-09-09T02:41:00.031+0000] {logging_mixin.py:120} INFO - [2023-09-09T02:41:00.031+0000] {dag.py:3340} INFO - Setting next_dagrun for example_branch_labels to 2023-09-08T00:00:00+00:00, run_after=2023-09-09T00:00:00+00:00
[2023-09-09T02:41:00.051+0000] {processor.py:176} INFO - Processing /home/airflow/.local/lib/python3.7/site-packages/airflow/example_dags/example_branch_labels.py took 0.094 seconds
[2023-09-09T02:41:30.640+0000] {processor.py:154} INFO - Started process (PID=643) to work on /home/airflow/.local/lib/python3.7/site-packages/airflow/example_dags/example_branch_labels.py
[2023-09-09T02:41:30.641+0000] {processor.py:756} INFO - Processing file /home/airflow/.local/lib/python3.7/site-packages/airflow/example_dags/example_branch_labels.py for tasks to queue
[2023-09-09T02:41:30.642+0000] {logging_mixin.py:120} INFO - [2023-09-09T02:41:30.641+0000] {dagbag.py:537} INFO - Filling up the DagBag from /home/airflow/.local/lib/python3.7/site-packages/airflow/example_dags/example_branch_labels.py
[2023-09-09T02:41:30.653+0000] {processor.py:766} INFO - DAG(s) dict_keys(['example_branch_labels']) retrieved from /home/airflow/.local/lib/python3.7/site-packages/airflow/example_dags/example_branch_labels.py
[2023-09-09T02:41:30.683+0000] {logging_mixin.py:120} INFO - [2023-09-09T02:41:30.683+0000] {dag.py:2585} INFO - Sync 1 DAGs
[2023-09-09T02:41:30.703+0000] {logging_mixin.py:120} INFO - [2023-09-09T02:41:30.703+0000] {dag.py:3340} INFO - Setting next_dagrun for example_branch_labels to 2023-09-08T00:00:00+00:00, run_after=2023-09-09T00:00:00+00:00
[2023-09-09T02:41:30.722+0000] {processor.py:176} INFO - Processing /home/airflow/.local/lib/python3.7/site-packages/airflow/example_dags/example_branch_labels.py took 0.085 seconds
[2023-09-09T02:42:01.267+0000] {processor.py:154} INFO - Started process (PID=717) to work on /home/airflow/.local/lib/python3.7/site-packages/airflow/example_dags/example_branch_labels.py
[2023-09-09T02:42:01.268+0000] {processor.py:756} INFO - Processing file /home/airflow/.local/lib/python3.7/site-packages/airflow/example_dags/example_branch_labels.py for tasks to queue
[2023-09-09T02:42:01.269+0000] {logging_mixin.py:120} INFO - [2023-09-09T02:42:01.269+0000] {dagbag.py:537} INFO - Filling up the DagBag from /home/airflow/.local/lib/python3.7/site-packages/airflow/example_dags/example_branch_labels.py
[2023-09-09T02:42:01.281+0000] {processor.py:766} INFO - DAG(s) dict_keys(['example_branch_labels']) retrieved from /home/airflow/.local/lib/python3.7/site-packages/airflow/example_dags/example_branch_labels.py
[2023-09-09T02:42:01.314+0000] {logging_mixin.py:120} INFO - [2023-09-09T02:42:01.314+0000] {dag.py:2585} INFO - Sync 1 DAGs
[2023-09-09T02:42:01.335+0000] {logging_mixin.py:120} INFO - [2023-09-09T02:42:01.335+0000] {dag.py:3340} INFO - Setting next_dagrun for example_branch_labels to 2023-09-08T00:00:00+00:00, run_after=2023-09-09T00:00:00+00:00
[2023-09-09T02:42:01.353+0000] {processor.py:176} INFO - Processing /home/airflow/.local/lib/python3.7/site-packages/airflow/example_dags/example_branch_labels.py took 0.088 seconds
[2023-09-09T02:42:31.924+0000] {processor.py:154} INFO - Started process (PID=795) to work on /home/airflow/.local/lib/python3.7/site-packages/airflow/example_dags/example_branch_labels.py
[2023-09-09T02:42:31.925+0000] {processor.py:756} INFO - Processing file /home/airflow/.local/lib/python3.7/site-packages/airflow/example_dags/example_branch_labels.py for tasks to queue
[2023-09-09T02:42:31.926+0000] {logging_mixin.py:120} INFO - [2023-09-09T02:42:31.926+0000] {dagbag.py:537} INFO - Filling up the DagBag from /home/airflow/.local/lib/python3.7/site-packages/airflow/example_dags/example_branch_labels.py
[2023-09-09T02:42:31.939+0000] {processor.py:766} INFO - DAG(s) dict_keys(['example_branch_labels']) retrieved from /home/airflow/.local/lib/python3.7/site-packages/airflow/example_dags/example_branch_labels.py
[2023-09-09T02:42:31.973+0000] {logging_mixin.py:120} INFO - [2023-09-09T02:42:31.973+0000] {dag.py:2585} INFO - Sync 1 DAGs
[2023-09-09T02:42:32.001+0000] {logging_mixin.py:120} INFO - [2023-09-09T02:42:32.001+0000] {dag.py:3340} INFO - Setting next_dagrun for example_branch_labels to 2023-09-08T00:00:00+00:00, run_after=2023-09-09T00:00:00+00:00
[2023-09-09T02:42:32.020+0000] {processor.py:176} INFO - Processing /home/airflow/.local/lib/python3.7/site-packages/airflow/example_dags/example_branch_labels.py took 0.098 seconds
[2023-09-09T02:43:02.331+0000] {processor.py:154} INFO - Started process (PID=873) to work on /home/airflow/.local/lib/python3.7/site-packages/airflow/example_dags/example_branch_labels.py
[2023-09-09T02:43:02.331+0000] {processor.py:756} INFO - Processing file /home/airflow/.local/lib/python3.7/site-packages/airflow/example_dags/example_branch_labels.py for tasks to queue
[2023-09-09T02:43:02.332+0000] {logging_mixin.py:120} INFO - [2023-09-09T02:43:02.332+0000] {dagbag.py:537} INFO - Filling up the DagBag from /home/airflow/.local/lib/python3.7/site-packages/airflow/example_dags/example_branch_labels.py
[2023-09-09T02:43:02.344+0000] {processor.py:766} INFO - DAG(s) dict_keys(['example_branch_labels']) retrieved from /home/airflow/.local/lib/python3.7/site-packages/airflow/example_dags/example_branch_labels.py
[2023-09-09T02:43:02.376+0000] {logging_mixin.py:120} INFO - [2023-09-09T02:43:02.376+0000] {dag.py:2585} INFO - Sync 1 DAGs
[2023-09-09T02:43:02.397+0000] {logging_mixin.py:120} INFO - [2023-09-09T02:43:02.397+0000] {dag.py:3340} INFO - Setting next_dagrun for example_branch_labels to 2023-09-08T00:00:00+00:00, run_after=2023-09-09T00:00:00+00:00
[2023-09-09T02:43:02.418+0000] {processor.py:176} INFO - Processing /home/airflow/.local/lib/python3.7/site-packages/airflow/example_dags/example_branch_labels.py took 0.091 seconds
[2023-09-09T02:43:32.788+0000] {processor.py:154} INFO - Started process (PID=938) to work on /home/airflow/.local/lib/python3.7/site-packages/airflow/example_dags/example_branch_labels.py
[2023-09-09T02:43:32.789+0000] {processor.py:756} INFO - Processing file /home/airflow/.local/lib/python3.7/site-packages/airflow/example_dags/example_branch_labels.py for tasks to queue
[2023-09-09T02:43:32.790+0000] {logging_mixin.py:120} INFO - [2023-09-09T02:43:32.790+0000] {dagbag.py:537} INFO - Filling up the DagBag from /home/airflow/.local/lib/python3.7/site-packages/airflow/example_dags/example_branch_labels.py
[2023-09-09T02:43:32.802+0000] {processor.py:766} INFO - DAG(s) dict_keys(['example_branch_labels']) retrieved from /home/airflow/.local/lib/python3.7/site-packages/airflow/example_dags/example_branch_labels.py
[2023-09-09T02:43:32.837+0000] {logging_mixin.py:120} INFO - [2023-09-09T02:43:32.836+0000] {dag.py:2585} INFO - Sync 1 DAGs
[2023-09-09T02:43:32.860+0000] {logging_mixin.py:120} INFO - [2023-09-09T02:43:32.859+0000] {dag.py:3340} INFO - Setting next_dagrun for example_branch_labels to 2023-09-08T00:00:00+00:00, run_after=2023-09-09T00:00:00+00:00
[2023-09-09T02:43:32.882+0000] {processor.py:176} INFO - Processing /home/airflow/.local/lib/python3.7/site-packages/airflow/example_dags/example_branch_labels.py took 0.097 seconds
[2023-09-09T02:44:03.157+0000] {processor.py:154} INFO - Started process (PID=1013) to work on /home/airflow/.local/lib/python3.7/site-packages/airflow/example_dags/example_branch_labels.py
[2023-09-09T02:44:03.158+0000] {processor.py:756} INFO - Processing file /home/airflow/.local/lib/python3.7/site-packages/airflow/example_dags/example_branch_labels.py for tasks to queue
[2023-09-09T02:44:03.159+0000] {logging_mixin.py:120} INFO - [2023-09-09T02:44:03.159+0000] {dagbag.py:537} INFO - Filling up the DagBag from /home/airflow/.local/lib/python3.7/site-packages/airflow/example_dags/example_branch_labels.py
[2023-09-09T02:44:03.171+0000] {processor.py:766} INFO - DAG(s) dict_keys(['example_branch_labels']) retrieved from /home/airflow/.local/lib/python3.7/site-packages/airflow/example_dags/example_branch_labels.py
[2023-09-09T02:44:03.207+0000] {logging_mixin.py:120} INFO - [2023-09-09T02:44:03.207+0000] {dag.py:2585} INFO - Sync 1 DAGs
[2023-09-09T02:44:03.230+0000] {logging_mixin.py:120} INFO - [2023-09-09T02:44:03.230+0000] {dag.py:3340} INFO - Setting next_dagrun for example_branch_labels to 2023-09-08T00:00:00+00:00, run_after=2023-09-09T00:00:00+00:00
[2023-09-09T02:44:03.250+0000] {processor.py:176} INFO - Processing /home/airflow/.local/lib/python3.7/site-packages/airflow/example_dags/example_branch_labels.py took 0.095 seconds
[2023-09-09T02:44:33.318+0000] {processor.py:154} INFO - Started process (PID=1088) to work on /home/airflow/.local/lib/python3.7/site-packages/airflow/example_dags/example_branch_labels.py
[2023-09-09T02:44:33.319+0000] {processor.py:756} INFO - Processing file /home/airflow/.local/lib/python3.7/site-packages/airflow/example_dags/example_branch_labels.py for tasks to queue
[2023-09-09T02:44:33.320+0000] {logging_mixin.py:120} INFO - [2023-09-09T02:44:33.320+0000] {dagbag.py:537} INFO - Filling up the DagBag from /home/airflow/.local/lib/python3.7/site-packages/airflow/example_dags/example_branch_labels.py
[2023-09-09T02:44:33.331+0000] {processor.py:766} INFO - DAG(s) dict_keys(['example_branch_labels']) retrieved from /home/airflow/.local/lib/python3.7/site-packages/airflow/example_dags/example_branch_labels.py
[2023-09-09T02:44:33.364+0000] {logging_mixin.py:120} INFO - [2023-09-09T02:44:33.364+0000] {dag.py:2585} INFO - Sync 1 DAGs
[2023-09-09T02:44:33.385+0000] {logging_mixin.py:120} INFO - [2023-09-09T02:44:33.385+0000] {dag.py:3340} INFO - Setting next_dagrun for example_branch_labels to 2023-09-08T00:00:00+00:00, run_after=2023-09-09T00:00:00+00:00
[2023-09-09T02:44:33.405+0000] {processor.py:176} INFO - Processing /home/airflow/.local/lib/python3.7/site-packages/airflow/example_dags/example_branch_labels.py took 0.089 seconds
[2023-09-09T02:45:03.484+0000] {processor.py:154} INFO - Started process (PID=1152) to work on /home/airflow/.local/lib/python3.7/site-packages/airflow/example_dags/example_branch_labels.py
[2023-09-09T02:45:03.485+0000] {processor.py:756} INFO - Processing file /home/airflow/.local/lib/python3.7/site-packages/airflow/example_dags/example_branch_labels.py for tasks to queue
[2023-09-09T02:45:03.485+0000] {logging_mixin.py:120} INFO - [2023-09-09T02:45:03.485+0000] {dagbag.py:537} INFO - Filling up the DagBag from /home/airflow/.local/lib/python3.7/site-packages/airflow/example_dags/example_branch_labels.py
[2023-09-09T02:45:03.499+0000] {processor.py:766} INFO - DAG(s) dict_keys(['example_branch_labels']) retrieved from /home/airflow/.local/lib/python3.7/site-packages/airflow/example_dags/example_branch_labels.py
[2023-09-09T02:45:03.533+0000] {logging_mixin.py:120} INFO - [2023-09-09T02:45:03.532+0000] {dag.py:2585} INFO - Sync 1 DAGs
[2023-09-09T02:45:03.562+0000] {logging_mixin.py:120} INFO - [2023-09-09T02:45:03.561+0000] {dag.py:3340} INFO - Setting next_dagrun for example_branch_labels to 2023-09-08T00:00:00+00:00, run_after=2023-09-09T00:00:00+00:00
[2023-09-09T02:45:03.585+0000] {processor.py:176} INFO - Processing /home/airflow/.local/lib/python3.7/site-packages/airflow/example_dags/example_branch_labels.py took 0.104 seconds
