[2023-09-09T02:37:27.304+0000] {processor.py:154} INFO - Started process (PID=65) to work on /home/airflow/.local/lib/python3.7/site-packages/airflow/example_dags/example_datasets.py
[2023-09-09T02:37:27.305+0000] {processor.py:756} INFO - Processing file /home/airflow/.local/lib/python3.7/site-packages/airflow/example_dags/example_datasets.py for tasks to queue
[2023-09-09T02:37:27.306+0000] {logging_mixin.py:120} INFO - [2023-09-09T02:37:27.306+0000] {dagbag.py:537} INFO - Filling up the DagBag from /home/airflow/.local/lib/python3.7/site-packages/airflow/example_dags/example_datasets.py
[2023-09-09T02:37:27.321+0000] {processor.py:766} INFO - DAG(s) dict_keys(['dataset_consumes_1_and_2', 'dataset_produces_2', 'dataset_consumes_1', 'dataset_produces_1', 'dataset_consumes_1_never_scheduled', 'dataset_consumes_unknown_never_scheduled']) retrieved from /home/airflow/.local/lib/python3.7/site-packages/airflow/example_dags/example_datasets.py
[2023-09-09T02:37:27.407+0000] {logging_mixin.py:120} INFO - [2023-09-09T02:37:27.407+0000] {dag.py:2585} INFO - Sync 6 DAGs
[2023-09-09T02:37:27.427+0000] {logging_mixin.py:120} INFO - [2023-09-09T02:37:27.427+0000] {dag.py:3340} INFO - Setting next_dagrun for dataset_consumes_1 to None, run_after=None
[2023-09-09T02:37:27.431+0000] {logging_mixin.py:120} INFO - [2023-09-09T02:37:27.431+0000] {dag.py:3340} INFO - Setting next_dagrun for dataset_consumes_1_and_2 to None, run_after=None
[2023-09-09T02:37:27.433+0000] {logging_mixin.py:120} INFO - [2023-09-09T02:37:27.433+0000] {dag.py:3340} INFO - Setting next_dagrun for dataset_consumes_1_never_scheduled to None, run_after=None
[2023-09-09T02:37:27.434+0000] {logging_mixin.py:120} INFO - [2023-09-09T02:37:27.434+0000] {dag.py:3340} INFO - Setting next_dagrun for dataset_consumes_unknown_never_scheduled to None, run_after=None
[2023-09-09T02:37:27.436+0000] {logging_mixin.py:120} INFO - [2023-09-09T02:37:27.436+0000] {dag.py:3340} INFO - Setting next_dagrun for dataset_produces_1 to 2023-09-08T00:00:00+00:00, run_after=2023-09-09T00:00:00+00:00
[2023-09-09T02:37:27.438+0000] {logging_mixin.py:120} INFO - [2023-09-09T02:37:27.438+0000] {dag.py:3340} INFO - Setting next_dagrun for dataset_produces_2 to None, run_after=None
[2023-09-09T02:37:27.466+0000] {processor.py:176} INFO - Processing /home/airflow/.local/lib/python3.7/site-packages/airflow/example_dags/example_datasets.py took 0.165 seconds
[2023-09-09T02:37:58.041+0000] {processor.py:154} INFO - Started process (PID=139) to work on /home/airflow/.local/lib/python3.7/site-packages/airflow/example_dags/example_datasets.py
[2023-09-09T02:37:58.042+0000] {processor.py:756} INFO - Processing file /home/airflow/.local/lib/python3.7/site-packages/airflow/example_dags/example_datasets.py for tasks to queue
[2023-09-09T02:37:58.043+0000] {logging_mixin.py:120} INFO - [2023-09-09T02:37:58.043+0000] {dagbag.py:537} INFO - Filling up the DagBag from /home/airflow/.local/lib/python3.7/site-packages/airflow/example_dags/example_datasets.py
[2023-09-09T02:37:58.056+0000] {processor.py:766} INFO - DAG(s) dict_keys(['dataset_consumes_1', 'dataset_consumes_unknown_never_scheduled', 'dataset_consumes_1_never_scheduled', 'dataset_produces_1', 'dataset_produces_2', 'dataset_consumes_1_and_2']) retrieved from /home/airflow/.local/lib/python3.7/site-packages/airflow/example_dags/example_datasets.py
[2023-09-09T02:37:58.108+0000] {logging_mixin.py:120} INFO - [2023-09-09T02:37:58.107+0000] {dag.py:2585} INFO - Sync 6 DAGs
[2023-09-09T02:37:58.129+0000] {logging_mixin.py:120} INFO - [2023-09-09T02:37:58.129+0000] {dag.py:3340} INFO - Setting next_dagrun for dataset_consumes_1 to None, run_after=None
[2023-09-09T02:37:58.132+0000] {logging_mixin.py:120} INFO - [2023-09-09T02:37:58.132+0000] {dag.py:3340} INFO - Setting next_dagrun for dataset_consumes_1_and_2 to None, run_after=None
[2023-09-09T02:37:58.134+0000] {logging_mixin.py:120} INFO - [2023-09-09T02:37:58.134+0000] {dag.py:3340} INFO - Setting next_dagrun for dataset_consumes_1_never_scheduled to None, run_after=None
[2023-09-09T02:37:58.135+0000] {logging_mixin.py:120} INFO - [2023-09-09T02:37:58.135+0000] {dag.py:3340} INFO - Setting next_dagrun for dataset_consumes_unknown_never_scheduled to None, run_after=None
[2023-09-09T02:37:58.137+0000] {logging_mixin.py:120} INFO - [2023-09-09T02:37:58.137+0000] {dag.py:3340} INFO - Setting next_dagrun for dataset_produces_1 to 2023-09-08T00:00:00+00:00, run_after=2023-09-09T00:00:00+00:00
[2023-09-09T02:37:58.139+0000] {logging_mixin.py:120} INFO - [2023-09-09T02:37:58.139+0000] {dag.py:3340} INFO - Setting next_dagrun for dataset_produces_2 to None, run_after=None
[2023-09-09T02:37:58.162+0000] {processor.py:176} INFO - Processing /home/airflow/.local/lib/python3.7/site-packages/airflow/example_dags/example_datasets.py took 0.123 seconds
[2023-09-09T02:38:28.473+0000] {processor.py:154} INFO - Started process (PID=214) to work on /home/airflow/.local/lib/python3.7/site-packages/airflow/example_dags/example_datasets.py
[2023-09-09T02:38:28.474+0000] {processor.py:756} INFO - Processing file /home/airflow/.local/lib/python3.7/site-packages/airflow/example_dags/example_datasets.py for tasks to queue
[2023-09-09T02:38:28.475+0000] {logging_mixin.py:120} INFO - [2023-09-09T02:38:28.475+0000] {dagbag.py:537} INFO - Filling up the DagBag from /home/airflow/.local/lib/python3.7/site-packages/airflow/example_dags/example_datasets.py
[2023-09-09T02:38:28.488+0000] {processor.py:766} INFO - DAG(s) dict_keys(['dataset_consumes_1', 'dataset_consumes_unknown_never_scheduled', 'dataset_consumes_1_and_2', 'dataset_produces_2', 'dataset_consumes_1_never_scheduled', 'dataset_produces_1']) retrieved from /home/airflow/.local/lib/python3.7/site-packages/airflow/example_dags/example_datasets.py
[2023-09-09T02:38:28.533+0000] {logging_mixin.py:120} INFO - [2023-09-09T02:38:28.533+0000] {dag.py:2585} INFO - Sync 6 DAGs
[2023-09-09T02:38:28.551+0000] {logging_mixin.py:120} INFO - [2023-09-09T02:38:28.551+0000] {dag.py:3340} INFO - Setting next_dagrun for dataset_consumes_1 to None, run_after=None
[2023-09-09T02:38:28.554+0000] {logging_mixin.py:120} INFO - [2023-09-09T02:38:28.554+0000] {dag.py:3340} INFO - Setting next_dagrun for dataset_consumes_1_and_2 to None, run_after=None
[2023-09-09T02:38:28.555+0000] {logging_mixin.py:120} INFO - [2023-09-09T02:38:28.555+0000] {dag.py:3340} INFO - Setting next_dagrun for dataset_consumes_1_never_scheduled to None, run_after=None
[2023-09-09T02:38:28.556+0000] {logging_mixin.py:120} INFO - [2023-09-09T02:38:28.556+0000] {dag.py:3340} INFO - Setting next_dagrun for dataset_consumes_unknown_never_scheduled to None, run_after=None
[2023-09-09T02:38:28.558+0000] {logging_mixin.py:120} INFO - [2023-09-09T02:38:28.558+0000] {dag.py:3340} INFO - Setting next_dagrun for dataset_produces_1 to 2023-09-08T00:00:00+00:00, run_after=2023-09-09T00:00:00+00:00
[2023-09-09T02:38:28.559+0000] {logging_mixin.py:120} INFO - [2023-09-09T02:38:28.559+0000] {dag.py:3340} INFO - Setting next_dagrun for dataset_produces_2 to None, run_after=None
[2023-09-09T02:38:28.582+0000] {processor.py:176} INFO - Processing /home/airflow/.local/lib/python3.7/site-packages/airflow/example_dags/example_datasets.py took 0.111 seconds
[2023-09-09T02:38:59.141+0000] {processor.py:154} INFO - Started process (PID=288) to work on /home/airflow/.local/lib/python3.7/site-packages/airflow/example_dags/example_datasets.py
[2023-09-09T02:38:59.142+0000] {processor.py:756} INFO - Processing file /home/airflow/.local/lib/python3.7/site-packages/airflow/example_dags/example_datasets.py for tasks to queue
[2023-09-09T02:38:59.143+0000] {logging_mixin.py:120} INFO - [2023-09-09T02:38:59.143+0000] {dagbag.py:537} INFO - Filling up the DagBag from /home/airflow/.local/lib/python3.7/site-packages/airflow/example_dags/example_datasets.py
[2023-09-09T02:38:59.156+0000] {processor.py:766} INFO - DAG(s) dict_keys(['dataset_consumes_1_never_scheduled', 'dataset_consumes_unknown_never_scheduled', 'dataset_consumes_1_and_2', 'dataset_produces_2', 'dataset_produces_1', 'dataset_consumes_1']) retrieved from /home/airflow/.local/lib/python3.7/site-packages/airflow/example_dags/example_datasets.py
[2023-09-09T02:38:59.207+0000] {logging_mixin.py:120} INFO - [2023-09-09T02:38:59.207+0000] {dag.py:2585} INFO - Sync 6 DAGs
[2023-09-09T02:38:59.230+0000] {logging_mixin.py:120} INFO - [2023-09-09T02:38:59.230+0000] {dag.py:3340} INFO - Setting next_dagrun for dataset_consumes_1 to None, run_after=None
[2023-09-09T02:38:59.233+0000] {logging_mixin.py:120} INFO - [2023-09-09T02:38:59.233+0000] {dag.py:3340} INFO - Setting next_dagrun for dataset_consumes_1_and_2 to None, run_after=None
[2023-09-09T02:38:59.234+0000] {logging_mixin.py:120} INFO - [2023-09-09T02:38:59.234+0000] {dag.py:3340} INFO - Setting next_dagrun for dataset_consumes_1_never_scheduled to None, run_after=None
[2023-09-09T02:38:59.235+0000] {logging_mixin.py:120} INFO - [2023-09-09T02:38:59.235+0000] {dag.py:3340} INFO - Setting next_dagrun for dataset_consumes_unknown_never_scheduled to None, run_after=None
[2023-09-09T02:38:59.238+0000] {logging_mixin.py:120} INFO - [2023-09-09T02:38:59.237+0000] {dag.py:3340} INFO - Setting next_dagrun for dataset_produces_1 to 2023-09-08T00:00:00+00:00, run_after=2023-09-09T00:00:00+00:00
[2023-09-09T02:38:59.239+0000] {logging_mixin.py:120} INFO - [2023-09-09T02:38:59.239+0000] {dag.py:3340} INFO - Setting next_dagrun for dataset_produces_2 to None, run_after=None
[2023-09-09T02:38:59.264+0000] {processor.py:176} INFO - Processing /home/airflow/.local/lib/python3.7/site-packages/airflow/example_dags/example_datasets.py took 0.125 seconds
[2023-09-09T02:39:29.571+0000] {processor.py:154} INFO - Started process (PID=353) to work on /home/airflow/.local/lib/python3.7/site-packages/airflow/example_dags/example_datasets.py
[2023-09-09T02:39:29.572+0000] {processor.py:756} INFO - Processing file /home/airflow/.local/lib/python3.7/site-packages/airflow/example_dags/example_datasets.py for tasks to queue
[2023-09-09T02:39:29.573+0000] {logging_mixin.py:120} INFO - [2023-09-09T02:39:29.573+0000] {dagbag.py:537} INFO - Filling up the DagBag from /home/airflow/.local/lib/python3.7/site-packages/airflow/example_dags/example_datasets.py
[2023-09-09T02:39:29.586+0000] {processor.py:766} INFO - DAG(s) dict_keys(['dataset_produces_1', 'dataset_consumes_1_never_scheduled', 'dataset_consumes_unknown_never_scheduled', 'dataset_produces_2', 'dataset_consumes_1', 'dataset_consumes_1_and_2']) retrieved from /home/airflow/.local/lib/python3.7/site-packages/airflow/example_dags/example_datasets.py
[2023-09-09T02:39:29.638+0000] {logging_mixin.py:120} INFO - [2023-09-09T02:39:29.638+0000] {dag.py:2585} INFO - Sync 6 DAGs
[2023-09-09T02:39:29.665+0000] {logging_mixin.py:120} INFO - [2023-09-09T02:39:29.665+0000] {dag.py:3340} INFO - Setting next_dagrun for dataset_consumes_1 to None, run_after=None
[2023-09-09T02:39:29.669+0000] {logging_mixin.py:120} INFO - [2023-09-09T02:39:29.669+0000] {dag.py:3340} INFO - Setting next_dagrun for dataset_consumes_1_and_2 to None, run_after=None
[2023-09-09T02:39:29.671+0000] {logging_mixin.py:120} INFO - [2023-09-09T02:39:29.671+0000] {dag.py:3340} INFO - Setting next_dagrun for dataset_consumes_1_never_scheduled to None, run_after=None
[2023-09-09T02:39:29.672+0000] {logging_mixin.py:120} INFO - [2023-09-09T02:39:29.672+0000] {dag.py:3340} INFO - Setting next_dagrun for dataset_consumes_unknown_never_scheduled to None, run_after=None
[2023-09-09T02:39:29.674+0000] {logging_mixin.py:120} INFO - [2023-09-09T02:39:29.674+0000] {dag.py:3340} INFO - Setting next_dagrun for dataset_produces_1 to 2023-09-08T00:00:00+00:00, run_after=2023-09-09T00:00:00+00:00
[2023-09-09T02:39:29.676+0000] {logging_mixin.py:120} INFO - [2023-09-09T02:39:29.676+0000] {dag.py:3340} INFO - Setting next_dagrun for dataset_produces_2 to None, run_after=None
[2023-09-09T02:39:29.705+0000] {processor.py:176} INFO - Processing /home/airflow/.local/lib/python3.7/site-packages/airflow/example_dags/example_datasets.py took 0.137 seconds
[2023-09-09T02:40:00.672+0000] {processor.py:154} INFO - Started process (PID=427) to work on /home/airflow/.local/lib/python3.7/site-packages/airflow/example_dags/example_datasets.py
[2023-09-09T02:40:00.673+0000] {processor.py:756} INFO - Processing file /home/airflow/.local/lib/python3.7/site-packages/airflow/example_dags/example_datasets.py for tasks to queue
[2023-09-09T02:40:00.674+0000] {logging_mixin.py:120} INFO - [2023-09-09T02:40:00.674+0000] {dagbag.py:537} INFO - Filling up the DagBag from /home/airflow/.local/lib/python3.7/site-packages/airflow/example_dags/example_datasets.py
[2023-09-09T02:40:00.687+0000] {processor.py:766} INFO - DAG(s) dict_keys(['dataset_consumes_1_never_scheduled', 'dataset_consumes_1', 'dataset_consumes_unknown_never_scheduled', 'dataset_produces_2', 'dataset_consumes_1_and_2', 'dataset_produces_1']) retrieved from /home/airflow/.local/lib/python3.7/site-packages/airflow/example_dags/example_datasets.py
[2023-09-09T02:40:00.734+0000] {logging_mixin.py:120} INFO - [2023-09-09T02:40:00.734+0000] {dag.py:2585} INFO - Sync 6 DAGs
[2023-09-09T02:40:00.757+0000] {logging_mixin.py:120} INFO - [2023-09-09T02:40:00.757+0000] {dag.py:3340} INFO - Setting next_dagrun for dataset_consumes_1 to None, run_after=None
[2023-09-09T02:40:00.760+0000] {logging_mixin.py:120} INFO - [2023-09-09T02:40:00.760+0000] {dag.py:3340} INFO - Setting next_dagrun for dataset_consumes_1_and_2 to None, run_after=None
[2023-09-09T02:40:00.762+0000] {logging_mixin.py:120} INFO - [2023-09-09T02:40:00.762+0000] {dag.py:3340} INFO - Setting next_dagrun for dataset_consumes_1_never_scheduled to None, run_after=None
[2023-09-09T02:40:00.763+0000] {logging_mixin.py:120} INFO - [2023-09-09T02:40:00.763+0000] {dag.py:3340} INFO - Setting next_dagrun for dataset_consumes_unknown_never_scheduled to None, run_after=None
[2023-09-09T02:40:00.766+0000] {logging_mixin.py:120} INFO - [2023-09-09T02:40:00.766+0000] {dag.py:3340} INFO - Setting next_dagrun for dataset_produces_1 to 2023-09-08T00:00:00+00:00, run_after=2023-09-09T00:00:00+00:00
[2023-09-09T02:40:00.767+0000] {logging_mixin.py:120} INFO - [2023-09-09T02:40:00.767+0000] {dag.py:3340} INFO - Setting next_dagrun for dataset_produces_2 to None, run_after=None
[2023-09-09T02:40:00.797+0000] {processor.py:176} INFO - Processing /home/airflow/.local/lib/python3.7/site-packages/airflow/example_dags/example_datasets.py took 0.128 seconds
[2023-09-09T02:40:30.939+0000] {processor.py:154} INFO - Started process (PID=500) to work on /home/airflow/.local/lib/python3.7/site-packages/airflow/example_dags/example_datasets.py
[2023-09-09T02:40:30.940+0000] {processor.py:756} INFO - Processing file /home/airflow/.local/lib/python3.7/site-packages/airflow/example_dags/example_datasets.py for tasks to queue
[2023-09-09T02:40:30.940+0000] {logging_mixin.py:120} INFO - [2023-09-09T02:40:30.940+0000] {dagbag.py:537} INFO - Filling up the DagBag from /home/airflow/.local/lib/python3.7/site-packages/airflow/example_dags/example_datasets.py
[2023-09-09T02:40:30.953+0000] {processor.py:766} INFO - DAG(s) dict_keys(['dataset_consumes_1', 'dataset_consumes_unknown_never_scheduled', 'dataset_produces_1', 'dataset_produces_2', 'dataset_consumes_1_never_scheduled', 'dataset_consumes_1_and_2']) retrieved from /home/airflow/.local/lib/python3.7/site-packages/airflow/example_dags/example_datasets.py
[2023-09-09T02:40:30.998+0000] {logging_mixin.py:120} INFO - [2023-09-09T02:40:30.998+0000] {dag.py:2585} INFO - Sync 6 DAGs
[2023-09-09T02:40:31.018+0000] {logging_mixin.py:120} INFO - [2023-09-09T02:40:31.017+0000] {dag.py:3340} INFO - Setting next_dagrun for dataset_consumes_1 to None, run_after=None
[2023-09-09T02:40:31.020+0000] {logging_mixin.py:120} INFO - [2023-09-09T02:40:31.020+0000] {dag.py:3340} INFO - Setting next_dagrun for dataset_consumes_1_and_2 to None, run_after=None
[2023-09-09T02:40:31.021+0000] {logging_mixin.py:120} INFO - [2023-09-09T02:40:31.021+0000] {dag.py:3340} INFO - Setting next_dagrun for dataset_consumes_1_never_scheduled to None, run_after=None
[2023-09-09T02:40:31.023+0000] {logging_mixin.py:120} INFO - [2023-09-09T02:40:31.023+0000] {dag.py:3340} INFO - Setting next_dagrun for dataset_consumes_unknown_never_scheduled to None, run_after=None
[2023-09-09T02:40:31.025+0000] {logging_mixin.py:120} INFO - [2023-09-09T02:40:31.025+0000] {dag.py:3340} INFO - Setting next_dagrun for dataset_produces_1 to 2023-09-08T00:00:00+00:00, run_after=2023-09-09T00:00:00+00:00
[2023-09-09T02:40:31.026+0000] {logging_mixin.py:120} INFO - [2023-09-09T02:40:31.026+0000] {dag.py:3340} INFO - Setting next_dagrun for dataset_produces_2 to None, run_after=None
[2023-09-09T02:40:31.050+0000] {processor.py:176} INFO - Processing /home/airflow/.local/lib/python3.7/site-packages/airflow/example_dags/example_datasets.py took 0.114 seconds
[2023-09-09T02:41:01.126+0000] {processor.py:154} INFO - Started process (PID=573) to work on /home/airflow/.local/lib/python3.7/site-packages/airflow/example_dags/example_datasets.py
[2023-09-09T02:41:01.127+0000] {processor.py:756} INFO - Processing file /home/airflow/.local/lib/python3.7/site-packages/airflow/example_dags/example_datasets.py for tasks to queue
[2023-09-09T02:41:01.128+0000] {logging_mixin.py:120} INFO - [2023-09-09T02:41:01.128+0000] {dagbag.py:537} INFO - Filling up the DagBag from /home/airflow/.local/lib/python3.7/site-packages/airflow/example_dags/example_datasets.py
[2023-09-09T02:41:01.141+0000] {processor.py:766} INFO - DAG(s) dict_keys(['dataset_consumes_1_and_2', 'dataset_produces_2', 'dataset_consumes_1', 'dataset_produces_1', 'dataset_consumes_unknown_never_scheduled', 'dataset_consumes_1_never_scheduled']) retrieved from /home/airflow/.local/lib/python3.7/site-packages/airflow/example_dags/example_datasets.py
[2023-09-09T02:41:01.183+0000] {logging_mixin.py:120} INFO - [2023-09-09T02:41:01.183+0000] {dag.py:2585} INFO - Sync 6 DAGs
[2023-09-09T02:41:01.207+0000] {logging_mixin.py:120} INFO - [2023-09-09T02:41:01.207+0000] {dag.py:3340} INFO - Setting next_dagrun for dataset_consumes_1 to None, run_after=None
[2023-09-09T02:41:01.211+0000] {logging_mixin.py:120} INFO - [2023-09-09T02:41:01.211+0000] {dag.py:3340} INFO - Setting next_dagrun for dataset_consumes_1_and_2 to None, run_after=None
[2023-09-09T02:41:01.212+0000] {logging_mixin.py:120} INFO - [2023-09-09T02:41:01.212+0000] {dag.py:3340} INFO - Setting next_dagrun for dataset_consumes_1_never_scheduled to None, run_after=None
[2023-09-09T02:41:01.214+0000] {logging_mixin.py:120} INFO - [2023-09-09T02:41:01.214+0000] {dag.py:3340} INFO - Setting next_dagrun for dataset_consumes_unknown_never_scheduled to None, run_after=None
[2023-09-09T02:41:01.216+0000] {logging_mixin.py:120} INFO - [2023-09-09T02:41:01.216+0000] {dag.py:3340} INFO - Setting next_dagrun for dataset_produces_1 to 2023-09-08T00:00:00+00:00, run_after=2023-09-09T00:00:00+00:00
[2023-09-09T02:41:01.218+0000] {logging_mixin.py:120} INFO - [2023-09-09T02:41:01.218+0000] {dag.py:3340} INFO - Setting next_dagrun for dataset_produces_2 to None, run_after=None
[2023-09-09T02:41:01.251+0000] {processor.py:176} INFO - Processing /home/airflow/.local/lib/python3.7/site-packages/airflow/example_dags/example_datasets.py took 0.127 seconds
[2023-09-09T02:41:31.912+0000] {processor.py:154} INFO - Started process (PID=647) to work on /home/airflow/.local/lib/python3.7/site-packages/airflow/example_dags/example_datasets.py
[2023-09-09T02:41:31.913+0000] {processor.py:756} INFO - Processing file /home/airflow/.local/lib/python3.7/site-packages/airflow/example_dags/example_datasets.py for tasks to queue
[2023-09-09T02:41:31.914+0000] {logging_mixin.py:120} INFO - [2023-09-09T02:41:31.914+0000] {dagbag.py:537} INFO - Filling up the DagBag from /home/airflow/.local/lib/python3.7/site-packages/airflow/example_dags/example_datasets.py
[2023-09-09T02:41:31.927+0000] {processor.py:766} INFO - DAG(s) dict_keys(['dataset_consumes_1', 'dataset_consumes_1_and_2', 'dataset_consumes_1_never_scheduled', 'dataset_produces_2', 'dataset_consumes_unknown_never_scheduled', 'dataset_produces_1']) retrieved from /home/airflow/.local/lib/python3.7/site-packages/airflow/example_dags/example_datasets.py
[2023-09-09T02:41:31.970+0000] {logging_mixin.py:120} INFO - [2023-09-09T02:41:31.970+0000] {dag.py:2585} INFO - Sync 6 DAGs
[2023-09-09T02:41:31.992+0000] {logging_mixin.py:120} INFO - [2023-09-09T02:41:31.992+0000] {dag.py:3340} INFO - Setting next_dagrun for dataset_consumes_1 to None, run_after=None
[2023-09-09T02:41:31.994+0000] {logging_mixin.py:120} INFO - [2023-09-09T02:41:31.994+0000] {dag.py:3340} INFO - Setting next_dagrun for dataset_consumes_1_and_2 to None, run_after=None
[2023-09-09T02:41:31.995+0000] {logging_mixin.py:120} INFO - [2023-09-09T02:41:31.995+0000] {dag.py:3340} INFO - Setting next_dagrun for dataset_consumes_1_never_scheduled to None, run_after=None
[2023-09-09T02:41:31.996+0000] {logging_mixin.py:120} INFO - [2023-09-09T02:41:31.996+0000] {dag.py:3340} INFO - Setting next_dagrun for dataset_consumes_unknown_never_scheduled to None, run_after=None
[2023-09-09T02:41:31.998+0000] {logging_mixin.py:120} INFO - [2023-09-09T02:41:31.998+0000] {dag.py:3340} INFO - Setting next_dagrun for dataset_produces_1 to 2023-09-08T00:00:00+00:00, run_after=2023-09-09T00:00:00+00:00
[2023-09-09T02:41:31.999+0000] {logging_mixin.py:120} INFO - [2023-09-09T02:41:31.999+0000] {dag.py:3340} INFO - Setting next_dagrun for dataset_produces_2 to None, run_after=None
[2023-09-09T02:41:32.022+0000] {processor.py:176} INFO - Processing /home/airflow/.local/lib/python3.7/site-packages/airflow/example_dags/example_datasets.py took 0.113 seconds
[2023-09-09T02:42:02.433+0000] {processor.py:154} INFO - Started process (PID=721) to work on /home/airflow/.local/lib/python3.7/site-packages/airflow/example_dags/example_datasets.py
[2023-09-09T02:42:02.434+0000] {processor.py:756} INFO - Processing file /home/airflow/.local/lib/python3.7/site-packages/airflow/example_dags/example_datasets.py for tasks to queue
[2023-09-09T02:42:02.435+0000] {logging_mixin.py:120} INFO - [2023-09-09T02:42:02.435+0000] {dagbag.py:537} INFO - Filling up the DagBag from /home/airflow/.local/lib/python3.7/site-packages/airflow/example_dags/example_datasets.py
[2023-09-09T02:42:02.448+0000] {processor.py:766} INFO - DAG(s) dict_keys(['dataset_produces_2', 'dataset_consumes_1', 'dataset_consumes_1_and_2', 'dataset_consumes_unknown_never_scheduled', 'dataset_produces_1', 'dataset_consumes_1_never_scheduled']) retrieved from /home/airflow/.local/lib/python3.7/site-packages/airflow/example_dags/example_datasets.py
[2023-09-09T02:42:02.499+0000] {logging_mixin.py:120} INFO - [2023-09-09T02:42:02.498+0000] {dag.py:2585} INFO - Sync 6 DAGs
[2023-09-09T02:42:02.521+0000] {logging_mixin.py:120} INFO - [2023-09-09T02:42:02.521+0000] {dag.py:3340} INFO - Setting next_dagrun for dataset_consumes_1 to None, run_after=None
[2023-09-09T02:42:02.524+0000] {logging_mixin.py:120} INFO - [2023-09-09T02:42:02.524+0000] {dag.py:3340} INFO - Setting next_dagrun for dataset_consumes_1_and_2 to None, run_after=None
[2023-09-09T02:42:02.525+0000] {logging_mixin.py:120} INFO - [2023-09-09T02:42:02.525+0000] {dag.py:3340} INFO - Setting next_dagrun for dataset_consumes_1_never_scheduled to None, run_after=None
[2023-09-09T02:42:02.526+0000] {logging_mixin.py:120} INFO - [2023-09-09T02:42:02.526+0000] {dag.py:3340} INFO - Setting next_dagrun for dataset_consumes_unknown_never_scheduled to None, run_after=None
[2023-09-09T02:42:02.529+0000] {logging_mixin.py:120} INFO - [2023-09-09T02:42:02.529+0000] {dag.py:3340} INFO - Setting next_dagrun for dataset_produces_1 to 2023-09-08T00:00:00+00:00, run_after=2023-09-09T00:00:00+00:00
[2023-09-09T02:42:02.530+0000] {logging_mixin.py:120} INFO - [2023-09-09T02:42:02.530+0000] {dag.py:3340} INFO - Setting next_dagrun for dataset_produces_2 to None, run_after=None
[2023-09-09T02:42:02.558+0000] {processor.py:176} INFO - Processing /home/airflow/.local/lib/python3.7/site-packages/airflow/example_dags/example_datasets.py took 0.127 seconds
[2023-09-09T02:42:33.102+0000] {processor.py:154} INFO - Started process (PID=799) to work on /home/airflow/.local/lib/python3.7/site-packages/airflow/example_dags/example_datasets.py
[2023-09-09T02:42:33.103+0000] {processor.py:756} INFO - Processing file /home/airflow/.local/lib/python3.7/site-packages/airflow/example_dags/example_datasets.py for tasks to queue
[2023-09-09T02:42:33.103+0000] {logging_mixin.py:120} INFO - [2023-09-09T02:42:33.103+0000] {dagbag.py:537} INFO - Filling up the DagBag from /home/airflow/.local/lib/python3.7/site-packages/airflow/example_dags/example_datasets.py
[2023-09-09T02:42:33.117+0000] {processor.py:766} INFO - DAG(s) dict_keys(['dataset_consumes_1_and_2', 'dataset_produces_1', 'dataset_consumes_unknown_never_scheduled', 'dataset_consumes_1', 'dataset_consumes_1_never_scheduled', 'dataset_produces_2']) retrieved from /home/airflow/.local/lib/python3.7/site-packages/airflow/example_dags/example_datasets.py
[2023-09-09T02:42:33.165+0000] {logging_mixin.py:120} INFO - [2023-09-09T02:42:33.165+0000] {dag.py:2585} INFO - Sync 6 DAGs
[2023-09-09T02:42:33.186+0000] {logging_mixin.py:120} INFO - [2023-09-09T02:42:33.186+0000] {dag.py:3340} INFO - Setting next_dagrun for dataset_consumes_1 to None, run_after=None
[2023-09-09T02:42:33.189+0000] {logging_mixin.py:120} INFO - [2023-09-09T02:42:33.189+0000] {dag.py:3340} INFO - Setting next_dagrun for dataset_consumes_1_and_2 to None, run_after=None
[2023-09-09T02:42:33.190+0000] {logging_mixin.py:120} INFO - [2023-09-09T02:42:33.190+0000] {dag.py:3340} INFO - Setting next_dagrun for dataset_consumes_1_never_scheduled to None, run_after=None
[2023-09-09T02:42:33.191+0000] {logging_mixin.py:120} INFO - [2023-09-09T02:42:33.191+0000] {dag.py:3340} INFO - Setting next_dagrun for dataset_consumes_unknown_never_scheduled to None, run_after=None
[2023-09-09T02:42:33.193+0000] {logging_mixin.py:120} INFO - [2023-09-09T02:42:33.193+0000] {dag.py:3340} INFO - Setting next_dagrun for dataset_produces_1 to 2023-09-08T00:00:00+00:00, run_after=2023-09-09T00:00:00+00:00
[2023-09-09T02:42:33.194+0000] {logging_mixin.py:120} INFO - [2023-09-09T02:42:33.194+0000] {dag.py:3340} INFO - Setting next_dagrun for dataset_produces_2 to None, run_after=None
[2023-09-09T02:42:33.221+0000] {processor.py:176} INFO - Processing /home/airflow/.local/lib/python3.7/site-packages/airflow/example_dags/example_datasets.py took 0.122 seconds
[2023-09-09T02:43:03.486+0000] {processor.py:154} INFO - Started process (PID=877) to work on /home/airflow/.local/lib/python3.7/site-packages/airflow/example_dags/example_datasets.py
[2023-09-09T02:43:03.487+0000] {processor.py:756} INFO - Processing file /home/airflow/.local/lib/python3.7/site-packages/airflow/example_dags/example_datasets.py for tasks to queue
[2023-09-09T02:43:03.488+0000] {logging_mixin.py:120} INFO - [2023-09-09T02:43:03.488+0000] {dagbag.py:537} INFO - Filling up the DagBag from /home/airflow/.local/lib/python3.7/site-packages/airflow/example_dags/example_datasets.py
[2023-09-09T02:43:03.501+0000] {processor.py:766} INFO - DAG(s) dict_keys(['dataset_consumes_1', 'dataset_consumes_1_and_2', 'dataset_produces_2', 'dataset_consumes_1_never_scheduled', 'dataset_produces_1', 'dataset_consumes_unknown_never_scheduled']) retrieved from /home/airflow/.local/lib/python3.7/site-packages/airflow/example_dags/example_datasets.py
[2023-09-09T02:43:03.544+0000] {logging_mixin.py:120} INFO - [2023-09-09T02:43:03.544+0000] {dag.py:2585} INFO - Sync 6 DAGs
[2023-09-09T02:43:03.564+0000] {logging_mixin.py:120} INFO - [2023-09-09T02:43:03.564+0000] {dag.py:3340} INFO - Setting next_dagrun for dataset_consumes_1 to None, run_after=None
[2023-09-09T02:43:03.568+0000] {logging_mixin.py:120} INFO - [2023-09-09T02:43:03.568+0000] {dag.py:3340} INFO - Setting next_dagrun for dataset_consumes_1_and_2 to None, run_after=None
[2023-09-09T02:43:03.569+0000] {logging_mixin.py:120} INFO - [2023-09-09T02:43:03.569+0000] {dag.py:3340} INFO - Setting next_dagrun for dataset_consumes_1_never_scheduled to None, run_after=None
[2023-09-09T02:43:03.571+0000] {logging_mixin.py:120} INFO - [2023-09-09T02:43:03.571+0000] {dag.py:3340} INFO - Setting next_dagrun for dataset_consumes_unknown_never_scheduled to None, run_after=None
[2023-09-09T02:43:03.573+0000] {logging_mixin.py:120} INFO - [2023-09-09T02:43:03.573+0000] {dag.py:3340} INFO - Setting next_dagrun for dataset_produces_1 to 2023-09-08T00:00:00+00:00, run_after=2023-09-09T00:00:00+00:00
[2023-09-09T02:43:03.574+0000] {logging_mixin.py:120} INFO - [2023-09-09T02:43:03.574+0000] {dag.py:3340} INFO - Setting next_dagrun for dataset_produces_2 to None, run_after=None
[2023-09-09T02:43:03.598+0000] {processor.py:176} INFO - Processing /home/airflow/.local/lib/python3.7/site-packages/airflow/example_dags/example_datasets.py took 0.114 seconds
[2023-09-09T02:43:34.120+0000] {processor.py:154} INFO - Started process (PID=943) to work on /home/airflow/.local/lib/python3.7/site-packages/airflow/example_dags/example_datasets.py
[2023-09-09T02:43:34.121+0000] {processor.py:756} INFO - Processing file /home/airflow/.local/lib/python3.7/site-packages/airflow/example_dags/example_datasets.py for tasks to queue
[2023-09-09T02:43:34.121+0000] {logging_mixin.py:120} INFO - [2023-09-09T02:43:34.121+0000] {dagbag.py:537} INFO - Filling up the DagBag from /home/airflow/.local/lib/python3.7/site-packages/airflow/example_dags/example_datasets.py
[2023-09-09T02:43:34.136+0000] {processor.py:766} INFO - DAG(s) dict_keys(['dataset_produces_2', 'dataset_produces_1', 'dataset_consumes_unknown_never_scheduled', 'dataset_consumes_1', 'dataset_consumes_1_never_scheduled', 'dataset_consumes_1_and_2']) retrieved from /home/airflow/.local/lib/python3.7/site-packages/airflow/example_dags/example_datasets.py
[2023-09-09T02:43:34.181+0000] {logging_mixin.py:120} INFO - [2023-09-09T02:43:34.181+0000] {dag.py:2585} INFO - Sync 6 DAGs
[2023-09-09T02:43:34.202+0000] {logging_mixin.py:120} INFO - [2023-09-09T02:43:34.202+0000] {dag.py:3340} INFO - Setting next_dagrun for dataset_consumes_1 to None, run_after=None
[2023-09-09T02:43:34.205+0000] {logging_mixin.py:120} INFO - [2023-09-09T02:43:34.205+0000] {dag.py:3340} INFO - Setting next_dagrun for dataset_consumes_1_and_2 to None, run_after=None
[2023-09-09T02:43:34.207+0000] {logging_mixin.py:120} INFO - [2023-09-09T02:43:34.207+0000] {dag.py:3340} INFO - Setting next_dagrun for dataset_consumes_1_never_scheduled to None, run_after=None
[2023-09-09T02:43:34.208+0000] {logging_mixin.py:120} INFO - [2023-09-09T02:43:34.208+0000] {dag.py:3340} INFO - Setting next_dagrun for dataset_consumes_unknown_never_scheduled to None, run_after=None
[2023-09-09T02:43:34.210+0000] {logging_mixin.py:120} INFO - [2023-09-09T02:43:34.210+0000] {dag.py:3340} INFO - Setting next_dagrun for dataset_produces_1 to 2023-09-08T00:00:00+00:00, run_after=2023-09-09T00:00:00+00:00
[2023-09-09T02:43:34.211+0000] {logging_mixin.py:120} INFO - [2023-09-09T02:43:34.211+0000] {dag.py:3340} INFO - Setting next_dagrun for dataset_produces_2 to None, run_after=None
[2023-09-09T02:43:34.237+0000] {processor.py:176} INFO - Processing /home/airflow/.local/lib/python3.7/site-packages/airflow/example_dags/example_datasets.py took 0.119 seconds
[2023-09-09T02:44:04.482+0000] {processor.py:154} INFO - Started process (PID=1017) to work on /home/airflow/.local/lib/python3.7/site-packages/airflow/example_dags/example_datasets.py
[2023-09-09T02:44:04.483+0000] {processor.py:756} INFO - Processing file /home/airflow/.local/lib/python3.7/site-packages/airflow/example_dags/example_datasets.py for tasks to queue
[2023-09-09T02:44:04.484+0000] {logging_mixin.py:120} INFO - [2023-09-09T02:44:04.484+0000] {dagbag.py:537} INFO - Filling up the DagBag from /home/airflow/.local/lib/python3.7/site-packages/airflow/example_dags/example_datasets.py
[2023-09-09T02:44:04.497+0000] {processor.py:766} INFO - DAG(s) dict_keys(['dataset_consumes_unknown_never_scheduled', 'dataset_consumes_1_and_2', 'dataset_consumes_1_never_scheduled', 'dataset_produces_2', 'dataset_consumes_1', 'dataset_produces_1']) retrieved from /home/airflow/.local/lib/python3.7/site-packages/airflow/example_dags/example_datasets.py
[2023-09-09T02:44:04.546+0000] {logging_mixin.py:120} INFO - [2023-09-09T02:44:04.546+0000] {dag.py:2585} INFO - Sync 6 DAGs
[2023-09-09T02:44:04.571+0000] {logging_mixin.py:120} INFO - [2023-09-09T02:44:04.571+0000] {dag.py:3340} INFO - Setting next_dagrun for dataset_consumes_1 to None, run_after=None
[2023-09-09T02:44:04.574+0000] {logging_mixin.py:120} INFO - [2023-09-09T02:44:04.574+0000] {dag.py:3340} INFO - Setting next_dagrun for dataset_consumes_1_and_2 to None, run_after=None
[2023-09-09T02:44:04.575+0000] {logging_mixin.py:120} INFO - [2023-09-09T02:44:04.575+0000] {dag.py:3340} INFO - Setting next_dagrun for dataset_consumes_1_never_scheduled to None, run_after=None
[2023-09-09T02:44:04.576+0000] {logging_mixin.py:120} INFO - [2023-09-09T02:44:04.576+0000] {dag.py:3340} INFO - Setting next_dagrun for dataset_consumes_unknown_never_scheduled to None, run_after=None
[2023-09-09T02:44:04.578+0000] {logging_mixin.py:120} INFO - [2023-09-09T02:44:04.578+0000] {dag.py:3340} INFO - Setting next_dagrun for dataset_produces_1 to 2023-09-08T00:00:00+00:00, run_after=2023-09-09T00:00:00+00:00
[2023-09-09T02:44:04.579+0000] {logging_mixin.py:120} INFO - [2023-09-09T02:44:04.579+0000] {dag.py:3340} INFO - Setting next_dagrun for dataset_produces_2 to None, run_after=None
[2023-09-09T02:44:04.606+0000] {processor.py:176} INFO - Processing /home/airflow/.local/lib/python3.7/site-packages/airflow/example_dags/example_datasets.py took 0.126 seconds
[2023-09-09T02:44:34.705+0000] {processor.py:154} INFO - Started process (PID=1092) to work on /home/airflow/.local/lib/python3.7/site-packages/airflow/example_dags/example_datasets.py
[2023-09-09T02:44:34.706+0000] {processor.py:756} INFO - Processing file /home/airflow/.local/lib/python3.7/site-packages/airflow/example_dags/example_datasets.py for tasks to queue
[2023-09-09T02:44:34.707+0000] {logging_mixin.py:120} INFO - [2023-09-09T02:44:34.707+0000] {dagbag.py:537} INFO - Filling up the DagBag from /home/airflow/.local/lib/python3.7/site-packages/airflow/example_dags/example_datasets.py
[2023-09-09T02:44:34.720+0000] {processor.py:766} INFO - DAG(s) dict_keys(['dataset_consumes_1_and_2', 'dataset_produces_2', 'dataset_consumes_unknown_never_scheduled', 'dataset_consumes_1_never_scheduled', 'dataset_produces_1', 'dataset_consumes_1']) retrieved from /home/airflow/.local/lib/python3.7/site-packages/airflow/example_dags/example_datasets.py
[2023-09-09T02:44:34.764+0000] {logging_mixin.py:120} INFO - [2023-09-09T02:44:34.763+0000] {dag.py:2585} INFO - Sync 6 DAGs
[2023-09-09T02:44:34.785+0000] {logging_mixin.py:120} INFO - [2023-09-09T02:44:34.785+0000] {dag.py:3340} INFO - Setting next_dagrun for dataset_consumes_1 to None, run_after=None
[2023-09-09T02:44:34.789+0000] {logging_mixin.py:120} INFO - [2023-09-09T02:44:34.789+0000] {dag.py:3340} INFO - Setting next_dagrun for dataset_consumes_1_and_2 to None, run_after=None
[2023-09-09T02:44:34.791+0000] {logging_mixin.py:120} INFO - [2023-09-09T02:44:34.790+0000] {dag.py:3340} INFO - Setting next_dagrun for dataset_consumes_1_never_scheduled to None, run_after=None
[2023-09-09T02:44:34.792+0000] {logging_mixin.py:120} INFO - [2023-09-09T02:44:34.792+0000] {dag.py:3340} INFO - Setting next_dagrun for dataset_consumes_unknown_never_scheduled to None, run_after=None
[2023-09-09T02:44:34.794+0000] {logging_mixin.py:120} INFO - [2023-09-09T02:44:34.794+0000] {dag.py:3340} INFO - Setting next_dagrun for dataset_produces_1 to 2023-09-08T00:00:00+00:00, run_after=2023-09-09T00:00:00+00:00
[2023-09-09T02:44:34.795+0000] {logging_mixin.py:120} INFO - [2023-09-09T02:44:34.795+0000] {dag.py:3340} INFO - Setting next_dagrun for dataset_produces_2 to None, run_after=None
[2023-09-09T02:44:34.822+0000] {processor.py:176} INFO - Processing /home/airflow/.local/lib/python3.7/site-packages/airflow/example_dags/example_datasets.py took 0.119 seconds
[2023-09-09T02:45:04.895+0000] {processor.py:154} INFO - Started process (PID=1165) to work on /home/airflow/.local/lib/python3.7/site-packages/airflow/example_dags/example_datasets.py
[2023-09-09T02:45:04.896+0000] {processor.py:756} INFO - Processing file /home/airflow/.local/lib/python3.7/site-packages/airflow/example_dags/example_datasets.py for tasks to queue
[2023-09-09T02:45:04.897+0000] {logging_mixin.py:120} INFO - [2023-09-09T02:45:04.897+0000] {dagbag.py:537} INFO - Filling up the DagBag from /home/airflow/.local/lib/python3.7/site-packages/airflow/example_dags/example_datasets.py
[2023-09-09T02:45:04.910+0000] {processor.py:766} INFO - DAG(s) dict_keys(['dataset_produces_2', 'dataset_produces_1', 'dataset_consumes_1_never_scheduled', 'dataset_consumes_unknown_never_scheduled', 'dataset_consumes_1_and_2', 'dataset_consumes_1']) retrieved from /home/airflow/.local/lib/python3.7/site-packages/airflow/example_dags/example_datasets.py
[2023-09-09T02:45:04.994+0000] {logging_mixin.py:120} INFO - [2023-09-09T02:45:04.993+0000] {dag.py:2585} INFO - Sync 6 DAGs
[2023-09-09T02:45:05.029+0000] {logging_mixin.py:120} INFO - [2023-09-09T02:45:05.029+0000] {dag.py:3340} INFO - Setting next_dagrun for dataset_consumes_1 to None, run_after=None
[2023-09-09T02:45:05.032+0000] {logging_mixin.py:120} INFO - [2023-09-09T02:45:05.032+0000] {dag.py:3340} INFO - Setting next_dagrun for dataset_consumes_1_and_2 to None, run_after=None
[2023-09-09T02:45:05.035+0000] {logging_mixin.py:120} INFO - [2023-09-09T02:45:05.034+0000] {dag.py:3340} INFO - Setting next_dagrun for dataset_consumes_1_never_scheduled to None, run_after=None
[2023-09-09T02:45:05.037+0000] {logging_mixin.py:120} INFO - [2023-09-09T02:45:05.036+0000] {dag.py:3340} INFO - Setting next_dagrun for dataset_consumes_unknown_never_scheduled to None, run_after=None
[2023-09-09T02:45:05.041+0000] {logging_mixin.py:120} INFO - [2023-09-09T02:45:05.041+0000] {dag.py:3340} INFO - Setting next_dagrun for dataset_produces_1 to 2023-09-08T00:00:00+00:00, run_after=2023-09-09T00:00:00+00:00
[2023-09-09T02:45:05.043+0000] {logging_mixin.py:120} INFO - [2023-09-09T02:45:05.043+0000] {dag.py:3340} INFO - Setting next_dagrun for dataset_produces_2 to None, run_after=None
[2023-09-09T02:45:05.083+0000] {processor.py:176} INFO - Processing /home/airflow/.local/lib/python3.7/site-packages/airflow/example_dags/example_datasets.py took 0.190 seconds
