[2023-09-09T02:37:28.962+0000] {processor.py:154} INFO - Started process (PID=85) to work on /home/airflow/.local/lib/python3.7/site-packages/airflow/example_dags/example_latest_only_with_trigger.py
[2023-09-09T02:37:28.963+0000] {processor.py:756} INFO - Processing file /home/airflow/.local/lib/python3.7/site-packages/airflow/example_dags/example_latest_only_with_trigger.py for tasks to queue
[2023-09-09T02:37:28.964+0000] {logging_mixin.py:120} INFO - [2023-09-09T02:37:28.964+0000] {dagbag.py:537} INFO - Filling up the DagBag from /home/airflow/.local/lib/python3.7/site-packages/airflow/example_dags/example_latest_only_with_trigger.py
[2023-09-09T02:37:28.980+0000] {processor.py:766} INFO - DAG(s) dict_keys(['latest_only_with_trigger']) retrieved from /home/airflow/.local/lib/python3.7/site-packages/airflow/example_dags/example_latest_only_with_trigger.py
[2023-09-09T02:37:29.018+0000] {logging_mixin.py:120} INFO - [2023-09-09T02:37:29.018+0000] {dag.py:2585} INFO - Sync 1 DAGs
[2023-09-09T02:37:29.040+0000] {logging_mixin.py:120} INFO - [2023-09-09T02:37:29.040+0000] {dag.py:3340} INFO - Setting next_dagrun for latest_only_with_trigger to 2023-09-08T22:37:29.039889+00:00, run_after=2023-09-09T02:37:29.039889+00:00
[2023-09-09T02:37:29.063+0000] {processor.py:176} INFO - Processing /home/airflow/.local/lib/python3.7/site-packages/airflow/example_dags/example_latest_only_with_trigger.py took 0.104 seconds
[2023-09-09T02:37:59.218+0000] {processor.py:154} INFO - Started process (PID=159) to work on /home/airflow/.local/lib/python3.7/site-packages/airflow/example_dags/example_latest_only_with_trigger.py
[2023-09-09T02:37:59.219+0000] {processor.py:756} INFO - Processing file /home/airflow/.local/lib/python3.7/site-packages/airflow/example_dags/example_latest_only_with_trigger.py for tasks to queue
[2023-09-09T02:37:59.220+0000] {logging_mixin.py:120} INFO - [2023-09-09T02:37:59.220+0000] {dagbag.py:537} INFO - Filling up the DagBag from /home/airflow/.local/lib/python3.7/site-packages/airflow/example_dags/example_latest_only_with_trigger.py
[2023-09-09T02:37:59.231+0000] {processor.py:766} INFO - DAG(s) dict_keys(['latest_only_with_trigger']) retrieved from /home/airflow/.local/lib/python3.7/site-packages/airflow/example_dags/example_latest_only_with_trigger.py
[2023-09-09T02:37:59.264+0000] {logging_mixin.py:120} INFO - [2023-09-09T02:37:59.264+0000] {dag.py:2585} INFO - Sync 1 DAGs
[2023-09-09T02:37:59.285+0000] {logging_mixin.py:120} INFO - [2023-09-09T02:37:59.285+0000] {dag.py:3340} INFO - Setting next_dagrun for latest_only_with_trigger to 2023-09-08T22:37:59.285336+00:00, run_after=2023-09-09T02:37:59.285336+00:00
[2023-09-09T02:37:59.302+0000] {processor.py:176} INFO - Processing /home/airflow/.local/lib/python3.7/site-packages/airflow/example_dags/example_latest_only_with_trigger.py took 0.086 seconds
[2023-09-09T02:38:29.800+0000] {processor.py:154} INFO - Started process (PID=234) to work on /home/airflow/.local/lib/python3.7/site-packages/airflow/example_dags/example_latest_only_with_trigger.py
[2023-09-09T02:38:29.801+0000] {processor.py:756} INFO - Processing file /home/airflow/.local/lib/python3.7/site-packages/airflow/example_dags/example_latest_only_with_trigger.py for tasks to queue
[2023-09-09T02:38:29.802+0000] {logging_mixin.py:120} INFO - [2023-09-09T02:38:29.802+0000] {dagbag.py:537} INFO - Filling up the DagBag from /home/airflow/.local/lib/python3.7/site-packages/airflow/example_dags/example_latest_only_with_trigger.py
[2023-09-09T02:38:29.814+0000] {processor.py:766} INFO - DAG(s) dict_keys(['latest_only_with_trigger']) retrieved from /home/airflow/.local/lib/python3.7/site-packages/airflow/example_dags/example_latest_only_with_trigger.py
[2023-09-09T02:38:29.847+0000] {logging_mixin.py:120} INFO - [2023-09-09T02:38:29.847+0000] {dag.py:2585} INFO - Sync 1 DAGs
[2023-09-09T02:38:29.868+0000] {logging_mixin.py:120} INFO - [2023-09-09T02:38:29.868+0000] {dag.py:3340} INFO - Setting next_dagrun for latest_only_with_trigger to 2023-09-08T22:38:29.868605+00:00, run_after=2023-09-09T02:38:29.868605+00:00
[2023-09-09T02:38:29.886+0000] {processor.py:176} INFO - Processing /home/airflow/.local/lib/python3.7/site-packages/airflow/example_dags/example_latest_only_with_trigger.py took 0.088 seconds
[2023-09-09T02:39:00.572+0000] {processor.py:154} INFO - Started process (PID=308) to work on /home/airflow/.local/lib/python3.7/site-packages/airflow/example_dags/example_latest_only_with_trigger.py
[2023-09-09T02:39:00.573+0000] {processor.py:756} INFO - Processing file /home/airflow/.local/lib/python3.7/site-packages/airflow/example_dags/example_latest_only_with_trigger.py for tasks to queue
[2023-09-09T02:39:00.574+0000] {logging_mixin.py:120} INFO - [2023-09-09T02:39:00.574+0000] {dagbag.py:537} INFO - Filling up the DagBag from /home/airflow/.local/lib/python3.7/site-packages/airflow/example_dags/example_latest_only_with_trigger.py
[2023-09-09T02:39:00.585+0000] {processor.py:766} INFO - DAG(s) dict_keys(['latest_only_with_trigger']) retrieved from /home/airflow/.local/lib/python3.7/site-packages/airflow/example_dags/example_latest_only_with_trigger.py
[2023-09-09T02:39:00.616+0000] {logging_mixin.py:120} INFO - [2023-09-09T02:39:00.616+0000] {dag.py:2585} INFO - Sync 1 DAGs
[2023-09-09T02:39:00.634+0000] {logging_mixin.py:120} INFO - [2023-09-09T02:39:00.634+0000] {dag.py:3340} INFO - Setting next_dagrun for latest_only_with_trigger to 2023-09-08T22:39:00.634382+00:00, run_after=2023-09-09T02:39:00.634382+00:00
[2023-09-09T02:39:00.659+0000] {processor.py:176} INFO - Processing /home/airflow/.local/lib/python3.7/site-packages/airflow/example_dags/example_latest_only_with_trigger.py took 0.090 seconds
[2023-09-09T02:39:30.877+0000] {processor.py:154} INFO - Started process (PID=373) to work on /home/airflow/.local/lib/python3.7/site-packages/airflow/example_dags/example_latest_only_with_trigger.py
[2023-09-09T02:39:30.877+0000] {processor.py:756} INFO - Processing file /home/airflow/.local/lib/python3.7/site-packages/airflow/example_dags/example_latest_only_with_trigger.py for tasks to queue
[2023-09-09T02:39:30.878+0000] {logging_mixin.py:120} INFO - [2023-09-09T02:39:30.878+0000] {dagbag.py:537} INFO - Filling up the DagBag from /home/airflow/.local/lib/python3.7/site-packages/airflow/example_dags/example_latest_only_with_trigger.py
[2023-09-09T02:39:30.890+0000] {processor.py:766} INFO - DAG(s) dict_keys(['latest_only_with_trigger']) retrieved from /home/airflow/.local/lib/python3.7/site-packages/airflow/example_dags/example_latest_only_with_trigger.py
[2023-09-09T02:39:30.923+0000] {logging_mixin.py:120} INFO - [2023-09-09T02:39:30.923+0000] {dag.py:2585} INFO - Sync 1 DAGs
[2023-09-09T02:39:30.944+0000] {logging_mixin.py:120} INFO - [2023-09-09T02:39:30.944+0000] {dag.py:3340} INFO - Setting next_dagrun for latest_only_with_trigger to 2023-09-08T22:39:30.944264+00:00, run_after=2023-09-09T02:39:30.944264+00:00
[2023-09-09T02:39:30.962+0000] {processor.py:176} INFO - Processing /home/airflow/.local/lib/python3.7/site-packages/airflow/example_dags/example_latest_only_with_trigger.py took 0.088 seconds
[2023-09-09T02:40:01.906+0000] {processor.py:154} INFO - Started process (PID=447) to work on /home/airflow/.local/lib/python3.7/site-packages/airflow/example_dags/example_latest_only_with_trigger.py
[2023-09-09T02:40:01.907+0000] {processor.py:756} INFO - Processing file /home/airflow/.local/lib/python3.7/site-packages/airflow/example_dags/example_latest_only_with_trigger.py for tasks to queue
[2023-09-09T02:40:01.907+0000] {logging_mixin.py:120} INFO - [2023-09-09T02:40:01.907+0000] {dagbag.py:537} INFO - Filling up the DagBag from /home/airflow/.local/lib/python3.7/site-packages/airflow/example_dags/example_latest_only_with_trigger.py
[2023-09-09T02:40:01.919+0000] {processor.py:766} INFO - DAG(s) dict_keys(['latest_only_with_trigger']) retrieved from /home/airflow/.local/lib/python3.7/site-packages/airflow/example_dags/example_latest_only_with_trigger.py
[2023-09-09T02:40:01.950+0000] {logging_mixin.py:120} INFO - [2023-09-09T02:40:01.950+0000] {dag.py:2585} INFO - Sync 1 DAGs
[2023-09-09T02:40:01.970+0000] {logging_mixin.py:120} INFO - [2023-09-09T02:40:01.970+0000] {dag.py:3340} INFO - Setting next_dagrun for latest_only_with_trigger to 2023-09-08T22:40:01.970183+00:00, run_after=2023-09-09T02:40:01.970183+00:00
[2023-09-09T02:40:01.987+0000] {processor.py:176} INFO - Processing /home/airflow/.local/lib/python3.7/site-packages/airflow/example_dags/example_latest_only_with_trigger.py took 0.084 seconds
[2023-09-09T02:40:32.413+0000] {processor.py:154} INFO - Started process (PID=521) to work on /home/airflow/.local/lib/python3.7/site-packages/airflow/example_dags/example_latest_only_with_trigger.py
[2023-09-09T02:40:32.414+0000] {processor.py:756} INFO - Processing file /home/airflow/.local/lib/python3.7/site-packages/airflow/example_dags/example_latest_only_with_trigger.py for tasks to queue
[2023-09-09T02:40:32.415+0000] {logging_mixin.py:120} INFO - [2023-09-09T02:40:32.415+0000] {dagbag.py:537} INFO - Filling up the DagBag from /home/airflow/.local/lib/python3.7/site-packages/airflow/example_dags/example_latest_only_with_trigger.py
[2023-09-09T02:40:32.427+0000] {processor.py:766} INFO - DAG(s) dict_keys(['latest_only_with_trigger']) retrieved from /home/airflow/.local/lib/python3.7/site-packages/airflow/example_dags/example_latest_only_with_trigger.py
[2023-09-09T02:40:32.460+0000] {logging_mixin.py:120} INFO - [2023-09-09T02:40:32.460+0000] {dag.py:2585} INFO - Sync 1 DAGs
[2023-09-09T02:40:32.481+0000] {logging_mixin.py:120} INFO - [2023-09-09T02:40:32.481+0000] {dag.py:3340} INFO - Setting next_dagrun for latest_only_with_trigger to 2023-09-08T22:40:32.480870+00:00, run_after=2023-09-09T02:40:32.480870+00:00
[2023-09-09T02:40:32.499+0000] {processor.py:176} INFO - Processing /home/airflow/.local/lib/python3.7/site-packages/airflow/example_dags/example_latest_only_with_trigger.py took 0.088 seconds
[2023-09-09T02:41:02.951+0000] {processor.py:154} INFO - Started process (PID=595) to work on /home/airflow/.local/lib/python3.7/site-packages/airflow/example_dags/example_latest_only_with_trigger.py
[2023-09-09T02:41:02.952+0000] {processor.py:756} INFO - Processing file /home/airflow/.local/lib/python3.7/site-packages/airflow/example_dags/example_latest_only_with_trigger.py for tasks to queue
[2023-09-09T02:41:02.953+0000] {logging_mixin.py:120} INFO - [2023-09-09T02:41:02.953+0000] {dagbag.py:537} INFO - Filling up the DagBag from /home/airflow/.local/lib/python3.7/site-packages/airflow/example_dags/example_latest_only_with_trigger.py
[2023-09-09T02:41:02.965+0000] {processor.py:766} INFO - DAG(s) dict_keys(['latest_only_with_trigger']) retrieved from /home/airflow/.local/lib/python3.7/site-packages/airflow/example_dags/example_latest_only_with_trigger.py
[2023-09-09T02:41:03.002+0000] {logging_mixin.py:120} INFO - [2023-09-09T02:41:03.002+0000] {dag.py:2585} INFO - Sync 1 DAGs
[2023-09-09T02:41:03.037+0000] {logging_mixin.py:120} INFO - [2023-09-09T02:41:03.037+0000] {dag.py:3340} INFO - Setting next_dagrun for latest_only_with_trigger to 2023-09-08T22:41:03.037454+00:00, run_after=2023-09-09T02:41:03.037454+00:00
[2023-09-09T02:41:03.062+0000] {processor.py:176} INFO - Processing /home/airflow/.local/lib/python3.7/site-packages/airflow/example_dags/example_latest_only_with_trigger.py took 0.113 seconds
[2023-09-09T02:41:33.954+0000] {processor.py:154} INFO - Started process (PID=679) to work on /home/airflow/.local/lib/python3.7/site-packages/airflow/example_dags/example_latest_only_with_trigger.py
[2023-09-09T02:41:33.955+0000] {processor.py:756} INFO - Processing file /home/airflow/.local/lib/python3.7/site-packages/airflow/example_dags/example_latest_only_with_trigger.py for tasks to queue
[2023-09-09T02:41:33.956+0000] {logging_mixin.py:120} INFO - [2023-09-09T02:41:33.956+0000] {dagbag.py:537} INFO - Filling up the DagBag from /home/airflow/.local/lib/python3.7/site-packages/airflow/example_dags/example_latest_only_with_trigger.py
[2023-09-09T02:41:33.967+0000] {processor.py:766} INFO - DAG(s) dict_keys(['latest_only_with_trigger']) retrieved from /home/airflow/.local/lib/python3.7/site-packages/airflow/example_dags/example_latest_only_with_trigger.py
[2023-09-09T02:41:34.002+0000] {logging_mixin.py:120} INFO - [2023-09-09T02:41:34.001+0000] {dag.py:2585} INFO - Sync 1 DAGs
[2023-09-09T02:41:34.024+0000] {logging_mixin.py:120} INFO - [2023-09-09T02:41:34.024+0000] {dag.py:3340} INFO - Setting next_dagrun for latest_only_with_trigger to 2023-09-08T22:41:34.024236+00:00, run_after=2023-09-09T02:41:34.024236+00:00
[2023-09-09T02:41:34.045+0000] {processor.py:176} INFO - Processing /home/airflow/.local/lib/python3.7/site-packages/airflow/example_dags/example_latest_only_with_trigger.py took 0.093 seconds
[2023-09-09T02:42:04.149+0000] {processor.py:154} INFO - Started process (PID=744) to work on /home/airflow/.local/lib/python3.7/site-packages/airflow/example_dags/example_latest_only_with_trigger.py
[2023-09-09T02:42:04.150+0000] {processor.py:756} INFO - Processing file /home/airflow/.local/lib/python3.7/site-packages/airflow/example_dags/example_latest_only_with_trigger.py for tasks to queue
[2023-09-09T02:42:04.150+0000] {logging_mixin.py:120} INFO - [2023-09-09T02:42:04.150+0000] {dagbag.py:537} INFO - Filling up the DagBag from /home/airflow/.local/lib/python3.7/site-packages/airflow/example_dags/example_latest_only_with_trigger.py
[2023-09-09T02:42:04.161+0000] {processor.py:766} INFO - DAG(s) dict_keys(['latest_only_with_trigger']) retrieved from /home/airflow/.local/lib/python3.7/site-packages/airflow/example_dags/example_latest_only_with_trigger.py
[2023-09-09T02:42:04.193+0000] {logging_mixin.py:120} INFO - [2023-09-09T02:42:04.193+0000] {dag.py:2585} INFO - Sync 1 DAGs
[2023-09-09T02:42:04.213+0000] {logging_mixin.py:120} INFO - [2023-09-09T02:42:04.213+0000] {dag.py:3340} INFO - Setting next_dagrun for latest_only_with_trigger to 2023-09-08T22:42:04.212830+00:00, run_after=2023-09-09T02:42:04.212830+00:00
[2023-09-09T02:42:04.234+0000] {processor.py:176} INFO - Processing /home/airflow/.local/lib/python3.7/site-packages/airflow/example_dags/example_latest_only_with_trigger.py took 0.088 seconds
[2023-09-09T02:42:34.935+0000] {processor.py:154} INFO - Started process (PID=822) to work on /home/airflow/.local/lib/python3.7/site-packages/airflow/example_dags/example_latest_only_with_trigger.py
[2023-09-09T02:42:34.936+0000] {processor.py:756} INFO - Processing file /home/airflow/.local/lib/python3.7/site-packages/airflow/example_dags/example_latest_only_with_trigger.py for tasks to queue
[2023-09-09T02:42:34.937+0000] {logging_mixin.py:120} INFO - [2023-09-09T02:42:34.937+0000] {dagbag.py:537} INFO - Filling up the DagBag from /home/airflow/.local/lib/python3.7/site-packages/airflow/example_dags/example_latest_only_with_trigger.py
[2023-09-09T02:42:34.948+0000] {processor.py:766} INFO - DAG(s) dict_keys(['latest_only_with_trigger']) retrieved from /home/airflow/.local/lib/python3.7/site-packages/airflow/example_dags/example_latest_only_with_trigger.py
[2023-09-09T02:42:34.980+0000] {logging_mixin.py:120} INFO - [2023-09-09T02:42:34.980+0000] {dag.py:2585} INFO - Sync 1 DAGs
[2023-09-09T02:42:35.000+0000] {logging_mixin.py:120} INFO - [2023-09-09T02:42:35.000+0000] {dag.py:3340} INFO - Setting next_dagrun for latest_only_with_trigger to 2023-09-08T22:42:34.999886+00:00, run_after=2023-09-09T02:42:34.999886+00:00
[2023-09-09T02:42:35.018+0000] {processor.py:176} INFO - Processing /home/airflow/.local/lib/python3.7/site-packages/airflow/example_dags/example_latest_only_with_trigger.py took 0.085 seconds
[2023-09-09T02:43:05.450+0000] {processor.py:154} INFO - Started process (PID=900) to work on /home/airflow/.local/lib/python3.7/site-packages/airflow/example_dags/example_latest_only_with_trigger.py
[2023-09-09T02:43:05.451+0000] {processor.py:756} INFO - Processing file /home/airflow/.local/lib/python3.7/site-packages/airflow/example_dags/example_latest_only_with_trigger.py for tasks to queue
[2023-09-09T02:43:05.451+0000] {logging_mixin.py:120} INFO - [2023-09-09T02:43:05.451+0000] {dagbag.py:537} INFO - Filling up the DagBag from /home/airflow/.local/lib/python3.7/site-packages/airflow/example_dags/example_latest_only_with_trigger.py
[2023-09-09T02:43:05.462+0000] {processor.py:766} INFO - DAG(s) dict_keys(['latest_only_with_trigger']) retrieved from /home/airflow/.local/lib/python3.7/site-packages/airflow/example_dags/example_latest_only_with_trigger.py
[2023-09-09T02:43:05.496+0000] {logging_mixin.py:120} INFO - [2023-09-09T02:43:05.496+0000] {dag.py:2585} INFO - Sync 1 DAGs
[2023-09-09T02:43:05.518+0000] {logging_mixin.py:120} INFO - [2023-09-09T02:43:05.518+0000] {dag.py:3340} INFO - Setting next_dagrun for latest_only_with_trigger to 2023-09-08T22:43:05.517859+00:00, run_after=2023-09-09T02:43:05.517859+00:00
[2023-09-09T02:43:05.541+0000] {processor.py:176} INFO - Processing /home/airflow/.local/lib/python3.7/site-packages/airflow/example_dags/example_latest_only_with_trigger.py took 0.095 seconds
[2023-09-09T02:43:36.060+0000] {processor.py:154} INFO - Started process (PID=974) to work on /home/airflow/.local/lib/python3.7/site-packages/airflow/example_dags/example_latest_only_with_trigger.py
[2023-09-09T02:43:36.061+0000] {processor.py:756} INFO - Processing file /home/airflow/.local/lib/python3.7/site-packages/airflow/example_dags/example_latest_only_with_trigger.py for tasks to queue
[2023-09-09T02:43:36.062+0000] {logging_mixin.py:120} INFO - [2023-09-09T02:43:36.062+0000] {dagbag.py:537} INFO - Filling up the DagBag from /home/airflow/.local/lib/python3.7/site-packages/airflow/example_dags/example_latest_only_with_trigger.py
[2023-09-09T02:43:36.077+0000] {processor.py:766} INFO - DAG(s) dict_keys(['latest_only_with_trigger']) retrieved from /home/airflow/.local/lib/python3.7/site-packages/airflow/example_dags/example_latest_only_with_trigger.py
[2023-09-09T02:43:36.113+0000] {logging_mixin.py:120} INFO - [2023-09-09T02:43:36.113+0000] {dag.py:2585} INFO - Sync 1 DAGs
[2023-09-09T02:43:36.136+0000] {logging_mixin.py:120} INFO - [2023-09-09T02:43:36.136+0000] {dag.py:3340} INFO - Setting next_dagrun for latest_only_with_trigger to 2023-09-08T22:43:36.136607+00:00, run_after=2023-09-09T02:43:36.136607+00:00
[2023-09-09T02:43:36.157+0000] {processor.py:176} INFO - Processing /home/airflow/.local/lib/python3.7/site-packages/airflow/example_dags/example_latest_only_with_trigger.py took 0.100 seconds
[2023-09-09T02:44:07.294+0000] {processor.py:154} INFO - Started process (PID=1039) to work on /home/airflow/.local/lib/python3.7/site-packages/airflow/example_dags/example_latest_only_with_trigger.py
[2023-09-09T02:44:07.295+0000] {processor.py:756} INFO - Processing file /home/airflow/.local/lib/python3.7/site-packages/airflow/example_dags/example_latest_only_with_trigger.py for tasks to queue
[2023-09-09T02:44:07.296+0000] {logging_mixin.py:120} INFO - [2023-09-09T02:44:07.296+0000] {dagbag.py:537} INFO - Filling up the DagBag from /home/airflow/.local/lib/python3.7/site-packages/airflow/example_dags/example_latest_only_with_trigger.py
[2023-09-09T02:44:07.312+0000] {processor.py:766} INFO - DAG(s) dict_keys(['latest_only_with_trigger']) retrieved from /home/airflow/.local/lib/python3.7/site-packages/airflow/example_dags/example_latest_only_with_trigger.py
[2023-09-09T02:44:07.351+0000] {logging_mixin.py:120} INFO - [2023-09-09T02:44:07.351+0000] {dag.py:2585} INFO - Sync 1 DAGs
[2023-09-09T02:44:07.375+0000] {logging_mixin.py:120} INFO - [2023-09-09T02:44:07.375+0000] {dag.py:3340} INFO - Setting next_dagrun for latest_only_with_trigger to 2023-09-08T22:44:07.374873+00:00, run_after=2023-09-09T02:44:07.374873+00:00
[2023-09-09T02:44:07.398+0000] {processor.py:176} INFO - Processing /home/airflow/.local/lib/python3.7/site-packages/airflow/example_dags/example_latest_only_with_trigger.py took 0.108 seconds
[2023-09-09T02:44:37.726+0000] {processor.py:154} INFO - Started process (PID=1115) to work on /home/airflow/.local/lib/python3.7/site-packages/airflow/example_dags/example_latest_only_with_trigger.py
[2023-09-09T02:44:37.727+0000] {processor.py:756} INFO - Processing file /home/airflow/.local/lib/python3.7/site-packages/airflow/example_dags/example_latest_only_with_trigger.py for tasks to queue
[2023-09-09T02:44:37.728+0000] {logging_mixin.py:120} INFO - [2023-09-09T02:44:37.727+0000] {dagbag.py:537} INFO - Filling up the DagBag from /home/airflow/.local/lib/python3.7/site-packages/airflow/example_dags/example_latest_only_with_trigger.py
[2023-09-09T02:44:37.743+0000] {processor.py:766} INFO - DAG(s) dict_keys(['latest_only_with_trigger']) retrieved from /home/airflow/.local/lib/python3.7/site-packages/airflow/example_dags/example_latest_only_with_trigger.py
[2023-09-09T02:44:37.779+0000] {logging_mixin.py:120} INFO - [2023-09-09T02:44:37.779+0000] {dag.py:2585} INFO - Sync 1 DAGs
[2023-09-09T02:44:37.804+0000] {logging_mixin.py:120} INFO - [2023-09-09T02:44:37.803+0000] {dag.py:3340} INFO - Setting next_dagrun for latest_only_with_trigger to 2023-09-08T22:44:37.803809+00:00, run_after=2023-09-09T02:44:37.803809+00:00
[2023-09-09T02:44:37.824+0000] {processor.py:176} INFO - Processing /home/airflow/.local/lib/python3.7/site-packages/airflow/example_dags/example_latest_only_with_trigger.py took 0.101 seconds
[2023-09-09T02:45:08.066+0000] {processor.py:154} INFO - Started process (PID=1188) to work on /home/airflow/.local/lib/python3.7/site-packages/airflow/example_dags/example_latest_only_with_trigger.py
[2023-09-09T02:45:08.067+0000] {processor.py:756} INFO - Processing file /home/airflow/.local/lib/python3.7/site-packages/airflow/example_dags/example_latest_only_with_trigger.py for tasks to queue
[2023-09-09T02:45:08.068+0000] {logging_mixin.py:120} INFO - [2023-09-09T02:45:08.068+0000] {dagbag.py:537} INFO - Filling up the DagBag from /home/airflow/.local/lib/python3.7/site-packages/airflow/example_dags/example_latest_only_with_trigger.py
[2023-09-09T02:45:08.080+0000] {processor.py:766} INFO - DAG(s) dict_keys(['latest_only_with_trigger']) retrieved from /home/airflow/.local/lib/python3.7/site-packages/airflow/example_dags/example_latest_only_with_trigger.py
[2023-09-09T02:45:08.114+0000] {logging_mixin.py:120} INFO - [2023-09-09T02:45:08.113+0000] {dag.py:2585} INFO - Sync 1 DAGs
[2023-09-09T02:45:08.134+0000] {logging_mixin.py:120} INFO - [2023-09-09T02:45:08.134+0000] {dag.py:3340} INFO - Setting next_dagrun for latest_only_with_trigger to 2023-09-08T22:45:08.133976+00:00, run_after=2023-09-09T02:45:08.133976+00:00
[2023-09-09T02:45:08.151+0000] {processor.py:176} INFO - Processing /home/airflow/.local/lib/python3.7/site-packages/airflow/example_dags/example_latest_only_with_trigger.py took 0.087 seconds
