[2023-09-09T02:37:28.829+0000] {processor.py:154} INFO - Started process (PID=82) to work on /home/airflow/.local/lib/python3.7/site-packages/airflow/example_dags/example_branch_python_dop_operator_3.py
[2023-09-09T02:37:28.830+0000] {processor.py:756} INFO - Processing file /home/airflow/.local/lib/python3.7/site-packages/airflow/example_dags/example_branch_python_dop_operator_3.py for tasks to queue
[2023-09-09T02:37:28.831+0000] {logging_mixin.py:120} INFO - [2023-09-09T02:37:28.831+0000] {dagbag.py:537} INFO - Filling up the DagBag from /home/airflow/.local/lib/python3.7/site-packages/airflow/example_dags/example_branch_python_dop_operator_3.py
[2023-09-09T02:37:28.852+0000] {processor.py:766} INFO - DAG(s) dict_keys(['example_branch_dop_operator_v3']) retrieved from /home/airflow/.local/lib/python3.7/site-packages/airflow/example_dags/example_branch_python_dop_operator_3.py
[2023-09-09T02:37:28.890+0000] {logging_mixin.py:120} INFO - [2023-09-09T02:37:28.889+0000] {dag.py:2585} INFO - Sync 1 DAGs
[2023-09-09T02:37:28.916+0000] {logging_mixin.py:120} INFO - [2023-09-09T02:37:28.916+0000] {dag.py:3340} INFO - Setting next_dagrun for example_branch_dop_operator_v3 to 2023-09-09T02:36:00+00:00, run_after=2023-09-09T02:37:00+00:00
[2023-09-09T02:37:28.937+0000] {processor.py:176} INFO - Processing /home/airflow/.local/lib/python3.7/site-packages/airflow/example_dags/example_branch_python_dop_operator_3.py took 0.111 seconds
[2023-09-09T02:37:59.043+0000] {processor.py:154} INFO - Started process (PID=156) to work on /home/airflow/.local/lib/python3.7/site-packages/airflow/example_dags/example_branch_python_dop_operator_3.py
[2023-09-09T02:37:59.044+0000] {processor.py:756} INFO - Processing file /home/airflow/.local/lib/python3.7/site-packages/airflow/example_dags/example_branch_python_dop_operator_3.py for tasks to queue
[2023-09-09T02:37:59.044+0000] {logging_mixin.py:120} INFO - [2023-09-09T02:37:59.044+0000] {dagbag.py:537} INFO - Filling up the DagBag from /home/airflow/.local/lib/python3.7/site-packages/airflow/example_dags/example_branch_python_dop_operator_3.py
[2023-09-09T02:37:59.063+0000] {processor.py:766} INFO - DAG(s) dict_keys(['example_branch_dop_operator_v3']) retrieved from /home/airflow/.local/lib/python3.7/site-packages/airflow/example_dags/example_branch_python_dop_operator_3.py
[2023-09-09T02:37:59.098+0000] {logging_mixin.py:120} INFO - [2023-09-09T02:37:59.098+0000] {dag.py:2585} INFO - Sync 1 DAGs
[2023-09-09T02:37:59.123+0000] {logging_mixin.py:120} INFO - [2023-09-09T02:37:59.123+0000] {dag.py:3340} INFO - Setting next_dagrun for example_branch_dop_operator_v3 to 2023-09-09T02:36:00+00:00, run_after=2023-09-09T02:37:00+00:00
[2023-09-09T02:37:59.145+0000] {processor.py:176} INFO - Processing /home/airflow/.local/lib/python3.7/site-packages/airflow/example_dags/example_branch_python_dop_operator_3.py took 0.104 seconds
[2023-09-09T02:38:29.647+0000] {processor.py:154} INFO - Started process (PID=231) to work on /home/airflow/.local/lib/python3.7/site-packages/airflow/example_dags/example_branch_python_dop_operator_3.py
[2023-09-09T02:38:29.647+0000] {processor.py:756} INFO - Processing file /home/airflow/.local/lib/python3.7/site-packages/airflow/example_dags/example_branch_python_dop_operator_3.py for tasks to queue
[2023-09-09T02:38:29.648+0000] {logging_mixin.py:120} INFO - [2023-09-09T02:38:29.648+0000] {dagbag.py:537} INFO - Filling up the DagBag from /home/airflow/.local/lib/python3.7/site-packages/airflow/example_dags/example_branch_python_dop_operator_3.py
[2023-09-09T02:38:29.667+0000] {processor.py:766} INFO - DAG(s) dict_keys(['example_branch_dop_operator_v3']) retrieved from /home/airflow/.local/lib/python3.7/site-packages/airflow/example_dags/example_branch_python_dop_operator_3.py
[2023-09-09T02:38:29.700+0000] {logging_mixin.py:120} INFO - [2023-09-09T02:38:29.700+0000] {dag.py:2585} INFO - Sync 1 DAGs
[2023-09-09T02:38:29.724+0000] {logging_mixin.py:120} INFO - [2023-09-09T02:38:29.724+0000] {dag.py:3340} INFO - Setting next_dagrun for example_branch_dop_operator_v3 to 2023-09-09T02:37:00+00:00, run_after=2023-09-09T02:38:00+00:00
[2023-09-09T02:38:29.744+0000] {processor.py:176} INFO - Processing /home/airflow/.local/lib/python3.7/site-packages/airflow/example_dags/example_branch_python_dop_operator_3.py took 0.100 seconds
[2023-09-09T02:39:00.300+0000] {processor.py:154} INFO - Started process (PID=305) to work on /home/airflow/.local/lib/python3.7/site-packages/airflow/example_dags/example_branch_python_dop_operator_3.py
[2023-09-09T02:39:00.301+0000] {processor.py:756} INFO - Processing file /home/airflow/.local/lib/python3.7/site-packages/airflow/example_dags/example_branch_python_dop_operator_3.py for tasks to queue
[2023-09-09T02:39:00.302+0000] {logging_mixin.py:120} INFO - [2023-09-09T02:39:00.302+0000] {dagbag.py:537} INFO - Filling up the DagBag from /home/airflow/.local/lib/python3.7/site-packages/airflow/example_dags/example_branch_python_dop_operator_3.py
[2023-09-09T02:39:00.321+0000] {processor.py:766} INFO - DAG(s) dict_keys(['example_branch_dop_operator_v3']) retrieved from /home/airflow/.local/lib/python3.7/site-packages/airflow/example_dags/example_branch_python_dop_operator_3.py
[2023-09-09T02:39:00.368+0000] {logging_mixin.py:120} INFO - [2023-09-09T02:39:00.368+0000] {dag.py:2585} INFO - Sync 1 DAGs
[2023-09-09T02:39:00.398+0000] {logging_mixin.py:120} INFO - [2023-09-09T02:39:00.398+0000] {dag.py:3340} INFO - Setting next_dagrun for example_branch_dop_operator_v3 to 2023-09-09T02:38:00+00:00, run_after=2023-09-09T02:39:00+00:00
[2023-09-09T02:39:00.426+0000] {processor.py:176} INFO - Processing /home/airflow/.local/lib/python3.7/site-packages/airflow/example_dags/example_branch_python_dop_operator_3.py took 0.128 seconds
[2023-09-09T02:39:30.648+0000] {processor.py:154} INFO - Started process (PID=370) to work on /home/airflow/.local/lib/python3.7/site-packages/airflow/example_dags/example_branch_python_dop_operator_3.py
[2023-09-09T02:39:30.649+0000] {processor.py:756} INFO - Processing file /home/airflow/.local/lib/python3.7/site-packages/airflow/example_dags/example_branch_python_dop_operator_3.py for tasks to queue
[2023-09-09T02:39:30.650+0000] {logging_mixin.py:120} INFO - [2023-09-09T02:39:30.650+0000] {dagbag.py:537} INFO - Filling up the DagBag from /home/airflow/.local/lib/python3.7/site-packages/airflow/example_dags/example_branch_python_dop_operator_3.py
[2023-09-09T02:39:30.673+0000] {processor.py:766} INFO - DAG(s) dict_keys(['example_branch_dop_operator_v3']) retrieved from /home/airflow/.local/lib/python3.7/site-packages/airflow/example_dags/example_branch_python_dop_operator_3.py
[2023-09-09T02:39:30.759+0000] {logging_mixin.py:120} INFO - [2023-09-09T02:39:30.758+0000] {dag.py:2585} INFO - Sync 1 DAGs
[2023-09-09T02:39:30.784+0000] {logging_mixin.py:120} INFO - [2023-09-09T02:39:30.784+0000] {dag.py:3340} INFO - Setting next_dagrun for example_branch_dop_operator_v3 to 2023-09-09T02:38:00+00:00, run_after=2023-09-09T02:39:00+00:00
[2023-09-09T02:39:30.804+0000] {processor.py:176} INFO - Processing /home/airflow/.local/lib/python3.7/site-packages/airflow/example_dags/example_branch_python_dop_operator_3.py took 0.159 seconds
[2023-09-09T02:40:01.753+0000] {processor.py:154} INFO - Started process (PID=444) to work on /home/airflow/.local/lib/python3.7/site-packages/airflow/example_dags/example_branch_python_dop_operator_3.py
[2023-09-09T02:40:01.754+0000] {processor.py:756} INFO - Processing file /home/airflow/.local/lib/python3.7/site-packages/airflow/example_dags/example_branch_python_dop_operator_3.py for tasks to queue
[2023-09-09T02:40:01.755+0000] {logging_mixin.py:120} INFO - [2023-09-09T02:40:01.755+0000] {dagbag.py:537} INFO - Filling up the DagBag from /home/airflow/.local/lib/python3.7/site-packages/airflow/example_dags/example_branch_python_dop_operator_3.py
[2023-09-09T02:40:01.770+0000] {processor.py:766} INFO - DAG(s) dict_keys(['example_branch_dop_operator_v3']) retrieved from /home/airflow/.local/lib/python3.7/site-packages/airflow/example_dags/example_branch_python_dop_operator_3.py
[2023-09-09T02:40:01.800+0000] {logging_mixin.py:120} INFO - [2023-09-09T02:40:01.800+0000] {dag.py:2585} INFO - Sync 1 DAGs
[2023-09-09T02:40:01.824+0000] {logging_mixin.py:120} INFO - [2023-09-09T02:40:01.823+0000] {dag.py:3340} INFO - Setting next_dagrun for example_branch_dop_operator_v3 to 2023-09-09T02:39:00+00:00, run_after=2023-09-09T02:40:00+00:00
[2023-09-09T02:40:01.845+0000] {processor.py:176} INFO - Processing /home/airflow/.local/lib/python3.7/site-packages/airflow/example_dags/example_branch_python_dop_operator_3.py took 0.094 seconds
[2023-09-09T02:40:32.260+0000] {processor.py:154} INFO - Started process (PID=518) to work on /home/airflow/.local/lib/python3.7/site-packages/airflow/example_dags/example_branch_python_dop_operator_3.py
[2023-09-09T02:40:32.261+0000] {processor.py:756} INFO - Processing file /home/airflow/.local/lib/python3.7/site-packages/airflow/example_dags/example_branch_python_dop_operator_3.py for tasks to queue
[2023-09-09T02:40:32.262+0000] {logging_mixin.py:120} INFO - [2023-09-09T02:40:32.262+0000] {dagbag.py:537} INFO - Filling up the DagBag from /home/airflow/.local/lib/python3.7/site-packages/airflow/example_dags/example_branch_python_dop_operator_3.py
[2023-09-09T02:40:32.280+0000] {processor.py:766} INFO - DAG(s) dict_keys(['example_branch_dop_operator_v3']) retrieved from /home/airflow/.local/lib/python3.7/site-packages/airflow/example_dags/example_branch_python_dop_operator_3.py
[2023-09-09T02:40:32.318+0000] {logging_mixin.py:120} INFO - [2023-09-09T02:40:32.317+0000] {dag.py:2585} INFO - Sync 1 DAGs
[2023-09-09T02:40:32.345+0000] {logging_mixin.py:120} INFO - [2023-09-09T02:40:32.344+0000] {dag.py:3340} INFO - Setting next_dagrun for example_branch_dop_operator_v3 to 2023-09-09T02:39:00+00:00, run_after=2023-09-09T02:40:00+00:00
[2023-09-09T02:40:32.365+0000] {processor.py:176} INFO - Processing /home/airflow/.local/lib/python3.7/site-packages/airflow/example_dags/example_branch_python_dop_operator_3.py took 0.107 seconds
[2023-09-09T02:41:02.715+0000] {processor.py:154} INFO - Started process (PID=592) to work on /home/airflow/.local/lib/python3.7/site-packages/airflow/example_dags/example_branch_python_dop_operator_3.py
[2023-09-09T02:41:02.716+0000] {processor.py:756} INFO - Processing file /home/airflow/.local/lib/python3.7/site-packages/airflow/example_dags/example_branch_python_dop_operator_3.py for tasks to queue
[2023-09-09T02:41:02.717+0000] {logging_mixin.py:120} INFO - [2023-09-09T02:41:02.717+0000] {dagbag.py:537} INFO - Filling up the DagBag from /home/airflow/.local/lib/python3.7/site-packages/airflow/example_dags/example_branch_python_dop_operator_3.py
[2023-09-09T02:41:02.736+0000] {processor.py:766} INFO - DAG(s) dict_keys(['example_branch_dop_operator_v3']) retrieved from /home/airflow/.local/lib/python3.7/site-packages/airflow/example_dags/example_branch_python_dop_operator_3.py
[2023-09-09T02:41:02.767+0000] {logging_mixin.py:120} INFO - [2023-09-09T02:41:02.767+0000] {dag.py:2585} INFO - Sync 1 DAGs
[2023-09-09T02:41:02.791+0000] {logging_mixin.py:120} INFO - [2023-09-09T02:41:02.791+0000] {dag.py:3340} INFO - Setting next_dagrun for example_branch_dop_operator_v3 to 2023-09-09T02:40:00+00:00, run_after=2023-09-09T02:41:00+00:00
[2023-09-09T02:41:02.811+0000] {processor.py:176} INFO - Processing /home/airflow/.local/lib/python3.7/site-packages/airflow/example_dags/example_branch_python_dop_operator_3.py took 0.098 seconds
[2023-09-09T02:41:33.707+0000] {processor.py:154} INFO - Started process (PID=676) to work on /home/airflow/.local/lib/python3.7/site-packages/airflow/example_dags/example_branch_python_dop_operator_3.py
[2023-09-09T02:41:33.708+0000] {processor.py:756} INFO - Processing file /home/airflow/.local/lib/python3.7/site-packages/airflow/example_dags/example_branch_python_dop_operator_3.py for tasks to queue
[2023-09-09T02:41:33.709+0000] {logging_mixin.py:120} INFO - [2023-09-09T02:41:33.708+0000] {dagbag.py:537} INFO - Filling up the DagBag from /home/airflow/.local/lib/python3.7/site-packages/airflow/example_dags/example_branch_python_dop_operator_3.py
[2023-09-09T02:41:33.732+0000] {processor.py:766} INFO - DAG(s) dict_keys(['example_branch_dop_operator_v3']) retrieved from /home/airflow/.local/lib/python3.7/site-packages/airflow/example_dags/example_branch_python_dop_operator_3.py
[2023-09-09T02:41:33.767+0000] {logging_mixin.py:120} INFO - [2023-09-09T02:41:33.767+0000] {dag.py:2585} INFO - Sync 1 DAGs
[2023-09-09T02:41:33.794+0000] {logging_mixin.py:120} INFO - [2023-09-09T02:41:33.794+0000] {dag.py:3340} INFO - Setting next_dagrun for example_branch_dop_operator_v3 to 2023-09-09T02:40:00+00:00, run_after=2023-09-09T02:41:00+00:00
[2023-09-09T02:41:33.815+0000] {processor.py:176} INFO - Processing /home/airflow/.local/lib/python3.7/site-packages/airflow/example_dags/example_branch_python_dop_operator_3.py took 0.110 seconds
[2023-09-09T02:42:04.007+0000] {processor.py:154} INFO - Started process (PID=741) to work on /home/airflow/.local/lib/python3.7/site-packages/airflow/example_dags/example_branch_python_dop_operator_3.py
[2023-09-09T02:42:04.008+0000] {processor.py:756} INFO - Processing file /home/airflow/.local/lib/python3.7/site-packages/airflow/example_dags/example_branch_python_dop_operator_3.py for tasks to queue
[2023-09-09T02:42:04.009+0000] {logging_mixin.py:120} INFO - [2023-09-09T02:42:04.008+0000] {dagbag.py:537} INFO - Filling up the DagBag from /home/airflow/.local/lib/python3.7/site-packages/airflow/example_dags/example_branch_python_dop_operator_3.py
[2023-09-09T02:42:04.027+0000] {processor.py:766} INFO - DAG(s) dict_keys(['example_branch_dop_operator_v3']) retrieved from /home/airflow/.local/lib/python3.7/site-packages/airflow/example_dags/example_branch_python_dop_operator_3.py
[2023-09-09T02:42:04.057+0000] {logging_mixin.py:120} INFO - [2023-09-09T02:42:04.057+0000] {dag.py:2585} INFO - Sync 1 DAGs
[2023-09-09T02:42:04.079+0000] {logging_mixin.py:120} INFO - [2023-09-09T02:42:04.079+0000] {dag.py:3340} INFO - Setting next_dagrun for example_branch_dop_operator_v3 to 2023-09-09T02:41:00+00:00, run_after=2023-09-09T02:42:00+00:00
[2023-09-09T02:42:04.097+0000] {processor.py:176} INFO - Processing /home/airflow/.local/lib/python3.7/site-packages/airflow/example_dags/example_branch_python_dop_operator_3.py took 0.094 seconds
[2023-09-09T02:42:34.717+0000] {processor.py:154} INFO - Started process (PID=819) to work on /home/airflow/.local/lib/python3.7/site-packages/airflow/example_dags/example_branch_python_dop_operator_3.py
[2023-09-09T02:42:34.718+0000] {processor.py:756} INFO - Processing file /home/airflow/.local/lib/python3.7/site-packages/airflow/example_dags/example_branch_python_dop_operator_3.py for tasks to queue
[2023-09-09T02:42:34.719+0000] {logging_mixin.py:120} INFO - [2023-09-09T02:42:34.719+0000] {dagbag.py:537} INFO - Filling up the DagBag from /home/airflow/.local/lib/python3.7/site-packages/airflow/example_dags/example_branch_python_dop_operator_3.py
[2023-09-09T02:42:34.737+0000] {processor.py:766} INFO - DAG(s) dict_keys(['example_branch_dop_operator_v3']) retrieved from /home/airflow/.local/lib/python3.7/site-packages/airflow/example_dags/example_branch_python_dop_operator_3.py
[2023-09-09T02:42:34.770+0000] {logging_mixin.py:120} INFO - [2023-09-09T02:42:34.770+0000] {dag.py:2585} INFO - Sync 1 DAGs
[2023-09-09T02:42:34.794+0000] {logging_mixin.py:120} INFO - [2023-09-09T02:42:34.794+0000] {dag.py:3340} INFO - Setting next_dagrun for example_branch_dop_operator_v3 to 2023-09-09T02:41:00+00:00, run_after=2023-09-09T02:42:00+00:00
[2023-09-09T02:42:34.813+0000] {processor.py:176} INFO - Processing /home/airflow/.local/lib/python3.7/site-packages/airflow/example_dags/example_branch_python_dop_operator_3.py took 0.098 seconds
[2023-09-09T02:43:05.155+0000] {processor.py:154} INFO - Started process (PID=897) to work on /home/airflow/.local/lib/python3.7/site-packages/airflow/example_dags/example_branch_python_dop_operator_3.py
[2023-09-09T02:43:05.156+0000] {processor.py:756} INFO - Processing file /home/airflow/.local/lib/python3.7/site-packages/airflow/example_dags/example_branch_python_dop_operator_3.py for tasks to queue
[2023-09-09T02:43:05.157+0000] {logging_mixin.py:120} INFO - [2023-09-09T02:43:05.157+0000] {dagbag.py:537} INFO - Filling up the DagBag from /home/airflow/.local/lib/python3.7/site-packages/airflow/example_dags/example_branch_python_dop_operator_3.py
[2023-09-09T02:43:05.176+0000] {processor.py:766} INFO - DAG(s) dict_keys(['example_branch_dop_operator_v3']) retrieved from /home/airflow/.local/lib/python3.7/site-packages/airflow/example_dags/example_branch_python_dop_operator_3.py
[2023-09-09T02:43:05.208+0000] {logging_mixin.py:120} INFO - [2023-09-09T02:43:05.208+0000] {dag.py:2585} INFO - Sync 1 DAGs
[2023-09-09T02:43:05.235+0000] {logging_mixin.py:120} INFO - [2023-09-09T02:43:05.234+0000] {dag.py:3340} INFO - Setting next_dagrun for example_branch_dop_operator_v3 to 2023-09-09T02:42:00+00:00, run_after=2023-09-09T02:43:00+00:00
[2023-09-09T02:43:05.255+0000] {processor.py:176} INFO - Processing /home/airflow/.local/lib/python3.7/site-packages/airflow/example_dags/example_branch_python_dop_operator_3.py took 0.103 seconds
[2023-09-09T02:43:35.921+0000] {processor.py:154} INFO - Started process (PID=971) to work on /home/airflow/.local/lib/python3.7/site-packages/airflow/example_dags/example_branch_python_dop_operator_3.py
[2023-09-09T02:43:35.922+0000] {processor.py:756} INFO - Processing file /home/airflow/.local/lib/python3.7/site-packages/airflow/example_dags/example_branch_python_dop_operator_3.py for tasks to queue
[2023-09-09T02:43:35.923+0000] {logging_mixin.py:120} INFO - [2023-09-09T02:43:35.923+0000] {dagbag.py:537} INFO - Filling up the DagBag from /home/airflow/.local/lib/python3.7/site-packages/airflow/example_dags/example_branch_python_dop_operator_3.py
[2023-09-09T02:43:35.947+0000] {processor.py:766} INFO - DAG(s) dict_keys(['example_branch_dop_operator_v3']) retrieved from /home/airflow/.local/lib/python3.7/site-packages/airflow/example_dags/example_branch_python_dop_operator_3.py
[2023-09-09T02:43:35.978+0000] {logging_mixin.py:120} INFO - [2023-09-09T02:43:35.978+0000] {dag.py:2585} INFO - Sync 1 DAGs
[2023-09-09T02:43:36.004+0000] {logging_mixin.py:120} INFO - [2023-09-09T02:43:36.004+0000] {dag.py:3340} INFO - Setting next_dagrun for example_branch_dop_operator_v3 to 2023-09-09T02:42:00+00:00, run_after=2023-09-09T02:43:00+00:00
[2023-09-09T02:43:36.025+0000] {processor.py:176} INFO - Processing /home/airflow/.local/lib/python3.7/site-packages/airflow/example_dags/example_branch_python_dop_operator_3.py took 0.106 seconds
[2023-09-09T02:44:07.042+0000] {processor.py:154} INFO - Started process (PID=1036) to work on /home/airflow/.local/lib/python3.7/site-packages/airflow/example_dags/example_branch_python_dop_operator_3.py
[2023-09-09T02:44:07.042+0000] {processor.py:756} INFO - Processing file /home/airflow/.local/lib/python3.7/site-packages/airflow/example_dags/example_branch_python_dop_operator_3.py for tasks to queue
[2023-09-09T02:44:07.043+0000] {logging_mixin.py:120} INFO - [2023-09-09T02:44:07.043+0000] {dagbag.py:537} INFO - Filling up the DagBag from /home/airflow/.local/lib/python3.7/site-packages/airflow/example_dags/example_branch_python_dop_operator_3.py
[2023-09-09T02:44:07.063+0000] {processor.py:766} INFO - DAG(s) dict_keys(['example_branch_dop_operator_v3']) retrieved from /home/airflow/.local/lib/python3.7/site-packages/airflow/example_dags/example_branch_python_dop_operator_3.py
[2023-09-09T02:44:07.100+0000] {logging_mixin.py:120} INFO - [2023-09-09T02:44:07.100+0000] {dag.py:2585} INFO - Sync 1 DAGs
[2023-09-09T02:44:07.126+0000] {logging_mixin.py:120} INFO - [2023-09-09T02:44:07.125+0000] {dag.py:3340} INFO - Setting next_dagrun for example_branch_dop_operator_v3 to 2023-09-09T02:43:00+00:00, run_after=2023-09-09T02:44:00+00:00
[2023-09-09T02:44:07.148+0000] {processor.py:176} INFO - Processing /home/airflow/.local/lib/python3.7/site-packages/airflow/example_dags/example_branch_python_dop_operator_3.py took 0.109 seconds
[2023-09-09T02:44:37.366+0000] {processor.py:154} INFO - Started process (PID=1111) to work on /home/airflow/.local/lib/python3.7/site-packages/airflow/example_dags/example_branch_python_dop_operator_3.py
[2023-09-09T02:44:37.367+0000] {processor.py:756} INFO - Processing file /home/airflow/.local/lib/python3.7/site-packages/airflow/example_dags/example_branch_python_dop_operator_3.py for tasks to queue
[2023-09-09T02:44:37.368+0000] {logging_mixin.py:120} INFO - [2023-09-09T02:44:37.368+0000] {dagbag.py:537} INFO - Filling up the DagBag from /home/airflow/.local/lib/python3.7/site-packages/airflow/example_dags/example_branch_python_dop_operator_3.py
[2023-09-09T02:44:37.386+0000] {processor.py:766} INFO - DAG(s) dict_keys(['example_branch_dop_operator_v3']) retrieved from /home/airflow/.local/lib/python3.7/site-packages/airflow/example_dags/example_branch_python_dop_operator_3.py
[2023-09-09T02:44:37.419+0000] {logging_mixin.py:120} INFO - [2023-09-09T02:44:37.419+0000] {dag.py:2585} INFO - Sync 1 DAGs
[2023-09-09T02:44:37.444+0000] {logging_mixin.py:120} INFO - [2023-09-09T02:44:37.444+0000] {dag.py:3340} INFO - Setting next_dagrun for example_branch_dop_operator_v3 to 2023-09-09T02:43:00+00:00, run_after=2023-09-09T02:44:00+00:00
[2023-09-09T02:44:37.464+0000] {processor.py:176} INFO - Processing /home/airflow/.local/lib/python3.7/site-packages/airflow/example_dags/example_branch_python_dop_operator_3.py took 0.101 seconds
[2023-09-09T02:45:07.844+0000] {processor.py:154} INFO - Started process (PID=1185) to work on /home/airflow/.local/lib/python3.7/site-packages/airflow/example_dags/example_branch_python_dop_operator_3.py
[2023-09-09T02:45:07.844+0000] {processor.py:756} INFO - Processing file /home/airflow/.local/lib/python3.7/site-packages/airflow/example_dags/example_branch_python_dop_operator_3.py for tasks to queue
[2023-09-09T02:45:07.845+0000] {logging_mixin.py:120} INFO - [2023-09-09T02:45:07.845+0000] {dagbag.py:537} INFO - Filling up the DagBag from /home/airflow/.local/lib/python3.7/site-packages/airflow/example_dags/example_branch_python_dop_operator_3.py
[2023-09-09T02:45:07.862+0000] {processor.py:766} INFO - DAG(s) dict_keys(['example_branch_dop_operator_v3']) retrieved from /home/airflow/.local/lib/python3.7/site-packages/airflow/example_dags/example_branch_python_dop_operator_3.py
[2023-09-09T02:45:07.893+0000] {logging_mixin.py:120} INFO - [2023-09-09T02:45:07.893+0000] {dag.py:2585} INFO - Sync 1 DAGs
[2023-09-09T02:45:07.916+0000] {logging_mixin.py:120} INFO - [2023-09-09T02:45:07.916+0000] {dag.py:3340} INFO - Setting next_dagrun for example_branch_dop_operator_v3 to 2023-09-09T02:44:00+00:00, run_after=2023-09-09T02:45:00+00:00
[2023-09-09T02:45:07.935+0000] {processor.py:176} INFO - Processing /home/airflow/.local/lib/python3.7/site-packages/airflow/example_dags/example_branch_python_dop_operator_3.py took 0.093 seconds
