[2023-09-09T02:37:27.437+0000] {processor.py:154} INFO - Started process (PID=67) to work on /home/airflow/.local/lib/python3.7/site-packages/airflow/example_dags/example_skip_dag.py
[2023-09-09T02:37:27.438+0000] {processor.py:756} INFO - Processing file /home/airflow/.local/lib/python3.7/site-packages/airflow/example_dags/example_skip_dag.py for tasks to queue
[2023-09-09T02:37:27.439+0000] {logging_mixin.py:120} INFO - [2023-09-09T02:37:27.439+0000] {dagbag.py:537} INFO - Filling up the DagBag from /home/airflow/.local/lib/python3.7/site-packages/airflow/example_dags/example_skip_dag.py
[2023-09-09T02:37:27.450+0000] {processor.py:766} INFO - DAG(s) dict_keys(['example_skip_dag']) retrieved from /home/airflow/.local/lib/python3.7/site-packages/airflow/example_dags/example_skip_dag.py
[2023-09-09T02:37:27.486+0000] {logging_mixin.py:120} INFO - [2023-09-09T02:37:27.486+0000] {dag.py:2585} INFO - Sync 1 DAGs
[2023-09-09T02:37:27.507+0000] {logging_mixin.py:120} INFO - [2023-09-09T02:37:27.507+0000] {dag.py:3340} INFO - Setting next_dagrun for example_skip_dag to 2023-09-08T02:37:27.507425+00:00, run_after=2023-09-09T02:37:27.507425+00:00
[2023-09-09T02:37:27.526+0000] {processor.py:176} INFO - Processing /home/airflow/.local/lib/python3.7/site-packages/airflow/example_dags/example_skip_dag.py took 0.091 seconds
[2023-09-09T02:37:58.181+0000] {processor.py:154} INFO - Started process (PID=141) to work on /home/airflow/.local/lib/python3.7/site-packages/airflow/example_dags/example_skip_dag.py
[2023-09-09T02:37:58.182+0000] {processor.py:756} INFO - Processing file /home/airflow/.local/lib/python3.7/site-packages/airflow/example_dags/example_skip_dag.py for tasks to queue
[2023-09-09T02:37:58.183+0000] {logging_mixin.py:120} INFO - [2023-09-09T02:37:58.182+0000] {dagbag.py:537} INFO - Filling up the DagBag from /home/airflow/.local/lib/python3.7/site-packages/airflow/example_dags/example_skip_dag.py
[2023-09-09T02:37:58.194+0000] {processor.py:766} INFO - DAG(s) dict_keys(['example_skip_dag']) retrieved from /home/airflow/.local/lib/python3.7/site-packages/airflow/example_dags/example_skip_dag.py
[2023-09-09T02:37:58.225+0000] {logging_mixin.py:120} INFO - [2023-09-09T02:37:58.225+0000] {dag.py:2585} INFO - Sync 1 DAGs
[2023-09-09T02:37:58.246+0000] {logging_mixin.py:120} INFO - [2023-09-09T02:37:58.246+0000] {dag.py:3340} INFO - Setting next_dagrun for example_skip_dag to 2023-09-08T02:37:58.246424+00:00, run_after=2023-09-09T02:37:58.246424+00:00
[2023-09-09T02:37:58.264+0000] {processor.py:176} INFO - Processing /home/airflow/.local/lib/python3.7/site-packages/airflow/example_dags/example_skip_dag.py took 0.085 seconds
[2023-09-09T02:38:28.604+0000] {processor.py:154} INFO - Started process (PID=216) to work on /home/airflow/.local/lib/python3.7/site-packages/airflow/example_dags/example_skip_dag.py
[2023-09-09T02:38:28.605+0000] {processor.py:756} INFO - Processing file /home/airflow/.local/lib/python3.7/site-packages/airflow/example_dags/example_skip_dag.py for tasks to queue
[2023-09-09T02:38:28.606+0000] {logging_mixin.py:120} INFO - [2023-09-09T02:38:28.606+0000] {dagbag.py:537} INFO - Filling up the DagBag from /home/airflow/.local/lib/python3.7/site-packages/airflow/example_dags/example_skip_dag.py
[2023-09-09T02:38:28.617+0000] {processor.py:766} INFO - DAG(s) dict_keys(['example_skip_dag']) retrieved from /home/airflow/.local/lib/python3.7/site-packages/airflow/example_dags/example_skip_dag.py
[2023-09-09T02:38:28.654+0000] {logging_mixin.py:120} INFO - [2023-09-09T02:38:28.654+0000] {dag.py:2585} INFO - Sync 1 DAGs
[2023-09-09T02:38:28.673+0000] {logging_mixin.py:120} INFO - [2023-09-09T02:38:28.673+0000] {dag.py:3340} INFO - Setting next_dagrun for example_skip_dag to 2023-09-08T02:38:28.673183+00:00, run_after=2023-09-09T02:38:28.673183+00:00
[2023-09-09T02:38:28.695+0000] {processor.py:176} INFO - Processing /home/airflow/.local/lib/python3.7/site-packages/airflow/example_dags/example_skip_dag.py took 0.093 seconds
[2023-09-09T02:38:59.283+0000] {processor.py:154} INFO - Started process (PID=290) to work on /home/airflow/.local/lib/python3.7/site-packages/airflow/example_dags/example_skip_dag.py
[2023-09-09T02:38:59.284+0000] {processor.py:756} INFO - Processing file /home/airflow/.local/lib/python3.7/site-packages/airflow/example_dags/example_skip_dag.py for tasks to queue
[2023-09-09T02:38:59.285+0000] {logging_mixin.py:120} INFO - [2023-09-09T02:38:59.285+0000] {dagbag.py:537} INFO - Filling up the DagBag from /home/airflow/.local/lib/python3.7/site-packages/airflow/example_dags/example_skip_dag.py
[2023-09-09T02:38:59.297+0000] {processor.py:766} INFO - DAG(s) dict_keys(['example_skip_dag']) retrieved from /home/airflow/.local/lib/python3.7/site-packages/airflow/example_dags/example_skip_dag.py
[2023-09-09T02:38:59.336+0000] {logging_mixin.py:120} INFO - [2023-09-09T02:38:59.336+0000] {dag.py:2585} INFO - Sync 1 DAGs
[2023-09-09T02:38:59.355+0000] {logging_mixin.py:120} INFO - [2023-09-09T02:38:59.355+0000] {dag.py:3340} INFO - Setting next_dagrun for example_skip_dag to 2023-09-08T02:38:59.355404+00:00, run_after=2023-09-09T02:38:59.355404+00:00
[2023-09-09T02:38:59.374+0000] {processor.py:176} INFO - Processing /home/airflow/.local/lib/python3.7/site-packages/airflow/example_dags/example_skip_dag.py took 0.093 seconds
[2023-09-09T02:39:29.728+0000] {processor.py:154} INFO - Started process (PID=355) to work on /home/airflow/.local/lib/python3.7/site-packages/airflow/example_dags/example_skip_dag.py
[2023-09-09T02:39:29.729+0000] {processor.py:756} INFO - Processing file /home/airflow/.local/lib/python3.7/site-packages/airflow/example_dags/example_skip_dag.py for tasks to queue
[2023-09-09T02:39:29.729+0000] {logging_mixin.py:120} INFO - [2023-09-09T02:39:29.729+0000] {dagbag.py:537} INFO - Filling up the DagBag from /home/airflow/.local/lib/python3.7/site-packages/airflow/example_dags/example_skip_dag.py
[2023-09-09T02:39:29.743+0000] {processor.py:766} INFO - DAG(s) dict_keys(['example_skip_dag']) retrieved from /home/airflow/.local/lib/python3.7/site-packages/airflow/example_dags/example_skip_dag.py
[2023-09-09T02:39:29.775+0000] {logging_mixin.py:120} INFO - [2023-09-09T02:39:29.775+0000] {dag.py:2585} INFO - Sync 1 DAGs
[2023-09-09T02:39:29.794+0000] {logging_mixin.py:120} INFO - [2023-09-09T02:39:29.794+0000] {dag.py:3340} INFO - Setting next_dagrun for example_skip_dag to 2023-09-08T02:39:29.793853+00:00, run_after=2023-09-09T02:39:29.793853+00:00
[2023-09-09T02:39:29.813+0000] {processor.py:176} INFO - Processing /home/airflow/.local/lib/python3.7/site-packages/airflow/example_dags/example_skip_dag.py took 0.087 seconds
[2023-09-09T02:40:00.816+0000] {processor.py:154} INFO - Started process (PID=429) to work on /home/airflow/.local/lib/python3.7/site-packages/airflow/example_dags/example_skip_dag.py
[2023-09-09T02:40:00.817+0000] {processor.py:756} INFO - Processing file /home/airflow/.local/lib/python3.7/site-packages/airflow/example_dags/example_skip_dag.py for tasks to queue
[2023-09-09T02:40:00.818+0000] {logging_mixin.py:120} INFO - [2023-09-09T02:40:00.818+0000] {dagbag.py:537} INFO - Filling up the DagBag from /home/airflow/.local/lib/python3.7/site-packages/airflow/example_dags/example_skip_dag.py
[2023-09-09T02:40:00.828+0000] {processor.py:766} INFO - DAG(s) dict_keys(['example_skip_dag']) retrieved from /home/airflow/.local/lib/python3.7/site-packages/airflow/example_dags/example_skip_dag.py
[2023-09-09T02:40:00.860+0000] {logging_mixin.py:120} INFO - [2023-09-09T02:40:00.860+0000] {dag.py:2585} INFO - Sync 1 DAGs
[2023-09-09T02:40:00.881+0000] {logging_mixin.py:120} INFO - [2023-09-09T02:40:00.881+0000] {dag.py:3340} INFO - Setting next_dagrun for example_skip_dag to 2023-09-08T02:40:00.881370+00:00, run_after=2023-09-09T02:40:00.881370+00:00
[2023-09-09T02:40:00.900+0000] {processor.py:176} INFO - Processing /home/airflow/.local/lib/python3.7/site-packages/airflow/example_dags/example_skip_dag.py took 0.086 seconds
[2023-09-09T02:40:31.186+0000] {processor.py:154} INFO - Started process (PID=503) to work on /home/airflow/.local/lib/python3.7/site-packages/airflow/example_dags/example_skip_dag.py
[2023-09-09T02:40:31.187+0000] {processor.py:756} INFO - Processing file /home/airflow/.local/lib/python3.7/site-packages/airflow/example_dags/example_skip_dag.py for tasks to queue
[2023-09-09T02:40:31.188+0000] {logging_mixin.py:120} INFO - [2023-09-09T02:40:31.188+0000] {dagbag.py:537} INFO - Filling up the DagBag from /home/airflow/.local/lib/python3.7/site-packages/airflow/example_dags/example_skip_dag.py
[2023-09-09T02:40:31.200+0000] {processor.py:766} INFO - DAG(s) dict_keys(['example_skip_dag']) retrieved from /home/airflow/.local/lib/python3.7/site-packages/airflow/example_dags/example_skip_dag.py
[2023-09-09T02:40:31.236+0000] {logging_mixin.py:120} INFO - [2023-09-09T02:40:31.235+0000] {dag.py:2585} INFO - Sync 1 DAGs
[2023-09-09T02:40:31.258+0000] {logging_mixin.py:120} INFO - [2023-09-09T02:40:31.258+0000] {dag.py:3340} INFO - Setting next_dagrun for example_skip_dag to 2023-09-08T02:40:31.257798+00:00, run_after=2023-09-09T02:40:31.257798+00:00
[2023-09-09T02:40:31.282+0000] {processor.py:176} INFO - Processing /home/airflow/.local/lib/python3.7/site-packages/airflow/example_dags/example_skip_dag.py took 0.099 seconds
[2023-09-09T02:41:01.359+0000] {processor.py:154} INFO - Started process (PID=576) to work on /home/airflow/.local/lib/python3.7/site-packages/airflow/example_dags/example_skip_dag.py
[2023-09-09T02:41:01.360+0000] {processor.py:756} INFO - Processing file /home/airflow/.local/lib/python3.7/site-packages/airflow/example_dags/example_skip_dag.py for tasks to queue
[2023-09-09T02:41:01.361+0000] {logging_mixin.py:120} INFO - [2023-09-09T02:41:01.361+0000] {dagbag.py:537} INFO - Filling up the DagBag from /home/airflow/.local/lib/python3.7/site-packages/airflow/example_dags/example_skip_dag.py
[2023-09-09T02:41:01.372+0000] {processor.py:766} INFO - DAG(s) dict_keys(['example_skip_dag']) retrieved from /home/airflow/.local/lib/python3.7/site-packages/airflow/example_dags/example_skip_dag.py
[2023-09-09T02:41:01.404+0000] {logging_mixin.py:120} INFO - [2023-09-09T02:41:01.404+0000] {dag.py:2585} INFO - Sync 1 DAGs
[2023-09-09T02:41:01.427+0000] {logging_mixin.py:120} INFO - [2023-09-09T02:41:01.426+0000] {dag.py:3340} INFO - Setting next_dagrun for example_skip_dag to 2023-09-08T02:41:01.426780+00:00, run_after=2023-09-09T02:41:01.426780+00:00
[2023-09-09T02:41:01.448+0000] {processor.py:176} INFO - Processing /home/airflow/.local/lib/python3.7/site-packages/airflow/example_dags/example_skip_dag.py took 0.092 seconds
[2023-09-09T02:41:32.040+0000] {processor.py:154} INFO - Started process (PID=649) to work on /home/airflow/.local/lib/python3.7/site-packages/airflow/example_dags/example_skip_dag.py
[2023-09-09T02:41:32.041+0000] {processor.py:756} INFO - Processing file /home/airflow/.local/lib/python3.7/site-packages/airflow/example_dags/example_skip_dag.py for tasks to queue
[2023-09-09T02:41:32.042+0000] {logging_mixin.py:120} INFO - [2023-09-09T02:41:32.042+0000] {dagbag.py:537} INFO - Filling up the DagBag from /home/airflow/.local/lib/python3.7/site-packages/airflow/example_dags/example_skip_dag.py
[2023-09-09T02:41:32.053+0000] {processor.py:766} INFO - DAG(s) dict_keys(['example_skip_dag']) retrieved from /home/airflow/.local/lib/python3.7/site-packages/airflow/example_dags/example_skip_dag.py
[2023-09-09T02:41:32.087+0000] {logging_mixin.py:120} INFO - [2023-09-09T02:41:32.086+0000] {dag.py:2585} INFO - Sync 1 DAGs
[2023-09-09T02:41:32.107+0000] {logging_mixin.py:120} INFO - [2023-09-09T02:41:32.107+0000] {dag.py:3340} INFO - Setting next_dagrun for example_skip_dag to 2023-09-08T02:41:32.106978+00:00, run_after=2023-09-09T02:41:32.106978+00:00
[2023-09-09T02:41:32.128+0000] {processor.py:176} INFO - Processing /home/airflow/.local/lib/python3.7/site-packages/airflow/example_dags/example_skip_dag.py took 0.090 seconds
[2023-09-09T02:42:02.578+0000] {processor.py:154} INFO - Started process (PID=723) to work on /home/airflow/.local/lib/python3.7/site-packages/airflow/example_dags/example_skip_dag.py
[2023-09-09T02:42:02.579+0000] {processor.py:756} INFO - Processing file /home/airflow/.local/lib/python3.7/site-packages/airflow/example_dags/example_skip_dag.py for tasks to queue
[2023-09-09T02:42:02.580+0000] {logging_mixin.py:120} INFO - [2023-09-09T02:42:02.580+0000] {dagbag.py:537} INFO - Filling up the DagBag from /home/airflow/.local/lib/python3.7/site-packages/airflow/example_dags/example_skip_dag.py
[2023-09-09T02:42:02.591+0000] {processor.py:766} INFO - DAG(s) dict_keys(['example_skip_dag']) retrieved from /home/airflow/.local/lib/python3.7/site-packages/airflow/example_dags/example_skip_dag.py
[2023-09-09T02:42:02.623+0000] {logging_mixin.py:120} INFO - [2023-09-09T02:42:02.623+0000] {dag.py:2585} INFO - Sync 1 DAGs
[2023-09-09T02:42:02.646+0000] {logging_mixin.py:120} INFO - [2023-09-09T02:42:02.646+0000] {dag.py:3340} INFO - Setting next_dagrun for example_skip_dag to 2023-09-08T02:42:02.646215+00:00, run_after=2023-09-09T02:42:02.646215+00:00
[2023-09-09T02:42:02.666+0000] {processor.py:176} INFO - Processing /home/airflow/.local/lib/python3.7/site-packages/airflow/example_dags/example_skip_dag.py took 0.090 seconds
[2023-09-09T02:42:33.241+0000] {processor.py:154} INFO - Started process (PID=801) to work on /home/airflow/.local/lib/python3.7/site-packages/airflow/example_dags/example_skip_dag.py
[2023-09-09T02:42:33.242+0000] {processor.py:756} INFO - Processing file /home/airflow/.local/lib/python3.7/site-packages/airflow/example_dags/example_skip_dag.py for tasks to queue
[2023-09-09T02:42:33.243+0000] {logging_mixin.py:120} INFO - [2023-09-09T02:42:33.243+0000] {dagbag.py:537} INFO - Filling up the DagBag from /home/airflow/.local/lib/python3.7/site-packages/airflow/example_dags/example_skip_dag.py
[2023-09-09T02:42:33.255+0000] {processor.py:766} INFO - DAG(s) dict_keys(['example_skip_dag']) retrieved from /home/airflow/.local/lib/python3.7/site-packages/airflow/example_dags/example_skip_dag.py
[2023-09-09T02:42:33.296+0000] {logging_mixin.py:120} INFO - [2023-09-09T02:42:33.295+0000] {dag.py:2585} INFO - Sync 1 DAGs
[2023-09-09T02:42:33.320+0000] {logging_mixin.py:120} INFO - [2023-09-09T02:42:33.320+0000] {dag.py:3340} INFO - Setting next_dagrun for example_skip_dag to 2023-09-08T02:42:33.319821+00:00, run_after=2023-09-09T02:42:33.319821+00:00
[2023-09-09T02:42:33.342+0000] {processor.py:176} INFO - Processing /home/airflow/.local/lib/python3.7/site-packages/airflow/example_dags/example_skip_dag.py took 0.103 seconds
[2023-09-09T02:43:03.712+0000] {processor.py:154} INFO - Started process (PID=880) to work on /home/airflow/.local/lib/python3.7/site-packages/airflow/example_dags/example_skip_dag.py
[2023-09-09T02:43:03.713+0000] {processor.py:756} INFO - Processing file /home/airflow/.local/lib/python3.7/site-packages/airflow/example_dags/example_skip_dag.py for tasks to queue
[2023-09-09T02:43:03.715+0000] {logging_mixin.py:120} INFO - [2023-09-09T02:43:03.714+0000] {dagbag.py:537} INFO - Filling up the DagBag from /home/airflow/.local/lib/python3.7/site-packages/airflow/example_dags/example_skip_dag.py
[2023-09-09T02:43:03.726+0000] {processor.py:766} INFO - DAG(s) dict_keys(['example_skip_dag']) retrieved from /home/airflow/.local/lib/python3.7/site-packages/airflow/example_dags/example_skip_dag.py
[2023-09-09T02:43:03.757+0000] {logging_mixin.py:120} INFO - [2023-09-09T02:43:03.757+0000] {dag.py:2585} INFO - Sync 1 DAGs
[2023-09-09T02:43:03.774+0000] {logging_mixin.py:120} INFO - [2023-09-09T02:43:03.774+0000] {dag.py:3340} INFO - Setting next_dagrun for example_skip_dag to 2023-09-08T02:43:03.774164+00:00, run_after=2023-09-09T02:43:03.774164+00:00
[2023-09-09T02:43:03.792+0000] {processor.py:176} INFO - Processing /home/airflow/.local/lib/python3.7/site-packages/airflow/example_dags/example_skip_dag.py took 0.084 seconds
[2023-09-09T02:43:34.250+0000] {processor.py:154} INFO - Started process (PID=945) to work on /home/airflow/.local/lib/python3.7/site-packages/airflow/example_dags/example_skip_dag.py
[2023-09-09T02:43:34.251+0000] {processor.py:756} INFO - Processing file /home/airflow/.local/lib/python3.7/site-packages/airflow/example_dags/example_skip_dag.py for tasks to queue
[2023-09-09T02:43:34.251+0000] {logging_mixin.py:120} INFO - [2023-09-09T02:43:34.251+0000] {dagbag.py:537} INFO - Filling up the DagBag from /home/airflow/.local/lib/python3.7/site-packages/airflow/example_dags/example_skip_dag.py
[2023-09-09T02:43:34.263+0000] {processor.py:766} INFO - DAG(s) dict_keys(['example_skip_dag']) retrieved from /home/airflow/.local/lib/python3.7/site-packages/airflow/example_dags/example_skip_dag.py
[2023-09-09T02:43:34.298+0000] {logging_mixin.py:120} INFO - [2023-09-09T02:43:34.298+0000] {dag.py:2585} INFO - Sync 1 DAGs
[2023-09-09T02:43:34.319+0000] {logging_mixin.py:120} INFO - [2023-09-09T02:43:34.319+0000] {dag.py:3340} INFO - Setting next_dagrun for example_skip_dag to 2023-09-08T02:43:34.318865+00:00, run_after=2023-09-09T02:43:34.318865+00:00
[2023-09-09T02:43:34.339+0000] {processor.py:176} INFO - Processing /home/airflow/.local/lib/python3.7/site-packages/airflow/example_dags/example_skip_dag.py took 0.092 seconds
[2023-09-09T02:44:04.598+0000] {processor.py:154} INFO - Started process (PID=1019) to work on /home/airflow/.local/lib/python3.7/site-packages/airflow/example_dags/example_skip_dag.py
[2023-09-09T02:44:04.599+0000] {processor.py:756} INFO - Processing file /home/airflow/.local/lib/python3.7/site-packages/airflow/example_dags/example_skip_dag.py for tasks to queue
[2023-09-09T02:44:04.600+0000] {logging_mixin.py:120} INFO - [2023-09-09T02:44:04.600+0000] {dagbag.py:537} INFO - Filling up the DagBag from /home/airflow/.local/lib/python3.7/site-packages/airflow/example_dags/example_skip_dag.py
[2023-09-09T02:44:04.611+0000] {processor.py:766} INFO - DAG(s) dict_keys(['example_skip_dag']) retrieved from /home/airflow/.local/lib/python3.7/site-packages/airflow/example_dags/example_skip_dag.py
[2023-09-09T02:44:04.644+0000] {logging_mixin.py:120} INFO - [2023-09-09T02:44:04.643+0000] {dag.py:2585} INFO - Sync 1 DAGs
[2023-09-09T02:44:04.663+0000] {logging_mixin.py:120} INFO - [2023-09-09T02:44:04.663+0000] {dag.py:3340} INFO - Setting next_dagrun for example_skip_dag to 2023-09-08T02:44:04.663593+00:00, run_after=2023-09-09T02:44:04.663593+00:00
[2023-09-09T02:44:04.684+0000] {processor.py:176} INFO - Processing /home/airflow/.local/lib/python3.7/site-packages/airflow/example_dags/example_skip_dag.py took 0.088 seconds
[2023-09-09T02:44:34.823+0000] {processor.py:154} INFO - Started process (PID=1094) to work on /home/airflow/.local/lib/python3.7/site-packages/airflow/example_dags/example_skip_dag.py
[2023-09-09T02:44:34.824+0000] {processor.py:756} INFO - Processing file /home/airflow/.local/lib/python3.7/site-packages/airflow/example_dags/example_skip_dag.py for tasks to queue
[2023-09-09T02:44:34.825+0000] {logging_mixin.py:120} INFO - [2023-09-09T02:44:34.825+0000] {dagbag.py:537} INFO - Filling up the DagBag from /home/airflow/.local/lib/python3.7/site-packages/airflow/example_dags/example_skip_dag.py
[2023-09-09T02:44:34.836+0000] {processor.py:766} INFO - DAG(s) dict_keys(['example_skip_dag']) retrieved from /home/airflow/.local/lib/python3.7/site-packages/airflow/example_dags/example_skip_dag.py
[2023-09-09T02:44:34.868+0000] {logging_mixin.py:120} INFO - [2023-09-09T02:44:34.867+0000] {dag.py:2585} INFO - Sync 1 DAGs
[2023-09-09T02:44:34.888+0000] {logging_mixin.py:120} INFO - [2023-09-09T02:44:34.888+0000] {dag.py:3340} INFO - Setting next_dagrun for example_skip_dag to 2023-09-08T02:44:34.887860+00:00, run_after=2023-09-09T02:44:34.887860+00:00
[2023-09-09T02:44:34.909+0000] {processor.py:176} INFO - Processing /home/airflow/.local/lib/python3.7/site-packages/airflow/example_dags/example_skip_dag.py took 0.088 seconds
[2023-09-09T02:45:05.202+0000] {processor.py:154} INFO - Started process (PID=1167) to work on /home/airflow/.local/lib/python3.7/site-packages/airflow/example_dags/example_skip_dag.py
[2023-09-09T02:45:05.203+0000] {processor.py:756} INFO - Processing file /home/airflow/.local/lib/python3.7/site-packages/airflow/example_dags/example_skip_dag.py for tasks to queue
[2023-09-09T02:45:05.205+0000] {logging_mixin.py:120} INFO - [2023-09-09T02:45:05.205+0000] {dagbag.py:537} INFO - Filling up the DagBag from /home/airflow/.local/lib/python3.7/site-packages/airflow/example_dags/example_skip_dag.py
[2023-09-09T02:45:05.234+0000] {processor.py:766} INFO - DAG(s) dict_keys(['example_skip_dag']) retrieved from /home/airflow/.local/lib/python3.7/site-packages/airflow/example_dags/example_skip_dag.py
[2023-09-09T02:45:05.290+0000] {logging_mixin.py:120} INFO - [2023-09-09T02:45:05.290+0000] {dag.py:2585} INFO - Sync 1 DAGs
[2023-09-09T02:45:05.321+0000] {logging_mixin.py:120} INFO - [2023-09-09T02:45:05.320+0000] {dag.py:3340} INFO - Setting next_dagrun for example_skip_dag to 2023-09-08T02:45:05.320627+00:00, run_after=2023-09-09T02:45:05.320627+00:00
[2023-09-09T02:45:05.353+0000] {processor.py:176} INFO - Processing /home/airflow/.local/lib/python3.7/site-packages/airflow/example_dags/example_skip_dag.py took 0.155 seconds
