[2023-09-09T02:37:29.117+0000] {processor.py:154} INFO - Started process (PID=92) to work on /home/airflow/.local/lib/python3.7/site-packages/airflow/example_dags/example_trigger_target_dag.py
[2023-09-09T02:37:29.118+0000] {processor.py:756} INFO - Processing file /home/airflow/.local/lib/python3.7/site-packages/airflow/example_dags/example_trigger_target_dag.py for tasks to queue
[2023-09-09T02:37:29.118+0000] {logging_mixin.py:120} INFO - [2023-09-09T02:37:29.118+0000] {dagbag.py:537} INFO - Filling up the DagBag from /home/airflow/.local/lib/python3.7/site-packages/airflow/example_dags/example_trigger_target_dag.py
[2023-09-09T02:37:29.141+0000] {processor.py:766} INFO - DAG(s) dict_keys(['example_trigger_target_dag']) retrieved from /home/airflow/.local/lib/python3.7/site-packages/airflow/example_dags/example_trigger_target_dag.py
[2023-09-09T02:37:29.178+0000] {logging_mixin.py:120} INFO - [2023-09-09T02:37:29.178+0000] {dag.py:2585} INFO - Sync 1 DAGs
[2023-09-09T02:37:29.209+0000] {logging_mixin.py:120} INFO - [2023-09-09T02:37:29.209+0000] {dag.py:3340} INFO - Setting next_dagrun for example_trigger_target_dag to None, run_after=None
[2023-09-09T02:37:29.232+0000] {processor.py:176} INFO - Processing /home/airflow/.local/lib/python3.7/site-packages/airflow/example_dags/example_trigger_target_dag.py took 0.118 seconds
[2023-09-09T02:37:59.284+0000] {processor.py:154} INFO - Started process (PID=160) to work on /home/airflow/.local/lib/python3.7/site-packages/airflow/example_dags/example_trigger_target_dag.py
[2023-09-09T02:37:59.285+0000] {processor.py:756} INFO - Processing file /home/airflow/.local/lib/python3.7/site-packages/airflow/example_dags/example_trigger_target_dag.py for tasks to queue
[2023-09-09T02:37:59.285+0000] {logging_mixin.py:120} INFO - [2023-09-09T02:37:59.285+0000] {dagbag.py:537} INFO - Filling up the DagBag from /home/airflow/.local/lib/python3.7/site-packages/airflow/example_dags/example_trigger_target_dag.py
[2023-09-09T02:37:59.302+0000] {processor.py:766} INFO - DAG(s) dict_keys(['example_trigger_target_dag']) retrieved from /home/airflow/.local/lib/python3.7/site-packages/airflow/example_dags/example_trigger_target_dag.py
[2023-09-09T02:37:59.335+0000] {logging_mixin.py:120} INFO - [2023-09-09T02:37:59.334+0000] {dag.py:2585} INFO - Sync 1 DAGs
[2023-09-09T02:37:59.354+0000] {logging_mixin.py:120} INFO - [2023-09-09T02:37:59.354+0000] {dag.py:3340} INFO - Setting next_dagrun for example_trigger_target_dag to None, run_after=None
[2023-09-09T02:37:59.373+0000] {processor.py:176} INFO - Processing /home/airflow/.local/lib/python3.7/site-packages/airflow/example_dags/example_trigger_target_dag.py took 0.091 seconds
[2023-09-09T02:38:29.871+0000] {processor.py:154} INFO - Started process (PID=235) to work on /home/airflow/.local/lib/python3.7/site-packages/airflow/example_dags/example_trigger_target_dag.py
[2023-09-09T02:38:29.872+0000] {processor.py:756} INFO - Processing file /home/airflow/.local/lib/python3.7/site-packages/airflow/example_dags/example_trigger_target_dag.py for tasks to queue
[2023-09-09T02:38:29.872+0000] {logging_mixin.py:120} INFO - [2023-09-09T02:38:29.872+0000] {dagbag.py:537} INFO - Filling up the DagBag from /home/airflow/.local/lib/python3.7/site-packages/airflow/example_dags/example_trigger_target_dag.py
[2023-09-09T02:38:29.889+0000] {processor.py:766} INFO - DAG(s) dict_keys(['example_trigger_target_dag']) retrieved from /home/airflow/.local/lib/python3.7/site-packages/airflow/example_dags/example_trigger_target_dag.py
[2023-09-09T02:38:29.921+0000] {logging_mixin.py:120} INFO - [2023-09-09T02:38:29.920+0000] {dag.py:2585} INFO - Sync 1 DAGs
[2023-09-09T02:38:29.939+0000] {logging_mixin.py:120} INFO - [2023-09-09T02:38:29.938+0000] {dag.py:3340} INFO - Setting next_dagrun for example_trigger_target_dag to None, run_after=None
[2023-09-09T02:38:29.957+0000] {processor.py:176} INFO - Processing /home/airflow/.local/lib/python3.7/site-packages/airflow/example_dags/example_trigger_target_dag.py took 0.089 seconds
[2023-09-09T02:39:00.688+0000] {processor.py:154} INFO - Started process (PID=309) to work on /home/airflow/.local/lib/python3.7/site-packages/airflow/example_dags/example_trigger_target_dag.py
[2023-09-09T02:39:00.689+0000] {processor.py:756} INFO - Processing file /home/airflow/.local/lib/python3.7/site-packages/airflow/example_dags/example_trigger_target_dag.py for tasks to queue
[2023-09-09T02:39:00.689+0000] {logging_mixin.py:120} INFO - [2023-09-09T02:39:00.689+0000] {dagbag.py:537} INFO - Filling up the DagBag from /home/airflow/.local/lib/python3.7/site-packages/airflow/example_dags/example_trigger_target_dag.py
[2023-09-09T02:39:00.706+0000] {processor.py:766} INFO - DAG(s) dict_keys(['example_trigger_target_dag']) retrieved from /home/airflow/.local/lib/python3.7/site-packages/airflow/example_dags/example_trigger_target_dag.py
[2023-09-09T02:39:00.738+0000] {logging_mixin.py:120} INFO - [2023-09-09T02:39:00.737+0000] {dag.py:2585} INFO - Sync 1 DAGs
[2023-09-09T02:39:00.759+0000] {logging_mixin.py:120} INFO - [2023-09-09T02:39:00.759+0000] {dag.py:3340} INFO - Setting next_dagrun for example_trigger_target_dag to None, run_after=None
[2023-09-09T02:39:00.779+0000] {processor.py:176} INFO - Processing /home/airflow/.local/lib/python3.7/site-packages/airflow/example_dags/example_trigger_target_dag.py took 0.094 seconds
[2023-09-09T02:39:30.932+0000] {processor.py:154} INFO - Started process (PID=374) to work on /home/airflow/.local/lib/python3.7/site-packages/airflow/example_dags/example_trigger_target_dag.py
[2023-09-09T02:39:30.933+0000] {processor.py:756} INFO - Processing file /home/airflow/.local/lib/python3.7/site-packages/airflow/example_dags/example_trigger_target_dag.py for tasks to queue
[2023-09-09T02:39:30.933+0000] {logging_mixin.py:120} INFO - [2023-09-09T02:39:30.933+0000] {dagbag.py:537} INFO - Filling up the DagBag from /home/airflow/.local/lib/python3.7/site-packages/airflow/example_dags/example_trigger_target_dag.py
[2023-09-09T02:39:30.949+0000] {processor.py:766} INFO - DAG(s) dict_keys(['example_trigger_target_dag']) retrieved from /home/airflow/.local/lib/python3.7/site-packages/airflow/example_dags/example_trigger_target_dag.py
[2023-09-09T02:39:30.982+0000] {logging_mixin.py:120} INFO - [2023-09-09T02:39:30.982+0000] {dag.py:2585} INFO - Sync 1 DAGs
[2023-09-09T02:39:31.002+0000] {logging_mixin.py:120} INFO - [2023-09-09T02:39:31.002+0000] {dag.py:3340} INFO - Setting next_dagrun for example_trigger_target_dag to None, run_after=None
[2023-09-09T02:39:31.022+0000] {processor.py:176} INFO - Processing /home/airflow/.local/lib/python3.7/site-packages/airflow/example_dags/example_trigger_target_dag.py took 0.093 seconds
[2023-09-09T02:40:01.968+0000] {processor.py:154} INFO - Started process (PID=448) to work on /home/airflow/.local/lib/python3.7/site-packages/airflow/example_dags/example_trigger_target_dag.py
[2023-09-09T02:40:01.968+0000] {processor.py:756} INFO - Processing file /home/airflow/.local/lib/python3.7/site-packages/airflow/example_dags/example_trigger_target_dag.py for tasks to queue
[2023-09-09T02:40:01.969+0000] {logging_mixin.py:120} INFO - [2023-09-09T02:40:01.969+0000] {dagbag.py:537} INFO - Filling up the DagBag from /home/airflow/.local/lib/python3.7/site-packages/airflow/example_dags/example_trigger_target_dag.py
[2023-09-09T02:40:01.985+0000] {processor.py:766} INFO - DAG(s) dict_keys(['example_trigger_target_dag']) retrieved from /home/airflow/.local/lib/python3.7/site-packages/airflow/example_dags/example_trigger_target_dag.py
[2023-09-09T02:40:02.016+0000] {logging_mixin.py:120} INFO - [2023-09-09T02:40:02.015+0000] {dag.py:2585} INFO - Sync 1 DAGs
[2023-09-09T02:40:02.035+0000] {logging_mixin.py:120} INFO - [2023-09-09T02:40:02.035+0000] {dag.py:3340} INFO - Setting next_dagrun for example_trigger_target_dag to None, run_after=None
[2023-09-09T02:40:02.056+0000] {processor.py:176} INFO - Processing /home/airflow/.local/lib/python3.7/site-packages/airflow/example_dags/example_trigger_target_dag.py took 0.091 seconds
[2023-09-09T02:40:32.485+0000] {processor.py:154} INFO - Started process (PID=522) to work on /home/airflow/.local/lib/python3.7/site-packages/airflow/example_dags/example_trigger_target_dag.py
[2023-09-09T02:40:32.486+0000] {processor.py:756} INFO - Processing file /home/airflow/.local/lib/python3.7/site-packages/airflow/example_dags/example_trigger_target_dag.py for tasks to queue
[2023-09-09T02:40:32.486+0000] {logging_mixin.py:120} INFO - [2023-09-09T02:40:32.486+0000] {dagbag.py:537} INFO - Filling up the DagBag from /home/airflow/.local/lib/python3.7/site-packages/airflow/example_dags/example_trigger_target_dag.py
[2023-09-09T02:40:32.502+0000] {processor.py:766} INFO - DAG(s) dict_keys(['example_trigger_target_dag']) retrieved from /home/airflow/.local/lib/python3.7/site-packages/airflow/example_dags/example_trigger_target_dag.py
[2023-09-09T02:40:32.534+0000] {logging_mixin.py:120} INFO - [2023-09-09T02:40:32.534+0000] {dag.py:2585} INFO - Sync 1 DAGs
[2023-09-09T02:40:32.555+0000] {logging_mixin.py:120} INFO - [2023-09-09T02:40:32.555+0000] {dag.py:3340} INFO - Setting next_dagrun for example_trigger_target_dag to None, run_after=None
[2023-09-09T02:40:32.573+0000] {processor.py:176} INFO - Processing /home/airflow/.local/lib/python3.7/site-packages/airflow/example_dags/example_trigger_target_dag.py took 0.091 seconds
[2023-09-09T02:41:03.100+0000] {processor.py:154} INFO - Started process (PID=596) to work on /home/airflow/.local/lib/python3.7/site-packages/airflow/example_dags/example_trigger_target_dag.py
[2023-09-09T02:41:03.102+0000] {processor.py:756} INFO - Processing file /home/airflow/.local/lib/python3.7/site-packages/airflow/example_dags/example_trigger_target_dag.py for tasks to queue
[2023-09-09T02:41:03.103+0000] {logging_mixin.py:120} INFO - [2023-09-09T02:41:03.103+0000] {dagbag.py:537} INFO - Filling up the DagBag from /home/airflow/.local/lib/python3.7/site-packages/airflow/example_dags/example_trigger_target_dag.py
[2023-09-09T02:41:03.123+0000] {processor.py:766} INFO - DAG(s) dict_keys(['example_trigger_target_dag']) retrieved from /home/airflow/.local/lib/python3.7/site-packages/airflow/example_dags/example_trigger_target_dag.py
[2023-09-09T02:41:03.157+0000] {logging_mixin.py:120} INFO - [2023-09-09T02:41:03.157+0000] {dag.py:2585} INFO - Sync 1 DAGs
[2023-09-09T02:41:03.179+0000] {logging_mixin.py:120} INFO - [2023-09-09T02:41:03.179+0000] {dag.py:3340} INFO - Setting next_dagrun for example_trigger_target_dag to None, run_after=None
[2023-09-09T02:41:03.198+0000] {processor.py:176} INFO - Processing /home/airflow/.local/lib/python3.7/site-packages/airflow/example_dags/example_trigger_target_dag.py took 0.101 seconds
[2023-09-09T02:41:33.955+0000] {processor.py:154} INFO - Started process (PID=680) to work on /home/airflow/.local/lib/python3.7/site-packages/airflow/example_dags/example_trigger_target_dag.py
[2023-09-09T02:41:33.956+0000] {processor.py:756} INFO - Processing file /home/airflow/.local/lib/python3.7/site-packages/airflow/example_dags/example_trigger_target_dag.py for tasks to queue
[2023-09-09T02:41:33.956+0000] {logging_mixin.py:120} INFO - [2023-09-09T02:41:33.956+0000] {dagbag.py:537} INFO - Filling up the DagBag from /home/airflow/.local/lib/python3.7/site-packages/airflow/example_dags/example_trigger_target_dag.py
[2023-09-09T02:41:33.973+0000] {processor.py:766} INFO - DAG(s) dict_keys(['example_trigger_target_dag']) retrieved from /home/airflow/.local/lib/python3.7/site-packages/airflow/example_dags/example_trigger_target_dag.py
[2023-09-09T02:41:34.007+0000] {logging_mixin.py:120} INFO - [2023-09-09T02:41:34.007+0000] {dag.py:2585} INFO - Sync 1 DAGs
[2023-09-09T02:41:34.031+0000] {logging_mixin.py:120} INFO - [2023-09-09T02:41:34.031+0000] {dag.py:3340} INFO - Setting next_dagrun for example_trigger_target_dag to None, run_after=None
[2023-09-09T02:41:34.051+0000] {processor.py:176} INFO - Processing /home/airflow/.local/lib/python3.7/site-packages/airflow/example_dags/example_trigger_target_dag.py took 0.099 seconds
[2023-09-09T02:42:04.224+0000] {processor.py:154} INFO - Started process (PID=745) to work on /home/airflow/.local/lib/python3.7/site-packages/airflow/example_dags/example_trigger_target_dag.py
[2023-09-09T02:42:04.225+0000] {processor.py:756} INFO - Processing file /home/airflow/.local/lib/python3.7/site-packages/airflow/example_dags/example_trigger_target_dag.py for tasks to queue
[2023-09-09T02:42:04.226+0000] {logging_mixin.py:120} INFO - [2023-09-09T02:42:04.226+0000] {dagbag.py:537} INFO - Filling up the DagBag from /home/airflow/.local/lib/python3.7/site-packages/airflow/example_dags/example_trigger_target_dag.py
[2023-09-09T02:42:04.243+0000] {processor.py:766} INFO - DAG(s) dict_keys(['example_trigger_target_dag']) retrieved from /home/airflow/.local/lib/python3.7/site-packages/airflow/example_dags/example_trigger_target_dag.py
[2023-09-09T02:42:04.275+0000] {logging_mixin.py:120} INFO - [2023-09-09T02:42:04.275+0000] {dag.py:2585} INFO - Sync 1 DAGs
[2023-09-09T02:42:04.294+0000] {logging_mixin.py:120} INFO - [2023-09-09T02:42:04.294+0000] {dag.py:3340} INFO - Setting next_dagrun for example_trigger_target_dag to None, run_after=None
[2023-09-09T02:42:04.312+0000] {processor.py:176} INFO - Processing /home/airflow/.local/lib/python3.7/site-packages/airflow/example_dags/example_trigger_target_dag.py took 0.091 seconds
[2023-09-09T02:42:34.935+0000] {processor.py:154} INFO - Started process (PID=823) to work on /home/airflow/.local/lib/python3.7/site-packages/airflow/example_dags/example_trigger_target_dag.py
[2023-09-09T02:42:34.936+0000] {processor.py:756} INFO - Processing file /home/airflow/.local/lib/python3.7/site-packages/airflow/example_dags/example_trigger_target_dag.py for tasks to queue
[2023-09-09T02:42:34.937+0000] {logging_mixin.py:120} INFO - [2023-09-09T02:42:34.937+0000] {dagbag.py:537} INFO - Filling up the DagBag from /home/airflow/.local/lib/python3.7/site-packages/airflow/example_dags/example_trigger_target_dag.py
[2023-09-09T02:42:34.953+0000] {processor.py:766} INFO - DAG(s) dict_keys(['example_trigger_target_dag']) retrieved from /home/airflow/.local/lib/python3.7/site-packages/airflow/example_dags/example_trigger_target_dag.py
[2023-09-09T02:42:34.985+0000] {logging_mixin.py:120} INFO - [2023-09-09T02:42:34.985+0000] {dag.py:2585} INFO - Sync 1 DAGs
[2023-09-09T02:42:35.004+0000] {logging_mixin.py:120} INFO - [2023-09-09T02:42:35.003+0000] {dag.py:3340} INFO - Setting next_dagrun for example_trigger_target_dag to None, run_after=None
[2023-09-09T02:42:35.022+0000] {processor.py:176} INFO - Processing /home/airflow/.local/lib/python3.7/site-packages/airflow/example_dags/example_trigger_target_dag.py took 0.089 seconds
[2023-09-09T02:43:05.450+0000] {processor.py:154} INFO - Started process (PID=901) to work on /home/airflow/.local/lib/python3.7/site-packages/airflow/example_dags/example_trigger_target_dag.py
[2023-09-09T02:43:05.451+0000] {processor.py:756} INFO - Processing file /home/airflow/.local/lib/python3.7/site-packages/airflow/example_dags/example_trigger_target_dag.py for tasks to queue
[2023-09-09T02:43:05.451+0000] {logging_mixin.py:120} INFO - [2023-09-09T02:43:05.451+0000] {dagbag.py:537} INFO - Filling up the DagBag from /home/airflow/.local/lib/python3.7/site-packages/airflow/example_dags/example_trigger_target_dag.py
[2023-09-09T02:43:05.468+0000] {processor.py:766} INFO - DAG(s) dict_keys(['example_trigger_target_dag']) retrieved from /home/airflow/.local/lib/python3.7/site-packages/airflow/example_dags/example_trigger_target_dag.py
[2023-09-09T02:43:05.502+0000] {logging_mixin.py:120} INFO - [2023-09-09T02:43:05.501+0000] {dag.py:2585} INFO - Sync 1 DAGs
[2023-09-09T02:43:05.523+0000] {logging_mixin.py:120} INFO - [2023-09-09T02:43:05.523+0000] {dag.py:3340} INFO - Setting next_dagrun for example_trigger_target_dag to None, run_after=None
[2023-09-09T02:43:05.545+0000] {processor.py:176} INFO - Processing /home/airflow/.local/lib/python3.7/site-packages/airflow/example_dags/example_trigger_target_dag.py took 0.098 seconds
[2023-09-09T02:43:36.160+0000] {processor.py:154} INFO - Started process (PID=975) to work on /home/airflow/.local/lib/python3.7/site-packages/airflow/example_dags/example_trigger_target_dag.py
[2023-09-09T02:43:36.161+0000] {processor.py:756} INFO - Processing file /home/airflow/.local/lib/python3.7/site-packages/airflow/example_dags/example_trigger_target_dag.py for tasks to queue
[2023-09-09T02:43:36.162+0000] {logging_mixin.py:120} INFO - [2023-09-09T02:43:36.162+0000] {dagbag.py:537} INFO - Filling up the DagBag from /home/airflow/.local/lib/python3.7/site-packages/airflow/example_dags/example_trigger_target_dag.py
[2023-09-09T02:43:36.181+0000] {processor.py:766} INFO - DAG(s) dict_keys(['example_trigger_target_dag']) retrieved from /home/airflow/.local/lib/python3.7/site-packages/airflow/example_dags/example_trigger_target_dag.py
[2023-09-09T02:43:36.221+0000] {logging_mixin.py:120} INFO - [2023-09-09T02:43:36.221+0000] {dag.py:2585} INFO - Sync 1 DAGs
[2023-09-09T02:43:36.244+0000] {logging_mixin.py:120} INFO - [2023-09-09T02:43:36.244+0000] {dag.py:3340} INFO - Setting next_dagrun for example_trigger_target_dag to None, run_after=None
[2023-09-09T02:43:36.271+0000] {processor.py:176} INFO - Processing /home/airflow/.local/lib/python3.7/site-packages/airflow/example_dags/example_trigger_target_dag.py took 0.114 seconds
[2023-09-09T02:44:07.294+0000] {processor.py:154} INFO - Started process (PID=1040) to work on /home/airflow/.local/lib/python3.7/site-packages/airflow/example_dags/example_trigger_target_dag.py
[2023-09-09T02:44:07.296+0000] {processor.py:756} INFO - Processing file /home/airflow/.local/lib/python3.7/site-packages/airflow/example_dags/example_trigger_target_dag.py for tasks to queue
[2023-09-09T02:44:07.297+0000] {logging_mixin.py:120} INFO - [2023-09-09T02:44:07.297+0000] {dagbag.py:537} INFO - Filling up the DagBag from /home/airflow/.local/lib/python3.7/site-packages/airflow/example_dags/example_trigger_target_dag.py
[2023-09-09T02:44:07.317+0000] {processor.py:766} INFO - DAG(s) dict_keys(['example_trigger_target_dag']) retrieved from /home/airflow/.local/lib/python3.7/site-packages/airflow/example_dags/example_trigger_target_dag.py
[2023-09-09T02:44:07.352+0000] {logging_mixin.py:120} INFO - [2023-09-09T02:44:07.351+0000] {dag.py:2585} INFO - Sync 1 DAGs
[2023-09-09T02:44:07.374+0000] {logging_mixin.py:120} INFO - [2023-09-09T02:44:07.373+0000] {dag.py:3340} INFO - Setting next_dagrun for example_trigger_target_dag to None, run_after=None
[2023-09-09T02:44:07.393+0000] {processor.py:176} INFO - Processing /home/airflow/.local/lib/python3.7/site-packages/airflow/example_dags/example_trigger_target_dag.py took 0.103 seconds
[2023-09-09T02:44:37.771+0000] {processor.py:154} INFO - Started process (PID=1116) to work on /home/airflow/.local/lib/python3.7/site-packages/airflow/example_dags/example_trigger_target_dag.py
[2023-09-09T02:44:37.772+0000] {processor.py:756} INFO - Processing file /home/airflow/.local/lib/python3.7/site-packages/airflow/example_dags/example_trigger_target_dag.py for tasks to queue
[2023-09-09T02:44:37.773+0000] {logging_mixin.py:120} INFO - [2023-09-09T02:44:37.773+0000] {dagbag.py:537} INFO - Filling up the DagBag from /home/airflow/.local/lib/python3.7/site-packages/airflow/example_dags/example_trigger_target_dag.py
[2023-09-09T02:44:37.791+0000] {processor.py:766} INFO - DAG(s) dict_keys(['example_trigger_target_dag']) retrieved from /home/airflow/.local/lib/python3.7/site-packages/airflow/example_dags/example_trigger_target_dag.py
[2023-09-09T02:44:37.828+0000] {logging_mixin.py:120} INFO - [2023-09-09T02:44:37.827+0000] {dag.py:2585} INFO - Sync 1 DAGs
[2023-09-09T02:44:37.849+0000] {logging_mixin.py:120} INFO - [2023-09-09T02:44:37.849+0000] {dag.py:3340} INFO - Setting next_dagrun for example_trigger_target_dag to None, run_after=None
[2023-09-09T02:44:37.877+0000] {processor.py:176} INFO - Processing /home/airflow/.local/lib/python3.7/site-packages/airflow/example_dags/example_trigger_target_dag.py took 0.108 seconds
[2023-09-09T02:45:08.174+0000] {processor.py:154} INFO - Started process (PID=1189) to work on /home/airflow/.local/lib/python3.7/site-packages/airflow/example_dags/example_trigger_target_dag.py
[2023-09-09T02:45:08.175+0000] {processor.py:756} INFO - Processing file /home/airflow/.local/lib/python3.7/site-packages/airflow/example_dags/example_trigger_target_dag.py for tasks to queue
[2023-09-09T02:45:08.176+0000] {logging_mixin.py:120} INFO - [2023-09-09T02:45:08.175+0000] {dagbag.py:537} INFO - Filling up the DagBag from /home/airflow/.local/lib/python3.7/site-packages/airflow/example_dags/example_trigger_target_dag.py
[2023-09-09T02:45:08.193+0000] {processor.py:766} INFO - DAG(s) dict_keys(['example_trigger_target_dag']) retrieved from /home/airflow/.local/lib/python3.7/site-packages/airflow/example_dags/example_trigger_target_dag.py
[2023-09-09T02:45:08.223+0000] {logging_mixin.py:120} INFO - [2023-09-09T02:45:08.223+0000] {dag.py:2585} INFO - Sync 1 DAGs
[2023-09-09T02:45:08.241+0000] {logging_mixin.py:120} INFO - [2023-09-09T02:45:08.241+0000] {dag.py:3340} INFO - Setting next_dagrun for example_trigger_target_dag to None, run_after=None
[2023-09-09T02:45:08.260+0000] {processor.py:176} INFO - Processing /home/airflow/.local/lib/python3.7/site-packages/airflow/example_dags/example_trigger_target_dag.py took 0.089 seconds
