[2023-09-09T02:37:26.491+0000] {processor.py:154} INFO - Started process (PID=56) to work on /home/airflow/.local/lib/python3.7/site-packages/airflow/example_dags/example_short_circuit_operator.py
[2023-09-09T02:37:26.492+0000] {processor.py:756} INFO - Processing file /home/airflow/.local/lib/python3.7/site-packages/airflow/example_dags/example_short_circuit_operator.py for tasks to queue
[2023-09-09T02:37:26.493+0000] {logging_mixin.py:120} INFO - [2023-09-09T02:37:26.493+0000] {dagbag.py:537} INFO - Filling up the DagBag from /home/airflow/.local/lib/python3.7/site-packages/airflow/example_dags/example_short_circuit_operator.py
[2023-09-09T02:37:26.507+0000] {processor.py:766} INFO - DAG(s) dict_keys(['example_short_circuit_operator']) retrieved from /home/airflow/.local/lib/python3.7/site-packages/airflow/example_dags/example_short_circuit_operator.py
[2023-09-09T02:37:26.544+0000] {logging_mixin.py:120} INFO - [2023-09-09T02:37:26.544+0000] {dag.py:2585} INFO - Sync 1 DAGs
[2023-09-09T02:37:26.565+0000] {logging_mixin.py:120} INFO - [2023-09-09T02:37:26.565+0000] {dag.py:3340} INFO - Setting next_dagrun for example_short_circuit_operator to 2023-09-08T02:37:26.565264+00:00, run_after=2023-09-09T02:37:26.565264+00:00
[2023-09-09T02:37:26.584+0000] {processor.py:176} INFO - Processing /home/airflow/.local/lib/python3.7/site-packages/airflow/example_dags/example_short_circuit_operator.py took 0.096 seconds
[2023-09-09T02:37:57.441+0000] {processor.py:154} INFO - Started process (PID=131) to work on /home/airflow/.local/lib/python3.7/site-packages/airflow/example_dags/example_short_circuit_operator.py
[2023-09-09T02:37:57.442+0000] {processor.py:756} INFO - Processing file /home/airflow/.local/lib/python3.7/site-packages/airflow/example_dags/example_short_circuit_operator.py for tasks to queue
[2023-09-09T02:37:57.443+0000] {logging_mixin.py:120} INFO - [2023-09-09T02:37:57.443+0000] {dagbag.py:537} INFO - Filling up the DagBag from /home/airflow/.local/lib/python3.7/site-packages/airflow/example_dags/example_short_circuit_operator.py
[2023-09-09T02:37:57.458+0000] {processor.py:766} INFO - DAG(s) dict_keys(['example_short_circuit_operator']) retrieved from /home/airflow/.local/lib/python3.7/site-packages/airflow/example_dags/example_short_circuit_operator.py
[2023-09-09T02:37:57.491+0000] {logging_mixin.py:120} INFO - [2023-09-09T02:37:57.490+0000] {dag.py:2585} INFO - Sync 1 DAGs
[2023-09-09T02:37:57.512+0000] {logging_mixin.py:120} INFO - [2023-09-09T02:37:57.512+0000] {dag.py:3340} INFO - Setting next_dagrun for example_short_circuit_operator to 2023-09-08T02:37:57.511837+00:00, run_after=2023-09-09T02:37:57.511837+00:00
[2023-09-09T02:37:57.529+0000] {processor.py:176} INFO - Processing /home/airflow/.local/lib/python3.7/site-packages/airflow/example_dags/example_short_circuit_operator.py took 0.090 seconds
[2023-09-09T02:38:27.633+0000] {processor.py:154} INFO - Started process (PID=204) to work on /home/airflow/.local/lib/python3.7/site-packages/airflow/example_dags/example_short_circuit_operator.py
[2023-09-09T02:38:27.634+0000] {processor.py:756} INFO - Processing file /home/airflow/.local/lib/python3.7/site-packages/airflow/example_dags/example_short_circuit_operator.py for tasks to queue
[2023-09-09T02:38:27.635+0000] {logging_mixin.py:120} INFO - [2023-09-09T02:38:27.635+0000] {dagbag.py:537} INFO - Filling up the DagBag from /home/airflow/.local/lib/python3.7/site-packages/airflow/example_dags/example_short_circuit_operator.py
[2023-09-09T02:38:27.647+0000] {processor.py:766} INFO - DAG(s) dict_keys(['example_short_circuit_operator']) retrieved from /home/airflow/.local/lib/python3.7/site-packages/airflow/example_dags/example_short_circuit_operator.py
[2023-09-09T02:38:27.682+0000] {logging_mixin.py:120} INFO - [2023-09-09T02:38:27.682+0000] {dag.py:2585} INFO - Sync 1 DAGs
[2023-09-09T02:38:27.702+0000] {logging_mixin.py:120} INFO - [2023-09-09T02:38:27.702+0000] {dag.py:3340} INFO - Setting next_dagrun for example_short_circuit_operator to 2023-09-08T02:38:27.702492+00:00, run_after=2023-09-09T02:38:27.702492+00:00
[2023-09-09T02:38:27.724+0000] {processor.py:176} INFO - Processing /home/airflow/.local/lib/python3.7/site-packages/airflow/example_dags/example_short_circuit_operator.py took 0.093 seconds
[2023-09-09T02:38:58.100+0000] {processor.py:154} INFO - Started process (PID=269) to work on /home/airflow/.local/lib/python3.7/site-packages/airflow/example_dags/example_short_circuit_operator.py
[2023-09-09T02:38:58.100+0000] {processor.py:756} INFO - Processing file /home/airflow/.local/lib/python3.7/site-packages/airflow/example_dags/example_short_circuit_operator.py for tasks to queue
[2023-09-09T02:38:58.101+0000] {logging_mixin.py:120} INFO - [2023-09-09T02:38:58.101+0000] {dagbag.py:537} INFO - Filling up the DagBag from /home/airflow/.local/lib/python3.7/site-packages/airflow/example_dags/example_short_circuit_operator.py
[2023-09-09T02:38:58.113+0000] {processor.py:766} INFO - DAG(s) dict_keys(['example_short_circuit_operator']) retrieved from /home/airflow/.local/lib/python3.7/site-packages/airflow/example_dags/example_short_circuit_operator.py
[2023-09-09T02:38:58.146+0000] {logging_mixin.py:120} INFO - [2023-09-09T02:38:58.146+0000] {dag.py:2585} INFO - Sync 1 DAGs
[2023-09-09T02:38:58.165+0000] {logging_mixin.py:120} INFO - [2023-09-09T02:38:58.165+0000] {dag.py:3340} INFO - Setting next_dagrun for example_short_circuit_operator to 2023-09-08T02:38:58.165636+00:00, run_after=2023-09-09T02:38:58.165636+00:00
[2023-09-09T02:38:58.184+0000] {processor.py:176} INFO - Processing /home/airflow/.local/lib/python3.7/site-packages/airflow/example_dags/example_short_circuit_operator.py took 0.087 seconds
[2023-09-09T02:39:28.792+0000] {processor.py:154} INFO - Started process (PID=343) to work on /home/airflow/.local/lib/python3.7/site-packages/airflow/example_dags/example_short_circuit_operator.py
[2023-09-09T02:39:28.793+0000] {processor.py:756} INFO - Processing file /home/airflow/.local/lib/python3.7/site-packages/airflow/example_dags/example_short_circuit_operator.py for tasks to queue
[2023-09-09T02:39:28.794+0000] {logging_mixin.py:120} INFO - [2023-09-09T02:39:28.794+0000] {dagbag.py:537} INFO - Filling up the DagBag from /home/airflow/.local/lib/python3.7/site-packages/airflow/example_dags/example_short_circuit_operator.py
[2023-09-09T02:39:28.807+0000] {processor.py:766} INFO - DAG(s) dict_keys(['example_short_circuit_operator']) retrieved from /home/airflow/.local/lib/python3.7/site-packages/airflow/example_dags/example_short_circuit_operator.py
[2023-09-09T02:39:28.840+0000] {logging_mixin.py:120} INFO - [2023-09-09T02:39:28.840+0000] {dag.py:2585} INFO - Sync 1 DAGs
[2023-09-09T02:39:28.860+0000] {logging_mixin.py:120} INFO - [2023-09-09T02:39:28.860+0000] {dag.py:3340} INFO - Setting next_dagrun for example_short_circuit_operator to 2023-09-08T02:39:28.860571+00:00, run_after=2023-09-09T02:39:28.860571+00:00
[2023-09-09T02:39:28.880+0000] {processor.py:176} INFO - Processing /home/airflow/.local/lib/python3.7/site-packages/airflow/example_dags/example_short_circuit_operator.py took 0.090 seconds
[2023-09-09T02:39:59.059+0000] {processor.py:154} INFO - Started process (PID=417) to work on /home/airflow/.local/lib/python3.7/site-packages/airflow/example_dags/example_short_circuit_operator.py
[2023-09-09T02:39:59.059+0000] {processor.py:756} INFO - Processing file /home/airflow/.local/lib/python3.7/site-packages/airflow/example_dags/example_short_circuit_operator.py for tasks to queue
[2023-09-09T02:39:59.060+0000] {logging_mixin.py:120} INFO - [2023-09-09T02:39:59.060+0000] {dagbag.py:537} INFO - Filling up the DagBag from /home/airflow/.local/lib/python3.7/site-packages/airflow/example_dags/example_short_circuit_operator.py
[2023-09-09T02:39:59.071+0000] {processor.py:766} INFO - DAG(s) dict_keys(['example_short_circuit_operator']) retrieved from /home/airflow/.local/lib/python3.7/site-packages/airflow/example_dags/example_short_circuit_operator.py
[2023-09-09T02:39:59.101+0000] {logging_mixin.py:120} INFO - [2023-09-09T02:39:59.101+0000] {dag.py:2585} INFO - Sync 1 DAGs
[2023-09-09T02:39:59.119+0000] {logging_mixin.py:120} INFO - [2023-09-09T02:39:59.119+0000] {dag.py:3340} INFO - Setting next_dagrun for example_short_circuit_operator to 2023-09-08T02:39:59.119220+00:00, run_after=2023-09-09T02:39:59.119220+00:00
[2023-09-09T02:39:59.138+0000] {processor.py:176} INFO - Processing /home/airflow/.local/lib/python3.7/site-packages/airflow/example_dags/example_short_circuit_operator.py took 0.082 seconds
[2023-09-09T02:40:29.287+0000] {processor.py:154} INFO - Started process (PID=491) to work on /home/airflow/.local/lib/python3.7/site-packages/airflow/example_dags/example_short_circuit_operator.py
[2023-09-09T02:40:29.288+0000] {processor.py:756} INFO - Processing file /home/airflow/.local/lib/python3.7/site-packages/airflow/example_dags/example_short_circuit_operator.py for tasks to queue
[2023-09-09T02:40:29.289+0000] {logging_mixin.py:120} INFO - [2023-09-09T02:40:29.289+0000] {dagbag.py:537} INFO - Filling up the DagBag from /home/airflow/.local/lib/python3.7/site-packages/airflow/example_dags/example_short_circuit_operator.py
[2023-09-09T02:40:29.306+0000] {processor.py:766} INFO - DAG(s) dict_keys(['example_short_circuit_operator']) retrieved from /home/airflow/.local/lib/python3.7/site-packages/airflow/example_dags/example_short_circuit_operator.py
[2023-09-09T02:40:29.347+0000] {logging_mixin.py:120} INFO - [2023-09-09T02:40:29.347+0000] {dag.py:2585} INFO - Sync 1 DAGs
[2023-09-09T02:40:29.371+0000] {logging_mixin.py:120} INFO - [2023-09-09T02:40:29.370+0000] {dag.py:3340} INFO - Setting next_dagrun for example_short_circuit_operator to 2023-09-08T02:40:29.370668+00:00, run_after=2023-09-09T02:40:29.370668+00:00
[2023-09-09T02:40:29.394+0000] {processor.py:176} INFO - Processing /home/airflow/.local/lib/python3.7/site-packages/airflow/example_dags/example_short_circuit_operator.py took 0.109 seconds
[2023-09-09T02:40:59.517+0000] {processor.py:154} INFO - Started process (PID=556) to work on /home/airflow/.local/lib/python3.7/site-packages/airflow/example_dags/example_short_circuit_operator.py
[2023-09-09T02:40:59.518+0000] {processor.py:756} INFO - Processing file /home/airflow/.local/lib/python3.7/site-packages/airflow/example_dags/example_short_circuit_operator.py for tasks to queue
[2023-09-09T02:40:59.518+0000] {logging_mixin.py:120} INFO - [2023-09-09T02:40:59.518+0000] {dagbag.py:537} INFO - Filling up the DagBag from /home/airflow/.local/lib/python3.7/site-packages/airflow/example_dags/example_short_circuit_operator.py
[2023-09-09T02:40:59.531+0000] {processor.py:766} INFO - DAG(s) dict_keys(['example_short_circuit_operator']) retrieved from /home/airflow/.local/lib/python3.7/site-packages/airflow/example_dags/example_short_circuit_operator.py
[2023-09-09T02:40:59.563+0000] {logging_mixin.py:120} INFO - [2023-09-09T02:40:59.562+0000] {dag.py:2585} INFO - Sync 1 DAGs
[2023-09-09T02:40:59.582+0000] {logging_mixin.py:120} INFO - [2023-09-09T02:40:59.582+0000] {dag.py:3340} INFO - Setting next_dagrun for example_short_circuit_operator to 2023-09-08T02:40:59.581861+00:00, run_after=2023-09-09T02:40:59.581861+00:00
[2023-09-09T02:40:59.599+0000] {processor.py:176} INFO - Processing /home/airflow/.local/lib/python3.7/site-packages/airflow/example_dags/example_short_circuit_operator.py took 0.084 seconds
[2023-09-09T02:41:30.413+0000] {processor.py:154} INFO - Started process (PID=639) to work on /home/airflow/.local/lib/python3.7/site-packages/airflow/example_dags/example_short_circuit_operator.py
[2023-09-09T02:41:30.414+0000] {processor.py:756} INFO - Processing file /home/airflow/.local/lib/python3.7/site-packages/airflow/example_dags/example_short_circuit_operator.py for tasks to queue
[2023-09-09T02:41:30.415+0000] {logging_mixin.py:120} INFO - [2023-09-09T02:41:30.415+0000] {dagbag.py:537} INFO - Filling up the DagBag from /home/airflow/.local/lib/python3.7/site-packages/airflow/example_dags/example_short_circuit_operator.py
[2023-09-09T02:41:30.429+0000] {processor.py:766} INFO - DAG(s) dict_keys(['example_short_circuit_operator']) retrieved from /home/airflow/.local/lib/python3.7/site-packages/airflow/example_dags/example_short_circuit_operator.py
[2023-09-09T02:41:30.462+0000] {logging_mixin.py:120} INFO - [2023-09-09T02:41:30.462+0000] {dag.py:2585} INFO - Sync 1 DAGs
[2023-09-09T02:41:30.484+0000] {logging_mixin.py:120} INFO - [2023-09-09T02:41:30.484+0000] {dag.py:3340} INFO - Setting next_dagrun for example_short_circuit_operator to 2023-09-08T02:41:30.484132+00:00, run_after=2023-09-09T02:41:30.484132+00:00
[2023-09-09T02:41:30.504+0000] {processor.py:176} INFO - Processing /home/airflow/.local/lib/python3.7/site-packages/airflow/example_dags/example_short_circuit_operator.py took 0.093 seconds
[2023-09-09T02:42:01.015+0000] {processor.py:154} INFO - Started process (PID=713) to work on /home/airflow/.local/lib/python3.7/site-packages/airflow/example_dags/example_short_circuit_operator.py
[2023-09-09T02:42:01.016+0000] {processor.py:756} INFO - Processing file /home/airflow/.local/lib/python3.7/site-packages/airflow/example_dags/example_short_circuit_operator.py for tasks to queue
[2023-09-09T02:42:01.016+0000] {logging_mixin.py:120} INFO - [2023-09-09T02:42:01.016+0000] {dagbag.py:537} INFO - Filling up the DagBag from /home/airflow/.local/lib/python3.7/site-packages/airflow/example_dags/example_short_circuit_operator.py
[2023-09-09T02:42:01.029+0000] {processor.py:766} INFO - DAG(s) dict_keys(['example_short_circuit_operator']) retrieved from /home/airflow/.local/lib/python3.7/site-packages/airflow/example_dags/example_short_circuit_operator.py
[2023-09-09T02:42:01.064+0000] {logging_mixin.py:120} INFO - [2023-09-09T02:42:01.063+0000] {dag.py:2585} INFO - Sync 1 DAGs
[2023-09-09T02:42:01.084+0000] {logging_mixin.py:120} INFO - [2023-09-09T02:42:01.084+0000] {dag.py:3340} INFO - Setting next_dagrun for example_short_circuit_operator to 2023-09-08T02:42:01.084637+00:00, run_after=2023-09-09T02:42:01.084637+00:00
[2023-09-09T02:42:01.105+0000] {processor.py:176} INFO - Processing /home/airflow/.local/lib/python3.7/site-packages/airflow/example_dags/example_short_circuit_operator.py took 0.093 seconds
[2023-09-09T02:42:31.579+0000] {processor.py:154} INFO - Started process (PID=791) to work on /home/airflow/.local/lib/python3.7/site-packages/airflow/example_dags/example_short_circuit_operator.py
[2023-09-09T02:42:31.580+0000] {processor.py:756} INFO - Processing file /home/airflow/.local/lib/python3.7/site-packages/airflow/example_dags/example_short_circuit_operator.py for tasks to queue
[2023-09-09T02:42:31.580+0000] {logging_mixin.py:120} INFO - [2023-09-09T02:42:31.580+0000] {dagbag.py:537} INFO - Filling up the DagBag from /home/airflow/.local/lib/python3.7/site-packages/airflow/example_dags/example_short_circuit_operator.py
[2023-09-09T02:42:31.596+0000] {processor.py:766} INFO - DAG(s) dict_keys(['example_short_circuit_operator']) retrieved from /home/airflow/.local/lib/python3.7/site-packages/airflow/example_dags/example_short_circuit_operator.py
[2023-09-09T02:42:31.627+0000] {logging_mixin.py:120} INFO - [2023-09-09T02:42:31.627+0000] {dag.py:2585} INFO - Sync 1 DAGs
[2023-09-09T02:42:31.644+0000] {logging_mixin.py:120} INFO - [2023-09-09T02:42:31.644+0000] {dag.py:3340} INFO - Setting next_dagrun for example_short_circuit_operator to 2023-09-08T02:42:31.644691+00:00, run_after=2023-09-09T02:42:31.644691+00:00
[2023-09-09T02:42:31.664+0000] {processor.py:176} INFO - Processing /home/airflow/.local/lib/python3.7/site-packages/airflow/example_dags/example_short_circuit_operator.py took 0.088 seconds
[2023-09-09T02:43:01.952+0000] {processor.py:154} INFO - Started process (PID=869) to work on /home/airflow/.local/lib/python3.7/site-packages/airflow/example_dags/example_short_circuit_operator.py
[2023-09-09T02:43:01.953+0000] {processor.py:756} INFO - Processing file /home/airflow/.local/lib/python3.7/site-packages/airflow/example_dags/example_short_circuit_operator.py for tasks to queue
[2023-09-09T02:43:01.954+0000] {logging_mixin.py:120} INFO - [2023-09-09T02:43:01.954+0000] {dagbag.py:537} INFO - Filling up the DagBag from /home/airflow/.local/lib/python3.7/site-packages/airflow/example_dags/example_short_circuit_operator.py
[2023-09-09T02:43:01.969+0000] {processor.py:766} INFO - DAG(s) dict_keys(['example_short_circuit_operator']) retrieved from /home/airflow/.local/lib/python3.7/site-packages/airflow/example_dags/example_short_circuit_operator.py
[2023-09-09T02:43:02.007+0000] {logging_mixin.py:120} INFO - [2023-09-09T02:43:02.006+0000] {dag.py:2585} INFO - Sync 1 DAGs
[2023-09-09T02:43:02.028+0000] {logging_mixin.py:120} INFO - [2023-09-09T02:43:02.028+0000] {dag.py:3340} INFO - Setting next_dagrun for example_short_circuit_operator to 2023-09-08T02:43:02.028475+00:00, run_after=2023-09-09T02:43:02.028475+00:00
[2023-09-09T02:43:02.050+0000] {processor.py:176} INFO - Processing /home/airflow/.local/lib/python3.7/site-packages/airflow/example_dags/example_short_circuit_operator.py took 0.101 seconds
[2023-09-09T02:43:32.533+0000] {processor.py:154} INFO - Started process (PID=934) to work on /home/airflow/.local/lib/python3.7/site-packages/airflow/example_dags/example_short_circuit_operator.py
[2023-09-09T02:43:32.533+0000] {processor.py:756} INFO - Processing file /home/airflow/.local/lib/python3.7/site-packages/airflow/example_dags/example_short_circuit_operator.py for tasks to queue
[2023-09-09T02:43:32.534+0000] {logging_mixin.py:120} INFO - [2023-09-09T02:43:32.534+0000] {dagbag.py:537} INFO - Filling up the DagBag from /home/airflow/.local/lib/python3.7/site-packages/airflow/example_dags/example_short_circuit_operator.py
[2023-09-09T02:43:32.547+0000] {processor.py:766} INFO - DAG(s) dict_keys(['example_short_circuit_operator']) retrieved from /home/airflow/.local/lib/python3.7/site-packages/airflow/example_dags/example_short_circuit_operator.py
[2023-09-09T02:43:32.578+0000] {logging_mixin.py:120} INFO - [2023-09-09T02:43:32.578+0000] {dag.py:2585} INFO - Sync 1 DAGs
[2023-09-09T02:43:32.599+0000] {logging_mixin.py:120} INFO - [2023-09-09T02:43:32.599+0000] {dag.py:3340} INFO - Setting next_dagrun for example_short_circuit_operator to 2023-09-08T02:43:32.599391+00:00, run_after=2023-09-09T02:43:32.599391+00:00
[2023-09-09T02:43:32.619+0000] {processor.py:176} INFO - Processing /home/airflow/.local/lib/python3.7/site-packages/airflow/example_dags/example_short_circuit_operator.py took 0.089 seconds
[2023-09-09T02:44:02.742+0000] {processor.py:154} INFO - Started process (PID=1009) to work on /home/airflow/.local/lib/python3.7/site-packages/airflow/example_dags/example_short_circuit_operator.py
[2023-09-09T02:44:02.744+0000] {processor.py:756} INFO - Processing file /home/airflow/.local/lib/python3.7/site-packages/airflow/example_dags/example_short_circuit_operator.py for tasks to queue
[2023-09-09T02:44:02.745+0000] {logging_mixin.py:120} INFO - [2023-09-09T02:44:02.745+0000] {dagbag.py:537} INFO - Filling up the DagBag from /home/airflow/.local/lib/python3.7/site-packages/airflow/example_dags/example_short_circuit_operator.py
[2023-09-09T02:44:02.759+0000] {processor.py:766} INFO - DAG(s) dict_keys(['example_short_circuit_operator']) retrieved from /home/airflow/.local/lib/python3.7/site-packages/airflow/example_dags/example_short_circuit_operator.py
[2023-09-09T02:44:02.797+0000] {logging_mixin.py:120} INFO - [2023-09-09T02:44:02.796+0000] {dag.py:2585} INFO - Sync 1 DAGs
[2023-09-09T02:44:02.821+0000] {logging_mixin.py:120} INFO - [2023-09-09T02:44:02.820+0000] {dag.py:3340} INFO - Setting next_dagrun for example_short_circuit_operator to 2023-09-08T02:44:02.820675+00:00, run_after=2023-09-09T02:44:02.820675+00:00
[2023-09-09T02:44:02.841+0000] {processor.py:176} INFO - Processing /home/airflow/.local/lib/python3.7/site-packages/airflow/example_dags/example_short_circuit_operator.py took 0.103 seconds
[2023-09-09T02:44:32.917+0000] {processor.py:154} INFO - Started process (PID=1084) to work on /home/airflow/.local/lib/python3.7/site-packages/airflow/example_dags/example_short_circuit_operator.py
[2023-09-09T02:44:32.918+0000] {processor.py:756} INFO - Processing file /home/airflow/.local/lib/python3.7/site-packages/airflow/example_dags/example_short_circuit_operator.py for tasks to queue
[2023-09-09T02:44:32.919+0000] {logging_mixin.py:120} INFO - [2023-09-09T02:44:32.919+0000] {dagbag.py:537} INFO - Filling up the DagBag from /home/airflow/.local/lib/python3.7/site-packages/airflow/example_dags/example_short_circuit_operator.py
[2023-09-09T02:44:32.934+0000] {processor.py:766} INFO - DAG(s) dict_keys(['example_short_circuit_operator']) retrieved from /home/airflow/.local/lib/python3.7/site-packages/airflow/example_dags/example_short_circuit_operator.py
[2023-09-09T02:44:32.975+0000] {logging_mixin.py:120} INFO - [2023-09-09T02:44:32.974+0000] {dag.py:2585} INFO - Sync 1 DAGs
[2023-09-09T02:44:33.000+0000] {logging_mixin.py:120} INFO - [2023-09-09T02:44:32.999+0000] {dag.py:3340} INFO - Setting next_dagrun for example_short_circuit_operator to 2023-09-08T02:44:32.999671+00:00, run_after=2023-09-09T02:44:32.999671+00:00
[2023-09-09T02:44:33.027+0000] {processor.py:176} INFO - Processing /home/airflow/.local/lib/python3.7/site-packages/airflow/example_dags/example_short_circuit_operator.py took 0.112 seconds
[2023-09-09T02:45:03.093+0000] {processor.py:154} INFO - Started process (PID=1148) to work on /home/airflow/.local/lib/python3.7/site-packages/airflow/example_dags/example_short_circuit_operator.py
[2023-09-09T02:45:03.094+0000] {processor.py:756} INFO - Processing file /home/airflow/.local/lib/python3.7/site-packages/airflow/example_dags/example_short_circuit_operator.py for tasks to queue
[2023-09-09T02:45:03.095+0000] {logging_mixin.py:120} INFO - [2023-09-09T02:45:03.095+0000] {dagbag.py:537} INFO - Filling up the DagBag from /home/airflow/.local/lib/python3.7/site-packages/airflow/example_dags/example_short_circuit_operator.py
[2023-09-09T02:45:03.109+0000] {processor.py:766} INFO - DAG(s) dict_keys(['example_short_circuit_operator']) retrieved from /home/airflow/.local/lib/python3.7/site-packages/airflow/example_dags/example_short_circuit_operator.py
[2023-09-09T02:45:03.152+0000] {logging_mixin.py:120} INFO - [2023-09-09T02:45:03.152+0000] {dag.py:2585} INFO - Sync 1 DAGs
[2023-09-09T02:45:03.174+0000] {logging_mixin.py:120} INFO - [2023-09-09T02:45:03.173+0000] {dag.py:3340} INFO - Setting next_dagrun for example_short_circuit_operator to 2023-09-08T02:45:03.173768+00:00, run_after=2023-09-09T02:45:03.173768+00:00
[2023-09-09T02:45:03.194+0000] {processor.py:176} INFO - Processing /home/airflow/.local/lib/python3.7/site-packages/airflow/example_dags/example_short_circuit_operator.py took 0.104 seconds
