[2023-09-09T02:37:27.656+0000] {processor.py:154} INFO - Started process (PID=71) to work on /home/airflow/.local/lib/python3.7/site-packages/airflow/example_dags/example_branch_day_of_week_operator.py
[2023-09-09T02:37:27.657+0000] {processor.py:756} INFO - Processing file /home/airflow/.local/lib/python3.7/site-packages/airflow/example_dags/example_branch_day_of_week_operator.py for tasks to queue
[2023-09-09T02:37:27.657+0000] {logging_mixin.py:120} INFO - [2023-09-09T02:37:27.657+0000] {dagbag.py:537} INFO - Filling up the DagBag from /home/airflow/.local/lib/python3.7/site-packages/airflow/example_dags/example_branch_day_of_week_operator.py
[2023-09-09T02:37:27.671+0000] {processor.py:766} INFO - DAG(s) dict_keys(['example_weekday_branch_operator']) retrieved from /home/airflow/.local/lib/python3.7/site-packages/airflow/example_dags/example_branch_day_of_week_operator.py
[2023-09-09T02:37:27.706+0000] {logging_mixin.py:120} INFO - [2023-09-09T02:37:27.706+0000] {dag.py:2585} INFO - Sync 1 DAGs
[2023-09-09T02:37:27.731+0000] {logging_mixin.py:120} INFO - [2023-09-09T02:37:27.731+0000] {dag.py:3340} INFO - Setting next_dagrun for example_weekday_branch_operator to 2023-09-08T00:00:00+00:00, run_after=2023-09-09T00:00:00+00:00
[2023-09-09T02:37:27.750+0000] {processor.py:176} INFO - Processing /home/airflow/.local/lib/python3.7/site-packages/airflow/example_dags/example_branch_day_of_week_operator.py took 0.097 seconds
[2023-09-09T02:37:58.387+0000] {processor.py:154} INFO - Started process (PID=145) to work on /home/airflow/.local/lib/python3.7/site-packages/airflow/example_dags/example_branch_day_of_week_operator.py
[2023-09-09T02:37:58.388+0000] {processor.py:756} INFO - Processing file /home/airflow/.local/lib/python3.7/site-packages/airflow/example_dags/example_branch_day_of_week_operator.py for tasks to queue
[2023-09-09T02:37:58.389+0000] {logging_mixin.py:120} INFO - [2023-09-09T02:37:58.389+0000] {dagbag.py:537} INFO - Filling up the DagBag from /home/airflow/.local/lib/python3.7/site-packages/airflow/example_dags/example_branch_day_of_week_operator.py
[2023-09-09T02:37:58.401+0000] {processor.py:766} INFO - DAG(s) dict_keys(['example_weekday_branch_operator']) retrieved from /home/airflow/.local/lib/python3.7/site-packages/airflow/example_dags/example_branch_day_of_week_operator.py
[2023-09-09T02:37:58.434+0000] {logging_mixin.py:120} INFO - [2023-09-09T02:37:58.434+0000] {dag.py:2585} INFO - Sync 1 DAGs
[2023-09-09T02:37:58.456+0000] {logging_mixin.py:120} INFO - [2023-09-09T02:37:58.456+0000] {dag.py:3340} INFO - Setting next_dagrun for example_weekday_branch_operator to 2023-09-08T00:00:00+00:00, run_after=2023-09-09T00:00:00+00:00
[2023-09-09T02:37:58.474+0000] {processor.py:176} INFO - Processing /home/airflow/.local/lib/python3.7/site-packages/airflow/example_dags/example_branch_day_of_week_operator.py took 0.089 seconds
[2023-09-09T02:38:28.946+0000] {processor.py:154} INFO - Started process (PID=220) to work on /home/airflow/.local/lib/python3.7/site-packages/airflow/example_dags/example_branch_day_of_week_operator.py
[2023-09-09T02:38:28.946+0000] {processor.py:756} INFO - Processing file /home/airflow/.local/lib/python3.7/site-packages/airflow/example_dags/example_branch_day_of_week_operator.py for tasks to queue
[2023-09-09T02:38:28.947+0000] {logging_mixin.py:120} INFO - [2023-09-09T02:38:28.947+0000] {dagbag.py:537} INFO - Filling up the DagBag from /home/airflow/.local/lib/python3.7/site-packages/airflow/example_dags/example_branch_day_of_week_operator.py
[2023-09-09T02:38:28.960+0000] {processor.py:766} INFO - DAG(s) dict_keys(['example_weekday_branch_operator']) retrieved from /home/airflow/.local/lib/python3.7/site-packages/airflow/example_dags/example_branch_day_of_week_operator.py
[2023-09-09T02:38:28.994+0000] {logging_mixin.py:120} INFO - [2023-09-09T02:38:28.994+0000] {dag.py:2585} INFO - Sync 1 DAGs
[2023-09-09T02:38:29.016+0000] {logging_mixin.py:120} INFO - [2023-09-09T02:38:29.016+0000] {dag.py:3340} INFO - Setting next_dagrun for example_weekday_branch_operator to 2023-09-08T00:00:00+00:00, run_after=2023-09-09T00:00:00+00:00
[2023-09-09T02:38:29.039+0000] {processor.py:176} INFO - Processing /home/airflow/.local/lib/python3.7/site-packages/airflow/example_dags/example_branch_day_of_week_operator.py took 0.096 seconds
[2023-09-09T02:38:59.506+0000] {processor.py:154} INFO - Started process (PID=294) to work on /home/airflow/.local/lib/python3.7/site-packages/airflow/example_dags/example_branch_day_of_week_operator.py
[2023-09-09T02:38:59.507+0000] {processor.py:756} INFO - Processing file /home/airflow/.local/lib/python3.7/site-packages/airflow/example_dags/example_branch_day_of_week_operator.py for tasks to queue
[2023-09-09T02:38:59.507+0000] {logging_mixin.py:120} INFO - [2023-09-09T02:38:59.507+0000] {dagbag.py:537} INFO - Filling up the DagBag from /home/airflow/.local/lib/python3.7/site-packages/airflow/example_dags/example_branch_day_of_week_operator.py
[2023-09-09T02:38:59.520+0000] {processor.py:766} INFO - DAG(s) dict_keys(['example_weekday_branch_operator']) retrieved from /home/airflow/.local/lib/python3.7/site-packages/airflow/example_dags/example_branch_day_of_week_operator.py
[2023-09-09T02:38:59.552+0000] {logging_mixin.py:120} INFO - [2023-09-09T02:38:59.552+0000] {dag.py:2585} INFO - Sync 1 DAGs
[2023-09-09T02:38:59.573+0000] {logging_mixin.py:120} INFO - [2023-09-09T02:38:59.573+0000] {dag.py:3340} INFO - Setting next_dagrun for example_weekday_branch_operator to 2023-09-08T00:00:00+00:00, run_after=2023-09-09T00:00:00+00:00
[2023-09-09T02:38:59.592+0000] {processor.py:176} INFO - Processing /home/airflow/.local/lib/python3.7/site-packages/airflow/example_dags/example_branch_day_of_week_operator.py took 0.089 seconds
[2023-09-09T02:39:29.947+0000] {processor.py:154} INFO - Started process (PID=359) to work on /home/airflow/.local/lib/python3.7/site-packages/airflow/example_dags/example_branch_day_of_week_operator.py
[2023-09-09T02:39:29.947+0000] {processor.py:756} INFO - Processing file /home/airflow/.local/lib/python3.7/site-packages/airflow/example_dags/example_branch_day_of_week_operator.py for tasks to queue
[2023-09-09T02:39:29.948+0000] {logging_mixin.py:120} INFO - [2023-09-09T02:39:29.948+0000] {dagbag.py:537} INFO - Filling up the DagBag from /home/airflow/.local/lib/python3.7/site-packages/airflow/example_dags/example_branch_day_of_week_operator.py
[2023-09-09T02:39:29.961+0000] {processor.py:766} INFO - DAG(s) dict_keys(['example_weekday_branch_operator']) retrieved from /home/airflow/.local/lib/python3.7/site-packages/airflow/example_dags/example_branch_day_of_week_operator.py
[2023-09-09T02:39:29.993+0000] {logging_mixin.py:120} INFO - [2023-09-09T02:39:29.992+0000] {dag.py:2585} INFO - Sync 1 DAGs
[2023-09-09T02:39:30.018+0000] {logging_mixin.py:120} INFO - [2023-09-09T02:39:30.017+0000] {dag.py:3340} INFO - Setting next_dagrun for example_weekday_branch_operator to 2023-09-08T00:00:00+00:00, run_after=2023-09-09T00:00:00+00:00
[2023-09-09T02:39:30.039+0000] {processor.py:176} INFO - Processing /home/airflow/.local/lib/python3.7/site-packages/airflow/example_dags/example_branch_day_of_week_operator.py took 0.095 seconds
[2023-09-09T02:40:01.026+0000] {processor.py:154} INFO - Started process (PID=433) to work on /home/airflow/.local/lib/python3.7/site-packages/airflow/example_dags/example_branch_day_of_week_operator.py
[2023-09-09T02:40:01.027+0000] {processor.py:756} INFO - Processing file /home/airflow/.local/lib/python3.7/site-packages/airflow/example_dags/example_branch_day_of_week_operator.py for tasks to queue
[2023-09-09T02:40:01.028+0000] {logging_mixin.py:120} INFO - [2023-09-09T02:40:01.028+0000] {dagbag.py:537} INFO - Filling up the DagBag from /home/airflow/.local/lib/python3.7/site-packages/airflow/example_dags/example_branch_day_of_week_operator.py
[2023-09-09T02:40:01.041+0000] {processor.py:766} INFO - DAG(s) dict_keys(['example_weekday_branch_operator']) retrieved from /home/airflow/.local/lib/python3.7/site-packages/airflow/example_dags/example_branch_day_of_week_operator.py
[2023-09-09T02:40:01.074+0000] {logging_mixin.py:120} INFO - [2023-09-09T02:40:01.074+0000] {dag.py:2585} INFO - Sync 1 DAGs
[2023-09-09T02:40:01.095+0000] {logging_mixin.py:120} INFO - [2023-09-09T02:40:01.095+0000] {dag.py:3340} INFO - Setting next_dagrun for example_weekday_branch_operator to 2023-09-08T00:00:00+00:00, run_after=2023-09-09T00:00:00+00:00
[2023-09-09T02:40:01.112+0000] {processor.py:176} INFO - Processing /home/airflow/.local/lib/python3.7/site-packages/airflow/example_dags/example_branch_day_of_week_operator.py took 0.088 seconds
[2023-09-09T02:40:31.430+0000] {processor.py:154} INFO - Started process (PID=507) to work on /home/airflow/.local/lib/python3.7/site-packages/airflow/example_dags/example_branch_day_of_week_operator.py
[2023-09-09T02:40:31.432+0000] {processor.py:756} INFO - Processing file /home/airflow/.local/lib/python3.7/site-packages/airflow/example_dags/example_branch_day_of_week_operator.py for tasks to queue
[2023-09-09T02:40:31.432+0000] {logging_mixin.py:120} INFO - [2023-09-09T02:40:31.432+0000] {dagbag.py:537} INFO - Filling up the DagBag from /home/airflow/.local/lib/python3.7/site-packages/airflow/example_dags/example_branch_day_of_week_operator.py
[2023-09-09T02:40:31.449+0000] {processor.py:766} INFO - DAG(s) dict_keys(['example_weekday_branch_operator']) retrieved from /home/airflow/.local/lib/python3.7/site-packages/airflow/example_dags/example_branch_day_of_week_operator.py
[2023-09-09T02:40:31.486+0000] {logging_mixin.py:120} INFO - [2023-09-09T02:40:31.485+0000] {dag.py:2585} INFO - Sync 1 DAGs
[2023-09-09T02:40:31.507+0000] {logging_mixin.py:120} INFO - [2023-09-09T02:40:31.507+0000] {dag.py:3340} INFO - Setting next_dagrun for example_weekday_branch_operator to 2023-09-08T00:00:00+00:00, run_after=2023-09-09T00:00:00+00:00
[2023-09-09T02:40:31.528+0000] {processor.py:176} INFO - Processing /home/airflow/.local/lib/python3.7/site-packages/airflow/example_dags/example_branch_day_of_week_operator.py took 0.100 seconds
[2023-09-09T02:41:01.801+0000] {processor.py:154} INFO - Started process (PID=581) to work on /home/airflow/.local/lib/python3.7/site-packages/airflow/example_dags/example_branch_day_of_week_operator.py
[2023-09-09T02:41:01.802+0000] {processor.py:756} INFO - Processing file /home/airflow/.local/lib/python3.7/site-packages/airflow/example_dags/example_branch_day_of_week_operator.py for tasks to queue
[2023-09-09T02:41:01.803+0000] {logging_mixin.py:120} INFO - [2023-09-09T02:41:01.803+0000] {dagbag.py:537} INFO - Filling up the DagBag from /home/airflow/.local/lib/python3.7/site-packages/airflow/example_dags/example_branch_day_of_week_operator.py
[2023-09-09T02:41:01.816+0000] {processor.py:766} INFO - DAG(s) dict_keys(['example_weekday_branch_operator']) retrieved from /home/airflow/.local/lib/python3.7/site-packages/airflow/example_dags/example_branch_day_of_week_operator.py
[2023-09-09T02:41:01.849+0000] {logging_mixin.py:120} INFO - [2023-09-09T02:41:01.849+0000] {dag.py:2585} INFO - Sync 1 DAGs
[2023-09-09T02:41:01.872+0000] {logging_mixin.py:120} INFO - [2023-09-09T02:41:01.871+0000] {dag.py:3340} INFO - Setting next_dagrun for example_weekday_branch_operator to 2023-09-08T00:00:00+00:00, run_after=2023-09-09T00:00:00+00:00
[2023-09-09T02:41:01.893+0000] {processor.py:176} INFO - Processing /home/airflow/.local/lib/python3.7/site-packages/airflow/example_dags/example_branch_day_of_week_operator.py took 0.094 seconds
[2023-09-09T02:41:32.465+0000] {processor.py:154} INFO - Started process (PID=655) to work on /home/airflow/.local/lib/python3.7/site-packages/airflow/example_dags/example_branch_day_of_week_operator.py
[2023-09-09T02:41:32.466+0000] {processor.py:756} INFO - Processing file /home/airflow/.local/lib/python3.7/site-packages/airflow/example_dags/example_branch_day_of_week_operator.py for tasks to queue
[2023-09-09T02:41:32.467+0000] {logging_mixin.py:120} INFO - [2023-09-09T02:41:32.466+0000] {dagbag.py:537} INFO - Filling up the DagBag from /home/airflow/.local/lib/python3.7/site-packages/airflow/example_dags/example_branch_day_of_week_operator.py
[2023-09-09T02:41:32.482+0000] {processor.py:766} INFO - DAG(s) dict_keys(['example_weekday_branch_operator']) retrieved from /home/airflow/.local/lib/python3.7/site-packages/airflow/example_dags/example_branch_day_of_week_operator.py
[2023-09-09T02:41:32.519+0000] {logging_mixin.py:120} INFO - [2023-09-09T02:41:32.519+0000] {dag.py:2585} INFO - Sync 1 DAGs
[2023-09-09T02:41:32.543+0000] {logging_mixin.py:120} INFO - [2023-09-09T02:41:32.543+0000] {dag.py:3340} INFO - Setting next_dagrun for example_weekday_branch_operator to 2023-09-08T00:00:00+00:00, run_after=2023-09-09T00:00:00+00:00
[2023-09-09T02:41:32.565+0000] {processor.py:176} INFO - Processing /home/airflow/.local/lib/python3.7/site-packages/airflow/example_dags/example_branch_day_of_week_operator.py took 0.103 seconds
[2023-09-09T02:42:02.810+0000] {processor.py:154} INFO - Started process (PID=727) to work on /home/airflow/.local/lib/python3.7/site-packages/airflow/example_dags/example_branch_day_of_week_operator.py
[2023-09-09T02:42:02.811+0000] {processor.py:756} INFO - Processing file /home/airflow/.local/lib/python3.7/site-packages/airflow/example_dags/example_branch_day_of_week_operator.py for tasks to queue
[2023-09-09T02:42:02.812+0000] {logging_mixin.py:120} INFO - [2023-09-09T02:42:02.812+0000] {dagbag.py:537} INFO - Filling up the DagBag from /home/airflow/.local/lib/python3.7/site-packages/airflow/example_dags/example_branch_day_of_week_operator.py
[2023-09-09T02:42:02.824+0000] {processor.py:766} INFO - DAG(s) dict_keys(['example_weekday_branch_operator']) retrieved from /home/airflow/.local/lib/python3.7/site-packages/airflow/example_dags/example_branch_day_of_week_operator.py
[2023-09-09T02:42:02.857+0000] {logging_mixin.py:120} INFO - [2023-09-09T02:42:02.857+0000] {dag.py:2585} INFO - Sync 1 DAGs
[2023-09-09T02:42:02.883+0000] {logging_mixin.py:120} INFO - [2023-09-09T02:42:02.883+0000] {dag.py:3340} INFO - Setting next_dagrun for example_weekday_branch_operator to 2023-09-08T00:00:00+00:00, run_after=2023-09-09T00:00:00+00:00
[2023-09-09T02:42:02.903+0000] {processor.py:176} INFO - Processing /home/airflow/.local/lib/python3.7/site-packages/airflow/example_dags/example_branch_day_of_week_operator.py took 0.095 seconds
[2023-09-09T02:42:33.590+0000] {processor.py:154} INFO - Started process (PID=807) to work on /home/airflow/.local/lib/python3.7/site-packages/airflow/example_dags/example_branch_day_of_week_operator.py
[2023-09-09T02:42:33.591+0000] {processor.py:756} INFO - Processing file /home/airflow/.local/lib/python3.7/site-packages/airflow/example_dags/example_branch_day_of_week_operator.py for tasks to queue
[2023-09-09T02:42:33.592+0000] {logging_mixin.py:120} INFO - [2023-09-09T02:42:33.592+0000] {dagbag.py:537} INFO - Filling up the DagBag from /home/airflow/.local/lib/python3.7/site-packages/airflow/example_dags/example_branch_day_of_week_operator.py
[2023-09-09T02:42:33.605+0000] {processor.py:766} INFO - DAG(s) dict_keys(['example_weekday_branch_operator']) retrieved from /home/airflow/.local/lib/python3.7/site-packages/airflow/example_dags/example_branch_day_of_week_operator.py
[2023-09-09T02:42:33.639+0000] {logging_mixin.py:120} INFO - [2023-09-09T02:42:33.639+0000] {dag.py:2585} INFO - Sync 1 DAGs
[2023-09-09T02:42:33.663+0000] {logging_mixin.py:120} INFO - [2023-09-09T02:42:33.662+0000] {dag.py:3340} INFO - Setting next_dagrun for example_weekday_branch_operator to 2023-09-08T00:00:00+00:00, run_after=2023-09-09T00:00:00+00:00
[2023-09-09T02:42:33.684+0000] {processor.py:176} INFO - Processing /home/airflow/.local/lib/python3.7/site-packages/airflow/example_dags/example_branch_day_of_week_operator.py took 0.096 seconds
[2023-09-09T02:43:04.041+0000] {processor.py:154} INFO - Started process (PID=885) to work on /home/airflow/.local/lib/python3.7/site-packages/airflow/example_dags/example_branch_day_of_week_operator.py
[2023-09-09T02:43:04.041+0000] {processor.py:756} INFO - Processing file /home/airflow/.local/lib/python3.7/site-packages/airflow/example_dags/example_branch_day_of_week_operator.py for tasks to queue
[2023-09-09T02:43:04.042+0000] {logging_mixin.py:120} INFO - [2023-09-09T02:43:04.042+0000] {dagbag.py:537} INFO - Filling up the DagBag from /home/airflow/.local/lib/python3.7/site-packages/airflow/example_dags/example_branch_day_of_week_operator.py
[2023-09-09T02:43:04.058+0000] {processor.py:766} INFO - DAG(s) dict_keys(['example_weekday_branch_operator']) retrieved from /home/airflow/.local/lib/python3.7/site-packages/airflow/example_dags/example_branch_day_of_week_operator.py
[2023-09-09T02:43:04.089+0000] {logging_mixin.py:120} INFO - [2023-09-09T02:43:04.089+0000] {dag.py:2585} INFO - Sync 1 DAGs
[2023-09-09T02:43:04.108+0000] {logging_mixin.py:120} INFO - [2023-09-09T02:43:04.108+0000] {dag.py:3340} INFO - Setting next_dagrun for example_weekday_branch_operator to 2023-09-08T00:00:00+00:00, run_after=2023-09-09T00:00:00+00:00
[2023-09-09T02:43:04.130+0000] {processor.py:176} INFO - Processing /home/airflow/.local/lib/python3.7/site-packages/airflow/example_dags/example_branch_day_of_week_operator.py took 0.092 seconds
[2023-09-09T02:43:34.541+0000] {processor.py:154} INFO - Started process (PID=949) to work on /home/airflow/.local/lib/python3.7/site-packages/airflow/example_dags/example_branch_day_of_week_operator.py
[2023-09-09T02:43:34.542+0000] {processor.py:756} INFO - Processing file /home/airflow/.local/lib/python3.7/site-packages/airflow/example_dags/example_branch_day_of_week_operator.py for tasks to queue
[2023-09-09T02:43:34.542+0000] {logging_mixin.py:120} INFO - [2023-09-09T02:43:34.542+0000] {dagbag.py:537} INFO - Filling up the DagBag from /home/airflow/.local/lib/python3.7/site-packages/airflow/example_dags/example_branch_day_of_week_operator.py
[2023-09-09T02:43:34.555+0000] {processor.py:766} INFO - DAG(s) dict_keys(['example_weekday_branch_operator']) retrieved from /home/airflow/.local/lib/python3.7/site-packages/airflow/example_dags/example_branch_day_of_week_operator.py
[2023-09-09T02:43:34.588+0000] {logging_mixin.py:120} INFO - [2023-09-09T02:43:34.588+0000] {dag.py:2585} INFO - Sync 1 DAGs
[2023-09-09T02:43:34.610+0000] {logging_mixin.py:120} INFO - [2023-09-09T02:43:34.610+0000] {dag.py:3340} INFO - Setting next_dagrun for example_weekday_branch_operator to 2023-09-08T00:00:00+00:00, run_after=2023-09-09T00:00:00+00:00
[2023-09-09T02:43:34.631+0000] {processor.py:176} INFO - Processing /home/airflow/.local/lib/python3.7/site-packages/airflow/example_dags/example_branch_day_of_week_operator.py took 0.093 seconds
[2023-09-09T02:44:04.835+0000] {processor.py:154} INFO - Started process (PID=1023) to work on /home/airflow/.local/lib/python3.7/site-packages/airflow/example_dags/example_branch_day_of_week_operator.py
[2023-09-09T02:44:04.836+0000] {processor.py:756} INFO - Processing file /home/airflow/.local/lib/python3.7/site-packages/airflow/example_dags/example_branch_day_of_week_operator.py for tasks to queue
[2023-09-09T02:44:04.837+0000] {logging_mixin.py:120} INFO - [2023-09-09T02:44:04.837+0000] {dagbag.py:537} INFO - Filling up the DagBag from /home/airflow/.local/lib/python3.7/site-packages/airflow/example_dags/example_branch_day_of_week_operator.py
[2023-09-09T02:44:04.852+0000] {processor.py:766} INFO - DAG(s) dict_keys(['example_weekday_branch_operator']) retrieved from /home/airflow/.local/lib/python3.7/site-packages/airflow/example_dags/example_branch_day_of_week_operator.py
[2023-09-09T02:44:04.892+0000] {logging_mixin.py:120} INFO - [2023-09-09T02:44:04.892+0000] {dag.py:2585} INFO - Sync 1 DAGs
[2023-09-09T02:44:04.918+0000] {logging_mixin.py:120} INFO - [2023-09-09T02:44:04.918+0000] {dag.py:3340} INFO - Setting next_dagrun for example_weekday_branch_operator to 2023-09-08T00:00:00+00:00, run_after=2023-09-09T00:00:00+00:00
[2023-09-09T02:44:04.941+0000] {processor.py:176} INFO - Processing /home/airflow/.local/lib/python3.7/site-packages/airflow/example_dags/example_branch_day_of_week_operator.py took 0.110 seconds
[2023-09-09T02:44:35.045+0000] {processor.py:154} INFO - Started process (PID=1098) to work on /home/airflow/.local/lib/python3.7/site-packages/airflow/example_dags/example_branch_day_of_week_operator.py
[2023-09-09T02:44:35.046+0000] {processor.py:756} INFO - Processing file /home/airflow/.local/lib/python3.7/site-packages/airflow/example_dags/example_branch_day_of_week_operator.py for tasks to queue
[2023-09-09T02:44:35.047+0000] {logging_mixin.py:120} INFO - [2023-09-09T02:44:35.046+0000] {dagbag.py:537} INFO - Filling up the DagBag from /home/airflow/.local/lib/python3.7/site-packages/airflow/example_dags/example_branch_day_of_week_operator.py
[2023-09-09T02:44:35.059+0000] {processor.py:766} INFO - DAG(s) dict_keys(['example_weekday_branch_operator']) retrieved from /home/airflow/.local/lib/python3.7/site-packages/airflow/example_dags/example_branch_day_of_week_operator.py
[2023-09-09T02:44:35.090+0000] {logging_mixin.py:120} INFO - [2023-09-09T02:44:35.090+0000] {dag.py:2585} INFO - Sync 1 DAGs
[2023-09-09T02:44:35.109+0000] {logging_mixin.py:120} INFO - [2023-09-09T02:44:35.109+0000] {dag.py:3340} INFO - Setting next_dagrun for example_weekday_branch_operator to 2023-09-08T00:00:00+00:00, run_after=2023-09-09T00:00:00+00:00
[2023-09-09T02:44:35.128+0000] {processor.py:176} INFO - Processing /home/airflow/.local/lib/python3.7/site-packages/airflow/example_dags/example_branch_day_of_week_operator.py took 0.085 seconds
[2023-09-09T02:45:05.724+0000] {processor.py:154} INFO - Started process (PID=1171) to work on /home/airflow/.local/lib/python3.7/site-packages/airflow/example_dags/example_branch_day_of_week_operator.py
[2023-09-09T02:45:05.725+0000] {processor.py:756} INFO - Processing file /home/airflow/.local/lib/python3.7/site-packages/airflow/example_dags/example_branch_day_of_week_operator.py for tasks to queue
[2023-09-09T02:45:05.726+0000] {logging_mixin.py:120} INFO - [2023-09-09T02:45:05.726+0000] {dagbag.py:537} INFO - Filling up the DagBag from /home/airflow/.local/lib/python3.7/site-packages/airflow/example_dags/example_branch_day_of_week_operator.py
[2023-09-09T02:45:05.742+0000] {processor.py:766} INFO - DAG(s) dict_keys(['example_weekday_branch_operator']) retrieved from /home/airflow/.local/lib/python3.7/site-packages/airflow/example_dags/example_branch_day_of_week_operator.py
[2023-09-09T02:45:05.783+0000] {logging_mixin.py:120} INFO - [2023-09-09T02:45:05.783+0000] {dag.py:2585} INFO - Sync 1 DAGs
[2023-09-09T02:45:05.814+0000] {logging_mixin.py:120} INFO - [2023-09-09T02:45:05.814+0000] {dag.py:3340} INFO - Setting next_dagrun for example_weekday_branch_operator to 2023-09-08T00:00:00+00:00, run_after=2023-09-09T00:00:00+00:00
[2023-09-09T02:45:05.839+0000] {processor.py:176} INFO - Processing /home/airflow/.local/lib/python3.7/site-packages/airflow/example_dags/example_branch_day_of_week_operator.py took 0.119 seconds
