[2023-09-09T02:37:27.139+0000] {processor.py:154} INFO - Started process (PID=63) to work on /home/airflow/.local/lib/python3.7/site-packages/airflow/example_dags/example_dag_decorator.py
[2023-09-09T02:37:27.140+0000] {processor.py:756} INFO - Processing file /home/airflow/.local/lib/python3.7/site-packages/airflow/example_dags/example_dag_decorator.py for tasks to queue
[2023-09-09T02:37:27.141+0000] {logging_mixin.py:120} INFO - [2023-09-09T02:37:27.141+0000] {dagbag.py:537} INFO - Filling up the DagBag from /home/airflow/.local/lib/python3.7/site-packages/airflow/example_dags/example_dag_decorator.py
[2023-09-09T02:37:27.155+0000] {logging_mixin.py:120} INFO - [2023-09-09T02:37:27.155+0000] {taskmixin.py:205} WARNING - Dependency <Task(_PythonDecoratedOperator): prepare_email>, send_email already registered for DAG: example_dag_decorator
[2023-09-09T02:37:27.156+0000] {logging_mixin.py:120} INFO - [2023-09-09T02:37:27.156+0000] {taskmixin.py:205} WARNING - Dependency <Task(EmailOperator): send_email>, prepare_email already registered for DAG: example_dag_decorator
[2023-09-09T02:37:27.169+0000] {processor.py:766} INFO - DAG(s) dict_keys(['example_dag_decorator']) retrieved from /home/airflow/.local/lib/python3.7/site-packages/airflow/example_dags/example_dag_decorator.py
[2023-09-09T02:37:27.253+0000] {logging_mixin.py:120} INFO - [2023-09-09T02:37:27.253+0000] {dag.py:2585} INFO - Sync 1 DAGs
[2023-09-09T02:37:27.277+0000] {logging_mixin.py:120} INFO - [2023-09-09T02:37:27.277+0000] {dag.py:3340} INFO - Setting next_dagrun for example_dag_decorator to None, run_after=None
[2023-09-09T02:37:27.298+0000] {processor.py:176} INFO - Processing /home/airflow/.local/lib/python3.7/site-packages/airflow/example_dags/example_dag_decorator.py took 0.162 seconds
[2023-09-09T02:37:57.892+0000] {processor.py:154} INFO - Started process (PID=137) to work on /home/airflow/.local/lib/python3.7/site-packages/airflow/example_dags/example_dag_decorator.py
[2023-09-09T02:37:57.893+0000] {processor.py:756} INFO - Processing file /home/airflow/.local/lib/python3.7/site-packages/airflow/example_dags/example_dag_decorator.py for tasks to queue
[2023-09-09T02:37:57.894+0000] {logging_mixin.py:120} INFO - [2023-09-09T02:37:57.894+0000] {dagbag.py:537} INFO - Filling up the DagBag from /home/airflow/.local/lib/python3.7/site-packages/airflow/example_dags/example_dag_decorator.py
[2023-09-09T02:37:57.905+0000] {logging_mixin.py:120} INFO - [2023-09-09T02:37:57.905+0000] {taskmixin.py:205} WARNING - Dependency <Task(_PythonDecoratedOperator): prepare_email>, send_email already registered for DAG: example_dag_decorator
[2023-09-09T02:37:57.906+0000] {logging_mixin.py:120} INFO - [2023-09-09T02:37:57.906+0000] {taskmixin.py:205} WARNING - Dependency <Task(EmailOperator): send_email>, prepare_email already registered for DAG: example_dag_decorator
[2023-09-09T02:37:57.916+0000] {processor.py:766} INFO - DAG(s) dict_keys(['example_dag_decorator']) retrieved from /home/airflow/.local/lib/python3.7/site-packages/airflow/example_dags/example_dag_decorator.py
[2023-09-09T02:37:57.977+0000] {logging_mixin.py:120} INFO - [2023-09-09T02:37:57.977+0000] {dag.py:2585} INFO - Sync 1 DAGs
[2023-09-09T02:37:57.998+0000] {logging_mixin.py:120} INFO - [2023-09-09T02:37:57.998+0000] {dag.py:3340} INFO - Setting next_dagrun for example_dag_decorator to None, run_after=None
[2023-09-09T02:37:58.019+0000] {processor.py:176} INFO - Processing /home/airflow/.local/lib/python3.7/site-packages/airflow/example_dags/example_dag_decorator.py took 0.131 seconds
[2023-09-09T02:38:28.348+0000] {processor.py:154} INFO - Started process (PID=212) to work on /home/airflow/.local/lib/python3.7/site-packages/airflow/example_dags/example_dag_decorator.py
[2023-09-09T02:38:28.349+0000] {processor.py:756} INFO - Processing file /home/airflow/.local/lib/python3.7/site-packages/airflow/example_dags/example_dag_decorator.py for tasks to queue
[2023-09-09T02:38:28.349+0000] {logging_mixin.py:120} INFO - [2023-09-09T02:38:28.349+0000] {dagbag.py:537} INFO - Filling up the DagBag from /home/airflow/.local/lib/python3.7/site-packages/airflow/example_dags/example_dag_decorator.py
[2023-09-09T02:38:28.362+0000] {logging_mixin.py:120} INFO - [2023-09-09T02:38:28.362+0000] {taskmixin.py:205} WARNING - Dependency <Task(_PythonDecoratedOperator): prepare_email>, send_email already registered for DAG: example_dag_decorator
[2023-09-09T02:38:28.363+0000] {logging_mixin.py:120} INFO - [2023-09-09T02:38:28.363+0000] {taskmixin.py:205} WARNING - Dependency <Task(EmailOperator): send_email>, prepare_email already registered for DAG: example_dag_decorator
[2023-09-09T02:38:28.374+0000] {processor.py:766} INFO - DAG(s) dict_keys(['example_dag_decorator']) retrieved from /home/airflow/.local/lib/python3.7/site-packages/airflow/example_dags/example_dag_decorator.py
[2023-09-09T02:38:28.409+0000] {logging_mixin.py:120} INFO - [2023-09-09T02:38:28.409+0000] {dag.py:2585} INFO - Sync 1 DAGs
[2023-09-09T02:38:28.429+0000] {logging_mixin.py:120} INFO - [2023-09-09T02:38:28.429+0000] {dag.py:3340} INFO - Setting next_dagrun for example_dag_decorator to None, run_after=None
[2023-09-09T02:38:28.450+0000] {processor.py:176} INFO - Processing /home/airflow/.local/lib/python3.7/site-packages/airflow/example_dags/example_dag_decorator.py took 0.105 seconds
[2023-09-09T02:38:58.991+0000] {processor.py:154} INFO - Started process (PID=286) to work on /home/airflow/.local/lib/python3.7/site-packages/airflow/example_dags/example_dag_decorator.py
[2023-09-09T02:38:58.992+0000] {processor.py:756} INFO - Processing file /home/airflow/.local/lib/python3.7/site-packages/airflow/example_dags/example_dag_decorator.py for tasks to queue
[2023-09-09T02:38:58.993+0000] {logging_mixin.py:120} INFO - [2023-09-09T02:38:58.993+0000] {dagbag.py:537} INFO - Filling up the DagBag from /home/airflow/.local/lib/python3.7/site-packages/airflow/example_dags/example_dag_decorator.py
[2023-09-09T02:38:59.005+0000] {logging_mixin.py:120} INFO - [2023-09-09T02:38:59.004+0000] {taskmixin.py:205} WARNING - Dependency <Task(_PythonDecoratedOperator): prepare_email>, send_email already registered for DAG: example_dag_decorator
[2023-09-09T02:38:59.005+0000] {logging_mixin.py:120} INFO - [2023-09-09T02:38:59.005+0000] {taskmixin.py:205} WARNING - Dependency <Task(EmailOperator): send_email>, prepare_email already registered for DAG: example_dag_decorator
[2023-09-09T02:38:59.015+0000] {processor.py:766} INFO - DAG(s) dict_keys(['example_dag_decorator']) retrieved from /home/airflow/.local/lib/python3.7/site-packages/airflow/example_dags/example_dag_decorator.py
[2023-09-09T02:38:59.078+0000] {logging_mixin.py:120} INFO - [2023-09-09T02:38:59.077+0000] {dag.py:2585} INFO - Sync 1 DAGs
[2023-09-09T02:38:59.098+0000] {logging_mixin.py:120} INFO - [2023-09-09T02:38:59.098+0000] {dag.py:3340} INFO - Setting next_dagrun for example_dag_decorator to None, run_after=None
[2023-09-09T02:38:59.121+0000] {processor.py:176} INFO - Processing /home/airflow/.local/lib/python3.7/site-packages/airflow/example_dags/example_dag_decorator.py took 0.132 seconds
[2023-09-09T02:39:29.418+0000] {processor.py:154} INFO - Started process (PID=351) to work on /home/airflow/.local/lib/python3.7/site-packages/airflow/example_dags/example_dag_decorator.py
[2023-09-09T02:39:29.418+0000] {processor.py:756} INFO - Processing file /home/airflow/.local/lib/python3.7/site-packages/airflow/example_dags/example_dag_decorator.py for tasks to queue
[2023-09-09T02:39:29.419+0000] {logging_mixin.py:120} INFO - [2023-09-09T02:39:29.419+0000] {dagbag.py:537} INFO - Filling up the DagBag from /home/airflow/.local/lib/python3.7/site-packages/airflow/example_dags/example_dag_decorator.py
[2023-09-09T02:39:29.432+0000] {logging_mixin.py:120} INFO - [2023-09-09T02:39:29.431+0000] {taskmixin.py:205} WARNING - Dependency <Task(_PythonDecoratedOperator): prepare_email>, send_email already registered for DAG: example_dag_decorator
[2023-09-09T02:39:29.432+0000] {logging_mixin.py:120} INFO - [2023-09-09T02:39:29.432+0000] {taskmixin.py:205} WARNING - Dependency <Task(EmailOperator): send_email>, prepare_email already registered for DAG: example_dag_decorator
[2023-09-09T02:39:29.443+0000] {processor.py:766} INFO - DAG(s) dict_keys(['example_dag_decorator']) retrieved from /home/airflow/.local/lib/python3.7/site-packages/airflow/example_dags/example_dag_decorator.py
[2023-09-09T02:39:29.510+0000] {logging_mixin.py:120} INFO - [2023-09-09T02:39:29.510+0000] {dag.py:2585} INFO - Sync 1 DAGs
[2023-09-09T02:39:29.526+0000] {logging_mixin.py:120} INFO - [2023-09-09T02:39:29.526+0000] {dag.py:3340} INFO - Setting next_dagrun for example_dag_decorator to None, run_after=None
[2023-09-09T02:39:29.545+0000] {processor.py:176} INFO - Processing /home/airflow/.local/lib/python3.7/site-packages/airflow/example_dags/example_dag_decorator.py took 0.131 seconds
[2023-09-09T02:40:00.415+0000] {processor.py:154} INFO - Started process (PID=425) to work on /home/airflow/.local/lib/python3.7/site-packages/airflow/example_dags/example_dag_decorator.py
[2023-09-09T02:40:00.416+0000] {processor.py:756} INFO - Processing file /home/airflow/.local/lib/python3.7/site-packages/airflow/example_dags/example_dag_decorator.py for tasks to queue
[2023-09-09T02:40:00.417+0000] {logging_mixin.py:120} INFO - [2023-09-09T02:40:00.417+0000] {dagbag.py:537} INFO - Filling up the DagBag from /home/airflow/.local/lib/python3.7/site-packages/airflow/example_dags/example_dag_decorator.py
[2023-09-09T02:40:00.429+0000] {logging_mixin.py:120} INFO - [2023-09-09T02:40:00.429+0000] {taskmixin.py:205} WARNING - Dependency <Task(_PythonDecoratedOperator): prepare_email>, send_email already registered for DAG: example_dag_decorator
[2023-09-09T02:40:00.430+0000] {logging_mixin.py:120} INFO - [2023-09-09T02:40:00.430+0000] {taskmixin.py:205} WARNING - Dependency <Task(EmailOperator): send_email>, prepare_email already registered for DAG: example_dag_decorator
[2023-09-09T02:40:00.443+0000] {processor.py:766} INFO - DAG(s) dict_keys(['example_dag_decorator']) retrieved from /home/airflow/.local/lib/python3.7/site-packages/airflow/example_dags/example_dag_decorator.py
[2023-09-09T02:40:00.508+0000] {logging_mixin.py:120} INFO - [2023-09-09T02:40:00.508+0000] {dag.py:2585} INFO - Sync 1 DAGs
[2023-09-09T02:40:00.527+0000] {logging_mixin.py:120} INFO - [2023-09-09T02:40:00.527+0000] {dag.py:3340} INFO - Setting next_dagrun for example_dag_decorator to None, run_after=None
[2023-09-09T02:40:00.548+0000] {processor.py:176} INFO - Processing /home/airflow/.local/lib/python3.7/site-packages/airflow/example_dags/example_dag_decorator.py took 0.135 seconds
[2023-09-09T02:40:30.722+0000] {processor.py:154} INFO - Started process (PID=497) to work on /home/airflow/.local/lib/python3.7/site-packages/airflow/example_dags/example_dag_decorator.py
[2023-09-09T02:40:30.723+0000] {processor.py:756} INFO - Processing file /home/airflow/.local/lib/python3.7/site-packages/airflow/example_dags/example_dag_decorator.py for tasks to queue
[2023-09-09T02:40:30.723+0000] {logging_mixin.py:120} INFO - [2023-09-09T02:40:30.723+0000] {dagbag.py:537} INFO - Filling up the DagBag from /home/airflow/.local/lib/python3.7/site-packages/airflow/example_dags/example_dag_decorator.py
[2023-09-09T02:40:30.734+0000] {logging_mixin.py:120} INFO - [2023-09-09T02:40:30.734+0000] {taskmixin.py:205} WARNING - Dependency <Task(_PythonDecoratedOperator): prepare_email>, send_email already registered for DAG: example_dag_decorator
[2023-09-09T02:40:30.735+0000] {logging_mixin.py:120} INFO - [2023-09-09T02:40:30.735+0000] {taskmixin.py:205} WARNING - Dependency <Task(EmailOperator): send_email>, prepare_email already registered for DAG: example_dag_decorator
[2023-09-09T02:40:30.745+0000] {processor.py:766} INFO - DAG(s) dict_keys(['example_dag_decorator']) retrieved from /home/airflow/.local/lib/python3.7/site-packages/airflow/example_dags/example_dag_decorator.py
[2023-09-09T02:40:30.804+0000] {logging_mixin.py:120} INFO - [2023-09-09T02:40:30.804+0000] {dag.py:2585} INFO - Sync 1 DAGs
[2023-09-09T02:40:30.821+0000] {logging_mixin.py:120} INFO - [2023-09-09T02:40:30.821+0000] {dag.py:3340} INFO - Setting next_dagrun for example_dag_decorator to None, run_after=None
[2023-09-09T02:40:30.840+0000] {processor.py:176} INFO - Processing /home/airflow/.local/lib/python3.7/site-packages/airflow/example_dags/example_dag_decorator.py took 0.121 seconds
[2023-09-09T02:41:00.978+0000] {processor.py:154} INFO - Started process (PID=571) to work on /home/airflow/.local/lib/python3.7/site-packages/airflow/example_dags/example_dag_decorator.py
[2023-09-09T02:41:00.979+0000] {processor.py:756} INFO - Processing file /home/airflow/.local/lib/python3.7/site-packages/airflow/example_dags/example_dag_decorator.py for tasks to queue
[2023-09-09T02:41:00.980+0000] {logging_mixin.py:120} INFO - [2023-09-09T02:41:00.980+0000] {dagbag.py:537} INFO - Filling up the DagBag from /home/airflow/.local/lib/python3.7/site-packages/airflow/example_dags/example_dag_decorator.py
[2023-09-09T02:41:00.992+0000] {logging_mixin.py:120} INFO - [2023-09-09T02:41:00.992+0000] {taskmixin.py:205} WARNING - Dependency <Task(_PythonDecoratedOperator): prepare_email>, send_email already registered for DAG: example_dag_decorator
[2023-09-09T02:41:00.993+0000] {logging_mixin.py:120} INFO - [2023-09-09T02:41:00.993+0000] {taskmixin.py:205} WARNING - Dependency <Task(EmailOperator): send_email>, prepare_email already registered for DAG: example_dag_decorator
[2023-09-09T02:41:01.003+0000] {processor.py:766} INFO - DAG(s) dict_keys(['example_dag_decorator']) retrieved from /home/airflow/.local/lib/python3.7/site-packages/airflow/example_dags/example_dag_decorator.py
[2023-09-09T02:41:01.062+0000] {logging_mixin.py:120} INFO - [2023-09-09T02:41:01.062+0000] {dag.py:2585} INFO - Sync 1 DAGs
[2023-09-09T02:41:01.080+0000] {logging_mixin.py:120} INFO - [2023-09-09T02:41:01.079+0000] {dag.py:3340} INFO - Setting next_dagrun for example_dag_decorator to None, run_after=None
[2023-09-09T02:41:01.098+0000] {processor.py:176} INFO - Processing /home/airflow/.local/lib/python3.7/site-packages/airflow/example_dags/example_dag_decorator.py took 0.123 seconds
[2023-09-09T02:41:31.747+0000] {processor.py:154} INFO - Started process (PID=645) to work on /home/airflow/.local/lib/python3.7/site-packages/airflow/example_dags/example_dag_decorator.py
[2023-09-09T02:41:31.748+0000] {processor.py:756} INFO - Processing file /home/airflow/.local/lib/python3.7/site-packages/airflow/example_dags/example_dag_decorator.py for tasks to queue
[2023-09-09T02:41:31.748+0000] {logging_mixin.py:120} INFO - [2023-09-09T02:41:31.748+0000] {dagbag.py:537} INFO - Filling up the DagBag from /home/airflow/.local/lib/python3.7/site-packages/airflow/example_dags/example_dag_decorator.py
[2023-09-09T02:41:31.762+0000] {logging_mixin.py:120} INFO - [2023-09-09T02:41:31.762+0000] {taskmixin.py:205} WARNING - Dependency <Task(_PythonDecoratedOperator): prepare_email>, send_email already registered for DAG: example_dag_decorator
[2023-09-09T02:41:31.762+0000] {logging_mixin.py:120} INFO - [2023-09-09T02:41:31.762+0000] {taskmixin.py:205} WARNING - Dependency <Task(EmailOperator): send_email>, prepare_email already registered for DAG: example_dag_decorator
[2023-09-09T02:41:31.774+0000] {processor.py:766} INFO - DAG(s) dict_keys(['example_dag_decorator']) retrieved from /home/airflow/.local/lib/python3.7/site-packages/airflow/example_dags/example_dag_decorator.py
[2023-09-09T02:41:31.844+0000] {logging_mixin.py:120} INFO - [2023-09-09T02:41:31.844+0000] {dag.py:2585} INFO - Sync 1 DAGs
[2023-09-09T02:41:31.865+0000] {logging_mixin.py:120} INFO - [2023-09-09T02:41:31.865+0000] {dag.py:3340} INFO - Setting next_dagrun for example_dag_decorator to None, run_after=None
[2023-09-09T02:41:31.891+0000] {processor.py:176} INFO - Processing /home/airflow/.local/lib/python3.7/site-packages/airflow/example_dags/example_dag_decorator.py took 0.147 seconds
[2023-09-09T02:42:02.284+0000] {processor.py:154} INFO - Started process (PID=719) to work on /home/airflow/.local/lib/python3.7/site-packages/airflow/example_dags/example_dag_decorator.py
[2023-09-09T02:42:02.285+0000] {processor.py:756} INFO - Processing file /home/airflow/.local/lib/python3.7/site-packages/airflow/example_dags/example_dag_decorator.py for tasks to queue
[2023-09-09T02:42:02.286+0000] {logging_mixin.py:120} INFO - [2023-09-09T02:42:02.286+0000] {dagbag.py:537} INFO - Filling up the DagBag from /home/airflow/.local/lib/python3.7/site-packages/airflow/example_dags/example_dag_decorator.py
[2023-09-09T02:42:02.298+0000] {logging_mixin.py:120} INFO - [2023-09-09T02:42:02.298+0000] {taskmixin.py:205} WARNING - Dependency <Task(_PythonDecoratedOperator): prepare_email>, send_email already registered for DAG: example_dag_decorator
[2023-09-09T02:42:02.298+0000] {logging_mixin.py:120} INFO - [2023-09-09T02:42:02.298+0000] {taskmixin.py:205} WARNING - Dependency <Task(EmailOperator): send_email>, prepare_email already registered for DAG: example_dag_decorator
[2023-09-09T02:42:02.308+0000] {processor.py:766} INFO - DAG(s) dict_keys(['example_dag_decorator']) retrieved from /home/airflow/.local/lib/python3.7/site-packages/airflow/example_dags/example_dag_decorator.py
[2023-09-09T02:42:02.374+0000] {logging_mixin.py:120} INFO - [2023-09-09T02:42:02.374+0000] {dag.py:2585} INFO - Sync 1 DAGs
[2023-09-09T02:42:02.393+0000] {logging_mixin.py:120} INFO - [2023-09-09T02:42:02.393+0000] {dag.py:3340} INFO - Setting next_dagrun for example_dag_decorator to None, run_after=None
[2023-09-09T02:42:02.413+0000] {processor.py:176} INFO - Processing /home/airflow/.local/lib/python3.7/site-packages/airflow/example_dags/example_dag_decorator.py took 0.132 seconds
[2023-09-09T02:42:32.938+0000] {processor.py:154} INFO - Started process (PID=797) to work on /home/airflow/.local/lib/python3.7/site-packages/airflow/example_dags/example_dag_decorator.py
[2023-09-09T02:42:32.939+0000] {processor.py:756} INFO - Processing file /home/airflow/.local/lib/python3.7/site-packages/airflow/example_dags/example_dag_decorator.py for tasks to queue
[2023-09-09T02:42:32.939+0000] {logging_mixin.py:120} INFO - [2023-09-09T02:42:32.939+0000] {dagbag.py:537} INFO - Filling up the DagBag from /home/airflow/.local/lib/python3.7/site-packages/airflow/example_dags/example_dag_decorator.py
[2023-09-09T02:42:32.951+0000] {logging_mixin.py:120} INFO - [2023-09-09T02:42:32.951+0000] {taskmixin.py:205} WARNING - Dependency <Task(_PythonDecoratedOperator): prepare_email>, send_email already registered for DAG: example_dag_decorator
[2023-09-09T02:42:32.952+0000] {logging_mixin.py:120} INFO - [2023-09-09T02:42:32.952+0000] {taskmixin.py:205} WARNING - Dependency <Task(EmailOperator): send_email>, prepare_email already registered for DAG: example_dag_decorator
[2023-09-09T02:42:32.962+0000] {processor.py:766} INFO - DAG(s) dict_keys(['example_dag_decorator']) retrieved from /home/airflow/.local/lib/python3.7/site-packages/airflow/example_dags/example_dag_decorator.py
[2023-09-09T02:42:33.034+0000] {logging_mixin.py:120} INFO - [2023-09-09T02:42:33.034+0000] {dag.py:2585} INFO - Sync 1 DAGs
[2023-09-09T02:42:33.057+0000] {logging_mixin.py:120} INFO - [2023-09-09T02:42:33.057+0000] {dag.py:3340} INFO - Setting next_dagrun for example_dag_decorator to None, run_after=None
[2023-09-09T02:42:33.079+0000] {processor.py:176} INFO - Processing /home/airflow/.local/lib/python3.7/site-packages/airflow/example_dags/example_dag_decorator.py took 0.144 seconds
[2023-09-09T02:43:03.344+0000] {processor.py:154} INFO - Started process (PID=875) to work on /home/airflow/.local/lib/python3.7/site-packages/airflow/example_dags/example_dag_decorator.py
[2023-09-09T02:43:03.345+0000] {processor.py:756} INFO - Processing file /home/airflow/.local/lib/python3.7/site-packages/airflow/example_dags/example_dag_decorator.py for tasks to queue
[2023-09-09T02:43:03.345+0000] {logging_mixin.py:120} INFO - [2023-09-09T02:43:03.345+0000] {dagbag.py:537} INFO - Filling up the DagBag from /home/airflow/.local/lib/python3.7/site-packages/airflow/example_dags/example_dag_decorator.py
[2023-09-09T02:43:03.358+0000] {logging_mixin.py:120} INFO - [2023-09-09T02:43:03.357+0000] {taskmixin.py:205} WARNING - Dependency <Task(_PythonDecoratedOperator): prepare_email>, send_email already registered for DAG: example_dag_decorator
[2023-09-09T02:43:03.358+0000] {logging_mixin.py:120} INFO - [2023-09-09T02:43:03.358+0000] {taskmixin.py:205} WARNING - Dependency <Task(EmailOperator): send_email>, prepare_email already registered for DAG: example_dag_decorator
[2023-09-09T02:43:03.368+0000] {processor.py:766} INFO - DAG(s) dict_keys(['example_dag_decorator']) retrieved from /home/airflow/.local/lib/python3.7/site-packages/airflow/example_dags/example_dag_decorator.py
[2023-09-09T02:43:03.429+0000] {logging_mixin.py:120} INFO - [2023-09-09T02:43:03.429+0000] {dag.py:2585} INFO - Sync 1 DAGs
[2023-09-09T02:43:03.447+0000] {logging_mixin.py:120} INFO - [2023-09-09T02:43:03.446+0000] {dag.py:3340} INFO - Setting next_dagrun for example_dag_decorator to None, run_after=None
[2023-09-09T02:43:03.467+0000] {processor.py:176} INFO - Processing /home/airflow/.local/lib/python3.7/site-packages/airflow/example_dags/example_dag_decorator.py took 0.126 seconds
[2023-09-09T02:43:33.946+0000] {processor.py:154} INFO - Started process (PID=941) to work on /home/airflow/.local/lib/python3.7/site-packages/airflow/example_dags/example_dag_decorator.py
[2023-09-09T02:43:33.947+0000] {processor.py:756} INFO - Processing file /home/airflow/.local/lib/python3.7/site-packages/airflow/example_dags/example_dag_decorator.py for tasks to queue
[2023-09-09T02:43:33.948+0000] {logging_mixin.py:120} INFO - [2023-09-09T02:43:33.948+0000] {dagbag.py:537} INFO - Filling up the DagBag from /home/airflow/.local/lib/python3.7/site-packages/airflow/example_dags/example_dag_decorator.py
[2023-09-09T02:43:33.960+0000] {logging_mixin.py:120} INFO - [2023-09-09T02:43:33.960+0000] {taskmixin.py:205} WARNING - Dependency <Task(_PythonDecoratedOperator): prepare_email>, send_email already registered for DAG: example_dag_decorator
[2023-09-09T02:43:33.961+0000] {logging_mixin.py:120} INFO - [2023-09-09T02:43:33.961+0000] {taskmixin.py:205} WARNING - Dependency <Task(EmailOperator): send_email>, prepare_email already registered for DAG: example_dag_decorator
[2023-09-09T02:43:33.972+0000] {processor.py:766} INFO - DAG(s) dict_keys(['example_dag_decorator']) retrieved from /home/airflow/.local/lib/python3.7/site-packages/airflow/example_dags/example_dag_decorator.py
[2023-09-09T02:43:34.061+0000] {logging_mixin.py:120} INFO - [2023-09-09T02:43:34.061+0000] {dag.py:2585} INFO - Sync 1 DAGs
[2023-09-09T02:43:34.079+0000] {logging_mixin.py:120} INFO - [2023-09-09T02:43:34.079+0000] {dag.py:3340} INFO - Setting next_dagrun for example_dag_decorator to None, run_after=None
[2023-09-09T02:43:34.100+0000] {processor.py:176} INFO - Processing /home/airflow/.local/lib/python3.7/site-packages/airflow/example_dags/example_dag_decorator.py took 0.157 seconds
[2023-09-09T02:44:04.181+0000] {processor.py:154} INFO - Started process (PID=1015) to work on /home/airflow/.local/lib/python3.7/site-packages/airflow/example_dags/example_dag_decorator.py
[2023-09-09T02:44:04.182+0000] {processor.py:756} INFO - Processing file /home/airflow/.local/lib/python3.7/site-packages/airflow/example_dags/example_dag_decorator.py for tasks to queue
[2023-09-09T02:44:04.183+0000] {logging_mixin.py:120} INFO - [2023-09-09T02:44:04.183+0000] {dagbag.py:537} INFO - Filling up the DagBag from /home/airflow/.local/lib/python3.7/site-packages/airflow/example_dags/example_dag_decorator.py
[2023-09-09T02:44:04.199+0000] {logging_mixin.py:120} INFO - [2023-09-09T02:44:04.199+0000] {taskmixin.py:205} WARNING - Dependency <Task(_PythonDecoratedOperator): prepare_email>, send_email already registered for DAG: example_dag_decorator
[2023-09-09T02:44:04.200+0000] {logging_mixin.py:120} INFO - [2023-09-09T02:44:04.200+0000] {taskmixin.py:205} WARNING - Dependency <Task(EmailOperator): send_email>, prepare_email already registered for DAG: example_dag_decorator
[2023-09-09T02:44:04.213+0000] {processor.py:766} INFO - DAG(s) dict_keys(['example_dag_decorator']) retrieved from /home/airflow/.local/lib/python3.7/site-packages/airflow/example_dags/example_dag_decorator.py
[2023-09-09T02:44:04.286+0000] {logging_mixin.py:120} INFO - [2023-09-09T02:44:04.286+0000] {dag.py:2585} INFO - Sync 1 DAGs
[2023-09-09T02:44:04.307+0000] {logging_mixin.py:120} INFO - [2023-09-09T02:44:04.307+0000] {dag.py:3340} INFO - Setting next_dagrun for example_dag_decorator to None, run_after=None
[2023-09-09T02:44:04.327+0000] {processor.py:176} INFO - Processing /home/airflow/.local/lib/python3.7/site-packages/airflow/example_dags/example_dag_decorator.py took 0.149 seconds
[2023-09-09T02:44:34.447+0000] {processor.py:154} INFO - Started process (PID=1090) to work on /home/airflow/.local/lib/python3.7/site-packages/airflow/example_dags/example_dag_decorator.py
[2023-09-09T02:44:34.447+0000] {processor.py:756} INFO - Processing file /home/airflow/.local/lib/python3.7/site-packages/airflow/example_dags/example_dag_decorator.py for tasks to queue
[2023-09-09T02:44:34.448+0000] {logging_mixin.py:120} INFO - [2023-09-09T02:44:34.448+0000] {dagbag.py:537} INFO - Filling up the DagBag from /home/airflow/.local/lib/python3.7/site-packages/airflow/example_dags/example_dag_decorator.py
[2023-09-09T02:44:34.459+0000] {logging_mixin.py:120} INFO - [2023-09-09T02:44:34.459+0000] {taskmixin.py:205} WARNING - Dependency <Task(_PythonDecoratedOperator): prepare_email>, send_email already registered for DAG: example_dag_decorator
[2023-09-09T02:44:34.460+0000] {logging_mixin.py:120} INFO - [2023-09-09T02:44:34.460+0000] {taskmixin.py:205} WARNING - Dependency <Task(EmailOperator): send_email>, prepare_email already registered for DAG: example_dag_decorator
[2023-09-09T02:44:34.469+0000] {processor.py:766} INFO - DAG(s) dict_keys(['example_dag_decorator']) retrieved from /home/airflow/.local/lib/python3.7/site-packages/airflow/example_dags/example_dag_decorator.py
[2023-09-09T02:44:34.533+0000] {logging_mixin.py:120} INFO - [2023-09-09T02:44:34.533+0000] {dag.py:2585} INFO - Sync 1 DAGs
[2023-09-09T02:44:34.552+0000] {logging_mixin.py:120} INFO - [2023-09-09T02:44:34.552+0000] {dag.py:3340} INFO - Setting next_dagrun for example_dag_decorator to None, run_after=None
[2023-09-09T02:44:34.570+0000] {processor.py:176} INFO - Processing /home/airflow/.local/lib/python3.7/site-packages/airflow/example_dags/example_dag_decorator.py took 0.126 seconds
[2023-09-09T02:45:04.626+0000] {processor.py:154} INFO - Started process (PID=1163) to work on /home/airflow/.local/lib/python3.7/site-packages/airflow/example_dags/example_dag_decorator.py
[2023-09-09T02:45:04.627+0000] {processor.py:756} INFO - Processing file /home/airflow/.local/lib/python3.7/site-packages/airflow/example_dags/example_dag_decorator.py for tasks to queue
[2023-09-09T02:45:04.627+0000] {logging_mixin.py:120} INFO - [2023-09-09T02:45:04.627+0000] {dagbag.py:537} INFO - Filling up the DagBag from /home/airflow/.local/lib/python3.7/site-packages/airflow/example_dags/example_dag_decorator.py
[2023-09-09T02:45:04.640+0000] {logging_mixin.py:120} INFO - [2023-09-09T02:45:04.640+0000] {taskmixin.py:205} WARNING - Dependency <Task(_PythonDecoratedOperator): prepare_email>, send_email already registered for DAG: example_dag_decorator
[2023-09-09T02:45:04.641+0000] {logging_mixin.py:120} INFO - [2023-09-09T02:45:04.641+0000] {taskmixin.py:205} WARNING - Dependency <Task(EmailOperator): send_email>, prepare_email already registered for DAG: example_dag_decorator
[2023-09-09T02:45:04.652+0000] {processor.py:766} INFO - DAG(s) dict_keys(['example_dag_decorator']) retrieved from /home/airflow/.local/lib/python3.7/site-packages/airflow/example_dags/example_dag_decorator.py
[2023-09-09T02:45:04.721+0000] {logging_mixin.py:120} INFO - [2023-09-09T02:45:04.721+0000] {dag.py:2585} INFO - Sync 1 DAGs
[2023-09-09T02:45:04.742+0000] {logging_mixin.py:120} INFO - [2023-09-09T02:45:04.742+0000] {dag.py:3340} INFO - Setting next_dagrun for example_dag_decorator to None, run_after=None
[2023-09-09T02:45:04.767+0000] {processor.py:176} INFO - Processing /home/airflow/.local/lib/python3.7/site-packages/airflow/example_dags/example_dag_decorator.py took 0.143 seconds
