[2023-09-09T02:37:27.958+0000] {processor.py:154} INFO - Started process (PID=76) to work on /home/airflow/.local/lib/python3.7/site-packages/airflow/example_dags/example_branch_operator.py
[2023-09-09T02:37:27.959+0000] {processor.py:756} INFO - Processing file /home/airflow/.local/lib/python3.7/site-packages/airflow/example_dags/example_branch_operator.py for tasks to queue
[2023-09-09T02:37:27.960+0000] {logging_mixin.py:120} INFO - [2023-09-09T02:37:27.960+0000] {dagbag.py:537} INFO - Filling up the DagBag from /home/airflow/.local/lib/python3.7/site-packages/airflow/example_dags/example_branch_operator.py
[2023-09-09T02:37:27.976+0000] {processor.py:766} INFO - DAG(s) dict_keys(['example_branch_operator']) retrieved from /home/airflow/.local/lib/python3.7/site-packages/airflow/example_dags/example_branch_operator.py
[2023-09-09T02:37:28.024+0000] {logging_mixin.py:120} INFO - [2023-09-09T02:37:28.024+0000] {dag.py:2585} INFO - Sync 1 DAGs
[2023-09-09T02:37:28.056+0000] {logging_mixin.py:120} INFO - [2023-09-09T02:37:28.056+0000] {dag.py:3340} INFO - Setting next_dagrun for example_branch_operator to 2023-09-08T00:00:00+00:00, run_after=2023-09-09T00:00:00+00:00
[2023-09-09T02:37:28.080+0000] {processor.py:176} INFO - Processing /home/airflow/.local/lib/python3.7/site-packages/airflow/example_dags/example_branch_operator.py took 0.125 seconds
[2023-09-09T02:37:58.645+0000] {processor.py:154} INFO - Started process (PID=150) to work on /home/airflow/.local/lib/python3.7/site-packages/airflow/example_dags/example_branch_operator.py
[2023-09-09T02:37:58.646+0000] {processor.py:756} INFO - Processing file /home/airflow/.local/lib/python3.7/site-packages/airflow/example_dags/example_branch_operator.py for tasks to queue
[2023-09-09T02:37:58.647+0000] {logging_mixin.py:120} INFO - [2023-09-09T02:37:58.647+0000] {dagbag.py:537} INFO - Filling up the DagBag from /home/airflow/.local/lib/python3.7/site-packages/airflow/example_dags/example_branch_operator.py
[2023-09-09T02:37:58.661+0000] {processor.py:766} INFO - DAG(s) dict_keys(['example_branch_operator']) retrieved from /home/airflow/.local/lib/python3.7/site-packages/airflow/example_dags/example_branch_operator.py
[2023-09-09T02:37:58.697+0000] {logging_mixin.py:120} INFO - [2023-09-09T02:37:58.697+0000] {dag.py:2585} INFO - Sync 1 DAGs
[2023-09-09T02:37:58.719+0000] {logging_mixin.py:120} INFO - [2023-09-09T02:37:58.719+0000] {dag.py:3340} INFO - Setting next_dagrun for example_branch_operator to 2023-09-08T00:00:00+00:00, run_after=2023-09-09T00:00:00+00:00
[2023-09-09T02:37:58.738+0000] {processor.py:176} INFO - Processing /home/airflow/.local/lib/python3.7/site-packages/airflow/example_dags/example_branch_operator.py took 0.096 seconds
[2023-09-09T02:38:29.181+0000] {processor.py:154} INFO - Started process (PID=225) to work on /home/airflow/.local/lib/python3.7/site-packages/airflow/example_dags/example_branch_operator.py
[2023-09-09T02:38:29.182+0000] {processor.py:756} INFO - Processing file /home/airflow/.local/lib/python3.7/site-packages/airflow/example_dags/example_branch_operator.py for tasks to queue
[2023-09-09T02:38:29.183+0000] {logging_mixin.py:120} INFO - [2023-09-09T02:38:29.183+0000] {dagbag.py:537} INFO - Filling up the DagBag from /home/airflow/.local/lib/python3.7/site-packages/airflow/example_dags/example_branch_operator.py
[2023-09-09T02:38:29.197+0000] {processor.py:766} INFO - DAG(s) dict_keys(['example_branch_operator']) retrieved from /home/airflow/.local/lib/python3.7/site-packages/airflow/example_dags/example_branch_operator.py
[2023-09-09T02:38:29.230+0000] {logging_mixin.py:120} INFO - [2023-09-09T02:38:29.230+0000] {dag.py:2585} INFO - Sync 1 DAGs
[2023-09-09T02:38:29.250+0000] {logging_mixin.py:120} INFO - [2023-09-09T02:38:29.250+0000] {dag.py:3340} INFO - Setting next_dagrun for example_branch_operator to 2023-09-08T00:00:00+00:00, run_after=2023-09-09T00:00:00+00:00
[2023-09-09T02:38:29.271+0000] {processor.py:176} INFO - Processing /home/airflow/.local/lib/python3.7/site-packages/airflow/example_dags/example_branch_operator.py took 0.092 seconds
[2023-09-09T02:38:59.795+0000] {processor.py:154} INFO - Started process (PID=299) to work on /home/airflow/.local/lib/python3.7/site-packages/airflow/example_dags/example_branch_operator.py
[2023-09-09T02:38:59.796+0000] {processor.py:756} INFO - Processing file /home/airflow/.local/lib/python3.7/site-packages/airflow/example_dags/example_branch_operator.py for tasks to queue
[2023-09-09T02:38:59.797+0000] {logging_mixin.py:120} INFO - [2023-09-09T02:38:59.797+0000] {dagbag.py:537} INFO - Filling up the DagBag from /home/airflow/.local/lib/python3.7/site-packages/airflow/example_dags/example_branch_operator.py
[2023-09-09T02:38:59.811+0000] {processor.py:766} INFO - DAG(s) dict_keys(['example_branch_operator']) retrieved from /home/airflow/.local/lib/python3.7/site-packages/airflow/example_dags/example_branch_operator.py
[2023-09-09T02:38:59.849+0000] {logging_mixin.py:120} INFO - [2023-09-09T02:38:59.848+0000] {dag.py:2585} INFO - Sync 1 DAGs
[2023-09-09T02:38:59.872+0000] {logging_mixin.py:120} INFO - [2023-09-09T02:38:59.871+0000] {dag.py:3340} INFO - Setting next_dagrun for example_branch_operator to 2023-09-08T00:00:00+00:00, run_after=2023-09-09T00:00:00+00:00
[2023-09-09T02:38:59.895+0000] {processor.py:176} INFO - Processing /home/airflow/.local/lib/python3.7/site-packages/airflow/example_dags/example_branch_operator.py took 0.102 seconds
[2023-09-09T02:39:30.260+0000] {processor.py:154} INFO - Started process (PID=364) to work on /home/airflow/.local/lib/python3.7/site-packages/airflow/example_dags/example_branch_operator.py
[2023-09-09T02:39:30.261+0000] {processor.py:756} INFO - Processing file /home/airflow/.local/lib/python3.7/site-packages/airflow/example_dags/example_branch_operator.py for tasks to queue
[2023-09-09T02:39:30.262+0000] {logging_mixin.py:120} INFO - [2023-09-09T02:39:30.261+0000] {dagbag.py:537} INFO - Filling up the DagBag from /home/airflow/.local/lib/python3.7/site-packages/airflow/example_dags/example_branch_operator.py
[2023-09-09T02:39:30.276+0000] {processor.py:766} INFO - DAG(s) dict_keys(['example_branch_operator']) retrieved from /home/airflow/.local/lib/python3.7/site-packages/airflow/example_dags/example_branch_operator.py
[2023-09-09T02:39:30.308+0000] {logging_mixin.py:120} INFO - [2023-09-09T02:39:30.308+0000] {dag.py:2585} INFO - Sync 1 DAGs
[2023-09-09T02:39:30.329+0000] {logging_mixin.py:120} INFO - [2023-09-09T02:39:30.329+0000] {dag.py:3340} INFO - Setting next_dagrun for example_branch_operator to 2023-09-08T00:00:00+00:00, run_after=2023-09-09T00:00:00+00:00
[2023-09-09T02:39:30.351+0000] {processor.py:176} INFO - Processing /home/airflow/.local/lib/python3.7/site-packages/airflow/example_dags/example_branch_operator.py took 0.093 seconds
[2023-09-09T02:40:01.375+0000] {processor.py:154} INFO - Started process (PID=438) to work on /home/airflow/.local/lib/python3.7/site-packages/airflow/example_dags/example_branch_operator.py
[2023-09-09T02:40:01.376+0000] {processor.py:756} INFO - Processing file /home/airflow/.local/lib/python3.7/site-packages/airflow/example_dags/example_branch_operator.py for tasks to queue
[2023-09-09T02:40:01.377+0000] {logging_mixin.py:120} INFO - [2023-09-09T02:40:01.377+0000] {dagbag.py:537} INFO - Filling up the DagBag from /home/airflow/.local/lib/python3.7/site-packages/airflow/example_dags/example_branch_operator.py
[2023-09-09T02:40:01.392+0000] {processor.py:766} INFO - DAG(s) dict_keys(['example_branch_operator']) retrieved from /home/airflow/.local/lib/python3.7/site-packages/airflow/example_dags/example_branch_operator.py
[2023-09-09T02:40:01.428+0000] {logging_mixin.py:120} INFO - [2023-09-09T02:40:01.428+0000] {dag.py:2585} INFO - Sync 1 DAGs
[2023-09-09T02:40:01.449+0000] {logging_mixin.py:120} INFO - [2023-09-09T02:40:01.448+0000] {dag.py:3340} INFO - Setting next_dagrun for example_branch_operator to 2023-09-08T00:00:00+00:00, run_after=2023-09-09T00:00:00+00:00
[2023-09-09T02:40:01.465+0000] {processor.py:176} INFO - Processing /home/airflow/.local/lib/python3.7/site-packages/airflow/example_dags/example_branch_operator.py took 0.093 seconds
[2023-09-09T02:40:31.825+0000] {processor.py:154} INFO - Started process (PID=512) to work on /home/airflow/.local/lib/python3.7/site-packages/airflow/example_dags/example_branch_operator.py
[2023-09-09T02:40:31.826+0000] {processor.py:756} INFO - Processing file /home/airflow/.local/lib/python3.7/site-packages/airflow/example_dags/example_branch_operator.py for tasks to queue
[2023-09-09T02:40:31.827+0000] {logging_mixin.py:120} INFO - [2023-09-09T02:40:31.827+0000] {dagbag.py:537} INFO - Filling up the DagBag from /home/airflow/.local/lib/python3.7/site-packages/airflow/example_dags/example_branch_operator.py
[2023-09-09T02:40:31.842+0000] {processor.py:766} INFO - DAG(s) dict_keys(['example_branch_operator']) retrieved from /home/airflow/.local/lib/python3.7/site-packages/airflow/example_dags/example_branch_operator.py
[2023-09-09T02:40:31.878+0000] {logging_mixin.py:120} INFO - [2023-09-09T02:40:31.878+0000] {dag.py:2585} INFO - Sync 1 DAGs
[2023-09-09T02:40:31.905+0000] {logging_mixin.py:120} INFO - [2023-09-09T02:40:31.905+0000] {dag.py:3340} INFO - Setting next_dagrun for example_branch_operator to 2023-09-08T00:00:00+00:00, run_after=2023-09-09T00:00:00+00:00
[2023-09-09T02:40:31.928+0000] {processor.py:176} INFO - Processing /home/airflow/.local/lib/python3.7/site-packages/airflow/example_dags/example_branch_operator.py took 0.105 seconds
[2023-09-09T02:41:02.240+0000] {processor.py:154} INFO - Started process (PID=586) to work on /home/airflow/.local/lib/python3.7/site-packages/airflow/example_dags/example_branch_operator.py
[2023-09-09T02:41:02.241+0000] {processor.py:756} INFO - Processing file /home/airflow/.local/lib/python3.7/site-packages/airflow/example_dags/example_branch_operator.py for tasks to queue
[2023-09-09T02:41:02.241+0000] {logging_mixin.py:120} INFO - [2023-09-09T02:41:02.241+0000] {dagbag.py:537} INFO - Filling up the DagBag from /home/airflow/.local/lib/python3.7/site-packages/airflow/example_dags/example_branch_operator.py
[2023-09-09T02:41:02.255+0000] {processor.py:766} INFO - DAG(s) dict_keys(['example_branch_operator']) retrieved from /home/airflow/.local/lib/python3.7/site-packages/airflow/example_dags/example_branch_operator.py
[2023-09-09T02:41:02.292+0000] {logging_mixin.py:120} INFO - [2023-09-09T02:41:02.291+0000] {dag.py:2585} INFO - Sync 1 DAGs
[2023-09-09T02:41:02.316+0000] {logging_mixin.py:120} INFO - [2023-09-09T02:41:02.316+0000] {dag.py:3340} INFO - Setting next_dagrun for example_branch_operator to 2023-09-08T00:00:00+00:00, run_after=2023-09-09T00:00:00+00:00
[2023-09-09T02:41:02.337+0000] {processor.py:176} INFO - Processing /home/airflow/.local/lib/python3.7/site-packages/airflow/example_dags/example_branch_operator.py took 0.100 seconds
[2023-09-09T02:41:33.063+0000] {processor.py:154} INFO - Started process (PID=668) to work on /home/airflow/.local/lib/python3.7/site-packages/airflow/example_dags/example_branch_operator.py
[2023-09-09T02:41:33.064+0000] {processor.py:756} INFO - Processing file /home/airflow/.local/lib/python3.7/site-packages/airflow/example_dags/example_branch_operator.py for tasks to queue
[2023-09-09T02:41:33.065+0000] {logging_mixin.py:120} INFO - [2023-09-09T02:41:33.065+0000] {dagbag.py:537} INFO - Filling up the DagBag from /home/airflow/.local/lib/python3.7/site-packages/airflow/example_dags/example_branch_operator.py
[2023-09-09T02:41:33.090+0000] {processor.py:766} INFO - DAG(s) dict_keys(['example_branch_operator']) retrieved from /home/airflow/.local/lib/python3.7/site-packages/airflow/example_dags/example_branch_operator.py
[2023-09-09T02:41:33.134+0000] {logging_mixin.py:120} INFO - [2023-09-09T02:41:33.133+0000] {dag.py:2585} INFO - Sync 1 DAGs
[2023-09-09T02:41:33.159+0000] {logging_mixin.py:120} INFO - [2023-09-09T02:41:33.159+0000] {dag.py:3340} INFO - Setting next_dagrun for example_branch_operator to 2023-09-08T00:00:00+00:00, run_after=2023-09-09T00:00:00+00:00
[2023-09-09T02:41:33.183+0000] {processor.py:176} INFO - Processing /home/airflow/.local/lib/python3.7/site-packages/airflow/example_dags/example_branch_operator.py took 0.124 seconds
[2023-09-09T02:42:03.556+0000] {processor.py:154} INFO - Started process (PID=735) to work on /home/airflow/.local/lib/python3.7/site-packages/airflow/example_dags/example_branch_operator.py
[2023-09-09T02:42:03.556+0000] {processor.py:756} INFO - Processing file /home/airflow/.local/lib/python3.7/site-packages/airflow/example_dags/example_branch_operator.py for tasks to queue
[2023-09-09T02:42:03.557+0000] {logging_mixin.py:120} INFO - [2023-09-09T02:42:03.557+0000] {dagbag.py:537} INFO - Filling up the DagBag from /home/airflow/.local/lib/python3.7/site-packages/airflow/example_dags/example_branch_operator.py
[2023-09-09T02:42:03.573+0000] {processor.py:766} INFO - DAG(s) dict_keys(['example_branch_operator']) retrieved from /home/airflow/.local/lib/python3.7/site-packages/airflow/example_dags/example_branch_operator.py
[2023-09-09T02:42:03.611+0000] {logging_mixin.py:120} INFO - [2023-09-09T02:42:03.611+0000] {dag.py:2585} INFO - Sync 1 DAGs
[2023-09-09T02:42:03.632+0000] {logging_mixin.py:120} INFO - [2023-09-09T02:42:03.632+0000] {dag.py:3340} INFO - Setting next_dagrun for example_branch_operator to 2023-09-08T00:00:00+00:00, run_after=2023-09-09T00:00:00+00:00
[2023-09-09T02:42:03.652+0000] {processor.py:176} INFO - Processing /home/airflow/.local/lib/python3.7/site-packages/airflow/example_dags/example_branch_operator.py took 0.099 seconds
[2023-09-09T02:42:34.041+0000] {processor.py:154} INFO - Started process (PID=813) to work on /home/airflow/.local/lib/python3.7/site-packages/airflow/example_dags/example_branch_operator.py
[2023-09-09T02:42:34.042+0000] {processor.py:756} INFO - Processing file /home/airflow/.local/lib/python3.7/site-packages/airflow/example_dags/example_branch_operator.py for tasks to queue
[2023-09-09T02:42:34.043+0000] {logging_mixin.py:120} INFO - [2023-09-09T02:42:34.042+0000] {dagbag.py:537} INFO - Filling up the DagBag from /home/airflow/.local/lib/python3.7/site-packages/airflow/example_dags/example_branch_operator.py
[2023-09-09T02:42:34.056+0000] {processor.py:766} INFO - DAG(s) dict_keys(['example_branch_operator']) retrieved from /home/airflow/.local/lib/python3.7/site-packages/airflow/example_dags/example_branch_operator.py
[2023-09-09T02:42:34.089+0000] {logging_mixin.py:120} INFO - [2023-09-09T02:42:34.089+0000] {dag.py:2585} INFO - Sync 1 DAGs
[2023-09-09T02:42:34.110+0000] {logging_mixin.py:120} INFO - [2023-09-09T02:42:34.110+0000] {dag.py:3340} INFO - Setting next_dagrun for example_branch_operator to 2023-09-08T00:00:00+00:00, run_after=2023-09-09T00:00:00+00:00
[2023-09-09T02:42:34.129+0000] {processor.py:176} INFO - Processing /home/airflow/.local/lib/python3.7/site-packages/airflow/example_dags/example_branch_operator.py took 0.090 seconds
[2023-09-09T02:43:04.589+0000] {processor.py:154} INFO - Started process (PID=891) to work on /home/airflow/.local/lib/python3.7/site-packages/airflow/example_dags/example_branch_operator.py
[2023-09-09T02:43:04.589+0000] {processor.py:756} INFO - Processing file /home/airflow/.local/lib/python3.7/site-packages/airflow/example_dags/example_branch_operator.py for tasks to queue
[2023-09-09T02:43:04.590+0000] {logging_mixin.py:120} INFO - [2023-09-09T02:43:04.590+0000] {dagbag.py:537} INFO - Filling up the DagBag from /home/airflow/.local/lib/python3.7/site-packages/airflow/example_dags/example_branch_operator.py
[2023-09-09T02:43:04.603+0000] {processor.py:766} INFO - DAG(s) dict_keys(['example_branch_operator']) retrieved from /home/airflow/.local/lib/python3.7/site-packages/airflow/example_dags/example_branch_operator.py
[2023-09-09T02:43:04.634+0000] {logging_mixin.py:120} INFO - [2023-09-09T02:43:04.634+0000] {dag.py:2585} INFO - Sync 1 DAGs
[2023-09-09T02:43:04.652+0000] {logging_mixin.py:120} INFO - [2023-09-09T02:43:04.652+0000] {dag.py:3340} INFO - Setting next_dagrun for example_branch_operator to 2023-09-08T00:00:00+00:00, run_after=2023-09-09T00:00:00+00:00
[2023-09-09T02:43:04.673+0000] {processor.py:176} INFO - Processing /home/airflow/.local/lib/python3.7/site-packages/airflow/example_dags/example_branch_operator.py took 0.087 seconds
[2023-09-09T02:43:35.237+0000] {processor.py:154} INFO - Started process (PID=963) to work on /home/airflow/.local/lib/python3.7/site-packages/airflow/example_dags/example_branch_operator.py
[2023-09-09T02:43:35.238+0000] {processor.py:756} INFO - Processing file /home/airflow/.local/lib/python3.7/site-packages/airflow/example_dags/example_branch_operator.py for tasks to queue
[2023-09-09T02:43:35.239+0000] {logging_mixin.py:120} INFO - [2023-09-09T02:43:35.239+0000] {dagbag.py:537} INFO - Filling up the DagBag from /home/airflow/.local/lib/python3.7/site-packages/airflow/example_dags/example_branch_operator.py
[2023-09-09T02:43:35.255+0000] {processor.py:766} INFO - DAG(s) dict_keys(['example_branch_operator']) retrieved from /home/airflow/.local/lib/python3.7/site-packages/airflow/example_dags/example_branch_operator.py
[2023-09-09T02:43:35.292+0000] {logging_mixin.py:120} INFO - [2023-09-09T02:43:35.292+0000] {dag.py:2585} INFO - Sync 1 DAGs
[2023-09-09T02:43:35.315+0000] {logging_mixin.py:120} INFO - [2023-09-09T02:43:35.315+0000] {dag.py:3340} INFO - Setting next_dagrun for example_branch_operator to 2023-09-08T00:00:00+00:00, run_after=2023-09-09T00:00:00+00:00
[2023-09-09T02:43:35.333+0000] {processor.py:176} INFO - Processing /home/airflow/.local/lib/python3.7/site-packages/airflow/example_dags/example_branch_operator.py took 0.098 seconds
[2023-09-09T02:44:06.313+0000] {processor.py:154} INFO - Started process (PID=1030) to work on /home/airflow/.local/lib/python3.7/site-packages/airflow/example_dags/example_branch_operator.py
[2023-09-09T02:44:06.314+0000] {processor.py:756} INFO - Processing file /home/airflow/.local/lib/python3.7/site-packages/airflow/example_dags/example_branch_operator.py for tasks to queue
[2023-09-09T02:44:06.314+0000] {logging_mixin.py:120} INFO - [2023-09-09T02:44:06.314+0000] {dagbag.py:537} INFO - Filling up the DagBag from /home/airflow/.local/lib/python3.7/site-packages/airflow/example_dags/example_branch_operator.py
[2023-09-09T02:44:06.327+0000] {processor.py:766} INFO - DAG(s) dict_keys(['example_branch_operator']) retrieved from /home/airflow/.local/lib/python3.7/site-packages/airflow/example_dags/example_branch_operator.py
[2023-09-09T02:44:06.360+0000] {logging_mixin.py:120} INFO - [2023-09-09T02:44:06.360+0000] {dag.py:2585} INFO - Sync 1 DAGs
[2023-09-09T02:44:06.379+0000] {logging_mixin.py:120} INFO - [2023-09-09T02:44:06.379+0000] {dag.py:3340} INFO - Setting next_dagrun for example_branch_operator to 2023-09-08T00:00:00+00:00, run_after=2023-09-09T00:00:00+00:00
[2023-09-09T02:44:06.398+0000] {processor.py:176} INFO - Processing /home/airflow/.local/lib/python3.7/site-packages/airflow/example_dags/example_branch_operator.py took 0.088 seconds
[2023-09-09T02:44:36.540+0000] {processor.py:154} INFO - Started process (PID=1103) to work on /home/airflow/.local/lib/python3.7/site-packages/airflow/example_dags/example_branch_operator.py
[2023-09-09T02:44:36.541+0000] {processor.py:756} INFO - Processing file /home/airflow/.local/lib/python3.7/site-packages/airflow/example_dags/example_branch_operator.py for tasks to queue
[2023-09-09T02:44:36.542+0000] {logging_mixin.py:120} INFO - [2023-09-09T02:44:36.542+0000] {dagbag.py:537} INFO - Filling up the DagBag from /home/airflow/.local/lib/python3.7/site-packages/airflow/example_dags/example_branch_operator.py
[2023-09-09T02:44:36.556+0000] {processor.py:766} INFO - DAG(s) dict_keys(['example_branch_operator']) retrieved from /home/airflow/.local/lib/python3.7/site-packages/airflow/example_dags/example_branch_operator.py
[2023-09-09T02:44:36.588+0000] {logging_mixin.py:120} INFO - [2023-09-09T02:44:36.588+0000] {dag.py:2585} INFO - Sync 1 DAGs
[2023-09-09T02:44:36.607+0000] {logging_mixin.py:120} INFO - [2023-09-09T02:44:36.607+0000] {dag.py:3340} INFO - Setting next_dagrun for example_branch_operator to 2023-09-08T00:00:00+00:00, run_after=2023-09-09T00:00:00+00:00
[2023-09-09T02:44:36.624+0000] {processor.py:176} INFO - Processing /home/airflow/.local/lib/python3.7/site-packages/airflow/example_dags/example_branch_operator.py took 0.087 seconds
[2023-09-09T02:45:07.101+0000] {processor.py:154} INFO - Started process (PID=1176) to work on /home/airflow/.local/lib/python3.7/site-packages/airflow/example_dags/example_branch_operator.py
[2023-09-09T02:45:07.102+0000] {processor.py:756} INFO - Processing file /home/airflow/.local/lib/python3.7/site-packages/airflow/example_dags/example_branch_operator.py for tasks to queue
[2023-09-09T02:45:07.103+0000] {logging_mixin.py:120} INFO - [2023-09-09T02:45:07.102+0000] {dagbag.py:537} INFO - Filling up the DagBag from /home/airflow/.local/lib/python3.7/site-packages/airflow/example_dags/example_branch_operator.py
[2023-09-09T02:45:07.116+0000] {processor.py:766} INFO - DAG(s) dict_keys(['example_branch_operator']) retrieved from /home/airflow/.local/lib/python3.7/site-packages/airflow/example_dags/example_branch_operator.py
[2023-09-09T02:45:07.149+0000] {logging_mixin.py:120} INFO - [2023-09-09T02:45:07.149+0000] {dag.py:2585} INFO - Sync 1 DAGs
[2023-09-09T02:45:07.172+0000] {logging_mixin.py:120} INFO - [2023-09-09T02:45:07.172+0000] {dag.py:3340} INFO - Setting next_dagrun for example_branch_operator to 2023-09-08T00:00:00+00:00, run_after=2023-09-09T00:00:00+00:00
[2023-09-09T02:45:07.189+0000] {processor.py:176} INFO - Processing /home/airflow/.local/lib/python3.7/site-packages/airflow/example_dags/example_branch_operator.py took 0.090 seconds
