[2023-09-09T02:37:26.725+0000] {processor.py:154} INFO - Started process (PID=59) to work on /home/airflow/.local/lib/python3.7/site-packages/airflow/example_dags/example_kubernetes_executor.py
[2023-09-09T02:37:26.726+0000] {processor.py:756} INFO - Processing file /home/airflow/.local/lib/python3.7/site-packages/airflow/example_dags/example_kubernetes_executor.py for tasks to queue
[2023-09-09T02:37:26.727+0000] {logging_mixin.py:120} INFO - [2023-09-09T02:37:26.727+0000] {dagbag.py:537} INFO - Filling up the DagBag from /home/airflow/.local/lib/python3.7/site-packages/airflow/example_dags/example_kubernetes_executor.py
[2023-09-09T02:37:26.758+0000] {processor.py:766} INFO - DAG(s) dict_keys(['example_kubernetes_executor']) retrieved from /home/airflow/.local/lib/python3.7/site-packages/airflow/example_dags/example_kubernetes_executor.py
[2023-09-09T02:37:26.799+0000] {logging_mixin.py:120} INFO - [2023-09-09T02:37:26.799+0000] {dag.py:2585} INFO - Sync 1 DAGs
[2023-09-09T02:37:26.826+0000] {logging_mixin.py:120} INFO - [2023-09-09T02:37:26.826+0000] {dag.py:3340} INFO - Setting next_dagrun for example_kubernetes_executor to None, run_after=None
[2023-09-09T02:37:26.858+0000] {processor.py:176} INFO - Processing /home/airflow/.local/lib/python3.7/site-packages/airflow/example_dags/example_kubernetes_executor.py took 0.135 seconds
[2023-09-09T02:37:57.673+0000] {processor.py:154} INFO - Started process (PID=133) to work on /home/airflow/.local/lib/python3.7/site-packages/airflow/example_dags/example_kubernetes_executor.py
[2023-09-09T02:37:57.674+0000] {processor.py:756} INFO - Processing file /home/airflow/.local/lib/python3.7/site-packages/airflow/example_dags/example_kubernetes_executor.py for tasks to queue
[2023-09-09T02:37:57.674+0000] {logging_mixin.py:120} INFO - [2023-09-09T02:37:57.674+0000] {dagbag.py:537} INFO - Filling up the DagBag from /home/airflow/.local/lib/python3.7/site-packages/airflow/example_dags/example_kubernetes_executor.py
[2023-09-09T02:37:57.697+0000] {processor.py:766} INFO - DAG(s) dict_keys(['example_kubernetes_executor']) retrieved from /home/airflow/.local/lib/python3.7/site-packages/airflow/example_dags/example_kubernetes_executor.py
[2023-09-09T02:37:57.730+0000] {logging_mixin.py:120} INFO - [2023-09-09T02:37:57.730+0000] {dag.py:2585} INFO - Sync 1 DAGs
[2023-09-09T02:37:57.749+0000] {logging_mixin.py:120} INFO - [2023-09-09T02:37:57.749+0000] {dag.py:3340} INFO - Setting next_dagrun for example_kubernetes_executor to None, run_after=None
[2023-09-09T02:37:57.766+0000] {processor.py:176} INFO - Processing /home/airflow/.local/lib/python3.7/site-packages/airflow/example_dags/example_kubernetes_executor.py took 0.096 seconds
[2023-09-09T02:38:27.881+0000] {processor.py:154} INFO - Started process (PID=207) to work on /home/airflow/.local/lib/python3.7/site-packages/airflow/example_dags/example_kubernetes_executor.py
[2023-09-09T02:38:27.882+0000] {processor.py:756} INFO - Processing file /home/airflow/.local/lib/python3.7/site-packages/airflow/example_dags/example_kubernetes_executor.py for tasks to queue
[2023-09-09T02:38:27.882+0000] {logging_mixin.py:120} INFO - [2023-09-09T02:38:27.882+0000] {dagbag.py:537} INFO - Filling up the DagBag from /home/airflow/.local/lib/python3.7/site-packages/airflow/example_dags/example_kubernetes_executor.py
[2023-09-09T02:38:27.905+0000] {processor.py:766} INFO - DAG(s) dict_keys(['example_kubernetes_executor']) retrieved from /home/airflow/.local/lib/python3.7/site-packages/airflow/example_dags/example_kubernetes_executor.py
[2023-09-09T02:38:27.941+0000] {logging_mixin.py:120} INFO - [2023-09-09T02:38:27.941+0000] {dag.py:2585} INFO - Sync 1 DAGs
[2023-09-09T02:38:27.962+0000] {logging_mixin.py:120} INFO - [2023-09-09T02:38:27.961+0000] {dag.py:3340} INFO - Setting next_dagrun for example_kubernetes_executor to None, run_after=None
[2023-09-09T02:38:27.983+0000] {processor.py:176} INFO - Processing /home/airflow/.local/lib/python3.7/site-packages/airflow/example_dags/example_kubernetes_executor.py took 0.104 seconds
[2023-09-09T02:38:58.209+0000] {processor.py:154} INFO - Started process (PID=271) to work on /home/airflow/.local/lib/python3.7/site-packages/airflow/example_dags/example_kubernetes_executor.py
[2023-09-09T02:38:58.210+0000] {processor.py:756} INFO - Processing file /home/airflow/.local/lib/python3.7/site-packages/airflow/example_dags/example_kubernetes_executor.py for tasks to queue
[2023-09-09T02:38:58.211+0000] {logging_mixin.py:120} INFO - [2023-09-09T02:38:58.210+0000] {dagbag.py:537} INFO - Filling up the DagBag from /home/airflow/.local/lib/python3.7/site-packages/airflow/example_dags/example_kubernetes_executor.py
[2023-09-09T02:38:58.235+0000] {processor.py:766} INFO - DAG(s) dict_keys(['example_kubernetes_executor']) retrieved from /home/airflow/.local/lib/python3.7/site-packages/airflow/example_dags/example_kubernetes_executor.py
[2023-09-09T02:38:58.274+0000] {logging_mixin.py:120} INFO - [2023-09-09T02:38:58.274+0000] {dag.py:2585} INFO - Sync 1 DAGs
[2023-09-09T02:38:58.297+0000] {logging_mixin.py:120} INFO - [2023-09-09T02:38:58.297+0000] {dag.py:3340} INFO - Setting next_dagrun for example_kubernetes_executor to None, run_after=None
[2023-09-09T02:38:58.322+0000] {processor.py:176} INFO - Processing /home/airflow/.local/lib/python3.7/site-packages/airflow/example_dags/example_kubernetes_executor.py took 0.116 seconds
[2023-09-09T02:39:28.910+0000] {processor.py:154} INFO - Started process (PID=345) to work on /home/airflow/.local/lib/python3.7/site-packages/airflow/example_dags/example_kubernetes_executor.py
[2023-09-09T02:39:28.911+0000] {processor.py:756} INFO - Processing file /home/airflow/.local/lib/python3.7/site-packages/airflow/example_dags/example_kubernetes_executor.py for tasks to queue
[2023-09-09T02:39:28.912+0000] {logging_mixin.py:120} INFO - [2023-09-09T02:39:28.912+0000] {dagbag.py:537} INFO - Filling up the DagBag from /home/airflow/.local/lib/python3.7/site-packages/airflow/example_dags/example_kubernetes_executor.py
[2023-09-09T02:39:28.934+0000] {processor.py:766} INFO - DAG(s) dict_keys(['example_kubernetes_executor']) retrieved from /home/airflow/.local/lib/python3.7/site-packages/airflow/example_dags/example_kubernetes_executor.py
[2023-09-09T02:39:28.970+0000] {logging_mixin.py:120} INFO - [2023-09-09T02:39:28.970+0000] {dag.py:2585} INFO - Sync 1 DAGs
[2023-09-09T02:39:28.990+0000] {logging_mixin.py:120} INFO - [2023-09-09T02:39:28.990+0000] {dag.py:3340} INFO - Setting next_dagrun for example_kubernetes_executor to None, run_after=None
[2023-09-09T02:39:29.011+0000] {processor.py:176} INFO - Processing /home/airflow/.local/lib/python3.7/site-packages/airflow/example_dags/example_kubernetes_executor.py took 0.103 seconds
[2023-09-09T02:39:59.168+0000] {processor.py:154} INFO - Started process (PID=419) to work on /home/airflow/.local/lib/python3.7/site-packages/airflow/example_dags/example_kubernetes_executor.py
[2023-09-09T02:39:59.169+0000] {processor.py:756} INFO - Processing file /home/airflow/.local/lib/python3.7/site-packages/airflow/example_dags/example_kubernetes_executor.py for tasks to queue
[2023-09-09T02:39:59.169+0000] {logging_mixin.py:120} INFO - [2023-09-09T02:39:59.169+0000] {dagbag.py:537} INFO - Filling up the DagBag from /home/airflow/.local/lib/python3.7/site-packages/airflow/example_dags/example_kubernetes_executor.py
[2023-09-09T02:39:59.190+0000] {processor.py:766} INFO - DAG(s) dict_keys(['example_kubernetes_executor']) retrieved from /home/airflow/.local/lib/python3.7/site-packages/airflow/example_dags/example_kubernetes_executor.py
[2023-09-09T02:39:59.221+0000] {logging_mixin.py:120} INFO - [2023-09-09T02:39:59.221+0000] {dag.py:2585} INFO - Sync 1 DAGs
[2023-09-09T02:39:59.238+0000] {logging_mixin.py:120} INFO - [2023-09-09T02:39:59.237+0000] {dag.py:3340} INFO - Setting next_dagrun for example_kubernetes_executor to None, run_after=None
[2023-09-09T02:39:59.254+0000] {processor.py:176} INFO - Processing /home/airflow/.local/lib/python3.7/site-packages/airflow/example_dags/example_kubernetes_executor.py took 0.089 seconds
[2023-09-09T02:40:29.430+0000] {processor.py:154} INFO - Started process (PID=493) to work on /home/airflow/.local/lib/python3.7/site-packages/airflow/example_dags/example_kubernetes_executor.py
[2023-09-09T02:40:29.431+0000] {processor.py:756} INFO - Processing file /home/airflow/.local/lib/python3.7/site-packages/airflow/example_dags/example_kubernetes_executor.py for tasks to queue
[2023-09-09T02:40:29.432+0000] {logging_mixin.py:120} INFO - [2023-09-09T02:40:29.432+0000] {dagbag.py:537} INFO - Filling up the DagBag from /home/airflow/.local/lib/python3.7/site-packages/airflow/example_dags/example_kubernetes_executor.py
[2023-09-09T02:40:29.461+0000] {processor.py:766} INFO - DAG(s) dict_keys(['example_kubernetes_executor']) retrieved from /home/airflow/.local/lib/python3.7/site-packages/airflow/example_dags/example_kubernetes_executor.py
[2023-09-09T02:40:29.499+0000] {logging_mixin.py:120} INFO - [2023-09-09T02:40:29.499+0000] {dag.py:2585} INFO - Sync 1 DAGs
[2023-09-09T02:40:29.522+0000] {logging_mixin.py:120} INFO - [2023-09-09T02:40:29.522+0000] {dag.py:3340} INFO - Setting next_dagrun for example_kubernetes_executor to None, run_after=None
[2023-09-09T02:40:29.544+0000] {processor.py:176} INFO - Processing /home/airflow/.local/lib/python3.7/site-packages/airflow/example_dags/example_kubernetes_executor.py took 0.117 seconds
[2023-09-09T02:40:59.827+0000] {processor.py:154} INFO - Started process (PID=565) to work on /home/airflow/.local/lib/python3.7/site-packages/airflow/example_dags/example_kubernetes_executor.py
[2023-09-09T02:40:59.828+0000] {processor.py:756} INFO - Processing file /home/airflow/.local/lib/python3.7/site-packages/airflow/example_dags/example_kubernetes_executor.py for tasks to queue
[2023-09-09T02:40:59.828+0000] {logging_mixin.py:120} INFO - [2023-09-09T02:40:59.828+0000] {dagbag.py:537} INFO - Filling up the DagBag from /home/airflow/.local/lib/python3.7/site-packages/airflow/example_dags/example_kubernetes_executor.py
[2023-09-09T02:40:59.853+0000] {processor.py:766} INFO - DAG(s) dict_keys(['example_kubernetes_executor']) retrieved from /home/airflow/.local/lib/python3.7/site-packages/airflow/example_dags/example_kubernetes_executor.py
[2023-09-09T02:40:59.887+0000] {logging_mixin.py:120} INFO - [2023-09-09T02:40:59.887+0000] {dag.py:2585} INFO - Sync 1 DAGs
[2023-09-09T02:40:59.907+0000] {logging_mixin.py:120} INFO - [2023-09-09T02:40:59.907+0000] {dag.py:3340} INFO - Setting next_dagrun for example_kubernetes_executor to None, run_after=None
[2023-09-09T02:40:59.928+0000] {processor.py:176} INFO - Processing /home/airflow/.local/lib/python3.7/site-packages/airflow/example_dags/example_kubernetes_executor.py took 0.104 seconds
[2023-09-09T02:41:30.525+0000] {processor.py:154} INFO - Started process (PID=641) to work on /home/airflow/.local/lib/python3.7/site-packages/airflow/example_dags/example_kubernetes_executor.py
[2023-09-09T02:41:30.526+0000] {processor.py:756} INFO - Processing file /home/airflow/.local/lib/python3.7/site-packages/airflow/example_dags/example_kubernetes_executor.py for tasks to queue
[2023-09-09T02:41:30.526+0000] {logging_mixin.py:120} INFO - [2023-09-09T02:41:30.526+0000] {dagbag.py:537} INFO - Filling up the DagBag from /home/airflow/.local/lib/python3.7/site-packages/airflow/example_dags/example_kubernetes_executor.py
[2023-09-09T02:41:30.550+0000] {processor.py:766} INFO - DAG(s) dict_keys(['example_kubernetes_executor']) retrieved from /home/airflow/.local/lib/python3.7/site-packages/airflow/example_dags/example_kubernetes_executor.py
[2023-09-09T02:41:30.584+0000] {logging_mixin.py:120} INFO - [2023-09-09T02:41:30.584+0000] {dag.py:2585} INFO - Sync 1 DAGs
[2023-09-09T02:41:30.604+0000] {logging_mixin.py:120} INFO - [2023-09-09T02:41:30.603+0000] {dag.py:3340} INFO - Setting next_dagrun for example_kubernetes_executor to None, run_after=None
[2023-09-09T02:41:30.621+0000] {processor.py:176} INFO - Processing /home/airflow/.local/lib/python3.7/site-packages/airflow/example_dags/example_kubernetes_executor.py took 0.099 seconds
[2023-09-09T02:42:01.128+0000] {processor.py:154} INFO - Started process (PID=715) to work on /home/airflow/.local/lib/python3.7/site-packages/airflow/example_dags/example_kubernetes_executor.py
[2023-09-09T02:42:01.129+0000] {processor.py:756} INFO - Processing file /home/airflow/.local/lib/python3.7/site-packages/airflow/example_dags/example_kubernetes_executor.py for tasks to queue
[2023-09-09T02:42:01.130+0000] {logging_mixin.py:120} INFO - [2023-09-09T02:42:01.130+0000] {dagbag.py:537} INFO - Filling up the DagBag from /home/airflow/.local/lib/python3.7/site-packages/airflow/example_dags/example_kubernetes_executor.py
[2023-09-09T02:42:01.154+0000] {processor.py:766} INFO - DAG(s) dict_keys(['example_kubernetes_executor']) retrieved from /home/airflow/.local/lib/python3.7/site-packages/airflow/example_dags/example_kubernetes_executor.py
[2023-09-09T02:42:01.194+0000] {logging_mixin.py:120} INFO - [2023-09-09T02:42:01.194+0000] {dag.py:2585} INFO - Sync 1 DAGs
[2023-09-09T02:42:01.220+0000] {logging_mixin.py:120} INFO - [2023-09-09T02:42:01.220+0000] {dag.py:3340} INFO - Setting next_dagrun for example_kubernetes_executor to None, run_after=None
[2023-09-09T02:42:01.244+0000] {processor.py:176} INFO - Processing /home/airflow/.local/lib/python3.7/site-packages/airflow/example_dags/example_kubernetes_executor.py took 0.118 seconds
[2023-09-09T02:42:31.694+0000] {processor.py:154} INFO - Started process (PID=793) to work on /home/airflow/.local/lib/python3.7/site-packages/airflow/example_dags/example_kubernetes_executor.py
[2023-09-09T02:42:31.695+0000] {processor.py:756} INFO - Processing file /home/airflow/.local/lib/python3.7/site-packages/airflow/example_dags/example_kubernetes_executor.py for tasks to queue
[2023-09-09T02:42:31.696+0000] {logging_mixin.py:120} INFO - [2023-09-09T02:42:31.695+0000] {dagbag.py:537} INFO - Filling up the DagBag from /home/airflow/.local/lib/python3.7/site-packages/airflow/example_dags/example_kubernetes_executor.py
[2023-09-09T02:42:31.715+0000] {processor.py:766} INFO - DAG(s) dict_keys(['example_kubernetes_executor']) retrieved from /home/airflow/.local/lib/python3.7/site-packages/airflow/example_dags/example_kubernetes_executor.py
[2023-09-09T02:42:31.747+0000] {logging_mixin.py:120} INFO - [2023-09-09T02:42:31.746+0000] {dag.py:2585} INFO - Sync 1 DAGs
[2023-09-09T02:42:31.763+0000] {logging_mixin.py:120} INFO - [2023-09-09T02:42:31.763+0000] {dag.py:3340} INFO - Setting next_dagrun for example_kubernetes_executor to None, run_after=None
[2023-09-09T02:42:31.781+0000] {processor.py:176} INFO - Processing /home/airflow/.local/lib/python3.7/site-packages/airflow/example_dags/example_kubernetes_executor.py took 0.089 seconds
[2023-09-09T02:43:02.202+0000] {processor.py:154} INFO - Started process (PID=871) to work on /home/airflow/.local/lib/python3.7/site-packages/airflow/example_dags/example_kubernetes_executor.py
[2023-09-09T02:43:02.203+0000] {processor.py:756} INFO - Processing file /home/airflow/.local/lib/python3.7/site-packages/airflow/example_dags/example_kubernetes_executor.py for tasks to queue
[2023-09-09T02:43:02.204+0000] {logging_mixin.py:120} INFO - [2023-09-09T02:43:02.204+0000] {dagbag.py:537} INFO - Filling up the DagBag from /home/airflow/.local/lib/python3.7/site-packages/airflow/example_dags/example_kubernetes_executor.py
[2023-09-09T02:43:02.228+0000] {processor.py:766} INFO - DAG(s) dict_keys(['example_kubernetes_executor']) retrieved from /home/airflow/.local/lib/python3.7/site-packages/airflow/example_dags/example_kubernetes_executor.py
[2023-09-09T02:43:02.261+0000] {logging_mixin.py:120} INFO - [2023-09-09T02:43:02.261+0000] {dag.py:2585} INFO - Sync 1 DAGs
[2023-09-09T02:43:02.284+0000] {logging_mixin.py:120} INFO - [2023-09-09T02:43:02.284+0000] {dag.py:3340} INFO - Setting next_dagrun for example_kubernetes_executor to None, run_after=None
[2023-09-09T02:43:02.304+0000] {processor.py:176} INFO - Processing /home/airflow/.local/lib/python3.7/site-packages/airflow/example_dags/example_kubernetes_executor.py took 0.105 seconds
[2023-09-09T02:43:32.662+0000] {processor.py:154} INFO - Started process (PID=936) to work on /home/airflow/.local/lib/python3.7/site-packages/airflow/example_dags/example_kubernetes_executor.py
[2023-09-09T02:43:32.663+0000] {processor.py:756} INFO - Processing file /home/airflow/.local/lib/python3.7/site-packages/airflow/example_dags/example_kubernetes_executor.py for tasks to queue
[2023-09-09T02:43:32.664+0000] {logging_mixin.py:120} INFO - [2023-09-09T02:43:32.664+0000] {dagbag.py:537} INFO - Filling up the DagBag from /home/airflow/.local/lib/python3.7/site-packages/airflow/example_dags/example_kubernetes_executor.py
[2023-09-09T02:43:32.688+0000] {processor.py:766} INFO - DAG(s) dict_keys(['example_kubernetes_executor']) retrieved from /home/airflow/.local/lib/python3.7/site-packages/airflow/example_dags/example_kubernetes_executor.py
[2023-09-09T02:43:32.724+0000] {logging_mixin.py:120} INFO - [2023-09-09T02:43:32.724+0000] {dag.py:2585} INFO - Sync 1 DAGs
[2023-09-09T02:43:32.745+0000] {logging_mixin.py:120} INFO - [2023-09-09T02:43:32.745+0000] {dag.py:3340} INFO - Setting next_dagrun for example_kubernetes_executor to None, run_after=None
[2023-09-09T02:43:32.767+0000] {processor.py:176} INFO - Processing /home/airflow/.local/lib/python3.7/site-packages/airflow/example_dags/example_kubernetes_executor.py took 0.107 seconds
[2023-09-09T02:44:03.002+0000] {processor.py:154} INFO - Started process (PID=1011) to work on /home/airflow/.local/lib/python3.7/site-packages/airflow/example_dags/example_kubernetes_executor.py
[2023-09-09T02:44:03.003+0000] {processor.py:756} INFO - Processing file /home/airflow/.local/lib/python3.7/site-packages/airflow/example_dags/example_kubernetes_executor.py for tasks to queue
[2023-09-09T02:44:03.004+0000] {logging_mixin.py:120} INFO - [2023-09-09T02:44:03.003+0000] {dagbag.py:537} INFO - Filling up the DagBag from /home/airflow/.local/lib/python3.7/site-packages/airflow/example_dags/example_kubernetes_executor.py
[2023-09-09T02:44:03.031+0000] {processor.py:766} INFO - DAG(s) dict_keys(['example_kubernetes_executor']) retrieved from /home/airflow/.local/lib/python3.7/site-packages/airflow/example_dags/example_kubernetes_executor.py
[2023-09-09T02:44:03.074+0000] {logging_mixin.py:120} INFO - [2023-09-09T02:44:03.074+0000] {dag.py:2585} INFO - Sync 1 DAGs
[2023-09-09T02:44:03.099+0000] {logging_mixin.py:120} INFO - [2023-09-09T02:44:03.099+0000] {dag.py:3340} INFO - Setting next_dagrun for example_kubernetes_executor to None, run_after=None
[2023-09-09T02:44:03.124+0000] {processor.py:176} INFO - Processing /home/airflow/.local/lib/python3.7/site-packages/airflow/example_dags/example_kubernetes_executor.py took 0.125 seconds
[2023-09-09T02:44:33.192+0000] {processor.py:154} INFO - Started process (PID=1086) to work on /home/airflow/.local/lib/python3.7/site-packages/airflow/example_dags/example_kubernetes_executor.py
[2023-09-09T02:44:33.193+0000] {processor.py:756} INFO - Processing file /home/airflow/.local/lib/python3.7/site-packages/airflow/example_dags/example_kubernetes_executor.py for tasks to queue
[2023-09-09T02:44:33.194+0000] {logging_mixin.py:120} INFO - [2023-09-09T02:44:33.194+0000] {dagbag.py:537} INFO - Filling up the DagBag from /home/airflow/.local/lib/python3.7/site-packages/airflow/example_dags/example_kubernetes_executor.py
[2023-09-09T02:44:33.216+0000] {processor.py:766} INFO - DAG(s) dict_keys(['example_kubernetes_executor']) retrieved from /home/airflow/.local/lib/python3.7/site-packages/airflow/example_dags/example_kubernetes_executor.py
[2023-09-09T02:44:33.250+0000] {logging_mixin.py:120} INFO - [2023-09-09T02:44:33.250+0000] {dag.py:2585} INFO - Sync 1 DAGs
[2023-09-09T02:44:33.269+0000] {logging_mixin.py:120} INFO - [2023-09-09T02:44:33.268+0000] {dag.py:3340} INFO - Setting next_dagrun for example_kubernetes_executor to None, run_after=None
[2023-09-09T02:44:33.288+0000] {processor.py:176} INFO - Processing /home/airflow/.local/lib/python3.7/site-packages/airflow/example_dags/example_kubernetes_executor.py took 0.099 seconds
[2023-09-09T02:45:03.360+0000] {processor.py:154} INFO - Started process (PID=1150) to work on /home/airflow/.local/lib/python3.7/site-packages/airflow/example_dags/example_kubernetes_executor.py
[2023-09-09T02:45:03.361+0000] {processor.py:756} INFO - Processing file /home/airflow/.local/lib/python3.7/site-packages/airflow/example_dags/example_kubernetes_executor.py for tasks to queue
[2023-09-09T02:45:03.362+0000] {logging_mixin.py:120} INFO - [2023-09-09T02:45:03.362+0000] {dagbag.py:537} INFO - Filling up the DagBag from /home/airflow/.local/lib/python3.7/site-packages/airflow/example_dags/example_kubernetes_executor.py
[2023-09-09T02:45:03.385+0000] {processor.py:766} INFO - DAG(s) dict_keys(['example_kubernetes_executor']) retrieved from /home/airflow/.local/lib/python3.7/site-packages/airflow/example_dags/example_kubernetes_executor.py
[2023-09-09T02:45:03.416+0000] {logging_mixin.py:120} INFO - [2023-09-09T02:45:03.416+0000] {dag.py:2585} INFO - Sync 1 DAGs
[2023-09-09T02:45:03.436+0000] {logging_mixin.py:120} INFO - [2023-09-09T02:45:03.436+0000] {dag.py:3340} INFO - Setting next_dagrun for example_kubernetes_executor to None, run_after=None
[2023-09-09T02:45:03.453+0000] {processor.py:176} INFO - Processing /home/airflow/.local/lib/python3.7/site-packages/airflow/example_dags/example_kubernetes_executor.py took 0.096 seconds
