[2023-09-09T02:37:27.774+0000] {processor.py:154} INFO - Started process (PID=73) to work on /home/airflow/.local/lib/python3.7/site-packages/airflow/example_dags/example_latest_only.py
[2023-09-09T02:37:27.775+0000] {processor.py:756} INFO - Processing file /home/airflow/.local/lib/python3.7/site-packages/airflow/example_dags/example_latest_only.py for tasks to queue
[2023-09-09T02:37:27.775+0000] {logging_mixin.py:120} INFO - [2023-09-09T02:37:27.775+0000] {dagbag.py:537} INFO - Filling up the DagBag from /home/airflow/.local/lib/python3.7/site-packages/airflow/example_dags/example_latest_only.py
[2023-09-09T02:37:27.787+0000] {processor.py:766} INFO - DAG(s) dict_keys(['latest_only']) retrieved from /home/airflow/.local/lib/python3.7/site-packages/airflow/example_dags/example_latest_only.py
[2023-09-09T02:37:27.818+0000] {logging_mixin.py:120} INFO - [2023-09-09T02:37:27.818+0000] {dag.py:2585} INFO - Sync 1 DAGs
[2023-09-09T02:37:27.840+0000] {logging_mixin.py:120} INFO - [2023-09-09T02:37:27.840+0000] {dag.py:3340} INFO - Setting next_dagrun for latest_only to 2023-09-08T22:37:27.840383+00:00, run_after=2023-09-09T02:37:27.840383+00:00
[2023-09-09T02:37:27.859+0000] {processor.py:176} INFO - Processing /home/airflow/.local/lib/python3.7/site-packages/airflow/example_dags/example_latest_only.py took 0.088 seconds
[2023-09-09T02:37:58.493+0000] {processor.py:154} INFO - Started process (PID=147) to work on /home/airflow/.local/lib/python3.7/site-packages/airflow/example_dags/example_latest_only.py
[2023-09-09T02:37:58.494+0000] {processor.py:756} INFO - Processing file /home/airflow/.local/lib/python3.7/site-packages/airflow/example_dags/example_latest_only.py for tasks to queue
[2023-09-09T02:37:58.495+0000] {logging_mixin.py:120} INFO - [2023-09-09T02:37:58.494+0000] {dagbag.py:537} INFO - Filling up the DagBag from /home/airflow/.local/lib/python3.7/site-packages/airflow/example_dags/example_latest_only.py
[2023-09-09T02:37:58.506+0000] {processor.py:766} INFO - DAG(s) dict_keys(['latest_only']) retrieved from /home/airflow/.local/lib/python3.7/site-packages/airflow/example_dags/example_latest_only.py
[2023-09-09T02:37:58.537+0000] {logging_mixin.py:120} INFO - [2023-09-09T02:37:58.537+0000] {dag.py:2585} INFO - Sync 1 DAGs
[2023-09-09T02:37:58.557+0000] {logging_mixin.py:120} INFO - [2023-09-09T02:37:58.557+0000] {dag.py:3340} INFO - Setting next_dagrun for latest_only to 2023-09-08T22:37:58.556981+00:00, run_after=2023-09-09T02:37:58.556981+00:00
[2023-09-09T02:37:58.573+0000] {processor.py:176} INFO - Processing /home/airflow/.local/lib/python3.7/site-packages/airflow/example_dags/example_latest_only.py took 0.084 seconds
[2023-09-09T02:38:29.064+0000] {processor.py:154} INFO - Started process (PID=222) to work on /home/airflow/.local/lib/python3.7/site-packages/airflow/example_dags/example_latest_only.py
[2023-09-09T02:38:29.064+0000] {processor.py:756} INFO - Processing file /home/airflow/.local/lib/python3.7/site-packages/airflow/example_dags/example_latest_only.py for tasks to queue
[2023-09-09T02:38:29.065+0000] {logging_mixin.py:120} INFO - [2023-09-09T02:38:29.065+0000] {dagbag.py:537} INFO - Filling up the DagBag from /home/airflow/.local/lib/python3.7/site-packages/airflow/example_dags/example_latest_only.py
[2023-09-09T02:38:29.077+0000] {processor.py:766} INFO - DAG(s) dict_keys(['latest_only']) retrieved from /home/airflow/.local/lib/python3.7/site-packages/airflow/example_dags/example_latest_only.py
[2023-09-09T02:38:29.109+0000] {logging_mixin.py:120} INFO - [2023-09-09T02:38:29.108+0000] {dag.py:2585} INFO - Sync 1 DAGs
[2023-09-09T02:38:29.127+0000] {logging_mixin.py:120} INFO - [2023-09-09T02:38:29.127+0000] {dag.py:3340} INFO - Setting next_dagrun for latest_only to 2023-09-08T22:38:29.127360+00:00, run_after=2023-09-09T02:38:29.127360+00:00
[2023-09-09T02:38:29.146+0000] {processor.py:176} INFO - Processing /home/airflow/.local/lib/python3.7/site-packages/airflow/example_dags/example_latest_only.py took 0.084 seconds
[2023-09-09T02:38:59.612+0000] {processor.py:154} INFO - Started process (PID=296) to work on /home/airflow/.local/lib/python3.7/site-packages/airflow/example_dags/example_latest_only.py
[2023-09-09T02:38:59.613+0000] {processor.py:756} INFO - Processing file /home/airflow/.local/lib/python3.7/site-packages/airflow/example_dags/example_latest_only.py for tasks to queue
[2023-09-09T02:38:59.613+0000] {logging_mixin.py:120} INFO - [2023-09-09T02:38:59.613+0000] {dagbag.py:537} INFO - Filling up the DagBag from /home/airflow/.local/lib/python3.7/site-packages/airflow/example_dags/example_latest_only.py
[2023-09-09T02:38:59.624+0000] {processor.py:766} INFO - DAG(s) dict_keys(['latest_only']) retrieved from /home/airflow/.local/lib/python3.7/site-packages/airflow/example_dags/example_latest_only.py
[2023-09-09T02:38:59.657+0000] {logging_mixin.py:120} INFO - [2023-09-09T02:38:59.656+0000] {dag.py:2585} INFO - Sync 1 DAGs
[2023-09-09T02:38:59.677+0000] {logging_mixin.py:120} INFO - [2023-09-09T02:38:59.677+0000] {dag.py:3340} INFO - Setting next_dagrun for latest_only to 2023-09-08T22:38:59.677497+00:00, run_after=2023-09-09T02:38:59.677497+00:00
[2023-09-09T02:38:59.698+0000] {processor.py:176} INFO - Processing /home/airflow/.local/lib/python3.7/site-packages/airflow/example_dags/example_latest_only.py took 0.089 seconds
[2023-09-09T02:39:30.058+0000] {processor.py:154} INFO - Started process (PID=361) to work on /home/airflow/.local/lib/python3.7/site-packages/airflow/example_dags/example_latest_only.py
[2023-09-09T02:39:30.059+0000] {processor.py:756} INFO - Processing file /home/airflow/.local/lib/python3.7/site-packages/airflow/example_dags/example_latest_only.py for tasks to queue
[2023-09-09T02:39:30.060+0000] {logging_mixin.py:120} INFO - [2023-09-09T02:39:30.059+0000] {dagbag.py:537} INFO - Filling up the DagBag from /home/airflow/.local/lib/python3.7/site-packages/airflow/example_dags/example_latest_only.py
[2023-09-09T02:39:30.071+0000] {processor.py:766} INFO - DAG(s) dict_keys(['latest_only']) retrieved from /home/airflow/.local/lib/python3.7/site-packages/airflow/example_dags/example_latest_only.py
[2023-09-09T02:39:30.101+0000] {logging_mixin.py:120} INFO - [2023-09-09T02:39:30.101+0000] {dag.py:2585} INFO - Sync 1 DAGs
[2023-09-09T02:39:30.123+0000] {logging_mixin.py:120} INFO - [2023-09-09T02:39:30.122+0000] {dag.py:3340} INFO - Setting next_dagrun for latest_only to 2023-09-08T22:39:30.122716+00:00, run_after=2023-09-09T02:39:30.122716+00:00
[2023-09-09T02:39:30.143+0000] {processor.py:176} INFO - Processing /home/airflow/.local/lib/python3.7/site-packages/airflow/example_dags/example_latest_only.py took 0.088 seconds
[2023-09-09T02:40:01.130+0000] {processor.py:154} INFO - Started process (PID=435) to work on /home/airflow/.local/lib/python3.7/site-packages/airflow/example_dags/example_latest_only.py
[2023-09-09T02:40:01.131+0000] {processor.py:756} INFO - Processing file /home/airflow/.local/lib/python3.7/site-packages/airflow/example_dags/example_latest_only.py for tasks to queue
[2023-09-09T02:40:01.131+0000] {logging_mixin.py:120} INFO - [2023-09-09T02:40:01.131+0000] {dagbag.py:537} INFO - Filling up the DagBag from /home/airflow/.local/lib/python3.7/site-packages/airflow/example_dags/example_latest_only.py
[2023-09-09T02:40:01.141+0000] {processor.py:766} INFO - DAG(s) dict_keys(['latest_only']) retrieved from /home/airflow/.local/lib/python3.7/site-packages/airflow/example_dags/example_latest_only.py
[2023-09-09T02:40:01.171+0000] {logging_mixin.py:120} INFO - [2023-09-09T02:40:01.171+0000] {dag.py:2585} INFO - Sync 1 DAGs
[2023-09-09T02:40:01.189+0000] {logging_mixin.py:120} INFO - [2023-09-09T02:40:01.189+0000] {dag.py:3340} INFO - Setting next_dagrun for latest_only to 2023-09-08T22:40:01.189669+00:00, run_after=2023-09-09T02:40:01.189669+00:00
[2023-09-09T02:40:01.206+0000] {processor.py:176} INFO - Processing /home/airflow/.local/lib/python3.7/site-packages/airflow/example_dags/example_latest_only.py took 0.079 seconds
[2023-09-09T02:40:31.661+0000] {processor.py:154} INFO - Started process (PID=509) to work on /home/airflow/.local/lib/python3.7/site-packages/airflow/example_dags/example_latest_only.py
[2023-09-09T02:40:31.662+0000] {processor.py:756} INFO - Processing file /home/airflow/.local/lib/python3.7/site-packages/airflow/example_dags/example_latest_only.py for tasks to queue
[2023-09-09T02:40:31.663+0000] {logging_mixin.py:120} INFO - [2023-09-09T02:40:31.662+0000] {dagbag.py:537} INFO - Filling up the DagBag from /home/airflow/.local/lib/python3.7/site-packages/airflow/example_dags/example_latest_only.py
[2023-09-09T02:40:31.673+0000] {processor.py:766} INFO - DAG(s) dict_keys(['latest_only']) retrieved from /home/airflow/.local/lib/python3.7/site-packages/airflow/example_dags/example_latest_only.py
[2023-09-09T02:40:31.706+0000] {logging_mixin.py:120} INFO - [2023-09-09T02:40:31.706+0000] {dag.py:2585} INFO - Sync 1 DAGs
[2023-09-09T02:40:31.727+0000] {logging_mixin.py:120} INFO - [2023-09-09T02:40:31.726+0000] {dag.py:3340} INFO - Setting next_dagrun for latest_only to 2023-09-08T22:40:31.726690+00:00, run_after=2023-09-09T02:40:31.726690+00:00
[2023-09-09T02:40:31.747+0000] {processor.py:176} INFO - Processing /home/airflow/.local/lib/python3.7/site-packages/airflow/example_dags/example_latest_only.py took 0.089 seconds
[2023-09-09T02:41:01.928+0000] {processor.py:154} INFO - Started process (PID=583) to work on /home/airflow/.local/lib/python3.7/site-packages/airflow/example_dags/example_latest_only.py
[2023-09-09T02:41:01.929+0000] {processor.py:756} INFO - Processing file /home/airflow/.local/lib/python3.7/site-packages/airflow/example_dags/example_latest_only.py for tasks to queue
[2023-09-09T02:41:01.930+0000] {logging_mixin.py:120} INFO - [2023-09-09T02:41:01.930+0000] {dagbag.py:537} INFO - Filling up the DagBag from /home/airflow/.local/lib/python3.7/site-packages/airflow/example_dags/example_latest_only.py
[2023-09-09T02:41:01.942+0000] {processor.py:766} INFO - DAG(s) dict_keys(['latest_only']) retrieved from /home/airflow/.local/lib/python3.7/site-packages/airflow/example_dags/example_latest_only.py
[2023-09-09T02:41:01.975+0000] {logging_mixin.py:120} INFO - [2023-09-09T02:41:01.974+0000] {dag.py:2585} INFO - Sync 1 DAGs
[2023-09-09T02:41:01.996+0000] {logging_mixin.py:120} INFO - [2023-09-09T02:41:01.996+0000] {dag.py:3340} INFO - Setting next_dagrun for latest_only to 2023-09-08T22:41:01.995852+00:00, run_after=2023-09-09T02:41:01.995852+00:00
[2023-09-09T02:41:02.018+0000] {processor.py:176} INFO - Processing /home/airflow/.local/lib/python3.7/site-packages/airflow/example_dags/example_latest_only.py took 0.092 seconds
[2023-09-09T02:41:32.713+0000] {processor.py:154} INFO - Started process (PID=657) to work on /home/airflow/.local/lib/python3.7/site-packages/airflow/example_dags/example_latest_only.py
[2023-09-09T02:41:32.714+0000] {processor.py:756} INFO - Processing file /home/airflow/.local/lib/python3.7/site-packages/airflow/example_dags/example_latest_only.py for tasks to queue
[2023-09-09T02:41:32.714+0000] {logging_mixin.py:120} INFO - [2023-09-09T02:41:32.714+0000] {dagbag.py:537} INFO - Filling up the DagBag from /home/airflow/.local/lib/python3.7/site-packages/airflow/example_dags/example_latest_only.py
[2023-09-09T02:41:32.725+0000] {processor.py:766} INFO - DAG(s) dict_keys(['latest_only']) retrieved from /home/airflow/.local/lib/python3.7/site-packages/airflow/example_dags/example_latest_only.py
[2023-09-09T02:41:32.758+0000] {logging_mixin.py:120} INFO - [2023-09-09T02:41:32.757+0000] {dag.py:2585} INFO - Sync 1 DAGs
[2023-09-09T02:41:32.780+0000] {logging_mixin.py:120} INFO - [2023-09-09T02:41:32.780+0000] {dag.py:3340} INFO - Setting next_dagrun for latest_only to 2023-09-08T22:41:32.780396+00:00, run_after=2023-09-09T02:41:32.780396+00:00
[2023-09-09T02:41:32.799+0000] {processor.py:176} INFO - Processing /home/airflow/.local/lib/python3.7/site-packages/airflow/example_dags/example_latest_only.py took 0.089 seconds
[2023-09-09T02:42:03.147+0000] {processor.py:154} INFO - Started process (PID=731) to work on /home/airflow/.local/lib/python3.7/site-packages/airflow/example_dags/example_latest_only.py
[2023-09-09T02:42:03.148+0000] {processor.py:756} INFO - Processing file /home/airflow/.local/lib/python3.7/site-packages/airflow/example_dags/example_latest_only.py for tasks to queue
[2023-09-09T02:42:03.149+0000] {logging_mixin.py:120} INFO - [2023-09-09T02:42:03.149+0000] {dagbag.py:537} INFO - Filling up the DagBag from /home/airflow/.local/lib/python3.7/site-packages/airflow/example_dags/example_latest_only.py
[2023-09-09T02:42:03.159+0000] {processor.py:766} INFO - DAG(s) dict_keys(['latest_only']) retrieved from /home/airflow/.local/lib/python3.7/site-packages/airflow/example_dags/example_latest_only.py
[2023-09-09T02:42:03.192+0000] {logging_mixin.py:120} INFO - [2023-09-09T02:42:03.192+0000] {dag.py:2585} INFO - Sync 1 DAGs
[2023-09-09T02:42:03.215+0000] {logging_mixin.py:120} INFO - [2023-09-09T02:42:03.215+0000] {dag.py:3340} INFO - Setting next_dagrun for latest_only to 2023-09-08T22:42:03.215560+00:00, run_after=2023-09-09T02:42:03.215560+00:00
[2023-09-09T02:42:03.239+0000] {processor.py:176} INFO - Processing /home/airflow/.local/lib/python3.7/site-packages/airflow/example_dags/example_latest_only.py took 0.094 seconds
[2023-09-09T02:42:33.819+0000] {processor.py:154} INFO - Started process (PID=810) to work on /home/airflow/.local/lib/python3.7/site-packages/airflow/example_dags/example_latest_only.py
[2023-09-09T02:42:33.820+0000] {processor.py:756} INFO - Processing file /home/airflow/.local/lib/python3.7/site-packages/airflow/example_dags/example_latest_only.py for tasks to queue
[2023-09-09T02:42:33.821+0000] {logging_mixin.py:120} INFO - [2023-09-09T02:42:33.821+0000] {dagbag.py:537} INFO - Filling up the DagBag from /home/airflow/.local/lib/python3.7/site-packages/airflow/example_dags/example_latest_only.py
[2023-09-09T02:42:33.831+0000] {processor.py:766} INFO - DAG(s) dict_keys(['latest_only']) retrieved from /home/airflow/.local/lib/python3.7/site-packages/airflow/example_dags/example_latest_only.py
[2023-09-09T02:42:33.864+0000] {logging_mixin.py:120} INFO - [2023-09-09T02:42:33.864+0000] {dag.py:2585} INFO - Sync 1 DAGs
[2023-09-09T02:42:33.886+0000] {logging_mixin.py:120} INFO - [2023-09-09T02:42:33.886+0000] {dag.py:3340} INFO - Setting next_dagrun for latest_only to 2023-09-08T22:42:33.886098+00:00, run_after=2023-09-09T02:42:33.886098+00:00
[2023-09-09T02:42:33.905+0000] {processor.py:176} INFO - Processing /home/airflow/.local/lib/python3.7/site-packages/airflow/example_dags/example_latest_only.py took 0.088 seconds
[2023-09-09T02:43:04.259+0000] {processor.py:154} INFO - Started process (PID=888) to work on /home/airflow/.local/lib/python3.7/site-packages/airflow/example_dags/example_latest_only.py
[2023-09-09T02:43:04.260+0000] {processor.py:756} INFO - Processing file /home/airflow/.local/lib/python3.7/site-packages/airflow/example_dags/example_latest_only.py for tasks to queue
[2023-09-09T02:43:04.260+0000] {logging_mixin.py:120} INFO - [2023-09-09T02:43:04.260+0000] {dagbag.py:537} INFO - Filling up the DagBag from /home/airflow/.local/lib/python3.7/site-packages/airflow/example_dags/example_latest_only.py
[2023-09-09T02:43:04.271+0000] {processor.py:766} INFO - DAG(s) dict_keys(['latest_only']) retrieved from /home/airflow/.local/lib/python3.7/site-packages/airflow/example_dags/example_latest_only.py
[2023-09-09T02:43:04.302+0000] {logging_mixin.py:120} INFO - [2023-09-09T02:43:04.302+0000] {dag.py:2585} INFO - Sync 1 DAGs
[2023-09-09T02:43:04.319+0000] {logging_mixin.py:120} INFO - [2023-09-09T02:43:04.319+0000] {dag.py:3340} INFO - Setting next_dagrun for latest_only to 2023-09-08T22:43:04.319024+00:00, run_after=2023-09-09T02:43:04.319024+00:00
[2023-09-09T02:43:04.340+0000] {processor.py:176} INFO - Processing /home/airflow/.local/lib/python3.7/site-packages/airflow/example_dags/example_latest_only.py took 0.083 seconds
[2023-09-09T02:43:34.783+0000] {processor.py:154} INFO - Started process (PID=951) to work on /home/airflow/.local/lib/python3.7/site-packages/airflow/example_dags/example_latest_only.py
[2023-09-09T02:43:34.784+0000] {processor.py:756} INFO - Processing file /home/airflow/.local/lib/python3.7/site-packages/airflow/example_dags/example_latest_only.py for tasks to queue
[2023-09-09T02:43:34.785+0000] {logging_mixin.py:120} INFO - [2023-09-09T02:43:34.785+0000] {dagbag.py:537} INFO - Filling up the DagBag from /home/airflow/.local/lib/python3.7/site-packages/airflow/example_dags/example_latest_only.py
[2023-09-09T02:43:34.797+0000] {processor.py:766} INFO - DAG(s) dict_keys(['latest_only']) retrieved from /home/airflow/.local/lib/python3.7/site-packages/airflow/example_dags/example_latest_only.py
[2023-09-09T02:43:34.829+0000] {logging_mixin.py:120} INFO - [2023-09-09T02:43:34.829+0000] {dag.py:2585} INFO - Sync 1 DAGs
[2023-09-09T02:43:34.851+0000] {logging_mixin.py:120} INFO - [2023-09-09T02:43:34.851+0000] {dag.py:3340} INFO - Setting next_dagrun for latest_only to 2023-09-08T22:43:34.851614+00:00, run_after=2023-09-09T02:43:34.851614+00:00
[2023-09-09T02:43:34.872+0000] {processor.py:176} INFO - Processing /home/airflow/.local/lib/python3.7/site-packages/airflow/example_dags/example_latest_only.py took 0.092 seconds
[2023-09-09T02:44:04.976+0000] {processor.py:154} INFO - Started process (PID=1025) to work on /home/airflow/.local/lib/python3.7/site-packages/airflow/example_dags/example_latest_only.py
[2023-09-09T02:44:04.977+0000] {processor.py:756} INFO - Processing file /home/airflow/.local/lib/python3.7/site-packages/airflow/example_dags/example_latest_only.py for tasks to queue
[2023-09-09T02:44:04.978+0000] {logging_mixin.py:120} INFO - [2023-09-09T02:44:04.978+0000] {dagbag.py:537} INFO - Filling up the DagBag from /home/airflow/.local/lib/python3.7/site-packages/airflow/example_dags/example_latest_only.py
[2023-09-09T02:44:04.994+0000] {processor.py:766} INFO - DAG(s) dict_keys(['latest_only']) retrieved from /home/airflow/.local/lib/python3.7/site-packages/airflow/example_dags/example_latest_only.py
[2023-09-09T02:44:05.033+0000] {logging_mixin.py:120} INFO - [2023-09-09T02:44:05.033+0000] {dag.py:2585} INFO - Sync 1 DAGs
[2023-09-09T02:44:05.055+0000] {logging_mixin.py:120} INFO - [2023-09-09T02:44:05.055+0000] {dag.py:3340} INFO - Setting next_dagrun for latest_only to 2023-09-08T22:44:05.055261+00:00, run_after=2023-09-09T02:44:05.055261+00:00
[2023-09-09T02:44:05.078+0000] {processor.py:176} INFO - Processing /home/airflow/.local/lib/python3.7/site-packages/airflow/example_dags/example_latest_only.py took 0.104 seconds
[2023-09-09T02:44:35.157+0000] {processor.py:154} INFO - Started process (PID=1100) to work on /home/airflow/.local/lib/python3.7/site-packages/airflow/example_dags/example_latest_only.py
[2023-09-09T02:44:35.158+0000] {processor.py:756} INFO - Processing file /home/airflow/.local/lib/python3.7/site-packages/airflow/example_dags/example_latest_only.py for tasks to queue
[2023-09-09T02:44:35.159+0000] {logging_mixin.py:120} INFO - [2023-09-09T02:44:35.159+0000] {dagbag.py:537} INFO - Filling up the DagBag from /home/airflow/.local/lib/python3.7/site-packages/airflow/example_dags/example_latest_only.py
[2023-09-09T02:44:35.169+0000] {processor.py:766} INFO - DAG(s) dict_keys(['latest_only']) retrieved from /home/airflow/.local/lib/python3.7/site-packages/airflow/example_dags/example_latest_only.py
[2023-09-09T02:44:35.199+0000] {logging_mixin.py:120} INFO - [2023-09-09T02:44:35.198+0000] {dag.py:2585} INFO - Sync 1 DAGs
[2023-09-09T02:44:35.217+0000] {logging_mixin.py:120} INFO - [2023-09-09T02:44:35.216+0000] {dag.py:3340} INFO - Setting next_dagrun for latest_only to 2023-09-08T22:44:35.216727+00:00, run_after=2023-09-09T02:44:35.216727+00:00
[2023-09-09T02:44:35.234+0000] {processor.py:176} INFO - Processing /home/airflow/.local/lib/python3.7/site-packages/airflow/example_dags/example_latest_only.py took 0.080 seconds
[2023-09-09T02:45:05.879+0000] {processor.py:154} INFO - Started process (PID=1173) to work on /home/airflow/.local/lib/python3.7/site-packages/airflow/example_dags/example_latest_only.py
[2023-09-09T02:45:05.880+0000] {processor.py:756} INFO - Processing file /home/airflow/.local/lib/python3.7/site-packages/airflow/example_dags/example_latest_only.py for tasks to queue
[2023-09-09T02:45:05.881+0000] {logging_mixin.py:120} INFO - [2023-09-09T02:45:05.881+0000] {dagbag.py:537} INFO - Filling up the DagBag from /home/airflow/.local/lib/python3.7/site-packages/airflow/example_dags/example_latest_only.py
[2023-09-09T02:45:05.893+0000] {processor.py:766} INFO - DAG(s) dict_keys(['latest_only']) retrieved from /home/airflow/.local/lib/python3.7/site-packages/airflow/example_dags/example_latest_only.py
[2023-09-09T02:45:05.928+0000] {logging_mixin.py:120} INFO - [2023-09-09T02:45:05.928+0000] {dag.py:2585} INFO - Sync 1 DAGs
[2023-09-09T02:45:05.951+0000] {logging_mixin.py:120} INFO - [2023-09-09T02:45:05.951+0000] {dag.py:3340} INFO - Setting next_dagrun for latest_only to 2023-09-08T22:45:05.951141+00:00, run_after=2023-09-09T02:45:05.951141+00:00
[2023-09-09T02:45:05.974+0000] {processor.py:176} INFO - Processing /home/airflow/.local/lib/python3.7/site-packages/airflow/example_dags/example_latest_only.py took 0.098 seconds
