[2023-09-09T02:37:28.551+0000] {processor.py:154} INFO - Started process (PID=80) to work on /home/airflow/.local/lib/python3.7/site-packages/airflow/example_dags/example_branch_datetime_operator.py
[2023-09-09T02:37:28.552+0000] {processor.py:756} INFO - Processing file /home/airflow/.local/lib/python3.7/site-packages/airflow/example_dags/example_branch_datetime_operator.py for tasks to queue
[2023-09-09T02:37:28.553+0000] {logging_mixin.py:120} INFO - [2023-09-09T02:37:28.552+0000] {dagbag.py:537} INFO - Filling up the DagBag from /home/airflow/.local/lib/python3.7/site-packages/airflow/example_dags/example_branch_datetime_operator.py
[2023-09-09T02:37:28.568+0000] {processor.py:766} INFO - DAG(s) dict_keys(['example_branch_datetime_operator_3', 'example_branch_datetime_operator_2', 'example_branch_datetime_operator']) retrieved from /home/airflow/.local/lib/python3.7/site-packages/airflow/example_dags/example_branch_datetime_operator.py
[2023-09-09T02:37:28.612+0000] {logging_mixin.py:120} INFO - [2023-09-09T02:37:28.612+0000] {dag.py:2585} INFO - Sync 3 DAGs
[2023-09-09T02:37:28.639+0000] {logging_mixin.py:120} INFO - [2023-09-09T02:37:28.638+0000] {dag.py:3340} INFO - Setting next_dagrun for example_branch_datetime_operator to 2023-09-08T00:00:00+00:00, run_after=2023-09-09T00:00:00+00:00
[2023-09-09T02:37:28.644+0000] {logging_mixin.py:120} INFO - [2023-09-09T02:37:28.644+0000] {dag.py:3340} INFO - Setting next_dagrun for example_branch_datetime_operator_2 to 2023-09-08T00:00:00+00:00, run_after=2023-09-09T00:00:00+00:00
[2023-09-09T02:37:28.647+0000] {logging_mixin.py:120} INFO - [2023-09-09T02:37:28.647+0000] {dag.py:3340} INFO - Setting next_dagrun for example_branch_datetime_operator_3 to 2023-09-08T00:00:00+00:00, run_after=2023-09-09T00:00:00+00:00
[2023-09-09T02:37:28.668+0000] {processor.py:176} INFO - Processing /home/airflow/.local/lib/python3.7/site-packages/airflow/example_dags/example_branch_datetime_operator.py took 0.119 seconds
[2023-09-09T02:37:58.926+0000] {processor.py:154} INFO - Started process (PID=154) to work on /home/airflow/.local/lib/python3.7/site-packages/airflow/example_dags/example_branch_datetime_operator.py
[2023-09-09T02:37:58.927+0000] {processor.py:756} INFO - Processing file /home/airflow/.local/lib/python3.7/site-packages/airflow/example_dags/example_branch_datetime_operator.py for tasks to queue
[2023-09-09T02:37:58.927+0000] {logging_mixin.py:120} INFO - [2023-09-09T02:37:58.927+0000] {dagbag.py:537} INFO - Filling up the DagBag from /home/airflow/.local/lib/python3.7/site-packages/airflow/example_dags/example_branch_datetime_operator.py
[2023-09-09T02:37:58.942+0000] {processor.py:766} INFO - DAG(s) dict_keys(['example_branch_datetime_operator', 'example_branch_datetime_operator_3', 'example_branch_datetime_operator_2']) retrieved from /home/airflow/.local/lib/python3.7/site-packages/airflow/example_dags/example_branch_datetime_operator.py
[2023-09-09T02:37:58.978+0000] {logging_mixin.py:120} INFO - [2023-09-09T02:37:58.978+0000] {dag.py:2585} INFO - Sync 3 DAGs
[2023-09-09T02:37:59.000+0000] {logging_mixin.py:120} INFO - [2023-09-09T02:37:59.000+0000] {dag.py:3340} INFO - Setting next_dagrun for example_branch_datetime_operator to 2023-09-08T00:00:00+00:00, run_after=2023-09-09T00:00:00+00:00
[2023-09-09T02:37:59.004+0000] {logging_mixin.py:120} INFO - [2023-09-09T02:37:59.004+0000] {dag.py:3340} INFO - Setting next_dagrun for example_branch_datetime_operator_2 to 2023-09-08T00:00:00+00:00, run_after=2023-09-09T00:00:00+00:00
[2023-09-09T02:37:59.007+0000] {logging_mixin.py:120} INFO - [2023-09-09T02:37:59.007+0000] {dag.py:3340} INFO - Setting next_dagrun for example_branch_datetime_operator_3 to 2023-09-08T00:00:00+00:00, run_after=2023-09-09T00:00:00+00:00
[2023-09-09T02:37:59.023+0000] {processor.py:176} INFO - Processing /home/airflow/.local/lib/python3.7/site-packages/airflow/example_dags/example_branch_datetime_operator.py took 0.101 seconds
[2023-09-09T02:38:29.526+0000] {processor.py:154} INFO - Started process (PID=229) to work on /home/airflow/.local/lib/python3.7/site-packages/airflow/example_dags/example_branch_datetime_operator.py
[2023-09-09T02:38:29.527+0000] {processor.py:756} INFO - Processing file /home/airflow/.local/lib/python3.7/site-packages/airflow/example_dags/example_branch_datetime_operator.py for tasks to queue
[2023-09-09T02:38:29.528+0000] {logging_mixin.py:120} INFO - [2023-09-09T02:38:29.528+0000] {dagbag.py:537} INFO - Filling up the DagBag from /home/airflow/.local/lib/python3.7/site-packages/airflow/example_dags/example_branch_datetime_operator.py
[2023-09-09T02:38:29.541+0000] {processor.py:766} INFO - DAG(s) dict_keys(['example_branch_datetime_operator_2', 'example_branch_datetime_operator', 'example_branch_datetime_operator_3']) retrieved from /home/airflow/.local/lib/python3.7/site-packages/airflow/example_dags/example_branch_datetime_operator.py
[2023-09-09T02:38:29.580+0000] {logging_mixin.py:120} INFO - [2023-09-09T02:38:29.580+0000] {dag.py:2585} INFO - Sync 3 DAGs
[2023-09-09T02:38:29.602+0000] {logging_mixin.py:120} INFO - [2023-09-09T02:38:29.601+0000] {dag.py:3340} INFO - Setting next_dagrun for example_branch_datetime_operator to 2023-09-08T00:00:00+00:00, run_after=2023-09-09T00:00:00+00:00
[2023-09-09T02:38:29.606+0000] {logging_mixin.py:120} INFO - [2023-09-09T02:38:29.606+0000] {dag.py:3340} INFO - Setting next_dagrun for example_branch_datetime_operator_2 to 2023-09-08T00:00:00+00:00, run_after=2023-09-09T00:00:00+00:00
[2023-09-09T02:38:29.609+0000] {logging_mixin.py:120} INFO - [2023-09-09T02:38:29.608+0000] {dag.py:3340} INFO - Setting next_dagrun for example_branch_datetime_operator_3 to 2023-09-08T00:00:00+00:00, run_after=2023-09-09T00:00:00+00:00
[2023-09-09T02:38:29.628+0000] {processor.py:176} INFO - Processing /home/airflow/.local/lib/python3.7/site-packages/airflow/example_dags/example_branch_datetime_operator.py took 0.105 seconds
[2023-09-09T02:39:00.173+0000] {processor.py:154} INFO - Started process (PID=303) to work on /home/airflow/.local/lib/python3.7/site-packages/airflow/example_dags/example_branch_datetime_operator.py
[2023-09-09T02:39:00.174+0000] {processor.py:756} INFO - Processing file /home/airflow/.local/lib/python3.7/site-packages/airflow/example_dags/example_branch_datetime_operator.py for tasks to queue
[2023-09-09T02:39:00.174+0000] {logging_mixin.py:120} INFO - [2023-09-09T02:39:00.174+0000] {dagbag.py:537} INFO - Filling up the DagBag from /home/airflow/.local/lib/python3.7/site-packages/airflow/example_dags/example_branch_datetime_operator.py
[2023-09-09T02:39:00.189+0000] {processor.py:766} INFO - DAG(s) dict_keys(['example_branch_datetime_operator_3', 'example_branch_datetime_operator', 'example_branch_datetime_operator_2']) retrieved from /home/airflow/.local/lib/python3.7/site-packages/airflow/example_dags/example_branch_datetime_operator.py
[2023-09-09T02:39:00.228+0000] {logging_mixin.py:120} INFO - [2023-09-09T02:39:00.227+0000] {dag.py:2585} INFO - Sync 3 DAGs
[2023-09-09T02:39:00.248+0000] {logging_mixin.py:120} INFO - [2023-09-09T02:39:00.248+0000] {dag.py:3340} INFO - Setting next_dagrun for example_branch_datetime_operator to 2023-09-08T00:00:00+00:00, run_after=2023-09-09T00:00:00+00:00
[2023-09-09T02:39:00.253+0000] {logging_mixin.py:120} INFO - [2023-09-09T02:39:00.253+0000] {dag.py:3340} INFO - Setting next_dagrun for example_branch_datetime_operator_2 to 2023-09-08T00:00:00+00:00, run_after=2023-09-09T00:00:00+00:00
[2023-09-09T02:39:00.255+0000] {logging_mixin.py:120} INFO - [2023-09-09T02:39:00.255+0000] {dag.py:3340} INFO - Setting next_dagrun for example_branch_datetime_operator_3 to 2023-09-08T00:00:00+00:00, run_after=2023-09-09T00:00:00+00:00
[2023-09-09T02:39:00.275+0000] {processor.py:176} INFO - Processing /home/airflow/.local/lib/python3.7/site-packages/airflow/example_dags/example_branch_datetime_operator.py took 0.105 seconds
[2023-09-09T02:39:30.521+0000] {processor.py:154} INFO - Started process (PID=368) to work on /home/airflow/.local/lib/python3.7/site-packages/airflow/example_dags/example_branch_datetime_operator.py
[2023-09-09T02:39:30.522+0000] {processor.py:756} INFO - Processing file /home/airflow/.local/lib/python3.7/site-packages/airflow/example_dags/example_branch_datetime_operator.py for tasks to queue
[2023-09-09T02:39:30.522+0000] {logging_mixin.py:120} INFO - [2023-09-09T02:39:30.522+0000] {dagbag.py:537} INFO - Filling up the DagBag from /home/airflow/.local/lib/python3.7/site-packages/airflow/example_dags/example_branch_datetime_operator.py
[2023-09-09T02:39:30.537+0000] {processor.py:766} INFO - DAG(s) dict_keys(['example_branch_datetime_operator_2', 'example_branch_datetime_operator_3', 'example_branch_datetime_operator']) retrieved from /home/airflow/.local/lib/python3.7/site-packages/airflow/example_dags/example_branch_datetime_operator.py
[2023-09-09T02:39:30.576+0000] {logging_mixin.py:120} INFO - [2023-09-09T02:39:30.576+0000] {dag.py:2585} INFO - Sync 3 DAGs
[2023-09-09T02:39:30.600+0000] {logging_mixin.py:120} INFO - [2023-09-09T02:39:30.600+0000] {dag.py:3340} INFO - Setting next_dagrun for example_branch_datetime_operator to 2023-09-08T00:00:00+00:00, run_after=2023-09-09T00:00:00+00:00
[2023-09-09T02:39:30.604+0000] {logging_mixin.py:120} INFO - [2023-09-09T02:39:30.604+0000] {dag.py:3340} INFO - Setting next_dagrun for example_branch_datetime_operator_2 to 2023-09-08T00:00:00+00:00, run_after=2023-09-09T00:00:00+00:00
[2023-09-09T02:39:30.607+0000] {logging_mixin.py:120} INFO - [2023-09-09T02:39:30.607+0000] {dag.py:3340} INFO - Setting next_dagrun for example_branch_datetime_operator_3 to 2023-09-08T00:00:00+00:00, run_after=2023-09-09T00:00:00+00:00
[2023-09-09T02:39:30.626+0000] {processor.py:176} INFO - Processing /home/airflow/.local/lib/python3.7/site-packages/airflow/example_dags/example_branch_datetime_operator.py took 0.108 seconds
[2023-09-09T02:40:01.645+0000] {processor.py:154} INFO - Started process (PID=442) to work on /home/airflow/.local/lib/python3.7/site-packages/airflow/example_dags/example_branch_datetime_operator.py
[2023-09-09T02:40:01.646+0000] {processor.py:756} INFO - Processing file /home/airflow/.local/lib/python3.7/site-packages/airflow/example_dags/example_branch_datetime_operator.py for tasks to queue
[2023-09-09T02:40:01.647+0000] {logging_mixin.py:120} INFO - [2023-09-09T02:40:01.647+0000] {dagbag.py:537} INFO - Filling up the DagBag from /home/airflow/.local/lib/python3.7/site-packages/airflow/example_dags/example_branch_datetime_operator.py
[2023-09-09T02:40:01.659+0000] {processor.py:766} INFO - DAG(s) dict_keys(['example_branch_datetime_operator', 'example_branch_datetime_operator_2', 'example_branch_datetime_operator_3']) retrieved from /home/airflow/.local/lib/python3.7/site-packages/airflow/example_dags/example_branch_datetime_operator.py
[2023-09-09T02:40:01.694+0000] {logging_mixin.py:120} INFO - [2023-09-09T02:40:01.693+0000] {dag.py:2585} INFO - Sync 3 DAGs
[2023-09-09T02:40:01.712+0000] {logging_mixin.py:120} INFO - [2023-09-09T02:40:01.712+0000] {dag.py:3340} INFO - Setting next_dagrun for example_branch_datetime_operator to 2023-09-08T00:00:00+00:00, run_after=2023-09-09T00:00:00+00:00
[2023-09-09T02:40:01.715+0000] {logging_mixin.py:120} INFO - [2023-09-09T02:40:01.715+0000] {dag.py:3340} INFO - Setting next_dagrun for example_branch_datetime_operator_2 to 2023-09-08T00:00:00+00:00, run_after=2023-09-09T00:00:00+00:00
[2023-09-09T02:40:01.718+0000] {logging_mixin.py:120} INFO - [2023-09-09T02:40:01.717+0000] {dag.py:3340} INFO - Setting next_dagrun for example_branch_datetime_operator_3 to 2023-09-08T00:00:00+00:00, run_after=2023-09-09T00:00:00+00:00
[2023-09-09T02:40:01.734+0000] {processor.py:176} INFO - Processing /home/airflow/.local/lib/python3.7/site-packages/airflow/example_dags/example_branch_datetime_operator.py took 0.091 seconds
[2023-09-09T02:40:32.140+0000] {processor.py:154} INFO - Started process (PID=516) to work on /home/airflow/.local/lib/python3.7/site-packages/airflow/example_dags/example_branch_datetime_operator.py
[2023-09-09T02:40:32.141+0000] {processor.py:756} INFO - Processing file /home/airflow/.local/lib/python3.7/site-packages/airflow/example_dags/example_branch_datetime_operator.py for tasks to queue
[2023-09-09T02:40:32.142+0000] {logging_mixin.py:120} INFO - [2023-09-09T02:40:32.142+0000] {dagbag.py:537} INFO - Filling up the DagBag from /home/airflow/.local/lib/python3.7/site-packages/airflow/example_dags/example_branch_datetime_operator.py
[2023-09-09T02:40:32.157+0000] {processor.py:766} INFO - DAG(s) dict_keys(['example_branch_datetime_operator', 'example_branch_datetime_operator_2', 'example_branch_datetime_operator_3']) retrieved from /home/airflow/.local/lib/python3.7/site-packages/airflow/example_dags/example_branch_datetime_operator.py
[2023-09-09T02:40:32.193+0000] {logging_mixin.py:120} INFO - [2023-09-09T02:40:32.193+0000] {dag.py:2585} INFO - Sync 3 DAGs
[2023-09-09T02:40:32.214+0000] {logging_mixin.py:120} INFO - [2023-09-09T02:40:32.214+0000] {dag.py:3340} INFO - Setting next_dagrun for example_branch_datetime_operator to 2023-09-08T00:00:00+00:00, run_after=2023-09-09T00:00:00+00:00
[2023-09-09T02:40:32.219+0000] {logging_mixin.py:120} INFO - [2023-09-09T02:40:32.219+0000] {dag.py:3340} INFO - Setting next_dagrun for example_branch_datetime_operator_2 to 2023-09-08T00:00:00+00:00, run_after=2023-09-09T00:00:00+00:00
[2023-09-09T02:40:32.222+0000] {logging_mixin.py:120} INFO - [2023-09-09T02:40:32.222+0000] {dag.py:3340} INFO - Setting next_dagrun for example_branch_datetime_operator_3 to 2023-09-08T00:00:00+00:00, run_after=2023-09-09T00:00:00+00:00
[2023-09-09T02:40:32.241+0000] {processor.py:176} INFO - Processing /home/airflow/.local/lib/python3.7/site-packages/airflow/example_dags/example_branch_datetime_operator.py took 0.103 seconds
[2023-09-09T02:41:02.594+0000] {processor.py:154} INFO - Started process (PID=590) to work on /home/airflow/.local/lib/python3.7/site-packages/airflow/example_dags/example_branch_datetime_operator.py
[2023-09-09T02:41:02.594+0000] {processor.py:756} INFO - Processing file /home/airflow/.local/lib/python3.7/site-packages/airflow/example_dags/example_branch_datetime_operator.py for tasks to queue
[2023-09-09T02:41:02.595+0000] {logging_mixin.py:120} INFO - [2023-09-09T02:41:02.595+0000] {dagbag.py:537} INFO - Filling up the DagBag from /home/airflow/.local/lib/python3.7/site-packages/airflow/example_dags/example_branch_datetime_operator.py
[2023-09-09T02:41:02.610+0000] {processor.py:766} INFO - DAG(s) dict_keys(['example_branch_datetime_operator_3', 'example_branch_datetime_operator_2', 'example_branch_datetime_operator']) retrieved from /home/airflow/.local/lib/python3.7/site-packages/airflow/example_dags/example_branch_datetime_operator.py
[2023-09-09T02:41:02.647+0000] {logging_mixin.py:120} INFO - [2023-09-09T02:41:02.647+0000] {dag.py:2585} INFO - Sync 3 DAGs
[2023-09-09T02:41:02.668+0000] {logging_mixin.py:120} INFO - [2023-09-09T02:41:02.667+0000] {dag.py:3340} INFO - Setting next_dagrun for example_branch_datetime_operator to 2023-09-08T00:00:00+00:00, run_after=2023-09-09T00:00:00+00:00
[2023-09-09T02:41:02.672+0000] {logging_mixin.py:120} INFO - [2023-09-09T02:41:02.672+0000] {dag.py:3340} INFO - Setting next_dagrun for example_branch_datetime_operator_2 to 2023-09-08T00:00:00+00:00, run_after=2023-09-09T00:00:00+00:00
[2023-09-09T02:41:02.675+0000] {logging_mixin.py:120} INFO - [2023-09-09T02:41:02.674+0000] {dag.py:3340} INFO - Setting next_dagrun for example_branch_datetime_operator_3 to 2023-09-08T00:00:00+00:00, run_after=2023-09-09T00:00:00+00:00
[2023-09-09T02:41:02.695+0000] {processor.py:176} INFO - Processing /home/airflow/.local/lib/python3.7/site-packages/airflow/example_dags/example_branch_datetime_operator.py took 0.104 seconds
[2023-09-09T02:41:33.459+0000] {processor.py:154} INFO - Started process (PID=674) to work on /home/airflow/.local/lib/python3.7/site-packages/airflow/example_dags/example_branch_datetime_operator.py
[2023-09-09T02:41:33.460+0000] {processor.py:756} INFO - Processing file /home/airflow/.local/lib/python3.7/site-packages/airflow/example_dags/example_branch_datetime_operator.py for tasks to queue
[2023-09-09T02:41:33.461+0000] {logging_mixin.py:120} INFO - [2023-09-09T02:41:33.461+0000] {dagbag.py:537} INFO - Filling up the DagBag from /home/airflow/.local/lib/python3.7/site-packages/airflow/example_dags/example_branch_datetime_operator.py
[2023-09-09T02:41:33.476+0000] {processor.py:766} INFO - DAG(s) dict_keys(['example_branch_datetime_operator_2', 'example_branch_datetime_operator_3', 'example_branch_datetime_operator']) retrieved from /home/airflow/.local/lib/python3.7/site-packages/airflow/example_dags/example_branch_datetime_operator.py
[2023-09-09T02:41:33.517+0000] {logging_mixin.py:120} INFO - [2023-09-09T02:41:33.517+0000] {dag.py:2585} INFO - Sync 3 DAGs
[2023-09-09T02:41:33.540+0000] {logging_mixin.py:120} INFO - [2023-09-09T02:41:33.540+0000] {dag.py:3340} INFO - Setting next_dagrun for example_branch_datetime_operator to 2023-09-08T00:00:00+00:00, run_after=2023-09-09T00:00:00+00:00
[2023-09-09T02:41:33.544+0000] {logging_mixin.py:120} INFO - [2023-09-09T02:41:33.544+0000] {dag.py:3340} INFO - Setting next_dagrun for example_branch_datetime_operator_2 to 2023-09-08T00:00:00+00:00, run_after=2023-09-09T00:00:00+00:00
[2023-09-09T02:41:33.546+0000] {logging_mixin.py:120} INFO - [2023-09-09T02:41:33.546+0000] {dag.py:3340} INFO - Setting next_dagrun for example_branch_datetime_operator_3 to 2023-09-08T00:00:00+00:00, run_after=2023-09-09T00:00:00+00:00
[2023-09-09T02:41:33.565+0000] {processor.py:176} INFO - Processing /home/airflow/.local/lib/python3.7/site-packages/airflow/example_dags/example_branch_datetime_operator.py took 0.108 seconds
[2023-09-09T02:42:03.882+0000] {processor.py:154} INFO - Started process (PID=739) to work on /home/airflow/.local/lib/python3.7/site-packages/airflow/example_dags/example_branch_datetime_operator.py
[2023-09-09T02:42:03.883+0000] {processor.py:756} INFO - Processing file /home/airflow/.local/lib/python3.7/site-packages/airflow/example_dags/example_branch_datetime_operator.py for tasks to queue
[2023-09-09T02:42:03.884+0000] {logging_mixin.py:120} INFO - [2023-09-09T02:42:03.884+0000] {dagbag.py:537} INFO - Filling up the DagBag from /home/airflow/.local/lib/python3.7/site-packages/airflow/example_dags/example_branch_datetime_operator.py
[2023-09-09T02:42:03.898+0000] {processor.py:766} INFO - DAG(s) dict_keys(['example_branch_datetime_operator_3', 'example_branch_datetime_operator', 'example_branch_datetime_operator_2']) retrieved from /home/airflow/.local/lib/python3.7/site-packages/airflow/example_dags/example_branch_datetime_operator.py
[2023-09-09T02:42:03.940+0000] {logging_mixin.py:120} INFO - [2023-09-09T02:42:03.940+0000] {dag.py:2585} INFO - Sync 3 DAGs
[2023-09-09T02:42:03.963+0000] {logging_mixin.py:120} INFO - [2023-09-09T02:42:03.963+0000] {dag.py:3340} INFO - Setting next_dagrun for example_branch_datetime_operator to 2023-09-08T00:00:00+00:00, run_after=2023-09-09T00:00:00+00:00
[2023-09-09T02:42:03.967+0000] {logging_mixin.py:120} INFO - [2023-09-09T02:42:03.967+0000] {dag.py:3340} INFO - Setting next_dagrun for example_branch_datetime_operator_2 to 2023-09-08T00:00:00+00:00, run_after=2023-09-09T00:00:00+00:00
[2023-09-09T02:42:03.969+0000] {logging_mixin.py:120} INFO - [2023-09-09T02:42:03.969+0000] {dag.py:3340} INFO - Setting next_dagrun for example_branch_datetime_operator_3 to 2023-09-08T00:00:00+00:00, run_after=2023-09-09T00:00:00+00:00
[2023-09-09T02:42:03.987+0000] {processor.py:176} INFO - Processing /home/airflow/.local/lib/python3.7/site-packages/airflow/example_dags/example_branch_datetime_operator.py took 0.108 seconds
[2023-09-09T02:42:34.465+0000] {processor.py:154} INFO - Started process (PID=817) to work on /home/airflow/.local/lib/python3.7/site-packages/airflow/example_dags/example_branch_datetime_operator.py
[2023-09-09T02:42:34.466+0000] {processor.py:756} INFO - Processing file /home/airflow/.local/lib/python3.7/site-packages/airflow/example_dags/example_branch_datetime_operator.py for tasks to queue
[2023-09-09T02:42:34.467+0000] {logging_mixin.py:120} INFO - [2023-09-09T02:42:34.467+0000] {dagbag.py:537} INFO - Filling up the DagBag from /home/airflow/.local/lib/python3.7/site-packages/airflow/example_dags/example_branch_datetime_operator.py
[2023-09-09T02:42:34.481+0000] {processor.py:766} INFO - DAG(s) dict_keys(['example_branch_datetime_operator_2', 'example_branch_datetime_operator_3', 'example_branch_datetime_operator']) retrieved from /home/airflow/.local/lib/python3.7/site-packages/airflow/example_dags/example_branch_datetime_operator.py
[2023-09-09T02:42:34.519+0000] {logging_mixin.py:120} INFO - [2023-09-09T02:42:34.518+0000] {dag.py:2585} INFO - Sync 3 DAGs
[2023-09-09T02:42:34.539+0000] {logging_mixin.py:120} INFO - [2023-09-09T02:42:34.539+0000] {dag.py:3340} INFO - Setting next_dagrun for example_branch_datetime_operator to 2023-09-08T00:00:00+00:00, run_after=2023-09-09T00:00:00+00:00
[2023-09-09T02:42:34.544+0000] {logging_mixin.py:120} INFO - [2023-09-09T02:42:34.543+0000] {dag.py:3340} INFO - Setting next_dagrun for example_branch_datetime_operator_2 to 2023-09-08T00:00:00+00:00, run_after=2023-09-09T00:00:00+00:00
[2023-09-09T02:42:34.546+0000] {logging_mixin.py:120} INFO - [2023-09-09T02:42:34.546+0000] {dag.py:3340} INFO - Setting next_dagrun for example_branch_datetime_operator_3 to 2023-09-08T00:00:00+00:00, run_after=2023-09-09T00:00:00+00:00
[2023-09-09T02:42:34.565+0000] {processor.py:176} INFO - Processing /home/airflow/.local/lib/python3.7/site-packages/airflow/example_dags/example_branch_datetime_operator.py took 0.103 seconds
[2023-09-09T02:43:04.919+0000] {processor.py:154} INFO - Started process (PID=895) to work on /home/airflow/.local/lib/python3.7/site-packages/airflow/example_dags/example_branch_datetime_operator.py
[2023-09-09T02:43:04.920+0000] {processor.py:756} INFO - Processing file /home/airflow/.local/lib/python3.7/site-packages/airflow/example_dags/example_branch_datetime_operator.py for tasks to queue
[2023-09-09T02:43:04.920+0000] {logging_mixin.py:120} INFO - [2023-09-09T02:43:04.920+0000] {dagbag.py:537} INFO - Filling up the DagBag from /home/airflow/.local/lib/python3.7/site-packages/airflow/example_dags/example_branch_datetime_operator.py
[2023-09-09T02:43:04.933+0000] {processor.py:766} INFO - DAG(s) dict_keys(['example_branch_datetime_operator', 'example_branch_datetime_operator_2', 'example_branch_datetime_operator_3']) retrieved from /home/airflow/.local/lib/python3.7/site-packages/airflow/example_dags/example_branch_datetime_operator.py
[2023-09-09T02:43:04.967+0000] {logging_mixin.py:120} INFO - [2023-09-09T02:43:04.967+0000] {dag.py:2585} INFO - Sync 3 DAGs
[2023-09-09T02:43:04.985+0000] {logging_mixin.py:120} INFO - [2023-09-09T02:43:04.985+0000] {dag.py:3340} INFO - Setting next_dagrun for example_branch_datetime_operator to 2023-09-08T00:00:00+00:00, run_after=2023-09-09T00:00:00+00:00
[2023-09-09T02:43:04.989+0000] {logging_mixin.py:120} INFO - [2023-09-09T02:43:04.989+0000] {dag.py:3340} INFO - Setting next_dagrun for example_branch_datetime_operator_2 to 2023-09-08T00:00:00+00:00, run_after=2023-09-09T00:00:00+00:00
[2023-09-09T02:43:04.991+0000] {logging_mixin.py:120} INFO - [2023-09-09T02:43:04.991+0000] {dag.py:3340} INFO - Setting next_dagrun for example_branch_datetime_operator_3 to 2023-09-08T00:00:00+00:00, run_after=2023-09-09T00:00:00+00:00
[2023-09-09T02:43:05.010+0000] {processor.py:176} INFO - Processing /home/airflow/.local/lib/python3.7/site-packages/airflow/example_dags/example_branch_datetime_operator.py took 0.094 seconds
[2023-09-09T02:43:35.631+0000] {processor.py:154} INFO - Started process (PID=969) to work on /home/airflow/.local/lib/python3.7/site-packages/airflow/example_dags/example_branch_datetime_operator.py
[2023-09-09T02:43:35.631+0000] {processor.py:756} INFO - Processing file /home/airflow/.local/lib/python3.7/site-packages/airflow/example_dags/example_branch_datetime_operator.py for tasks to queue
[2023-09-09T02:43:35.632+0000] {logging_mixin.py:120} INFO - [2023-09-09T02:43:35.632+0000] {dagbag.py:537} INFO - Filling up the DagBag from /home/airflow/.local/lib/python3.7/site-packages/airflow/example_dags/example_branch_datetime_operator.py
[2023-09-09T02:43:35.646+0000] {processor.py:766} INFO - DAG(s) dict_keys(['example_branch_datetime_operator_2', 'example_branch_datetime_operator_3', 'example_branch_datetime_operator']) retrieved from /home/airflow/.local/lib/python3.7/site-packages/airflow/example_dags/example_branch_datetime_operator.py
[2023-09-09T02:43:35.686+0000] {logging_mixin.py:120} INFO - [2023-09-09T02:43:35.686+0000] {dag.py:2585} INFO - Sync 3 DAGs
[2023-09-09T02:43:35.709+0000] {logging_mixin.py:120} INFO - [2023-09-09T02:43:35.709+0000] {dag.py:3340} INFO - Setting next_dagrun for example_branch_datetime_operator to 2023-09-08T00:00:00+00:00, run_after=2023-09-09T00:00:00+00:00
[2023-09-09T02:43:35.714+0000] {logging_mixin.py:120} INFO - [2023-09-09T02:43:35.714+0000] {dag.py:3340} INFO - Setting next_dagrun for example_branch_datetime_operator_2 to 2023-09-08T00:00:00+00:00, run_after=2023-09-09T00:00:00+00:00
[2023-09-09T02:43:35.717+0000] {logging_mixin.py:120} INFO - [2023-09-09T02:43:35.717+0000] {dag.py:3340} INFO - Setting next_dagrun for example_branch_datetime_operator_3 to 2023-09-08T00:00:00+00:00, run_after=2023-09-09T00:00:00+00:00
[2023-09-09T02:43:35.736+0000] {processor.py:176} INFO - Processing /home/airflow/.local/lib/python3.7/site-packages/airflow/example_dags/example_branch_datetime_operator.py took 0.109 seconds
[2023-09-09T02:44:06.787+0000] {processor.py:154} INFO - Started process (PID=1034) to work on /home/airflow/.local/lib/python3.7/site-packages/airflow/example_dags/example_branch_datetime_operator.py
[2023-09-09T02:44:06.788+0000] {processor.py:756} INFO - Processing file /home/airflow/.local/lib/python3.7/site-packages/airflow/example_dags/example_branch_datetime_operator.py for tasks to queue
[2023-09-09T02:44:06.788+0000] {logging_mixin.py:120} INFO - [2023-09-09T02:44:06.788+0000] {dagbag.py:537} INFO - Filling up the DagBag from /home/airflow/.local/lib/python3.7/site-packages/airflow/example_dags/example_branch_datetime_operator.py
[2023-09-09T02:44:06.801+0000] {processor.py:766} INFO - DAG(s) dict_keys(['example_branch_datetime_operator_3', 'example_branch_datetime_operator', 'example_branch_datetime_operator_2']) retrieved from /home/airflow/.local/lib/python3.7/site-packages/airflow/example_dags/example_branch_datetime_operator.py
[2023-09-09T02:44:06.844+0000] {logging_mixin.py:120} INFO - [2023-09-09T02:44:06.844+0000] {dag.py:2585} INFO - Sync 3 DAGs
[2023-09-09T02:44:06.867+0000] {logging_mixin.py:120} INFO - [2023-09-09T02:44:06.867+0000] {dag.py:3340} INFO - Setting next_dagrun for example_branch_datetime_operator to 2023-09-08T00:00:00+00:00, run_after=2023-09-09T00:00:00+00:00
[2023-09-09T02:44:06.872+0000] {logging_mixin.py:120} INFO - [2023-09-09T02:44:06.872+0000] {dag.py:3340} INFO - Setting next_dagrun for example_branch_datetime_operator_2 to 2023-09-08T00:00:00+00:00, run_after=2023-09-09T00:00:00+00:00
[2023-09-09T02:44:06.874+0000] {logging_mixin.py:120} INFO - [2023-09-09T02:44:06.874+0000] {dag.py:3340} INFO - Setting next_dagrun for example_branch_datetime_operator_3 to 2023-09-08T00:00:00+00:00, run_after=2023-09-09T00:00:00+00:00
[2023-09-09T02:44:06.894+0000] {processor.py:176} INFO - Processing /home/airflow/.local/lib/python3.7/site-packages/airflow/example_dags/example_branch_datetime_operator.py took 0.109 seconds
[2023-09-09T02:44:37.241+0000] {processor.py:154} INFO - Started process (PID=1109) to work on /home/airflow/.local/lib/python3.7/site-packages/airflow/example_dags/example_branch_datetime_operator.py
[2023-09-09T02:44:37.243+0000] {processor.py:756} INFO - Processing file /home/airflow/.local/lib/python3.7/site-packages/airflow/example_dags/example_branch_datetime_operator.py for tasks to queue
[2023-09-09T02:44:37.243+0000] {logging_mixin.py:120} INFO - [2023-09-09T02:44:37.243+0000] {dagbag.py:537} INFO - Filling up the DagBag from /home/airflow/.local/lib/python3.7/site-packages/airflow/example_dags/example_branch_datetime_operator.py
[2023-09-09T02:44:37.258+0000] {processor.py:766} INFO - DAG(s) dict_keys(['example_branch_datetime_operator_3', 'example_branch_datetime_operator_2', 'example_branch_datetime_operator']) retrieved from /home/airflow/.local/lib/python3.7/site-packages/airflow/example_dags/example_branch_datetime_operator.py
[2023-09-09T02:44:37.295+0000] {logging_mixin.py:120} INFO - [2023-09-09T02:44:37.295+0000] {dag.py:2585} INFO - Sync 3 DAGs
[2023-09-09T02:44:37.313+0000] {logging_mixin.py:120} INFO - [2023-09-09T02:44:37.313+0000] {dag.py:3340} INFO - Setting next_dagrun for example_branch_datetime_operator to 2023-09-08T00:00:00+00:00, run_after=2023-09-09T00:00:00+00:00
[2023-09-09T02:44:37.318+0000] {logging_mixin.py:120} INFO - [2023-09-09T02:44:37.318+0000] {dag.py:3340} INFO - Setting next_dagrun for example_branch_datetime_operator_2 to 2023-09-08T00:00:00+00:00, run_after=2023-09-09T00:00:00+00:00
[2023-09-09T02:44:37.320+0000] {logging_mixin.py:120} INFO - [2023-09-09T02:44:37.320+0000] {dag.py:3340} INFO - Setting next_dagrun for example_branch_datetime_operator_3 to 2023-09-08T00:00:00+00:00, run_after=2023-09-09T00:00:00+00:00
[2023-09-09T02:44:37.338+0000] {processor.py:176} INFO - Processing /home/airflow/.local/lib/python3.7/site-packages/airflow/example_dags/example_branch_datetime_operator.py took 0.100 seconds
[2023-09-09T02:45:07.703+0000] {processor.py:154} INFO - Started process (PID=1182) to work on /home/airflow/.local/lib/python3.7/site-packages/airflow/example_dags/example_branch_datetime_operator.py
[2023-09-09T02:45:07.704+0000] {processor.py:756} INFO - Processing file /home/airflow/.local/lib/python3.7/site-packages/airflow/example_dags/example_branch_datetime_operator.py for tasks to queue
[2023-09-09T02:45:07.705+0000] {logging_mixin.py:120} INFO - [2023-09-09T02:45:07.705+0000] {dagbag.py:537} INFO - Filling up the DagBag from /home/airflow/.local/lib/python3.7/site-packages/airflow/example_dags/example_branch_datetime_operator.py
[2023-09-09T02:45:07.719+0000] {processor.py:766} INFO - DAG(s) dict_keys(['example_branch_datetime_operator_3', 'example_branch_datetime_operator_2', 'example_branch_datetime_operator']) retrieved from /home/airflow/.local/lib/python3.7/site-packages/airflow/example_dags/example_branch_datetime_operator.py
[2023-09-09T02:45:07.756+0000] {logging_mixin.py:120} INFO - [2023-09-09T02:45:07.756+0000] {dag.py:2585} INFO - Sync 3 DAGs
[2023-09-09T02:45:07.778+0000] {logging_mixin.py:120} INFO - [2023-09-09T02:45:07.778+0000] {dag.py:3340} INFO - Setting next_dagrun for example_branch_datetime_operator to 2023-09-08T00:00:00+00:00, run_after=2023-09-09T00:00:00+00:00
[2023-09-09T02:45:07.784+0000] {logging_mixin.py:120} INFO - [2023-09-09T02:45:07.784+0000] {dag.py:3340} INFO - Setting next_dagrun for example_branch_datetime_operator_2 to 2023-09-08T00:00:00+00:00, run_after=2023-09-09T00:00:00+00:00
[2023-09-09T02:45:07.786+0000] {logging_mixin.py:120} INFO - [2023-09-09T02:45:07.786+0000] {dag.py:3340} INFO - Setting next_dagrun for example_branch_datetime_operator_3 to 2023-09-08T00:00:00+00:00, run_after=2023-09-09T00:00:00+00:00
[2023-09-09T02:45:07.806+0000] {processor.py:176} INFO - Processing /home/airflow/.local/lib/python3.7/site-packages/airflow/example_dags/example_branch_datetime_operator.py took 0.105 seconds
