[2023-09-09T02:37:28.950+0000] {processor.py:154} INFO - Started process (PID=84) to work on /home/airflow/.local/lib/python3.7/site-packages/airflow/example_dags/example_trigger_controller_dag.py
[2023-09-09T02:37:28.951+0000] {processor.py:756} INFO - Processing file /home/airflow/.local/lib/python3.7/site-packages/airflow/example_dags/example_trigger_controller_dag.py for tasks to queue
[2023-09-09T02:37:28.952+0000] {logging_mixin.py:120} INFO - [2023-09-09T02:37:28.951+0000] {dagbag.py:537} INFO - Filling up the DagBag from /home/airflow/.local/lib/python3.7/site-packages/airflow/example_dags/example_trigger_controller_dag.py
[2023-09-09T02:37:28.961+0000] {processor.py:766} INFO - DAG(s) dict_keys(['example_trigger_controller_dag']) retrieved from /home/airflow/.local/lib/python3.7/site-packages/airflow/example_dags/example_trigger_controller_dag.py
[2023-09-09T02:37:28.999+0000] {logging_mixin.py:120} INFO - [2023-09-09T02:37:28.999+0000] {dag.py:2585} INFO - Sync 1 DAGs
[2023-09-09T02:37:29.023+0000] {logging_mixin.py:120} INFO - [2023-09-09T02:37:29.023+0000] {dag.py:3340} INFO - Setting next_dagrun for example_trigger_controller_dag to 2021-01-01T00:00:00+00:00, run_after=2021-01-01T00:00:00+00:00
[2023-09-09T02:37:29.044+0000] {processor.py:176} INFO - Processing /home/airflow/.local/lib/python3.7/site-packages/airflow/example_dags/example_trigger_controller_dag.py took 0.098 seconds
[2023-09-09T02:37:59.174+0000] {processor.py:154} INFO - Started process (PID=158) to work on /home/airflow/.local/lib/python3.7/site-packages/airflow/example_dags/example_trigger_controller_dag.py
[2023-09-09T02:37:59.175+0000] {processor.py:756} INFO - Processing file /home/airflow/.local/lib/python3.7/site-packages/airflow/example_dags/example_trigger_controller_dag.py for tasks to queue
[2023-09-09T02:37:59.176+0000] {logging_mixin.py:120} INFO - [2023-09-09T02:37:59.176+0000] {dagbag.py:537} INFO - Filling up the DagBag from /home/airflow/.local/lib/python3.7/site-packages/airflow/example_dags/example_trigger_controller_dag.py
[2023-09-09T02:37:59.185+0000] {processor.py:766} INFO - DAG(s) dict_keys(['example_trigger_controller_dag']) retrieved from /home/airflow/.local/lib/python3.7/site-packages/airflow/example_dags/example_trigger_controller_dag.py
[2023-09-09T02:37:59.216+0000] {logging_mixin.py:120} INFO - [2023-09-09T02:37:59.216+0000] {dag.py:2585} INFO - Sync 1 DAGs
[2023-09-09T02:37:59.239+0000] {logging_mixin.py:120} INFO - [2023-09-09T02:37:59.239+0000] {dag.py:3340} INFO - Setting next_dagrun for example_trigger_controller_dag to 2021-01-01T00:00:00+00:00, run_after=2021-01-01T00:00:00+00:00
[2023-09-09T02:37:59.258+0000] {processor.py:176} INFO - Processing /home/airflow/.local/lib/python3.7/site-packages/airflow/example_dags/example_trigger_controller_dag.py took 0.087 seconds
[2023-09-09T02:38:29.763+0000] {processor.py:154} INFO - Started process (PID=233) to work on /home/airflow/.local/lib/python3.7/site-packages/airflow/example_dags/example_trigger_controller_dag.py
[2023-09-09T02:38:29.764+0000] {processor.py:756} INFO - Processing file /home/airflow/.local/lib/python3.7/site-packages/airflow/example_dags/example_trigger_controller_dag.py for tasks to queue
[2023-09-09T02:38:29.764+0000] {logging_mixin.py:120} INFO - [2023-09-09T02:38:29.764+0000] {dagbag.py:537} INFO - Filling up the DagBag from /home/airflow/.local/lib/python3.7/site-packages/airflow/example_dags/example_trigger_controller_dag.py
[2023-09-09T02:38:29.774+0000] {processor.py:766} INFO - DAG(s) dict_keys(['example_trigger_controller_dag']) retrieved from /home/airflow/.local/lib/python3.7/site-packages/airflow/example_dags/example_trigger_controller_dag.py
[2023-09-09T02:38:29.808+0000] {logging_mixin.py:120} INFO - [2023-09-09T02:38:29.808+0000] {dag.py:2585} INFO - Sync 1 DAGs
[2023-09-09T02:38:29.828+0000] {logging_mixin.py:120} INFO - [2023-09-09T02:38:29.828+0000] {dag.py:3340} INFO - Setting next_dagrun for example_trigger_controller_dag to 2021-01-01T00:00:00+00:00, run_after=2021-01-01T00:00:00+00:00
[2023-09-09T02:38:29.851+0000] {processor.py:176} INFO - Processing /home/airflow/.local/lib/python3.7/site-packages/airflow/example_dags/example_trigger_controller_dag.py took 0.090 seconds
[2023-09-09T02:39:00.572+0000] {processor.py:154} INFO - Started process (PID=307) to work on /home/airflow/.local/lib/python3.7/site-packages/airflow/example_dags/example_trigger_controller_dag.py
[2023-09-09T02:39:00.573+0000] {processor.py:756} INFO - Processing file /home/airflow/.local/lib/python3.7/site-packages/airflow/example_dags/example_trigger_controller_dag.py for tasks to queue
[2023-09-09T02:39:00.574+0000] {logging_mixin.py:120} INFO - [2023-09-09T02:39:00.574+0000] {dagbag.py:537} INFO - Filling up the DagBag from /home/airflow/.local/lib/python3.7/site-packages/airflow/example_dags/example_trigger_controller_dag.py
[2023-09-09T02:39:00.583+0000] {processor.py:766} INFO - DAG(s) dict_keys(['example_trigger_controller_dag']) retrieved from /home/airflow/.local/lib/python3.7/site-packages/airflow/example_dags/example_trigger_controller_dag.py
[2023-09-09T02:39:00.616+0000] {logging_mixin.py:120} INFO - [2023-09-09T02:39:00.616+0000] {dag.py:2585} INFO - Sync 1 DAGs
[2023-09-09T02:39:00.634+0000] {logging_mixin.py:120} INFO - [2023-09-09T02:39:00.634+0000] {dag.py:3340} INFO - Setting next_dagrun for example_trigger_controller_dag to 2021-01-01T00:00:00+00:00, run_after=2021-01-01T00:00:00+00:00
[2023-09-09T02:39:00.658+0000] {processor.py:176} INFO - Processing /home/airflow/.local/lib/python3.7/site-packages/airflow/example_dags/example_trigger_controller_dag.py took 0.088 seconds
[2023-09-09T02:39:30.825+0000] {processor.py:154} INFO - Started process (PID=372) to work on /home/airflow/.local/lib/python3.7/site-packages/airflow/example_dags/example_trigger_controller_dag.py
[2023-09-09T02:39:30.826+0000] {processor.py:756} INFO - Processing file /home/airflow/.local/lib/python3.7/site-packages/airflow/example_dags/example_trigger_controller_dag.py for tasks to queue
[2023-09-09T02:39:30.826+0000] {logging_mixin.py:120} INFO - [2023-09-09T02:39:30.826+0000] {dagbag.py:537} INFO - Filling up the DagBag from /home/airflow/.local/lib/python3.7/site-packages/airflow/example_dags/example_trigger_controller_dag.py
[2023-09-09T02:39:30.835+0000] {processor.py:766} INFO - DAG(s) dict_keys(['example_trigger_controller_dag']) retrieved from /home/airflow/.local/lib/python3.7/site-packages/airflow/example_dags/example_trigger_controller_dag.py
[2023-09-09T02:39:30.867+0000] {logging_mixin.py:120} INFO - [2023-09-09T02:39:30.867+0000] {dag.py:2585} INFO - Sync 1 DAGs
[2023-09-09T02:39:30.888+0000] {logging_mixin.py:120} INFO - [2023-09-09T02:39:30.888+0000] {dag.py:3340} INFO - Setting next_dagrun for example_trigger_controller_dag to 2021-01-01T00:00:00+00:00, run_after=2021-01-01T00:00:00+00:00
[2023-09-09T02:39:30.906+0000] {processor.py:176} INFO - Processing /home/airflow/.local/lib/python3.7/site-packages/airflow/example_dags/example_trigger_controller_dag.py took 0.084 seconds
[2023-09-09T02:40:01.864+0000] {processor.py:154} INFO - Started process (PID=446) to work on /home/airflow/.local/lib/python3.7/site-packages/airflow/example_dags/example_trigger_controller_dag.py
[2023-09-09T02:40:01.865+0000] {processor.py:756} INFO - Processing file /home/airflow/.local/lib/python3.7/site-packages/airflow/example_dags/example_trigger_controller_dag.py for tasks to queue
[2023-09-09T02:40:01.866+0000] {logging_mixin.py:120} INFO - [2023-09-09T02:40:01.865+0000] {dagbag.py:537} INFO - Filling up the DagBag from /home/airflow/.local/lib/python3.7/site-packages/airflow/example_dags/example_trigger_controller_dag.py
[2023-09-09T02:40:01.875+0000] {processor.py:766} INFO - DAG(s) dict_keys(['example_trigger_controller_dag']) retrieved from /home/airflow/.local/lib/python3.7/site-packages/airflow/example_dags/example_trigger_controller_dag.py
[2023-09-09T02:40:01.907+0000] {logging_mixin.py:120} INFO - [2023-09-09T02:40:01.907+0000] {dag.py:2585} INFO - Sync 1 DAGs
[2023-09-09T02:40:01.930+0000] {logging_mixin.py:120} INFO - [2023-09-09T02:40:01.930+0000] {dag.py:3340} INFO - Setting next_dagrun for example_trigger_controller_dag to 2021-01-01T00:00:00+00:00, run_after=2021-01-01T00:00:00+00:00
[2023-09-09T02:40:01.949+0000] {processor.py:176} INFO - Processing /home/airflow/.local/lib/python3.7/site-packages/airflow/example_dags/example_trigger_controller_dag.py took 0.088 seconds
[2023-09-09T02:40:32.386+0000] {processor.py:154} INFO - Started process (PID=520) to work on /home/airflow/.local/lib/python3.7/site-packages/airflow/example_dags/example_trigger_controller_dag.py
[2023-09-09T02:40:32.386+0000] {processor.py:756} INFO - Processing file /home/airflow/.local/lib/python3.7/site-packages/airflow/example_dags/example_trigger_controller_dag.py for tasks to queue
[2023-09-09T02:40:32.387+0000] {logging_mixin.py:120} INFO - [2023-09-09T02:40:32.387+0000] {dagbag.py:537} INFO - Filling up the DagBag from /home/airflow/.local/lib/python3.7/site-packages/airflow/example_dags/example_trigger_controller_dag.py
[2023-09-09T02:40:32.396+0000] {processor.py:766} INFO - DAG(s) dict_keys(['example_trigger_controller_dag']) retrieved from /home/airflow/.local/lib/python3.7/site-packages/airflow/example_dags/example_trigger_controller_dag.py
[2023-09-09T02:40:32.426+0000] {logging_mixin.py:120} INFO - [2023-09-09T02:40:32.426+0000] {dag.py:2585} INFO - Sync 1 DAGs
[2023-09-09T02:40:32.446+0000] {logging_mixin.py:120} INFO - [2023-09-09T02:40:32.446+0000] {dag.py:3340} INFO - Setting next_dagrun for example_trigger_controller_dag to 2021-01-01T00:00:00+00:00, run_after=2021-01-01T00:00:00+00:00
[2023-09-09T02:40:32.466+0000] {processor.py:176} INFO - Processing /home/airflow/.local/lib/python3.7/site-packages/airflow/example_dags/example_trigger_controller_dag.py took 0.083 seconds
[2023-09-09T02:41:02.951+0000] {processor.py:154} INFO - Started process (PID=594) to work on /home/airflow/.local/lib/python3.7/site-packages/airflow/example_dags/example_trigger_controller_dag.py
[2023-09-09T02:41:02.952+0000] {processor.py:756} INFO - Processing file /home/airflow/.local/lib/python3.7/site-packages/airflow/example_dags/example_trigger_controller_dag.py for tasks to queue
[2023-09-09T02:41:02.953+0000] {logging_mixin.py:120} INFO - [2023-09-09T02:41:02.953+0000] {dagbag.py:537} INFO - Filling up the DagBag from /home/airflow/.local/lib/python3.7/site-packages/airflow/example_dags/example_trigger_controller_dag.py
[2023-09-09T02:41:02.964+0000] {processor.py:766} INFO - DAG(s) dict_keys(['example_trigger_controller_dag']) retrieved from /home/airflow/.local/lib/python3.7/site-packages/airflow/example_dags/example_trigger_controller_dag.py
[2023-09-09T02:41:03.006+0000] {logging_mixin.py:120} INFO - [2023-09-09T02:41:03.006+0000] {dag.py:2585} INFO - Sync 1 DAGs
[2023-09-09T02:41:03.039+0000] {logging_mixin.py:120} INFO - [2023-09-09T02:41:03.039+0000] {dag.py:3340} INFO - Setting next_dagrun for example_trigger_controller_dag to 2021-01-01T00:00:00+00:00, run_after=2021-01-01T00:00:00+00:00
[2023-09-09T02:41:03.064+0000] {processor.py:176} INFO - Processing /home/airflow/.local/lib/python3.7/site-packages/airflow/example_dags/example_trigger_controller_dag.py took 0.115 seconds
[2023-09-09T02:41:33.840+0000] {processor.py:154} INFO - Started process (PID=678) to work on /home/airflow/.local/lib/python3.7/site-packages/airflow/example_dags/example_trigger_controller_dag.py
[2023-09-09T02:41:33.841+0000] {processor.py:756} INFO - Processing file /home/airflow/.local/lib/python3.7/site-packages/airflow/example_dags/example_trigger_controller_dag.py for tasks to queue
[2023-09-09T02:41:33.842+0000] {logging_mixin.py:120} INFO - [2023-09-09T02:41:33.842+0000] {dagbag.py:537} INFO - Filling up the DagBag from /home/airflow/.local/lib/python3.7/site-packages/airflow/example_dags/example_trigger_controller_dag.py
[2023-09-09T02:41:33.854+0000] {processor.py:766} INFO - DAG(s) dict_keys(['example_trigger_controller_dag']) retrieved from /home/airflow/.local/lib/python3.7/site-packages/airflow/example_dags/example_trigger_controller_dag.py
[2023-09-09T02:41:33.887+0000] {logging_mixin.py:120} INFO - [2023-09-09T02:41:33.887+0000] {dag.py:2585} INFO - Sync 1 DAGs
[2023-09-09T02:41:33.909+0000] {logging_mixin.py:120} INFO - [2023-09-09T02:41:33.909+0000] {dag.py:3340} INFO - Setting next_dagrun for example_trigger_controller_dag to 2021-01-01T00:00:00+00:00, run_after=2021-01-01T00:00:00+00:00
[2023-09-09T02:41:33.930+0000] {processor.py:176} INFO - Processing /home/airflow/.local/lib/python3.7/site-packages/airflow/example_dags/example_trigger_controller_dag.py took 0.093 seconds
[2023-09-09T02:42:04.125+0000] {processor.py:154} INFO - Started process (PID=743) to work on /home/airflow/.local/lib/python3.7/site-packages/airflow/example_dags/example_trigger_controller_dag.py
[2023-09-09T02:42:04.126+0000] {processor.py:756} INFO - Processing file /home/airflow/.local/lib/python3.7/site-packages/airflow/example_dags/example_trigger_controller_dag.py for tasks to queue
[2023-09-09T02:42:04.127+0000] {logging_mixin.py:120} INFO - [2023-09-09T02:42:04.127+0000] {dagbag.py:537} INFO - Filling up the DagBag from /home/airflow/.local/lib/python3.7/site-packages/airflow/example_dags/example_trigger_controller_dag.py
[2023-09-09T02:42:04.136+0000] {processor.py:766} INFO - DAG(s) dict_keys(['example_trigger_controller_dag']) retrieved from /home/airflow/.local/lib/python3.7/site-packages/airflow/example_dags/example_trigger_controller_dag.py
[2023-09-09T02:42:04.167+0000] {logging_mixin.py:120} INFO - [2023-09-09T02:42:04.166+0000] {dag.py:2585} INFO - Sync 1 DAGs
[2023-09-09T02:42:04.187+0000] {logging_mixin.py:120} INFO - [2023-09-09T02:42:04.187+0000] {dag.py:3340} INFO - Setting next_dagrun for example_trigger_controller_dag to 2021-01-01T00:00:00+00:00, run_after=2021-01-01T00:00:00+00:00
[2023-09-09T02:42:04.205+0000] {processor.py:176} INFO - Processing /home/airflow/.local/lib/python3.7/site-packages/airflow/example_dags/example_trigger_controller_dag.py took 0.083 seconds
[2023-09-09T02:42:34.831+0000] {processor.py:154} INFO - Started process (PID=821) to work on /home/airflow/.local/lib/python3.7/site-packages/airflow/example_dags/example_trigger_controller_dag.py
[2023-09-09T02:42:34.832+0000] {processor.py:756} INFO - Processing file /home/airflow/.local/lib/python3.7/site-packages/airflow/example_dags/example_trigger_controller_dag.py for tasks to queue
[2023-09-09T02:42:34.833+0000] {logging_mixin.py:120} INFO - [2023-09-09T02:42:34.833+0000] {dagbag.py:537} INFO - Filling up the DagBag from /home/airflow/.local/lib/python3.7/site-packages/airflow/example_dags/example_trigger_controller_dag.py
[2023-09-09T02:42:34.843+0000] {processor.py:766} INFO - DAG(s) dict_keys(['example_trigger_controller_dag']) retrieved from /home/airflow/.local/lib/python3.7/site-packages/airflow/example_dags/example_trigger_controller_dag.py
[2023-09-09T02:42:34.875+0000] {logging_mixin.py:120} INFO - [2023-09-09T02:42:34.875+0000] {dag.py:2585} INFO - Sync 1 DAGs
[2023-09-09T02:42:34.894+0000] {logging_mixin.py:120} INFO - [2023-09-09T02:42:34.894+0000] {dag.py:3340} INFO - Setting next_dagrun for example_trigger_controller_dag to 2021-01-01T00:00:00+00:00, run_after=2021-01-01T00:00:00+00:00
[2023-09-09T02:42:34.915+0000] {processor.py:176} INFO - Processing /home/airflow/.local/lib/python3.7/site-packages/airflow/example_dags/example_trigger_controller_dag.py took 0.086 seconds
[2023-09-09T02:43:05.280+0000] {processor.py:154} INFO - Started process (PID=899) to work on /home/airflow/.local/lib/python3.7/site-packages/airflow/example_dags/example_trigger_controller_dag.py
[2023-09-09T02:43:05.281+0000] {processor.py:756} INFO - Processing file /home/airflow/.local/lib/python3.7/site-packages/airflow/example_dags/example_trigger_controller_dag.py for tasks to queue
[2023-09-09T02:43:05.282+0000] {logging_mixin.py:120} INFO - [2023-09-09T02:43:05.282+0000] {dagbag.py:537} INFO - Filling up the DagBag from /home/airflow/.local/lib/python3.7/site-packages/airflow/example_dags/example_trigger_controller_dag.py
[2023-09-09T02:43:05.292+0000] {processor.py:766} INFO - DAG(s) dict_keys(['example_trigger_controller_dag']) retrieved from /home/airflow/.local/lib/python3.7/site-packages/airflow/example_dags/example_trigger_controller_dag.py
[2023-09-09T02:43:05.330+0000] {logging_mixin.py:120} INFO - [2023-09-09T02:43:05.330+0000] {dag.py:2585} INFO - Sync 1 DAGs
[2023-09-09T02:43:05.352+0000] {logging_mixin.py:120} INFO - [2023-09-09T02:43:05.352+0000] {dag.py:3340} INFO - Setting next_dagrun for example_trigger_controller_dag to 2021-01-01T00:00:00+00:00, run_after=2021-01-01T00:00:00+00:00
[2023-09-09T02:43:05.372+0000] {processor.py:176} INFO - Processing /home/airflow/.local/lib/python3.7/site-packages/airflow/example_dags/example_trigger_controller_dag.py took 0.094 seconds
[2023-09-09T02:43:36.048+0000] {processor.py:154} INFO - Started process (PID=973) to work on /home/airflow/.local/lib/python3.7/site-packages/airflow/example_dags/example_trigger_controller_dag.py
[2023-09-09T02:43:36.049+0000] {processor.py:756} INFO - Processing file /home/airflow/.local/lib/python3.7/site-packages/airflow/example_dags/example_trigger_controller_dag.py for tasks to queue
[2023-09-09T02:43:36.050+0000] {logging_mixin.py:120} INFO - [2023-09-09T02:43:36.050+0000] {dagbag.py:537} INFO - Filling up the DagBag from /home/airflow/.local/lib/python3.7/site-packages/airflow/example_dags/example_trigger_controller_dag.py
[2023-09-09T02:43:36.060+0000] {processor.py:766} INFO - DAG(s) dict_keys(['example_trigger_controller_dag']) retrieved from /home/airflow/.local/lib/python3.7/site-packages/airflow/example_dags/example_trigger_controller_dag.py
[2023-09-09T02:43:36.093+0000] {logging_mixin.py:120} INFO - [2023-09-09T02:43:36.093+0000] {dag.py:2585} INFO - Sync 1 DAGs
[2023-09-09T02:43:36.116+0000] {logging_mixin.py:120} INFO - [2023-09-09T02:43:36.116+0000] {dag.py:3340} INFO - Setting next_dagrun for example_trigger_controller_dag to 2021-01-01T00:00:00+00:00, run_after=2021-01-01T00:00:00+00:00
[2023-09-09T02:43:36.140+0000] {processor.py:176} INFO - Processing /home/airflow/.local/lib/python3.7/site-packages/airflow/example_dags/example_trigger_controller_dag.py took 0.094 seconds
[2023-09-09T02:44:07.173+0000] {processor.py:154} INFO - Started process (PID=1038) to work on /home/airflow/.local/lib/python3.7/site-packages/airflow/example_dags/example_trigger_controller_dag.py
[2023-09-09T02:44:07.174+0000] {processor.py:756} INFO - Processing file /home/airflow/.local/lib/python3.7/site-packages/airflow/example_dags/example_trigger_controller_dag.py for tasks to queue
[2023-09-09T02:44:07.174+0000] {logging_mixin.py:120} INFO - [2023-09-09T02:44:07.174+0000] {dagbag.py:537} INFO - Filling up the DagBag from /home/airflow/.local/lib/python3.7/site-packages/airflow/example_dags/example_trigger_controller_dag.py
[2023-09-09T02:44:07.184+0000] {processor.py:766} INFO - DAG(s) dict_keys(['example_trigger_controller_dag']) retrieved from /home/airflow/.local/lib/python3.7/site-packages/airflow/example_dags/example_trigger_controller_dag.py
[2023-09-09T02:44:07.218+0000] {logging_mixin.py:120} INFO - [2023-09-09T02:44:07.218+0000] {dag.py:2585} INFO - Sync 1 DAGs
[2023-09-09T02:44:07.242+0000] {logging_mixin.py:120} INFO - [2023-09-09T02:44:07.242+0000] {dag.py:3340} INFO - Setting next_dagrun for example_trigger_controller_dag to 2021-01-01T00:00:00+00:00, run_after=2021-01-01T00:00:00+00:00
[2023-09-09T02:44:07.264+0000] {processor.py:176} INFO - Processing /home/airflow/.local/lib/python3.7/site-packages/airflow/example_dags/example_trigger_controller_dag.py took 0.094 seconds
[2023-09-09T02:44:37.608+0000] {processor.py:154} INFO - Started process (PID=1113) to work on /home/airflow/.local/lib/python3.7/site-packages/airflow/example_dags/example_trigger_controller_dag.py
[2023-09-09T02:44:37.609+0000] {processor.py:756} INFO - Processing file /home/airflow/.local/lib/python3.7/site-packages/airflow/example_dags/example_trigger_controller_dag.py for tasks to queue
[2023-09-09T02:44:37.610+0000] {logging_mixin.py:120} INFO - [2023-09-09T02:44:37.610+0000] {dagbag.py:537} INFO - Filling up the DagBag from /home/airflow/.local/lib/python3.7/site-packages/airflow/example_dags/example_trigger_controller_dag.py
[2023-09-09T02:44:37.620+0000] {processor.py:766} INFO - DAG(s) dict_keys(['example_trigger_controller_dag']) retrieved from /home/airflow/.local/lib/python3.7/site-packages/airflow/example_dags/example_trigger_controller_dag.py
[2023-09-09T02:44:37.652+0000] {logging_mixin.py:120} INFO - [2023-09-09T02:44:37.652+0000] {dag.py:2585} INFO - Sync 1 DAGs
[2023-09-09T02:44:37.672+0000] {logging_mixin.py:120} INFO - [2023-09-09T02:44:37.672+0000] {dag.py:3340} INFO - Setting next_dagrun for example_trigger_controller_dag to 2021-01-01T00:00:00+00:00, run_after=2021-01-01T00:00:00+00:00
[2023-09-09T02:44:37.691+0000] {processor.py:176} INFO - Processing /home/airflow/.local/lib/python3.7/site-packages/airflow/example_dags/example_trigger_controller_dag.py took 0.085 seconds
[2023-09-09T02:45:07.953+0000] {processor.py:154} INFO - Started process (PID=1187) to work on /home/airflow/.local/lib/python3.7/site-packages/airflow/example_dags/example_trigger_controller_dag.py
[2023-09-09T02:45:07.954+0000] {processor.py:756} INFO - Processing file /home/airflow/.local/lib/python3.7/site-packages/airflow/example_dags/example_trigger_controller_dag.py for tasks to queue
[2023-09-09T02:45:07.955+0000] {logging_mixin.py:120} INFO - [2023-09-09T02:45:07.955+0000] {dagbag.py:537} INFO - Filling up the DagBag from /home/airflow/.local/lib/python3.7/site-packages/airflow/example_dags/example_trigger_controller_dag.py
[2023-09-09T02:45:07.965+0000] {processor.py:766} INFO - DAG(s) dict_keys(['example_trigger_controller_dag']) retrieved from /home/airflow/.local/lib/python3.7/site-packages/airflow/example_dags/example_trigger_controller_dag.py
[2023-09-09T02:45:07.998+0000] {logging_mixin.py:120} INFO - [2023-09-09T02:45:07.998+0000] {dag.py:2585} INFO - Sync 1 DAGs
[2023-09-09T02:45:08.018+0000] {logging_mixin.py:120} INFO - [2023-09-09T02:45:08.018+0000] {dag.py:3340} INFO - Setting next_dagrun for example_trigger_controller_dag to 2021-01-01T00:00:00+00:00, run_after=2021-01-01T00:00:00+00:00
[2023-09-09T02:45:08.039+0000] {processor.py:176} INFO - Processing /home/airflow/.local/lib/python3.7/site-packages/airflow/example_dags/example_trigger_controller_dag.py took 0.088 seconds
