[2023-09-09T02:37:27.597+0000] {processor.py:154} INFO - Started process (PID=70) to work on /home/airflow/.local/lib/python3.7/site-packages/airflow/example_dags/example_short_circuit_decorator.py
[2023-09-09T02:37:27.598+0000] {processor.py:756} INFO - Processing file /home/airflow/.local/lib/python3.7/site-packages/airflow/example_dags/example_short_circuit_decorator.py for tasks to queue
[2023-09-09T02:37:27.598+0000] {logging_mixin.py:120} INFO - [2023-09-09T02:37:27.598+0000] {dagbag.py:537} INFO - Filling up the DagBag from /home/airflow/.local/lib/python3.7/site-packages/airflow/example_dags/example_short_circuit_decorator.py
[2023-09-09T02:37:27.620+0000] {processor.py:766} INFO - DAG(s) dict_keys(['example_short_circuit_decorator']) retrieved from /home/airflow/.local/lib/python3.7/site-packages/airflow/example_dags/example_short_circuit_decorator.py
[2023-09-09T02:37:27.652+0000] {logging_mixin.py:120} INFO - [2023-09-09T02:37:27.652+0000] {dag.py:2585} INFO - Sync 1 DAGs
[2023-09-09T02:37:27.673+0000] {logging_mixin.py:120} INFO - [2023-09-09T02:37:27.673+0000] {dag.py:3340} INFO - Setting next_dagrun for example_short_circuit_decorator to 2023-09-08T02:37:27.673148+00:00, run_after=2023-09-09T02:37:27.673148+00:00
[2023-09-09T02:37:27.690+0000] {processor.py:176} INFO - Processing /home/airflow/.local/lib/python3.7/site-packages/airflow/example_dags/example_short_circuit_decorator.py took 0.096 seconds
[2023-09-09T02:37:58.314+0000] {processor.py:154} INFO - Started process (PID=144) to work on /home/airflow/.local/lib/python3.7/site-packages/airflow/example_dags/example_short_circuit_decorator.py
[2023-09-09T02:37:58.314+0000] {processor.py:756} INFO - Processing file /home/airflow/.local/lib/python3.7/site-packages/airflow/example_dags/example_short_circuit_decorator.py for tasks to queue
[2023-09-09T02:37:58.315+0000] {logging_mixin.py:120} INFO - [2023-09-09T02:37:58.315+0000] {dagbag.py:537} INFO - Filling up the DagBag from /home/airflow/.local/lib/python3.7/site-packages/airflow/example_dags/example_short_circuit_decorator.py
[2023-09-09T02:37:58.334+0000] {processor.py:766} INFO - DAG(s) dict_keys(['example_short_circuit_decorator']) retrieved from /home/airflow/.local/lib/python3.7/site-packages/airflow/example_dags/example_short_circuit_decorator.py
[2023-09-09T02:37:58.367+0000] {logging_mixin.py:120} INFO - [2023-09-09T02:37:58.367+0000] {dag.py:2585} INFO - Sync 1 DAGs
[2023-09-09T02:37:58.388+0000] {logging_mixin.py:120} INFO - [2023-09-09T02:37:58.387+0000] {dag.py:3340} INFO - Setting next_dagrun for example_short_circuit_decorator to 2023-09-08T02:37:58.387744+00:00, run_after=2023-09-09T02:37:58.387744+00:00
[2023-09-09T02:37:58.404+0000] {processor.py:176} INFO - Processing /home/airflow/.local/lib/python3.7/site-packages/airflow/example_dags/example_short_circuit_decorator.py took 0.093 seconds
[2023-09-09T02:38:28.839+0000] {processor.py:154} INFO - Started process (PID=219) to work on /home/airflow/.local/lib/python3.7/site-packages/airflow/example_dags/example_short_circuit_decorator.py
[2023-09-09T02:38:28.840+0000] {processor.py:756} INFO - Processing file /home/airflow/.local/lib/python3.7/site-packages/airflow/example_dags/example_short_circuit_decorator.py for tasks to queue
[2023-09-09T02:38:28.841+0000] {logging_mixin.py:120} INFO - [2023-09-09T02:38:28.841+0000] {dagbag.py:537} INFO - Filling up the DagBag from /home/airflow/.local/lib/python3.7/site-packages/airflow/example_dags/example_short_circuit_decorator.py
[2023-09-09T02:38:28.860+0000] {processor.py:766} INFO - DAG(s) dict_keys(['example_short_circuit_decorator']) retrieved from /home/airflow/.local/lib/python3.7/site-packages/airflow/example_dags/example_short_circuit_decorator.py
[2023-09-09T02:38:28.892+0000] {logging_mixin.py:120} INFO - [2023-09-09T02:38:28.892+0000] {dag.py:2585} INFO - Sync 1 DAGs
[2023-09-09T02:38:28.912+0000] {logging_mixin.py:120} INFO - [2023-09-09T02:38:28.912+0000] {dag.py:3340} INFO - Setting next_dagrun for example_short_circuit_decorator to 2023-09-08T02:38:28.912179+00:00, run_after=2023-09-09T02:38:28.912179+00:00
[2023-09-09T02:38:28.931+0000] {processor.py:176} INFO - Processing /home/airflow/.local/lib/python3.7/site-packages/airflow/example_dags/example_short_circuit_decorator.py took 0.094 seconds
[2023-09-09T02:38:59.448+0000] {processor.py:154} INFO - Started process (PID=293) to work on /home/airflow/.local/lib/python3.7/site-packages/airflow/example_dags/example_short_circuit_decorator.py
[2023-09-09T02:38:59.449+0000] {processor.py:756} INFO - Processing file /home/airflow/.local/lib/python3.7/site-packages/airflow/example_dags/example_short_circuit_decorator.py for tasks to queue
[2023-09-09T02:38:59.450+0000] {logging_mixin.py:120} INFO - [2023-09-09T02:38:59.449+0000] {dagbag.py:537} INFO - Filling up the DagBag from /home/airflow/.local/lib/python3.7/site-packages/airflow/example_dags/example_short_circuit_decorator.py
[2023-09-09T02:38:59.470+0000] {processor.py:766} INFO - DAG(s) dict_keys(['example_short_circuit_decorator']) retrieved from /home/airflow/.local/lib/python3.7/site-packages/airflow/example_dags/example_short_circuit_decorator.py
[2023-09-09T02:38:59.504+0000] {logging_mixin.py:120} INFO - [2023-09-09T02:38:59.504+0000] {dag.py:2585} INFO - Sync 1 DAGs
[2023-09-09T02:38:59.525+0000] {logging_mixin.py:120} INFO - [2023-09-09T02:38:59.524+0000] {dag.py:3340} INFO - Setting next_dagrun for example_short_circuit_decorator to 2023-09-08T02:38:59.524773+00:00, run_after=2023-09-09T02:38:59.524773+00:00
[2023-09-09T02:38:59.544+0000] {processor.py:176} INFO - Processing /home/airflow/.local/lib/python3.7/site-packages/airflow/example_dags/example_short_circuit_decorator.py took 0.099 seconds
[2023-09-09T02:39:29.901+0000] {processor.py:154} INFO - Started process (PID=358) to work on /home/airflow/.local/lib/python3.7/site-packages/airflow/example_dags/example_short_circuit_decorator.py
[2023-09-09T02:39:29.901+0000] {processor.py:756} INFO - Processing file /home/airflow/.local/lib/python3.7/site-packages/airflow/example_dags/example_short_circuit_decorator.py for tasks to queue
[2023-09-09T02:39:29.902+0000] {logging_mixin.py:120} INFO - [2023-09-09T02:39:29.902+0000] {dagbag.py:537} INFO - Filling up the DagBag from /home/airflow/.local/lib/python3.7/site-packages/airflow/example_dags/example_short_circuit_decorator.py
[2023-09-09T02:39:29.922+0000] {processor.py:766} INFO - DAG(s) dict_keys(['example_short_circuit_decorator']) retrieved from /home/airflow/.local/lib/python3.7/site-packages/airflow/example_dags/example_short_circuit_decorator.py
[2023-09-09T02:39:29.960+0000] {logging_mixin.py:120} INFO - [2023-09-09T02:39:29.960+0000] {dag.py:2585} INFO - Sync 1 DAGs
[2023-09-09T02:39:29.983+0000] {logging_mixin.py:120} INFO - [2023-09-09T02:39:29.983+0000] {dag.py:3340} INFO - Setting next_dagrun for example_short_circuit_decorator to 2023-09-08T02:39:29.982832+00:00, run_after=2023-09-09T02:39:29.982832+00:00
[2023-09-09T02:39:30.005+0000] {processor.py:176} INFO - Processing /home/airflow/.local/lib/python3.7/site-packages/airflow/example_dags/example_short_circuit_decorator.py took 0.107 seconds
[2023-09-09T02:40:00.966+0000] {processor.py:154} INFO - Started process (PID=432) to work on /home/airflow/.local/lib/python3.7/site-packages/airflow/example_dags/example_short_circuit_decorator.py
[2023-09-09T02:40:00.966+0000] {processor.py:756} INFO - Processing file /home/airflow/.local/lib/python3.7/site-packages/airflow/example_dags/example_short_circuit_decorator.py for tasks to queue
[2023-09-09T02:40:00.967+0000] {logging_mixin.py:120} INFO - [2023-09-09T02:40:00.967+0000] {dagbag.py:537} INFO - Filling up the DagBag from /home/airflow/.local/lib/python3.7/site-packages/airflow/example_dags/example_short_circuit_decorator.py
[2023-09-09T02:40:00.987+0000] {processor.py:766} INFO - DAG(s) dict_keys(['example_short_circuit_decorator']) retrieved from /home/airflow/.local/lib/python3.7/site-packages/airflow/example_dags/example_short_circuit_decorator.py
[2023-09-09T02:40:01.022+0000] {logging_mixin.py:120} INFO - [2023-09-09T02:40:01.022+0000] {dag.py:2585} INFO - Sync 1 DAGs
[2023-09-09T02:40:01.043+0000] {logging_mixin.py:120} INFO - [2023-09-09T02:40:01.043+0000] {dag.py:3340} INFO - Setting next_dagrun for example_short_circuit_decorator to 2023-09-08T02:40:01.042988+00:00, run_after=2023-09-09T02:40:01.042988+00:00
[2023-09-09T02:40:01.063+0000] {processor.py:176} INFO - Processing /home/airflow/.local/lib/python3.7/site-packages/airflow/example_dags/example_short_circuit_decorator.py took 0.100 seconds
[2023-09-09T02:40:31.427+0000] {processor.py:154} INFO - Started process (PID=506) to work on /home/airflow/.local/lib/python3.7/site-packages/airflow/example_dags/example_short_circuit_decorator.py
[2023-09-09T02:40:31.427+0000] {processor.py:756} INFO - Processing file /home/airflow/.local/lib/python3.7/site-packages/airflow/example_dags/example_short_circuit_decorator.py for tasks to queue
[2023-09-09T02:40:31.428+0000] {logging_mixin.py:120} INFO - [2023-09-09T02:40:31.428+0000] {dagbag.py:537} INFO - Filling up the DagBag from /home/airflow/.local/lib/python3.7/site-packages/airflow/example_dags/example_short_circuit_decorator.py
[2023-09-09T02:40:31.450+0000] {processor.py:766} INFO - DAG(s) dict_keys(['example_short_circuit_decorator']) retrieved from /home/airflow/.local/lib/python3.7/site-packages/airflow/example_dags/example_short_circuit_decorator.py
[2023-09-09T02:40:31.485+0000] {logging_mixin.py:120} INFO - [2023-09-09T02:40:31.485+0000] {dag.py:2585} INFO - Sync 1 DAGs
[2023-09-09T02:40:31.505+0000] {logging_mixin.py:120} INFO - [2023-09-09T02:40:31.505+0000] {dag.py:3340} INFO - Setting next_dagrun for example_short_circuit_decorator to 2023-09-08T02:40:31.505107+00:00, run_after=2023-09-09T02:40:31.505107+00:00
[2023-09-09T02:40:31.525+0000] {processor.py:176} INFO - Processing /home/airflow/.local/lib/python3.7/site-packages/airflow/example_dags/example_short_circuit_decorator.py took 0.101 seconds
[2023-09-09T02:41:01.699+0000] {processor.py:154} INFO - Started process (PID=580) to work on /home/airflow/.local/lib/python3.7/site-packages/airflow/example_dags/example_short_circuit_decorator.py
[2023-09-09T02:41:01.700+0000] {processor.py:756} INFO - Processing file /home/airflow/.local/lib/python3.7/site-packages/airflow/example_dags/example_short_circuit_decorator.py for tasks to queue
[2023-09-09T02:41:01.700+0000] {logging_mixin.py:120} INFO - [2023-09-09T02:41:01.700+0000] {dagbag.py:537} INFO - Filling up the DagBag from /home/airflow/.local/lib/python3.7/site-packages/airflow/example_dags/example_short_circuit_decorator.py
[2023-09-09T02:41:01.719+0000] {processor.py:766} INFO - DAG(s) dict_keys(['example_short_circuit_decorator']) retrieved from /home/airflow/.local/lib/python3.7/site-packages/airflow/example_dags/example_short_circuit_decorator.py
[2023-09-09T02:41:01.751+0000] {logging_mixin.py:120} INFO - [2023-09-09T02:41:01.751+0000] {dag.py:2585} INFO - Sync 1 DAGs
[2023-09-09T02:41:01.770+0000] {logging_mixin.py:120} INFO - [2023-09-09T02:41:01.770+0000] {dag.py:3340} INFO - Setting next_dagrun for example_short_circuit_decorator to 2023-09-08T02:41:01.770191+00:00, run_after=2023-09-09T02:41:01.770191+00:00
[2023-09-09T02:41:01.788+0000] {processor.py:176} INFO - Processing /home/airflow/.local/lib/python3.7/site-packages/airflow/example_dags/example_short_circuit_decorator.py took 0.092 seconds
[2023-09-09T02:41:32.332+0000] {processor.py:154} INFO - Started process (PID=653) to work on /home/airflow/.local/lib/python3.7/site-packages/airflow/example_dags/example_short_circuit_decorator.py
[2023-09-09T02:41:32.333+0000] {processor.py:756} INFO - Processing file /home/airflow/.local/lib/python3.7/site-packages/airflow/example_dags/example_short_circuit_decorator.py for tasks to queue
[2023-09-09T02:41:32.334+0000] {logging_mixin.py:120} INFO - [2023-09-09T02:41:32.334+0000] {dagbag.py:537} INFO - Filling up the DagBag from /home/airflow/.local/lib/python3.7/site-packages/airflow/example_dags/example_short_circuit_decorator.py
[2023-09-09T02:41:32.360+0000] {processor.py:766} INFO - DAG(s) dict_keys(['example_short_circuit_decorator']) retrieved from /home/airflow/.local/lib/python3.7/site-packages/airflow/example_dags/example_short_circuit_decorator.py
[2023-09-09T02:41:32.400+0000] {logging_mixin.py:120} INFO - [2023-09-09T02:41:32.399+0000] {dag.py:2585} INFO - Sync 1 DAGs
[2023-09-09T02:41:32.422+0000] {logging_mixin.py:120} INFO - [2023-09-09T02:41:32.422+0000] {dag.py:3340} INFO - Setting next_dagrun for example_short_circuit_decorator to 2023-09-08T02:41:32.421976+00:00, run_after=2023-09-09T02:41:32.421976+00:00
[2023-09-09T02:41:32.442+0000] {processor.py:176} INFO - Processing /home/airflow/.local/lib/python3.7/site-packages/airflow/example_dags/example_short_circuit_decorator.py took 0.113 seconds
[2023-09-09T02:42:02.758+0000] {processor.py:154} INFO - Started process (PID=726) to work on /home/airflow/.local/lib/python3.7/site-packages/airflow/example_dags/example_short_circuit_decorator.py
[2023-09-09T02:42:02.759+0000] {processor.py:756} INFO - Processing file /home/airflow/.local/lib/python3.7/site-packages/airflow/example_dags/example_short_circuit_decorator.py for tasks to queue
[2023-09-09T02:42:02.760+0000] {logging_mixin.py:120} INFO - [2023-09-09T02:42:02.760+0000] {dagbag.py:537} INFO - Filling up the DagBag from /home/airflow/.local/lib/python3.7/site-packages/airflow/example_dags/example_short_circuit_decorator.py
[2023-09-09T02:42:02.780+0000] {processor.py:766} INFO - DAG(s) dict_keys(['example_short_circuit_decorator']) retrieved from /home/airflow/.local/lib/python3.7/site-packages/airflow/example_dags/example_short_circuit_decorator.py
[2023-09-09T02:42:02.815+0000] {logging_mixin.py:120} INFO - [2023-09-09T02:42:02.815+0000] {dag.py:2585} INFO - Sync 1 DAGs
[2023-09-09T02:42:02.837+0000] {logging_mixin.py:120} INFO - [2023-09-09T02:42:02.837+0000] {dag.py:3340} INFO - Setting next_dagrun for example_short_circuit_decorator to 2023-09-08T02:42:02.836781+00:00, run_after=2023-09-09T02:42:02.836781+00:00
[2023-09-09T02:42:02.858+0000] {processor.py:176} INFO - Processing /home/airflow/.local/lib/python3.7/site-packages/airflow/example_dags/example_short_circuit_decorator.py took 0.103 seconds
[2023-09-09T02:42:33.459+0000] {processor.py:154} INFO - Started process (PID=804) to work on /home/airflow/.local/lib/python3.7/site-packages/airflow/example_dags/example_short_circuit_decorator.py
[2023-09-09T02:42:33.460+0000] {processor.py:756} INFO - Processing file /home/airflow/.local/lib/python3.7/site-packages/airflow/example_dags/example_short_circuit_decorator.py for tasks to queue
[2023-09-09T02:42:33.461+0000] {logging_mixin.py:120} INFO - [2023-09-09T02:42:33.461+0000] {dagbag.py:537} INFO - Filling up the DagBag from /home/airflow/.local/lib/python3.7/site-packages/airflow/example_dags/example_short_circuit_decorator.py
[2023-09-09T02:42:33.482+0000] {processor.py:766} INFO - DAG(s) dict_keys(['example_short_circuit_decorator']) retrieved from /home/airflow/.local/lib/python3.7/site-packages/airflow/example_dags/example_short_circuit_decorator.py
[2023-09-09T02:42:33.518+0000] {logging_mixin.py:120} INFO - [2023-09-09T02:42:33.517+0000] {dag.py:2585} INFO - Sync 1 DAGs
[2023-09-09T02:42:33.540+0000] {logging_mixin.py:120} INFO - [2023-09-09T02:42:33.540+0000] {dag.py:3340} INFO - Setting next_dagrun for example_short_circuit_decorator to 2023-09-08T02:42:33.540546+00:00, run_after=2023-09-09T02:42:33.540546+00:00
[2023-09-09T02:42:33.563+0000] {processor.py:176} INFO - Processing /home/airflow/.local/lib/python3.7/site-packages/airflow/example_dags/example_short_circuit_decorator.py took 0.107 seconds
[2023-09-09T02:43:03.916+0000] {processor.py:154} INFO - Started process (PID=883) to work on /home/airflow/.local/lib/python3.7/site-packages/airflow/example_dags/example_short_circuit_decorator.py
[2023-09-09T02:43:03.916+0000] {processor.py:756} INFO - Processing file /home/airflow/.local/lib/python3.7/site-packages/airflow/example_dags/example_short_circuit_decorator.py for tasks to queue
[2023-09-09T02:43:03.917+0000] {logging_mixin.py:120} INFO - [2023-09-09T02:43:03.917+0000] {dagbag.py:537} INFO - Filling up the DagBag from /home/airflow/.local/lib/python3.7/site-packages/airflow/example_dags/example_short_circuit_decorator.py
[2023-09-09T02:43:03.934+0000] {processor.py:766} INFO - DAG(s) dict_keys(['example_short_circuit_decorator']) retrieved from /home/airflow/.local/lib/python3.7/site-packages/airflow/example_dags/example_short_circuit_decorator.py
[2023-09-09T02:43:03.967+0000] {logging_mixin.py:120} INFO - [2023-09-09T02:43:03.967+0000] {dag.py:2585} INFO - Sync 1 DAGs
[2023-09-09T02:43:03.986+0000] {logging_mixin.py:120} INFO - [2023-09-09T02:43:03.986+0000] {dag.py:3340} INFO - Setting next_dagrun for example_short_circuit_decorator to 2023-09-08T02:43:03.986121+00:00, run_after=2023-09-09T02:43:03.986121+00:00
[2023-09-09T02:43:04.005+0000] {processor.py:176} INFO - Processing /home/airflow/.local/lib/python3.7/site-packages/airflow/example_dags/example_short_circuit_decorator.py took 0.092 seconds
[2023-09-09T02:43:34.541+0000] {processor.py:154} INFO - Started process (PID=948) to work on /home/airflow/.local/lib/python3.7/site-packages/airflow/example_dags/example_short_circuit_decorator.py
[2023-09-09T02:43:34.542+0000] {processor.py:756} INFO - Processing file /home/airflow/.local/lib/python3.7/site-packages/airflow/example_dags/example_short_circuit_decorator.py for tasks to queue
[2023-09-09T02:43:34.542+0000] {logging_mixin.py:120} INFO - [2023-09-09T02:43:34.542+0000] {dagbag.py:537} INFO - Filling up the DagBag from /home/airflow/.local/lib/python3.7/site-packages/airflow/example_dags/example_short_circuit_decorator.py
[2023-09-09T02:43:34.562+0000] {processor.py:766} INFO - DAG(s) dict_keys(['example_short_circuit_decorator']) retrieved from /home/airflow/.local/lib/python3.7/site-packages/airflow/example_dags/example_short_circuit_decorator.py
[2023-09-09T02:43:34.594+0000] {logging_mixin.py:120} INFO - [2023-09-09T02:43:34.594+0000] {dag.py:2585} INFO - Sync 1 DAGs
[2023-09-09T02:43:34.615+0000] {logging_mixin.py:120} INFO - [2023-09-09T02:43:34.615+0000] {dag.py:3340} INFO - Setting next_dagrun for example_short_circuit_decorator to 2023-09-08T02:43:34.615139+00:00, run_after=2023-09-09T02:43:34.615139+00:00
[2023-09-09T02:43:34.634+0000] {processor.py:176} INFO - Processing /home/airflow/.local/lib/python3.7/site-packages/airflow/example_dags/example_short_circuit_decorator.py took 0.096 seconds
[2023-09-09T02:44:04.733+0000] {processor.py:154} INFO - Started process (PID=1022) to work on /home/airflow/.local/lib/python3.7/site-packages/airflow/example_dags/example_short_circuit_decorator.py
[2023-09-09T02:44:04.734+0000] {processor.py:756} INFO - Processing file /home/airflow/.local/lib/python3.7/site-packages/airflow/example_dags/example_short_circuit_decorator.py for tasks to queue
[2023-09-09T02:44:04.735+0000] {logging_mixin.py:120} INFO - [2023-09-09T02:44:04.734+0000] {dagbag.py:537} INFO - Filling up the DagBag from /home/airflow/.local/lib/python3.7/site-packages/airflow/example_dags/example_short_circuit_decorator.py
[2023-09-09T02:44:04.755+0000] {processor.py:766} INFO - DAG(s) dict_keys(['example_short_circuit_decorator']) retrieved from /home/airflow/.local/lib/python3.7/site-packages/airflow/example_dags/example_short_circuit_decorator.py
[2023-09-09T02:44:04.792+0000] {logging_mixin.py:120} INFO - [2023-09-09T02:44:04.792+0000] {dag.py:2585} INFO - Sync 1 DAGs
[2023-09-09T02:44:04.819+0000] {logging_mixin.py:120} INFO - [2023-09-09T02:44:04.819+0000] {dag.py:3340} INFO - Setting next_dagrun for example_short_circuit_decorator to 2023-09-08T02:44:04.819526+00:00, run_after=2023-09-09T02:44:04.819526+00:00
[2023-09-09T02:44:04.844+0000] {processor.py:176} INFO - Processing /home/airflow/.local/lib/python3.7/site-packages/airflow/example_dags/example_short_circuit_decorator.py took 0.114 seconds
[2023-09-09T02:44:34.945+0000] {processor.py:154} INFO - Started process (PID=1097) to work on /home/airflow/.local/lib/python3.7/site-packages/airflow/example_dags/example_short_circuit_decorator.py
[2023-09-09T02:44:34.946+0000] {processor.py:756} INFO - Processing file /home/airflow/.local/lib/python3.7/site-packages/airflow/example_dags/example_short_circuit_decorator.py for tasks to queue
[2023-09-09T02:44:34.947+0000] {logging_mixin.py:120} INFO - [2023-09-09T02:44:34.946+0000] {dagbag.py:537} INFO - Filling up the DagBag from /home/airflow/.local/lib/python3.7/site-packages/airflow/example_dags/example_short_circuit_decorator.py
[2023-09-09T02:44:34.965+0000] {processor.py:766} INFO - DAG(s) dict_keys(['example_short_circuit_decorator']) retrieved from /home/airflow/.local/lib/python3.7/site-packages/airflow/example_dags/example_short_circuit_decorator.py
[2023-09-09T02:44:34.999+0000] {logging_mixin.py:120} INFO - [2023-09-09T02:44:34.998+0000] {dag.py:2585} INFO - Sync 1 DAGs
[2023-09-09T02:44:35.018+0000] {logging_mixin.py:120} INFO - [2023-09-09T02:44:35.018+0000] {dag.py:3340} INFO - Setting next_dagrun for example_short_circuit_decorator to 2023-09-08T02:44:35.018462+00:00, run_after=2023-09-09T02:44:35.018462+00:00
[2023-09-09T02:44:35.037+0000] {processor.py:176} INFO - Processing /home/airflow/.local/lib/python3.7/site-packages/airflow/example_dags/example_short_circuit_decorator.py took 0.094 seconds
[2023-09-09T02:45:05.564+0000] {processor.py:154} INFO - Started process (PID=1170) to work on /home/airflow/.local/lib/python3.7/site-packages/airflow/example_dags/example_short_circuit_decorator.py
[2023-09-09T02:45:05.566+0000] {processor.py:756} INFO - Processing file /home/airflow/.local/lib/python3.7/site-packages/airflow/example_dags/example_short_circuit_decorator.py for tasks to queue
[2023-09-09T02:45:05.567+0000] {logging_mixin.py:120} INFO - [2023-09-09T02:45:05.567+0000] {dagbag.py:537} INFO - Filling up the DagBag from /home/airflow/.local/lib/python3.7/site-packages/airflow/example_dags/example_short_circuit_decorator.py
[2023-09-09T02:45:05.594+0000] {processor.py:766} INFO - DAG(s) dict_keys(['example_short_circuit_decorator']) retrieved from /home/airflow/.local/lib/python3.7/site-packages/airflow/example_dags/example_short_circuit_decorator.py
[2023-09-09T02:45:05.640+0000] {logging_mixin.py:120} INFO - [2023-09-09T02:45:05.640+0000] {dag.py:2585} INFO - Sync 1 DAGs
[2023-09-09T02:45:05.671+0000] {logging_mixin.py:120} INFO - [2023-09-09T02:45:05.670+0000] {dag.py:3340} INFO - Setting next_dagrun for example_short_circuit_decorator to 2023-09-08T02:45:05.670620+00:00, run_after=2023-09-09T02:45:05.670620+00:00
[2023-09-09T02:45:05.695+0000] {processor.py:176} INFO - Processing /home/airflow/.local/lib/python3.7/site-packages/airflow/example_dags/example_short_circuit_decorator.py took 0.135 seconds
