[2023-09-09T02:37:29.264+0000] {processor.py:154} INFO - Started process (PID=94) to work on /home/airflow/.local/lib/python3.7/site-packages/airflow/example_dags/example_subdag_operator.py
[2023-09-09T02:37:29.265+0000] {processor.py:756} INFO - Processing file /home/airflow/.local/lib/python3.7/site-packages/airflow/example_dags/example_subdag_operator.py for tasks to queue
[2023-09-09T02:37:29.266+0000] {logging_mixin.py:120} INFO - [2023-09-09T02:37:29.266+0000] {dagbag.py:537} INFO - Filling up the DagBag from /home/airflow/.local/lib/python3.7/site-packages/airflow/example_dags/example_subdag_operator.py
[2023-09-09T02:37:29.303+0000] {processor.py:766} INFO - DAG(s) dict_keys(['example_subdag_operator.section-1', 'example_subdag_operator.section-2', 'example_subdag_operator']) retrieved from /home/airflow/.local/lib/python3.7/site-packages/airflow/example_dags/example_subdag_operator.py
[2023-09-09T02:37:29.635+0000] {logging_mixin.py:120} INFO - [2023-09-09T02:37:29.634+0000] {dag.py:2585} INFO - Sync 3 DAGs
[2023-09-09T02:37:29.674+0000] {logging_mixin.py:120} INFO - [2023-09-09T02:37:29.673+0000] {dag.py:3340} INFO - Setting next_dagrun for example_subdag_operator to 2022-01-01T00:00:00+00:00, run_after=2022-01-01T00:00:00+00:00
[2023-09-09T02:37:29.678+0000] {logging_mixin.py:120} INFO - [2023-09-09T02:37:29.678+0000] {dag.py:3340} INFO - Setting next_dagrun for example_subdag_operator.section-1 to None, run_after=None
[2023-09-09T02:37:29.681+0000] {logging_mixin.py:120} INFO - [2023-09-09T02:37:29.680+0000] {dag.py:3340} INFO - Setting next_dagrun for example_subdag_operator.section-2 to None, run_after=None
[2023-09-09T02:37:29.692+0000] {logging_mixin.py:120} INFO - [2023-09-09T02:37:29.691+0000] {dag.py:2585} INFO - Sync 2 DAGs
[2023-09-09T02:37:29.700+0000] {logging_mixin.py:120} INFO - [2023-09-09T02:37:29.700+0000] {dag.py:3340} INFO - Setting next_dagrun for example_subdag_operator.section-1 to None, run_after=None
[2023-09-09T02:37:29.701+0000] {logging_mixin.py:120} INFO - [2023-09-09T02:37:29.701+0000] {dag.py:3340} INFO - Setting next_dagrun for example_subdag_operator.section-2 to None, run_after=None
[2023-09-09T02:37:29.731+0000] {processor.py:176} INFO - Processing /home/airflow/.local/lib/python3.7/site-packages/airflow/example_dags/example_subdag_operator.py took 0.470 seconds
[2023-09-09T02:38:00.345+0000] {processor.py:154} INFO - Started process (PID=161) to work on /home/airflow/.local/lib/python3.7/site-packages/airflow/example_dags/example_subdag_operator.py
[2023-09-09T02:38:00.346+0000] {processor.py:756} INFO - Processing file /home/airflow/.local/lib/python3.7/site-packages/airflow/example_dags/example_subdag_operator.py for tasks to queue
[2023-09-09T02:38:00.347+0000] {logging_mixin.py:120} INFO - [2023-09-09T02:38:00.346+0000] {dagbag.py:537} INFO - Filling up the DagBag from /home/airflow/.local/lib/python3.7/site-packages/airflow/example_dags/example_subdag_operator.py
[2023-09-09T02:38:00.418+0000] {processor.py:766} INFO - DAG(s) dict_keys(['example_subdag_operator.section-1', 'example_subdag_operator.section-2', 'example_subdag_operator']) retrieved from /home/airflow/.local/lib/python3.7/site-packages/airflow/example_dags/example_subdag_operator.py
[2023-09-09T02:38:00.596+0000] {logging_mixin.py:120} INFO - [2023-09-09T02:38:00.596+0000] {dag.py:2585} INFO - Sync 3 DAGs
[2023-09-09T02:38:00.616+0000] {logging_mixin.py:120} INFO - [2023-09-09T02:38:00.616+0000] {dag.py:3340} INFO - Setting next_dagrun for example_subdag_operator to 2022-01-01T00:00:00+00:00, run_after=2022-01-01T00:00:00+00:00
[2023-09-09T02:38:00.620+0000] {logging_mixin.py:120} INFO - [2023-09-09T02:38:00.619+0000] {dag.py:3340} INFO - Setting next_dagrun for example_subdag_operator.section-1 to None, run_after=None
[2023-09-09T02:38:00.621+0000] {logging_mixin.py:120} INFO - [2023-09-09T02:38:00.621+0000] {dag.py:3340} INFO - Setting next_dagrun for example_subdag_operator.section-2 to None, run_after=None
[2023-09-09T02:38:00.628+0000] {logging_mixin.py:120} INFO - [2023-09-09T02:38:00.628+0000] {dag.py:2585} INFO - Sync 2 DAGs
[2023-09-09T02:38:00.632+0000] {logging_mixin.py:120} INFO - [2023-09-09T02:38:00.632+0000] {dag.py:3340} INFO - Setting next_dagrun for example_subdag_operator.section-1 to None, run_after=None
[2023-09-09T02:38:00.633+0000] {logging_mixin.py:120} INFO - [2023-09-09T02:38:00.633+0000] {dag.py:3340} INFO - Setting next_dagrun for example_subdag_operator.section-2 to None, run_after=None
[2023-09-09T02:38:00.644+0000] {processor.py:176} INFO - Processing /home/airflow/.local/lib/python3.7/site-packages/airflow/example_dags/example_subdag_operator.py took 0.303 seconds
[2023-09-09T02:38:30.924+0000] {processor.py:154} INFO - Started process (PID=236) to work on /home/airflow/.local/lib/python3.7/site-packages/airflow/example_dags/example_subdag_operator.py
[2023-09-09T02:38:30.925+0000] {processor.py:756} INFO - Processing file /home/airflow/.local/lib/python3.7/site-packages/airflow/example_dags/example_subdag_operator.py for tasks to queue
[2023-09-09T02:38:30.926+0000] {logging_mixin.py:120} INFO - [2023-09-09T02:38:30.926+0000] {dagbag.py:537} INFO - Filling up the DagBag from /home/airflow/.local/lib/python3.7/site-packages/airflow/example_dags/example_subdag_operator.py
[2023-09-09T02:38:30.949+0000] {processor.py:766} INFO - DAG(s) dict_keys(['example_subdag_operator.section-1', 'example_subdag_operator.section-2', 'example_subdag_operator']) retrieved from /home/airflow/.local/lib/python3.7/site-packages/airflow/example_dags/example_subdag_operator.py
[2023-09-09T02:38:31.098+0000] {logging_mixin.py:120} INFO - [2023-09-09T02:38:31.098+0000] {dag.py:2585} INFO - Sync 3 DAGs
[2023-09-09T02:38:31.117+0000] {logging_mixin.py:120} INFO - [2023-09-09T02:38:31.117+0000] {dag.py:3340} INFO - Setting next_dagrun for example_subdag_operator to 2022-01-01T00:00:00+00:00, run_after=2022-01-01T00:00:00+00:00
[2023-09-09T02:38:31.120+0000] {logging_mixin.py:120} INFO - [2023-09-09T02:38:31.120+0000] {dag.py:3340} INFO - Setting next_dagrun for example_subdag_operator.section-1 to None, run_after=None
[2023-09-09T02:38:31.121+0000] {logging_mixin.py:120} INFO - [2023-09-09T02:38:31.121+0000] {dag.py:3340} INFO - Setting next_dagrun for example_subdag_operator.section-2 to None, run_after=None
[2023-09-09T02:38:31.126+0000] {logging_mixin.py:120} INFO - [2023-09-09T02:38:31.126+0000] {dag.py:2585} INFO - Sync 2 DAGs
[2023-09-09T02:38:31.131+0000] {logging_mixin.py:120} INFO - [2023-09-09T02:38:31.131+0000] {dag.py:3340} INFO - Setting next_dagrun for example_subdag_operator.section-1 to None, run_after=None
[2023-09-09T02:38:31.131+0000] {logging_mixin.py:120} INFO - [2023-09-09T02:38:31.131+0000] {dag.py:3340} INFO - Setting next_dagrun for example_subdag_operator.section-2 to None, run_after=None
[2023-09-09T02:38:31.145+0000] {processor.py:176} INFO - Processing /home/airflow/.local/lib/python3.7/site-packages/airflow/example_dags/example_subdag_operator.py took 0.223 seconds
[2023-09-09T02:39:01.701+0000] {processor.py:154} INFO - Started process (PID=310) to work on /home/airflow/.local/lib/python3.7/site-packages/airflow/example_dags/example_subdag_operator.py
[2023-09-09T02:39:01.703+0000] {processor.py:756} INFO - Processing file /home/airflow/.local/lib/python3.7/site-packages/airflow/example_dags/example_subdag_operator.py for tasks to queue
[2023-09-09T02:39:01.703+0000] {logging_mixin.py:120} INFO - [2023-09-09T02:39:01.703+0000] {dagbag.py:537} INFO - Filling up the DagBag from /home/airflow/.local/lib/python3.7/site-packages/airflow/example_dags/example_subdag_operator.py
[2023-09-09T02:39:01.732+0000] {processor.py:766} INFO - DAG(s) dict_keys(['example_subdag_operator.section-1', 'example_subdag_operator.section-2', 'example_subdag_operator']) retrieved from /home/airflow/.local/lib/python3.7/site-packages/airflow/example_dags/example_subdag_operator.py
[2023-09-09T02:39:01.901+0000] {logging_mixin.py:120} INFO - [2023-09-09T02:39:01.901+0000] {dag.py:2585} INFO - Sync 3 DAGs
[2023-09-09T02:39:01.923+0000] {logging_mixin.py:120} INFO - [2023-09-09T02:39:01.922+0000] {dag.py:3340} INFO - Setting next_dagrun for example_subdag_operator to 2022-01-01T00:00:00+00:00, run_after=2022-01-01T00:00:00+00:00
[2023-09-09T02:39:01.926+0000] {logging_mixin.py:120} INFO - [2023-09-09T02:39:01.926+0000] {dag.py:3340} INFO - Setting next_dagrun for example_subdag_operator.section-1 to None, run_after=None
[2023-09-09T02:39:01.927+0000] {logging_mixin.py:120} INFO - [2023-09-09T02:39:01.927+0000] {dag.py:3340} INFO - Setting next_dagrun for example_subdag_operator.section-2 to None, run_after=None
[2023-09-09T02:39:01.933+0000] {logging_mixin.py:120} INFO - [2023-09-09T02:39:01.933+0000] {dag.py:2585} INFO - Sync 2 DAGs
[2023-09-09T02:39:01.938+0000] {logging_mixin.py:120} INFO - [2023-09-09T02:39:01.938+0000] {dag.py:3340} INFO - Setting next_dagrun for example_subdag_operator.section-1 to None, run_after=None
[2023-09-09T02:39:01.938+0000] {logging_mixin.py:120} INFO - [2023-09-09T02:39:01.938+0000] {dag.py:3340} INFO - Setting next_dagrun for example_subdag_operator.section-2 to None, run_after=None
[2023-09-09T02:39:01.953+0000] {processor.py:176} INFO - Processing /home/airflow/.local/lib/python3.7/site-packages/airflow/example_dags/example_subdag_operator.py took 0.254 seconds
[2023-09-09T02:39:32.001+0000] {processor.py:154} INFO - Started process (PID=384) to work on /home/airflow/.local/lib/python3.7/site-packages/airflow/example_dags/example_subdag_operator.py
[2023-09-09T02:39:32.002+0000] {processor.py:756} INFO - Processing file /home/airflow/.local/lib/python3.7/site-packages/airflow/example_dags/example_subdag_operator.py for tasks to queue
[2023-09-09T02:39:32.003+0000] {logging_mixin.py:120} INFO - [2023-09-09T02:39:32.003+0000] {dagbag.py:537} INFO - Filling up the DagBag from /home/airflow/.local/lib/python3.7/site-packages/airflow/example_dags/example_subdag_operator.py
[2023-09-09T02:39:32.031+0000] {processor.py:766} INFO - DAG(s) dict_keys(['example_subdag_operator.section-1', 'example_subdag_operator.section-2', 'example_subdag_operator']) retrieved from /home/airflow/.local/lib/python3.7/site-packages/airflow/example_dags/example_subdag_operator.py
[2023-09-09T02:39:32.175+0000] {logging_mixin.py:120} INFO - [2023-09-09T02:39:32.175+0000] {dag.py:2585} INFO - Sync 3 DAGs
[2023-09-09T02:39:32.193+0000] {logging_mixin.py:120} INFO - [2023-09-09T02:39:32.192+0000] {dag.py:3340} INFO - Setting next_dagrun for example_subdag_operator to 2022-01-01T00:00:00+00:00, run_after=2022-01-01T00:00:00+00:00
[2023-09-09T02:39:32.195+0000] {logging_mixin.py:120} INFO - [2023-09-09T02:39:32.195+0000] {dag.py:3340} INFO - Setting next_dagrun for example_subdag_operator.section-1 to None, run_after=None
[2023-09-09T02:39:32.196+0000] {logging_mixin.py:120} INFO - [2023-09-09T02:39:32.196+0000] {dag.py:3340} INFO - Setting next_dagrun for example_subdag_operator.section-2 to None, run_after=None
[2023-09-09T02:39:32.202+0000] {logging_mixin.py:120} INFO - [2023-09-09T02:39:32.202+0000] {dag.py:2585} INFO - Sync 2 DAGs
[2023-09-09T02:39:32.207+0000] {logging_mixin.py:120} INFO - [2023-09-09T02:39:32.207+0000] {dag.py:3340} INFO - Setting next_dagrun for example_subdag_operator.section-1 to None, run_after=None
[2023-09-09T02:39:32.207+0000] {logging_mixin.py:120} INFO - [2023-09-09T02:39:32.207+0000] {dag.py:3340} INFO - Setting next_dagrun for example_subdag_operator.section-2 to None, run_after=None
[2023-09-09T02:39:32.223+0000] {processor.py:176} INFO - Processing /home/airflow/.local/lib/python3.7/site-packages/airflow/example_dags/example_subdag_operator.py took 0.224 seconds
[2023-09-09T02:40:03.038+0000] {processor.py:154} INFO - Started process (PID=449) to work on /home/airflow/.local/lib/python3.7/site-packages/airflow/example_dags/example_subdag_operator.py
[2023-09-09T02:40:03.039+0000] {processor.py:756} INFO - Processing file /home/airflow/.local/lib/python3.7/site-packages/airflow/example_dags/example_subdag_operator.py for tasks to queue
[2023-09-09T02:40:03.040+0000] {logging_mixin.py:120} INFO - [2023-09-09T02:40:03.040+0000] {dagbag.py:537} INFO - Filling up the DagBag from /home/airflow/.local/lib/python3.7/site-packages/airflow/example_dags/example_subdag_operator.py
[2023-09-09T02:40:03.068+0000] {processor.py:766} INFO - DAG(s) dict_keys(['example_subdag_operator.section-1', 'example_subdag_operator.section-2', 'example_subdag_operator']) retrieved from /home/airflow/.local/lib/python3.7/site-packages/airflow/example_dags/example_subdag_operator.py
[2023-09-09T02:40:03.215+0000] {logging_mixin.py:120} INFO - [2023-09-09T02:40:03.215+0000] {dag.py:2585} INFO - Sync 3 DAGs
[2023-09-09T02:40:03.234+0000] {logging_mixin.py:120} INFO - [2023-09-09T02:40:03.233+0000] {dag.py:3340} INFO - Setting next_dagrun for example_subdag_operator to 2022-01-01T00:00:00+00:00, run_after=2022-01-01T00:00:00+00:00
[2023-09-09T02:40:03.236+0000] {logging_mixin.py:120} INFO - [2023-09-09T02:40:03.236+0000] {dag.py:3340} INFO - Setting next_dagrun for example_subdag_operator.section-1 to None, run_after=None
[2023-09-09T02:40:03.238+0000] {logging_mixin.py:120} INFO - [2023-09-09T02:40:03.238+0000] {dag.py:3340} INFO - Setting next_dagrun for example_subdag_operator.section-2 to None, run_after=None
[2023-09-09T02:40:03.244+0000] {logging_mixin.py:120} INFO - [2023-09-09T02:40:03.244+0000] {dag.py:2585} INFO - Sync 2 DAGs
[2023-09-09T02:40:03.249+0000] {logging_mixin.py:120} INFO - [2023-09-09T02:40:03.249+0000] {dag.py:3340} INFO - Setting next_dagrun for example_subdag_operator.section-1 to None, run_after=None
[2023-09-09T02:40:03.250+0000] {logging_mixin.py:120} INFO - [2023-09-09T02:40:03.250+0000] {dag.py:3340} INFO - Setting next_dagrun for example_subdag_operator.section-2 to None, run_after=None
[2023-09-09T02:40:03.263+0000] {processor.py:176} INFO - Processing /home/airflow/.local/lib/python3.7/site-packages/airflow/example_dags/example_subdag_operator.py took 0.227 seconds
[2023-09-09T02:40:33.541+0000] {processor.py:154} INFO - Started process (PID=523) to work on /home/airflow/.local/lib/python3.7/site-packages/airflow/example_dags/example_subdag_operator.py
[2023-09-09T02:40:33.542+0000] {processor.py:756} INFO - Processing file /home/airflow/.local/lib/python3.7/site-packages/airflow/example_dags/example_subdag_operator.py for tasks to queue
[2023-09-09T02:40:33.543+0000] {logging_mixin.py:120} INFO - [2023-09-09T02:40:33.543+0000] {dagbag.py:537} INFO - Filling up the DagBag from /home/airflow/.local/lib/python3.7/site-packages/airflow/example_dags/example_subdag_operator.py
[2023-09-09T02:40:33.569+0000] {processor.py:766} INFO - DAG(s) dict_keys(['example_subdag_operator.section-1', 'example_subdag_operator.section-2', 'example_subdag_operator']) retrieved from /home/airflow/.local/lib/python3.7/site-packages/airflow/example_dags/example_subdag_operator.py
[2023-09-09T02:40:33.714+0000] {logging_mixin.py:120} INFO - [2023-09-09T02:40:33.714+0000] {dag.py:2585} INFO - Sync 3 DAGs
[2023-09-09T02:40:33.733+0000] {logging_mixin.py:120} INFO - [2023-09-09T02:40:33.733+0000] {dag.py:3340} INFO - Setting next_dagrun for example_subdag_operator to 2022-01-01T00:00:00+00:00, run_after=2022-01-01T00:00:00+00:00
[2023-09-09T02:40:33.737+0000] {logging_mixin.py:120} INFO - [2023-09-09T02:40:33.737+0000] {dag.py:3340} INFO - Setting next_dagrun for example_subdag_operator.section-1 to None, run_after=None
[2023-09-09T02:40:33.738+0000] {logging_mixin.py:120} INFO - [2023-09-09T02:40:33.738+0000] {dag.py:3340} INFO - Setting next_dagrun for example_subdag_operator.section-2 to None, run_after=None
[2023-09-09T02:40:33.743+0000] {logging_mixin.py:120} INFO - [2023-09-09T02:40:33.743+0000] {dag.py:2585} INFO - Sync 2 DAGs
[2023-09-09T02:40:33.748+0000] {logging_mixin.py:120} INFO - [2023-09-09T02:40:33.747+0000] {dag.py:3340} INFO - Setting next_dagrun for example_subdag_operator.section-1 to None, run_after=None
[2023-09-09T02:40:33.748+0000] {logging_mixin.py:120} INFO - [2023-09-09T02:40:33.748+0000] {dag.py:3340} INFO - Setting next_dagrun for example_subdag_operator.section-2 to None, run_after=None
[2023-09-09T02:40:33.765+0000] {processor.py:176} INFO - Processing /home/airflow/.local/lib/python3.7/site-packages/airflow/example_dags/example_subdag_operator.py took 0.226 seconds
[2023-09-09T02:41:04.113+0000] {processor.py:154} INFO - Started process (PID=597) to work on /home/airflow/.local/lib/python3.7/site-packages/airflow/example_dags/example_subdag_operator.py
[2023-09-09T02:41:04.114+0000] {processor.py:756} INFO - Processing file /home/airflow/.local/lib/python3.7/site-packages/airflow/example_dags/example_subdag_operator.py for tasks to queue
[2023-09-09T02:41:04.114+0000] {logging_mixin.py:120} INFO - [2023-09-09T02:41:04.114+0000] {dagbag.py:537} INFO - Filling up the DagBag from /home/airflow/.local/lib/python3.7/site-packages/airflow/example_dags/example_subdag_operator.py
[2023-09-09T02:41:04.143+0000] {processor.py:766} INFO - DAG(s) dict_keys(['example_subdag_operator.section-1', 'example_subdag_operator.section-2', 'example_subdag_operator']) retrieved from /home/airflow/.local/lib/python3.7/site-packages/airflow/example_dags/example_subdag_operator.py
[2023-09-09T02:41:04.295+0000] {logging_mixin.py:120} INFO - [2023-09-09T02:41:04.295+0000] {dag.py:2585} INFO - Sync 3 DAGs
[2023-09-09T02:41:04.315+0000] {logging_mixin.py:120} INFO - [2023-09-09T02:41:04.315+0000] {dag.py:3340} INFO - Setting next_dagrun for example_subdag_operator to 2022-01-01T00:00:00+00:00, run_after=2022-01-01T00:00:00+00:00
[2023-09-09T02:41:04.318+0000] {logging_mixin.py:120} INFO - [2023-09-09T02:41:04.318+0000] {dag.py:3340} INFO - Setting next_dagrun for example_subdag_operator.section-1 to None, run_after=None
[2023-09-09T02:41:04.319+0000] {logging_mixin.py:120} INFO - [2023-09-09T02:41:04.319+0000] {dag.py:3340} INFO - Setting next_dagrun for example_subdag_operator.section-2 to None, run_after=None
[2023-09-09T02:41:04.325+0000] {logging_mixin.py:120} INFO - [2023-09-09T02:41:04.325+0000] {dag.py:2585} INFO - Sync 2 DAGs
[2023-09-09T02:41:04.329+0000] {logging_mixin.py:120} INFO - [2023-09-09T02:41:04.329+0000] {dag.py:3340} INFO - Setting next_dagrun for example_subdag_operator.section-1 to None, run_after=None
[2023-09-09T02:41:04.329+0000] {logging_mixin.py:120} INFO - [2023-09-09T02:41:04.329+0000] {dag.py:3340} INFO - Setting next_dagrun for example_subdag_operator.section-2 to None, run_after=None
[2023-09-09T02:41:04.342+0000] {processor.py:176} INFO - Processing /home/airflow/.local/lib/python3.7/site-packages/airflow/example_dags/example_subdag_operator.py took 0.232 seconds
[2023-09-09T02:41:34.977+0000] {processor.py:154} INFO - Started process (PID=681) to work on /home/airflow/.local/lib/python3.7/site-packages/airflow/example_dags/example_subdag_operator.py
[2023-09-09T02:41:34.978+0000] {processor.py:756} INFO - Processing file /home/airflow/.local/lib/python3.7/site-packages/airflow/example_dags/example_subdag_operator.py for tasks to queue
[2023-09-09T02:41:34.979+0000] {logging_mixin.py:120} INFO - [2023-09-09T02:41:34.979+0000] {dagbag.py:537} INFO - Filling up the DagBag from /home/airflow/.local/lib/python3.7/site-packages/airflow/example_dags/example_subdag_operator.py
[2023-09-09T02:41:35.010+0000] {processor.py:766} INFO - DAG(s) dict_keys(['example_subdag_operator.section-1', 'example_subdag_operator.section-2', 'example_subdag_operator']) retrieved from /home/airflow/.local/lib/python3.7/site-packages/airflow/example_dags/example_subdag_operator.py
[2023-09-09T02:41:35.185+0000] {logging_mixin.py:120} INFO - [2023-09-09T02:41:35.185+0000] {dag.py:2585} INFO - Sync 3 DAGs
[2023-09-09T02:41:35.205+0000] {logging_mixin.py:120} INFO - [2023-09-09T02:41:35.205+0000] {dag.py:3340} INFO - Setting next_dagrun for example_subdag_operator to 2022-01-01T00:00:00+00:00, run_after=2022-01-01T00:00:00+00:00
[2023-09-09T02:41:35.209+0000] {logging_mixin.py:120} INFO - [2023-09-09T02:41:35.209+0000] {dag.py:3340} INFO - Setting next_dagrun for example_subdag_operator.section-1 to None, run_after=None
[2023-09-09T02:41:35.211+0000] {logging_mixin.py:120} INFO - [2023-09-09T02:41:35.211+0000] {dag.py:3340} INFO - Setting next_dagrun for example_subdag_operator.section-2 to None, run_after=None
[2023-09-09T02:41:35.218+0000] {logging_mixin.py:120} INFO - [2023-09-09T02:41:35.218+0000] {dag.py:2585} INFO - Sync 2 DAGs
[2023-09-09T02:41:35.224+0000] {logging_mixin.py:120} INFO - [2023-09-09T02:41:35.224+0000] {dag.py:3340} INFO - Setting next_dagrun for example_subdag_operator.section-1 to None, run_after=None
[2023-09-09T02:41:35.225+0000] {logging_mixin.py:120} INFO - [2023-09-09T02:41:35.225+0000] {dag.py:3340} INFO - Setting next_dagrun for example_subdag_operator.section-2 to None, run_after=None
[2023-09-09T02:41:35.241+0000] {processor.py:176} INFO - Processing /home/airflow/.local/lib/python3.7/site-packages/airflow/example_dags/example_subdag_operator.py took 0.268 seconds
[2023-09-09T02:42:05.280+0000] {processor.py:154} INFO - Started process (PID=746) to work on /home/airflow/.local/lib/python3.7/site-packages/airflow/example_dags/example_subdag_operator.py
[2023-09-09T02:42:05.280+0000] {processor.py:756} INFO - Processing file /home/airflow/.local/lib/python3.7/site-packages/airflow/example_dags/example_subdag_operator.py for tasks to queue
[2023-09-09T02:42:05.281+0000] {logging_mixin.py:120} INFO - [2023-09-09T02:42:05.281+0000] {dagbag.py:537} INFO - Filling up the DagBag from /home/airflow/.local/lib/python3.7/site-packages/airflow/example_dags/example_subdag_operator.py
[2023-09-09T02:42:05.318+0000] {processor.py:766} INFO - DAG(s) dict_keys(['example_subdag_operator.section-1', 'example_subdag_operator.section-2', 'example_subdag_operator']) retrieved from /home/airflow/.local/lib/python3.7/site-packages/airflow/example_dags/example_subdag_operator.py
[2023-09-09T02:42:05.486+0000] {logging_mixin.py:120} INFO - [2023-09-09T02:42:05.486+0000] {dag.py:2585} INFO - Sync 3 DAGs
[2023-09-09T02:42:05.507+0000] {logging_mixin.py:120} INFO - [2023-09-09T02:42:05.506+0000] {dag.py:3340} INFO - Setting next_dagrun for example_subdag_operator to 2022-01-01T00:00:00+00:00, run_after=2022-01-01T00:00:00+00:00
[2023-09-09T02:42:05.510+0000] {logging_mixin.py:120} INFO - [2023-09-09T02:42:05.510+0000] {dag.py:3340} INFO - Setting next_dagrun for example_subdag_operator.section-1 to None, run_after=None
[2023-09-09T02:42:05.511+0000] {logging_mixin.py:120} INFO - [2023-09-09T02:42:05.511+0000] {dag.py:3340} INFO - Setting next_dagrun for example_subdag_operator.section-2 to None, run_after=None
[2023-09-09T02:42:05.519+0000] {logging_mixin.py:120} INFO - [2023-09-09T02:42:05.519+0000] {dag.py:2585} INFO - Sync 2 DAGs
[2023-09-09T02:42:05.525+0000] {logging_mixin.py:120} INFO - [2023-09-09T02:42:05.525+0000] {dag.py:3340} INFO - Setting next_dagrun for example_subdag_operator.section-1 to None, run_after=None
[2023-09-09T02:42:05.525+0000] {logging_mixin.py:120} INFO - [2023-09-09T02:42:05.525+0000] {dag.py:3340} INFO - Setting next_dagrun for example_subdag_operator.section-2 to None, run_after=None
[2023-09-09T02:42:05.538+0000] {processor.py:176} INFO - Processing /home/airflow/.local/lib/python3.7/site-packages/airflow/example_dags/example_subdag_operator.py took 0.261 seconds
[2023-09-09T02:42:35.953+0000] {processor.py:154} INFO - Started process (PID=824) to work on /home/airflow/.local/lib/python3.7/site-packages/airflow/example_dags/example_subdag_operator.py
[2023-09-09T02:42:35.954+0000] {processor.py:756} INFO - Processing file /home/airflow/.local/lib/python3.7/site-packages/airflow/example_dags/example_subdag_operator.py for tasks to queue
[2023-09-09T02:42:35.956+0000] {logging_mixin.py:120} INFO - [2023-09-09T02:42:35.955+0000] {dagbag.py:537} INFO - Filling up the DagBag from /home/airflow/.local/lib/python3.7/site-packages/airflow/example_dags/example_subdag_operator.py
[2023-09-09T02:42:35.981+0000] {processor.py:766} INFO - DAG(s) dict_keys(['example_subdag_operator.section-1', 'example_subdag_operator.section-2', 'example_subdag_operator']) retrieved from /home/airflow/.local/lib/python3.7/site-packages/airflow/example_dags/example_subdag_operator.py
[2023-09-09T02:42:36.123+0000] {logging_mixin.py:120} INFO - [2023-09-09T02:42:36.123+0000] {dag.py:2585} INFO - Sync 3 DAGs
[2023-09-09T02:42:36.143+0000] {logging_mixin.py:120} INFO - [2023-09-09T02:42:36.143+0000] {dag.py:3340} INFO - Setting next_dagrun for example_subdag_operator to 2022-01-01T00:00:00+00:00, run_after=2022-01-01T00:00:00+00:00
[2023-09-09T02:42:36.146+0000] {logging_mixin.py:120} INFO - [2023-09-09T02:42:36.146+0000] {dag.py:3340} INFO - Setting next_dagrun for example_subdag_operator.section-1 to None, run_after=None
[2023-09-09T02:42:36.148+0000] {logging_mixin.py:120} INFO - [2023-09-09T02:42:36.148+0000] {dag.py:3340} INFO - Setting next_dagrun for example_subdag_operator.section-2 to None, run_after=None
[2023-09-09T02:42:36.154+0000] {logging_mixin.py:120} INFO - [2023-09-09T02:42:36.154+0000] {dag.py:2585} INFO - Sync 2 DAGs
[2023-09-09T02:42:36.159+0000] {logging_mixin.py:120} INFO - [2023-09-09T02:42:36.158+0000] {dag.py:3340} INFO - Setting next_dagrun for example_subdag_operator.section-1 to None, run_after=None
[2023-09-09T02:42:36.159+0000] {logging_mixin.py:120} INFO - [2023-09-09T02:42:36.159+0000] {dag.py:3340} INFO - Setting next_dagrun for example_subdag_operator.section-2 to None, run_after=None
[2023-09-09T02:42:36.172+0000] {processor.py:176} INFO - Processing /home/airflow/.local/lib/python3.7/site-packages/airflow/example_dags/example_subdag_operator.py took 0.221 seconds
[2023-09-09T02:43:06.472+0000] {processor.py:154} INFO - Started process (PID=902) to work on /home/airflow/.local/lib/python3.7/site-packages/airflow/example_dags/example_subdag_operator.py
[2023-09-09T02:43:06.473+0000] {processor.py:756} INFO - Processing file /home/airflow/.local/lib/python3.7/site-packages/airflow/example_dags/example_subdag_operator.py for tasks to queue
[2023-09-09T02:43:06.474+0000] {logging_mixin.py:120} INFO - [2023-09-09T02:43:06.473+0000] {dagbag.py:537} INFO - Filling up the DagBag from /home/airflow/.local/lib/python3.7/site-packages/airflow/example_dags/example_subdag_operator.py
[2023-09-09T02:43:06.502+0000] {processor.py:766} INFO - DAG(s) dict_keys(['example_subdag_operator.section-1', 'example_subdag_operator.section-2', 'example_subdag_operator']) retrieved from /home/airflow/.local/lib/python3.7/site-packages/airflow/example_dags/example_subdag_operator.py
[2023-09-09T02:43:06.656+0000] {logging_mixin.py:120} INFO - [2023-09-09T02:43:06.656+0000] {dag.py:2585} INFO - Sync 3 DAGs
[2023-09-09T02:43:06.674+0000] {logging_mixin.py:120} INFO - [2023-09-09T02:43:06.674+0000] {dag.py:3340} INFO - Setting next_dagrun for example_subdag_operator to 2022-01-01T00:00:00+00:00, run_after=2022-01-01T00:00:00+00:00
[2023-09-09T02:43:06.677+0000] {logging_mixin.py:120} INFO - [2023-09-09T02:43:06.677+0000] {dag.py:3340} INFO - Setting next_dagrun for example_subdag_operator.section-1 to None, run_after=None
[2023-09-09T02:43:06.678+0000] {logging_mixin.py:120} INFO - [2023-09-09T02:43:06.678+0000] {dag.py:3340} INFO - Setting next_dagrun for example_subdag_operator.section-2 to None, run_after=None
[2023-09-09T02:43:06.684+0000] {logging_mixin.py:120} INFO - [2023-09-09T02:43:06.684+0000] {dag.py:2585} INFO - Sync 2 DAGs
[2023-09-09T02:43:06.689+0000] {logging_mixin.py:120} INFO - [2023-09-09T02:43:06.689+0000] {dag.py:3340} INFO - Setting next_dagrun for example_subdag_operator.section-1 to None, run_after=None
[2023-09-09T02:43:06.690+0000] {logging_mixin.py:120} INFO - [2023-09-09T02:43:06.689+0000] {dag.py:3340} INFO - Setting next_dagrun for example_subdag_operator.section-2 to None, run_after=None
[2023-09-09T02:43:06.702+0000] {processor.py:176} INFO - Processing /home/airflow/.local/lib/python3.7/site-packages/airflow/example_dags/example_subdag_operator.py took 0.233 seconds
[2023-09-09T02:43:37.207+0000] {processor.py:154} INFO - Started process (PID=977) to work on /home/airflow/.local/lib/python3.7/site-packages/airflow/example_dags/example_subdag_operator.py
[2023-09-09T02:43:37.207+0000] {processor.py:756} INFO - Processing file /home/airflow/.local/lib/python3.7/site-packages/airflow/example_dags/example_subdag_operator.py for tasks to queue
[2023-09-09T02:43:37.208+0000] {logging_mixin.py:120} INFO - [2023-09-09T02:43:37.208+0000] {dagbag.py:537} INFO - Filling up the DagBag from /home/airflow/.local/lib/python3.7/site-packages/airflow/example_dags/example_subdag_operator.py
[2023-09-09T02:43:37.238+0000] {processor.py:766} INFO - DAG(s) dict_keys(['example_subdag_operator.section-1', 'example_subdag_operator.section-2', 'example_subdag_operator']) retrieved from /home/airflow/.local/lib/python3.7/site-packages/airflow/example_dags/example_subdag_operator.py
[2023-09-09T02:43:37.395+0000] {logging_mixin.py:120} INFO - [2023-09-09T02:43:37.395+0000] {dag.py:2585} INFO - Sync 3 DAGs
[2023-09-09T02:43:37.417+0000] {logging_mixin.py:120} INFO - [2023-09-09T02:43:37.417+0000] {dag.py:3340} INFO - Setting next_dagrun for example_subdag_operator to 2022-01-01T00:00:00+00:00, run_after=2022-01-01T00:00:00+00:00
[2023-09-09T02:43:37.422+0000] {logging_mixin.py:120} INFO - [2023-09-09T02:43:37.422+0000] {dag.py:3340} INFO - Setting next_dagrun for example_subdag_operator.section-1 to None, run_after=None
[2023-09-09T02:43:37.424+0000] {logging_mixin.py:120} INFO - [2023-09-09T02:43:37.424+0000] {dag.py:3340} INFO - Setting next_dagrun for example_subdag_operator.section-2 to None, run_after=None
[2023-09-09T02:43:37.431+0000] {logging_mixin.py:120} INFO - [2023-09-09T02:43:37.431+0000] {dag.py:2585} INFO - Sync 2 DAGs
[2023-09-09T02:43:37.438+0000] {logging_mixin.py:120} INFO - [2023-09-09T02:43:37.437+0000] {dag.py:3340} INFO - Setting next_dagrun for example_subdag_operator.section-1 to None, run_after=None
[2023-09-09T02:43:37.438+0000] {logging_mixin.py:120} INFO - [2023-09-09T02:43:37.438+0000] {dag.py:3340} INFO - Setting next_dagrun for example_subdag_operator.section-2 to None, run_after=None
[2023-09-09T02:43:37.454+0000] {processor.py:176} INFO - Processing /home/airflow/.local/lib/python3.7/site-packages/airflow/example_dags/example_subdag_operator.py took 0.250 seconds
[2023-09-09T02:44:07.488+0000] {processor.py:154} INFO - Started process (PID=1042) to work on /home/airflow/.local/lib/python3.7/site-packages/airflow/example_dags/example_subdag_operator.py
[2023-09-09T02:44:07.489+0000] {processor.py:756} INFO - Processing file /home/airflow/.local/lib/python3.7/site-packages/airflow/example_dags/example_subdag_operator.py for tasks to queue
[2023-09-09T02:44:07.490+0000] {logging_mixin.py:120} INFO - [2023-09-09T02:44:07.489+0000] {dagbag.py:537} INFO - Filling up the DagBag from /home/airflow/.local/lib/python3.7/site-packages/airflow/example_dags/example_subdag_operator.py
[2023-09-09T02:44:07.516+0000] {processor.py:766} INFO - DAG(s) dict_keys(['example_subdag_operator.section-1', 'example_subdag_operator.section-2', 'example_subdag_operator']) retrieved from /home/airflow/.local/lib/python3.7/site-packages/airflow/example_dags/example_subdag_operator.py
[2023-09-09T02:44:07.665+0000] {logging_mixin.py:120} INFO - [2023-09-09T02:44:07.664+0000] {dag.py:2585} INFO - Sync 3 DAGs
[2023-09-09T02:44:07.685+0000] {logging_mixin.py:120} INFO - [2023-09-09T02:44:07.685+0000] {dag.py:3340} INFO - Setting next_dagrun for example_subdag_operator to 2022-01-01T00:00:00+00:00, run_after=2022-01-01T00:00:00+00:00
[2023-09-09T02:44:07.689+0000] {logging_mixin.py:120} INFO - [2023-09-09T02:44:07.688+0000] {dag.py:3340} INFO - Setting next_dagrun for example_subdag_operator.section-1 to None, run_after=None
[2023-09-09T02:44:07.690+0000] {logging_mixin.py:120} INFO - [2023-09-09T02:44:07.690+0000] {dag.py:3340} INFO - Setting next_dagrun for example_subdag_operator.section-2 to None, run_after=None
[2023-09-09T02:44:07.696+0000] {logging_mixin.py:120} INFO - [2023-09-09T02:44:07.696+0000] {dag.py:2585} INFO - Sync 2 DAGs
[2023-09-09T02:44:07.701+0000] {logging_mixin.py:120} INFO - [2023-09-09T02:44:07.701+0000] {dag.py:3340} INFO - Setting next_dagrun for example_subdag_operator.section-1 to None, run_after=None
[2023-09-09T02:44:07.701+0000] {logging_mixin.py:120} INFO - [2023-09-09T02:44:07.701+0000] {dag.py:3340} INFO - Setting next_dagrun for example_subdag_operator.section-2 to None, run_after=None
[2023-09-09T02:44:07.713+0000] {processor.py:176} INFO - Processing /home/airflow/.local/lib/python3.7/site-packages/airflow/example_dags/example_subdag_operator.py took 0.228 seconds
[2023-09-09T02:44:37.854+0000] {processor.py:154} INFO - Started process (PID=1117) to work on /home/airflow/.local/lib/python3.7/site-packages/airflow/example_dags/example_subdag_operator.py
[2023-09-09T02:44:37.855+0000] {processor.py:756} INFO - Processing file /home/airflow/.local/lib/python3.7/site-packages/airflow/example_dags/example_subdag_operator.py for tasks to queue
[2023-09-09T02:44:37.856+0000] {logging_mixin.py:120} INFO - [2023-09-09T02:44:37.856+0000] {dagbag.py:537} INFO - Filling up the DagBag from /home/airflow/.local/lib/python3.7/site-packages/airflow/example_dags/example_subdag_operator.py
[2023-09-09T02:44:37.890+0000] {processor.py:766} INFO - DAG(s) dict_keys(['example_subdag_operator.section-1', 'example_subdag_operator.section-2', 'example_subdag_operator']) retrieved from /home/airflow/.local/lib/python3.7/site-packages/airflow/example_dags/example_subdag_operator.py
[2023-09-09T02:44:38.077+0000] {logging_mixin.py:120} INFO - [2023-09-09T02:44:38.077+0000] {dag.py:2585} INFO - Sync 3 DAGs
[2023-09-09T02:44:38.103+0000] {logging_mixin.py:120} INFO - [2023-09-09T02:44:38.103+0000] {dag.py:3340} INFO - Setting next_dagrun for example_subdag_operator to 2022-01-01T00:00:00+00:00, run_after=2022-01-01T00:00:00+00:00
[2023-09-09T02:44:38.108+0000] {logging_mixin.py:120} INFO - [2023-09-09T02:44:38.108+0000] {dag.py:3340} INFO - Setting next_dagrun for example_subdag_operator.section-1 to None, run_after=None
[2023-09-09T02:44:38.110+0000] {logging_mixin.py:120} INFO - [2023-09-09T02:44:38.109+0000] {dag.py:3340} INFO - Setting next_dagrun for example_subdag_operator.section-2 to None, run_after=None
[2023-09-09T02:44:38.118+0000] {logging_mixin.py:120} INFO - [2023-09-09T02:44:38.118+0000] {dag.py:2585} INFO - Sync 2 DAGs
[2023-09-09T02:44:38.125+0000] {logging_mixin.py:120} INFO - [2023-09-09T02:44:38.125+0000] {dag.py:3340} INFO - Setting next_dagrun for example_subdag_operator.section-1 to None, run_after=None
[2023-09-09T02:44:38.126+0000] {logging_mixin.py:120} INFO - [2023-09-09T02:44:38.126+0000] {dag.py:3340} INFO - Setting next_dagrun for example_subdag_operator.section-2 to None, run_after=None
[2023-09-09T02:44:38.140+0000] {processor.py:176} INFO - Processing /home/airflow/.local/lib/python3.7/site-packages/airflow/example_dags/example_subdag_operator.py took 0.289 seconds
[2023-09-09T02:45:08.290+0000] {processor.py:154} INFO - Started process (PID=1190) to work on /home/airflow/.local/lib/python3.7/site-packages/airflow/example_dags/example_subdag_operator.py
[2023-09-09T02:45:08.291+0000] {processor.py:756} INFO - Processing file /home/airflow/.local/lib/python3.7/site-packages/airflow/example_dags/example_subdag_operator.py for tasks to queue
[2023-09-09T02:45:08.291+0000] {logging_mixin.py:120} INFO - [2023-09-09T02:45:08.291+0000] {dagbag.py:537} INFO - Filling up the DagBag from /home/airflow/.local/lib/python3.7/site-packages/airflow/example_dags/example_subdag_operator.py
[2023-09-09T02:45:08.318+0000] {processor.py:766} INFO - DAG(s) dict_keys(['example_subdag_operator.section-1', 'example_subdag_operator.section-2', 'example_subdag_operator']) retrieved from /home/airflow/.local/lib/python3.7/site-packages/airflow/example_dags/example_subdag_operator.py
[2023-09-09T02:45:08.462+0000] {logging_mixin.py:120} INFO - [2023-09-09T02:45:08.461+0000] {dag.py:2585} INFO - Sync 3 DAGs
[2023-09-09T02:45:08.482+0000] {logging_mixin.py:120} INFO - [2023-09-09T02:45:08.482+0000] {dag.py:3340} INFO - Setting next_dagrun for example_subdag_operator to 2022-01-01T00:00:00+00:00, run_after=2022-01-01T00:00:00+00:00
[2023-09-09T02:45:08.485+0000] {logging_mixin.py:120} INFO - [2023-09-09T02:45:08.485+0000] {dag.py:3340} INFO - Setting next_dagrun for example_subdag_operator.section-1 to None, run_after=None
[2023-09-09T02:45:08.486+0000] {logging_mixin.py:120} INFO - [2023-09-09T02:45:08.486+0000] {dag.py:3340} INFO - Setting next_dagrun for example_subdag_operator.section-2 to None, run_after=None
[2023-09-09T02:45:08.492+0000] {logging_mixin.py:120} INFO - [2023-09-09T02:45:08.491+0000] {dag.py:2585} INFO - Sync 2 DAGs
[2023-09-09T02:45:08.496+0000] {logging_mixin.py:120} INFO - [2023-09-09T02:45:08.496+0000] {dag.py:3340} INFO - Setting next_dagrun for example_subdag_operator.section-1 to None, run_after=None
[2023-09-09T02:45:08.496+0000] {logging_mixin.py:120} INFO - [2023-09-09T02:45:08.496+0000] {dag.py:3340} INFO - Setting next_dagrun for example_subdag_operator.section-2 to None, run_after=None
[2023-09-09T02:45:08.509+0000] {processor.py:176} INFO - Processing /home/airflow/.local/lib/python3.7/site-packages/airflow/example_dags/example_subdag_operator.py took 0.222 seconds
