[2023-09-09T02:37:27.178+0000] {processor.py:154} INFO - Started process (PID=64) to work on /home/airflow/.local/lib/python3.7/site-packages/airflow/example_dags/example_task_group.py
[2023-09-09T02:37:27.179+0000] {processor.py:756} INFO - Processing file /home/airflow/.local/lib/python3.7/site-packages/airflow/example_dags/example_task_group.py for tasks to queue
[2023-09-09T02:37:27.180+0000] {logging_mixin.py:120} INFO - [2023-09-09T02:37:27.180+0000] {dagbag.py:537} INFO - Filling up the DagBag from /home/airflow/.local/lib/python3.7/site-packages/airflow/example_dags/example_task_group.py
[2023-09-09T02:37:27.195+0000] {processor.py:766} INFO - DAG(s) dict_keys(['example_task_group']) retrieved from /home/airflow/.local/lib/python3.7/site-packages/airflow/example_dags/example_task_group.py
[2023-09-09T02:37:27.235+0000] {logging_mixin.py:120} INFO - [2023-09-09T02:37:27.235+0000] {dag.py:2585} INFO - Sync 1 DAGs
[2023-09-09T02:37:27.259+0000] {logging_mixin.py:120} INFO - [2023-09-09T02:37:27.259+0000] {dag.py:3340} INFO - Setting next_dagrun for example_task_group to 2023-09-08T02:37:27.258981+00:00, run_after=2023-09-09T02:37:27.258981+00:00
[2023-09-09T02:37:27.284+0000] {processor.py:176} INFO - Processing /home/airflow/.local/lib/python3.7/site-packages/airflow/example_dags/example_task_group.py took 0.108 seconds
[2023-09-09T02:37:57.988+0000] {processor.py:154} INFO - Started process (PID=138) to work on /home/airflow/.local/lib/python3.7/site-packages/airflow/example_dags/example_task_group.py
[2023-09-09T02:37:57.989+0000] {processor.py:756} INFO - Processing file /home/airflow/.local/lib/python3.7/site-packages/airflow/example_dags/example_task_group.py for tasks to queue
[2023-09-09T02:37:57.990+0000] {logging_mixin.py:120} INFO - [2023-09-09T02:37:57.990+0000] {dagbag.py:537} INFO - Filling up the DagBag from /home/airflow/.local/lib/python3.7/site-packages/airflow/example_dags/example_task_group.py
[2023-09-09T02:37:58.004+0000] {processor.py:766} INFO - DAG(s) dict_keys(['example_task_group']) retrieved from /home/airflow/.local/lib/python3.7/site-packages/airflow/example_dags/example_task_group.py
[2023-09-09T02:37:58.038+0000] {logging_mixin.py:120} INFO - [2023-09-09T02:37:58.038+0000] {dag.py:2585} INFO - Sync 1 DAGs
[2023-09-09T02:37:58.061+0000] {logging_mixin.py:120} INFO - [2023-09-09T02:37:58.061+0000] {dag.py:3340} INFO - Setting next_dagrun for example_task_group to 2023-09-08T02:37:58.061587+00:00, run_after=2023-09-09T02:37:58.061587+00:00
[2023-09-09T02:37:58.080+0000] {processor.py:176} INFO - Processing /home/airflow/.local/lib/python3.7/site-packages/airflow/example_dags/example_task_group.py took 0.096 seconds
[2023-09-09T02:38:28.368+0000] {processor.py:154} INFO - Started process (PID=213) to work on /home/airflow/.local/lib/python3.7/site-packages/airflow/example_dags/example_task_group.py
[2023-09-09T02:38:28.369+0000] {processor.py:756} INFO - Processing file /home/airflow/.local/lib/python3.7/site-packages/airflow/example_dags/example_task_group.py for tasks to queue
[2023-09-09T02:38:28.370+0000] {logging_mixin.py:120} INFO - [2023-09-09T02:38:28.370+0000] {dagbag.py:537} INFO - Filling up the DagBag from /home/airflow/.local/lib/python3.7/site-packages/airflow/example_dags/example_task_group.py
[2023-09-09T02:38:28.383+0000] {processor.py:766} INFO - DAG(s) dict_keys(['example_task_group']) retrieved from /home/airflow/.local/lib/python3.7/site-packages/airflow/example_dags/example_task_group.py
[2023-09-09T02:38:28.417+0000] {logging_mixin.py:120} INFO - [2023-09-09T02:38:28.417+0000] {dag.py:2585} INFO - Sync 1 DAGs
[2023-09-09T02:38:28.436+0000] {logging_mixin.py:120} INFO - [2023-09-09T02:38:28.436+0000] {dag.py:3340} INFO - Setting next_dagrun for example_task_group to 2023-09-08T02:38:28.435993+00:00, run_after=2023-09-09T02:38:28.435993+00:00
[2023-09-09T02:38:28.453+0000] {processor.py:176} INFO - Processing /home/airflow/.local/lib/python3.7/site-packages/airflow/example_dags/example_task_group.py took 0.088 seconds
[2023-09-09T02:38:59.109+0000] {processor.py:154} INFO - Started process (PID=287) to work on /home/airflow/.local/lib/python3.7/site-packages/airflow/example_dags/example_task_group.py
[2023-09-09T02:38:59.110+0000] {processor.py:756} INFO - Processing file /home/airflow/.local/lib/python3.7/site-packages/airflow/example_dags/example_task_group.py for tasks to queue
[2023-09-09T02:38:59.111+0000] {logging_mixin.py:120} INFO - [2023-09-09T02:38:59.111+0000] {dagbag.py:537} INFO - Filling up the DagBag from /home/airflow/.local/lib/python3.7/site-packages/airflow/example_dags/example_task_group.py
[2023-09-09T02:38:59.126+0000] {processor.py:766} INFO - DAG(s) dict_keys(['example_task_group']) retrieved from /home/airflow/.local/lib/python3.7/site-packages/airflow/example_dags/example_task_group.py
[2023-09-09T02:38:59.159+0000] {logging_mixin.py:120} INFO - [2023-09-09T02:38:59.159+0000] {dag.py:2585} INFO - Sync 1 DAGs
[2023-09-09T02:38:59.181+0000] {logging_mixin.py:120} INFO - [2023-09-09T02:38:59.181+0000] {dag.py:3340} INFO - Setting next_dagrun for example_task_group to 2023-09-08T02:38:59.180965+00:00, run_after=2023-09-09T02:38:59.180965+00:00
[2023-09-09T02:38:59.203+0000] {processor.py:176} INFO - Processing /home/airflow/.local/lib/python3.7/site-packages/airflow/example_dags/example_task_group.py took 0.096 seconds
[2023-09-09T02:39:29.544+0000] {processor.py:154} INFO - Started process (PID=352) to work on /home/airflow/.local/lib/python3.7/site-packages/airflow/example_dags/example_task_group.py
[2023-09-09T02:39:29.545+0000] {processor.py:756} INFO - Processing file /home/airflow/.local/lib/python3.7/site-packages/airflow/example_dags/example_task_group.py for tasks to queue
[2023-09-09T02:39:29.546+0000] {logging_mixin.py:120} INFO - [2023-09-09T02:39:29.546+0000] {dagbag.py:537} INFO - Filling up the DagBag from /home/airflow/.local/lib/python3.7/site-packages/airflow/example_dags/example_task_group.py
[2023-09-09T02:39:29.561+0000] {processor.py:766} INFO - DAG(s) dict_keys(['example_task_group']) retrieved from /home/airflow/.local/lib/python3.7/site-packages/airflow/example_dags/example_task_group.py
[2023-09-09T02:39:29.599+0000] {logging_mixin.py:120} INFO - [2023-09-09T02:39:29.598+0000] {dag.py:2585} INFO - Sync 1 DAGs
[2023-09-09T02:39:29.623+0000] {logging_mixin.py:120} INFO - [2023-09-09T02:39:29.623+0000] {dag.py:3340} INFO - Setting next_dagrun for example_task_group to 2023-09-08T02:39:29.623530+00:00, run_after=2023-09-09T02:39:29.623530+00:00
[2023-09-09T02:39:29.646+0000] {processor.py:176} INFO - Processing /home/airflow/.local/lib/python3.7/site-packages/airflow/example_dags/example_task_group.py took 0.104 seconds
[2023-09-09T02:40:00.568+0000] {processor.py:154} INFO - Started process (PID=426) to work on /home/airflow/.local/lib/python3.7/site-packages/airflow/example_dags/example_task_group.py
[2023-09-09T02:40:00.569+0000] {processor.py:756} INFO - Processing file /home/airflow/.local/lib/python3.7/site-packages/airflow/example_dags/example_task_group.py for tasks to queue
[2023-09-09T02:40:00.570+0000] {logging_mixin.py:120} INFO - [2023-09-09T02:40:00.570+0000] {dagbag.py:537} INFO - Filling up the DagBag from /home/airflow/.local/lib/python3.7/site-packages/airflow/example_dags/example_task_group.py
[2023-09-09T02:40:00.582+0000] {processor.py:766} INFO - DAG(s) dict_keys(['example_task_group']) retrieved from /home/airflow/.local/lib/python3.7/site-packages/airflow/example_dags/example_task_group.py
[2023-09-09T02:40:00.612+0000] {logging_mixin.py:120} INFO - [2023-09-09T02:40:00.612+0000] {dag.py:2585} INFO - Sync 1 DAGs
[2023-09-09T02:40:00.632+0000] {logging_mixin.py:120} INFO - [2023-09-09T02:40:00.632+0000] {dag.py:3340} INFO - Setting next_dagrun for example_task_group to 2023-09-08T02:40:00.631939+00:00, run_after=2023-09-09T02:40:00.631939+00:00
[2023-09-09T02:40:00.651+0000] {processor.py:176} INFO - Processing /home/airflow/.local/lib/python3.7/site-packages/airflow/example_dags/example_task_group.py took 0.085 seconds
[2023-09-09T02:40:30.832+0000] {processor.py:154} INFO - Started process (PID=498) to work on /home/airflow/.local/lib/python3.7/site-packages/airflow/example_dags/example_task_group.py
[2023-09-09T02:40:30.833+0000] {processor.py:756} INFO - Processing file /home/airflow/.local/lib/python3.7/site-packages/airflow/example_dags/example_task_group.py for tasks to queue
[2023-09-09T02:40:30.834+0000] {logging_mixin.py:120} INFO - [2023-09-09T02:40:30.834+0000] {dagbag.py:537} INFO - Filling up the DagBag from /home/airflow/.local/lib/python3.7/site-packages/airflow/example_dags/example_task_group.py
[2023-09-09T02:40:30.847+0000] {processor.py:766} INFO - DAG(s) dict_keys(['example_task_group']) retrieved from /home/airflow/.local/lib/python3.7/site-packages/airflow/example_dags/example_task_group.py
[2023-09-09T02:40:30.880+0000] {logging_mixin.py:120} INFO - [2023-09-09T02:40:30.879+0000] {dag.py:2585} INFO - Sync 1 DAGs
[2023-09-09T02:40:30.899+0000] {logging_mixin.py:120} INFO - [2023-09-09T02:40:30.899+0000] {dag.py:3340} INFO - Setting next_dagrun for example_task_group to 2023-09-08T02:40:30.899225+00:00, run_after=2023-09-09T02:40:30.899225+00:00
[2023-09-09T02:40:30.918+0000] {processor.py:176} INFO - Processing /home/airflow/.local/lib/python3.7/site-packages/airflow/example_dags/example_task_group.py took 0.088 seconds
[2023-09-09T02:41:01.089+0000] {processor.py:154} INFO - Started process (PID=572) to work on /home/airflow/.local/lib/python3.7/site-packages/airflow/example_dags/example_task_group.py
[2023-09-09T02:41:01.090+0000] {processor.py:756} INFO - Processing file /home/airflow/.local/lib/python3.7/site-packages/airflow/example_dags/example_task_group.py for tasks to queue
[2023-09-09T02:41:01.091+0000] {logging_mixin.py:120} INFO - [2023-09-09T02:41:01.091+0000] {dagbag.py:537} INFO - Filling up the DagBag from /home/airflow/.local/lib/python3.7/site-packages/airflow/example_dags/example_task_group.py
[2023-09-09T02:41:01.104+0000] {processor.py:766} INFO - DAG(s) dict_keys(['example_task_group']) retrieved from /home/airflow/.local/lib/python3.7/site-packages/airflow/example_dags/example_task_group.py
[2023-09-09T02:41:01.135+0000] {logging_mixin.py:120} INFO - [2023-09-09T02:41:01.135+0000] {dag.py:2585} INFO - Sync 1 DAGs
[2023-09-09T02:41:01.154+0000] {logging_mixin.py:120} INFO - [2023-09-09T02:41:01.154+0000] {dag.py:3340} INFO - Setting next_dagrun for example_task_group to 2023-09-08T02:41:01.154231+00:00, run_after=2023-09-09T02:41:01.154231+00:00
[2023-09-09T02:41:01.173+0000] {processor.py:176} INFO - Processing /home/airflow/.local/lib/python3.7/site-packages/airflow/example_dags/example_task_group.py took 0.086 seconds
[2023-09-09T02:41:31.875+0000] {processor.py:154} INFO - Started process (PID=646) to work on /home/airflow/.local/lib/python3.7/site-packages/airflow/example_dags/example_task_group.py
[2023-09-09T02:41:31.877+0000] {processor.py:756} INFO - Processing file /home/airflow/.local/lib/python3.7/site-packages/airflow/example_dags/example_task_group.py for tasks to queue
[2023-09-09T02:41:31.877+0000] {logging_mixin.py:120} INFO - [2023-09-09T02:41:31.877+0000] {dagbag.py:537} INFO - Filling up the DagBag from /home/airflow/.local/lib/python3.7/site-packages/airflow/example_dags/example_task_group.py
[2023-09-09T02:41:31.892+0000] {processor.py:766} INFO - DAG(s) dict_keys(['example_task_group']) retrieved from /home/airflow/.local/lib/python3.7/site-packages/airflow/example_dags/example_task_group.py
[2023-09-09T02:41:31.925+0000] {logging_mixin.py:120} INFO - [2023-09-09T02:41:31.925+0000] {dag.py:2585} INFO - Sync 1 DAGs
[2023-09-09T02:41:31.948+0000] {logging_mixin.py:120} INFO - [2023-09-09T02:41:31.948+0000] {dag.py:3340} INFO - Setting next_dagrun for example_task_group to 2023-09-08T02:41:31.948253+00:00, run_after=2023-09-09T02:41:31.948253+00:00
[2023-09-09T02:41:31.967+0000] {processor.py:176} INFO - Processing /home/airflow/.local/lib/python3.7/site-packages/airflow/example_dags/example_task_group.py took 0.095 seconds
[2023-09-09T02:42:02.406+0000] {processor.py:154} INFO - Started process (PID=720) to work on /home/airflow/.local/lib/python3.7/site-packages/airflow/example_dags/example_task_group.py
[2023-09-09T02:42:02.407+0000] {processor.py:756} INFO - Processing file /home/airflow/.local/lib/python3.7/site-packages/airflow/example_dags/example_task_group.py for tasks to queue
[2023-09-09T02:42:02.408+0000] {logging_mixin.py:120} INFO - [2023-09-09T02:42:02.407+0000] {dagbag.py:537} INFO - Filling up the DagBag from /home/airflow/.local/lib/python3.7/site-packages/airflow/example_dags/example_task_group.py
[2023-09-09T02:42:02.422+0000] {processor.py:766} INFO - DAG(s) dict_keys(['example_task_group']) retrieved from /home/airflow/.local/lib/python3.7/site-packages/airflow/example_dags/example_task_group.py
[2023-09-09T02:42:02.457+0000] {logging_mixin.py:120} INFO - [2023-09-09T02:42:02.457+0000] {dag.py:2585} INFO - Sync 1 DAGs
[2023-09-09T02:42:02.479+0000] {logging_mixin.py:120} INFO - [2023-09-09T02:42:02.479+0000] {dag.py:3340} INFO - Setting next_dagrun for example_task_group to 2023-09-08T02:42:02.479445+00:00, run_after=2023-09-09T02:42:02.479445+00:00
[2023-09-09T02:42:02.500+0000] {processor.py:176} INFO - Processing /home/airflow/.local/lib/python3.7/site-packages/airflow/example_dags/example_task_group.py took 0.097 seconds
[2023-09-09T02:42:33.066+0000] {processor.py:154} INFO - Started process (PID=798) to work on /home/airflow/.local/lib/python3.7/site-packages/airflow/example_dags/example_task_group.py
[2023-09-09T02:42:33.067+0000] {processor.py:756} INFO - Processing file /home/airflow/.local/lib/python3.7/site-packages/airflow/example_dags/example_task_group.py for tasks to queue
[2023-09-09T02:42:33.068+0000] {logging_mixin.py:120} INFO - [2023-09-09T02:42:33.068+0000] {dagbag.py:537} INFO - Filling up the DagBag from /home/airflow/.local/lib/python3.7/site-packages/airflow/example_dags/example_task_group.py
[2023-09-09T02:42:33.081+0000] {processor.py:766} INFO - DAG(s) dict_keys(['example_task_group']) retrieved from /home/airflow/.local/lib/python3.7/site-packages/airflow/example_dags/example_task_group.py
[2023-09-09T02:42:33.115+0000] {logging_mixin.py:120} INFO - [2023-09-09T02:42:33.114+0000] {dag.py:2585} INFO - Sync 1 DAGs
[2023-09-09T02:42:33.135+0000] {logging_mixin.py:120} INFO - [2023-09-09T02:42:33.135+0000] {dag.py:3340} INFO - Setting next_dagrun for example_task_group to 2023-09-08T02:42:33.134932+00:00, run_after=2023-09-09T02:42:33.134932+00:00
[2023-09-09T02:42:33.157+0000] {processor.py:176} INFO - Processing /home/airflow/.local/lib/python3.7/site-packages/airflow/example_dags/example_task_group.py took 0.094 seconds
[2023-09-09T02:43:03.459+0000] {processor.py:154} INFO - Started process (PID=876) to work on /home/airflow/.local/lib/python3.7/site-packages/airflow/example_dags/example_task_group.py
[2023-09-09T02:43:03.460+0000] {processor.py:756} INFO - Processing file /home/airflow/.local/lib/python3.7/site-packages/airflow/example_dags/example_task_group.py for tasks to queue
[2023-09-09T02:43:03.460+0000] {logging_mixin.py:120} INFO - [2023-09-09T02:43:03.460+0000] {dagbag.py:537} INFO - Filling up the DagBag from /home/airflow/.local/lib/python3.7/site-packages/airflow/example_dags/example_task_group.py
[2023-09-09T02:43:03.474+0000] {processor.py:766} INFO - DAG(s) dict_keys(['example_task_group']) retrieved from /home/airflow/.local/lib/python3.7/site-packages/airflow/example_dags/example_task_group.py
[2023-09-09T02:43:03.505+0000] {logging_mixin.py:120} INFO - [2023-09-09T02:43:03.505+0000] {dag.py:2585} INFO - Sync 1 DAGs
[2023-09-09T02:43:03.525+0000] {logging_mixin.py:120} INFO - [2023-09-09T02:43:03.525+0000] {dag.py:3340} INFO - Setting next_dagrun for example_task_group to 2023-09-08T02:43:03.524913+00:00, run_after=2023-09-09T02:43:03.524913+00:00
[2023-09-09T02:43:03.548+0000] {processor.py:176} INFO - Processing /home/airflow/.local/lib/python3.7/site-packages/airflow/example_dags/example_task_group.py took 0.091 seconds
[2023-09-09T02:43:34.026+0000] {processor.py:154} INFO - Started process (PID=942) to work on /home/airflow/.local/lib/python3.7/site-packages/airflow/example_dags/example_task_group.py
[2023-09-09T02:43:34.027+0000] {processor.py:756} INFO - Processing file /home/airflow/.local/lib/python3.7/site-packages/airflow/example_dags/example_task_group.py for tasks to queue
[2023-09-09T02:43:34.028+0000] {logging_mixin.py:120} INFO - [2023-09-09T02:43:34.028+0000] {dagbag.py:537} INFO - Filling up the DagBag from /home/airflow/.local/lib/python3.7/site-packages/airflow/example_dags/example_task_group.py
[2023-09-09T02:43:34.042+0000] {processor.py:766} INFO - DAG(s) dict_keys(['example_task_group']) retrieved from /home/airflow/.local/lib/python3.7/site-packages/airflow/example_dags/example_task_group.py
[2023-09-09T02:43:34.075+0000] {logging_mixin.py:120} INFO - [2023-09-09T02:43:34.075+0000] {dag.py:2585} INFO - Sync 1 DAGs
[2023-09-09T02:43:34.094+0000] {logging_mixin.py:120} INFO - [2023-09-09T02:43:34.094+0000] {dag.py:3340} INFO - Setting next_dagrun for example_task_group to 2023-09-08T02:43:34.093973+00:00, run_after=2023-09-09T02:43:34.093973+00:00
[2023-09-09T02:43:34.114+0000] {processor.py:176} INFO - Processing /home/airflow/.local/lib/python3.7/site-packages/airflow/example_dags/example_task_group.py took 0.091 seconds
[2023-09-09T02:44:04.363+0000] {processor.py:154} INFO - Started process (PID=1016) to work on /home/airflow/.local/lib/python3.7/site-packages/airflow/example_dags/example_task_group.py
[2023-09-09T02:44:04.364+0000] {processor.py:756} INFO - Processing file /home/airflow/.local/lib/python3.7/site-packages/airflow/example_dags/example_task_group.py for tasks to queue
[2023-09-09T02:44:04.365+0000] {logging_mixin.py:120} INFO - [2023-09-09T02:44:04.365+0000] {dagbag.py:537} INFO - Filling up the DagBag from /home/airflow/.local/lib/python3.7/site-packages/airflow/example_dags/example_task_group.py
[2023-09-09T02:44:04.379+0000] {processor.py:766} INFO - DAG(s) dict_keys(['example_task_group']) retrieved from /home/airflow/.local/lib/python3.7/site-packages/airflow/example_dags/example_task_group.py
[2023-09-09T02:44:04.412+0000] {logging_mixin.py:120} INFO - [2023-09-09T02:44:04.412+0000] {dag.py:2585} INFO - Sync 1 DAGs
[2023-09-09T02:44:04.431+0000] {logging_mixin.py:120} INFO - [2023-09-09T02:44:04.431+0000] {dag.py:3340} INFO - Setting next_dagrun for example_task_group to 2023-09-08T02:44:04.431443+00:00, run_after=2023-09-09T02:44:04.431443+00:00
[2023-09-09T02:44:04.451+0000] {processor.py:176} INFO - Processing /home/airflow/.local/lib/python3.7/site-packages/airflow/example_dags/example_task_group.py took 0.091 seconds
[2023-09-09T02:44:34.565+0000] {processor.py:154} INFO - Started process (PID=1091) to work on /home/airflow/.local/lib/python3.7/site-packages/airflow/example_dags/example_task_group.py
[2023-09-09T02:44:34.566+0000] {processor.py:756} INFO - Processing file /home/airflow/.local/lib/python3.7/site-packages/airflow/example_dags/example_task_group.py for tasks to queue
[2023-09-09T02:44:34.566+0000] {logging_mixin.py:120} INFO - [2023-09-09T02:44:34.566+0000] {dagbag.py:537} INFO - Filling up the DagBag from /home/airflow/.local/lib/python3.7/site-packages/airflow/example_dags/example_task_group.py
[2023-09-09T02:44:34.580+0000] {processor.py:766} INFO - DAG(s) dict_keys(['example_task_group']) retrieved from /home/airflow/.local/lib/python3.7/site-packages/airflow/example_dags/example_task_group.py
[2023-09-09T02:44:34.613+0000] {logging_mixin.py:120} INFO - [2023-09-09T02:44:34.613+0000] {dag.py:2585} INFO - Sync 1 DAGs
[2023-09-09T02:44:34.634+0000] {logging_mixin.py:120} INFO - [2023-09-09T02:44:34.634+0000] {dag.py:3340} INFO - Setting next_dagrun for example_task_group to 2023-09-08T02:44:34.633927+00:00, run_after=2023-09-09T02:44:34.633927+00:00
[2023-09-09T02:44:34.651+0000] {processor.py:176} INFO - Processing /home/airflow/.local/lib/python3.7/site-packages/airflow/example_dags/example_task_group.py took 0.089 seconds
[2023-09-09T02:45:04.758+0000] {processor.py:154} INFO - Started process (PID=1164) to work on /home/airflow/.local/lib/python3.7/site-packages/airflow/example_dags/example_task_group.py
[2023-09-09T02:45:04.760+0000] {processor.py:756} INFO - Processing file /home/airflow/.local/lib/python3.7/site-packages/airflow/example_dags/example_task_group.py for tasks to queue
[2023-09-09T02:45:04.761+0000] {logging_mixin.py:120} INFO - [2023-09-09T02:45:04.761+0000] {dagbag.py:537} INFO - Filling up the DagBag from /home/airflow/.local/lib/python3.7/site-packages/airflow/example_dags/example_task_group.py
[2023-09-09T02:45:04.774+0000] {processor.py:766} INFO - DAG(s) dict_keys(['example_task_group']) retrieved from /home/airflow/.local/lib/python3.7/site-packages/airflow/example_dags/example_task_group.py
[2023-09-09T02:45:04.809+0000] {logging_mixin.py:120} INFO - [2023-09-09T02:45:04.808+0000] {dag.py:2585} INFO - Sync 1 DAGs
[2023-09-09T02:45:04.837+0000] {logging_mixin.py:120} INFO - [2023-09-09T02:45:04.837+0000] {dag.py:3340} INFO - Setting next_dagrun for example_task_group to 2023-09-08T02:45:04.837237+00:00, run_after=2023-09-09T02:45:04.837237+00:00
[2023-09-09T02:45:04.863+0000] {processor.py:176} INFO - Processing /home/airflow/.local/lib/python3.7/site-packages/airflow/example_dags/example_task_group.py took 0.107 seconds
