[2023-09-09T02:37:28.704+0000] {processor.py:154} INFO - Started process (PID=81) to work on /home/airflow/.local/lib/python3.7/site-packages/airflow/example_dags/example_task_group_decorator.py
[2023-09-09T02:37:28.705+0000] {processor.py:756} INFO - Processing file /home/airflow/.local/lib/python3.7/site-packages/airflow/example_dags/example_task_group_decorator.py for tasks to queue
[2023-09-09T02:37:28.706+0000] {logging_mixin.py:120} INFO - [2023-09-09T02:37:28.706+0000] {dagbag.py:537} INFO - Filling up the DagBag from /home/airflow/.local/lib/python3.7/site-packages/airflow/example_dags/example_task_group_decorator.py
[2023-09-09T02:37:28.730+0000] {processor.py:766} INFO - DAG(s) dict_keys(['example_task_group_decorator']) retrieved from /home/airflow/.local/lib/python3.7/site-packages/airflow/example_dags/example_task_group_decorator.py
[2023-09-09T02:37:28.763+0000] {logging_mixin.py:120} INFO - [2023-09-09T02:37:28.763+0000] {dag.py:2585} INFO - Sync 1 DAGs
[2023-09-09T02:37:28.784+0000] {logging_mixin.py:120} INFO - [2023-09-09T02:37:28.784+0000] {dag.py:3340} INFO - Setting next_dagrun for example_task_group_decorator to 2023-09-08T02:37:28.784208+00:00, run_after=2023-09-09T02:37:28.784208+00:00
[2023-09-09T02:37:28.803+0000] {processor.py:176} INFO - Processing /home/airflow/.local/lib/python3.7/site-packages/airflow/example_dags/example_task_group_decorator.py took 0.102 seconds
[2023-09-09T02:37:58.989+0000] {processor.py:154} INFO - Started process (PID=155) to work on /home/airflow/.local/lib/python3.7/site-packages/airflow/example_dags/example_task_group_decorator.py
[2023-09-09T02:37:58.990+0000] {processor.py:756} INFO - Processing file /home/airflow/.local/lib/python3.7/site-packages/airflow/example_dags/example_task_group_decorator.py for tasks to queue
[2023-09-09T02:37:58.991+0000] {logging_mixin.py:120} INFO - [2023-09-09T02:37:58.991+0000] {dagbag.py:537} INFO - Filling up the DagBag from /home/airflow/.local/lib/python3.7/site-packages/airflow/example_dags/example_task_group_decorator.py
[2023-09-09T02:37:59.013+0000] {processor.py:766} INFO - DAG(s) dict_keys(['example_task_group_decorator']) retrieved from /home/airflow/.local/lib/python3.7/site-packages/airflow/example_dags/example_task_group_decorator.py
[2023-09-09T02:37:59.048+0000] {logging_mixin.py:120} INFO - [2023-09-09T02:37:59.048+0000] {dag.py:2585} INFO - Sync 1 DAGs
[2023-09-09T02:37:59.068+0000] {logging_mixin.py:120} INFO - [2023-09-09T02:37:59.067+0000] {dag.py:3340} INFO - Setting next_dagrun for example_task_group_decorator to 2023-09-08T02:37:59.067613+00:00, run_after=2023-09-09T02:37:59.067613+00:00
[2023-09-09T02:37:59.087+0000] {processor.py:176} INFO - Processing /home/airflow/.local/lib/python3.7/site-packages/airflow/example_dags/example_task_group_decorator.py took 0.101 seconds
[2023-09-09T02:38:29.559+0000] {processor.py:154} INFO - Started process (PID=230) to work on /home/airflow/.local/lib/python3.7/site-packages/airflow/example_dags/example_task_group_decorator.py
[2023-09-09T02:38:29.560+0000] {processor.py:756} INFO - Processing file /home/airflow/.local/lib/python3.7/site-packages/airflow/example_dags/example_task_group_decorator.py for tasks to queue
[2023-09-09T02:38:29.561+0000] {logging_mixin.py:120} INFO - [2023-09-09T02:38:29.561+0000] {dagbag.py:537} INFO - Filling up the DagBag from /home/airflow/.local/lib/python3.7/site-packages/airflow/example_dags/example_task_group_decorator.py
[2023-09-09T02:38:29.582+0000] {processor.py:766} INFO - DAG(s) dict_keys(['example_task_group_decorator']) retrieved from /home/airflow/.local/lib/python3.7/site-packages/airflow/example_dags/example_task_group_decorator.py
[2023-09-09T02:38:29.617+0000] {logging_mixin.py:120} INFO - [2023-09-09T02:38:29.617+0000] {dag.py:2585} INFO - Sync 1 DAGs
[2023-09-09T02:38:29.636+0000] {logging_mixin.py:120} INFO - [2023-09-09T02:38:29.636+0000] {dag.py:3340} INFO - Setting next_dagrun for example_task_group_decorator to 2023-09-08T02:38:29.635946+00:00, run_after=2023-09-09T02:38:29.635946+00:00
[2023-09-09T02:38:29.656+0000] {processor.py:176} INFO - Processing /home/airflow/.local/lib/python3.7/site-packages/airflow/example_dags/example_task_group_decorator.py took 0.099 seconds
[2023-09-09T02:39:00.300+0000] {processor.py:154} INFO - Started process (PID=304) to work on /home/airflow/.local/lib/python3.7/site-packages/airflow/example_dags/example_task_group_decorator.py
[2023-09-09T02:39:00.301+0000] {processor.py:756} INFO - Processing file /home/airflow/.local/lib/python3.7/site-packages/airflow/example_dags/example_task_group_decorator.py for tasks to queue
[2023-09-09T02:39:00.302+0000] {logging_mixin.py:120} INFO - [2023-09-09T02:39:00.302+0000] {dagbag.py:537} INFO - Filling up the DagBag from /home/airflow/.local/lib/python3.7/site-packages/airflow/example_dags/example_task_group_decorator.py
[2023-09-09T02:39:00.328+0000] {processor.py:766} INFO - DAG(s) dict_keys(['example_task_group_decorator']) retrieved from /home/airflow/.local/lib/python3.7/site-packages/airflow/example_dags/example_task_group_decorator.py
[2023-09-09T02:39:00.375+0000] {logging_mixin.py:120} INFO - [2023-09-09T02:39:00.375+0000] {dag.py:2585} INFO - Sync 1 DAGs
[2023-09-09T02:39:00.402+0000] {logging_mixin.py:120} INFO - [2023-09-09T02:39:00.402+0000] {dag.py:3340} INFO - Setting next_dagrun for example_task_group_decorator to 2023-09-08T02:39:00.402410+00:00, run_after=2023-09-09T02:39:00.402410+00:00
[2023-09-09T02:39:00.428+0000] {processor.py:176} INFO - Processing /home/airflow/.local/lib/python3.7/site-packages/airflow/example_dags/example_task_group_decorator.py took 0.130 seconds
[2023-09-09T02:39:30.600+0000] {processor.py:154} INFO - Started process (PID=369) to work on /home/airflow/.local/lib/python3.7/site-packages/airflow/example_dags/example_task_group_decorator.py
[2023-09-09T02:39:30.601+0000] {processor.py:756} INFO - Processing file /home/airflow/.local/lib/python3.7/site-packages/airflow/example_dags/example_task_group_decorator.py for tasks to queue
[2023-09-09T02:39:30.601+0000] {logging_mixin.py:120} INFO - [2023-09-09T02:39:30.601+0000] {dagbag.py:537} INFO - Filling up the DagBag from /home/airflow/.local/lib/python3.7/site-packages/airflow/example_dags/example_task_group_decorator.py
[2023-09-09T02:39:30.624+0000] {processor.py:766} INFO - DAG(s) dict_keys(['example_task_group_decorator']) retrieved from /home/airflow/.local/lib/python3.7/site-packages/airflow/example_dags/example_task_group_decorator.py
[2023-09-09T02:39:30.665+0000] {logging_mixin.py:120} INFO - [2023-09-09T02:39:30.664+0000] {dag.py:2585} INFO - Sync 1 DAGs
[2023-09-09T02:39:30.686+0000] {logging_mixin.py:120} INFO - [2023-09-09T02:39:30.685+0000] {dag.py:3340} INFO - Setting next_dagrun for example_task_group_decorator to 2023-09-08T02:39:30.685767+00:00, run_after=2023-09-09T02:39:30.685767+00:00
[2023-09-09T02:39:30.704+0000] {processor.py:176} INFO - Processing /home/airflow/.local/lib/python3.7/site-packages/airflow/example_dags/example_task_group_decorator.py took 0.106 seconds
[2023-09-09T02:40:01.692+0000] {processor.py:154} INFO - Started process (PID=443) to work on /home/airflow/.local/lib/python3.7/site-packages/airflow/example_dags/example_task_group_decorator.py
[2023-09-09T02:40:01.693+0000] {processor.py:756} INFO - Processing file /home/airflow/.local/lib/python3.7/site-packages/airflow/example_dags/example_task_group_decorator.py for tasks to queue
[2023-09-09T02:40:01.693+0000] {logging_mixin.py:120} INFO - [2023-09-09T02:40:01.693+0000] {dagbag.py:537} INFO - Filling up the DagBag from /home/airflow/.local/lib/python3.7/site-packages/airflow/example_dags/example_task_group_decorator.py
[2023-09-09T02:40:01.712+0000] {processor.py:766} INFO - DAG(s) dict_keys(['example_task_group_decorator']) retrieved from /home/airflow/.local/lib/python3.7/site-packages/airflow/example_dags/example_task_group_decorator.py
[2023-09-09T02:40:01.742+0000] {logging_mixin.py:120} INFO - [2023-09-09T02:40:01.742+0000] {dag.py:2585} INFO - Sync 1 DAGs
[2023-09-09T02:40:01.760+0000] {logging_mixin.py:120} INFO - [2023-09-09T02:40:01.760+0000] {dag.py:3340} INFO - Setting next_dagrun for example_task_group_decorator to 2023-09-08T02:40:01.759924+00:00, run_after=2023-09-09T02:40:01.759924+00:00
[2023-09-09T02:40:01.775+0000] {processor.py:176} INFO - Processing /home/airflow/.local/lib/python3.7/site-packages/airflow/example_dags/example_task_group_decorator.py took 0.086 seconds
[2023-09-09T02:40:32.180+0000] {processor.py:154} INFO - Started process (PID=517) to work on /home/airflow/.local/lib/python3.7/site-packages/airflow/example_dags/example_task_group_decorator.py
[2023-09-09T02:40:32.181+0000] {processor.py:756} INFO - Processing file /home/airflow/.local/lib/python3.7/site-packages/airflow/example_dags/example_task_group_decorator.py for tasks to queue
[2023-09-09T02:40:32.181+0000] {logging_mixin.py:120} INFO - [2023-09-09T02:40:32.181+0000] {dagbag.py:537} INFO - Filling up the DagBag from /home/airflow/.local/lib/python3.7/site-packages/airflow/example_dags/example_task_group_decorator.py
[2023-09-09T02:40:32.203+0000] {processor.py:766} INFO - DAG(s) dict_keys(['example_task_group_decorator']) retrieved from /home/airflow/.local/lib/python3.7/site-packages/airflow/example_dags/example_task_group_decorator.py
[2023-09-09T02:40:32.238+0000] {logging_mixin.py:120} INFO - [2023-09-09T02:40:32.238+0000] {dag.py:2585} INFO - Sync 1 DAGs
[2023-09-09T02:40:32.259+0000] {logging_mixin.py:120} INFO - [2023-09-09T02:40:32.259+0000] {dag.py:3340} INFO - Setting next_dagrun for example_task_group_decorator to 2023-09-08T02:40:32.259340+00:00, run_after=2023-09-09T02:40:32.259340+00:00
[2023-09-09T02:40:32.277+0000] {processor.py:176} INFO - Processing /home/airflow/.local/lib/python3.7/site-packages/airflow/example_dags/example_task_group_decorator.py took 0.100 seconds
[2023-09-09T02:41:02.715+0000] {processor.py:154} INFO - Started process (PID=591) to work on /home/airflow/.local/lib/python3.7/site-packages/airflow/example_dags/example_task_group_decorator.py
[2023-09-09T02:41:02.716+0000] {processor.py:756} INFO - Processing file /home/airflow/.local/lib/python3.7/site-packages/airflow/example_dags/example_task_group_decorator.py for tasks to queue
[2023-09-09T02:41:02.717+0000] {logging_mixin.py:120} INFO - [2023-09-09T02:41:02.717+0000] {dagbag.py:537} INFO - Filling up the DagBag from /home/airflow/.local/lib/python3.7/site-packages/airflow/example_dags/example_task_group_decorator.py
[2023-09-09T02:41:02.739+0000] {processor.py:766} INFO - DAG(s) dict_keys(['example_task_group_decorator']) retrieved from /home/airflow/.local/lib/python3.7/site-packages/airflow/example_dags/example_task_group_decorator.py
[2023-09-09T02:41:02.775+0000] {logging_mixin.py:120} INFO - [2023-09-09T02:41:02.775+0000] {dag.py:2585} INFO - Sync 1 DAGs
[2023-09-09T02:41:02.799+0000] {logging_mixin.py:120} INFO - [2023-09-09T02:41:02.799+0000] {dag.py:3340} INFO - Setting next_dagrun for example_task_group_decorator to 2023-09-08T02:41:02.799219+00:00, run_after=2023-09-09T02:41:02.799219+00:00
[2023-09-09T02:41:02.816+0000] {processor.py:176} INFO - Processing /home/airflow/.local/lib/python3.7/site-packages/airflow/example_dags/example_task_group_decorator.py took 0.103 seconds
[2023-09-09T02:41:33.584+0000] {processor.py:154} INFO - Started process (PID=675) to work on /home/airflow/.local/lib/python3.7/site-packages/airflow/example_dags/example_task_group_decorator.py
[2023-09-09T02:41:33.584+0000] {processor.py:756} INFO - Processing file /home/airflow/.local/lib/python3.7/site-packages/airflow/example_dags/example_task_group_decorator.py for tasks to queue
[2023-09-09T02:41:33.585+0000] {logging_mixin.py:120} INFO - [2023-09-09T02:41:33.585+0000] {dagbag.py:537} INFO - Filling up the DagBag from /home/airflow/.local/lib/python3.7/site-packages/airflow/example_dags/example_task_group_decorator.py
[2023-09-09T02:41:33.608+0000] {processor.py:766} INFO - DAG(s) dict_keys(['example_task_group_decorator']) retrieved from /home/airflow/.local/lib/python3.7/site-packages/airflow/example_dags/example_task_group_decorator.py
[2023-09-09T02:41:33.642+0000] {logging_mixin.py:120} INFO - [2023-09-09T02:41:33.642+0000] {dag.py:2585} INFO - Sync 1 DAGs
[2023-09-09T02:41:33.663+0000] {logging_mixin.py:120} INFO - [2023-09-09T02:41:33.663+0000] {dag.py:3340} INFO - Setting next_dagrun for example_task_group_decorator to 2023-09-08T02:41:33.663384+00:00, run_after=2023-09-09T02:41:33.663384+00:00
[2023-09-09T02:41:33.683+0000] {processor.py:176} INFO - Processing /home/airflow/.local/lib/python3.7/site-packages/airflow/example_dags/example_task_group_decorator.py took 0.102 seconds
[2023-09-09T02:42:03.924+0000] {processor.py:154} INFO - Started process (PID=740) to work on /home/airflow/.local/lib/python3.7/site-packages/airflow/example_dags/example_task_group_decorator.py
[2023-09-09T02:42:03.925+0000] {processor.py:756} INFO - Processing file /home/airflow/.local/lib/python3.7/site-packages/airflow/example_dags/example_task_group_decorator.py for tasks to queue
[2023-09-09T02:42:03.926+0000] {logging_mixin.py:120} INFO - [2023-09-09T02:42:03.925+0000] {dagbag.py:537} INFO - Filling up the DagBag from /home/airflow/.local/lib/python3.7/site-packages/airflow/example_dags/example_task_group_decorator.py
[2023-09-09T02:42:03.948+0000] {processor.py:766} INFO - DAG(s) dict_keys(['example_task_group_decorator']) retrieved from /home/airflow/.local/lib/python3.7/site-packages/airflow/example_dags/example_task_group_decorator.py
[2023-09-09T02:42:03.981+0000] {logging_mixin.py:120} INFO - [2023-09-09T02:42:03.981+0000] {dag.py:2585} INFO - Sync 1 DAGs
[2023-09-09T02:42:04.002+0000] {logging_mixin.py:120} INFO - [2023-09-09T02:42:04.002+0000] {dag.py:3340} INFO - Setting next_dagrun for example_task_group_decorator to 2023-09-08T02:42:04.002022+00:00, run_after=2023-09-09T02:42:04.002022+00:00
[2023-09-09T02:42:04.022+0000] {processor.py:176} INFO - Processing /home/airflow/.local/lib/python3.7/site-packages/airflow/example_dags/example_task_group_decorator.py took 0.101 seconds
[2023-09-09T02:42:34.595+0000] {processor.py:154} INFO - Started process (PID=818) to work on /home/airflow/.local/lib/python3.7/site-packages/airflow/example_dags/example_task_group_decorator.py
[2023-09-09T02:42:34.596+0000] {processor.py:756} INFO - Processing file /home/airflow/.local/lib/python3.7/site-packages/airflow/example_dags/example_task_group_decorator.py for tasks to queue
[2023-09-09T02:42:34.597+0000] {logging_mixin.py:120} INFO - [2023-09-09T02:42:34.597+0000] {dagbag.py:537} INFO - Filling up the DagBag from /home/airflow/.local/lib/python3.7/site-packages/airflow/example_dags/example_task_group_decorator.py
[2023-09-09T02:42:34.618+0000] {processor.py:766} INFO - DAG(s) dict_keys(['example_task_group_decorator']) retrieved from /home/airflow/.local/lib/python3.7/site-packages/airflow/example_dags/example_task_group_decorator.py
[2023-09-09T02:42:34.650+0000] {logging_mixin.py:120} INFO - [2023-09-09T02:42:34.650+0000] {dag.py:2585} INFO - Sync 1 DAGs
[2023-09-09T02:42:34.672+0000] {logging_mixin.py:120} INFO - [2023-09-09T02:42:34.672+0000] {dag.py:3340} INFO - Setting next_dagrun for example_task_group_decorator to 2023-09-08T02:42:34.671964+00:00, run_after=2023-09-09T02:42:34.671964+00:00
[2023-09-09T02:42:34.696+0000] {processor.py:176} INFO - Processing /home/airflow/.local/lib/python3.7/site-packages/airflow/example_dags/example_task_group_decorator.py took 0.103 seconds
[2023-09-09T02:43:05.036+0000] {processor.py:154} INFO - Started process (PID=896) to work on /home/airflow/.local/lib/python3.7/site-packages/airflow/example_dags/example_task_group_decorator.py
[2023-09-09T02:43:05.037+0000] {processor.py:756} INFO - Processing file /home/airflow/.local/lib/python3.7/site-packages/airflow/example_dags/example_task_group_decorator.py for tasks to queue
[2023-09-09T02:43:05.037+0000] {logging_mixin.py:120} INFO - [2023-09-09T02:43:05.037+0000] {dagbag.py:537} INFO - Filling up the DagBag from /home/airflow/.local/lib/python3.7/site-packages/airflow/example_dags/example_task_group_decorator.py
[2023-09-09T02:43:05.060+0000] {processor.py:766} INFO - DAG(s) dict_keys(['example_task_group_decorator']) retrieved from /home/airflow/.local/lib/python3.7/site-packages/airflow/example_dags/example_task_group_decorator.py
[2023-09-09T02:43:05.094+0000] {logging_mixin.py:120} INFO - [2023-09-09T02:43:05.093+0000] {dag.py:2585} INFO - Sync 1 DAGs
[2023-09-09T02:43:05.112+0000] {logging_mixin.py:120} INFO - [2023-09-09T02:43:05.112+0000] {dag.py:3340} INFO - Setting next_dagrun for example_task_group_decorator to 2023-09-08T02:43:05.112194+00:00, run_after=2023-09-09T02:43:05.112194+00:00
[2023-09-09T02:43:05.132+0000] {processor.py:176} INFO - Processing /home/airflow/.local/lib/python3.7/site-packages/airflow/example_dags/example_task_group_decorator.py took 0.098 seconds
[2023-09-09T02:43:35.785+0000] {processor.py:154} INFO - Started process (PID=970) to work on /home/airflow/.local/lib/python3.7/site-packages/airflow/example_dags/example_task_group_decorator.py
[2023-09-09T02:43:35.787+0000] {processor.py:756} INFO - Processing file /home/airflow/.local/lib/python3.7/site-packages/airflow/example_dags/example_task_group_decorator.py for tasks to queue
[2023-09-09T02:43:35.788+0000] {logging_mixin.py:120} INFO - [2023-09-09T02:43:35.787+0000] {dagbag.py:537} INFO - Filling up the DagBag from /home/airflow/.local/lib/python3.7/site-packages/airflow/example_dags/example_task_group_decorator.py
[2023-09-09T02:43:35.816+0000] {processor.py:766} INFO - DAG(s) dict_keys(['example_task_group_decorator']) retrieved from /home/airflow/.local/lib/python3.7/site-packages/airflow/example_dags/example_task_group_decorator.py
[2023-09-09T02:43:35.851+0000] {logging_mixin.py:120} INFO - [2023-09-09T02:43:35.851+0000] {dag.py:2585} INFO - Sync 1 DAGs
[2023-09-09T02:43:35.875+0000] {logging_mixin.py:120} INFO - [2023-09-09T02:43:35.875+0000] {dag.py:3340} INFO - Setting next_dagrun for example_task_group_decorator to 2023-09-08T02:43:35.875430+00:00, run_after=2023-09-09T02:43:35.875430+00:00
[2023-09-09T02:43:35.896+0000] {processor.py:176} INFO - Processing /home/airflow/.local/lib/python3.7/site-packages/airflow/example_dags/example_task_group_decorator.py took 0.115 seconds
[2023-09-09T02:44:06.915+0000] {processor.py:154} INFO - Started process (PID=1035) to work on /home/airflow/.local/lib/python3.7/site-packages/airflow/example_dags/example_task_group_decorator.py
[2023-09-09T02:44:06.916+0000] {processor.py:756} INFO - Processing file /home/airflow/.local/lib/python3.7/site-packages/airflow/example_dags/example_task_group_decorator.py for tasks to queue
[2023-09-09T02:44:06.917+0000] {logging_mixin.py:120} INFO - [2023-09-09T02:44:06.917+0000] {dagbag.py:537} INFO - Filling up the DagBag from /home/airflow/.local/lib/python3.7/site-packages/airflow/example_dags/example_task_group_decorator.py
[2023-09-09T02:44:06.939+0000] {processor.py:766} INFO - DAG(s) dict_keys(['example_task_group_decorator']) retrieved from /home/airflow/.local/lib/python3.7/site-packages/airflow/example_dags/example_task_group_decorator.py
[2023-09-09T02:44:06.974+0000] {logging_mixin.py:120} INFO - [2023-09-09T02:44:06.974+0000] {dag.py:2585} INFO - Sync 1 DAGs
[2023-09-09T02:44:06.993+0000] {logging_mixin.py:120} INFO - [2023-09-09T02:44:06.993+0000] {dag.py:3340} INFO - Setting next_dagrun for example_task_group_decorator to 2023-09-08T02:44:06.993561+00:00, run_after=2023-09-09T02:44:06.993561+00:00
[2023-09-09T02:44:07.011+0000] {processor.py:176} INFO - Processing /home/airflow/.local/lib/python3.7/site-packages/airflow/example_dags/example_task_group_decorator.py took 0.098 seconds
[2023-09-09T02:44:37.347+0000] {processor.py:154} INFO - Started process (PID=1110) to work on /home/airflow/.local/lib/python3.7/site-packages/airflow/example_dags/example_task_group_decorator.py
[2023-09-09T02:44:37.348+0000] {processor.py:756} INFO - Processing file /home/airflow/.local/lib/python3.7/site-packages/airflow/example_dags/example_task_group_decorator.py for tasks to queue
[2023-09-09T02:44:37.349+0000] {logging_mixin.py:120} INFO - [2023-09-09T02:44:37.349+0000] {dagbag.py:537} INFO - Filling up the DagBag from /home/airflow/.local/lib/python3.7/site-packages/airflow/example_dags/example_task_group_decorator.py
[2023-09-09T02:44:37.372+0000] {processor.py:766} INFO - DAG(s) dict_keys(['example_task_group_decorator']) retrieved from /home/airflow/.local/lib/python3.7/site-packages/airflow/example_dags/example_task_group_decorator.py
[2023-09-09T02:44:37.405+0000] {logging_mixin.py:120} INFO - [2023-09-09T02:44:37.404+0000] {dag.py:2585} INFO - Sync 1 DAGs
[2023-09-09T02:44:37.428+0000] {logging_mixin.py:120} INFO - [2023-09-09T02:44:37.428+0000] {dag.py:3340} INFO - Setting next_dagrun for example_task_group_decorator to 2023-09-08T02:44:37.428170+00:00, run_after=2023-09-09T02:44:37.428170+00:00
[2023-09-09T02:44:37.449+0000] {processor.py:176} INFO - Processing /home/airflow/.local/lib/python3.7/site-packages/airflow/example_dags/example_task_group_decorator.py took 0.104 seconds
[2023-09-09T02:45:07.829+0000] {processor.py:154} INFO - Started process (PID=1184) to work on /home/airflow/.local/lib/python3.7/site-packages/airflow/example_dags/example_task_group_decorator.py
[2023-09-09T02:45:07.830+0000] {processor.py:756} INFO - Processing file /home/airflow/.local/lib/python3.7/site-packages/airflow/example_dags/example_task_group_decorator.py for tasks to queue
[2023-09-09T02:45:07.831+0000] {logging_mixin.py:120} INFO - [2023-09-09T02:45:07.830+0000] {dagbag.py:537} INFO - Filling up the DagBag from /home/airflow/.local/lib/python3.7/site-packages/airflow/example_dags/example_task_group_decorator.py
[2023-09-09T02:45:07.851+0000] {processor.py:766} INFO - DAG(s) dict_keys(['example_task_group_decorator']) retrieved from /home/airflow/.local/lib/python3.7/site-packages/airflow/example_dags/example_task_group_decorator.py
[2023-09-09T02:45:07.883+0000] {logging_mixin.py:120} INFO - [2023-09-09T02:45:07.883+0000] {dag.py:2585} INFO - Sync 1 DAGs
[2023-09-09T02:45:07.903+0000] {logging_mixin.py:120} INFO - [2023-09-09T02:45:07.903+0000] {dag.py:3340} INFO - Setting next_dagrun for example_task_group_decorator to 2023-09-08T02:45:07.903394+00:00, run_after=2023-09-09T02:45:07.903394+00:00
[2023-09-09T02:45:07.924+0000] {processor.py:176} INFO - Processing /home/airflow/.local/lib/python3.7/site-packages/airflow/example_dags/example_task_group_decorator.py took 0.098 seconds
