[2023-09-09T02:37:29.264+0000] {processor.py:154} INFO - Started process (PID=95) to work on /home/airflow/.local/lib/python3.7/site-packages/airflow/example_dags/example_external_task_marker_dag.py
[2023-09-09T02:37:29.265+0000] {processor.py:756} INFO - Processing file /home/airflow/.local/lib/python3.7/site-packages/airflow/example_dags/example_external_task_marker_dag.py for tasks to queue
[2023-09-09T02:37:29.266+0000] {logging_mixin.py:120} INFO - [2023-09-09T02:37:29.266+0000] {dagbag.py:537} INFO - Filling up the DagBag from /home/airflow/.local/lib/python3.7/site-packages/airflow/example_dags/example_external_task_marker_dag.py
[2023-09-09T02:37:29.283+0000] {processor.py:766} INFO - DAG(s) dict_keys(['example_external_task_marker_parent', 'example_external_task_marker_child']) retrieved from /home/airflow/.local/lib/python3.7/site-packages/airflow/example_dags/example_external_task_marker_dag.py
[2023-09-09T02:37:29.619+0000] {logging_mixin.py:120} INFO - [2023-09-09T02:37:29.618+0000] {dag.py:2585} INFO - Sync 2 DAGs
[2023-09-09T02:37:29.658+0000] {logging_mixin.py:120} INFO - [2023-09-09T02:37:29.658+0000] {dag.py:3340} INFO - Setting next_dagrun for example_external_task_marker_child to None, run_after=None
[2023-09-09T02:37:29.663+0000] {logging_mixin.py:120} INFO - [2023-09-09T02:37:29.663+0000] {dag.py:3340} INFO - Setting next_dagrun for example_external_task_marker_parent to None, run_after=None
[2023-09-09T02:37:29.693+0000] {processor.py:176} INFO - Processing /home/airflow/.local/lib/python3.7/site-packages/airflow/example_dags/example_external_task_marker_dag.py took 0.432 seconds
[2023-09-09T02:38:00.345+0000] {processor.py:154} INFO - Started process (PID=162) to work on /home/airflow/.local/lib/python3.7/site-packages/airflow/example_dags/example_external_task_marker_dag.py
[2023-09-09T02:38:00.346+0000] {processor.py:756} INFO - Processing file /home/airflow/.local/lib/python3.7/site-packages/airflow/example_dags/example_external_task_marker_dag.py for tasks to queue
[2023-09-09T02:38:00.347+0000] {logging_mixin.py:120} INFO - [2023-09-09T02:38:00.346+0000] {dagbag.py:537} INFO - Filling up the DagBag from /home/airflow/.local/lib/python3.7/site-packages/airflow/example_dags/example_external_task_marker_dag.py
[2023-09-09T02:38:00.357+0000] {processor.py:766} INFO - DAG(s) dict_keys(['example_external_task_marker_child', 'example_external_task_marker_parent']) retrieved from /home/airflow/.local/lib/python3.7/site-packages/airflow/example_dags/example_external_task_marker_dag.py
[2023-09-09T02:38:00.567+0000] {logging_mixin.py:120} INFO - [2023-09-09T02:38:00.567+0000] {dag.py:2585} INFO - Sync 2 DAGs
[2023-09-09T02:38:00.592+0000] {logging_mixin.py:120} INFO - [2023-09-09T02:38:00.591+0000] {dag.py:3340} INFO - Setting next_dagrun for example_external_task_marker_child to None, run_after=None
[2023-09-09T02:38:00.595+0000] {logging_mixin.py:120} INFO - [2023-09-09T02:38:00.595+0000] {dag.py:3340} INFO - Setting next_dagrun for example_external_task_marker_parent to None, run_after=None
[2023-09-09T02:38:00.612+0000] {processor.py:176} INFO - Processing /home/airflow/.local/lib/python3.7/site-packages/airflow/example_dags/example_external_task_marker_dag.py took 0.270 seconds
[2023-09-09T02:38:30.924+0000] {processor.py:154} INFO - Started process (PID=237) to work on /home/airflow/.local/lib/python3.7/site-packages/airflow/example_dags/example_external_task_marker_dag.py
[2023-09-09T02:38:30.925+0000] {processor.py:756} INFO - Processing file /home/airflow/.local/lib/python3.7/site-packages/airflow/example_dags/example_external_task_marker_dag.py for tasks to queue
[2023-09-09T02:38:30.926+0000] {logging_mixin.py:120} INFO - [2023-09-09T02:38:30.926+0000] {dagbag.py:537} INFO - Filling up the DagBag from /home/airflow/.local/lib/python3.7/site-packages/airflow/example_dags/example_external_task_marker_dag.py
[2023-09-09T02:38:30.936+0000] {processor.py:766} INFO - DAG(s) dict_keys(['example_external_task_marker_child', 'example_external_task_marker_parent']) retrieved from /home/airflow/.local/lib/python3.7/site-packages/airflow/example_dags/example_external_task_marker_dag.py
[2023-09-09T02:38:31.090+0000] {logging_mixin.py:120} INFO - [2023-09-09T02:38:31.090+0000] {dag.py:2585} INFO - Sync 2 DAGs
[2023-09-09T02:38:31.109+0000] {logging_mixin.py:120} INFO - [2023-09-09T02:38:31.109+0000] {dag.py:3340} INFO - Setting next_dagrun for example_external_task_marker_child to None, run_after=None
[2023-09-09T02:38:31.112+0000] {logging_mixin.py:120} INFO - [2023-09-09T02:38:31.112+0000] {dag.py:3340} INFO - Setting next_dagrun for example_external_task_marker_parent to None, run_after=None
[2023-09-09T02:38:31.129+0000] {processor.py:176} INFO - Processing /home/airflow/.local/lib/python3.7/site-packages/airflow/example_dags/example_external_task_marker_dag.py took 0.207 seconds
[2023-09-09T02:39:01.702+0000] {processor.py:154} INFO - Started process (PID=311) to work on /home/airflow/.local/lib/python3.7/site-packages/airflow/example_dags/example_external_task_marker_dag.py
[2023-09-09T02:39:01.703+0000] {processor.py:756} INFO - Processing file /home/airflow/.local/lib/python3.7/site-packages/airflow/example_dags/example_external_task_marker_dag.py for tasks to queue
[2023-09-09T02:39:01.703+0000] {logging_mixin.py:120} INFO - [2023-09-09T02:39:01.703+0000] {dagbag.py:537} INFO - Filling up the DagBag from /home/airflow/.local/lib/python3.7/site-packages/airflow/example_dags/example_external_task_marker_dag.py
[2023-09-09T02:39:01.715+0000] {processor.py:766} INFO - DAG(s) dict_keys(['example_external_task_marker_parent', 'example_external_task_marker_child']) retrieved from /home/airflow/.local/lib/python3.7/site-packages/airflow/example_dags/example_external_task_marker_dag.py
[2023-09-09T02:39:01.892+0000] {logging_mixin.py:120} INFO - [2023-09-09T02:39:01.892+0000] {dag.py:2585} INFO - Sync 2 DAGs
[2023-09-09T02:39:01.916+0000] {logging_mixin.py:120} INFO - [2023-09-09T02:39:01.915+0000] {dag.py:3340} INFO - Setting next_dagrun for example_external_task_marker_child to None, run_after=None
[2023-09-09T02:39:01.919+0000] {logging_mixin.py:120} INFO - [2023-09-09T02:39:01.919+0000] {dag.py:3340} INFO - Setting next_dagrun for example_external_task_marker_parent to None, run_after=None
[2023-09-09T02:39:01.939+0000] {processor.py:176} INFO - Processing /home/airflow/.local/lib/python3.7/site-packages/airflow/example_dags/example_external_task_marker_dag.py took 0.239 seconds
[2023-09-09T02:39:32.001+0000] {processor.py:154} INFO - Started process (PID=385) to work on /home/airflow/.local/lib/python3.7/site-packages/airflow/example_dags/example_external_task_marker_dag.py
[2023-09-09T02:39:32.002+0000] {processor.py:756} INFO - Processing file /home/airflow/.local/lib/python3.7/site-packages/airflow/example_dags/example_external_task_marker_dag.py for tasks to queue
[2023-09-09T02:39:32.003+0000] {logging_mixin.py:120} INFO - [2023-09-09T02:39:32.003+0000] {dagbag.py:537} INFO - Filling up the DagBag from /home/airflow/.local/lib/python3.7/site-packages/airflow/example_dags/example_external_task_marker_dag.py
[2023-09-09T02:39:32.014+0000] {processor.py:766} INFO - DAG(s) dict_keys(['example_external_task_marker_parent', 'example_external_task_marker_child']) retrieved from /home/airflow/.local/lib/python3.7/site-packages/airflow/example_dags/example_external_task_marker_dag.py
[2023-09-09T02:39:32.170+0000] {logging_mixin.py:120} INFO - [2023-09-09T02:39:32.170+0000] {dag.py:2585} INFO - Sync 2 DAGs
[2023-09-09T02:39:32.190+0000] {logging_mixin.py:120} INFO - [2023-09-09T02:39:32.190+0000] {dag.py:3340} INFO - Setting next_dagrun for example_external_task_marker_child to None, run_after=None
[2023-09-09T02:39:32.192+0000] {logging_mixin.py:120} INFO - [2023-09-09T02:39:32.192+0000] {dag.py:3340} INFO - Setting next_dagrun for example_external_task_marker_parent to None, run_after=None
[2023-09-09T02:39:32.212+0000] {processor.py:176} INFO - Processing /home/airflow/.local/lib/python3.7/site-packages/airflow/example_dags/example_external_task_marker_dag.py took 0.214 seconds
[2023-09-09T02:40:03.039+0000] {processor.py:154} INFO - Started process (PID=450) to work on /home/airflow/.local/lib/python3.7/site-packages/airflow/example_dags/example_external_task_marker_dag.py
[2023-09-09T02:40:03.040+0000] {processor.py:756} INFO - Processing file /home/airflow/.local/lib/python3.7/site-packages/airflow/example_dags/example_external_task_marker_dag.py for tasks to queue
[2023-09-09T02:40:03.041+0000] {logging_mixin.py:120} INFO - [2023-09-09T02:40:03.040+0000] {dagbag.py:537} INFO - Filling up the DagBag from /home/airflow/.local/lib/python3.7/site-packages/airflow/example_dags/example_external_task_marker_dag.py
[2023-09-09T02:40:03.052+0000] {processor.py:766} INFO - DAG(s) dict_keys(['example_external_task_marker_parent', 'example_external_task_marker_child']) retrieved from /home/airflow/.local/lib/python3.7/site-packages/airflow/example_dags/example_external_task_marker_dag.py
[2023-09-09T02:40:03.212+0000] {logging_mixin.py:120} INFO - [2023-09-09T02:40:03.212+0000] {dag.py:2585} INFO - Sync 2 DAGs
[2023-09-09T02:40:03.230+0000] {logging_mixin.py:120} INFO - [2023-09-09T02:40:03.230+0000] {dag.py:3340} INFO - Setting next_dagrun for example_external_task_marker_child to None, run_after=None
[2023-09-09T02:40:03.233+0000] {logging_mixin.py:120} INFO - [2023-09-09T02:40:03.233+0000] {dag.py:3340} INFO - Setting next_dagrun for example_external_task_marker_parent to None, run_after=None
[2023-09-09T02:40:03.252+0000] {processor.py:176} INFO - Processing /home/airflow/.local/lib/python3.7/site-packages/airflow/example_dags/example_external_task_marker_dag.py took 0.216 seconds
[2023-09-09T02:40:33.541+0000] {processor.py:154} INFO - Started process (PID=524) to work on /home/airflow/.local/lib/python3.7/site-packages/airflow/example_dags/example_external_task_marker_dag.py
[2023-09-09T02:40:33.542+0000] {processor.py:756} INFO - Processing file /home/airflow/.local/lib/python3.7/site-packages/airflow/example_dags/example_external_task_marker_dag.py for tasks to queue
[2023-09-09T02:40:33.543+0000] {logging_mixin.py:120} INFO - [2023-09-09T02:40:33.543+0000] {dagbag.py:537} INFO - Filling up the DagBag from /home/airflow/.local/lib/python3.7/site-packages/airflow/example_dags/example_external_task_marker_dag.py
[2023-09-09T02:40:33.554+0000] {processor.py:766} INFO - DAG(s) dict_keys(['example_external_task_marker_parent', 'example_external_task_marker_child']) retrieved from /home/airflow/.local/lib/python3.7/site-packages/airflow/example_dags/example_external_task_marker_dag.py
[2023-09-09T02:40:33.707+0000] {logging_mixin.py:120} INFO - [2023-09-09T02:40:33.707+0000] {dag.py:2585} INFO - Sync 2 DAGs
[2023-09-09T02:40:33.726+0000] {logging_mixin.py:120} INFO - [2023-09-09T02:40:33.726+0000] {dag.py:3340} INFO - Setting next_dagrun for example_external_task_marker_child to None, run_after=None
[2023-09-09T02:40:33.729+0000] {logging_mixin.py:120} INFO - [2023-09-09T02:40:33.729+0000] {dag.py:3340} INFO - Setting next_dagrun for example_external_task_marker_parent to None, run_after=None
[2023-09-09T02:40:33.750+0000] {processor.py:176} INFO - Processing /home/airflow/.local/lib/python3.7/site-packages/airflow/example_dags/example_external_task_marker_dag.py took 0.212 seconds
[2023-09-09T02:41:04.113+0000] {processor.py:154} INFO - Started process (PID=598) to work on /home/airflow/.local/lib/python3.7/site-packages/airflow/example_dags/example_external_task_marker_dag.py
[2023-09-09T02:41:04.114+0000] {processor.py:756} INFO - Processing file /home/airflow/.local/lib/python3.7/site-packages/airflow/example_dags/example_external_task_marker_dag.py for tasks to queue
[2023-09-09T02:41:04.114+0000] {logging_mixin.py:120} INFO - [2023-09-09T02:41:04.114+0000] {dagbag.py:537} INFO - Filling up the DagBag from /home/airflow/.local/lib/python3.7/site-packages/airflow/example_dags/example_external_task_marker_dag.py
[2023-09-09T02:41:04.126+0000] {processor.py:766} INFO - DAG(s) dict_keys(['example_external_task_marker_child', 'example_external_task_marker_parent']) retrieved from /home/airflow/.local/lib/python3.7/site-packages/airflow/example_dags/example_external_task_marker_dag.py
[2023-09-09T02:41:04.285+0000] {logging_mixin.py:120} INFO - [2023-09-09T02:41:04.285+0000] {dag.py:2585} INFO - Sync 2 DAGs
[2023-09-09T02:41:04.305+0000] {logging_mixin.py:120} INFO - [2023-09-09T02:41:04.305+0000] {dag.py:3340} INFO - Setting next_dagrun for example_external_task_marker_child to None, run_after=None
[2023-09-09T02:41:04.308+0000] {logging_mixin.py:120} INFO - [2023-09-09T02:41:04.308+0000] {dag.py:3340} INFO - Setting next_dagrun for example_external_task_marker_parent to None, run_after=None
[2023-09-09T02:41:04.325+0000] {processor.py:176} INFO - Processing /home/airflow/.local/lib/python3.7/site-packages/airflow/example_dags/example_external_task_marker_dag.py took 0.215 seconds
[2023-09-09T02:41:34.977+0000] {processor.py:154} INFO - Started process (PID=682) to work on /home/airflow/.local/lib/python3.7/site-packages/airflow/example_dags/example_external_task_marker_dag.py
[2023-09-09T02:41:34.978+0000] {processor.py:756} INFO - Processing file /home/airflow/.local/lib/python3.7/site-packages/airflow/example_dags/example_external_task_marker_dag.py for tasks to queue
[2023-09-09T02:41:34.979+0000] {logging_mixin.py:120} INFO - [2023-09-09T02:41:34.979+0000] {dagbag.py:537} INFO - Filling up the DagBag from /home/airflow/.local/lib/python3.7/site-packages/airflow/example_dags/example_external_task_marker_dag.py
[2023-09-09T02:41:34.991+0000] {processor.py:766} INFO - DAG(s) dict_keys(['example_external_task_marker_child', 'example_external_task_marker_parent']) retrieved from /home/airflow/.local/lib/python3.7/site-packages/airflow/example_dags/example_external_task_marker_dag.py
[2023-09-09T02:41:35.170+0000] {logging_mixin.py:120} INFO - [2023-09-09T02:41:35.170+0000] {dag.py:2585} INFO - Sync 2 DAGs
[2023-09-09T02:41:35.192+0000] {logging_mixin.py:120} INFO - [2023-09-09T02:41:35.192+0000] {dag.py:3340} INFO - Setting next_dagrun for example_external_task_marker_child to None, run_after=None
[2023-09-09T02:41:35.195+0000] {logging_mixin.py:120} INFO - [2023-09-09T02:41:35.195+0000] {dag.py:3340} INFO - Setting next_dagrun for example_external_task_marker_parent to None, run_after=None
[2023-09-09T02:41:35.217+0000] {processor.py:176} INFO - Processing /home/airflow/.local/lib/python3.7/site-packages/airflow/example_dags/example_external_task_marker_dag.py took 0.244 seconds
[2023-09-09T02:42:05.315+0000] {processor.py:154} INFO - Started process (PID=747) to work on /home/airflow/.local/lib/python3.7/site-packages/airflow/example_dags/example_external_task_marker_dag.py
[2023-09-09T02:42:05.316+0000] {processor.py:756} INFO - Processing file /home/airflow/.local/lib/python3.7/site-packages/airflow/example_dags/example_external_task_marker_dag.py for tasks to queue
[2023-09-09T02:42:05.316+0000] {logging_mixin.py:120} INFO - [2023-09-09T02:42:05.316+0000] {dagbag.py:537} INFO - Filling up the DagBag from /home/airflow/.local/lib/python3.7/site-packages/airflow/example_dags/example_external_task_marker_dag.py
[2023-09-09T02:42:05.328+0000] {processor.py:766} INFO - DAG(s) dict_keys(['example_external_task_marker_child', 'example_external_task_marker_parent']) retrieved from /home/airflow/.local/lib/python3.7/site-packages/airflow/example_dags/example_external_task_marker_dag.py
[2023-09-09T02:42:05.490+0000] {logging_mixin.py:120} INFO - [2023-09-09T02:42:05.490+0000] {dag.py:2585} INFO - Sync 2 DAGs
[2023-09-09T02:42:05.510+0000] {logging_mixin.py:120} INFO - [2023-09-09T02:42:05.509+0000] {dag.py:3340} INFO - Setting next_dagrun for example_external_task_marker_child to None, run_after=None
[2023-09-09T02:42:05.513+0000] {logging_mixin.py:120} INFO - [2023-09-09T02:42:05.513+0000] {dag.py:3340} INFO - Setting next_dagrun for example_external_task_marker_parent to None, run_after=None
[2023-09-09T02:42:05.534+0000] {processor.py:176} INFO - Processing /home/airflow/.local/lib/python3.7/site-packages/airflow/example_dags/example_external_task_marker_dag.py took 0.222 seconds
[2023-09-09T02:42:35.954+0000] {processor.py:154} INFO - Started process (PID=825) to work on /home/airflow/.local/lib/python3.7/site-packages/airflow/example_dags/example_external_task_marker_dag.py
[2023-09-09T02:42:35.955+0000] {processor.py:756} INFO - Processing file /home/airflow/.local/lib/python3.7/site-packages/airflow/example_dags/example_external_task_marker_dag.py for tasks to queue
[2023-09-09T02:42:35.955+0000] {logging_mixin.py:120} INFO - [2023-09-09T02:42:35.955+0000] {dagbag.py:537} INFO - Filling up the DagBag from /home/airflow/.local/lib/python3.7/site-packages/airflow/example_dags/example_external_task_marker_dag.py
[2023-09-09T02:42:35.966+0000] {processor.py:766} INFO - DAG(s) dict_keys(['example_external_task_marker_parent', 'example_external_task_marker_child']) retrieved from /home/airflow/.local/lib/python3.7/site-packages/airflow/example_dags/example_external_task_marker_dag.py
[2023-09-09T02:42:36.119+0000] {logging_mixin.py:120} INFO - [2023-09-09T02:42:36.119+0000] {dag.py:2585} INFO - Sync 2 DAGs
[2023-09-09T02:42:36.141+0000] {logging_mixin.py:120} INFO - [2023-09-09T02:42:36.140+0000] {dag.py:3340} INFO - Setting next_dagrun for example_external_task_marker_child to None, run_after=None
[2023-09-09T02:42:36.144+0000] {logging_mixin.py:120} INFO - [2023-09-09T02:42:36.144+0000] {dag.py:3340} INFO - Setting next_dagrun for example_external_task_marker_parent to None, run_after=None
[2023-09-09T02:42:36.163+0000] {processor.py:176} INFO - Processing /home/airflow/.local/lib/python3.7/site-packages/airflow/example_dags/example_external_task_marker_dag.py took 0.212 seconds
[2023-09-09T02:43:06.472+0000] {processor.py:154} INFO - Started process (PID=903) to work on /home/airflow/.local/lib/python3.7/site-packages/airflow/example_dags/example_external_task_marker_dag.py
[2023-09-09T02:43:06.473+0000] {processor.py:756} INFO - Processing file /home/airflow/.local/lib/python3.7/site-packages/airflow/example_dags/example_external_task_marker_dag.py for tasks to queue
[2023-09-09T02:43:06.474+0000] {logging_mixin.py:120} INFO - [2023-09-09T02:43:06.473+0000] {dagbag.py:537} INFO - Filling up the DagBag from /home/airflow/.local/lib/python3.7/site-packages/airflow/example_dags/example_external_task_marker_dag.py
[2023-09-09T02:43:06.486+0000] {processor.py:766} INFO - DAG(s) dict_keys(['example_external_task_marker_child', 'example_external_task_marker_parent']) retrieved from /home/airflow/.local/lib/python3.7/site-packages/airflow/example_dags/example_external_task_marker_dag.py
[2023-09-09T02:43:06.655+0000] {logging_mixin.py:120} INFO - [2023-09-09T02:43:06.655+0000] {dag.py:2585} INFO - Sync 2 DAGs
[2023-09-09T02:43:06.674+0000] {logging_mixin.py:120} INFO - [2023-09-09T02:43:06.674+0000] {dag.py:3340} INFO - Setting next_dagrun for example_external_task_marker_child to None, run_after=None
[2023-09-09T02:43:06.677+0000] {logging_mixin.py:120} INFO - [2023-09-09T02:43:06.677+0000] {dag.py:3340} INFO - Setting next_dagrun for example_external_task_marker_parent to None, run_after=None
[2023-09-09T02:43:06.694+0000] {processor.py:176} INFO - Processing /home/airflow/.local/lib/python3.7/site-packages/airflow/example_dags/example_external_task_marker_dag.py took 0.225 seconds
[2023-09-09T02:43:37.259+0000] {processor.py:154} INFO - Started process (PID=978) to work on /home/airflow/.local/lib/python3.7/site-packages/airflow/example_dags/example_external_task_marker_dag.py
[2023-09-09T02:43:37.261+0000] {processor.py:756} INFO - Processing file /home/airflow/.local/lib/python3.7/site-packages/airflow/example_dags/example_external_task_marker_dag.py for tasks to queue
[2023-09-09T02:43:37.261+0000] {logging_mixin.py:120} INFO - [2023-09-09T02:43:37.261+0000] {dagbag.py:537} INFO - Filling up the DagBag from /home/airflow/.local/lib/python3.7/site-packages/airflow/example_dags/example_external_task_marker_dag.py
[2023-09-09T02:43:37.272+0000] {processor.py:766} INFO - DAG(s) dict_keys(['example_external_task_marker_parent', 'example_external_task_marker_child']) retrieved from /home/airflow/.local/lib/python3.7/site-packages/airflow/example_dags/example_external_task_marker_dag.py
[2023-09-09T02:43:37.438+0000] {logging_mixin.py:120} INFO - [2023-09-09T02:43:37.438+0000] {dag.py:2585} INFO - Sync 2 DAGs
[2023-09-09T02:43:37.460+0000] {logging_mixin.py:120} INFO - [2023-09-09T02:43:37.460+0000] {dag.py:3340} INFO - Setting next_dagrun for example_external_task_marker_child to None, run_after=None
[2023-09-09T02:43:37.463+0000] {logging_mixin.py:120} INFO - [2023-09-09T02:43:37.463+0000] {dag.py:3340} INFO - Setting next_dagrun for example_external_task_marker_parent to None, run_after=None
[2023-09-09T02:43:37.482+0000] {processor.py:176} INFO - Processing /home/airflow/.local/lib/python3.7/site-packages/airflow/example_dags/example_external_task_marker_dag.py took 0.225 seconds
[2023-09-09T02:44:07.832+0000] {processor.py:154} INFO - Started process (PID=1043) to work on /home/airflow/.local/lib/python3.7/site-packages/airflow/example_dags/example_external_task_marker_dag.py
[2023-09-09T02:44:07.833+0000] {processor.py:756} INFO - Processing file /home/airflow/.local/lib/python3.7/site-packages/airflow/example_dags/example_external_task_marker_dag.py for tasks to queue
[2023-09-09T02:44:07.834+0000] {logging_mixin.py:120} INFO - [2023-09-09T02:44:07.834+0000] {dagbag.py:537} INFO - Filling up the DagBag from /home/airflow/.local/lib/python3.7/site-packages/airflow/example_dags/example_external_task_marker_dag.py
[2023-09-09T02:44:07.845+0000] {processor.py:766} INFO - DAG(s) dict_keys(['example_external_task_marker_child', 'example_external_task_marker_parent']) retrieved from /home/airflow/.local/lib/python3.7/site-packages/airflow/example_dags/example_external_task_marker_dag.py
[2023-09-09T02:44:08.017+0000] {logging_mixin.py:120} INFO - [2023-09-09T02:44:08.016+0000] {dag.py:2585} INFO - Sync 2 DAGs
[2023-09-09T02:44:08.039+0000] {logging_mixin.py:120} INFO - [2023-09-09T02:44:08.039+0000] {dag.py:3340} INFO - Setting next_dagrun for example_external_task_marker_child to None, run_after=None
[2023-09-09T02:44:08.043+0000] {logging_mixin.py:120} INFO - [2023-09-09T02:44:08.043+0000] {dag.py:3340} INFO - Setting next_dagrun for example_external_task_marker_parent to None, run_after=None
[2023-09-09T02:44:08.067+0000] {processor.py:176} INFO - Processing /home/airflow/.local/lib/python3.7/site-packages/airflow/example_dags/example_external_task_marker_dag.py took 0.237 seconds
[2023-09-09T02:44:38.173+0000] {processor.py:154} INFO - Started process (PID=1118) to work on /home/airflow/.local/lib/python3.7/site-packages/airflow/example_dags/example_external_task_marker_dag.py
[2023-09-09T02:44:38.174+0000] {processor.py:756} INFO - Processing file /home/airflow/.local/lib/python3.7/site-packages/airflow/example_dags/example_external_task_marker_dag.py for tasks to queue
[2023-09-09T02:44:38.175+0000] {logging_mixin.py:120} INFO - [2023-09-09T02:44:38.175+0000] {dagbag.py:537} INFO - Filling up the DagBag from /home/airflow/.local/lib/python3.7/site-packages/airflow/example_dags/example_external_task_marker_dag.py
[2023-09-09T02:44:38.186+0000] {processor.py:766} INFO - DAG(s) dict_keys(['example_external_task_marker_child', 'example_external_task_marker_parent']) retrieved from /home/airflow/.local/lib/python3.7/site-packages/airflow/example_dags/example_external_task_marker_dag.py
[2023-09-09T02:44:38.349+0000] {logging_mixin.py:120} INFO - [2023-09-09T02:44:38.348+0000] {dag.py:2585} INFO - Sync 2 DAGs
[2023-09-09T02:44:38.370+0000] {logging_mixin.py:120} INFO - [2023-09-09T02:44:38.370+0000] {dag.py:3340} INFO - Setting next_dagrun for example_external_task_marker_child to None, run_after=None
[2023-09-09T02:44:38.373+0000] {logging_mixin.py:120} INFO - [2023-09-09T02:44:38.373+0000] {dag.py:3340} INFO - Setting next_dagrun for example_external_task_marker_parent to None, run_after=None
[2023-09-09T02:44:38.391+0000] {processor.py:176} INFO - Processing /home/airflow/.local/lib/python3.7/site-packages/airflow/example_dags/example_external_task_marker_dag.py took 0.221 seconds
[2023-09-09T02:45:08.541+0000] {processor.py:154} INFO - Started process (PID=1191) to work on /home/airflow/.local/lib/python3.7/site-packages/airflow/example_dags/example_external_task_marker_dag.py
[2023-09-09T02:45:08.542+0000] {processor.py:756} INFO - Processing file /home/airflow/.local/lib/python3.7/site-packages/airflow/example_dags/example_external_task_marker_dag.py for tasks to queue
[2023-09-09T02:45:08.542+0000] {logging_mixin.py:120} INFO - [2023-09-09T02:45:08.542+0000] {dagbag.py:537} INFO - Filling up the DagBag from /home/airflow/.local/lib/python3.7/site-packages/airflow/example_dags/example_external_task_marker_dag.py
[2023-09-09T02:45:08.553+0000] {processor.py:766} INFO - DAG(s) dict_keys(['example_external_task_marker_parent', 'example_external_task_marker_child']) retrieved from /home/airflow/.local/lib/python3.7/site-packages/airflow/example_dags/example_external_task_marker_dag.py
[2023-09-09T02:45:08.715+0000] {logging_mixin.py:120} INFO - [2023-09-09T02:45:08.715+0000] {dag.py:2585} INFO - Sync 2 DAGs
[2023-09-09T02:45:08.741+0000] {logging_mixin.py:120} INFO - [2023-09-09T02:45:08.740+0000] {dag.py:3340} INFO - Setting next_dagrun for example_external_task_marker_child to None, run_after=None
[2023-09-09T02:45:08.744+0000] {logging_mixin.py:120} INFO - [2023-09-09T02:45:08.744+0000] {dag.py:3340} INFO - Setting next_dagrun for example_external_task_marker_parent to None, run_after=None
[2023-09-09T02:45:08.764+0000] {processor.py:176} INFO - Processing /home/airflow/.local/lib/python3.7/site-packages/airflow/example_dags/example_external_task_marker_dag.py took 0.226 seconds
