[2023-09-09T02:37:27.830+0000] {processor.py:154} INFO - Started process (PID=74) to work on /home/airflow/.local/lib/python3.7/site-packages/airflow/example_dags/example_python_operator.py
[2023-09-09T02:37:27.831+0000] {processor.py:756} INFO - Processing file /home/airflow/.local/lib/python3.7/site-packages/airflow/example_dags/example_python_operator.py for tasks to queue
[2023-09-09T02:37:27.832+0000] {logging_mixin.py:120} INFO - [2023-09-09T02:37:27.832+0000] {dagbag.py:537} INFO - Filling up the DagBag from /home/airflow/.local/lib/python3.7/site-packages/airflow/example_dags/example_python_operator.py
[2023-09-09T02:37:27.846+0000] {logging_mixin.py:120} INFO - [2023-09-09T02:37:27.846+0000] {taskmixin.py:205} WARNING - Dependency <Task(_PythonDecoratedOperator): print_the_context>, log_sql_query already registered for DAG: example_python_operator
[2023-09-09T02:37:27.846+0000] {logging_mixin.py:120} INFO - [2023-09-09T02:37:27.846+0000] {taskmixin.py:205} WARNING - Dependency <Task(_PythonDecoratedOperator): log_sql_query>, print_the_context already registered for DAG: example_python_operator
[2023-09-09T02:37:27.847+0000] {logging_mixin.py:120} INFO - [2023-09-09T02:37:27.847+0000] {taskmixin.py:205} WARNING - Dependency <Task(_PythonDecoratedOperator): print_the_context>, log_sql_query already registered for DAG: example_python_operator
[2023-09-09T02:37:27.848+0000] {logging_mixin.py:120} INFO - [2023-09-09T02:37:27.848+0000] {taskmixin.py:205} WARNING - Dependency <Task(_PythonDecoratedOperator): log_sql_query>, print_the_context already registered for DAG: example_python_operator
[2023-09-09T02:37:27.849+0000] {logging_mixin.py:120} INFO - [2023-09-09T02:37:27.849+0000] {taskmixin.py:205} WARNING - Dependency <Task(_PythonDecoratedOperator): print_the_context>, log_sql_query already registered for DAG: example_python_operator
[2023-09-09T02:37:27.849+0000] {logging_mixin.py:120} INFO - [2023-09-09T02:37:27.849+0000] {taskmixin.py:205} WARNING - Dependency <Task(_PythonDecoratedOperator): log_sql_query>, print_the_context already registered for DAG: example_python_operator
[2023-09-09T02:37:27.850+0000] {logging_mixin.py:120} INFO - [2023-09-09T02:37:27.850+0000] {taskmixin.py:205} WARNING - Dependency <Task(_PythonDecoratedOperator): print_the_context>, log_sql_query already registered for DAG: example_python_operator
[2023-09-09T02:37:27.850+0000] {logging_mixin.py:120} INFO - [2023-09-09T02:37:27.850+0000] {taskmixin.py:205} WARNING - Dependency <Task(_PythonDecoratedOperator): log_sql_query>, print_the_context already registered for DAG: example_python_operator
[2023-09-09T02:37:27.857+0000] {processor.py:766} INFO - DAG(s) dict_keys(['example_python_operator']) retrieved from /home/airflow/.local/lib/python3.7/site-packages/airflow/example_dags/example_python_operator.py
[2023-09-09T02:37:27.893+0000] {logging_mixin.py:120} INFO - [2023-09-09T02:37:27.893+0000] {dag.py:2585} INFO - Sync 1 DAGs
[2023-09-09T02:37:27.917+0000] {logging_mixin.py:120} INFO - [2023-09-09T02:37:27.917+0000] {dag.py:3340} INFO - Setting next_dagrun for example_python_operator to None, run_after=None
[2023-09-09T02:37:27.936+0000] {processor.py:176} INFO - Processing /home/airflow/.local/lib/python3.7/site-packages/airflow/example_dags/example_python_operator.py took 0.108 seconds
[2023-09-09T02:37:58.532+0000] {processor.py:154} INFO - Started process (PID=148) to work on /home/airflow/.local/lib/python3.7/site-packages/airflow/example_dags/example_python_operator.py
[2023-09-09T02:37:58.533+0000] {processor.py:756} INFO - Processing file /home/airflow/.local/lib/python3.7/site-packages/airflow/example_dags/example_python_operator.py for tasks to queue
[2023-09-09T02:37:58.534+0000] {logging_mixin.py:120} INFO - [2023-09-09T02:37:58.534+0000] {dagbag.py:537} INFO - Filling up the DagBag from /home/airflow/.local/lib/python3.7/site-packages/airflow/example_dags/example_python_operator.py
[2023-09-09T02:37:58.546+0000] {logging_mixin.py:120} INFO - [2023-09-09T02:37:58.546+0000] {taskmixin.py:205} WARNING - Dependency <Task(_PythonDecoratedOperator): print_the_context>, log_sql_query already registered for DAG: example_python_operator
[2023-09-09T02:37:58.546+0000] {logging_mixin.py:120} INFO - [2023-09-09T02:37:58.546+0000] {taskmixin.py:205} WARNING - Dependency <Task(_PythonDecoratedOperator): log_sql_query>, print_the_context already registered for DAG: example_python_operator
[2023-09-09T02:37:58.548+0000] {logging_mixin.py:120} INFO - [2023-09-09T02:37:58.548+0000] {taskmixin.py:205} WARNING - Dependency <Task(_PythonDecoratedOperator): print_the_context>, log_sql_query already registered for DAG: example_python_operator
[2023-09-09T02:37:58.548+0000] {logging_mixin.py:120} INFO - [2023-09-09T02:37:58.548+0000] {taskmixin.py:205} WARNING - Dependency <Task(_PythonDecoratedOperator): log_sql_query>, print_the_context already registered for DAG: example_python_operator
[2023-09-09T02:37:58.549+0000] {logging_mixin.py:120} INFO - [2023-09-09T02:37:58.549+0000] {taskmixin.py:205} WARNING - Dependency <Task(_PythonDecoratedOperator): print_the_context>, log_sql_query already registered for DAG: example_python_operator
[2023-09-09T02:37:58.550+0000] {logging_mixin.py:120} INFO - [2023-09-09T02:37:58.550+0000] {taskmixin.py:205} WARNING - Dependency <Task(_PythonDecoratedOperator): log_sql_query>, print_the_context already registered for DAG: example_python_operator
[2023-09-09T02:37:58.551+0000] {logging_mixin.py:120} INFO - [2023-09-09T02:37:58.550+0000] {taskmixin.py:205} WARNING - Dependency <Task(_PythonDecoratedOperator): print_the_context>, log_sql_query already registered for DAG: example_python_operator
[2023-09-09T02:37:58.551+0000] {logging_mixin.py:120} INFO - [2023-09-09T02:37:58.551+0000] {taskmixin.py:205} WARNING - Dependency <Task(_PythonDecoratedOperator): log_sql_query>, print_the_context already registered for DAG: example_python_operator
[2023-09-09T02:37:58.556+0000] {processor.py:766} INFO - DAG(s) dict_keys(['example_python_operator']) retrieved from /home/airflow/.local/lib/python3.7/site-packages/airflow/example_dags/example_python_operator.py
[2023-09-09T02:37:58.590+0000] {logging_mixin.py:120} INFO - [2023-09-09T02:37:58.590+0000] {dag.py:2585} INFO - Sync 1 DAGs
[2023-09-09T02:37:58.609+0000] {logging_mixin.py:120} INFO - [2023-09-09T02:37:58.609+0000] {dag.py:3340} INFO - Setting next_dagrun for example_python_operator to None, run_after=None
[2023-09-09T02:37:58.626+0000] {processor.py:176} INFO - Processing /home/airflow/.local/lib/python3.7/site-packages/airflow/example_dags/example_python_operator.py took 0.096 seconds
[2023-09-09T02:38:29.067+0000] {processor.py:154} INFO - Started process (PID=223) to work on /home/airflow/.local/lib/python3.7/site-packages/airflow/example_dags/example_python_operator.py
[2023-09-09T02:38:29.068+0000] {processor.py:756} INFO - Processing file /home/airflow/.local/lib/python3.7/site-packages/airflow/example_dags/example_python_operator.py for tasks to queue
[2023-09-09T02:38:29.068+0000] {logging_mixin.py:120} INFO - [2023-09-09T02:38:29.068+0000] {dagbag.py:537} INFO - Filling up the DagBag from /home/airflow/.local/lib/python3.7/site-packages/airflow/example_dags/example_python_operator.py
[2023-09-09T02:38:29.081+0000] {logging_mixin.py:120} INFO - [2023-09-09T02:38:29.081+0000] {taskmixin.py:205} WARNING - Dependency <Task(_PythonDecoratedOperator): print_the_context>, log_sql_query already registered for DAG: example_python_operator
[2023-09-09T02:38:29.082+0000] {logging_mixin.py:120} INFO - [2023-09-09T02:38:29.082+0000] {taskmixin.py:205} WARNING - Dependency <Task(_PythonDecoratedOperator): log_sql_query>, print_the_context already registered for DAG: example_python_operator
[2023-09-09T02:38:29.083+0000] {logging_mixin.py:120} INFO - [2023-09-09T02:38:29.083+0000] {taskmixin.py:205} WARNING - Dependency <Task(_PythonDecoratedOperator): print_the_context>, log_sql_query already registered for DAG: example_python_operator
[2023-09-09T02:38:29.083+0000] {logging_mixin.py:120} INFO - [2023-09-09T02:38:29.083+0000] {taskmixin.py:205} WARNING - Dependency <Task(_PythonDecoratedOperator): log_sql_query>, print_the_context already registered for DAG: example_python_operator
[2023-09-09T02:38:29.084+0000] {logging_mixin.py:120} INFO - [2023-09-09T02:38:29.084+0000] {taskmixin.py:205} WARNING - Dependency <Task(_PythonDecoratedOperator): print_the_context>, log_sql_query already registered for DAG: example_python_operator
[2023-09-09T02:38:29.085+0000] {logging_mixin.py:120} INFO - [2023-09-09T02:38:29.085+0000] {taskmixin.py:205} WARNING - Dependency <Task(_PythonDecoratedOperator): log_sql_query>, print_the_context already registered for DAG: example_python_operator
[2023-09-09T02:38:29.086+0000] {logging_mixin.py:120} INFO - [2023-09-09T02:38:29.085+0000] {taskmixin.py:205} WARNING - Dependency <Task(_PythonDecoratedOperator): print_the_context>, log_sql_query already registered for DAG: example_python_operator
[2023-09-09T02:38:29.086+0000] {logging_mixin.py:120} INFO - [2023-09-09T02:38:29.086+0000] {taskmixin.py:205} WARNING - Dependency <Task(_PythonDecoratedOperator): log_sql_query>, print_the_context already registered for DAG: example_python_operator
[2023-09-09T02:38:29.092+0000] {processor.py:766} INFO - DAG(s) dict_keys(['example_python_operator']) retrieved from /home/airflow/.local/lib/python3.7/site-packages/airflow/example_dags/example_python_operator.py
[2023-09-09T02:38:29.124+0000] {logging_mixin.py:120} INFO - [2023-09-09T02:38:29.124+0000] {dag.py:2585} INFO - Sync 1 DAGs
[2023-09-09T02:38:29.142+0000] {logging_mixin.py:120} INFO - [2023-09-09T02:38:29.142+0000] {dag.py:3340} INFO - Setting next_dagrun for example_python_operator to None, run_after=None
[2023-09-09T02:38:29.162+0000] {processor.py:176} INFO - Processing /home/airflow/.local/lib/python3.7/site-packages/airflow/example_dags/example_python_operator.py took 0.098 seconds
[2023-09-09T02:38:59.675+0000] {processor.py:154} INFO - Started process (PID=297) to work on /home/airflow/.local/lib/python3.7/site-packages/airflow/example_dags/example_python_operator.py
[2023-09-09T02:38:59.676+0000] {processor.py:756} INFO - Processing file /home/airflow/.local/lib/python3.7/site-packages/airflow/example_dags/example_python_operator.py for tasks to queue
[2023-09-09T02:38:59.677+0000] {logging_mixin.py:120} INFO - [2023-09-09T02:38:59.677+0000] {dagbag.py:537} INFO - Filling up the DagBag from /home/airflow/.local/lib/python3.7/site-packages/airflow/example_dags/example_python_operator.py
[2023-09-09T02:38:59.691+0000] {logging_mixin.py:120} INFO - [2023-09-09T02:38:59.691+0000] {taskmixin.py:205} WARNING - Dependency <Task(_PythonDecoratedOperator): print_the_context>, log_sql_query already registered for DAG: example_python_operator
[2023-09-09T02:38:59.692+0000] {logging_mixin.py:120} INFO - [2023-09-09T02:38:59.692+0000] {taskmixin.py:205} WARNING - Dependency <Task(_PythonDecoratedOperator): log_sql_query>, print_the_context already registered for DAG: example_python_operator
[2023-09-09T02:38:59.693+0000] {logging_mixin.py:120} INFO - [2023-09-09T02:38:59.693+0000] {taskmixin.py:205} WARNING - Dependency <Task(_PythonDecoratedOperator): print_the_context>, log_sql_query already registered for DAG: example_python_operator
[2023-09-09T02:38:59.693+0000] {logging_mixin.py:120} INFO - [2023-09-09T02:38:59.693+0000] {taskmixin.py:205} WARNING - Dependency <Task(_PythonDecoratedOperator): log_sql_query>, print_the_context already registered for DAG: example_python_operator
[2023-09-09T02:38:59.694+0000] {logging_mixin.py:120} INFO - [2023-09-09T02:38:59.694+0000] {taskmixin.py:205} WARNING - Dependency <Task(_PythonDecoratedOperator): print_the_context>, log_sql_query already registered for DAG: example_python_operator
[2023-09-09T02:38:59.694+0000] {logging_mixin.py:120} INFO - [2023-09-09T02:38:59.694+0000] {taskmixin.py:205} WARNING - Dependency <Task(_PythonDecoratedOperator): log_sql_query>, print_the_context already registered for DAG: example_python_operator
[2023-09-09T02:38:59.695+0000] {logging_mixin.py:120} INFO - [2023-09-09T02:38:59.695+0000] {taskmixin.py:205} WARNING - Dependency <Task(_PythonDecoratedOperator): print_the_context>, log_sql_query already registered for DAG: example_python_operator
[2023-09-09T02:38:59.695+0000] {logging_mixin.py:120} INFO - [2023-09-09T02:38:59.695+0000] {taskmixin.py:205} WARNING - Dependency <Task(_PythonDecoratedOperator): log_sql_query>, print_the_context already registered for DAG: example_python_operator
[2023-09-09T02:38:59.701+0000] {processor.py:766} INFO - DAG(s) dict_keys(['example_python_operator']) retrieved from /home/airflow/.local/lib/python3.7/site-packages/airflow/example_dags/example_python_operator.py
[2023-09-09T02:38:59.736+0000] {logging_mixin.py:120} INFO - [2023-09-09T02:38:59.736+0000] {dag.py:2585} INFO - Sync 1 DAGs
[2023-09-09T02:38:59.756+0000] {logging_mixin.py:120} INFO - [2023-09-09T02:38:59.756+0000] {dag.py:3340} INFO - Setting next_dagrun for example_python_operator to None, run_after=None
[2023-09-09T02:38:59.776+0000] {processor.py:176} INFO - Processing /home/airflow/.local/lib/python3.7/site-packages/airflow/example_dags/example_python_operator.py took 0.104 seconds
[2023-09-09T02:39:30.141+0000] {processor.py:154} INFO - Started process (PID=362) to work on /home/airflow/.local/lib/python3.7/site-packages/airflow/example_dags/example_python_operator.py
[2023-09-09T02:39:30.142+0000] {processor.py:756} INFO - Processing file /home/airflow/.local/lib/python3.7/site-packages/airflow/example_dags/example_python_operator.py for tasks to queue
[2023-09-09T02:39:30.142+0000] {logging_mixin.py:120} INFO - [2023-09-09T02:39:30.142+0000] {dagbag.py:537} INFO - Filling up the DagBag from /home/airflow/.local/lib/python3.7/site-packages/airflow/example_dags/example_python_operator.py
[2023-09-09T02:39:30.155+0000] {logging_mixin.py:120} INFO - [2023-09-09T02:39:30.155+0000] {taskmixin.py:205} WARNING - Dependency <Task(_PythonDecoratedOperator): print_the_context>, log_sql_query already registered for DAG: example_python_operator
[2023-09-09T02:39:30.156+0000] {logging_mixin.py:120} INFO - [2023-09-09T02:39:30.156+0000] {taskmixin.py:205} WARNING - Dependency <Task(_PythonDecoratedOperator): log_sql_query>, print_the_context already registered for DAG: example_python_operator
[2023-09-09T02:39:30.157+0000] {logging_mixin.py:120} INFO - [2023-09-09T02:39:30.157+0000] {taskmixin.py:205} WARNING - Dependency <Task(_PythonDecoratedOperator): print_the_context>, log_sql_query already registered for DAG: example_python_operator
[2023-09-09T02:39:30.157+0000] {logging_mixin.py:120} INFO - [2023-09-09T02:39:30.157+0000] {taskmixin.py:205} WARNING - Dependency <Task(_PythonDecoratedOperator): log_sql_query>, print_the_context already registered for DAG: example_python_operator
[2023-09-09T02:39:30.158+0000] {logging_mixin.py:120} INFO - [2023-09-09T02:39:30.158+0000] {taskmixin.py:205} WARNING - Dependency <Task(_PythonDecoratedOperator): print_the_context>, log_sql_query already registered for DAG: example_python_operator
[2023-09-09T02:39:30.159+0000] {logging_mixin.py:120} INFO - [2023-09-09T02:39:30.158+0000] {taskmixin.py:205} WARNING - Dependency <Task(_PythonDecoratedOperator): log_sql_query>, print_the_context already registered for DAG: example_python_operator
[2023-09-09T02:39:30.159+0000] {logging_mixin.py:120} INFO - [2023-09-09T02:39:30.159+0000] {taskmixin.py:205} WARNING - Dependency <Task(_PythonDecoratedOperator): print_the_context>, log_sql_query already registered for DAG: example_python_operator
[2023-09-09T02:39:30.160+0000] {logging_mixin.py:120} INFO - [2023-09-09T02:39:30.160+0000] {taskmixin.py:205} WARNING - Dependency <Task(_PythonDecoratedOperator): log_sql_query>, print_the_context already registered for DAG: example_python_operator
[2023-09-09T02:39:30.166+0000] {processor.py:766} INFO - DAG(s) dict_keys(['example_python_operator']) retrieved from /home/airflow/.local/lib/python3.7/site-packages/airflow/example_dags/example_python_operator.py
[2023-09-09T02:39:30.200+0000] {logging_mixin.py:120} INFO - [2023-09-09T02:39:30.199+0000] {dag.py:2585} INFO - Sync 1 DAGs
[2023-09-09T02:39:30.221+0000] {logging_mixin.py:120} INFO - [2023-09-09T02:39:30.221+0000] {dag.py:3340} INFO - Setting next_dagrun for example_python_operator to None, run_after=None
[2023-09-09T02:39:30.241+0000] {processor.py:176} INFO - Processing /home/airflow/.local/lib/python3.7/site-packages/airflow/example_dags/example_python_operator.py took 0.103 seconds
[2023-09-09T02:40:01.183+0000] {processor.py:154} INFO - Started process (PID=436) to work on /home/airflow/.local/lib/python3.7/site-packages/airflow/example_dags/example_python_operator.py
[2023-09-09T02:40:01.184+0000] {processor.py:756} INFO - Processing file /home/airflow/.local/lib/python3.7/site-packages/airflow/example_dags/example_python_operator.py for tasks to queue
[2023-09-09T02:40:01.184+0000] {logging_mixin.py:120} INFO - [2023-09-09T02:40:01.184+0000] {dagbag.py:537} INFO - Filling up the DagBag from /home/airflow/.local/lib/python3.7/site-packages/airflow/example_dags/example_python_operator.py
[2023-09-09T02:40:01.195+0000] {logging_mixin.py:120} INFO - [2023-09-09T02:40:01.195+0000] {taskmixin.py:205} WARNING - Dependency <Task(_PythonDecoratedOperator): print_the_context>, log_sql_query already registered for DAG: example_python_operator
[2023-09-09T02:40:01.196+0000] {logging_mixin.py:120} INFO - [2023-09-09T02:40:01.196+0000] {taskmixin.py:205} WARNING - Dependency <Task(_PythonDecoratedOperator): log_sql_query>, print_the_context already registered for DAG: example_python_operator
[2023-09-09T02:40:01.197+0000] {logging_mixin.py:120} INFO - [2023-09-09T02:40:01.197+0000] {taskmixin.py:205} WARNING - Dependency <Task(_PythonDecoratedOperator): print_the_context>, log_sql_query already registered for DAG: example_python_operator
[2023-09-09T02:40:01.198+0000] {logging_mixin.py:120} INFO - [2023-09-09T02:40:01.198+0000] {taskmixin.py:205} WARNING - Dependency <Task(_PythonDecoratedOperator): log_sql_query>, print_the_context already registered for DAG: example_python_operator
[2023-09-09T02:40:01.199+0000] {logging_mixin.py:120} INFO - [2023-09-09T02:40:01.199+0000] {taskmixin.py:205} WARNING - Dependency <Task(_PythonDecoratedOperator): print_the_context>, log_sql_query already registered for DAG: example_python_operator
[2023-09-09T02:40:01.199+0000] {logging_mixin.py:120} INFO - [2023-09-09T02:40:01.199+0000] {taskmixin.py:205} WARNING - Dependency <Task(_PythonDecoratedOperator): log_sql_query>, print_the_context already registered for DAG: example_python_operator
[2023-09-09T02:40:01.200+0000] {logging_mixin.py:120} INFO - [2023-09-09T02:40:01.200+0000] {taskmixin.py:205} WARNING - Dependency <Task(_PythonDecoratedOperator): print_the_context>, log_sql_query already registered for DAG: example_python_operator
[2023-09-09T02:40:01.200+0000] {logging_mixin.py:120} INFO - [2023-09-09T02:40:01.200+0000] {taskmixin.py:205} WARNING - Dependency <Task(_PythonDecoratedOperator): log_sql_query>, print_the_context already registered for DAG: example_python_operator
[2023-09-09T02:40:01.205+0000] {processor.py:766} INFO - DAG(s) dict_keys(['example_python_operator']) retrieved from /home/airflow/.local/lib/python3.7/site-packages/airflow/example_dags/example_python_operator.py
[2023-09-09T02:40:01.238+0000] {logging_mixin.py:120} INFO - [2023-09-09T02:40:01.238+0000] {dag.py:2585} INFO - Sync 1 DAGs
[2023-09-09T02:40:01.255+0000] {logging_mixin.py:120} INFO - [2023-09-09T02:40:01.255+0000] {dag.py:3340} INFO - Setting next_dagrun for example_python_operator to None, run_after=None
[2023-09-09T02:40:01.273+0000] {processor.py:176} INFO - Processing /home/airflow/.local/lib/python3.7/site-packages/airflow/example_dags/example_python_operator.py took 0.093 seconds
[2023-09-09T02:40:31.661+0000] {processor.py:154} INFO - Started process (PID=510) to work on /home/airflow/.local/lib/python3.7/site-packages/airflow/example_dags/example_python_operator.py
[2023-09-09T02:40:31.662+0000] {processor.py:756} INFO - Processing file /home/airflow/.local/lib/python3.7/site-packages/airflow/example_dags/example_python_operator.py for tasks to queue
[2023-09-09T02:40:31.663+0000] {logging_mixin.py:120} INFO - [2023-09-09T02:40:31.663+0000] {dagbag.py:537} INFO - Filling up the DagBag from /home/airflow/.local/lib/python3.7/site-packages/airflow/example_dags/example_python_operator.py
[2023-09-09T02:40:31.675+0000] {logging_mixin.py:120} INFO - [2023-09-09T02:40:31.674+0000] {taskmixin.py:205} WARNING - Dependency <Task(_PythonDecoratedOperator): print_the_context>, log_sql_query already registered for DAG: example_python_operator
[2023-09-09T02:40:31.675+0000] {logging_mixin.py:120} INFO - [2023-09-09T02:40:31.675+0000] {taskmixin.py:205} WARNING - Dependency <Task(_PythonDecoratedOperator): log_sql_query>, print_the_context already registered for DAG: example_python_operator
[2023-09-09T02:40:31.676+0000] {logging_mixin.py:120} INFO - [2023-09-09T02:40:31.676+0000] {taskmixin.py:205} WARNING - Dependency <Task(_PythonDecoratedOperator): print_the_context>, log_sql_query already registered for DAG: example_python_operator
[2023-09-09T02:40:31.676+0000] {logging_mixin.py:120} INFO - [2023-09-09T02:40:31.676+0000] {taskmixin.py:205} WARNING - Dependency <Task(_PythonDecoratedOperator): log_sql_query>, print_the_context already registered for DAG: example_python_operator
[2023-09-09T02:40:31.677+0000] {logging_mixin.py:120} INFO - [2023-09-09T02:40:31.677+0000] {taskmixin.py:205} WARNING - Dependency <Task(_PythonDecoratedOperator): print_the_context>, log_sql_query already registered for DAG: example_python_operator
[2023-09-09T02:40:31.677+0000] {logging_mixin.py:120} INFO - [2023-09-09T02:40:31.677+0000] {taskmixin.py:205} WARNING - Dependency <Task(_PythonDecoratedOperator): log_sql_query>, print_the_context already registered for DAG: example_python_operator
[2023-09-09T02:40:31.678+0000] {logging_mixin.py:120} INFO - [2023-09-09T02:40:31.677+0000] {taskmixin.py:205} WARNING - Dependency <Task(_PythonDecoratedOperator): print_the_context>, log_sql_query already registered for DAG: example_python_operator
[2023-09-09T02:40:31.678+0000] {logging_mixin.py:120} INFO - [2023-09-09T02:40:31.678+0000] {taskmixin.py:205} WARNING - Dependency <Task(_PythonDecoratedOperator): log_sql_query>, print_the_context already registered for DAG: example_python_operator
[2023-09-09T02:40:31.683+0000] {processor.py:766} INFO - DAG(s) dict_keys(['example_python_operator']) retrieved from /home/airflow/.local/lib/python3.7/site-packages/airflow/example_dags/example_python_operator.py
[2023-09-09T02:40:31.716+0000] {logging_mixin.py:120} INFO - [2023-09-09T02:40:31.716+0000] {dag.py:2585} INFO - Sync 1 DAGs
[2023-09-09T02:40:31.736+0000] {logging_mixin.py:120} INFO - [2023-09-09T02:40:31.736+0000] {dag.py:3340} INFO - Setting next_dagrun for example_python_operator to None, run_after=None
[2023-09-09T02:40:31.757+0000] {processor.py:176} INFO - Processing /home/airflow/.local/lib/python3.7/site-packages/airflow/example_dags/example_python_operator.py took 0.098 seconds
[2023-09-09T02:41:02.042+0000] {processor.py:154} INFO - Started process (PID=584) to work on /home/airflow/.local/lib/python3.7/site-packages/airflow/example_dags/example_python_operator.py
[2023-09-09T02:41:02.043+0000] {processor.py:756} INFO - Processing file /home/airflow/.local/lib/python3.7/site-packages/airflow/example_dags/example_python_operator.py for tasks to queue
[2023-09-09T02:41:02.043+0000] {logging_mixin.py:120} INFO - [2023-09-09T02:41:02.043+0000] {dagbag.py:537} INFO - Filling up the DagBag from /home/airflow/.local/lib/python3.7/site-packages/airflow/example_dags/example_python_operator.py
[2023-09-09T02:41:02.056+0000] {logging_mixin.py:120} INFO - [2023-09-09T02:41:02.056+0000] {taskmixin.py:205} WARNING - Dependency <Task(_PythonDecoratedOperator): print_the_context>, log_sql_query already registered for DAG: example_python_operator
[2023-09-09T02:41:02.056+0000] {logging_mixin.py:120} INFO - [2023-09-09T02:41:02.056+0000] {taskmixin.py:205} WARNING - Dependency <Task(_PythonDecoratedOperator): log_sql_query>, print_the_context already registered for DAG: example_python_operator
[2023-09-09T02:41:02.057+0000] {logging_mixin.py:120} INFO - [2023-09-09T02:41:02.057+0000] {taskmixin.py:205} WARNING - Dependency <Task(_PythonDecoratedOperator): print_the_context>, log_sql_query already registered for DAG: example_python_operator
[2023-09-09T02:41:02.058+0000] {logging_mixin.py:120} INFO - [2023-09-09T02:41:02.058+0000] {taskmixin.py:205} WARNING - Dependency <Task(_PythonDecoratedOperator): log_sql_query>, print_the_context already registered for DAG: example_python_operator
[2023-09-09T02:41:02.058+0000] {logging_mixin.py:120} INFO - [2023-09-09T02:41:02.058+0000] {taskmixin.py:205} WARNING - Dependency <Task(_PythonDecoratedOperator): print_the_context>, log_sql_query already registered for DAG: example_python_operator
[2023-09-09T02:41:02.059+0000] {logging_mixin.py:120} INFO - [2023-09-09T02:41:02.059+0000] {taskmixin.py:205} WARNING - Dependency <Task(_PythonDecoratedOperator): log_sql_query>, print_the_context already registered for DAG: example_python_operator
[2023-09-09T02:41:02.060+0000] {logging_mixin.py:120} INFO - [2023-09-09T02:41:02.060+0000] {taskmixin.py:205} WARNING - Dependency <Task(_PythonDecoratedOperator): print_the_context>, log_sql_query already registered for DAG: example_python_operator
[2023-09-09T02:41:02.060+0000] {logging_mixin.py:120} INFO - [2023-09-09T02:41:02.060+0000] {taskmixin.py:205} WARNING - Dependency <Task(_PythonDecoratedOperator): log_sql_query>, print_the_context already registered for DAG: example_python_operator
[2023-09-09T02:41:02.068+0000] {processor.py:766} INFO - DAG(s) dict_keys(['example_python_operator']) retrieved from /home/airflow/.local/lib/python3.7/site-packages/airflow/example_dags/example_python_operator.py
[2023-09-09T02:41:02.103+0000] {logging_mixin.py:120} INFO - [2023-09-09T02:41:02.102+0000] {dag.py:2585} INFO - Sync 1 DAGs
[2023-09-09T02:41:02.126+0000] {logging_mixin.py:120} INFO - [2023-09-09T02:41:02.126+0000] {dag.py:3340} INFO - Setting next_dagrun for example_python_operator to None, run_after=None
[2023-09-09T02:41:02.148+0000] {processor.py:176} INFO - Processing /home/airflow/.local/lib/python3.7/site-packages/airflow/example_dags/example_python_operator.py took 0.108 seconds
[2023-09-09T02:41:32.783+0000] {processor.py:154} INFO - Started process (PID=658) to work on /home/airflow/.local/lib/python3.7/site-packages/airflow/example_dags/example_python_operator.py
[2023-09-09T02:41:32.784+0000] {processor.py:756} INFO - Processing file /home/airflow/.local/lib/python3.7/site-packages/airflow/example_dags/example_python_operator.py for tasks to queue
[2023-09-09T02:41:32.785+0000] {logging_mixin.py:120} INFO - [2023-09-09T02:41:32.784+0000] {dagbag.py:537} INFO - Filling up the DagBag from /home/airflow/.local/lib/python3.7/site-packages/airflow/example_dags/example_python_operator.py
[2023-09-09T02:41:32.797+0000] {logging_mixin.py:120} INFO - [2023-09-09T02:41:32.797+0000] {taskmixin.py:205} WARNING - Dependency <Task(_PythonDecoratedOperator): print_the_context>, log_sql_query already registered for DAG: example_python_operator
[2023-09-09T02:41:32.798+0000] {logging_mixin.py:120} INFO - [2023-09-09T02:41:32.798+0000] {taskmixin.py:205} WARNING - Dependency <Task(_PythonDecoratedOperator): log_sql_query>, print_the_context already registered for DAG: example_python_operator
[2023-09-09T02:41:32.799+0000] {logging_mixin.py:120} INFO - [2023-09-09T02:41:32.799+0000] {taskmixin.py:205} WARNING - Dependency <Task(_PythonDecoratedOperator): print_the_context>, log_sql_query already registered for DAG: example_python_operator
[2023-09-09T02:41:32.799+0000] {logging_mixin.py:120} INFO - [2023-09-09T02:41:32.799+0000] {taskmixin.py:205} WARNING - Dependency <Task(_PythonDecoratedOperator): log_sql_query>, print_the_context already registered for DAG: example_python_operator
[2023-09-09T02:41:32.800+0000] {logging_mixin.py:120} INFO - [2023-09-09T02:41:32.800+0000] {taskmixin.py:205} WARNING - Dependency <Task(_PythonDecoratedOperator): print_the_context>, log_sql_query already registered for DAG: example_python_operator
[2023-09-09T02:41:32.800+0000] {logging_mixin.py:120} INFO - [2023-09-09T02:41:32.800+0000] {taskmixin.py:205} WARNING - Dependency <Task(_PythonDecoratedOperator): log_sql_query>, print_the_context already registered for DAG: example_python_operator
[2023-09-09T02:41:32.801+0000] {logging_mixin.py:120} INFO - [2023-09-09T02:41:32.801+0000] {taskmixin.py:205} WARNING - Dependency <Task(_PythonDecoratedOperator): print_the_context>, log_sql_query already registered for DAG: example_python_operator
[2023-09-09T02:41:32.801+0000] {logging_mixin.py:120} INFO - [2023-09-09T02:41:32.801+0000] {taskmixin.py:205} WARNING - Dependency <Task(_PythonDecoratedOperator): log_sql_query>, print_the_context already registered for DAG: example_python_operator
[2023-09-09T02:41:32.807+0000] {processor.py:766} INFO - DAG(s) dict_keys(['example_python_operator']) retrieved from /home/airflow/.local/lib/python3.7/site-packages/airflow/example_dags/example_python_operator.py
[2023-09-09T02:41:32.852+0000] {logging_mixin.py:120} INFO - [2023-09-09T02:41:32.852+0000] {dag.py:2585} INFO - Sync 1 DAGs
[2023-09-09T02:41:32.883+0000] {logging_mixin.py:120} INFO - [2023-09-09T02:41:32.883+0000] {dag.py:3340} INFO - Setting next_dagrun for example_python_operator to None, run_after=None
[2023-09-09T02:41:32.908+0000] {processor.py:176} INFO - Processing /home/airflow/.local/lib/python3.7/site-packages/airflow/example_dags/example_python_operator.py took 0.128 seconds
[2023-09-09T02:42:03.325+0000] {processor.py:154} INFO - Started process (PID=733) to work on /home/airflow/.local/lib/python3.7/site-packages/airflow/example_dags/example_python_operator.py
[2023-09-09T02:42:03.326+0000] {processor.py:756} INFO - Processing file /home/airflow/.local/lib/python3.7/site-packages/airflow/example_dags/example_python_operator.py for tasks to queue
[2023-09-09T02:42:03.327+0000] {logging_mixin.py:120} INFO - [2023-09-09T02:42:03.327+0000] {dagbag.py:537} INFO - Filling up the DagBag from /home/airflow/.local/lib/python3.7/site-packages/airflow/example_dags/example_python_operator.py
[2023-09-09T02:42:03.340+0000] {logging_mixin.py:120} INFO - [2023-09-09T02:42:03.340+0000] {taskmixin.py:205} WARNING - Dependency <Task(_PythonDecoratedOperator): print_the_context>, log_sql_query already registered for DAG: example_python_operator
[2023-09-09T02:42:03.341+0000] {logging_mixin.py:120} INFO - [2023-09-09T02:42:03.341+0000] {taskmixin.py:205} WARNING - Dependency <Task(_PythonDecoratedOperator): log_sql_query>, print_the_context already registered for DAG: example_python_operator
[2023-09-09T02:42:03.342+0000] {logging_mixin.py:120} INFO - [2023-09-09T02:42:03.341+0000] {taskmixin.py:205} WARNING - Dependency <Task(_PythonDecoratedOperator): print_the_context>, log_sql_query already registered for DAG: example_python_operator
[2023-09-09T02:42:03.342+0000] {logging_mixin.py:120} INFO - [2023-09-09T02:42:03.342+0000] {taskmixin.py:205} WARNING - Dependency <Task(_PythonDecoratedOperator): log_sql_query>, print_the_context already registered for DAG: example_python_operator
[2023-09-09T02:42:03.343+0000] {logging_mixin.py:120} INFO - [2023-09-09T02:42:03.343+0000] {taskmixin.py:205} WARNING - Dependency <Task(_PythonDecoratedOperator): print_the_context>, log_sql_query already registered for DAG: example_python_operator
[2023-09-09T02:42:03.343+0000] {logging_mixin.py:120} INFO - [2023-09-09T02:42:03.343+0000] {taskmixin.py:205} WARNING - Dependency <Task(_PythonDecoratedOperator): log_sql_query>, print_the_context already registered for DAG: example_python_operator
[2023-09-09T02:42:03.344+0000] {logging_mixin.py:120} INFO - [2023-09-09T02:42:03.344+0000] {taskmixin.py:205} WARNING - Dependency <Task(_PythonDecoratedOperator): print_the_context>, log_sql_query already registered for DAG: example_python_operator
[2023-09-09T02:42:03.345+0000] {logging_mixin.py:120} INFO - [2023-09-09T02:42:03.345+0000] {taskmixin.py:205} WARNING - Dependency <Task(_PythonDecoratedOperator): log_sql_query>, print_the_context already registered for DAG: example_python_operator
[2023-09-09T02:42:03.351+0000] {processor.py:766} INFO - DAG(s) dict_keys(['example_python_operator']) retrieved from /home/airflow/.local/lib/python3.7/site-packages/airflow/example_dags/example_python_operator.py
[2023-09-09T02:42:03.386+0000] {logging_mixin.py:120} INFO - [2023-09-09T02:42:03.386+0000] {dag.py:2585} INFO - Sync 1 DAGs
[2023-09-09T02:42:03.406+0000] {logging_mixin.py:120} INFO - [2023-09-09T02:42:03.406+0000] {dag.py:3340} INFO - Setting next_dagrun for example_python_operator to None, run_after=None
[2023-09-09T02:42:03.428+0000] {processor.py:176} INFO - Processing /home/airflow/.local/lib/python3.7/site-packages/airflow/example_dags/example_python_operator.py took 0.106 seconds
[2023-09-09T02:42:33.925+0000] {processor.py:154} INFO - Started process (PID=811) to work on /home/airflow/.local/lib/python3.7/site-packages/airflow/example_dags/example_python_operator.py
[2023-09-09T02:42:33.926+0000] {processor.py:756} INFO - Processing file /home/airflow/.local/lib/python3.7/site-packages/airflow/example_dags/example_python_operator.py for tasks to queue
[2023-09-09T02:42:33.927+0000] {logging_mixin.py:120} INFO - [2023-09-09T02:42:33.927+0000] {dagbag.py:537} INFO - Filling up the DagBag from /home/airflow/.local/lib/python3.7/site-packages/airflow/example_dags/example_python_operator.py
[2023-09-09T02:42:33.939+0000] {logging_mixin.py:120} INFO - [2023-09-09T02:42:33.939+0000] {taskmixin.py:205} WARNING - Dependency <Task(_PythonDecoratedOperator): print_the_context>, log_sql_query already registered for DAG: example_python_operator
[2023-09-09T02:42:33.940+0000] {logging_mixin.py:120} INFO - [2023-09-09T02:42:33.940+0000] {taskmixin.py:205} WARNING - Dependency <Task(_PythonDecoratedOperator): log_sql_query>, print_the_context already registered for DAG: example_python_operator
[2023-09-09T02:42:33.940+0000] {logging_mixin.py:120} INFO - [2023-09-09T02:42:33.940+0000] {taskmixin.py:205} WARNING - Dependency <Task(_PythonDecoratedOperator): print_the_context>, log_sql_query already registered for DAG: example_python_operator
[2023-09-09T02:42:33.941+0000] {logging_mixin.py:120} INFO - [2023-09-09T02:42:33.941+0000] {taskmixin.py:205} WARNING - Dependency <Task(_PythonDecoratedOperator): log_sql_query>, print_the_context already registered for DAG: example_python_operator
[2023-09-09T02:42:33.942+0000] {logging_mixin.py:120} INFO - [2023-09-09T02:42:33.942+0000] {taskmixin.py:205} WARNING - Dependency <Task(_PythonDecoratedOperator): print_the_context>, log_sql_query already registered for DAG: example_python_operator
[2023-09-09T02:42:33.942+0000] {logging_mixin.py:120} INFO - [2023-09-09T02:42:33.942+0000] {taskmixin.py:205} WARNING - Dependency <Task(_PythonDecoratedOperator): log_sql_query>, print_the_context already registered for DAG: example_python_operator
[2023-09-09T02:42:33.943+0000] {logging_mixin.py:120} INFO - [2023-09-09T02:42:33.943+0000] {taskmixin.py:205} WARNING - Dependency <Task(_PythonDecoratedOperator): print_the_context>, log_sql_query already registered for DAG: example_python_operator
[2023-09-09T02:42:33.943+0000] {logging_mixin.py:120} INFO - [2023-09-09T02:42:33.943+0000] {taskmixin.py:205} WARNING - Dependency <Task(_PythonDecoratedOperator): log_sql_query>, print_the_context already registered for DAG: example_python_operator
[2023-09-09T02:42:33.949+0000] {processor.py:766} INFO - DAG(s) dict_keys(['example_python_operator']) retrieved from /home/airflow/.local/lib/python3.7/site-packages/airflow/example_dags/example_python_operator.py
[2023-09-09T02:42:33.983+0000] {logging_mixin.py:120} INFO - [2023-09-09T02:42:33.983+0000] {dag.py:2585} INFO - Sync 1 DAGs
[2023-09-09T02:42:34.002+0000] {logging_mixin.py:120} INFO - [2023-09-09T02:42:34.002+0000] {dag.py:3340} INFO - Setting next_dagrun for example_python_operator to None, run_after=None
[2023-09-09T02:42:34.021+0000] {processor.py:176} INFO - Processing /home/airflow/.local/lib/python3.7/site-packages/airflow/example_dags/example_python_operator.py took 0.098 seconds
[2023-09-09T02:43:04.370+0000] {processor.py:154} INFO - Started process (PID=889) to work on /home/airflow/.local/lib/python3.7/site-packages/airflow/example_dags/example_python_operator.py
[2023-09-09T02:43:04.371+0000] {processor.py:756} INFO - Processing file /home/airflow/.local/lib/python3.7/site-packages/airflow/example_dags/example_python_operator.py for tasks to queue
[2023-09-09T02:43:04.372+0000] {logging_mixin.py:120} INFO - [2023-09-09T02:43:04.372+0000] {dagbag.py:537} INFO - Filling up the DagBag from /home/airflow/.local/lib/python3.7/site-packages/airflow/example_dags/example_python_operator.py
[2023-09-09T02:43:04.385+0000] {logging_mixin.py:120} INFO - [2023-09-09T02:43:04.384+0000] {taskmixin.py:205} WARNING - Dependency <Task(_PythonDecoratedOperator): print_the_context>, log_sql_query already registered for DAG: example_python_operator
[2023-09-09T02:43:04.385+0000] {logging_mixin.py:120} INFO - [2023-09-09T02:43:04.385+0000] {taskmixin.py:205} WARNING - Dependency <Task(_PythonDecoratedOperator): log_sql_query>, print_the_context already registered for DAG: example_python_operator
[2023-09-09T02:43:04.386+0000] {logging_mixin.py:120} INFO - [2023-09-09T02:43:04.386+0000] {taskmixin.py:205} WARNING - Dependency <Task(_PythonDecoratedOperator): print_the_context>, log_sql_query already registered for DAG: example_python_operator
[2023-09-09T02:43:04.386+0000] {logging_mixin.py:120} INFO - [2023-09-09T02:43:04.386+0000] {taskmixin.py:205} WARNING - Dependency <Task(_PythonDecoratedOperator): log_sql_query>, print_the_context already registered for DAG: example_python_operator
[2023-09-09T02:43:04.387+0000] {logging_mixin.py:120} INFO - [2023-09-09T02:43:04.387+0000] {taskmixin.py:205} WARNING - Dependency <Task(_PythonDecoratedOperator): print_the_context>, log_sql_query already registered for DAG: example_python_operator
[2023-09-09T02:43:04.387+0000] {logging_mixin.py:120} INFO - [2023-09-09T02:43:04.387+0000] {taskmixin.py:205} WARNING - Dependency <Task(_PythonDecoratedOperator): log_sql_query>, print_the_context already registered for DAG: example_python_operator
[2023-09-09T02:43:04.388+0000] {logging_mixin.py:120} INFO - [2023-09-09T02:43:04.388+0000] {taskmixin.py:205} WARNING - Dependency <Task(_PythonDecoratedOperator): print_the_context>, log_sql_query already registered for DAG: example_python_operator
[2023-09-09T02:43:04.388+0000] {logging_mixin.py:120} INFO - [2023-09-09T02:43:04.388+0000] {taskmixin.py:205} WARNING - Dependency <Task(_PythonDecoratedOperator): log_sql_query>, print_the_context already registered for DAG: example_python_operator
[2023-09-09T02:43:04.393+0000] {processor.py:766} INFO - DAG(s) dict_keys(['example_python_operator']) retrieved from /home/airflow/.local/lib/python3.7/site-packages/airflow/example_dags/example_python_operator.py
[2023-09-09T02:43:04.423+0000] {logging_mixin.py:120} INFO - [2023-09-09T02:43:04.423+0000] {dag.py:2585} INFO - Sync 1 DAGs
[2023-09-09T02:43:04.440+0000] {logging_mixin.py:120} INFO - [2023-09-09T02:43:04.440+0000] {dag.py:3340} INFO - Setting next_dagrun for example_python_operator to None, run_after=None
[2023-09-09T02:43:04.457+0000] {processor.py:176} INFO - Processing /home/airflow/.local/lib/python3.7/site-packages/airflow/example_dags/example_python_operator.py took 0.090 seconds
[2023-09-09T02:43:34.907+0000] {processor.py:154} INFO - Started process (PID=953) to work on /home/airflow/.local/lib/python3.7/site-packages/airflow/example_dags/example_python_operator.py
[2023-09-09T02:43:34.908+0000] {processor.py:756} INFO - Processing file /home/airflow/.local/lib/python3.7/site-packages/airflow/example_dags/example_python_operator.py for tasks to queue
[2023-09-09T02:43:34.908+0000] {logging_mixin.py:120} INFO - [2023-09-09T02:43:34.908+0000] {dagbag.py:537} INFO - Filling up the DagBag from /home/airflow/.local/lib/python3.7/site-packages/airflow/example_dags/example_python_operator.py
[2023-09-09T02:43:34.921+0000] {logging_mixin.py:120} INFO - [2023-09-09T02:43:34.921+0000] {taskmixin.py:205} WARNING - Dependency <Task(_PythonDecoratedOperator): print_the_context>, log_sql_query already registered for DAG: example_python_operator
[2023-09-09T02:43:34.921+0000] {logging_mixin.py:120} INFO - [2023-09-09T02:43:34.921+0000] {taskmixin.py:205} WARNING - Dependency <Task(_PythonDecoratedOperator): log_sql_query>, print_the_context already registered for DAG: example_python_operator
[2023-09-09T02:43:34.922+0000] {logging_mixin.py:120} INFO - [2023-09-09T02:43:34.922+0000] {taskmixin.py:205} WARNING - Dependency <Task(_PythonDecoratedOperator): print_the_context>, log_sql_query already registered for DAG: example_python_operator
[2023-09-09T02:43:34.923+0000] {logging_mixin.py:120} INFO - [2023-09-09T02:43:34.922+0000] {taskmixin.py:205} WARNING - Dependency <Task(_PythonDecoratedOperator): log_sql_query>, print_the_context already registered for DAG: example_python_operator
[2023-09-09T02:43:34.923+0000] {logging_mixin.py:120} INFO - [2023-09-09T02:43:34.923+0000] {taskmixin.py:205} WARNING - Dependency <Task(_PythonDecoratedOperator): print_the_context>, log_sql_query already registered for DAG: example_python_operator
[2023-09-09T02:43:34.924+0000] {logging_mixin.py:120} INFO - [2023-09-09T02:43:34.924+0000] {taskmixin.py:205} WARNING - Dependency <Task(_PythonDecoratedOperator): log_sql_query>, print_the_context already registered for DAG: example_python_operator
[2023-09-09T02:43:34.924+0000] {logging_mixin.py:120} INFO - [2023-09-09T02:43:34.924+0000] {taskmixin.py:205} WARNING - Dependency <Task(_PythonDecoratedOperator): print_the_context>, log_sql_query already registered for DAG: example_python_operator
[2023-09-09T02:43:34.925+0000] {logging_mixin.py:120} INFO - [2023-09-09T02:43:34.925+0000] {taskmixin.py:205} WARNING - Dependency <Task(_PythonDecoratedOperator): log_sql_query>, print_the_context already registered for DAG: example_python_operator
[2023-09-09T02:43:34.931+0000] {processor.py:766} INFO - DAG(s) dict_keys(['example_python_operator']) retrieved from /home/airflow/.local/lib/python3.7/site-packages/airflow/example_dags/example_python_operator.py
[2023-09-09T02:43:35.048+0000] {logging_mixin.py:120} INFO - [2023-09-09T02:43:35.048+0000] {dag.py:2585} INFO - Sync 1 DAGs
[2023-09-09T02:43:35.070+0000] {logging_mixin.py:120} INFO - [2023-09-09T02:43:35.070+0000] {dag.py:3340} INFO - Setting next_dagrun for example_python_operator to None, run_after=None
[2023-09-09T02:43:35.090+0000] {processor.py:176} INFO - Processing /home/airflow/.local/lib/python3.7/site-packages/airflow/example_dags/example_python_operator.py took 0.186 seconds
[2023-09-09T02:44:06.050+0000] {processor.py:154} INFO - Started process (PID=1027) to work on /home/airflow/.local/lib/python3.7/site-packages/airflow/example_dags/example_python_operator.py
[2023-09-09T02:44:06.051+0000] {processor.py:756} INFO - Processing file /home/airflow/.local/lib/python3.7/site-packages/airflow/example_dags/example_python_operator.py for tasks to queue
[2023-09-09T02:44:06.052+0000] {logging_mixin.py:120} INFO - [2023-09-09T02:44:06.052+0000] {dagbag.py:537} INFO - Filling up the DagBag from /home/airflow/.local/lib/python3.7/site-packages/airflow/example_dags/example_python_operator.py
[2023-09-09T02:44:06.066+0000] {logging_mixin.py:120} INFO - [2023-09-09T02:44:06.066+0000] {taskmixin.py:205} WARNING - Dependency <Task(_PythonDecoratedOperator): print_the_context>, log_sql_query already registered for DAG: example_python_operator
[2023-09-09T02:44:06.067+0000] {logging_mixin.py:120} INFO - [2023-09-09T02:44:06.067+0000] {taskmixin.py:205} WARNING - Dependency <Task(_PythonDecoratedOperator): log_sql_query>, print_the_context already registered for DAG: example_python_operator
[2023-09-09T02:44:06.068+0000] {logging_mixin.py:120} INFO - [2023-09-09T02:44:06.068+0000] {taskmixin.py:205} WARNING - Dependency <Task(_PythonDecoratedOperator): print_the_context>, log_sql_query already registered for DAG: example_python_operator
[2023-09-09T02:44:06.069+0000] {logging_mixin.py:120} INFO - [2023-09-09T02:44:06.069+0000] {taskmixin.py:205} WARNING - Dependency <Task(_PythonDecoratedOperator): log_sql_query>, print_the_context already registered for DAG: example_python_operator
[2023-09-09T02:44:06.070+0000] {logging_mixin.py:120} INFO - [2023-09-09T02:44:06.070+0000] {taskmixin.py:205} WARNING - Dependency <Task(_PythonDecoratedOperator): print_the_context>, log_sql_query already registered for DAG: example_python_operator
[2023-09-09T02:44:06.070+0000] {logging_mixin.py:120} INFO - [2023-09-09T02:44:06.070+0000] {taskmixin.py:205} WARNING - Dependency <Task(_PythonDecoratedOperator): log_sql_query>, print_the_context already registered for DAG: example_python_operator
[2023-09-09T02:44:06.071+0000] {logging_mixin.py:120} INFO - [2023-09-09T02:44:06.071+0000] {taskmixin.py:205} WARNING - Dependency <Task(_PythonDecoratedOperator): print_the_context>, log_sql_query already registered for DAG: example_python_operator
[2023-09-09T02:44:06.071+0000] {logging_mixin.py:120} INFO - [2023-09-09T02:44:06.071+0000] {taskmixin.py:205} WARNING - Dependency <Task(_PythonDecoratedOperator): log_sql_query>, print_the_context already registered for DAG: example_python_operator
[2023-09-09T02:44:06.079+0000] {processor.py:766} INFO - DAG(s) dict_keys(['example_python_operator']) retrieved from /home/airflow/.local/lib/python3.7/site-packages/airflow/example_dags/example_python_operator.py
[2023-09-09T02:44:06.114+0000] {logging_mixin.py:120} INFO - [2023-09-09T02:44:06.114+0000] {dag.py:2585} INFO - Sync 1 DAGs
[2023-09-09T02:44:06.134+0000] {logging_mixin.py:120} INFO - [2023-09-09T02:44:06.134+0000] {dag.py:3340} INFO - Setting next_dagrun for example_python_operator to None, run_after=None
[2023-09-09T02:44:06.159+0000] {processor.py:176} INFO - Processing /home/airflow/.local/lib/python3.7/site-packages/airflow/example_dags/example_python_operator.py took 0.113 seconds
[2023-09-09T02:44:36.272+0000] {processor.py:154} INFO - Started process (PID=1101) to work on /home/airflow/.local/lib/python3.7/site-packages/airflow/example_dags/example_python_operator.py
[2023-09-09T02:44:36.273+0000] {processor.py:756} INFO - Processing file /home/airflow/.local/lib/python3.7/site-packages/airflow/example_dags/example_python_operator.py for tasks to queue
[2023-09-09T02:44:36.274+0000] {logging_mixin.py:120} INFO - [2023-09-09T02:44:36.274+0000] {dagbag.py:537} INFO - Filling up the DagBag from /home/airflow/.local/lib/python3.7/site-packages/airflow/example_dags/example_python_operator.py
[2023-09-09T02:44:36.285+0000] {logging_mixin.py:120} INFO - [2023-09-09T02:44:36.285+0000] {taskmixin.py:205} WARNING - Dependency <Task(_PythonDecoratedOperator): print_the_context>, log_sql_query already registered for DAG: example_python_operator
[2023-09-09T02:44:36.286+0000] {logging_mixin.py:120} INFO - [2023-09-09T02:44:36.286+0000] {taskmixin.py:205} WARNING - Dependency <Task(_PythonDecoratedOperator): log_sql_query>, print_the_context already registered for DAG: example_python_operator
[2023-09-09T02:44:36.287+0000] {logging_mixin.py:120} INFO - [2023-09-09T02:44:36.286+0000] {taskmixin.py:205} WARNING - Dependency <Task(_PythonDecoratedOperator): print_the_context>, log_sql_query already registered for DAG: example_python_operator
[2023-09-09T02:44:36.287+0000] {logging_mixin.py:120} INFO - [2023-09-09T02:44:36.287+0000] {taskmixin.py:205} WARNING - Dependency <Task(_PythonDecoratedOperator): log_sql_query>, print_the_context already registered for DAG: example_python_operator
[2023-09-09T02:44:36.288+0000] {logging_mixin.py:120} INFO - [2023-09-09T02:44:36.287+0000] {taskmixin.py:205} WARNING - Dependency <Task(_PythonDecoratedOperator): print_the_context>, log_sql_query already registered for DAG: example_python_operator
[2023-09-09T02:44:36.288+0000] {logging_mixin.py:120} INFO - [2023-09-09T02:44:36.288+0000] {taskmixin.py:205} WARNING - Dependency <Task(_PythonDecoratedOperator): log_sql_query>, print_the_context already registered for DAG: example_python_operator
[2023-09-09T02:44:36.289+0000] {logging_mixin.py:120} INFO - [2023-09-09T02:44:36.289+0000] {taskmixin.py:205} WARNING - Dependency <Task(_PythonDecoratedOperator): print_the_context>, log_sql_query already registered for DAG: example_python_operator
[2023-09-09T02:44:36.289+0000] {logging_mixin.py:120} INFO - [2023-09-09T02:44:36.289+0000] {taskmixin.py:205} WARNING - Dependency <Task(_PythonDecoratedOperator): log_sql_query>, print_the_context already registered for DAG: example_python_operator
[2023-09-09T02:44:36.295+0000] {processor.py:766} INFO - DAG(s) dict_keys(['example_python_operator']) retrieved from /home/airflow/.local/lib/python3.7/site-packages/airflow/example_dags/example_python_operator.py
[2023-09-09T02:44:36.327+0000] {logging_mixin.py:120} INFO - [2023-09-09T02:44:36.327+0000] {dag.py:2585} INFO - Sync 1 DAGs
[2023-09-09T02:44:36.345+0000] {logging_mixin.py:120} INFO - [2023-09-09T02:44:36.345+0000] {dag.py:3340} INFO - Setting next_dagrun for example_python_operator to None, run_after=None
[2023-09-09T02:44:36.364+0000] {processor.py:176} INFO - Processing /home/airflow/.local/lib/python3.7/site-packages/airflow/example_dags/example_python_operator.py took 0.095 seconds
[2023-09-09T02:45:06.889+0000] {processor.py:154} INFO - Started process (PID=1174) to work on /home/airflow/.local/lib/python3.7/site-packages/airflow/example_dags/example_python_operator.py
[2023-09-09T02:45:06.890+0000] {processor.py:756} INFO - Processing file /home/airflow/.local/lib/python3.7/site-packages/airflow/example_dags/example_python_operator.py for tasks to queue
[2023-09-09T02:45:06.891+0000] {logging_mixin.py:120} INFO - [2023-09-09T02:45:06.891+0000] {dagbag.py:537} INFO - Filling up the DagBag from /home/airflow/.local/lib/python3.7/site-packages/airflow/example_dags/example_python_operator.py
[2023-09-09T02:45:06.905+0000] {logging_mixin.py:120} INFO - [2023-09-09T02:45:06.905+0000] {taskmixin.py:205} WARNING - Dependency <Task(_PythonDecoratedOperator): print_the_context>, log_sql_query already registered for DAG: example_python_operator
[2023-09-09T02:45:06.905+0000] {logging_mixin.py:120} INFO - [2023-09-09T02:45:06.905+0000] {taskmixin.py:205} WARNING - Dependency <Task(_PythonDecoratedOperator): log_sql_query>, print_the_context already registered for DAG: example_python_operator
[2023-09-09T02:45:06.906+0000] {logging_mixin.py:120} INFO - [2023-09-09T02:45:06.906+0000] {taskmixin.py:205} WARNING - Dependency <Task(_PythonDecoratedOperator): print_the_context>, log_sql_query already registered for DAG: example_python_operator
[2023-09-09T02:45:06.906+0000] {logging_mixin.py:120} INFO - [2023-09-09T02:45:06.906+0000] {taskmixin.py:205} WARNING - Dependency <Task(_PythonDecoratedOperator): log_sql_query>, print_the_context already registered for DAG: example_python_operator
[2023-09-09T02:45:06.907+0000] {logging_mixin.py:120} INFO - [2023-09-09T02:45:06.907+0000] {taskmixin.py:205} WARNING - Dependency <Task(_PythonDecoratedOperator): print_the_context>, log_sql_query already registered for DAG: example_python_operator
[2023-09-09T02:45:06.908+0000] {logging_mixin.py:120} INFO - [2023-09-09T02:45:06.908+0000] {taskmixin.py:205} WARNING - Dependency <Task(_PythonDecoratedOperator): log_sql_query>, print_the_context already registered for DAG: example_python_operator
[2023-09-09T02:45:06.908+0000] {logging_mixin.py:120} INFO - [2023-09-09T02:45:06.908+0000] {taskmixin.py:205} WARNING - Dependency <Task(_PythonDecoratedOperator): print_the_context>, log_sql_query already registered for DAG: example_python_operator
[2023-09-09T02:45:06.909+0000] {logging_mixin.py:120} INFO - [2023-09-09T02:45:06.909+0000] {taskmixin.py:205} WARNING - Dependency <Task(_PythonDecoratedOperator): log_sql_query>, print_the_context already registered for DAG: example_python_operator
[2023-09-09T02:45:06.915+0000] {processor.py:766} INFO - DAG(s) dict_keys(['example_python_operator']) retrieved from /home/airflow/.local/lib/python3.7/site-packages/airflow/example_dags/example_python_operator.py
[2023-09-09T02:45:06.956+0000] {logging_mixin.py:120} INFO - [2023-09-09T02:45:06.956+0000] {dag.py:2585} INFO - Sync 1 DAGs
[2023-09-09T02:45:06.979+0000] {logging_mixin.py:120} INFO - [2023-09-09T02:45:06.979+0000] {dag.py:3340} INFO - Setting next_dagrun for example_python_operator to None, run_after=None
[2023-09-09T02:45:06.999+0000] {processor.py:176} INFO - Processing /home/airflow/.local/lib/python3.7/site-packages/airflow/example_dags/example_python_operator.py took 0.112 seconds
