[2023-09-09T02:37:27.486+0000] {processor.py:154} INFO - Started process (PID=68) to work on /home/airflow/.local/lib/python3.7/site-packages/airflow/example_dags/tutorial.py
[2023-09-09T02:37:27.487+0000] {processor.py:756} INFO - Processing file /home/airflow/.local/lib/python3.7/site-packages/airflow/example_dags/tutorial.py for tasks to queue
[2023-09-09T02:37:27.487+0000] {logging_mixin.py:120} INFO - [2023-09-09T02:37:27.487+0000] {dagbag.py:537} INFO - Filling up the DagBag from /home/airflow/.local/lib/python3.7/site-packages/airflow/example_dags/tutorial.py
[2023-09-09T02:37:27.502+0000] {processor.py:766} INFO - DAG(s) dict_keys(['tutorial']) retrieved from /home/airflow/.local/lib/python3.7/site-packages/airflow/example_dags/tutorial.py
[2023-09-09T02:37:27.536+0000] {logging_mixin.py:120} INFO - [2023-09-09T02:37:27.536+0000] {dag.py:2585} INFO - Sync 1 DAGs
[2023-09-09T02:37:27.556+0000] {logging_mixin.py:120} INFO - [2023-09-09T02:37:27.556+0000] {dag.py:3340} INFO - Setting next_dagrun for tutorial to 2023-09-08T02:37:27.556027+00:00, run_after=2023-09-09T02:37:27.556027+00:00
[2023-09-09T02:37:27.575+0000] {processor.py:176} INFO - Processing /home/airflow/.local/lib/python3.7/site-packages/airflow/example_dags/tutorial.py took 0.092 seconds
[2023-09-09T02:37:58.215+0000] {processor.py:154} INFO - Started process (PID=142) to work on /home/airflow/.local/lib/python3.7/site-packages/airflow/example_dags/tutorial.py
[2023-09-09T02:37:58.216+0000] {processor.py:756} INFO - Processing file /home/airflow/.local/lib/python3.7/site-packages/airflow/example_dags/tutorial.py for tasks to queue
[2023-09-09T02:37:58.217+0000] {logging_mixin.py:120} INFO - [2023-09-09T02:37:58.217+0000] {dagbag.py:537} INFO - Filling up the DagBag from /home/airflow/.local/lib/python3.7/site-packages/airflow/example_dags/tutorial.py
[2023-09-09T02:37:58.227+0000] {processor.py:766} INFO - DAG(s) dict_keys(['tutorial']) retrieved from /home/airflow/.local/lib/python3.7/site-packages/airflow/example_dags/tutorial.py
[2023-09-09T02:37:58.258+0000] {logging_mixin.py:120} INFO - [2023-09-09T02:37:58.258+0000] {dag.py:2585} INFO - Sync 1 DAGs
[2023-09-09T02:37:58.278+0000] {logging_mixin.py:120} INFO - [2023-09-09T02:37:58.278+0000] {dag.py:3340} INFO - Setting next_dagrun for tutorial to 2023-09-08T02:37:58.278292+00:00, run_after=2023-09-09T02:37:58.278292+00:00
[2023-09-09T02:37:58.295+0000] {processor.py:176} INFO - Processing /home/airflow/.local/lib/python3.7/site-packages/airflow/example_dags/tutorial.py took 0.082 seconds
[2023-09-09T02:38:28.722+0000] {processor.py:154} INFO - Started process (PID=217) to work on /home/airflow/.local/lib/python3.7/site-packages/airflow/example_dags/tutorial.py
[2023-09-09T02:38:28.723+0000] {processor.py:756} INFO - Processing file /home/airflow/.local/lib/python3.7/site-packages/airflow/example_dags/tutorial.py for tasks to queue
[2023-09-09T02:38:28.724+0000] {logging_mixin.py:120} INFO - [2023-09-09T02:38:28.724+0000] {dagbag.py:537} INFO - Filling up the DagBag from /home/airflow/.local/lib/python3.7/site-packages/airflow/example_dags/tutorial.py
[2023-09-09T02:38:28.734+0000] {processor.py:766} INFO - DAG(s) dict_keys(['tutorial']) retrieved from /home/airflow/.local/lib/python3.7/site-packages/airflow/example_dags/tutorial.py
[2023-09-09T02:38:28.766+0000] {logging_mixin.py:120} INFO - [2023-09-09T02:38:28.766+0000] {dag.py:2585} INFO - Sync 1 DAGs
[2023-09-09T02:38:28.786+0000] {logging_mixin.py:120} INFO - [2023-09-09T02:38:28.786+0000] {dag.py:3340} INFO - Setting next_dagrun for tutorial to 2023-09-08T02:38:28.785872+00:00, run_after=2023-09-09T02:38:28.785872+00:00
[2023-09-09T02:38:28.807+0000] {processor.py:176} INFO - Processing /home/airflow/.local/lib/python3.7/site-packages/airflow/example_dags/tutorial.py took 0.088 seconds
[2023-09-09T02:38:59.342+0000] {processor.py:154} INFO - Started process (PID=291) to work on /home/airflow/.local/lib/python3.7/site-packages/airflow/example_dags/tutorial.py
[2023-09-09T02:38:59.343+0000] {processor.py:756} INFO - Processing file /home/airflow/.local/lib/python3.7/site-packages/airflow/example_dags/tutorial.py for tasks to queue
[2023-09-09T02:38:59.343+0000] {logging_mixin.py:120} INFO - [2023-09-09T02:38:59.343+0000] {dagbag.py:537} INFO - Filling up the DagBag from /home/airflow/.local/lib/python3.7/site-packages/airflow/example_dags/tutorial.py
[2023-09-09T02:38:59.354+0000] {processor.py:766} INFO - DAG(s) dict_keys(['tutorial']) retrieved from /home/airflow/.local/lib/python3.7/site-packages/airflow/example_dags/tutorial.py
[2023-09-09T02:38:59.386+0000] {logging_mixin.py:120} INFO - [2023-09-09T02:38:59.386+0000] {dag.py:2585} INFO - Sync 1 DAGs
[2023-09-09T02:38:59.407+0000] {logging_mixin.py:120} INFO - [2023-09-09T02:38:59.407+0000] {dag.py:3340} INFO - Setting next_dagrun for tutorial to 2023-09-08T02:38:59.407330+00:00, run_after=2023-09-09T02:38:59.407330+00:00
[2023-09-09T02:38:59.427+0000] {processor.py:176} INFO - Processing /home/airflow/.local/lib/python3.7/site-packages/airflow/example_dags/tutorial.py took 0.088 seconds
[2023-09-09T02:39:29.795+0000] {processor.py:154} INFO - Started process (PID=356) to work on /home/airflow/.local/lib/python3.7/site-packages/airflow/example_dags/tutorial.py
[2023-09-09T02:39:29.796+0000] {processor.py:756} INFO - Processing file /home/airflow/.local/lib/python3.7/site-packages/airflow/example_dags/tutorial.py for tasks to queue
[2023-09-09T02:39:29.797+0000] {logging_mixin.py:120} INFO - [2023-09-09T02:39:29.797+0000] {dagbag.py:537} INFO - Filling up the DagBag from /home/airflow/.local/lib/python3.7/site-packages/airflow/example_dags/tutorial.py
[2023-09-09T02:39:29.808+0000] {processor.py:766} INFO - DAG(s) dict_keys(['tutorial']) retrieved from /home/airflow/.local/lib/python3.7/site-packages/airflow/example_dags/tutorial.py
[2023-09-09T02:39:29.840+0000] {logging_mixin.py:120} INFO - [2023-09-09T02:39:29.840+0000] {dag.py:2585} INFO - Sync 1 DAGs
[2023-09-09T02:39:29.861+0000] {logging_mixin.py:120} INFO - [2023-09-09T02:39:29.861+0000] {dag.py:3340} INFO - Setting next_dagrun for tutorial to 2023-09-08T02:39:29.860833+00:00, run_after=2023-09-09T02:39:29.860833+00:00
[2023-09-09T02:39:29.882+0000] {processor.py:176} INFO - Processing /home/airflow/.local/lib/python3.7/site-packages/airflow/example_dags/tutorial.py took 0.089 seconds
[2023-09-09T02:40:00.864+0000] {processor.py:154} INFO - Started process (PID=430) to work on /home/airflow/.local/lib/python3.7/site-packages/airflow/example_dags/tutorial.py
[2023-09-09T02:40:00.865+0000] {processor.py:756} INFO - Processing file /home/airflow/.local/lib/python3.7/site-packages/airflow/example_dags/tutorial.py for tasks to queue
[2023-09-09T02:40:00.866+0000] {logging_mixin.py:120} INFO - [2023-09-09T02:40:00.866+0000] {dagbag.py:537} INFO - Filling up the DagBag from /home/airflow/.local/lib/python3.7/site-packages/airflow/example_dags/tutorial.py
[2023-09-09T02:40:00.878+0000] {processor.py:766} INFO - DAG(s) dict_keys(['tutorial']) retrieved from /home/airflow/.local/lib/python3.7/site-packages/airflow/example_dags/tutorial.py
[2023-09-09T02:40:00.910+0000] {logging_mixin.py:120} INFO - [2023-09-09T02:40:00.910+0000] {dag.py:2585} INFO - Sync 1 DAGs
[2023-09-09T02:40:00.929+0000] {logging_mixin.py:120} INFO - [2023-09-09T02:40:00.929+0000] {dag.py:3340} INFO - Setting next_dagrun for tutorial to 2023-09-08T02:40:00.929575+00:00, run_after=2023-09-09T02:40:00.929575+00:00
[2023-09-09T02:40:00.947+0000] {processor.py:176} INFO - Processing /home/airflow/.local/lib/python3.7/site-packages/airflow/example_dags/tutorial.py took 0.086 seconds
[2023-09-09T02:40:31.305+0000] {processor.py:154} INFO - Started process (PID=504) to work on /home/airflow/.local/lib/python3.7/site-packages/airflow/example_dags/tutorial.py
[2023-09-09T02:40:31.306+0000] {processor.py:756} INFO - Processing file /home/airflow/.local/lib/python3.7/site-packages/airflow/example_dags/tutorial.py for tasks to queue
[2023-09-09T02:40:31.306+0000] {logging_mixin.py:120} INFO - [2023-09-09T02:40:31.306+0000] {dagbag.py:537} INFO - Filling up the DagBag from /home/airflow/.local/lib/python3.7/site-packages/airflow/example_dags/tutorial.py
[2023-09-09T02:40:31.319+0000] {processor.py:766} INFO - DAG(s) dict_keys(['tutorial']) retrieved from /home/airflow/.local/lib/python3.7/site-packages/airflow/example_dags/tutorial.py
[2023-09-09T02:40:31.352+0000] {logging_mixin.py:120} INFO - [2023-09-09T02:40:31.352+0000] {dag.py:2585} INFO - Sync 1 DAGs
[2023-09-09T02:40:31.373+0000] {logging_mixin.py:120} INFO - [2023-09-09T02:40:31.373+0000] {dag.py:3340} INFO - Setting next_dagrun for tutorial to 2023-09-08T02:40:31.373597+00:00, run_after=2023-09-09T02:40:31.373597+00:00
[2023-09-09T02:40:31.393+0000] {processor.py:176} INFO - Processing /home/airflow/.local/lib/python3.7/site-packages/airflow/example_dags/tutorial.py took 0.091 seconds
[2023-09-09T02:41:01.479+0000] {processor.py:154} INFO - Started process (PID=578) to work on /home/airflow/.local/lib/python3.7/site-packages/airflow/example_dags/tutorial.py
[2023-09-09T02:41:01.480+0000] {processor.py:756} INFO - Processing file /home/airflow/.local/lib/python3.7/site-packages/airflow/example_dags/tutorial.py for tasks to queue
[2023-09-09T02:41:01.481+0000] {logging_mixin.py:120} INFO - [2023-09-09T02:41:01.481+0000] {dagbag.py:537} INFO - Filling up the DagBag from /home/airflow/.local/lib/python3.7/site-packages/airflow/example_dags/tutorial.py
[2023-09-09T02:41:01.492+0000] {processor.py:766} INFO - DAG(s) dict_keys(['tutorial']) retrieved from /home/airflow/.local/lib/python3.7/site-packages/airflow/example_dags/tutorial.py
[2023-09-09T02:41:01.526+0000] {logging_mixin.py:120} INFO - [2023-09-09T02:41:01.526+0000] {dag.py:2585} INFO - Sync 1 DAGs
[2023-09-09T02:41:01.545+0000] {logging_mixin.py:120} INFO - [2023-09-09T02:41:01.545+0000] {dag.py:3340} INFO - Setting next_dagrun for tutorial to 2023-09-08T02:41:01.545484+00:00, run_after=2023-09-09T02:41:01.545484+00:00
[2023-09-09T02:41:01.565+0000] {processor.py:176} INFO - Processing /home/airflow/.local/lib/python3.7/site-packages/airflow/example_dags/tutorial.py took 0.090 seconds
[2023-09-09T02:41:32.098+0000] {processor.py:154} INFO - Started process (PID=650) to work on /home/airflow/.local/lib/python3.7/site-packages/airflow/example_dags/tutorial.py
[2023-09-09T02:41:32.099+0000] {processor.py:756} INFO - Processing file /home/airflow/.local/lib/python3.7/site-packages/airflow/example_dags/tutorial.py for tasks to queue
[2023-09-09T02:41:32.099+0000] {logging_mixin.py:120} INFO - [2023-09-09T02:41:32.099+0000] {dagbag.py:537} INFO - Filling up the DagBag from /home/airflow/.local/lib/python3.7/site-packages/airflow/example_dags/tutorial.py
[2023-09-09T02:41:32.111+0000] {processor.py:766} INFO - DAG(s) dict_keys(['tutorial']) retrieved from /home/airflow/.local/lib/python3.7/site-packages/airflow/example_dags/tutorial.py
[2023-09-09T02:41:32.147+0000] {logging_mixin.py:120} INFO - [2023-09-09T02:41:32.147+0000] {dag.py:2585} INFO - Sync 1 DAGs
[2023-09-09T02:41:32.170+0000] {logging_mixin.py:120} INFO - [2023-09-09T02:41:32.170+0000] {dag.py:3340} INFO - Setting next_dagrun for tutorial to 2023-09-08T02:41:32.170033+00:00, run_after=2023-09-09T02:41:32.170033+00:00
[2023-09-09T02:41:32.190+0000] {processor.py:176} INFO - Processing /home/airflow/.local/lib/python3.7/site-packages/airflow/example_dags/tutorial.py took 0.095 seconds
[2023-09-09T02:42:02.642+0000] {processor.py:154} INFO - Started process (PID=724) to work on /home/airflow/.local/lib/python3.7/site-packages/airflow/example_dags/tutorial.py
[2023-09-09T02:42:02.644+0000] {processor.py:756} INFO - Processing file /home/airflow/.local/lib/python3.7/site-packages/airflow/example_dags/tutorial.py for tasks to queue
[2023-09-09T02:42:02.645+0000] {logging_mixin.py:120} INFO - [2023-09-09T02:42:02.644+0000] {dagbag.py:537} INFO - Filling up the DagBag from /home/airflow/.local/lib/python3.7/site-packages/airflow/example_dags/tutorial.py
[2023-09-09T02:42:02.656+0000] {processor.py:766} INFO - DAG(s) dict_keys(['tutorial']) retrieved from /home/airflow/.local/lib/python3.7/site-packages/airflow/example_dags/tutorial.py
[2023-09-09T02:42:02.690+0000] {logging_mixin.py:120} INFO - [2023-09-09T02:42:02.690+0000] {dag.py:2585} INFO - Sync 1 DAGs
[2023-09-09T02:42:02.713+0000] {logging_mixin.py:120} INFO - [2023-09-09T02:42:02.713+0000] {dag.py:3340} INFO - Setting next_dagrun for tutorial to 2023-09-08T02:42:02.713175+00:00, run_after=2023-09-09T02:42:02.713175+00:00
[2023-09-09T02:42:02.736+0000] {processor.py:176} INFO - Processing /home/airflow/.local/lib/python3.7/site-packages/airflow/example_dags/tutorial.py took 0.096 seconds
[2023-09-09T02:42:33.304+0000] {processor.py:154} INFO - Started process (PID=802) to work on /home/airflow/.local/lib/python3.7/site-packages/airflow/example_dags/tutorial.py
[2023-09-09T02:42:33.305+0000] {processor.py:756} INFO - Processing file /home/airflow/.local/lib/python3.7/site-packages/airflow/example_dags/tutorial.py for tasks to queue
[2023-09-09T02:42:33.306+0000] {logging_mixin.py:120} INFO - [2023-09-09T02:42:33.306+0000] {dagbag.py:537} INFO - Filling up the DagBag from /home/airflow/.local/lib/python3.7/site-packages/airflow/example_dags/tutorial.py
[2023-09-09T02:42:33.319+0000] {processor.py:766} INFO - DAG(s) dict_keys(['tutorial']) retrieved from /home/airflow/.local/lib/python3.7/site-packages/airflow/example_dags/tutorial.py
[2023-09-09T02:42:33.398+0000] {logging_mixin.py:120} INFO - [2023-09-09T02:42:33.398+0000] {dag.py:2585} INFO - Sync 1 DAGs
[2023-09-09T02:42:33.420+0000] {logging_mixin.py:120} INFO - [2023-09-09T02:42:33.420+0000] {dag.py:3340} INFO - Setting next_dagrun for tutorial to 2023-09-08T02:42:33.419866+00:00, run_after=2023-09-09T02:42:33.419866+00:00
[2023-09-09T02:42:33.439+0000] {processor.py:176} INFO - Processing /home/airflow/.local/lib/python3.7/site-packages/airflow/example_dags/tutorial.py took 0.138 seconds
[2023-09-09T02:43:03.718+0000] {processor.py:154} INFO - Started process (PID=881) to work on /home/airflow/.local/lib/python3.7/site-packages/airflow/example_dags/tutorial.py
[2023-09-09T02:43:03.719+0000] {processor.py:756} INFO - Processing file /home/airflow/.local/lib/python3.7/site-packages/airflow/example_dags/tutorial.py for tasks to queue
[2023-09-09T02:43:03.719+0000] {logging_mixin.py:120} INFO - [2023-09-09T02:43:03.719+0000] {dagbag.py:537} INFO - Filling up the DagBag from /home/airflow/.local/lib/python3.7/site-packages/airflow/example_dags/tutorial.py
[2023-09-09T02:43:03.731+0000] {processor.py:766} INFO - DAG(s) dict_keys(['tutorial']) retrieved from /home/airflow/.local/lib/python3.7/site-packages/airflow/example_dags/tutorial.py
[2023-09-09T02:43:03.759+0000] {logging_mixin.py:120} INFO - [2023-09-09T02:43:03.759+0000] {dag.py:2585} INFO - Sync 1 DAGs
[2023-09-09T02:43:03.775+0000] {logging_mixin.py:120} INFO - [2023-09-09T02:43:03.775+0000] {dag.py:3340} INFO - Setting next_dagrun for tutorial to 2023-09-08T02:43:03.775356+00:00, run_after=2023-09-09T02:43:03.775356+00:00
[2023-09-09T02:43:03.795+0000] {processor.py:176} INFO - Processing /home/airflow/.local/lib/python3.7/site-packages/airflow/example_dags/tutorial.py took 0.080 seconds
[2023-09-09T02:43:34.258+0000] {processor.py:154} INFO - Started process (PID=946) to work on /home/airflow/.local/lib/python3.7/site-packages/airflow/example_dags/tutorial.py
[2023-09-09T02:43:34.259+0000] {processor.py:756} INFO - Processing file /home/airflow/.local/lib/python3.7/site-packages/airflow/example_dags/tutorial.py for tasks to queue
[2023-09-09T02:43:34.259+0000] {logging_mixin.py:120} INFO - [2023-09-09T02:43:34.259+0000] {dagbag.py:537} INFO - Filling up the DagBag from /home/airflow/.local/lib/python3.7/site-packages/airflow/example_dags/tutorial.py
[2023-09-09T02:43:34.272+0000] {processor.py:766} INFO - DAG(s) dict_keys(['tutorial']) retrieved from /home/airflow/.local/lib/python3.7/site-packages/airflow/example_dags/tutorial.py
[2023-09-09T02:43:34.305+0000] {logging_mixin.py:120} INFO - [2023-09-09T02:43:34.305+0000] {dag.py:2585} INFO - Sync 1 DAGs
[2023-09-09T02:43:34.326+0000] {logging_mixin.py:120} INFO - [2023-09-09T02:43:34.325+0000] {dag.py:3340} INFO - Setting next_dagrun for tutorial to 2023-09-08T02:43:34.325729+00:00, run_after=2023-09-09T02:43:34.325729+00:00
[2023-09-09T02:43:34.344+0000] {processor.py:176} INFO - Processing /home/airflow/.local/lib/python3.7/site-packages/airflow/example_dags/tutorial.py took 0.089 seconds
[2023-09-09T02:44:04.624+0000] {processor.py:154} INFO - Started process (PID=1020) to work on /home/airflow/.local/lib/python3.7/site-packages/airflow/example_dags/tutorial.py
[2023-09-09T02:44:04.625+0000] {processor.py:756} INFO - Processing file /home/airflow/.local/lib/python3.7/site-packages/airflow/example_dags/tutorial.py for tasks to queue
[2023-09-09T02:44:04.625+0000] {logging_mixin.py:120} INFO - [2023-09-09T02:44:04.625+0000] {dagbag.py:537} INFO - Filling up the DagBag from /home/airflow/.local/lib/python3.7/site-packages/airflow/example_dags/tutorial.py
[2023-09-09T02:44:04.639+0000] {processor.py:766} INFO - DAG(s) dict_keys(['tutorial']) retrieved from /home/airflow/.local/lib/python3.7/site-packages/airflow/example_dags/tutorial.py
[2023-09-09T02:44:04.671+0000] {logging_mixin.py:120} INFO - [2023-09-09T02:44:04.671+0000] {dag.py:2585} INFO - Sync 1 DAGs
[2023-09-09T02:44:04.692+0000] {logging_mixin.py:120} INFO - [2023-09-09T02:44:04.692+0000] {dag.py:3340} INFO - Setting next_dagrun for tutorial to 2023-09-08T02:44:04.692399+00:00, run_after=2023-09-09T02:44:04.692399+00:00
[2023-09-09T02:44:04.713+0000] {processor.py:176} INFO - Processing /home/airflow/.local/lib/python3.7/site-packages/airflow/example_dags/tutorial.py took 0.092 seconds
[2023-09-09T02:44:34.842+0000] {processor.py:154} INFO - Started process (PID=1095) to work on /home/airflow/.local/lib/python3.7/site-packages/airflow/example_dags/tutorial.py
[2023-09-09T02:44:34.843+0000] {processor.py:756} INFO - Processing file /home/airflow/.local/lib/python3.7/site-packages/airflow/example_dags/tutorial.py for tasks to queue
[2023-09-09T02:44:34.843+0000] {logging_mixin.py:120} INFO - [2023-09-09T02:44:34.843+0000] {dagbag.py:537} INFO - Filling up the DagBag from /home/airflow/.local/lib/python3.7/site-packages/airflow/example_dags/tutorial.py
[2023-09-09T02:44:34.855+0000] {processor.py:766} INFO - DAG(s) dict_keys(['tutorial']) retrieved from /home/airflow/.local/lib/python3.7/site-packages/airflow/example_dags/tutorial.py
[2023-09-09T02:44:34.887+0000] {logging_mixin.py:120} INFO - [2023-09-09T02:44:34.887+0000] {dag.py:2585} INFO - Sync 1 DAGs
[2023-09-09T02:44:34.907+0000] {logging_mixin.py:120} INFO - [2023-09-09T02:44:34.907+0000] {dag.py:3340} INFO - Setting next_dagrun for tutorial to 2023-09-08T02:44:34.907420+00:00, run_after=2023-09-09T02:44:34.907420+00:00
[2023-09-09T02:44:34.927+0000] {processor.py:176} INFO - Processing /home/airflow/.local/lib/python3.7/site-packages/airflow/example_dags/tutorial.py took 0.087 seconds
[2023-09-09T02:45:05.384+0000] {processor.py:154} INFO - Started process (PID=1168) to work on /home/airflow/.local/lib/python3.7/site-packages/airflow/example_dags/tutorial.py
[2023-09-09T02:45:05.385+0000] {processor.py:756} INFO - Processing file /home/airflow/.local/lib/python3.7/site-packages/airflow/example_dags/tutorial.py for tasks to queue
[2023-09-09T02:45:05.386+0000] {logging_mixin.py:120} INFO - [2023-09-09T02:45:05.386+0000] {dagbag.py:537} INFO - Filling up the DagBag from /home/airflow/.local/lib/python3.7/site-packages/airflow/example_dags/tutorial.py
[2023-09-09T02:45:05.408+0000] {processor.py:766} INFO - DAG(s) dict_keys(['tutorial']) retrieved from /home/airflow/.local/lib/python3.7/site-packages/airflow/example_dags/tutorial.py
[2023-09-09T02:45:05.454+0000] {logging_mixin.py:120} INFO - [2023-09-09T02:45:05.453+0000] {dag.py:2585} INFO - Sync 1 DAGs
[2023-09-09T02:45:05.490+0000] {logging_mixin.py:120} INFO - [2023-09-09T02:45:05.490+0000] {dag.py:3340} INFO - Setting next_dagrun for tutorial to 2023-09-08T02:45:05.490069+00:00, run_after=2023-09-09T02:45:05.490069+00:00
[2023-09-09T02:45:05.523+0000] {processor.py:176} INFO - Processing /home/airflow/.local/lib/python3.7/site-packages/airflow/example_dags/tutorial.py took 0.143 seconds
