[2023-09-09T02:37:27.545+0000] {processor.py:154} INFO - Started process (PID=69) to work on /home/airflow/.local/lib/python3.7/site-packages/airflow/example_dags/tutorial_dag.py
[2023-09-09T02:37:27.546+0000] {processor.py:756} INFO - Processing file /home/airflow/.local/lib/python3.7/site-packages/airflow/example_dags/tutorial_dag.py for tasks to queue
[2023-09-09T02:37:27.546+0000] {logging_mixin.py:120} INFO - [2023-09-09T02:37:27.546+0000] {dagbag.py:537} INFO - Filling up the DagBag from /home/airflow/.local/lib/python3.7/site-packages/airflow/example_dags/tutorial_dag.py
[2023-09-09T02:37:27.558+0000] {processor.py:766} INFO - DAG(s) dict_keys(['tutorial_dag']) retrieved from /home/airflow/.local/lib/python3.7/site-packages/airflow/example_dags/tutorial_dag.py
[2023-09-09T02:37:27.593+0000] {logging_mixin.py:120} INFO - [2023-09-09T02:37:27.593+0000] {dag.py:2585} INFO - Sync 1 DAGs
[2023-09-09T02:37:27.616+0000] {logging_mixin.py:120} INFO - [2023-09-09T02:37:27.615+0000] {dag.py:3340} INFO - Setting next_dagrun for tutorial_dag to None, run_after=None
[2023-09-09T02:37:27.635+0000] {processor.py:176} INFO - Processing /home/airflow/.local/lib/python3.7/site-packages/airflow/example_dags/tutorial_dag.py took 0.092 seconds
[2023-09-09T02:37:58.282+0000] {processor.py:154} INFO - Started process (PID=143) to work on /home/airflow/.local/lib/python3.7/site-packages/airflow/example_dags/tutorial_dag.py
[2023-09-09T02:37:58.283+0000] {processor.py:756} INFO - Processing file /home/airflow/.local/lib/python3.7/site-packages/airflow/example_dags/tutorial_dag.py for tasks to queue
[2023-09-09T02:37:58.283+0000] {logging_mixin.py:120} INFO - [2023-09-09T02:37:58.283+0000] {dagbag.py:537} INFO - Filling up the DagBag from /home/airflow/.local/lib/python3.7/site-packages/airflow/example_dags/tutorial_dag.py
[2023-09-09T02:37:58.294+0000] {processor.py:766} INFO - DAG(s) dict_keys(['tutorial_dag']) retrieved from /home/airflow/.local/lib/python3.7/site-packages/airflow/example_dags/tutorial_dag.py
[2023-09-09T02:37:58.326+0000] {logging_mixin.py:120} INFO - [2023-09-09T02:37:58.326+0000] {dag.py:2585} INFO - Sync 1 DAGs
[2023-09-09T02:37:58.346+0000] {logging_mixin.py:120} INFO - [2023-09-09T02:37:58.346+0000] {dag.py:3340} INFO - Setting next_dagrun for tutorial_dag to None, run_after=None
[2023-09-09T02:37:58.362+0000] {processor.py:176} INFO - Processing /home/airflow/.local/lib/python3.7/site-packages/airflow/example_dags/tutorial_dag.py took 0.082 seconds
[2023-09-09T02:38:28.839+0000] {processor.py:154} INFO - Started process (PID=218) to work on /home/airflow/.local/lib/python3.7/site-packages/airflow/example_dags/tutorial_dag.py
[2023-09-09T02:38:28.840+0000] {processor.py:756} INFO - Processing file /home/airflow/.local/lib/python3.7/site-packages/airflow/example_dags/tutorial_dag.py for tasks to queue
[2023-09-09T02:38:28.841+0000] {logging_mixin.py:120} INFO - [2023-09-09T02:38:28.841+0000] {dagbag.py:537} INFO - Filling up the DagBag from /home/airflow/.local/lib/python3.7/site-packages/airflow/example_dags/tutorial_dag.py
[2023-09-09T02:38:28.851+0000] {processor.py:766} INFO - DAG(s) dict_keys(['tutorial_dag']) retrieved from /home/airflow/.local/lib/python3.7/site-packages/airflow/example_dags/tutorial_dag.py
[2023-09-09T02:38:28.884+0000] {logging_mixin.py:120} INFO - [2023-09-09T02:38:28.884+0000] {dag.py:2585} INFO - Sync 1 DAGs
[2023-09-09T02:38:28.904+0000] {logging_mixin.py:120} INFO - [2023-09-09T02:38:28.904+0000] {dag.py:3340} INFO - Setting next_dagrun for tutorial_dag to None, run_after=None
[2023-09-09T02:38:28.924+0000] {processor.py:176} INFO - Processing /home/airflow/.local/lib/python3.7/site-packages/airflow/example_dags/tutorial_dag.py took 0.087 seconds
[2023-09-09T02:38:59.394+0000] {processor.py:154} INFO - Started process (PID=292) to work on /home/airflow/.local/lib/python3.7/site-packages/airflow/example_dags/tutorial_dag.py
[2023-09-09T02:38:59.395+0000] {processor.py:756} INFO - Processing file /home/airflow/.local/lib/python3.7/site-packages/airflow/example_dags/tutorial_dag.py for tasks to queue
[2023-09-09T02:38:59.396+0000] {logging_mixin.py:120} INFO - [2023-09-09T02:38:59.396+0000] {dagbag.py:537} INFO - Filling up the DagBag from /home/airflow/.local/lib/python3.7/site-packages/airflow/example_dags/tutorial_dag.py
[2023-09-09T02:38:59.407+0000] {processor.py:766} INFO - DAG(s) dict_keys(['tutorial_dag']) retrieved from /home/airflow/.local/lib/python3.7/site-packages/airflow/example_dags/tutorial_dag.py
[2023-09-09T02:38:59.440+0000] {logging_mixin.py:120} INFO - [2023-09-09T02:38:59.440+0000] {dag.py:2585} INFO - Sync 1 DAGs
[2023-09-09T02:38:59.460+0000] {logging_mixin.py:120} INFO - [2023-09-09T02:38:59.460+0000] {dag.py:3340} INFO - Setting next_dagrun for tutorial_dag to None, run_after=None
[2023-09-09T02:38:59.480+0000] {processor.py:176} INFO - Processing /home/airflow/.local/lib/python3.7/site-packages/airflow/example_dags/tutorial_dag.py took 0.088 seconds
[2023-09-09T02:39:29.832+0000] {processor.py:154} INFO - Started process (PID=357) to work on /home/airflow/.local/lib/python3.7/site-packages/airflow/example_dags/tutorial_dag.py
[2023-09-09T02:39:29.833+0000] {processor.py:756} INFO - Processing file /home/airflow/.local/lib/python3.7/site-packages/airflow/example_dags/tutorial_dag.py for tasks to queue
[2023-09-09T02:39:29.834+0000] {logging_mixin.py:120} INFO - [2023-09-09T02:39:29.834+0000] {dagbag.py:537} INFO - Filling up the DagBag from /home/airflow/.local/lib/python3.7/site-packages/airflow/example_dags/tutorial_dag.py
[2023-09-09T02:39:29.844+0000] {processor.py:766} INFO - DAG(s) dict_keys(['tutorial_dag']) retrieved from /home/airflow/.local/lib/python3.7/site-packages/airflow/example_dags/tutorial_dag.py
[2023-09-09T02:39:29.877+0000] {logging_mixin.py:120} INFO - [2023-09-09T02:39:29.877+0000] {dag.py:2585} INFO - Sync 1 DAGs
[2023-09-09T02:39:29.899+0000] {logging_mixin.py:120} INFO - [2023-09-09T02:39:29.899+0000] {dag.py:3340} INFO - Setting next_dagrun for tutorial_dag to None, run_after=None
[2023-09-09T02:39:29.919+0000] {processor.py:176} INFO - Processing /home/airflow/.local/lib/python3.7/site-packages/airflow/example_dags/tutorial_dag.py took 0.090 seconds
[2023-09-09T02:40:00.918+0000] {processor.py:154} INFO - Started process (PID=431) to work on /home/airflow/.local/lib/python3.7/site-packages/airflow/example_dags/tutorial_dag.py
[2023-09-09T02:40:00.919+0000] {processor.py:756} INFO - Processing file /home/airflow/.local/lib/python3.7/site-packages/airflow/example_dags/tutorial_dag.py for tasks to queue
[2023-09-09T02:40:00.920+0000] {logging_mixin.py:120} INFO - [2023-09-09T02:40:00.920+0000] {dagbag.py:537} INFO - Filling up the DagBag from /home/airflow/.local/lib/python3.7/site-packages/airflow/example_dags/tutorial_dag.py
[2023-09-09T02:40:00.931+0000] {processor.py:766} INFO - DAG(s) dict_keys(['tutorial_dag']) retrieved from /home/airflow/.local/lib/python3.7/site-packages/airflow/example_dags/tutorial_dag.py
[2023-09-09T02:40:00.964+0000] {logging_mixin.py:120} INFO - [2023-09-09T02:40:00.964+0000] {dag.py:2585} INFO - Sync 1 DAGs
[2023-09-09T02:40:00.986+0000] {logging_mixin.py:120} INFO - [2023-09-09T02:40:00.985+0000] {dag.py:3340} INFO - Setting next_dagrun for tutorial_dag to None, run_after=None
[2023-09-09T02:40:01.007+0000] {processor.py:176} INFO - Processing /home/airflow/.local/lib/python3.7/site-packages/airflow/example_dags/tutorial_dag.py took 0.091 seconds
[2023-09-09T02:40:31.318+0000] {processor.py:154} INFO - Started process (PID=505) to work on /home/airflow/.local/lib/python3.7/site-packages/airflow/example_dags/tutorial_dag.py
[2023-09-09T02:40:31.319+0000] {processor.py:756} INFO - Processing file /home/airflow/.local/lib/python3.7/site-packages/airflow/example_dags/tutorial_dag.py for tasks to queue
[2023-09-09T02:40:31.320+0000] {logging_mixin.py:120} INFO - [2023-09-09T02:40:31.320+0000] {dagbag.py:537} INFO - Filling up the DagBag from /home/airflow/.local/lib/python3.7/site-packages/airflow/example_dags/tutorial_dag.py
[2023-09-09T02:40:31.330+0000] {processor.py:766} INFO - DAG(s) dict_keys(['tutorial_dag']) retrieved from /home/airflow/.local/lib/python3.7/site-packages/airflow/example_dags/tutorial_dag.py
[2023-09-09T02:40:31.365+0000] {logging_mixin.py:120} INFO - [2023-09-09T02:40:31.365+0000] {dag.py:2585} INFO - Sync 1 DAGs
[2023-09-09T02:40:31.386+0000] {logging_mixin.py:120} INFO - [2023-09-09T02:40:31.386+0000] {dag.py:3340} INFO - Setting next_dagrun for tutorial_dag to None, run_after=None
[2023-09-09T02:40:31.407+0000] {processor.py:176} INFO - Processing /home/airflow/.local/lib/python3.7/site-packages/airflow/example_dags/tutorial_dag.py took 0.092 seconds
[2023-09-09T02:41:01.588+0000] {processor.py:154} INFO - Started process (PID=579) to work on /home/airflow/.local/lib/python3.7/site-packages/airflow/example_dags/tutorial_dag.py
[2023-09-09T02:41:01.588+0000] {processor.py:756} INFO - Processing file /home/airflow/.local/lib/python3.7/site-packages/airflow/example_dags/tutorial_dag.py for tasks to queue
[2023-09-09T02:41:01.589+0000] {logging_mixin.py:120} INFO - [2023-09-09T02:41:01.589+0000] {dagbag.py:537} INFO - Filling up the DagBag from /home/airflow/.local/lib/python3.7/site-packages/airflow/example_dags/tutorial_dag.py
[2023-09-09T02:41:01.599+0000] {processor.py:766} INFO - DAG(s) dict_keys(['tutorial_dag']) retrieved from /home/airflow/.local/lib/python3.7/site-packages/airflow/example_dags/tutorial_dag.py
[2023-09-09T02:41:01.631+0000] {logging_mixin.py:120} INFO - [2023-09-09T02:41:01.631+0000] {dag.py:2585} INFO - Sync 1 DAGs
[2023-09-09T02:41:01.650+0000] {logging_mixin.py:120} INFO - [2023-09-09T02:41:01.650+0000] {dag.py:3340} INFO - Setting next_dagrun for tutorial_dag to None, run_after=None
[2023-09-09T02:41:01.670+0000] {processor.py:176} INFO - Processing /home/airflow/.local/lib/python3.7/site-packages/airflow/example_dags/tutorial_dag.py took 0.085 seconds
[2023-09-09T02:41:32.150+0000] {processor.py:154} INFO - Started process (PID=651) to work on /home/airflow/.local/lib/python3.7/site-packages/airflow/example_dags/tutorial_dag.py
[2023-09-09T02:41:32.151+0000] {processor.py:756} INFO - Processing file /home/airflow/.local/lib/python3.7/site-packages/airflow/example_dags/tutorial_dag.py for tasks to queue
[2023-09-09T02:41:32.152+0000] {logging_mixin.py:120} INFO - [2023-09-09T02:41:32.152+0000] {dagbag.py:537} INFO - Filling up the DagBag from /home/airflow/.local/lib/python3.7/site-packages/airflow/example_dags/tutorial_dag.py
[2023-09-09T02:41:32.162+0000] {processor.py:766} INFO - DAG(s) dict_keys(['tutorial_dag']) retrieved from /home/airflow/.local/lib/python3.7/site-packages/airflow/example_dags/tutorial_dag.py
[2023-09-09T02:41:32.261+0000] {logging_mixin.py:120} INFO - [2023-09-09T02:41:32.261+0000] {dag.py:2585} INFO - Sync 1 DAGs
[2023-09-09T02:41:32.284+0000] {logging_mixin.py:120} INFO - [2023-09-09T02:41:32.284+0000] {dag.py:3340} INFO - Setting next_dagrun for tutorial_dag to None, run_after=None
[2023-09-09T02:41:32.306+0000] {processor.py:176} INFO - Processing /home/airflow/.local/lib/python3.7/site-packages/airflow/example_dags/tutorial_dag.py took 0.159 seconds
[2023-09-09T02:42:02.695+0000] {processor.py:154} INFO - Started process (PID=725) to work on /home/airflow/.local/lib/python3.7/site-packages/airflow/example_dags/tutorial_dag.py
[2023-09-09T02:42:02.696+0000] {processor.py:756} INFO - Processing file /home/airflow/.local/lib/python3.7/site-packages/airflow/example_dags/tutorial_dag.py for tasks to queue
[2023-09-09T02:42:02.697+0000] {logging_mixin.py:120} INFO - [2023-09-09T02:42:02.697+0000] {dagbag.py:537} INFO - Filling up the DagBag from /home/airflow/.local/lib/python3.7/site-packages/airflow/example_dags/tutorial_dag.py
[2023-09-09T02:42:02.708+0000] {processor.py:766} INFO - DAG(s) dict_keys(['tutorial_dag']) retrieved from /home/airflow/.local/lib/python3.7/site-packages/airflow/example_dags/tutorial_dag.py
[2023-09-09T02:42:02.745+0000] {logging_mixin.py:120} INFO - [2023-09-09T02:42:02.745+0000] {dag.py:2585} INFO - Sync 1 DAGs
[2023-09-09T02:42:02.769+0000] {logging_mixin.py:120} INFO - [2023-09-09T02:42:02.768+0000] {dag.py:3340} INFO - Setting next_dagrun for tutorial_dag to None, run_after=None
[2023-09-09T02:42:02.790+0000] {processor.py:176} INFO - Processing /home/airflow/.local/lib/python3.7/site-packages/airflow/example_dags/tutorial_dag.py took 0.097 seconds
[2023-09-09T02:42:33.397+0000] {processor.py:154} INFO - Started process (PID=803) to work on /home/airflow/.local/lib/python3.7/site-packages/airflow/example_dags/tutorial_dag.py
[2023-09-09T02:42:33.398+0000] {processor.py:756} INFO - Processing file /home/airflow/.local/lib/python3.7/site-packages/airflow/example_dags/tutorial_dag.py for tasks to queue
[2023-09-09T02:42:33.399+0000] {logging_mixin.py:120} INFO - [2023-09-09T02:42:33.399+0000] {dagbag.py:537} INFO - Filling up the DagBag from /home/airflow/.local/lib/python3.7/site-packages/airflow/example_dags/tutorial_dag.py
[2023-09-09T02:42:33.412+0000] {processor.py:766} INFO - DAG(s) dict_keys(['tutorial_dag']) retrieved from /home/airflow/.local/lib/python3.7/site-packages/airflow/example_dags/tutorial_dag.py
[2023-09-09T02:42:33.447+0000] {logging_mixin.py:120} INFO - [2023-09-09T02:42:33.447+0000] {dag.py:2585} INFO - Sync 1 DAGs
[2023-09-09T02:42:33.469+0000] {logging_mixin.py:120} INFO - [2023-09-09T02:42:33.469+0000] {dag.py:3340} INFO - Setting next_dagrun for tutorial_dag to None, run_after=None
[2023-09-09T02:42:33.489+0000] {processor.py:176} INFO - Processing /home/airflow/.local/lib/python3.7/site-packages/airflow/example_dags/tutorial_dag.py took 0.094 seconds
[2023-09-09T02:43:03.815+0000] {processor.py:154} INFO - Started process (PID=882) to work on /home/airflow/.local/lib/python3.7/site-packages/airflow/example_dags/tutorial_dag.py
[2023-09-09T02:43:03.816+0000] {processor.py:756} INFO - Processing file /home/airflow/.local/lib/python3.7/site-packages/airflow/example_dags/tutorial_dag.py for tasks to queue
[2023-09-09T02:43:03.817+0000] {logging_mixin.py:120} INFO - [2023-09-09T02:43:03.817+0000] {dagbag.py:537} INFO - Filling up the DagBag from /home/airflow/.local/lib/python3.7/site-packages/airflow/example_dags/tutorial_dag.py
[2023-09-09T02:43:03.827+0000] {processor.py:766} INFO - DAG(s) dict_keys(['tutorial_dag']) retrieved from /home/airflow/.local/lib/python3.7/site-packages/airflow/example_dags/tutorial_dag.py
[2023-09-09T02:43:03.856+0000] {logging_mixin.py:120} INFO - [2023-09-09T02:43:03.856+0000] {dag.py:2585} INFO - Sync 1 DAGs
[2023-09-09T02:43:03.873+0000] {logging_mixin.py:120} INFO - [2023-09-09T02:43:03.873+0000] {dag.py:3340} INFO - Setting next_dagrun for tutorial_dag to None, run_after=None
[2023-09-09T02:43:03.892+0000] {processor.py:176} INFO - Processing /home/airflow/.local/lib/python3.7/site-packages/airflow/example_dags/tutorial_dag.py took 0.079 seconds
[2023-09-09T02:43:34.430+0000] {processor.py:154} INFO - Started process (PID=947) to work on /home/airflow/.local/lib/python3.7/site-packages/airflow/example_dags/tutorial_dag.py
[2023-09-09T02:43:34.432+0000] {processor.py:756} INFO - Processing file /home/airflow/.local/lib/python3.7/site-packages/airflow/example_dags/tutorial_dag.py for tasks to queue
[2023-09-09T02:43:34.432+0000] {logging_mixin.py:120} INFO - [2023-09-09T02:43:34.432+0000] {dagbag.py:537} INFO - Filling up the DagBag from /home/airflow/.local/lib/python3.7/site-packages/airflow/example_dags/tutorial_dag.py
[2023-09-09T02:43:34.443+0000] {processor.py:766} INFO - DAG(s) dict_keys(['tutorial_dag']) retrieved from /home/airflow/.local/lib/python3.7/site-packages/airflow/example_dags/tutorial_dag.py
[2023-09-09T02:43:34.474+0000] {logging_mixin.py:120} INFO - [2023-09-09T02:43:34.474+0000] {dag.py:2585} INFO - Sync 1 DAGs
[2023-09-09T02:43:34.493+0000] {logging_mixin.py:120} INFO - [2023-09-09T02:43:34.492+0000] {dag.py:3340} INFO - Setting next_dagrun for tutorial_dag to None, run_after=None
[2023-09-09T02:43:34.516+0000] {processor.py:176} INFO - Processing /home/airflow/.local/lib/python3.7/site-packages/airflow/example_dags/tutorial_dag.py took 0.089 seconds
[2023-09-09T02:44:04.715+0000] {processor.py:154} INFO - Started process (PID=1021) to work on /home/airflow/.local/lib/python3.7/site-packages/airflow/example_dags/tutorial_dag.py
[2023-09-09T02:44:04.716+0000] {processor.py:756} INFO - Processing file /home/airflow/.local/lib/python3.7/site-packages/airflow/example_dags/tutorial_dag.py for tasks to queue
[2023-09-09T02:44:04.717+0000] {logging_mixin.py:120} INFO - [2023-09-09T02:44:04.717+0000] {dagbag.py:537} INFO - Filling up the DagBag from /home/airflow/.local/lib/python3.7/site-packages/airflow/example_dags/tutorial_dag.py
[2023-09-09T02:44:04.730+0000] {processor.py:766} INFO - DAG(s) dict_keys(['tutorial_dag']) retrieved from /home/airflow/.local/lib/python3.7/site-packages/airflow/example_dags/tutorial_dag.py
[2023-09-09T02:44:04.767+0000] {logging_mixin.py:120} INFO - [2023-09-09T02:44:04.767+0000] {dag.py:2585} INFO - Sync 1 DAGs
[2023-09-09T02:44:04.790+0000] {logging_mixin.py:120} INFO - [2023-09-09T02:44:04.790+0000] {dag.py:3340} INFO - Setting next_dagrun for tutorial_dag to None, run_after=None
[2023-09-09T02:44:04.813+0000] {processor.py:176} INFO - Processing /home/airflow/.local/lib/python3.7/site-packages/airflow/example_dags/tutorial_dag.py took 0.101 seconds
[2023-09-09T02:44:34.935+0000] {processor.py:154} INFO - Started process (PID=1096) to work on /home/airflow/.local/lib/python3.7/site-packages/airflow/example_dags/tutorial_dag.py
[2023-09-09T02:44:34.936+0000] {processor.py:756} INFO - Processing file /home/airflow/.local/lib/python3.7/site-packages/airflow/example_dags/tutorial_dag.py for tasks to queue
[2023-09-09T02:44:34.937+0000] {logging_mixin.py:120} INFO - [2023-09-09T02:44:34.937+0000] {dagbag.py:537} INFO - Filling up the DagBag from /home/airflow/.local/lib/python3.7/site-packages/airflow/example_dags/tutorial_dag.py
[2023-09-09T02:44:34.948+0000] {processor.py:766} INFO - DAG(s) dict_keys(['tutorial_dag']) retrieved from /home/airflow/.local/lib/python3.7/site-packages/airflow/example_dags/tutorial_dag.py
[2023-09-09T02:44:34.980+0000] {logging_mixin.py:120} INFO - [2023-09-09T02:44:34.980+0000] {dag.py:2585} INFO - Sync 1 DAGs
[2023-09-09T02:44:35.000+0000] {logging_mixin.py:120} INFO - [2023-09-09T02:44:35.000+0000] {dag.py:3340} INFO - Setting next_dagrun for tutorial_dag to None, run_after=None
[2023-09-09T02:44:35.020+0000] {processor.py:176} INFO - Processing /home/airflow/.local/lib/python3.7/site-packages/airflow/example_dags/tutorial_dag.py took 0.087 seconds
[2023-09-09T02:45:05.384+0000] {processor.py:154} INFO - Started process (PID=1169) to work on /home/airflow/.local/lib/python3.7/site-packages/airflow/example_dags/tutorial_dag.py
[2023-09-09T02:45:05.386+0000] {processor.py:756} INFO - Processing file /home/airflow/.local/lib/python3.7/site-packages/airflow/example_dags/tutorial_dag.py for tasks to queue
[2023-09-09T02:45:05.387+0000] {logging_mixin.py:120} INFO - [2023-09-09T02:45:05.387+0000] {dagbag.py:537} INFO - Filling up the DagBag from /home/airflow/.local/lib/python3.7/site-packages/airflow/example_dags/tutorial_dag.py
[2023-09-09T02:45:05.403+0000] {processor.py:766} INFO - DAG(s) dict_keys(['tutorial_dag']) retrieved from /home/airflow/.local/lib/python3.7/site-packages/airflow/example_dags/tutorial_dag.py
[2023-09-09T02:45:05.446+0000] {logging_mixin.py:120} INFO - [2023-09-09T02:45:05.446+0000] {dag.py:2585} INFO - Sync 1 DAGs
[2023-09-09T02:45:05.482+0000] {logging_mixin.py:120} INFO - [2023-09-09T02:45:05.482+0000] {dag.py:3340} INFO - Setting next_dagrun for tutorial_dag to None, run_after=None
[2023-09-09T02:45:05.515+0000] {processor.py:176} INFO - Processing /home/airflow/.local/lib/python3.7/site-packages/airflow/example_dags/tutorial_dag.py took 0.134 seconds
