[2023-09-09T02:37:27.709+0000] {processor.py:154} INFO - Started process (PID=72) to work on /home/airflow/.local/lib/python3.7/site-packages/airflow/example_dags/tutorial_taskflow_api.py
[2023-09-09T02:37:27.710+0000] {processor.py:756} INFO - Processing file /home/airflow/.local/lib/python3.7/site-packages/airflow/example_dags/tutorial_taskflow_api.py for tasks to queue
[2023-09-09T02:37:27.711+0000] {logging_mixin.py:120} INFO - [2023-09-09T02:37:27.711+0000] {dagbag.py:537} INFO - Filling up the DagBag from /home/airflow/.local/lib/python3.7/site-packages/airflow/example_dags/tutorial_taskflow_api.py
[2023-09-09T02:37:27.740+0000] {processor.py:766} INFO - DAG(s) dict_keys(['tutorial_taskflow_api']) retrieved from /home/airflow/.local/lib/python3.7/site-packages/airflow/example_dags/tutorial_taskflow_api.py
[2023-09-09T02:37:27.773+0000] {logging_mixin.py:120} INFO - [2023-09-09T02:37:27.773+0000] {dag.py:2585} INFO - Sync 1 DAGs
[2023-09-09T02:37:27.793+0000] {logging_mixin.py:120} INFO - [2023-09-09T02:37:27.793+0000] {dag.py:3340} INFO - Setting next_dagrun for tutorial_taskflow_api to None, run_after=None
[2023-09-09T02:37:27.810+0000] {processor.py:176} INFO - Processing /home/airflow/.local/lib/python3.7/site-packages/airflow/example_dags/tutorial_taskflow_api.py took 0.103 seconds
[2023-09-09T02:37:58.423+0000] {processor.py:154} INFO - Started process (PID=146) to work on /home/airflow/.local/lib/python3.7/site-packages/airflow/example_dags/tutorial_taskflow_api.py
[2023-09-09T02:37:58.424+0000] {processor.py:756} INFO - Processing file /home/airflow/.local/lib/python3.7/site-packages/airflow/example_dags/tutorial_taskflow_api.py for tasks to queue
[2023-09-09T02:37:58.425+0000] {logging_mixin.py:120} INFO - [2023-09-09T02:37:58.425+0000] {dagbag.py:537} INFO - Filling up the DagBag from /home/airflow/.local/lib/python3.7/site-packages/airflow/example_dags/tutorial_taskflow_api.py
[2023-09-09T02:37:58.441+0000] {processor.py:766} INFO - DAG(s) dict_keys(['tutorial_taskflow_api']) retrieved from /home/airflow/.local/lib/python3.7/site-packages/airflow/example_dags/tutorial_taskflow_api.py
[2023-09-09T02:37:58.474+0000] {logging_mixin.py:120} INFO - [2023-09-09T02:37:58.474+0000] {dag.py:2585} INFO - Sync 1 DAGs
[2023-09-09T02:37:58.495+0000] {logging_mixin.py:120} INFO - [2023-09-09T02:37:58.495+0000] {dag.py:3340} INFO - Setting next_dagrun for tutorial_taskflow_api to None, run_after=None
[2023-09-09T02:37:58.513+0000] {processor.py:176} INFO - Processing /home/airflow/.local/lib/python3.7/site-packages/airflow/example_dags/tutorial_taskflow_api.py took 0.092 seconds
[2023-09-09T02:38:28.952+0000] {processor.py:154} INFO - Started process (PID=221) to work on /home/airflow/.local/lib/python3.7/site-packages/airflow/example_dags/tutorial_taskflow_api.py
[2023-09-09T02:38:28.953+0000] {processor.py:756} INFO - Processing file /home/airflow/.local/lib/python3.7/site-packages/airflow/example_dags/tutorial_taskflow_api.py for tasks to queue
[2023-09-09T02:38:28.954+0000] {logging_mixin.py:120} INFO - [2023-09-09T02:38:28.953+0000] {dagbag.py:537} INFO - Filling up the DagBag from /home/airflow/.local/lib/python3.7/site-packages/airflow/example_dags/tutorial_taskflow_api.py
[2023-09-09T02:38:28.970+0000] {processor.py:766} INFO - DAG(s) dict_keys(['tutorial_taskflow_api']) retrieved from /home/airflow/.local/lib/python3.7/site-packages/airflow/example_dags/tutorial_taskflow_api.py
[2023-09-09T02:38:29.004+0000] {logging_mixin.py:120} INFO - [2023-09-09T02:38:29.004+0000] {dag.py:2585} INFO - Sync 1 DAGs
[2023-09-09T02:38:29.026+0000] {logging_mixin.py:120} INFO - [2023-09-09T02:38:29.026+0000] {dag.py:3340} INFO - Setting next_dagrun for tutorial_taskflow_api to None, run_after=None
[2023-09-09T02:38:29.046+0000] {processor.py:176} INFO - Processing /home/airflow/.local/lib/python3.7/site-packages/airflow/example_dags/tutorial_taskflow_api.py took 0.097 seconds
[2023-09-09T02:38:59.563+0000] {processor.py:154} INFO - Started process (PID=295) to work on /home/airflow/.local/lib/python3.7/site-packages/airflow/example_dags/tutorial_taskflow_api.py
[2023-09-09T02:38:59.564+0000] {processor.py:756} INFO - Processing file /home/airflow/.local/lib/python3.7/site-packages/airflow/example_dags/tutorial_taskflow_api.py for tasks to queue
[2023-09-09T02:38:59.565+0000] {logging_mixin.py:120} INFO - [2023-09-09T02:38:59.565+0000] {dagbag.py:537} INFO - Filling up the DagBag from /home/airflow/.local/lib/python3.7/site-packages/airflow/example_dags/tutorial_taskflow_api.py
[2023-09-09T02:38:59.582+0000] {processor.py:766} INFO - DAG(s) dict_keys(['tutorial_taskflow_api']) retrieved from /home/airflow/.local/lib/python3.7/site-packages/airflow/example_dags/tutorial_taskflow_api.py
[2023-09-09T02:38:59.615+0000] {logging_mixin.py:120} INFO - [2023-09-09T02:38:59.615+0000] {dag.py:2585} INFO - Sync 1 DAGs
[2023-09-09T02:38:59.635+0000] {logging_mixin.py:120} INFO - [2023-09-09T02:38:59.635+0000] {dag.py:3340} INFO - Setting next_dagrun for tutorial_taskflow_api to None, run_after=None
[2023-09-09T02:38:59.656+0000] {processor.py:176} INFO - Processing /home/airflow/.local/lib/python3.7/site-packages/airflow/example_dags/tutorial_taskflow_api.py took 0.096 seconds
[2023-09-09T02:39:30.028+0000] {processor.py:154} INFO - Started process (PID=360) to work on /home/airflow/.local/lib/python3.7/site-packages/airflow/example_dags/tutorial_taskflow_api.py
[2023-09-09T02:39:30.029+0000] {processor.py:756} INFO - Processing file /home/airflow/.local/lib/python3.7/site-packages/airflow/example_dags/tutorial_taskflow_api.py for tasks to queue
[2023-09-09T02:39:30.030+0000] {logging_mixin.py:120} INFO - [2023-09-09T02:39:30.030+0000] {dagbag.py:537} INFO - Filling up the DagBag from /home/airflow/.local/lib/python3.7/site-packages/airflow/example_dags/tutorial_taskflow_api.py
[2023-09-09T02:39:30.049+0000] {processor.py:766} INFO - DAG(s) dict_keys(['tutorial_taskflow_api']) retrieved from /home/airflow/.local/lib/python3.7/site-packages/airflow/example_dags/tutorial_taskflow_api.py
[2023-09-09T02:39:30.081+0000] {logging_mixin.py:120} INFO - [2023-09-09T02:39:30.081+0000] {dag.py:2585} INFO - Sync 1 DAGs
[2023-09-09T02:39:30.102+0000] {logging_mixin.py:120} INFO - [2023-09-09T02:39:30.102+0000] {dag.py:3340} INFO - Setting next_dagrun for tutorial_taskflow_api to None, run_after=None
[2023-09-09T02:39:30.122+0000] {processor.py:176} INFO - Processing /home/airflow/.local/lib/python3.7/site-packages/airflow/example_dags/tutorial_taskflow_api.py took 0.097 seconds
[2023-09-09T02:40:01.082+0000] {processor.py:154} INFO - Started process (PID=434) to work on /home/airflow/.local/lib/python3.7/site-packages/airflow/example_dags/tutorial_taskflow_api.py
[2023-09-09T02:40:01.082+0000] {processor.py:756} INFO - Processing file /home/airflow/.local/lib/python3.7/site-packages/airflow/example_dags/tutorial_taskflow_api.py for tasks to queue
[2023-09-09T02:40:01.083+0000] {logging_mixin.py:120} INFO - [2023-09-09T02:40:01.083+0000] {dagbag.py:537} INFO - Filling up the DagBag from /home/airflow/.local/lib/python3.7/site-packages/airflow/example_dags/tutorial_taskflow_api.py
[2023-09-09T02:40:01.098+0000] {processor.py:766} INFO - DAG(s) dict_keys(['tutorial_taskflow_api']) retrieved from /home/airflow/.local/lib/python3.7/site-packages/airflow/example_dags/tutorial_taskflow_api.py
[2023-09-09T02:40:01.128+0000] {logging_mixin.py:120} INFO - [2023-09-09T02:40:01.128+0000] {dag.py:2585} INFO - Sync 1 DAGs
[2023-09-09T02:40:01.145+0000] {logging_mixin.py:120} INFO - [2023-09-09T02:40:01.145+0000] {dag.py:3340} INFO - Setting next_dagrun for tutorial_taskflow_api to None, run_after=None
[2023-09-09T02:40:01.163+0000] {processor.py:176} INFO - Processing /home/airflow/.local/lib/python3.7/site-packages/airflow/example_dags/tutorial_taskflow_api.py took 0.084 seconds
[2023-09-09T02:40:31.552+0000] {processor.py:154} INFO - Started process (PID=508) to work on /home/airflow/.local/lib/python3.7/site-packages/airflow/example_dags/tutorial_taskflow_api.py
[2023-09-09T02:40:31.553+0000] {processor.py:756} INFO - Processing file /home/airflow/.local/lib/python3.7/site-packages/airflow/example_dags/tutorial_taskflow_api.py for tasks to queue
[2023-09-09T02:40:31.554+0000] {logging_mixin.py:120} INFO - [2023-09-09T02:40:31.553+0000] {dagbag.py:537} INFO - Filling up the DagBag from /home/airflow/.local/lib/python3.7/site-packages/airflow/example_dags/tutorial_taskflow_api.py
[2023-09-09T02:40:31.570+0000] {processor.py:766} INFO - DAG(s) dict_keys(['tutorial_taskflow_api']) retrieved from /home/airflow/.local/lib/python3.7/site-packages/airflow/example_dags/tutorial_taskflow_api.py
[2023-09-09T02:40:31.601+0000] {logging_mixin.py:120} INFO - [2023-09-09T02:40:31.601+0000] {dag.py:2585} INFO - Sync 1 DAGs
[2023-09-09T02:40:31.619+0000] {logging_mixin.py:120} INFO - [2023-09-09T02:40:31.619+0000] {dag.py:3340} INFO - Setting next_dagrun for tutorial_taskflow_api to None, run_after=None
[2023-09-09T02:40:31.639+0000] {processor.py:176} INFO - Processing /home/airflow/.local/lib/python3.7/site-packages/airflow/example_dags/tutorial_taskflow_api.py took 0.090 seconds
[2023-09-09T02:41:01.809+0000] {processor.py:154} INFO - Started process (PID=582) to work on /home/airflow/.local/lib/python3.7/site-packages/airflow/example_dags/tutorial_taskflow_api.py
[2023-09-09T02:41:01.810+0000] {processor.py:756} INFO - Processing file /home/airflow/.local/lib/python3.7/site-packages/airflow/example_dags/tutorial_taskflow_api.py for tasks to queue
[2023-09-09T02:41:01.811+0000] {logging_mixin.py:120} INFO - [2023-09-09T02:41:01.811+0000] {dagbag.py:537} INFO - Filling up the DagBag from /home/airflow/.local/lib/python3.7/site-packages/airflow/example_dags/tutorial_taskflow_api.py
[2023-09-09T02:41:01.828+0000] {processor.py:766} INFO - DAG(s) dict_keys(['tutorial_taskflow_api']) retrieved from /home/airflow/.local/lib/python3.7/site-packages/airflow/example_dags/tutorial_taskflow_api.py
[2023-09-09T02:41:01.860+0000] {logging_mixin.py:120} INFO - [2023-09-09T02:41:01.860+0000] {dag.py:2585} INFO - Sync 1 DAGs
[2023-09-09T02:41:01.880+0000] {logging_mixin.py:120} INFO - [2023-09-09T02:41:01.880+0000] {dag.py:3340} INFO - Setting next_dagrun for tutorial_taskflow_api to None, run_after=None
[2023-09-09T02:41:01.902+0000] {processor.py:176} INFO - Processing /home/airflow/.local/lib/python3.7/site-packages/airflow/example_dags/tutorial_taskflow_api.py took 0.095 seconds
[2023-09-09T02:41:32.594+0000] {processor.py:154} INFO - Started process (PID=656) to work on /home/airflow/.local/lib/python3.7/site-packages/airflow/example_dags/tutorial_taskflow_api.py
[2023-09-09T02:41:32.595+0000] {processor.py:756} INFO - Processing file /home/airflow/.local/lib/python3.7/site-packages/airflow/example_dags/tutorial_taskflow_api.py for tasks to queue
[2023-09-09T02:41:32.596+0000] {logging_mixin.py:120} INFO - [2023-09-09T02:41:32.595+0000] {dagbag.py:537} INFO - Filling up the DagBag from /home/airflow/.local/lib/python3.7/site-packages/airflow/example_dags/tutorial_taskflow_api.py
[2023-09-09T02:41:32.613+0000] {processor.py:766} INFO - DAG(s) dict_keys(['tutorial_taskflow_api']) retrieved from /home/airflow/.local/lib/python3.7/site-packages/airflow/example_dags/tutorial_taskflow_api.py
[2023-09-09T02:41:32.645+0000] {logging_mixin.py:120} INFO - [2023-09-09T02:41:32.645+0000] {dag.py:2585} INFO - Sync 1 DAGs
[2023-09-09T02:41:32.668+0000] {logging_mixin.py:120} INFO - [2023-09-09T02:41:32.668+0000] {dag.py:3340} INFO - Setting next_dagrun for tutorial_taskflow_api to None, run_after=None
[2023-09-09T02:41:32.690+0000] {processor.py:176} INFO - Processing /home/airflow/.local/lib/python3.7/site-packages/airflow/example_dags/tutorial_taskflow_api.py took 0.100 seconds
[2023-09-09T02:42:03.019+0000] {processor.py:154} INFO - Started process (PID=729) to work on /home/airflow/.local/lib/python3.7/site-packages/airflow/example_dags/tutorial_taskflow_api.py
[2023-09-09T02:42:03.020+0000] {processor.py:756} INFO - Processing file /home/airflow/.local/lib/python3.7/site-packages/airflow/example_dags/tutorial_taskflow_api.py for tasks to queue
[2023-09-09T02:42:03.021+0000] {logging_mixin.py:120} INFO - [2023-09-09T02:42:03.021+0000] {dagbag.py:537} INFO - Filling up the DagBag from /home/airflow/.local/lib/python3.7/site-packages/airflow/example_dags/tutorial_taskflow_api.py
[2023-09-09T02:42:03.040+0000] {processor.py:766} INFO - DAG(s) dict_keys(['tutorial_taskflow_api']) retrieved from /home/airflow/.local/lib/python3.7/site-packages/airflow/example_dags/tutorial_taskflow_api.py
[2023-09-09T02:42:03.080+0000] {logging_mixin.py:120} INFO - [2023-09-09T02:42:03.080+0000] {dag.py:2585} INFO - Sync 1 DAGs
[2023-09-09T02:42:03.103+0000] {logging_mixin.py:120} INFO - [2023-09-09T02:42:03.103+0000] {dag.py:3340} INFO - Setting next_dagrun for tutorial_taskflow_api to None, run_after=None
[2023-09-09T02:42:03.124+0000] {processor.py:176} INFO - Processing /home/airflow/.local/lib/python3.7/site-packages/airflow/example_dags/tutorial_taskflow_api.py took 0.108 seconds
[2023-09-09T02:42:33.706+0000] {processor.py:154} INFO - Started process (PID=809) to work on /home/airflow/.local/lib/python3.7/site-packages/airflow/example_dags/tutorial_taskflow_api.py
[2023-09-09T02:42:33.707+0000] {processor.py:756} INFO - Processing file /home/airflow/.local/lib/python3.7/site-packages/airflow/example_dags/tutorial_taskflow_api.py for tasks to queue
[2023-09-09T02:42:33.708+0000] {logging_mixin.py:120} INFO - [2023-09-09T02:42:33.708+0000] {dagbag.py:537} INFO - Filling up the DagBag from /home/airflow/.local/lib/python3.7/site-packages/airflow/example_dags/tutorial_taskflow_api.py
[2023-09-09T02:42:33.724+0000] {processor.py:766} INFO - DAG(s) dict_keys(['tutorial_taskflow_api']) retrieved from /home/airflow/.local/lib/python3.7/site-packages/airflow/example_dags/tutorial_taskflow_api.py
[2023-09-09T02:42:33.757+0000] {logging_mixin.py:120} INFO - [2023-09-09T02:42:33.757+0000] {dag.py:2585} INFO - Sync 1 DAGs
[2023-09-09T02:42:33.778+0000] {logging_mixin.py:120} INFO - [2023-09-09T02:42:33.777+0000] {dag.py:3340} INFO - Setting next_dagrun for tutorial_taskflow_api to None, run_after=None
[2023-09-09T02:42:33.798+0000] {processor.py:176} INFO - Processing /home/airflow/.local/lib/python3.7/site-packages/airflow/example_dags/tutorial_taskflow_api.py took 0.095 seconds
[2023-09-09T02:43:04.153+0000] {processor.py:154} INFO - Started process (PID=887) to work on /home/airflow/.local/lib/python3.7/site-packages/airflow/example_dags/tutorial_taskflow_api.py
[2023-09-09T02:43:04.155+0000] {processor.py:756} INFO - Processing file /home/airflow/.local/lib/python3.7/site-packages/airflow/example_dags/tutorial_taskflow_api.py for tasks to queue
[2023-09-09T02:43:04.156+0000] {logging_mixin.py:120} INFO - [2023-09-09T02:43:04.156+0000] {dagbag.py:537} INFO - Filling up the DagBag from /home/airflow/.local/lib/python3.7/site-packages/airflow/example_dags/tutorial_taskflow_api.py
[2023-09-09T02:43:04.171+0000] {processor.py:766} INFO - DAG(s) dict_keys(['tutorial_taskflow_api']) retrieved from /home/airflow/.local/lib/python3.7/site-packages/airflow/example_dags/tutorial_taskflow_api.py
[2023-09-09T02:43:04.200+0000] {logging_mixin.py:120} INFO - [2023-09-09T02:43:04.200+0000] {dag.py:2585} INFO - Sync 1 DAGs
[2023-09-09T02:43:04.218+0000] {logging_mixin.py:120} INFO - [2023-09-09T02:43:04.218+0000] {dag.py:3340} INFO - Setting next_dagrun for tutorial_taskflow_api to None, run_after=None
[2023-09-09T02:43:04.236+0000] {processor.py:176} INFO - Processing /home/airflow/.local/lib/python3.7/site-packages/airflow/example_dags/tutorial_taskflow_api.py took 0.085 seconds
[2023-09-09T02:43:34.656+0000] {processor.py:154} INFO - Started process (PID=950) to work on /home/airflow/.local/lib/python3.7/site-packages/airflow/example_dags/tutorial_taskflow_api.py
[2023-09-09T02:43:34.657+0000] {processor.py:756} INFO - Processing file /home/airflow/.local/lib/python3.7/site-packages/airflow/example_dags/tutorial_taskflow_api.py for tasks to queue
[2023-09-09T02:43:34.657+0000] {logging_mixin.py:120} INFO - [2023-09-09T02:43:34.657+0000] {dagbag.py:537} INFO - Filling up the DagBag from /home/airflow/.local/lib/python3.7/site-packages/airflow/example_dags/tutorial_taskflow_api.py
[2023-09-09T02:43:34.674+0000] {processor.py:766} INFO - DAG(s) dict_keys(['tutorial_taskflow_api']) retrieved from /home/airflow/.local/lib/python3.7/site-packages/airflow/example_dags/tutorial_taskflow_api.py
[2023-09-09T02:43:34.711+0000] {logging_mixin.py:120} INFO - [2023-09-09T02:43:34.711+0000] {dag.py:2585} INFO - Sync 1 DAGs
[2023-09-09T02:43:34.734+0000] {logging_mixin.py:120} INFO - [2023-09-09T02:43:34.734+0000] {dag.py:3340} INFO - Setting next_dagrun for tutorial_taskflow_api to None, run_after=None
[2023-09-09T02:43:34.757+0000] {processor.py:176} INFO - Processing /home/airflow/.local/lib/python3.7/site-packages/airflow/example_dags/tutorial_taskflow_api.py took 0.103 seconds
[2023-09-09T02:44:04.878+0000] {processor.py:154} INFO - Started process (PID=1024) to work on /home/airflow/.local/lib/python3.7/site-packages/airflow/example_dags/tutorial_taskflow_api.py
[2023-09-09T02:44:04.879+0000] {processor.py:756} INFO - Processing file /home/airflow/.local/lib/python3.7/site-packages/airflow/example_dags/tutorial_taskflow_api.py for tasks to queue
[2023-09-09T02:44:04.880+0000] {logging_mixin.py:120} INFO - [2023-09-09T02:44:04.880+0000] {dagbag.py:537} INFO - Filling up the DagBag from /home/airflow/.local/lib/python3.7/site-packages/airflow/example_dags/tutorial_taskflow_api.py
[2023-09-09T02:44:04.903+0000] {processor.py:766} INFO - DAG(s) dict_keys(['tutorial_taskflow_api']) retrieved from /home/airflow/.local/lib/python3.7/site-packages/airflow/example_dags/tutorial_taskflow_api.py
[2023-09-09T02:44:04.939+0000] {logging_mixin.py:120} INFO - [2023-09-09T02:44:04.939+0000] {dag.py:2585} INFO - Sync 1 DAGs
[2023-09-09T02:44:04.965+0000] {logging_mixin.py:120} INFO - [2023-09-09T02:44:04.965+0000] {dag.py:3340} INFO - Setting next_dagrun for tutorial_taskflow_api to None, run_after=None
[2023-09-09T02:44:04.992+0000] {processor.py:176} INFO - Processing /home/airflow/.local/lib/python3.7/site-packages/airflow/example_dags/tutorial_taskflow_api.py took 0.116 seconds
[2023-09-09T02:44:35.056+0000] {processor.py:154} INFO - Started process (PID=1099) to work on /home/airflow/.local/lib/python3.7/site-packages/airflow/example_dags/tutorial_taskflow_api.py
[2023-09-09T02:44:35.057+0000] {processor.py:756} INFO - Processing file /home/airflow/.local/lib/python3.7/site-packages/airflow/example_dags/tutorial_taskflow_api.py for tasks to queue
[2023-09-09T02:44:35.058+0000] {logging_mixin.py:120} INFO - [2023-09-09T02:44:35.057+0000] {dagbag.py:537} INFO - Filling up the DagBag from /home/airflow/.local/lib/python3.7/site-packages/airflow/example_dags/tutorial_taskflow_api.py
[2023-09-09T02:44:35.073+0000] {processor.py:766} INFO - DAG(s) dict_keys(['tutorial_taskflow_api']) retrieved from /home/airflow/.local/lib/python3.7/site-packages/airflow/example_dags/tutorial_taskflow_api.py
[2023-09-09T02:44:35.103+0000] {logging_mixin.py:120} INFO - [2023-09-09T02:44:35.102+0000] {dag.py:2585} INFO - Sync 1 DAGs
[2023-09-09T02:44:35.121+0000] {logging_mixin.py:120} INFO - [2023-09-09T02:44:35.120+0000] {dag.py:3340} INFO - Setting next_dagrun for tutorial_taskflow_api to None, run_after=None
[2023-09-09T02:44:35.139+0000] {processor.py:176} INFO - Processing /home/airflow/.local/lib/python3.7/site-packages/airflow/example_dags/tutorial_taskflow_api.py took 0.086 seconds
[2023-09-09T02:45:05.724+0000] {processor.py:154} INFO - Started process (PID=1172) to work on /home/airflow/.local/lib/python3.7/site-packages/airflow/example_dags/tutorial_taskflow_api.py
[2023-09-09T02:45:05.725+0000] {processor.py:756} INFO - Processing file /home/airflow/.local/lib/python3.7/site-packages/airflow/example_dags/tutorial_taskflow_api.py for tasks to queue
[2023-09-09T02:45:05.726+0000] {logging_mixin.py:120} INFO - [2023-09-09T02:45:05.726+0000] {dagbag.py:537} INFO - Filling up the DagBag from /home/airflow/.local/lib/python3.7/site-packages/airflow/example_dags/tutorial_taskflow_api.py
[2023-09-09T02:45:05.746+0000] {processor.py:766} INFO - DAG(s) dict_keys(['tutorial_taskflow_api']) retrieved from /home/airflow/.local/lib/python3.7/site-packages/airflow/example_dags/tutorial_taskflow_api.py
[2023-09-09T02:45:05.787+0000] {logging_mixin.py:120} INFO - [2023-09-09T02:45:05.786+0000] {dag.py:2585} INFO - Sync 1 DAGs
[2023-09-09T02:45:05.816+0000] {logging_mixin.py:120} INFO - [2023-09-09T02:45:05.816+0000] {dag.py:3340} INFO - Setting next_dagrun for tutorial_taskflow_api to None, run_after=None
[2023-09-09T02:45:05.843+0000] {processor.py:176} INFO - Processing /home/airflow/.local/lib/python3.7/site-packages/airflow/example_dags/tutorial_taskflow_api.py took 0.123 seconds
