[2023-09-05T18:18:59.867+0000] {taskinstance.py:1165} INFO - Dependencies all met for <TaskInstance: group_dag.downloads.download_b scheduled__2023-09-05T18:18:57.741077+00:00 [queued]>
[2023-09-05T18:18:59.874+0000] {taskinstance.py:1165} INFO - Dependencies all met for <TaskInstance: group_dag.downloads.download_b scheduled__2023-09-05T18:18:57.741077+00:00 [queued]>
[2023-09-05T18:18:59.875+0000] {taskinstance.py:1362} INFO - 
--------------------------------------------------------------------------------
[2023-09-05T18:18:59.875+0000] {taskinstance.py:1363} INFO - Starting attempt 1 of 1
[2023-09-05T18:18:59.876+0000] {taskinstance.py:1364} INFO - 
--------------------------------------------------------------------------------
[2023-09-05T18:18:59.894+0000] {taskinstance.py:1383} INFO - Executing <Task(BashOperator): download_b> on 2023-09-05 18:18:57.741077+00:00
[2023-09-05T18:18:59.898+0000] {standard_task_runner.py:55} INFO - Started process 6369 to run task
[2023-09-05T18:18:59.902+0000] {standard_task_runner.py:82} INFO - Running: ['***', 'tasks', 'run', 'group_dag.downloads', 'download_b', 'scheduled__2023-09-05T18:18:57.741077+00:00', '--job-id', '152', '--raw', '--subdir', 'DAGS_FOLDER/group_dag.py', '--cfg-path', '/tmp/tmp5bvsku57']
[2023-09-05T18:18:59.902+0000] {standard_task_runner.py:83} INFO - Job 152: Subtask download_b
[2023-09-05T18:18:59.952+0000] {task_command.py:376} INFO - Running <TaskInstance: group_dag.downloads.download_b scheduled__2023-09-05T18:18:57.741077+00:00 [running]> on host d0466a17bb90
[2023-09-05T18:19:00.008+0000] {taskinstance.py:1592} INFO - Exporting the following env vars:
AIRFLOW_CTX_DAG_OWNER=***
AIRFLOW_CTX_DAG_ID=group_dag.downloads
AIRFLOW_CTX_TASK_ID=download_b
AIRFLOW_CTX_EXECUTION_DATE=2023-09-05T18:18:57.741077+00:00
AIRFLOW_CTX_TRY_NUMBER=1
AIRFLOW_CTX_DAG_RUN_ID=scheduled__2023-09-05T18:18:57.741077+00:00
[2023-09-05T18:19:00.009+0000] {subprocess.py:63} INFO - Tmp dir root location: 
 /tmp
[2023-09-05T18:19:00.010+0000] {subprocess.py:75} INFO - Running command: ['/bin/bash', '-c', 'sleep 10']
[2023-09-05T18:19:00.019+0000] {subprocess.py:86} INFO - Output:
[2023-09-05T18:19:10.022+0000] {subprocess.py:97} INFO - Command exited with return code 0
[2023-09-05T18:19:10.063+0000] {taskinstance.py:1406} INFO - Marking task as SUCCESS. dag_id=group_dag.downloads, task_id=download_b, execution_date=20230905T181857, start_date=20230905T181859, end_date=20230905T181910
[2023-09-05T18:19:10.107+0000] {local_task_job.py:164} INFO - Task exited with return code 0
[2023-09-05T18:19:10.130+0000] {local_task_job.py:273} INFO - 0 downstream tasks scheduled from follow-on schedule check
