[2023-08-25T16:13:25.696+0000] {taskinstance.py:1165} INFO - Dependencies all met for <TaskInstance: user_processing.extract_user manual__2023-08-25T16:13:24.729688+00:00 [queued]>
[2023-08-25T16:13:25.704+0000] {taskinstance.py:1165} INFO - Dependencies all met for <TaskInstance: user_processing.extract_user manual__2023-08-25T16:13:24.729688+00:00 [queued]>
[2023-08-25T16:13:25.704+0000] {taskinstance.py:1362} INFO - 
--------------------------------------------------------------------------------
[2023-08-25T16:13:25.705+0000] {taskinstance.py:1363} INFO - Starting attempt 1 of 1
[2023-08-25T16:13:25.705+0000] {taskinstance.py:1364} INFO - 
--------------------------------------------------------------------------------
[2023-08-25T16:13:25.717+0000] {taskinstance.py:1383} INFO - Executing <Task(SimpleHttpOperator): extract_user> on 2023-08-25 16:13:24.729688+00:00
[2023-08-25T16:13:25.722+0000] {standard_task_runner.py:55} INFO - Started process 3941 to run task
[2023-08-25T16:13:25.725+0000] {standard_task_runner.py:82} INFO - Running: ['***', 'tasks', 'run', 'user_processing', 'extract_user', 'manual__2023-08-25T16:13:24.729688+00:00', '--job-id', '50', '--raw', '--subdir', 'DAGS_FOLDER/user_processing.py', '--cfg-path', '/tmp/tmptlj_94m5']
[2023-08-25T16:13:25.727+0000] {standard_task_runner.py:83} INFO - Job 50: Subtask extract_user
[2023-08-25T16:13:25.776+0000] {task_command.py:376} INFO - Running <TaskInstance: user_processing.extract_user manual__2023-08-25T16:13:24.729688+00:00 [running]> on host 22e2fb7a3f74
[2023-08-25T16:13:25.830+0000] {taskinstance.py:1592} INFO - Exporting the following env vars:
AIRFLOW_CTX_DAG_OWNER=***
AIRFLOW_CTX_DAG_ID=user_processing
AIRFLOW_CTX_TASK_ID=extract_user
AIRFLOW_CTX_EXECUTION_DATE=2023-08-25T16:13:24.729688+00:00
AIRFLOW_CTX_TRY_NUMBER=1
AIRFLOW_CTX_DAG_RUN_ID=manual__2023-08-25T16:13:24.729688+00:00
[2023-08-25T16:13:25.832+0000] {http.py:121} INFO - Calling HTTP method
[2023-08-25T16:13:25.839+0000] {base.py:71} INFO - Using connection ID 'user_api' for task execution.
[2023-08-25T16:13:25.840+0000] {http.py:148} INFO - Sending 'GET' to url: https://randomuser.me/api/
[2023-08-25T16:13:26.123+0000] {http.py:125} INFO - {"results":[{"gender":"male","name":{"title":"Mr","first":"Aditya","last":"Shetty"},"location":{"street":{"number":7298,"name":"Mint St"},"city":"Khandwa","state":"Punjab","country":"India","postcode":83016,"coordinates":{"latitude":"9.3278","longitude":"-17.8556"},"timezone":{"offset":"0:00","description":"Western Europe Time, London, Lisbon, Casablanca"}},"email":"aditya.shetty@example.com","login":{"uuid":"0d7b87cc-4da9-490b-a588-72f88c8a4eac","username":"orangeleopard537","password":"fluffy","salt":"r1NMLcQk","md5":"0913726898f5f2c2f27af96867b133cb","sha1":"46f6b2534972d75aef97abebc3d9cf50252c3a25","sha256":"ca961eb5aa27da2a1a979ee10bd45851fd68b0d9e507c519cfd04dbbe8ccb7fa"},"dob":{"date":"1954-01-04T12:59:00.642Z","age":69},"registered":{"date":"2022-02-06T12:20:30.432Z","age":1},"phone":"8756286730","cell":"7034433399","id":{"name":"UIDAI","value":"234551954590"},"picture":{"large":"https://randomuser.me/api/portraits/men/53.jpg","medium":"https://randomuser.me/api/portraits/med/men/53.jpg","thumbnail":"https://randomuser.me/api/portraits/thumb/men/53.jpg"},"nat":"IN"}],"info":{"seed":"f3986ee9dd6b7638","results":1,"page":1,"version":"1.4"}}
[2023-08-25T16:13:26.144+0000] {taskinstance.py:1406} INFO - Marking task as SUCCESS. dag_id=user_processing, task_id=extract_user, execution_date=20230825T161324, start_date=20230825T161325, end_date=20230825T161326
[2023-08-25T16:13:26.179+0000] {local_task_job.py:164} INFO - Task exited with return code 0
[2023-08-25T16:13:26.199+0000] {local_task_job.py:273} INFO - 1 downstream tasks scheduled from follow-on schedule check
