[2023-08-25T16:12:07.617+0000] {taskinstance.py:1165} INFO - Dependencies all met for <TaskInstance: user_processing.extract_user manual__2023-08-25T16:12:06.537361+00:00 [queued]>
[2023-08-25T16:12:07.626+0000] {taskinstance.py:1165} INFO - Dependencies all met for <TaskInstance: user_processing.extract_user manual__2023-08-25T16:12:06.537361+00:00 [queued]>
[2023-08-25T16:12:07.627+0000] {taskinstance.py:1362} INFO - 
--------------------------------------------------------------------------------
[2023-08-25T16:12:07.627+0000] {taskinstance.py:1363} INFO - Starting attempt 1 of 1
[2023-08-25T16:12:07.628+0000] {taskinstance.py:1364} INFO - 
--------------------------------------------------------------------------------
[2023-08-25T16:12:07.641+0000] {taskinstance.py:1383} INFO - Executing <Task(SimpleHttpOperator): extract_user> on 2023-08-25 16:12:06.537361+00:00
[2023-08-25T16:12:07.648+0000] {standard_task_runner.py:55} INFO - Started process 3831 to run task
[2023-08-25T16:12:07.651+0000] {standard_task_runner.py:82} INFO - Running: ['***', 'tasks', 'run', 'user_processing', 'extract_user', 'manual__2023-08-25T16:12:06.537361+00:00', '--job-id', '35', '--raw', '--subdir', 'DAGS_FOLDER/user_processing.py', '--cfg-path', '/tmp/tmp9cbp57n_']
[2023-08-25T16:12:07.653+0000] {standard_task_runner.py:83} INFO - Job 35: Subtask extract_user
[2023-08-25T16:12:07.708+0000] {task_command.py:376} INFO - Running <TaskInstance: user_processing.extract_user manual__2023-08-25T16:12:06.537361+00:00 [running]> on host 22e2fb7a3f74
[2023-08-25T16:12:07.769+0000] {taskinstance.py:1592} INFO - Exporting the following env vars:
AIRFLOW_CTX_DAG_OWNER=***
AIRFLOW_CTX_DAG_ID=user_processing
AIRFLOW_CTX_TASK_ID=extract_user
AIRFLOW_CTX_EXECUTION_DATE=2023-08-25T16:12:06.537361+00:00
AIRFLOW_CTX_TRY_NUMBER=1
AIRFLOW_CTX_DAG_RUN_ID=manual__2023-08-25T16:12:06.537361+00:00
[2023-08-25T16:12:07.770+0000] {http.py:121} INFO - Calling HTTP method
[2023-08-25T16:12:07.778+0000] {base.py:71} INFO - Using connection ID 'user_api' for task execution.
[2023-08-25T16:12:07.780+0000] {http.py:148} INFO - Sending 'GET' to url: https://randomuser.me/api/
[2023-08-25T16:12:08.041+0000] {http.py:125} INFO - {"results":[{"gender":"male","name":{"title":"Monsieur","first":"Serge","last":"Sanchez"},"location":{"street":{"number":2948,"name":"Rue de la Barre"},"city":"Oberlunkhofen","state":"Appenzell Innerrhoden","country":"Switzerland","postcode":7356,"coordinates":{"latitude":"-63.7817","longitude":"-141.7642"},"timezone":{"offset":"-8:00","description":"Pacific Time (US & Canada)"}},"email":"serge.sanchez@example.com","login":{"uuid":"ef24aa12-df42-4d96-afac-2732b939cba8","username":"purplerabbit253","password":"whocares","salt":"28tjYKz6","md5":"9362e3e43e10f4ff69d4d63623bedbfe","sha1":"d2f00a678416b573bfda6ca768ac1f83f53427e7","sha256":"4b4bdd7dc8c916149a6631e8f84e7e34a0982903715e1090e740d4054e9b98e7"},"dob":{"date":"1972-05-09T07:11:28.373Z","age":51},"registered":{"date":"2006-10-23T15:58:37.114Z","age":16},"phone":"078 257 76 50","cell":"078 980 44 04","id":{"name":"AVS","value":"756.3942.2488.98"},"picture":{"large":"https://randomuser.me/api/portraits/men/13.jpg","medium":"https://randomuser.me/api/portraits/med/men/13.jpg","thumbnail":"https://randomuser.me/api/portraits/thumb/men/13.jpg"},"nat":"CH"}],"info":{"seed":"7ddaa06e22292c9f","results":1,"page":1,"version":"1.4"}}
[2023-08-25T16:12:08.063+0000] {taskinstance.py:1406} INFO - Marking task as SUCCESS. dag_id=user_processing, task_id=extract_user, execution_date=20230825T161206, start_date=20230825T161207, end_date=20230825T161208
[2023-08-25T16:12:08.104+0000] {local_task_job.py:164} INFO - Task exited with return code 0
[2023-08-25T16:12:08.125+0000] {local_task_job.py:273} INFO - 1 downstream tasks scheduled from follow-on schedule check
