[2023-08-28T15:54:05.081+0000] {taskinstance.py:1165} INFO - Dependencies all met for <TaskInstance: user_processing.store_user manual__2023-08-28T15:53:59.643556+00:00 [queued]>
[2023-08-28T15:54:05.091+0000] {taskinstance.py:1165} INFO - Dependencies all met for <TaskInstance: user_processing.store_user manual__2023-08-28T15:53:59.643556+00:00 [queued]>
[2023-08-28T15:54:05.091+0000] {taskinstance.py:1362} INFO - 
--------------------------------------------------------------------------------
[2023-08-28T15:54:05.092+0000] {taskinstance.py:1363} INFO - Starting attempt 1 of 1
[2023-08-28T15:54:05.092+0000] {taskinstance.py:1364} INFO - 
--------------------------------------------------------------------------------
[2023-08-28T15:54:05.106+0000] {taskinstance.py:1383} INFO - Executing <Task(PythonOperator): store_user> on 2023-08-28 15:53:59.643556+00:00
[2023-08-28T15:54:05.111+0000] {standard_task_runner.py:55} INFO - Started process 3511 to run task
[2023-08-28T15:54:05.114+0000] {standard_task_runner.py:82} INFO - Running: ['***', 'tasks', 'run', 'user_processing', 'store_user', 'manual__2023-08-28T15:53:59.643556+00:00', '--job-id', '81', '--raw', '--subdir', 'DAGS_FOLDER/user_processing.py', '--cfg-path', '/tmp/tmpnc42ehpr']
[2023-08-28T15:54:05.117+0000] {standard_task_runner.py:83} INFO - Job 81: Subtask store_user
[2023-08-28T15:54:05.169+0000] {task_command.py:376} INFO - Running <TaskInstance: user_processing.store_user manual__2023-08-28T15:53:59.643556+00:00 [running]> on host 22e2fb7a3f74
[2023-08-28T15:54:05.229+0000] {taskinstance.py:1592} INFO - Exporting the following env vars:
AIRFLOW_CTX_DAG_OWNER=***
AIRFLOW_CTX_DAG_ID=user_processing
AIRFLOW_CTX_TASK_ID=store_user
AIRFLOW_CTX_EXECUTION_DATE=2023-08-28T15:53:59.643556+00:00
AIRFLOW_CTX_TRY_NUMBER=1
AIRFLOW_CTX_DAG_RUN_ID=manual__2023-08-28T15:53:59.643556+00:00
[2023-08-28T15:54:05.230+0000] {postgres.py:129} INFO - Running copy expert:  COPY users FROM stdin WITH DELIMITER as ',' , filename: /tmp/processed_user.csv
[2023-08-28T15:54:05.237+0000] {base.py:71} INFO - Using connection ID 'postgres' for task execution.
[2023-08-28T15:54:05.243+0000] {python.py:177} INFO - Done. Returned value was: None
[2023-08-28T15:54:05.251+0000] {taskinstance.py:1406} INFO - Marking task as SUCCESS. dag_id=user_processing, task_id=store_user, execution_date=20230828T155359, start_date=20230828T155405, end_date=20230828T155405
[2023-08-28T15:54:05.327+0000] {local_task_job.py:164} INFO - Task exited with return code 0
[2023-08-28T15:54:05.343+0000] {local_task_job.py:273} INFO - 0 downstream tasks scheduled from follow-on schedule check
