[2023-09-05T18:05:50.992+0000] {taskinstance.py:1165} INFO - Dependencies all met for <TaskInstance: group_dag.downloads.download_a scheduled__2023-09-04T00:00:00+00:00 [queued]>
[2023-09-05T18:05:51.003+0000] {taskinstance.py:1165} INFO - Dependencies all met for <TaskInstance: group_dag.downloads.download_a scheduled__2023-09-04T00:00:00+00:00 [queued]>
[2023-09-05T18:05:51.004+0000] {taskinstance.py:1362} INFO - 
--------------------------------------------------------------------------------
[2023-09-05T18:05:51.004+0000] {taskinstance.py:1363} INFO - Starting attempt 1 of 1
[2023-09-05T18:05:51.005+0000] {taskinstance.py:1364} INFO - 
--------------------------------------------------------------------------------
[2023-09-05T18:05:51.021+0000] {taskinstance.py:1383} INFO - Executing <Task(BashOperator): download_a> on 2023-09-04 00:00:00+00:00
[2023-09-05T18:05:51.026+0000] {standard_task_runner.py:55} INFO - Started process 5698 to run task
[2023-09-05T18:05:51.030+0000] {standard_task_runner.py:82} INFO - Running: ['***', 'tasks', 'run', 'group_dag.downloads', 'download_a', 'scheduled__2023-09-04T00:00:00+00:00', '--job-id', '135', '--raw', '--subdir', 'DAGS_FOLDER/group_dag.py', '--cfg-path', '/tmp/tmph5ke4vqa']
[2023-09-05T18:05:51.031+0000] {standard_task_runner.py:83} INFO - Job 135: Subtask download_a
[2023-09-05T18:05:51.101+0000] {task_command.py:376} INFO - Running <TaskInstance: group_dag.downloads.download_a scheduled__2023-09-04T00:00:00+00:00 [running]> on host d0466a17bb90
[2023-09-05T18:05:51.184+0000] {taskinstance.py:1592} INFO - Exporting the following env vars:
AIRFLOW_CTX_DAG_OWNER=***
AIRFLOW_CTX_DAG_ID=group_dag.downloads
AIRFLOW_CTX_TASK_ID=download_a
AIRFLOW_CTX_EXECUTION_DATE=2023-09-04T00:00:00+00:00
AIRFLOW_CTX_TRY_NUMBER=1
AIRFLOW_CTX_DAG_RUN_ID=scheduled__2023-09-04T00:00:00+00:00
[2023-09-05T18:05:51.186+0000] {subprocess.py:63} INFO - Tmp dir root location: 
 /tmp
[2023-09-05T18:05:51.187+0000] {subprocess.py:75} INFO - Running command: ['/bin/bash', '-c', 'sleep 10']
[2023-09-05T18:05:51.197+0000] {subprocess.py:86} INFO - Output:
[2023-09-05T18:06:01.200+0000] {subprocess.py:97} INFO - Command exited with return code 0
[2023-09-05T18:06:01.222+0000] {taskinstance.py:1406} INFO - Marking task as SUCCESS. dag_id=group_dag.downloads, task_id=download_a, execution_date=20230904T000000, start_date=20230905T180550, end_date=20230905T180601
[2023-09-05T18:06:01.265+0000] {local_task_job.py:164} INFO - Task exited with return code 0
[2023-09-05T18:06:01.286+0000] {local_task_job.py:273} INFO - 0 downstream tasks scheduled from follow-on schedule check
