[2023-08-28T15:47:10.683+0000] {taskinstance.py:1165} INFO - Dependencies all met for <TaskInstance: user_processing.store_user manual__2023-08-28T15:47:04.991913+00:00 [queued]>
[2023-08-28T15:47:10.691+0000] {taskinstance.py:1165} INFO - Dependencies all met for <TaskInstance: user_processing.store_user manual__2023-08-28T15:47:04.991913+00:00 [queued]>
[2023-08-28T15:47:10.692+0000] {taskinstance.py:1362} INFO - 
--------------------------------------------------------------------------------
[2023-08-28T15:47:10.693+0000] {taskinstance.py:1363} INFO - Starting attempt 1 of 1
[2023-08-28T15:47:10.693+0000] {taskinstance.py:1364} INFO - 
--------------------------------------------------------------------------------
[2023-08-28T15:47:10.706+0000] {taskinstance.py:1383} INFO - Executing <Task(PythonOperator): store_user> on 2023-08-28 15:47:04.991913+00:00
[2023-08-28T15:47:10.711+0000] {standard_task_runner.py:55} INFO - Started process 3152 to run task
[2023-08-28T15:47:10.714+0000] {standard_task_runner.py:82} INFO - Running: ['***', 'tasks', 'run', 'user_processing', 'store_user', 'manual__2023-08-28T15:47:04.991913+00:00', '--job-id', '76', '--raw', '--subdir', 'DAGS_FOLDER/user_processing.py', '--cfg-path', '/tmp/tmpyv34jas8']
[2023-08-28T15:47:10.715+0000] {standard_task_runner.py:83} INFO - Job 76: Subtask store_user
[2023-08-28T15:47:10.766+0000] {task_command.py:376} INFO - Running <TaskInstance: user_processing.store_user manual__2023-08-28T15:47:04.991913+00:00 [running]> on host 22e2fb7a3f74
[2023-08-28T15:47:10.824+0000] {taskinstance.py:1592} INFO - Exporting the following env vars:
AIRFLOW_CTX_DAG_OWNER=***
AIRFLOW_CTX_DAG_ID=user_processing
AIRFLOW_CTX_TASK_ID=store_user
AIRFLOW_CTX_EXECUTION_DATE=2023-08-28T15:47:04.991913+00:00
AIRFLOW_CTX_TRY_NUMBER=1
AIRFLOW_CTX_DAG_RUN_ID=manual__2023-08-28T15:47:04.991913+00:00
[2023-08-28T15:47:10.825+0000] {postgres.py:129} INFO - Running copy expert:  COPY users FROM stdin WITH DELIMITER as ',' , filename: /tmp/processed_user.csv
[2023-08-28T15:47:10.832+0000] {base.py:71} INFO - Using connection ID 'postgres' for task execution.
[2023-08-28T15:47:10.838+0000] {python.py:177} INFO - Done. Returned value was: None
[2023-08-28T15:47:10.847+0000] {taskinstance.py:1406} INFO - Marking task as SUCCESS. dag_id=user_processing, task_id=store_user, execution_date=20230828T154704, start_date=20230828T154710, end_date=20230828T154710
[2023-08-28T15:47:10.886+0000] {local_task_job.py:164} INFO - Task exited with return code 0
[2023-08-28T15:47:10.904+0000] {local_task_job.py:273} INFO - 0 downstream tasks scheduled from follow-on schedule check
