[2023-09-09T15:05:04.238+0000] {taskinstance.py:1165} INFO - Dependencies all met for <TaskInstance: xcom_dag.t1 manual__2023-09-09T15:05:02.960199+00:00 [queued]>
[2023-09-09T15:05:04.246+0000] {taskinstance.py:1165} INFO - Dependencies all met for <TaskInstance: xcom_dag.t1 manual__2023-09-09T15:05:02.960199+00:00 [queued]>
[2023-09-09T15:05:04.246+0000] {taskinstance.py:1362} INFO - 
--------------------------------------------------------------------------------
[2023-09-09T15:05:04.247+0000] {taskinstance.py:1363} INFO - Starting attempt 1 of 1
[2023-09-09T15:05:04.247+0000] {taskinstance.py:1364} INFO - 
--------------------------------------------------------------------------------
[2023-09-09T15:05:04.260+0000] {taskinstance.py:1383} INFO - Executing <Task(PythonOperator): t1> on 2023-09-09 15:05:02.960199+00:00
[2023-09-09T15:05:04.264+0000] {standard_task_runner.py:55} INFO - Started process 2443 to run task
[2023-09-09T15:05:04.267+0000] {standard_task_runner.py:82} INFO - Running: ['***', 'tasks', 'run', 'xcom_dag', 't1', 'manual__2023-09-09T15:05:02.960199+00:00', '--job-id', '204', '--raw', '--subdir', 'DAGS_FOLDER/xcom_dag.py', '--cfg-path', '/tmp/tmpoi4dudju']
[2023-09-09T15:05:04.268+0000] {standard_task_runner.py:83} INFO - Job 204: Subtask t1
[2023-09-09T15:05:04.320+0000] {task_command.py:376} INFO - Running <TaskInstance: xcom_dag.t1 manual__2023-09-09T15:05:02.960199+00:00 [running]> on host d0466a17bb90
[2023-09-09T15:05:04.380+0000] {taskinstance.py:1592} INFO - Exporting the following env vars:
AIRFLOW_CTX_DAG_OWNER=***
AIRFLOW_CTX_DAG_ID=xcom_dag
AIRFLOW_CTX_TASK_ID=t1
AIRFLOW_CTX_EXECUTION_DATE=2023-09-09T15:05:02.960199+00:00
AIRFLOW_CTX_TRY_NUMBER=1
AIRFLOW_CTX_DAG_RUN_ID=manual__2023-09-09T15:05:02.960199+00:00
[2023-09-09T15:05:04.394+0000] {python.py:177} INFO - Done. Returned value was: None
[2023-09-09T15:05:04.403+0000] {taskinstance.py:1406} INFO - Marking task as SUCCESS. dag_id=xcom_dag, task_id=t1, execution_date=20230909T150502, start_date=20230909T150504, end_date=20230909T150504
[2023-09-09T15:05:04.439+0000] {local_task_job.py:164} INFO - Task exited with return code 0
[2023-09-09T15:05:04.465+0000] {local_task_job.py:273} INFO - 1 downstream tasks scheduled from follow-on schedule check
