[2023-08-28T14:44:51.608+0000] {taskinstance.py:1165} INFO - Dependencies all met for <TaskInstance: user_processing.extract_user scheduled__2023-08-27T00:00:00+00:00 [queued]>
[2023-08-28T14:44:51.619+0000] {taskinstance.py:1165} INFO - Dependencies all met for <TaskInstance: user_processing.extract_user scheduled__2023-08-27T00:00:00+00:00 [queued]>
[2023-08-28T14:44:51.619+0000] {taskinstance.py:1362} INFO - 
--------------------------------------------------------------------------------
[2023-08-28T14:44:51.620+0000] {taskinstance.py:1363} INFO - Starting attempt 1 of 1
[2023-08-28T14:44:51.620+0000] {taskinstance.py:1364} INFO - 
--------------------------------------------------------------------------------
[2023-08-28T14:44:51.633+0000] {taskinstance.py:1383} INFO - Executing <Task(SimpleHttpOperator): extract_user> on 2023-08-27 00:00:00+00:00
[2023-08-28T14:44:51.639+0000] {standard_task_runner.py:55} INFO - Started process 92 to run task
[2023-08-28T14:44:51.642+0000] {standard_task_runner.py:82} INFO - Running: ['***', 'tasks', 'run', 'user_processing', 'extract_user', 'scheduled__2023-08-27T00:00:00+00:00', '--job-id', '62', '--raw', '--subdir', 'DAGS_FOLDER/user_processing.py', '--cfg-path', '/tmp/tmp3fbk_m66']
[2023-08-28T14:44:51.644+0000] {standard_task_runner.py:83} INFO - Job 62: Subtask extract_user
[2023-08-28T14:44:51.704+0000] {task_command.py:376} INFO - Running <TaskInstance: user_processing.extract_user scheduled__2023-08-27T00:00:00+00:00 [running]> on host 22e2fb7a3f74
[2023-08-28T14:44:51.771+0000] {taskinstance.py:1592} INFO - Exporting the following env vars:
AIRFLOW_CTX_DAG_OWNER=***
AIRFLOW_CTX_DAG_ID=user_processing
AIRFLOW_CTX_TASK_ID=extract_user
AIRFLOW_CTX_EXECUTION_DATE=2023-08-27T00:00:00+00:00
AIRFLOW_CTX_TRY_NUMBER=1
AIRFLOW_CTX_DAG_RUN_ID=scheduled__2023-08-27T00:00:00+00:00
[2023-08-28T14:44:51.772+0000] {http.py:121} INFO - Calling HTTP method
[2023-08-28T14:44:51.781+0000] {base.py:71} INFO - Using connection ID 'user_api' for task execution.
[2023-08-28T14:44:51.782+0000] {http.py:148} INFO - Sending 'GET' to url: https://randomuser.me/api/
[2023-08-28T14:44:53.378+0000] {http.py:125} INFO - {"results":[{"gender":"female","name":{"title":"Mrs","first":"Kayla","last":"Gordon"},"location":{"street":{"number":3632,"name":"Cork Street"},"city":"Leixlip","state":"Limerick","country":"Ireland","postcode":54823,"coordinates":{"latitude":"-3.6312","longitude":"57.5401"},"timezone":{"offset":"+5:00","description":"Ekaterinburg, Islamabad, Karachi, Tashkent"}},"email":"kayla.gordon@example.com","login":{"uuid":"955b5188-7267-460b-917f-98b5aceaf45c","username":"yellowmeercat551","password":"hockey1","salt":"izCzbTgh","md5":"a1e92479ea9dd72136b13da70eda7d47","sha1":"c20101f6826b18ad9a8436586efaac494507240a","sha256":"ddda7d9416bc9717c15bb32b12cac1cfb1208c06905e6f4aac7531b579f3c9ab"},"dob":{"date":"1986-11-26T21:19:51.031Z","age":36},"registered":{"date":"2009-06-11T12:15:08.939Z","age":14},"phone":"061-869-2374","cell":"081-882-2831","id":{"name":"PPS","value":"1996105T"},"picture":{"large":"https://randomuser.me/api/portraits/women/65.jpg","medium":"https://randomuser.me/api/portraits/med/women/65.jpg","thumbnail":"https://randomuser.me/api/portraits/thumb/women/65.jpg"},"nat":"IE"}],"info":{"seed":"8524425c98c25b8f","results":1,"page":1,"version":"1.4"}}
[2023-08-28T14:44:53.397+0000] {taskinstance.py:1406} INFO - Marking task as SUCCESS. dag_id=user_processing, task_id=extract_user, execution_date=20230827T000000, start_date=20230828T144451, end_date=20230828T144453
[2023-08-28T14:44:53.419+0000] {local_task_job.py:164} INFO - Task exited with return code 0
[2023-08-28T14:44:53.456+0000] {local_task_job.py:273} INFO - 1 downstream tasks scheduled from follow-on schedule check
