[2023-09-04T16:56:49.541+0000] {taskinstance.py:1165} INFO - Dependencies all met for <TaskInstance: parallel_dag.transform manual__2023-09-04T16:56:26.329824+00:00 [queued]>
[2023-09-04T16:56:49.550+0000] {taskinstance.py:1165} INFO - Dependencies all met for <TaskInstance: parallel_dag.transform manual__2023-09-04T16:56:26.329824+00:00 [queued]>
[2023-09-04T16:56:49.551+0000] {taskinstance.py:1362} INFO - 
--------------------------------------------------------------------------------
[2023-09-04T16:56:49.552+0000] {taskinstance.py:1363} INFO - Starting attempt 1 of 1
[2023-09-04T16:56:49.552+0000] {taskinstance.py:1364} INFO - 
--------------------------------------------------------------------------------
[2023-09-04T16:56:49.565+0000] {taskinstance.py:1383} INFO - Executing <Task(BashOperator): transform> on 2023-09-04 16:56:26.329824+00:00
[2023-09-04T16:56:49.570+0000] {standard_task_runner.py:55} INFO - Started process 498 to run task
[2023-09-04T16:56:49.573+0000] {standard_task_runner.py:82} INFO - Running: ['***', 'tasks', 'run', 'parallel_dag', 'transform', 'manual__2023-09-04T16:56:26.329824+00:00', '--job-id', '107', '--raw', '--subdir', 'DAGS_FOLDER/parallel_dag.py', '--cfg-path', '/tmp/tmprylv7vq6']
[2023-09-04T16:56:49.573+0000] {standard_task_runner.py:83} INFO - Job 107: Subtask transform
[2023-09-04T16:56:49.620+0000] {task_command.py:376} INFO - Running <TaskInstance: parallel_dag.transform manual__2023-09-04T16:56:26.329824+00:00 [running]> on host ba8dc7af021b
[2023-09-04T16:56:49.671+0000] {taskinstance.py:1592} INFO - Exporting the following env vars:
AIRFLOW_CTX_DAG_OWNER=***
AIRFLOW_CTX_DAG_ID=parallel_dag
AIRFLOW_CTX_TASK_ID=transform
AIRFLOW_CTX_EXECUTION_DATE=2023-09-04T16:56:26.329824+00:00
AIRFLOW_CTX_TRY_NUMBER=1
AIRFLOW_CTX_DAG_RUN_ID=manual__2023-09-04T16:56:26.329824+00:00
[2023-09-04T16:56:49.673+0000] {subprocess.py:63} INFO - Tmp dir root location: 
 /tmp
[2023-09-04T16:56:49.674+0000] {subprocess.py:75} INFO - Running command: ['/bin/bash', '-c', 'sleep 10']
[2023-09-04T16:56:49.681+0000] {subprocess.py:86} INFO - Output:
[2023-09-04T16:56:59.683+0000] {subprocess.py:97} INFO - Command exited with return code 0
[2023-09-04T16:56:59.703+0000] {taskinstance.py:1406} INFO - Marking task as SUCCESS. dag_id=parallel_dag, task_id=transform, execution_date=20230904T165626, start_date=20230904T165649, end_date=20230904T165659
[2023-09-04T16:56:59.735+0000] {local_task_job.py:164} INFO - Task exited with return code 0
[2023-09-04T16:56:59.753+0000] {local_task_job.py:273} INFO - 0 downstream tasks scheduled from follow-on schedule check
