[2023-09-04T17:15:01.593+0000] {taskinstance.py:1165} INFO - Dependencies all met for <TaskInstance: parallel_dag.extract_b manual__2023-09-04T17:15:00.943149+00:00 [queued]>
[2023-09-04T17:15:01.604+0000] {taskinstance.py:1165} INFO - Dependencies all met for <TaskInstance: parallel_dag.extract_b manual__2023-09-04T17:15:00.943149+00:00 [queued]>
[2023-09-04T17:15:01.604+0000] {taskinstance.py:1362} INFO - 
--------------------------------------------------------------------------------
[2023-09-04T17:15:01.605+0000] {taskinstance.py:1363} INFO - Starting attempt 1 of 1
[2023-09-04T17:15:01.605+0000] {taskinstance.py:1364} INFO - 
--------------------------------------------------------------------------------
[2023-09-04T17:15:01.627+0000] {taskinstance.py:1383} INFO - Executing <Task(BashOperator): extract_b> on 2023-09-04 17:15:00.943149+00:00
[2023-09-04T17:15:01.633+0000] {standard_task_runner.py:55} INFO - Started process 1408 to run task
[2023-09-04T17:15:01.636+0000] {standard_task_runner.py:82} INFO - Running: ['***', 'tasks', 'run', 'parallel_dag', 'extract_b', 'manual__2023-09-04T17:15:00.943149+00:00', '--job-id', '113', '--raw', '--subdir', 'DAGS_FOLDER/parallel_dag.py', '--cfg-path', '/tmp/tmp4b5gu2wk']
[2023-09-04T17:15:01.638+0000] {standard_task_runner.py:83} INFO - Job 113: Subtask extract_b
[2023-09-04T17:15:01.693+0000] {task_command.py:376} INFO - Running <TaskInstance: parallel_dag.extract_b manual__2023-09-04T17:15:00.943149+00:00 [running]> on host ba8dc7af021b
[2023-09-04T17:15:01.757+0000] {taskinstance.py:1592} INFO - Exporting the following env vars:
AIRFLOW_CTX_DAG_OWNER=***
AIRFLOW_CTX_DAG_ID=parallel_dag
AIRFLOW_CTX_TASK_ID=extract_b
AIRFLOW_CTX_EXECUTION_DATE=2023-09-04T17:15:00.943149+00:00
AIRFLOW_CTX_TRY_NUMBER=1
AIRFLOW_CTX_DAG_RUN_ID=manual__2023-09-04T17:15:00.943149+00:00
[2023-09-04T17:15:01.758+0000] {subprocess.py:63} INFO - Tmp dir root location: 
 /tmp
[2023-09-04T17:15:01.759+0000] {subprocess.py:75} INFO - Running command: ['/bin/bash', '-c', 'sleep 10']
[2023-09-04T17:15:01.768+0000] {subprocess.py:86} INFO - Output:
[2023-09-04T17:15:11.770+0000] {subprocess.py:97} INFO - Command exited with return code 0
[2023-09-04T17:15:11.792+0000] {taskinstance.py:1406} INFO - Marking task as SUCCESS. dag_id=parallel_dag, task_id=extract_b, execution_date=20230904T171500, start_date=20230904T171501, end_date=20230904T171511
[2023-09-04T17:15:11.830+0000] {local_task_job.py:164} INFO - Task exited with return code 0
[2023-09-04T17:15:11.854+0000] {local_task_job.py:273} INFO - 1 downstream tasks scheduled from follow-on schedule check
