[2023-08-25T16:13:03.716+0000] {taskinstance.py:1165} INFO - Dependencies all met for <TaskInstance: user_processing.process_user manual__2023-08-25T16:13:01.611237+00:00 [queued]>
[2023-08-25T16:13:03.725+0000] {taskinstance.py:1165} INFO - Dependencies all met for <TaskInstance: user_processing.process_user manual__2023-08-25T16:13:01.611237+00:00 [queued]>
[2023-08-25T16:13:03.725+0000] {taskinstance.py:1362} INFO - 
--------------------------------------------------------------------------------
[2023-08-25T16:13:03.726+0000] {taskinstance.py:1363} INFO - Starting attempt 1 of 1
[2023-08-25T16:13:03.726+0000] {taskinstance.py:1364} INFO - 
--------------------------------------------------------------------------------
[2023-08-25T16:13:03.739+0000] {taskinstance.py:1383} INFO - Executing <Task(PythonOperator): process_user> on 2023-08-25 16:13:01.611237+00:00
[2023-08-25T16:13:03.746+0000] {standard_task_runner.py:55} INFO - Started process 3903 to run task
[2023-08-25T16:13:03.749+0000] {standard_task_runner.py:82} INFO - Running: ['***', 'tasks', 'run', 'user_processing', 'process_user', 'manual__2023-08-25T16:13:01.611237+00:00', '--job-id', '44', '--raw', '--subdir', 'DAGS_FOLDER/user_processing.py', '--cfg-path', '/tmp/tmp01osopeu']
[2023-08-25T16:13:03.750+0000] {standard_task_runner.py:83} INFO - Job 44: Subtask process_user
[2023-08-25T16:13:03.807+0000] {task_command.py:376} INFO - Running <TaskInstance: user_processing.process_user manual__2023-08-25T16:13:01.611237+00:00 [running]> on host 22e2fb7a3f74
[2023-08-25T16:13:03.865+0000] {taskinstance.py:1592} INFO - Exporting the following env vars:
AIRFLOW_CTX_DAG_OWNER=***
AIRFLOW_CTX_DAG_ID=user_processing
AIRFLOW_CTX_TASK_ID=process_user
AIRFLOW_CTX_EXECUTION_DATE=2023-08-25T16:13:01.611237+00:00
AIRFLOW_CTX_TRY_NUMBER=1
AIRFLOW_CTX_DAG_RUN_ID=manual__2023-08-25T16:13:01.611237+00:00
[2023-08-25T16:13:03.880+0000] {python.py:177} INFO - Done. Returned value was: None
[2023-08-25T16:13:03.887+0000] {taskinstance.py:1406} INFO - Marking task as SUCCESS. dag_id=user_processing, task_id=process_user, execution_date=20230825T161301, start_date=20230825T161303, end_date=20230825T161303
[2023-08-25T16:13:03.921+0000] {local_task_job.py:164} INFO - Task exited with return code 0
[2023-08-25T16:13:03.939+0000] {local_task_job.py:273} INFO - 0 downstream tasks scheduled from follow-on schedule check
