[2023-09-04T16:20:58.485+0000] {taskinstance.py:1165} INFO - Dependencies all met for <TaskInstance: producer.update_dataset scheduled__2023-09-03T00:00:00+00:00 [queued]>
[2023-09-04T16:20:58.494+0000] {taskinstance.py:1165} INFO - Dependencies all met for <TaskInstance: producer.update_dataset scheduled__2023-09-03T00:00:00+00:00 [queued]>
[2023-09-04T16:20:58.494+0000] {taskinstance.py:1362} INFO - 
--------------------------------------------------------------------------------
[2023-09-04T16:20:58.495+0000] {taskinstance.py:1363} INFO - Starting attempt 1 of 1
[2023-09-04T16:20:58.495+0000] {taskinstance.py:1364} INFO - 
--------------------------------------------------------------------------------
[2023-09-04T16:20:58.509+0000] {taskinstance.py:1383} INFO - Executing <Task(_PythonDecoratedOperator): update_dataset> on 2023-09-03 00:00:00+00:00
[2023-09-04T16:20:58.514+0000] {standard_task_runner.py:55} INFO - Started process 65 to run task
[2023-09-04T16:20:58.516+0000] {standard_task_runner.py:82} INFO - Running: ['***', 'tasks', 'run', 'producer', 'update_dataset', 'scheduled__2023-09-03T00:00:00+00:00', '--job-id', '93', '--raw', '--subdir', 'DAGS_FOLDER/producer.py', '--cfg-path', '/tmp/tmpitdgd5mo']
[2023-09-04T16:20:58.517+0000] {standard_task_runner.py:83} INFO - Job 93: Subtask update_dataset
[2023-09-04T16:20:58.573+0000] {task_command.py:376} INFO - Running <TaskInstance: producer.update_dataset scheduled__2023-09-03T00:00:00+00:00 [running]> on host 22e2fb7a3f74
[2023-09-04T16:20:58.640+0000] {taskinstance.py:1592} INFO - Exporting the following env vars:
AIRFLOW_CTX_DAG_OWNER=***
AIRFLOW_CTX_DAG_ID=producer
AIRFLOW_CTX_TASK_ID=update_dataset
AIRFLOW_CTX_EXECUTION_DATE=2023-09-03T00:00:00+00:00
AIRFLOW_CTX_TRY_NUMBER=1
AIRFLOW_CTX_DAG_RUN_ID=scheduled__2023-09-03T00:00:00+00:00
[2023-09-04T16:20:58.642+0000] {python.py:177} INFO - Done. Returned value was: None
[2023-09-04T16:20:58.644+0000] {warnings.py:110} WARNING - /home/***/.local/lib/python3.7/site-packages/***/models/baseoperator.py:1390: RemovedInAirflow3Warning: Passing 'execution_date' to 'TaskInstance.xcom_push()' is deprecated.
  context['ti'].xcom_push(key=key, value=value, execution_date=execution_date)

[2023-09-04T16:20:58.667+0000] {taskinstance.py:1406} INFO - Marking task as SUCCESS. dag_id=producer, task_id=update_dataset, execution_date=20230903T000000, start_date=20230904T162058, end_date=20230904T162058
[2023-09-04T16:20:58.729+0000] {local_task_job.py:164} INFO - Task exited with return code 0
[2023-09-04T16:20:58.749+0000] {local_task_job.py:273} INFO - 1 downstream tasks scheduled from follow-on schedule check
