[2023-09-04T16:58:53.505+0000] {taskinstance.py:1165} INFO - Dependencies all met for <TaskInstance: parallel_dag.load_a manual__2023-09-04T16:58:50.812214+00:00 [queued]>
[2023-09-04T16:58:53.514+0000] {taskinstance.py:1165} INFO - Dependencies all met for <TaskInstance: parallel_dag.load_a manual__2023-09-04T16:58:50.812214+00:00 [queued]>
[2023-09-04T16:58:53.514+0000] {taskinstance.py:1362} INFO - 
--------------------------------------------------------------------------------
[2023-09-04T16:58:53.515+0000] {taskinstance.py:1363} INFO - Starting attempt 1 of 1
[2023-09-04T16:58:53.515+0000] {taskinstance.py:1364} INFO - 
--------------------------------------------------------------------------------
[2023-09-04T16:58:53.528+0000] {taskinstance.py:1383} INFO - Executing <Task(BashOperator): load_a> on 2023-09-04 16:58:50.812214+00:00
[2023-09-04T16:58:53.533+0000] {standard_task_runner.py:55} INFO - Started process 607 to run task
[2023-09-04T16:58:53.536+0000] {standard_task_runner.py:82} INFO - Running: ['***', 'tasks', 'run', 'parallel_dag', 'load_a', 'manual__2023-09-04T16:58:50.812214+00:00', '--job-id', '110', '--raw', '--subdir', 'DAGS_FOLDER/parallel_dag.py', '--cfg-path', '/tmp/tmptwrqwazt']
[2023-09-04T16:58:53.536+0000] {standard_task_runner.py:83} INFO - Job 110: Subtask load_a
[2023-09-04T16:58:53.589+0000] {task_command.py:376} INFO - Running <TaskInstance: parallel_dag.load_a manual__2023-09-04T16:58:50.812214+00:00 [running]> on host ba8dc7af021b
[2023-09-04T16:58:53.650+0000] {taskinstance.py:1592} INFO - Exporting the following env vars:
AIRFLOW_CTX_DAG_OWNER=***
AIRFLOW_CTX_DAG_ID=parallel_dag
AIRFLOW_CTX_TASK_ID=load_a
AIRFLOW_CTX_EXECUTION_DATE=2023-09-04T16:58:50.812214+00:00
AIRFLOW_CTX_TRY_NUMBER=1
AIRFLOW_CTX_DAG_RUN_ID=manual__2023-09-04T16:58:50.812214+00:00
[2023-09-04T16:58:53.651+0000] {subprocess.py:63} INFO - Tmp dir root location: 
 /tmp
[2023-09-04T16:58:53.652+0000] {subprocess.py:75} INFO - Running command: ['/bin/bash', '-c', 'sleep 10']
[2023-09-04T16:58:53.660+0000] {subprocess.py:86} INFO - Output:
[2023-09-04T16:59:03.662+0000] {subprocess.py:97} INFO - Command exited with return code 0
[2023-09-04T16:59:03.689+0000] {taskinstance.py:1406} INFO - Marking task as SUCCESS. dag_id=parallel_dag, task_id=load_a, execution_date=20230904T165850, start_date=20230904T165853, end_date=20230904T165903
[2023-09-04T16:59:03.737+0000] {local_task_job.py:164} INFO - Task exited with return code 0
[2023-09-04T16:59:03.758+0000] {local_task_job.py:273} INFO - 0 downstream tasks scheduled from follow-on schedule check
