[2023-08-22T14:40:26.721+0000] {taskinstance.py:1165} INFO - Dependencies all met for <TaskInstance: example_bash_operator.run_after_loop scheduled__2023-08-21T00:00:00+00:00 [queued]>
[2023-08-22T14:40:26.729+0000] {taskinstance.py:1165} INFO - Dependencies all met for <TaskInstance: example_bash_operator.run_after_loop scheduled__2023-08-21T00:00:00+00:00 [queued]>
[2023-08-22T14:40:26.730+0000] {taskinstance.py:1362} INFO - 
--------------------------------------------------------------------------------
[2023-08-22T14:40:26.730+0000] {taskinstance.py:1363} INFO - Starting attempt 1 of 1
[2023-08-22T14:40:26.731+0000] {taskinstance.py:1364} INFO - 
--------------------------------------------------------------------------------
[2023-08-22T14:40:26.744+0000] {taskinstance.py:1383} INFO - Executing <Task(BashOperator): run_after_loop> on 2023-08-21 00:00:00+00:00
[2023-08-22T14:40:26.749+0000] {standard_task_runner.py:55} INFO - Started process 359 to run task
[2023-08-22T14:40:26.752+0000] {standard_task_runner.py:82} INFO - Running: ['***', 'tasks', 'run', 'example_bash_operator', 'run_after_loop', 'scheduled__2023-08-21T00:00:00+00:00', '--job-id', '16', '--raw', '--subdir', '/home/***/.local/lib/python3.7/site-packages/***/example_dags/example_bash_operator.py', '--cfg-path', '/tmp/tmpsmdsm6t4']
[2023-08-22T14:40:26.752+0000] {standard_task_runner.py:83} INFO - Job 16: Subtask run_after_loop
[2023-08-22T14:40:26.806+0000] {task_command.py:376} INFO - Running <TaskInstance: example_bash_operator.run_after_loop scheduled__2023-08-21T00:00:00+00:00 [running]> on host 22e2fb7a3f74
[2023-08-22T14:40:26.864+0000] {taskinstance.py:1592} INFO - Exporting the following env vars:
AIRFLOW_CTX_DAG_OWNER=***
AIRFLOW_CTX_DAG_ID=example_bash_operator
AIRFLOW_CTX_TASK_ID=run_after_loop
AIRFLOW_CTX_EXECUTION_DATE=2023-08-21T00:00:00+00:00
AIRFLOW_CTX_TRY_NUMBER=1
AIRFLOW_CTX_DAG_RUN_ID=scheduled__2023-08-21T00:00:00+00:00
[2023-08-22T14:40:26.866+0000] {subprocess.py:63} INFO - Tmp dir root location: 
 /tmp
[2023-08-22T14:40:26.866+0000] {subprocess.py:75} INFO - Running command: ['/bin/bash', '-c', 'echo 1']
[2023-08-22T14:40:26.875+0000] {subprocess.py:86} INFO - Output:
[2023-08-22T14:40:26.877+0000] {subprocess.py:93} INFO - 1
[2023-08-22T14:40:26.877+0000] {subprocess.py:97} INFO - Command exited with return code 0
[2023-08-22T14:40:26.900+0000] {taskinstance.py:1406} INFO - Marking task as SUCCESS. dag_id=example_bash_operator, task_id=run_after_loop, execution_date=20230821T000000, start_date=20230822T144026, end_date=20230822T144026
[2023-08-22T14:40:26.923+0000] {local_task_job.py:164} INFO - Task exited with return code 0
[2023-08-22T14:40:26.942+0000] {local_task_job.py:273} INFO - 0 downstream tasks scheduled from follow-on schedule check
