[2023-09-09T14:36:29.700+0000] {taskinstance.py:1165} INFO - Dependencies all met for <TaskInstance: xcom_dag.t2 manual__2023-09-09T14:36:27.634866+00:00 [queued]>
[2023-09-09T14:36:29.707+0000] {taskinstance.py:1165} INFO - Dependencies all met for <TaskInstance: xcom_dag.t2 manual__2023-09-09T14:36:27.634866+00:00 [queued]>
[2023-09-09T14:36:29.707+0000] {taskinstance.py:1362} INFO - 
--------------------------------------------------------------------------------
[2023-09-09T14:36:29.708+0000] {taskinstance.py:1363} INFO - Starting attempt 1 of 1
[2023-09-09T14:36:29.708+0000] {taskinstance.py:1364} INFO - 
--------------------------------------------------------------------------------
[2023-09-09T14:36:29.723+0000] {taskinstance.py:1383} INFO - Executing <Task(PythonOperator): t2> on 2023-09-09 14:36:27.634866+00:00
[2023-09-09T14:36:29.780+0000] {standard_task_runner.py:55} INFO - Started process 1036 to run task
[2023-09-09T14:36:29.783+0000] {standard_task_runner.py:82} INFO - Running: ['***', 'tasks', 'run', 'xcom_dag', 't2', 'manual__2023-09-09T14:36:27.634866+00:00', '--job-id', '199', '--raw', '--subdir', 'DAGS_FOLDER/xcom_dag.py', '--cfg-path', '/tmp/tmp0fvi284e']
[2023-09-09T14:36:29.783+0000] {standard_task_runner.py:83} INFO - Job 199: Subtask t2
[2023-09-09T14:36:29.834+0000] {task_command.py:376} INFO - Running <TaskInstance: xcom_dag.t2 manual__2023-09-09T14:36:27.634866+00:00 [running]> on host d0466a17bb90
[2023-09-09T14:36:29.896+0000] {taskinstance.py:1592} INFO - Exporting the following env vars:
AIRFLOW_CTX_DAG_OWNER=***
AIRFLOW_CTX_DAG_ID=xcom_dag
AIRFLOW_CTX_TASK_ID=t2
AIRFLOW_CTX_EXECUTION_DATE=2023-09-09T14:36:27.634866+00:00
AIRFLOW_CTX_TRY_NUMBER=1
AIRFLOW_CTX_DAG_RUN_ID=manual__2023-09-09T14:36:27.634866+00:00
[2023-09-09T14:36:29.906+0000] {python.py:177} INFO - Done. Returned value was: None
[2023-09-09T14:36:29.913+0000] {taskinstance.py:1406} INFO - Marking task as SUCCESS. dag_id=xcom_dag, task_id=t2, execution_date=20230909T143627, start_date=20230909T143629, end_date=20230909T143629
[2023-09-09T14:36:29.954+0000] {local_task_job.py:164} INFO - Task exited with return code 0
[2023-09-09T14:36:29.976+0000] {local_task_job.py:273} INFO - 1 downstream tasks scheduled from follow-on schedule check
