[2023-09-03T16:49:07.415+0000] {taskinstance.py:1165} INFO - Dependencies all met for <TaskInstance: producer.update_dataset manual__2023-09-03T16:49:06.371507+00:00 [queued]>
[2023-09-03T16:49:07.422+0000] {taskinstance.py:1165} INFO - Dependencies all met for <TaskInstance: producer.update_dataset manual__2023-09-03T16:49:06.371507+00:00 [queued]>
[2023-09-03T16:49:07.422+0000] {taskinstance.py:1362} INFO - 
--------------------------------------------------------------------------------
[2023-09-03T16:49:07.423+0000] {taskinstance.py:1363} INFO - Starting attempt 1 of 1
[2023-09-03T16:49:07.423+0000] {taskinstance.py:1364} INFO - 
--------------------------------------------------------------------------------
[2023-09-03T16:49:07.435+0000] {taskinstance.py:1383} INFO - Executing <Task(_PythonDecoratedOperator): update_dataset> on 2023-09-03 16:49:06.371507+00:00
[2023-09-03T16:49:07.438+0000] {standard_task_runner.py:55} INFO - Started process 769 to run task
[2023-09-03T16:49:07.441+0000] {standard_task_runner.py:82} INFO - Running: ['***', 'tasks', 'run', 'producer', 'update_dataset', 'manual__2023-09-03T16:49:06.371507+00:00', '--job-id', '89', '--raw', '--subdir', 'DAGS_FOLDER/producer.py', '--cfg-path', '/tmp/tmpgl5fy96i']
[2023-09-03T16:49:07.442+0000] {standard_task_runner.py:83} INFO - Job 89: Subtask update_dataset
[2023-09-03T16:49:07.490+0000] {task_command.py:376} INFO - Running <TaskInstance: producer.update_dataset manual__2023-09-03T16:49:06.371507+00:00 [running]> on host 22e2fb7a3f74
[2023-09-03T16:49:07.544+0000] {taskinstance.py:1592} INFO - Exporting the following env vars:
AIRFLOW_CTX_DAG_OWNER=***
AIRFLOW_CTX_DAG_ID=producer
AIRFLOW_CTX_TASK_ID=update_dataset
AIRFLOW_CTX_EXECUTION_DATE=2023-09-03T16:49:06.371507+00:00
AIRFLOW_CTX_TRY_NUMBER=1
AIRFLOW_CTX_DAG_RUN_ID=manual__2023-09-03T16:49:06.371507+00:00
[2023-09-03T16:49:07.545+0000] {python.py:177} INFO - Done. Returned value was: None
[2023-09-03T16:49:07.547+0000] {warnings.py:110} WARNING - /home/***/.local/lib/python3.7/site-packages/***/models/baseoperator.py:1390: RemovedInAirflow3Warning: Passing 'execution_date' to 'TaskInstance.xcom_push()' is deprecated.
  context['ti'].xcom_push(key=key, value=value, execution_date=execution_date)

[2023-09-03T16:49:07.565+0000] {taskinstance.py:1406} INFO - Marking task as SUCCESS. dag_id=producer, task_id=update_dataset, execution_date=20230903T164906, start_date=20230903T164907, end_date=20230903T164907
[2023-09-03T16:49:07.612+0000] {local_task_job.py:164} INFO - Task exited with return code 0
[2023-09-03T16:49:07.629+0000] {local_task_job.py:273} INFO - 0 downstream tasks scheduled from follow-on schedule check
