[2023-09-09T02:47:44.540+0000] {taskinstance.py:1165} INFO - Dependencies all met for <TaskInstance: group_dag_task.check_files scheduled__2023-09-08T00:00:00+00:00 [queued]>
[2023-09-09T02:47:44.547+0000] {taskinstance.py:1165} INFO - Dependencies all met for <TaskInstance: group_dag_task.check_files scheduled__2023-09-08T00:00:00+00:00 [queued]>
[2023-09-09T02:47:44.548+0000] {taskinstance.py:1362} INFO - 
--------------------------------------------------------------------------------
[2023-09-09T02:47:44.549+0000] {taskinstance.py:1363} INFO - Starting attempt 1 of 1
[2023-09-09T02:47:44.549+0000] {taskinstance.py:1364} INFO - 
--------------------------------------------------------------------------------
[2023-09-09T02:47:44.565+0000] {taskinstance.py:1383} INFO - Executing <Task(BashOperator): check_files> on 2023-09-08 00:00:00+00:00
[2023-09-09T02:47:44.569+0000] {standard_task_runner.py:55} INFO - Started process 424 to run task
[2023-09-09T02:47:44.572+0000] {standard_task_runner.py:82} INFO - Running: ['***', 'tasks', 'run', 'group_dag_task', 'check_files', 'scheduled__2023-09-08T00:00:00+00:00', '--job-id', '177', '--raw', '--subdir', 'DAGS_FOLDER/group_dag_task.py', '--cfg-path', '/tmp/tmpcjv6a2xv']
[2023-09-09T02:47:44.573+0000] {standard_task_runner.py:83} INFO - Job 177: Subtask check_files
[2023-09-09T02:47:44.623+0000] {task_command.py:376} INFO - Running <TaskInstance: group_dag_task.check_files scheduled__2023-09-08T00:00:00+00:00 [running]> on host d0466a17bb90
[2023-09-09T02:47:44.682+0000] {taskinstance.py:1592} INFO - Exporting the following env vars:
AIRFLOW_CTX_DAG_OWNER=***
AIRFLOW_CTX_DAG_ID=group_dag_task
AIRFLOW_CTX_TASK_ID=check_files
AIRFLOW_CTX_EXECUTION_DATE=2023-09-08T00:00:00+00:00
AIRFLOW_CTX_TRY_NUMBER=1
AIRFLOW_CTX_DAG_RUN_ID=scheduled__2023-09-08T00:00:00+00:00
[2023-09-09T02:47:44.683+0000] {subprocess.py:63} INFO - Tmp dir root location: 
 /tmp
[2023-09-09T02:47:44.684+0000] {subprocess.py:75} INFO - Running command: ['/bin/bash', '-c', 'sleep 10']
[2023-09-09T02:47:44.691+0000] {subprocess.py:86} INFO - Output:
[2023-09-09T02:47:54.693+0000] {subprocess.py:97} INFO - Command exited with return code 0
[2023-09-09T02:47:54.716+0000] {taskinstance.py:1406} INFO - Marking task as SUCCESS. dag_id=group_dag_task, task_id=check_files, execution_date=20230908T000000, start_date=20230909T024744, end_date=20230909T024754
[2023-09-09T02:47:54.766+0000] {local_task_job.py:164} INFO - Task exited with return code 0
[2023-09-09T02:47:54.787+0000] {local_task_job.py:273} INFO - 3 downstream tasks scheduled from follow-on schedule check
