[2023-09-12T00:06:24.612+0000] {processor.py:154} INFO - Started process (PID=65) to work on /opt/airflow/dags/subdags/subdags_downloads.py
[2023-09-12T00:06:24.614+0000] {processor.py:756} INFO - Processing file /opt/airflow/dags/subdags/subdags_downloads.py for tasks to queue
[2023-09-12T00:06:24.615+0000] {logging_mixin.py:120} INFO - [2023-09-12T00:06:24.615+0000] {dagbag.py:537} INFO - Filling up the DagBag from /opt/airflow/dags/subdags/subdags_downloads.py
[2023-09-12T00:06:24.640+0000] {processor.py:768} WARNING - No viable dags retrieved from /opt/airflow/dags/subdags/subdags_downloads.py
[2023-09-12T00:06:24.656+0000] {processor.py:176} INFO - Processing /opt/airflow/dags/subdags/subdags_downloads.py took 0.048 seconds
[2023-09-12T00:06:54.741+0000] {processor.py:154} INFO - Started process (PID=96) to work on /opt/airflow/dags/subdags/subdags_downloads.py
[2023-09-12T00:06:54.742+0000] {processor.py:756} INFO - Processing file /opt/airflow/dags/subdags/subdags_downloads.py for tasks to queue
[2023-09-12T00:06:54.743+0000] {logging_mixin.py:120} INFO - [2023-09-12T00:06:54.742+0000] {dagbag.py:537} INFO - Filling up the DagBag from /opt/airflow/dags/subdags/subdags_downloads.py
[2023-09-12T00:06:54.754+0000] {processor.py:768} WARNING - No viable dags retrieved from /opt/airflow/dags/subdags/subdags_downloads.py
[2023-09-12T00:06:54.766+0000] {processor.py:176} INFO - Processing /opt/airflow/dags/subdags/subdags_downloads.py took 0.028 seconds
[2023-09-12T00:07:24.976+0000] {processor.py:154} INFO - Started process (PID=138) to work on /opt/airflow/dags/subdags/subdags_downloads.py
[2023-09-12T00:07:24.977+0000] {processor.py:756} INFO - Processing file /opt/airflow/dags/subdags/subdags_downloads.py for tasks to queue
[2023-09-12T00:07:24.978+0000] {logging_mixin.py:120} INFO - [2023-09-12T00:07:24.977+0000] {dagbag.py:537} INFO - Filling up the DagBag from /opt/airflow/dags/subdags/subdags_downloads.py
[2023-09-12T00:07:24.995+0000] {processor.py:768} WARNING - No viable dags retrieved from /opt/airflow/dags/subdags/subdags_downloads.py
[2023-09-12T00:07:25.008+0000] {processor.py:176} INFO - Processing /opt/airflow/dags/subdags/subdags_downloads.py took 0.034 seconds
[2023-09-12T00:07:55.421+0000] {processor.py:154} INFO - Started process (PID=178) to work on /opt/airflow/dags/subdags/subdags_downloads.py
[2023-09-12T00:07:55.422+0000] {processor.py:756} INFO - Processing file /opt/airflow/dags/subdags/subdags_downloads.py for tasks to queue
[2023-09-12T00:07:55.423+0000] {logging_mixin.py:120} INFO - [2023-09-12T00:07:55.423+0000] {dagbag.py:537} INFO - Filling up the DagBag from /opt/airflow/dags/subdags/subdags_downloads.py
[2023-09-12T00:07:55.438+0000] {processor.py:768} WARNING - No viable dags retrieved from /opt/airflow/dags/subdags/subdags_downloads.py
[2023-09-12T00:07:55.448+0000] {processor.py:176} INFO - Processing /opt/airflow/dags/subdags/subdags_downloads.py took 0.030 seconds
[2023-09-12T00:08:25.628+0000] {processor.py:154} INFO - Started process (PID=208) to work on /opt/airflow/dags/subdags/subdags_downloads.py
[2023-09-12T00:08:25.629+0000] {processor.py:756} INFO - Processing file /opt/airflow/dags/subdags/subdags_downloads.py for tasks to queue
[2023-09-12T00:08:25.629+0000] {logging_mixin.py:120} INFO - [2023-09-12T00:08:25.629+0000] {dagbag.py:537} INFO - Filling up the DagBag from /opt/airflow/dags/subdags/subdags_downloads.py
[2023-09-12T00:08:25.643+0000] {processor.py:768} WARNING - No viable dags retrieved from /opt/airflow/dags/subdags/subdags_downloads.py
[2023-09-12T00:08:25.657+0000] {processor.py:176} INFO - Processing /opt/airflow/dags/subdags/subdags_downloads.py took 0.032 seconds
[2023-09-12T00:08:56.737+0000] {processor.py:154} INFO - Started process (PID=248) to work on /opt/airflow/dags/subdags/subdags_downloads.py
[2023-09-12T00:08:56.739+0000] {processor.py:756} INFO - Processing file /opt/airflow/dags/subdags/subdags_downloads.py for tasks to queue
[2023-09-12T00:08:56.739+0000] {logging_mixin.py:120} INFO - [2023-09-12T00:08:56.739+0000] {dagbag.py:537} INFO - Filling up the DagBag from /opt/airflow/dags/subdags/subdags_downloads.py
[2023-09-12T00:08:56.754+0000] {processor.py:768} WARNING - No viable dags retrieved from /opt/airflow/dags/subdags/subdags_downloads.py
[2023-09-12T00:08:56.765+0000] {processor.py:176} INFO - Processing /opt/airflow/dags/subdags/subdags_downloads.py took 0.030 seconds
[2023-09-12T00:09:26.998+0000] {processor.py:154} INFO - Started process (PID=288) to work on /opt/airflow/dags/subdags/subdags_downloads.py
[2023-09-12T00:09:26.999+0000] {processor.py:756} INFO - Processing file /opt/airflow/dags/subdags/subdags_downloads.py for tasks to queue
[2023-09-12T00:09:27.000+0000] {logging_mixin.py:120} INFO - [2023-09-12T00:09:27.000+0000] {dagbag.py:537} INFO - Filling up the DagBag from /opt/airflow/dags/subdags/subdags_downloads.py
[2023-09-12T00:09:27.016+0000] {processor.py:768} WARNING - No viable dags retrieved from /opt/airflow/dags/subdags/subdags_downloads.py
[2023-09-12T00:09:27.028+0000] {processor.py:176} INFO - Processing /opt/airflow/dags/subdags/subdags_downloads.py took 0.033 seconds
[2023-09-12T00:09:57.286+0000] {processor.py:154} INFO - Started process (PID=328) to work on /opt/airflow/dags/subdags/subdags_downloads.py
[2023-09-12T00:09:57.287+0000] {processor.py:756} INFO - Processing file /opt/airflow/dags/subdags/subdags_downloads.py for tasks to queue
[2023-09-12T00:09:57.287+0000] {logging_mixin.py:120} INFO - [2023-09-12T00:09:57.287+0000] {dagbag.py:537} INFO - Filling up the DagBag from /opt/airflow/dags/subdags/subdags_downloads.py
[2023-09-12T00:09:57.302+0000] {processor.py:768} WARNING - No viable dags retrieved from /opt/airflow/dags/subdags/subdags_downloads.py
[2023-09-12T00:09:57.313+0000] {processor.py:176} INFO - Processing /opt/airflow/dags/subdags/subdags_downloads.py took 0.030 seconds
[2023-09-12T00:10:27.482+0000] {processor.py:154} INFO - Started process (PID=358) to work on /opt/airflow/dags/subdags/subdags_downloads.py
[2023-09-12T00:10:27.483+0000] {processor.py:756} INFO - Processing file /opt/airflow/dags/subdags/subdags_downloads.py for tasks to queue
[2023-09-12T00:10:27.484+0000] {logging_mixin.py:120} INFO - [2023-09-12T00:10:27.484+0000] {dagbag.py:537} INFO - Filling up the DagBag from /opt/airflow/dags/subdags/subdags_downloads.py
[2023-09-12T00:10:27.500+0000] {processor.py:768} WARNING - No viable dags retrieved from /opt/airflow/dags/subdags/subdags_downloads.py
[2023-09-12T00:10:27.512+0000] {processor.py:176} INFO - Processing /opt/airflow/dags/subdags/subdags_downloads.py took 0.033 seconds
[2023-09-12T00:10:57.620+0000] {processor.py:154} INFO - Started process (PID=398) to work on /opt/airflow/dags/subdags/subdags_downloads.py
[2023-09-12T00:10:57.621+0000] {processor.py:756} INFO - Processing file /opt/airflow/dags/subdags/subdags_downloads.py for tasks to queue
[2023-09-12T00:10:57.622+0000] {logging_mixin.py:120} INFO - [2023-09-12T00:10:57.622+0000] {dagbag.py:537} INFO - Filling up the DagBag from /opt/airflow/dags/subdags/subdags_downloads.py
[2023-09-12T00:10:57.636+0000] {processor.py:768} WARNING - No viable dags retrieved from /opt/airflow/dags/subdags/subdags_downloads.py
[2023-09-12T00:10:57.646+0000] {processor.py:176} INFO - Processing /opt/airflow/dags/subdags/subdags_downloads.py took 0.028 seconds
[2023-09-12T00:11:27.971+0000] {processor.py:154} INFO - Started process (PID=444) to work on /opt/airflow/dags/subdags/subdags_downloads.py
[2023-09-12T00:11:27.972+0000] {processor.py:756} INFO - Processing file /opt/airflow/dags/subdags/subdags_downloads.py for tasks to queue
[2023-09-12T00:11:27.973+0000] {logging_mixin.py:120} INFO - [2023-09-12T00:11:27.973+0000] {dagbag.py:537} INFO - Filling up the DagBag from /opt/airflow/dags/subdags/subdags_downloads.py
[2023-09-12T00:11:27.986+0000] {processor.py:768} WARNING - No viable dags retrieved from /opt/airflow/dags/subdags/subdags_downloads.py
[2023-09-12T00:11:27.999+0000] {processor.py:176} INFO - Processing /opt/airflow/dags/subdags/subdags_downloads.py took 0.030 seconds
[2023-09-12T00:11:58.274+0000] {processor.py:154} INFO - Started process (PID=492) to work on /opt/airflow/dags/subdags/subdags_downloads.py
[2023-09-12T00:11:58.275+0000] {processor.py:756} INFO - Processing file /opt/airflow/dags/subdags/subdags_downloads.py for tasks to queue
[2023-09-12T00:11:58.276+0000] {logging_mixin.py:120} INFO - [2023-09-12T00:11:58.276+0000] {dagbag.py:537} INFO - Filling up the DagBag from /opt/airflow/dags/subdags/subdags_downloads.py
[2023-09-12T00:11:58.291+0000] {processor.py:768} WARNING - No viable dags retrieved from /opt/airflow/dags/subdags/subdags_downloads.py
[2023-09-12T00:11:58.301+0000] {processor.py:176} INFO - Processing /opt/airflow/dags/subdags/subdags_downloads.py took 0.029 seconds
[2023-09-12T00:12:28.592+0000] {processor.py:154} INFO - Started process (PID=542) to work on /opt/airflow/dags/subdags/subdags_downloads.py
[2023-09-12T00:12:28.593+0000] {processor.py:756} INFO - Processing file /opt/airflow/dags/subdags/subdags_downloads.py for tasks to queue
[2023-09-12T00:12:28.594+0000] {logging_mixin.py:120} INFO - [2023-09-12T00:12:28.594+0000] {dagbag.py:537} INFO - Filling up the DagBag from /opt/airflow/dags/subdags/subdags_downloads.py
[2023-09-12T00:12:28.607+0000] {processor.py:768} WARNING - No viable dags retrieved from /opt/airflow/dags/subdags/subdags_downloads.py
[2023-09-12T00:12:28.618+0000] {processor.py:176} INFO - Processing /opt/airflow/dags/subdags/subdags_downloads.py took 0.028 seconds
[2023-09-12T00:12:58.895+0000] {processor.py:154} INFO - Started process (PID=581) to work on /opt/airflow/dags/subdags/subdags_downloads.py
[2023-09-12T00:12:58.896+0000] {processor.py:756} INFO - Processing file /opt/airflow/dags/subdags/subdags_downloads.py for tasks to queue
[2023-09-12T00:12:58.897+0000] {logging_mixin.py:120} INFO - [2023-09-12T00:12:58.897+0000] {dagbag.py:537} INFO - Filling up the DagBag from /opt/airflow/dags/subdags/subdags_downloads.py
[2023-09-12T00:12:58.912+0000] {processor.py:768} WARNING - No viable dags retrieved from /opt/airflow/dags/subdags/subdags_downloads.py
[2023-09-12T00:12:58.927+0000] {processor.py:176} INFO - Processing /opt/airflow/dags/subdags/subdags_downloads.py took 0.037 seconds
[2023-09-12T00:13:29.323+0000] {processor.py:154} INFO - Started process (PID=621) to work on /opt/airflow/dags/subdags/subdags_downloads.py
[2023-09-12T00:13:29.324+0000] {processor.py:756} INFO - Processing file /opt/airflow/dags/subdags/subdags_downloads.py for tasks to queue
[2023-09-12T00:13:29.325+0000] {logging_mixin.py:120} INFO - [2023-09-12T00:13:29.325+0000] {dagbag.py:537} INFO - Filling up the DagBag from /opt/airflow/dags/subdags/subdags_downloads.py
[2023-09-12T00:13:29.340+0000] {processor.py:768} WARNING - No viable dags retrieved from /opt/airflow/dags/subdags/subdags_downloads.py
[2023-09-12T00:13:29.354+0000] {processor.py:176} INFO - Processing /opt/airflow/dags/subdags/subdags_downloads.py took 0.034 seconds
[2023-09-12T00:14:33.575+0000] {processor.py:154} INFO - Started process (PID=52) to work on /opt/airflow/dags/subdags/subdags_downloads.py
[2023-09-12T00:14:33.576+0000] {processor.py:756} INFO - Processing file /opt/airflow/dags/subdags/subdags_downloads.py for tasks to queue
[2023-09-12T00:14:33.577+0000] {logging_mixin.py:120} INFO - [2023-09-12T00:14:33.577+0000] {dagbag.py:537} INFO - Filling up the DagBag from /opt/airflow/dags/subdags/subdags_downloads.py
[2023-09-12T00:14:33.593+0000] {processor.py:768} WARNING - No viable dags retrieved from /opt/airflow/dags/subdags/subdags_downloads.py
[2023-09-12T00:14:33.608+0000] {processor.py:176} INFO - Processing /opt/airflow/dags/subdags/subdags_downloads.py took 0.036 seconds
[2023-09-12T00:15:03.684+0000] {processor.py:154} INFO - Started process (PID=126) to work on /opt/airflow/dags/subdags/subdags_downloads.py
[2023-09-12T00:15:03.685+0000] {processor.py:756} INFO - Processing file /opt/airflow/dags/subdags/subdags_downloads.py for tasks to queue
[2023-09-12T00:15:03.686+0000] {logging_mixin.py:120} INFO - [2023-09-12T00:15:03.686+0000] {dagbag.py:537} INFO - Filling up the DagBag from /opt/airflow/dags/subdags/subdags_downloads.py
[2023-09-12T00:15:03.698+0000] {processor.py:768} WARNING - No viable dags retrieved from /opt/airflow/dags/subdags/subdags_downloads.py
[2023-09-12T00:15:03.710+0000] {processor.py:176} INFO - Processing /opt/airflow/dags/subdags/subdags_downloads.py took 0.028 seconds
[2023-09-12T00:15:34.164+0000] {processor.py:154} INFO - Started process (PID=213) to work on /opt/airflow/dags/subdags/subdags_downloads.py
[2023-09-12T00:15:34.165+0000] {processor.py:756} INFO - Processing file /opt/airflow/dags/subdags/subdags_downloads.py for tasks to queue
[2023-09-12T00:15:34.166+0000] {logging_mixin.py:120} INFO - [2023-09-12T00:15:34.166+0000] {dagbag.py:537} INFO - Filling up the DagBag from /opt/airflow/dags/subdags/subdags_downloads.py
[2023-09-12T00:15:34.182+0000] {processor.py:768} WARNING - No viable dags retrieved from /opt/airflow/dags/subdags/subdags_downloads.py
[2023-09-12T00:15:34.195+0000] {processor.py:176} INFO - Processing /opt/airflow/dags/subdags/subdags_downloads.py took 0.033 seconds
[2023-09-12T00:16:04.816+0000] {processor.py:154} INFO - Started process (PID=292) to work on /opt/airflow/dags/subdags/subdags_downloads.py
[2023-09-12T00:16:04.817+0000] {processor.py:756} INFO - Processing file /opt/airflow/dags/subdags/subdags_downloads.py for tasks to queue
[2023-09-12T00:16:04.818+0000] {logging_mixin.py:120} INFO - [2023-09-12T00:16:04.818+0000] {dagbag.py:537} INFO - Filling up the DagBag from /opt/airflow/dags/subdags/subdags_downloads.py
[2023-09-12T00:16:04.834+0000] {processor.py:768} WARNING - No viable dags retrieved from /opt/airflow/dags/subdags/subdags_downloads.py
[2023-09-12T00:16:04.846+0000] {processor.py:176} INFO - Processing /opt/airflow/dags/subdags/subdags_downloads.py took 0.033 seconds
[2023-09-12T00:16:35.001+0000] {processor.py:154} INFO - Started process (PID=381) to work on /opt/airflow/dags/subdags/subdags_downloads.py
[2023-09-12T00:16:35.002+0000] {processor.py:756} INFO - Processing file /opt/airflow/dags/subdags/subdags_downloads.py for tasks to queue
[2023-09-12T00:16:35.003+0000] {logging_mixin.py:120} INFO - [2023-09-12T00:16:35.002+0000] {dagbag.py:537} INFO - Filling up the DagBag from /opt/airflow/dags/subdags/subdags_downloads.py
[2023-09-12T00:16:35.016+0000] {processor.py:768} WARNING - No viable dags retrieved from /opt/airflow/dags/subdags/subdags_downloads.py
[2023-09-12T00:16:35.027+0000] {processor.py:176} INFO - Processing /opt/airflow/dags/subdags/subdags_downloads.py took 0.029 seconds
[2023-09-12T00:17:05.777+0000] {processor.py:154} INFO - Started process (PID=460) to work on /opt/airflow/dags/subdags/subdags_downloads.py
[2023-09-12T00:17:05.778+0000] {processor.py:756} INFO - Processing file /opt/airflow/dags/subdags/subdags_downloads.py for tasks to queue
[2023-09-12T00:17:05.779+0000] {logging_mixin.py:120} INFO - [2023-09-12T00:17:05.779+0000] {dagbag.py:537} INFO - Filling up the DagBag from /opt/airflow/dags/subdags/subdags_downloads.py
[2023-09-12T00:17:05.796+0000] {processor.py:768} WARNING - No viable dags retrieved from /opt/airflow/dags/subdags/subdags_downloads.py
[2023-09-12T00:17:05.813+0000] {processor.py:176} INFO - Processing /opt/airflow/dags/subdags/subdags_downloads.py took 0.039 seconds
[2023-09-12T00:17:36.031+0000] {processor.py:154} INFO - Started process (PID=539) to work on /opt/airflow/dags/subdags/subdags_downloads.py
[2023-09-12T00:17:36.032+0000] {processor.py:756} INFO - Processing file /opt/airflow/dags/subdags/subdags_downloads.py for tasks to queue
[2023-09-12T00:17:36.033+0000] {logging_mixin.py:120} INFO - [2023-09-12T00:17:36.033+0000] {dagbag.py:537} INFO - Filling up the DagBag from /opt/airflow/dags/subdags/subdags_downloads.py
[2023-09-12T00:17:36.053+0000] {processor.py:768} WARNING - No viable dags retrieved from /opt/airflow/dags/subdags/subdags_downloads.py
[2023-09-12T00:17:36.066+0000] {processor.py:176} INFO - Processing /opt/airflow/dags/subdags/subdags_downloads.py took 0.039 seconds
[2023-09-12T00:18:06.254+0000] {processor.py:154} INFO - Started process (PID=618) to work on /opt/airflow/dags/subdags/subdags_downloads.py
[2023-09-12T00:18:06.255+0000] {processor.py:756} INFO - Processing file /opt/airflow/dags/subdags/subdags_downloads.py for tasks to queue
[2023-09-12T00:18:06.256+0000] {logging_mixin.py:120} INFO - [2023-09-12T00:18:06.256+0000] {dagbag.py:537} INFO - Filling up the DagBag from /opt/airflow/dags/subdags/subdags_downloads.py
[2023-09-12T00:18:06.271+0000] {processor.py:768} WARNING - No viable dags retrieved from /opt/airflow/dags/subdags/subdags_downloads.py
[2023-09-12T00:18:06.283+0000] {processor.py:176} INFO - Processing /opt/airflow/dags/subdags/subdags_downloads.py took 0.032 seconds
[2023-09-12T00:18:36.349+0000] {processor.py:154} INFO - Started process (PID=687) to work on /opt/airflow/dags/subdags/subdags_downloads.py
[2023-09-12T00:18:36.350+0000] {processor.py:756} INFO - Processing file /opt/airflow/dags/subdags/subdags_downloads.py for tasks to queue
[2023-09-12T00:18:36.351+0000] {logging_mixin.py:120} INFO - [2023-09-12T00:18:36.351+0000] {dagbag.py:537} INFO - Filling up the DagBag from /opt/airflow/dags/subdags/subdags_downloads.py
[2023-09-12T00:18:36.367+0000] {processor.py:768} WARNING - No viable dags retrieved from /opt/airflow/dags/subdags/subdags_downloads.py
[2023-09-12T00:18:36.378+0000] {processor.py:176} INFO - Processing /opt/airflow/dags/subdags/subdags_downloads.py took 0.031 seconds
[2023-09-12T00:19:06.921+0000] {processor.py:154} INFO - Started process (PID=767) to work on /opt/airflow/dags/subdags/subdags_downloads.py
[2023-09-12T00:19:06.923+0000] {processor.py:756} INFO - Processing file /opt/airflow/dags/subdags/subdags_downloads.py for tasks to queue
[2023-09-12T00:19:06.923+0000] {logging_mixin.py:120} INFO - [2023-09-12T00:19:06.923+0000] {dagbag.py:537} INFO - Filling up the DagBag from /opt/airflow/dags/subdags/subdags_downloads.py
[2023-09-12T00:19:06.940+0000] {processor.py:768} WARNING - No viable dags retrieved from /opt/airflow/dags/subdags/subdags_downloads.py
[2023-09-12T00:19:06.955+0000] {processor.py:176} INFO - Processing /opt/airflow/dags/subdags/subdags_downloads.py took 0.037 seconds
[2023-09-12T00:19:37.142+0000] {processor.py:154} INFO - Started process (PID=848) to work on /opt/airflow/dags/subdags/subdags_downloads.py
[2023-09-12T00:19:37.143+0000] {processor.py:756} INFO - Processing file /opt/airflow/dags/subdags/subdags_downloads.py for tasks to queue
[2023-09-12T00:19:37.144+0000] {logging_mixin.py:120} INFO - [2023-09-12T00:19:37.144+0000] {dagbag.py:537} INFO - Filling up the DagBag from /opt/airflow/dags/subdags/subdags_downloads.py
[2023-09-12T00:19:37.161+0000] {processor.py:768} WARNING - No viable dags retrieved from /opt/airflow/dags/subdags/subdags_downloads.py
[2023-09-12T00:19:37.175+0000] {processor.py:176} INFO - Processing /opt/airflow/dags/subdags/subdags_downloads.py took 0.037 seconds
[2023-09-12T00:20:07.515+0000] {processor.py:154} INFO - Started process (PID=920) to work on /opt/airflow/dags/subdags/subdags_downloads.py
[2023-09-12T00:20:07.516+0000] {processor.py:756} INFO - Processing file /opt/airflow/dags/subdags/subdags_downloads.py for tasks to queue
[2023-09-12T00:20:07.517+0000] {logging_mixin.py:120} INFO - [2023-09-12T00:20:07.517+0000] {dagbag.py:537} INFO - Filling up the DagBag from /opt/airflow/dags/subdags/subdags_downloads.py
[2023-09-12T00:20:07.533+0000] {processor.py:768} WARNING - No viable dags retrieved from /opt/airflow/dags/subdags/subdags_downloads.py
[2023-09-12T00:20:07.547+0000] {processor.py:176} INFO - Processing /opt/airflow/dags/subdags/subdags_downloads.py took 0.035 seconds
[2023-09-12T00:20:37.858+0000] {processor.py:154} INFO - Started process (PID=1001) to work on /opt/airflow/dags/subdags/subdags_downloads.py
[2023-09-12T00:20:37.859+0000] {processor.py:756} INFO - Processing file /opt/airflow/dags/subdags/subdags_downloads.py for tasks to queue
[2023-09-12T00:20:37.860+0000] {logging_mixin.py:120} INFO - [2023-09-12T00:20:37.859+0000] {dagbag.py:537} INFO - Filling up the DagBag from /opt/airflow/dags/subdags/subdags_downloads.py
[2023-09-12T00:20:37.875+0000] {processor.py:768} WARNING - No viable dags retrieved from /opt/airflow/dags/subdags/subdags_downloads.py
[2023-09-12T00:20:37.886+0000] {processor.py:176} INFO - Processing /opt/airflow/dags/subdags/subdags_downloads.py took 0.031 seconds
[2023-09-12T00:21:08.090+0000] {processor.py:154} INFO - Started process (PID=1082) to work on /opt/airflow/dags/subdags/subdags_downloads.py
[2023-09-12T00:21:08.091+0000] {processor.py:756} INFO - Processing file /opt/airflow/dags/subdags/subdags_downloads.py for tasks to queue
[2023-09-12T00:21:08.091+0000] {logging_mixin.py:120} INFO - [2023-09-12T00:21:08.091+0000] {dagbag.py:537} INFO - Filling up the DagBag from /opt/airflow/dags/subdags/subdags_downloads.py
[2023-09-12T00:21:08.105+0000] {processor.py:768} WARNING - No viable dags retrieved from /opt/airflow/dags/subdags/subdags_downloads.py
[2023-09-12T00:21:08.117+0000] {processor.py:176} INFO - Processing /opt/airflow/dags/subdags/subdags_downloads.py took 0.030 seconds
[2023-09-12T00:21:38.305+0000] {processor.py:154} INFO - Started process (PID=1163) to work on /opt/airflow/dags/subdags/subdags_downloads.py
[2023-09-12T00:21:38.306+0000] {processor.py:756} INFO - Processing file /opt/airflow/dags/subdags/subdags_downloads.py for tasks to queue
[2023-09-12T00:21:38.306+0000] {logging_mixin.py:120} INFO - [2023-09-12T00:21:38.306+0000] {dagbag.py:537} INFO - Filling up the DagBag from /opt/airflow/dags/subdags/subdags_downloads.py
[2023-09-12T00:21:38.322+0000] {processor.py:768} WARNING - No viable dags retrieved from /opt/airflow/dags/subdags/subdags_downloads.py
[2023-09-12T00:21:38.334+0000] {processor.py:176} INFO - Processing /opt/airflow/dags/subdags/subdags_downloads.py took 0.032 seconds
[2023-09-12T00:22:08.812+0000] {processor.py:154} INFO - Started process (PID=1235) to work on /opt/airflow/dags/subdags/subdags_downloads.py
[2023-09-12T00:22:08.814+0000] {processor.py:756} INFO - Processing file /opt/airflow/dags/subdags/subdags_downloads.py for tasks to queue
[2023-09-12T00:22:08.815+0000] {logging_mixin.py:120} INFO - [2023-09-12T00:22:08.814+0000] {dagbag.py:537} INFO - Filling up the DagBag from /opt/airflow/dags/subdags/subdags_downloads.py
[2023-09-12T00:22:08.831+0000] {processor.py:768} WARNING - No viable dags retrieved from /opt/airflow/dags/subdags/subdags_downloads.py
[2023-09-12T00:22:08.843+0000] {processor.py:176} INFO - Processing /opt/airflow/dags/subdags/subdags_downloads.py took 0.034 seconds
[2023-09-12T00:22:39.183+0000] {processor.py:154} INFO - Started process (PID=1315) to work on /opt/airflow/dags/subdags/subdags_downloads.py
[2023-09-12T00:22:39.184+0000] {processor.py:756} INFO - Processing file /opt/airflow/dags/subdags/subdags_downloads.py for tasks to queue
[2023-09-12T00:22:39.185+0000] {logging_mixin.py:120} INFO - [2023-09-12T00:22:39.185+0000] {dagbag.py:537} INFO - Filling up the DagBag from /opt/airflow/dags/subdags/subdags_downloads.py
[2023-09-12T00:22:39.200+0000] {processor.py:768} WARNING - No viable dags retrieved from /opt/airflow/dags/subdags/subdags_downloads.py
[2023-09-12T00:22:39.212+0000] {processor.py:176} INFO - Processing /opt/airflow/dags/subdags/subdags_downloads.py took 0.031 seconds
[2023-09-12T00:23:09.626+0000] {processor.py:154} INFO - Started process (PID=1396) to work on /opt/airflow/dags/subdags/subdags_downloads.py
[2023-09-12T00:23:09.627+0000] {processor.py:756} INFO - Processing file /opt/airflow/dags/subdags/subdags_downloads.py for tasks to queue
[2023-09-12T00:23:09.628+0000] {logging_mixin.py:120} INFO - [2023-09-12T00:23:09.628+0000] {dagbag.py:537} INFO - Filling up the DagBag from /opt/airflow/dags/subdags/subdags_downloads.py
[2023-09-12T00:23:09.647+0000] {processor.py:768} WARNING - No viable dags retrieved from /opt/airflow/dags/subdags/subdags_downloads.py
[2023-09-12T00:23:09.660+0000] {processor.py:176} INFO - Processing /opt/airflow/dags/subdags/subdags_downloads.py took 0.037 seconds
[2023-09-12T00:23:40.421+0000] {processor.py:154} INFO - Started process (PID=1478) to work on /opt/airflow/dags/subdags/subdags_downloads.py
[2023-09-12T00:23:40.422+0000] {processor.py:756} INFO - Processing file /opt/airflow/dags/subdags/subdags_downloads.py for tasks to queue
[2023-09-12T00:23:40.423+0000] {logging_mixin.py:120} INFO - [2023-09-12T00:23:40.423+0000] {dagbag.py:537} INFO - Filling up the DagBag from /opt/airflow/dags/subdags/subdags_downloads.py
[2023-09-12T00:23:40.437+0000] {processor.py:768} WARNING - No viable dags retrieved from /opt/airflow/dags/subdags/subdags_downloads.py
[2023-09-12T00:23:40.451+0000] {processor.py:176} INFO - Processing /opt/airflow/dags/subdags/subdags_downloads.py took 0.032 seconds
[2023-09-12T00:24:11.336+0000] {processor.py:154} INFO - Started process (PID=1551) to work on /opt/airflow/dags/subdags/subdags_downloads.py
[2023-09-12T00:24:11.338+0000] {processor.py:756} INFO - Processing file /opt/airflow/dags/subdags/subdags_downloads.py for tasks to queue
[2023-09-12T00:24:11.339+0000] {logging_mixin.py:120} INFO - [2023-09-12T00:24:11.338+0000] {dagbag.py:537} INFO - Filling up the DagBag from /opt/airflow/dags/subdags/subdags_downloads.py
[2023-09-12T00:24:11.357+0000] {processor.py:768} WARNING - No viable dags retrieved from /opt/airflow/dags/subdags/subdags_downloads.py
[2023-09-12T00:24:11.370+0000] {processor.py:176} INFO - Processing /opt/airflow/dags/subdags/subdags_downloads.py took 0.037 seconds
[2023-09-12T00:24:42.097+0000] {processor.py:154} INFO - Started process (PID=1632) to work on /opt/airflow/dags/subdags/subdags_downloads.py
[2023-09-12T00:24:42.098+0000] {processor.py:756} INFO - Processing file /opt/airflow/dags/subdags/subdags_downloads.py for tasks to queue
[2023-09-12T00:24:42.098+0000] {logging_mixin.py:120} INFO - [2023-09-12T00:24:42.098+0000] {dagbag.py:537} INFO - Filling up the DagBag from /opt/airflow/dags/subdags/subdags_downloads.py
[2023-09-12T00:24:42.115+0000] {processor.py:768} WARNING - No viable dags retrieved from /opt/airflow/dags/subdags/subdags_downloads.py
[2023-09-12T00:24:42.127+0000] {processor.py:176} INFO - Processing /opt/airflow/dags/subdags/subdags_downloads.py took 0.033 seconds
[2023-09-12T00:25:12.988+0000] {processor.py:154} INFO - Started process (PID=1713) to work on /opt/airflow/dags/subdags/subdags_downloads.py
[2023-09-12T00:25:12.989+0000] {processor.py:756} INFO - Processing file /opt/airflow/dags/subdags/subdags_downloads.py for tasks to queue
[2023-09-12T00:25:12.990+0000] {logging_mixin.py:120} INFO - [2023-09-12T00:25:12.990+0000] {dagbag.py:537} INFO - Filling up the DagBag from /opt/airflow/dags/subdags/subdags_downloads.py
[2023-09-12T00:25:13.005+0000] {processor.py:768} WARNING - No viable dags retrieved from /opt/airflow/dags/subdags/subdags_downloads.py
[2023-09-12T00:25:13.018+0000] {processor.py:176} INFO - Processing /opt/airflow/dags/subdags/subdags_downloads.py took 0.033 seconds
[2023-09-12T00:25:44.083+0000] {processor.py:154} INFO - Started process (PID=1794) to work on /opt/airflow/dags/subdags/subdags_downloads.py
[2023-09-12T00:25:44.084+0000] {processor.py:756} INFO - Processing file /opt/airflow/dags/subdags/subdags_downloads.py for tasks to queue
[2023-09-12T00:25:44.085+0000] {logging_mixin.py:120} INFO - [2023-09-12T00:25:44.085+0000] {dagbag.py:537} INFO - Filling up the DagBag from /opt/airflow/dags/subdags/subdags_downloads.py
[2023-09-12T00:25:44.100+0000] {processor.py:768} WARNING - No viable dags retrieved from /opt/airflow/dags/subdags/subdags_downloads.py
[2023-09-12T00:25:44.113+0000] {processor.py:176} INFO - Processing /opt/airflow/dags/subdags/subdags_downloads.py took 0.033 seconds
[2023-09-12T00:26:15.050+0000] {processor.py:154} INFO - Started process (PID=1875) to work on /opt/airflow/dags/subdags/subdags_downloads.py
[2023-09-12T00:26:15.051+0000] {processor.py:756} INFO - Processing file /opt/airflow/dags/subdags/subdags_downloads.py for tasks to queue
[2023-09-12T00:26:15.052+0000] {logging_mixin.py:120} INFO - [2023-09-12T00:26:15.052+0000] {dagbag.py:537} INFO - Filling up the DagBag from /opt/airflow/dags/subdags/subdags_downloads.py
[2023-09-12T00:26:15.066+0000] {processor.py:768} WARNING - No viable dags retrieved from /opt/airflow/dags/subdags/subdags_downloads.py
[2023-09-12T00:26:15.081+0000] {processor.py:176} INFO - Processing /opt/airflow/dags/subdags/subdags_downloads.py took 0.033 seconds
[2023-09-12T00:26:45.758+0000] {processor.py:154} INFO - Started process (PID=1948) to work on /opt/airflow/dags/subdags/subdags_downloads.py
[2023-09-12T00:26:45.760+0000] {processor.py:756} INFO - Processing file /opt/airflow/dags/subdags/subdags_downloads.py for tasks to queue
[2023-09-12T00:26:45.760+0000] {logging_mixin.py:120} INFO - [2023-09-12T00:26:45.760+0000] {dagbag.py:537} INFO - Filling up the DagBag from /opt/airflow/dags/subdags/subdags_downloads.py
[2023-09-12T00:26:45.777+0000] {processor.py:768} WARNING - No viable dags retrieved from /opt/airflow/dags/subdags/subdags_downloads.py
[2023-09-12T00:26:45.790+0000] {processor.py:176} INFO - Processing /opt/airflow/dags/subdags/subdags_downloads.py took 0.035 seconds
[2023-09-12T00:27:16.603+0000] {processor.py:154} INFO - Started process (PID=2029) to work on /opt/airflow/dags/subdags/subdags_downloads.py
[2023-09-12T00:27:16.604+0000] {processor.py:756} INFO - Processing file /opt/airflow/dags/subdags/subdags_downloads.py for tasks to queue
[2023-09-12T00:27:16.605+0000] {logging_mixin.py:120} INFO - [2023-09-12T00:27:16.605+0000] {dagbag.py:537} INFO - Filling up the DagBag from /opt/airflow/dags/subdags/subdags_downloads.py
[2023-09-12T00:27:16.621+0000] {processor.py:768} WARNING - No viable dags retrieved from /opt/airflow/dags/subdags/subdags_downloads.py
[2023-09-12T00:27:16.634+0000] {processor.py:176} INFO - Processing /opt/airflow/dags/subdags/subdags_downloads.py took 0.034 seconds
[2023-09-12T00:27:47.377+0000] {processor.py:154} INFO - Started process (PID=2110) to work on /opt/airflow/dags/subdags/subdags_downloads.py
[2023-09-12T00:27:47.378+0000] {processor.py:756} INFO - Processing file /opt/airflow/dags/subdags/subdags_downloads.py for tasks to queue
[2023-09-12T00:27:47.379+0000] {logging_mixin.py:120} INFO - [2023-09-12T00:27:47.379+0000] {dagbag.py:537} INFO - Filling up the DagBag from /opt/airflow/dags/subdags/subdags_downloads.py
[2023-09-12T00:27:47.394+0000] {processor.py:768} WARNING - No viable dags retrieved from /opt/airflow/dags/subdags/subdags_downloads.py
[2023-09-12T00:27:47.409+0000] {processor.py:176} INFO - Processing /opt/airflow/dags/subdags/subdags_downloads.py took 0.034 seconds
[2023-09-12T00:28:17.973+0000] {processor.py:154} INFO - Started process (PID=2191) to work on /opt/airflow/dags/subdags/subdags_downloads.py
[2023-09-12T00:28:17.974+0000] {processor.py:756} INFO - Processing file /opt/airflow/dags/subdags/subdags_downloads.py for tasks to queue
[2023-09-12T00:28:17.975+0000] {logging_mixin.py:120} INFO - [2023-09-12T00:28:17.975+0000] {dagbag.py:537} INFO - Filling up the DagBag from /opt/airflow/dags/subdags/subdags_downloads.py
[2023-09-12T00:28:17.992+0000] {processor.py:768} WARNING - No viable dags retrieved from /opt/airflow/dags/subdags/subdags_downloads.py
[2023-09-12T00:28:18.007+0000] {processor.py:176} INFO - Processing /opt/airflow/dags/subdags/subdags_downloads.py took 0.036 seconds
[2023-09-12T00:28:48.558+0000] {processor.py:154} INFO - Started process (PID=2263) to work on /opt/airflow/dags/subdags/subdags_downloads.py
[2023-09-12T00:28:48.559+0000] {processor.py:756} INFO - Processing file /opt/airflow/dags/subdags/subdags_downloads.py for tasks to queue
[2023-09-12T00:28:48.560+0000] {logging_mixin.py:120} INFO - [2023-09-12T00:28:48.559+0000] {dagbag.py:537} INFO - Filling up the DagBag from /opt/airflow/dags/subdags/subdags_downloads.py
[2023-09-12T00:28:48.575+0000] {processor.py:768} WARNING - No viable dags retrieved from /opt/airflow/dags/subdags/subdags_downloads.py
[2023-09-12T00:28:48.587+0000] {processor.py:176} INFO - Processing /opt/airflow/dags/subdags/subdags_downloads.py took 0.032 seconds
[2023-09-12T00:29:19.426+0000] {processor.py:154} INFO - Started process (PID=2344) to work on /opt/airflow/dags/subdags/subdags_downloads.py
[2023-09-12T00:29:19.427+0000] {processor.py:756} INFO - Processing file /opt/airflow/dags/subdags/subdags_downloads.py for tasks to queue
[2023-09-12T00:29:19.428+0000] {logging_mixin.py:120} INFO - [2023-09-12T00:29:19.428+0000] {dagbag.py:537} INFO - Filling up the DagBag from /opt/airflow/dags/subdags/subdags_downloads.py
[2023-09-12T00:29:19.443+0000] {processor.py:768} WARNING - No viable dags retrieved from /opt/airflow/dags/subdags/subdags_downloads.py
[2023-09-12T00:29:19.455+0000] {processor.py:176} INFO - Processing /opt/airflow/dags/subdags/subdags_downloads.py took 0.031 seconds
[2023-09-12T00:29:50.151+0000] {processor.py:154} INFO - Started process (PID=2425) to work on /opt/airflow/dags/subdags/subdags_downloads.py
[2023-09-12T00:29:50.152+0000] {processor.py:756} INFO - Processing file /opt/airflow/dags/subdags/subdags_downloads.py for tasks to queue
[2023-09-12T00:29:50.153+0000] {logging_mixin.py:120} INFO - [2023-09-12T00:29:50.153+0000] {dagbag.py:537} INFO - Filling up the DagBag from /opt/airflow/dags/subdags/subdags_downloads.py
[2023-09-12T00:29:50.167+0000] {processor.py:768} WARNING - No viable dags retrieved from /opt/airflow/dags/subdags/subdags_downloads.py
[2023-09-12T00:29:50.179+0000] {processor.py:176} INFO - Processing /opt/airflow/dags/subdags/subdags_downloads.py took 0.030 seconds
[2023-09-12T00:30:20.648+0000] {processor.py:154} INFO - Started process (PID=2506) to work on /opt/airflow/dags/subdags/subdags_downloads.py
[2023-09-12T00:30:20.649+0000] {processor.py:756} INFO - Processing file /opt/airflow/dags/subdags/subdags_downloads.py for tasks to queue
[2023-09-12T00:30:20.650+0000] {logging_mixin.py:120} INFO - [2023-09-12T00:30:20.650+0000] {dagbag.py:537} INFO - Filling up the DagBag from /opt/airflow/dags/subdags/subdags_downloads.py
[2023-09-12T00:30:20.667+0000] {processor.py:768} WARNING - No viable dags retrieved from /opt/airflow/dags/subdags/subdags_downloads.py
[2023-09-12T00:30:20.681+0000] {processor.py:176} INFO - Processing /opt/airflow/dags/subdags/subdags_downloads.py took 0.036 seconds
[2023-09-12T00:30:51.455+0000] {processor.py:154} INFO - Started process (PID=2585) to work on /opt/airflow/dags/subdags/subdags_downloads.py
[2023-09-12T00:30:51.456+0000] {processor.py:756} INFO - Processing file /opt/airflow/dags/subdags/subdags_downloads.py for tasks to queue
[2023-09-12T00:30:51.457+0000] {logging_mixin.py:120} INFO - [2023-09-12T00:30:51.457+0000] {dagbag.py:537} INFO - Filling up the DagBag from /opt/airflow/dags/subdags/subdags_downloads.py
[2023-09-12T00:30:51.474+0000] {processor.py:768} WARNING - No viable dags retrieved from /opt/airflow/dags/subdags/subdags_downloads.py
[2023-09-12T00:30:51.486+0000] {processor.py:176} INFO - Processing /opt/airflow/dags/subdags/subdags_downloads.py took 0.035 seconds
[2023-09-12T00:31:22.227+0000] {processor.py:154} INFO - Started process (PID=2660) to work on /opt/airflow/dags/subdags/subdags_downloads.py
[2023-09-12T00:31:22.227+0000] {processor.py:756} INFO - Processing file /opt/airflow/dags/subdags/subdags_downloads.py for tasks to queue
[2023-09-12T00:31:22.228+0000] {logging_mixin.py:120} INFO - [2023-09-12T00:31:22.228+0000] {dagbag.py:537} INFO - Filling up the DagBag from /opt/airflow/dags/subdags/subdags_downloads.py
[2023-09-12T00:31:22.241+0000] {processor.py:768} WARNING - No viable dags retrieved from /opt/airflow/dags/subdags/subdags_downloads.py
[2023-09-12T00:31:22.252+0000] {processor.py:176} INFO - Processing /opt/airflow/dags/subdags/subdags_downloads.py took 0.028 seconds
[2023-09-12T00:31:53.208+0000] {processor.py:154} INFO - Started process (PID=2741) to work on /opt/airflow/dags/subdags/subdags_downloads.py
[2023-09-12T00:31:53.208+0000] {processor.py:756} INFO - Processing file /opt/airflow/dags/subdags/subdags_downloads.py for tasks to queue
[2023-09-12T00:31:53.209+0000] {logging_mixin.py:120} INFO - [2023-09-12T00:31:53.209+0000] {dagbag.py:537} INFO - Filling up the DagBag from /opt/airflow/dags/subdags/subdags_downloads.py
[2023-09-12T00:31:53.221+0000] {processor.py:768} WARNING - No viable dags retrieved from /opt/airflow/dags/subdags/subdags_downloads.py
[2023-09-12T00:31:53.233+0000] {processor.py:176} INFO - Processing /opt/airflow/dags/subdags/subdags_downloads.py took 0.028 seconds
[2023-09-12T00:32:23.853+0000] {processor.py:154} INFO - Started process (PID=2822) to work on /opt/airflow/dags/subdags/subdags_downloads.py
[2023-09-12T00:32:23.854+0000] {processor.py:756} INFO - Processing file /opt/airflow/dags/subdags/subdags_downloads.py for tasks to queue
[2023-09-12T00:32:23.855+0000] {logging_mixin.py:120} INFO - [2023-09-12T00:32:23.855+0000] {dagbag.py:537} INFO - Filling up the DagBag from /opt/airflow/dags/subdags/subdags_downloads.py
[2023-09-12T00:32:23.868+0000] {processor.py:768} WARNING - No viable dags retrieved from /opt/airflow/dags/subdags/subdags_downloads.py
[2023-09-12T00:32:23.880+0000] {processor.py:176} INFO - Processing /opt/airflow/dags/subdags/subdags_downloads.py took 0.029 seconds
[2023-09-12T00:32:54.781+0000] {processor.py:154} INFO - Started process (PID=2903) to work on /opt/airflow/dags/subdags/subdags_downloads.py
[2023-09-12T00:32:54.782+0000] {processor.py:756} INFO - Processing file /opt/airflow/dags/subdags/subdags_downloads.py for tasks to queue
[2023-09-12T00:32:54.783+0000] {logging_mixin.py:120} INFO - [2023-09-12T00:32:54.783+0000] {dagbag.py:537} INFO - Filling up the DagBag from /opt/airflow/dags/subdags/subdags_downloads.py
[2023-09-12T00:32:54.797+0000] {processor.py:768} WARNING - No viable dags retrieved from /opt/airflow/dags/subdags/subdags_downloads.py
[2023-09-12T00:32:54.811+0000] {processor.py:176} INFO - Processing /opt/airflow/dags/subdags/subdags_downloads.py took 0.032 seconds
[2023-09-12T00:33:25.428+0000] {processor.py:154} INFO - Started process (PID=2975) to work on /opt/airflow/dags/subdags/subdags_downloads.py
[2023-09-12T00:33:25.429+0000] {processor.py:756} INFO - Processing file /opt/airflow/dags/subdags/subdags_downloads.py for tasks to queue
[2023-09-12T00:33:25.429+0000] {logging_mixin.py:120} INFO - [2023-09-12T00:33:25.429+0000] {dagbag.py:537} INFO - Filling up the DagBag from /opt/airflow/dags/subdags/subdags_downloads.py
[2023-09-12T00:33:25.444+0000] {processor.py:768} WARNING - No viable dags retrieved from /opt/airflow/dags/subdags/subdags_downloads.py
[2023-09-12T00:33:25.456+0000] {processor.py:176} INFO - Processing /opt/airflow/dags/subdags/subdags_downloads.py took 0.031 seconds
[2023-09-12T00:33:56.168+0000] {processor.py:154} INFO - Started process (PID=3056) to work on /opt/airflow/dags/subdags/subdags_downloads.py
[2023-09-12T00:33:56.169+0000] {processor.py:756} INFO - Processing file /opt/airflow/dags/subdags/subdags_downloads.py for tasks to queue
[2023-09-12T00:33:56.170+0000] {logging_mixin.py:120} INFO - [2023-09-12T00:33:56.170+0000] {dagbag.py:537} INFO - Filling up the DagBag from /opt/airflow/dags/subdags/subdags_downloads.py
[2023-09-12T00:33:56.184+0000] {processor.py:768} WARNING - No viable dags retrieved from /opt/airflow/dags/subdags/subdags_downloads.py
[2023-09-12T00:33:56.196+0000] {processor.py:176} INFO - Processing /opt/airflow/dags/subdags/subdags_downloads.py took 0.030 seconds
[2023-09-12T00:34:26.678+0000] {processor.py:154} INFO - Started process (PID=3137) to work on /opt/airflow/dags/subdags/subdags_downloads.py
[2023-09-12T00:34:26.679+0000] {processor.py:756} INFO - Processing file /opt/airflow/dags/subdags/subdags_downloads.py for tasks to queue
[2023-09-12T00:34:26.680+0000] {logging_mixin.py:120} INFO - [2023-09-12T00:34:26.680+0000] {dagbag.py:537} INFO - Filling up the DagBag from /opt/airflow/dags/subdags/subdags_downloads.py
[2023-09-12T00:34:26.694+0000] {processor.py:768} WARNING - No viable dags retrieved from /opt/airflow/dags/subdags/subdags_downloads.py
[2023-09-12T00:34:26.706+0000] {processor.py:176} INFO - Processing /opt/airflow/dags/subdags/subdags_downloads.py took 0.031 seconds
[2023-09-12T00:34:57.486+0000] {processor.py:154} INFO - Started process (PID=3218) to work on /opt/airflow/dags/subdags/subdags_downloads.py
[2023-09-12T00:34:57.487+0000] {processor.py:756} INFO - Processing file /opt/airflow/dags/subdags/subdags_downloads.py for tasks to queue
[2023-09-12T00:34:57.488+0000] {logging_mixin.py:120} INFO - [2023-09-12T00:34:57.488+0000] {dagbag.py:537} INFO - Filling up the DagBag from /opt/airflow/dags/subdags/subdags_downloads.py
[2023-09-12T00:34:57.499+0000] {processor.py:768} WARNING - No viable dags retrieved from /opt/airflow/dags/subdags/subdags_downloads.py
[2023-09-12T00:34:57.511+0000] {processor.py:176} INFO - Processing /opt/airflow/dags/subdags/subdags_downloads.py took 0.027 seconds
[2023-09-12T00:35:28.465+0000] {processor.py:154} INFO - Started process (PID=3299) to work on /opt/airflow/dags/subdags/subdags_downloads.py
[2023-09-12T00:35:28.466+0000] {processor.py:756} INFO - Processing file /opt/airflow/dags/subdags/subdags_downloads.py for tasks to queue
[2023-09-12T00:35:28.467+0000] {logging_mixin.py:120} INFO - [2023-09-12T00:35:28.467+0000] {dagbag.py:537} INFO - Filling up the DagBag from /opt/airflow/dags/subdags/subdags_downloads.py
[2023-09-12T00:35:28.481+0000] {processor.py:768} WARNING - No viable dags retrieved from /opt/airflow/dags/subdags/subdags_downloads.py
[2023-09-12T00:35:28.492+0000] {processor.py:176} INFO - Processing /opt/airflow/dags/subdags/subdags_downloads.py took 0.030 seconds
[2023-09-12T00:35:59.337+0000] {processor.py:154} INFO - Started process (PID=3371) to work on /opt/airflow/dags/subdags/subdags_downloads.py
[2023-09-12T00:35:59.338+0000] {processor.py:756} INFO - Processing file /opt/airflow/dags/subdags/subdags_downloads.py for tasks to queue
[2023-09-12T00:35:59.339+0000] {logging_mixin.py:120} INFO - [2023-09-12T00:35:59.339+0000] {dagbag.py:537} INFO - Filling up the DagBag from /opt/airflow/dags/subdags/subdags_downloads.py
[2023-09-12T00:35:59.352+0000] {processor.py:768} WARNING - No viable dags retrieved from /opt/airflow/dags/subdags/subdags_downloads.py
[2023-09-12T00:35:59.363+0000] {processor.py:176} INFO - Processing /opt/airflow/dags/subdags/subdags_downloads.py took 0.028 seconds
[2023-09-12T00:36:30.267+0000] {processor.py:154} INFO - Started process (PID=3452) to work on /opt/airflow/dags/subdags/subdags_downloads.py
[2023-09-12T00:36:30.268+0000] {processor.py:756} INFO - Processing file /opt/airflow/dags/subdags/subdags_downloads.py for tasks to queue
[2023-09-12T00:36:30.269+0000] {logging_mixin.py:120} INFO - [2023-09-12T00:36:30.269+0000] {dagbag.py:537} INFO - Filling up the DagBag from /opt/airflow/dags/subdags/subdags_downloads.py
[2023-09-12T00:36:30.282+0000] {processor.py:768} WARNING - No viable dags retrieved from /opt/airflow/dags/subdags/subdags_downloads.py
[2023-09-12T00:36:30.299+0000] {processor.py:176} INFO - Processing /opt/airflow/dags/subdags/subdags_downloads.py took 0.036 seconds
[2023-09-12T00:37:01.095+0000] {processor.py:154} INFO - Started process (PID=3533) to work on /opt/airflow/dags/subdags/subdags_downloads.py
[2023-09-12T00:37:01.096+0000] {processor.py:756} INFO - Processing file /opt/airflow/dags/subdags/subdags_downloads.py for tasks to queue
[2023-09-12T00:37:01.097+0000] {logging_mixin.py:120} INFO - [2023-09-12T00:37:01.097+0000] {dagbag.py:537} INFO - Filling up the DagBag from /opt/airflow/dags/subdags/subdags_downloads.py
[2023-09-12T00:37:01.112+0000] {processor.py:768} WARNING - No viable dags retrieved from /opt/airflow/dags/subdags/subdags_downloads.py
[2023-09-12T00:37:01.123+0000] {processor.py:176} INFO - Processing /opt/airflow/dags/subdags/subdags_downloads.py took 0.031 seconds
[2023-09-12T00:37:32.012+0000] {processor.py:154} INFO - Started process (PID=3614) to work on /opt/airflow/dags/subdags/subdags_downloads.py
[2023-09-12T00:37:32.013+0000] {processor.py:756} INFO - Processing file /opt/airflow/dags/subdags/subdags_downloads.py for tasks to queue
[2023-09-12T00:37:32.014+0000] {logging_mixin.py:120} INFO - [2023-09-12T00:37:32.014+0000] {dagbag.py:537} INFO - Filling up the DagBag from /opt/airflow/dags/subdags/subdags_downloads.py
[2023-09-12T00:37:32.027+0000] {processor.py:768} WARNING - No viable dags retrieved from /opt/airflow/dags/subdags/subdags_downloads.py
[2023-09-12T00:37:32.040+0000] {processor.py:176} INFO - Processing /opt/airflow/dags/subdags/subdags_downloads.py took 0.031 seconds
[2023-09-12T00:38:03.013+0000] {processor.py:154} INFO - Started process (PID=3695) to work on /opt/airflow/dags/subdags/subdags_downloads.py
[2023-09-12T00:38:03.014+0000] {processor.py:756} INFO - Processing file /opt/airflow/dags/subdags/subdags_downloads.py for tasks to queue
[2023-09-12T00:38:03.014+0000] {logging_mixin.py:120} INFO - [2023-09-12T00:38:03.014+0000] {dagbag.py:537} INFO - Filling up the DagBag from /opt/airflow/dags/subdags/subdags_downloads.py
[2023-09-12T00:38:03.026+0000] {processor.py:768} WARNING - No viable dags retrieved from /opt/airflow/dags/subdags/subdags_downloads.py
[2023-09-12T00:38:03.038+0000] {processor.py:176} INFO - Processing /opt/airflow/dags/subdags/subdags_downloads.py took 0.027 seconds
[2023-09-12T00:38:33.718+0000] {processor.py:154} INFO - Started process (PID=3768) to work on /opt/airflow/dags/subdags/subdags_downloads.py
[2023-09-12T00:38:33.718+0000] {processor.py:756} INFO - Processing file /opt/airflow/dags/subdags/subdags_downloads.py for tasks to queue
[2023-09-12T00:38:33.719+0000] {logging_mixin.py:120} INFO - [2023-09-12T00:38:33.719+0000] {dagbag.py:537} INFO - Filling up the DagBag from /opt/airflow/dags/subdags/subdags_downloads.py
[2023-09-12T00:38:33.733+0000] {processor.py:768} WARNING - No viable dags retrieved from /opt/airflow/dags/subdags/subdags_downloads.py
[2023-09-12T00:38:33.744+0000] {processor.py:176} INFO - Processing /opt/airflow/dags/subdags/subdags_downloads.py took 0.029 seconds
[2023-09-12T00:39:04.569+0000] {processor.py:154} INFO - Started process (PID=3849) to work on /opt/airflow/dags/subdags/subdags_downloads.py
[2023-09-12T00:39:04.570+0000] {processor.py:756} INFO - Processing file /opt/airflow/dags/subdags/subdags_downloads.py for tasks to queue
[2023-09-12T00:39:04.570+0000] {logging_mixin.py:120} INFO - [2023-09-12T00:39:04.570+0000] {dagbag.py:537} INFO - Filling up the DagBag from /opt/airflow/dags/subdags/subdags_downloads.py
[2023-09-12T00:39:04.584+0000] {processor.py:768} WARNING - No viable dags retrieved from /opt/airflow/dags/subdags/subdags_downloads.py
[2023-09-12T00:39:04.595+0000] {processor.py:176} INFO - Processing /opt/airflow/dags/subdags/subdags_downloads.py took 0.029 seconds
[2023-09-12T00:39:35.350+0000] {processor.py:154} INFO - Started process (PID=3930) to work on /opt/airflow/dags/subdags/subdags_downloads.py
[2023-09-12T00:39:35.351+0000] {processor.py:756} INFO - Processing file /opt/airflow/dags/subdags/subdags_downloads.py for tasks to queue
[2023-09-12T00:39:35.352+0000] {logging_mixin.py:120} INFO - [2023-09-12T00:39:35.352+0000] {dagbag.py:537} INFO - Filling up the DagBag from /opt/airflow/dags/subdags/subdags_downloads.py
[2023-09-12T00:39:35.367+0000] {processor.py:768} WARNING - No viable dags retrieved from /opt/airflow/dags/subdags/subdags_downloads.py
[2023-09-12T00:39:35.379+0000] {processor.py:176} INFO - Processing /opt/airflow/dags/subdags/subdags_downloads.py took 0.032 seconds
[2023-09-12T00:40:06.505+0000] {processor.py:154} INFO - Started process (PID=4011) to work on /opt/airflow/dags/subdags/subdags_downloads.py
[2023-09-12T00:40:06.506+0000] {processor.py:756} INFO - Processing file /opt/airflow/dags/subdags/subdags_downloads.py for tasks to queue
[2023-09-12T00:40:06.506+0000] {logging_mixin.py:120} INFO - [2023-09-12T00:40:06.506+0000] {dagbag.py:537} INFO - Filling up the DagBag from /opt/airflow/dags/subdags/subdags_downloads.py
[2023-09-12T00:40:06.521+0000] {processor.py:768} WARNING - No viable dags retrieved from /opt/airflow/dags/subdags/subdags_downloads.py
[2023-09-12T00:40:06.533+0000] {processor.py:176} INFO - Processing /opt/airflow/dags/subdags/subdags_downloads.py took 0.031 seconds
[2023-09-12T00:40:37.510+0000] {processor.py:154} INFO - Started process (PID=4092) to work on /opt/airflow/dags/subdags/subdags_downloads.py
[2023-09-12T00:40:37.510+0000] {processor.py:756} INFO - Processing file /opt/airflow/dags/subdags/subdags_downloads.py for tasks to queue
[2023-09-12T00:40:37.511+0000] {logging_mixin.py:120} INFO - [2023-09-12T00:40:37.511+0000] {dagbag.py:537} INFO - Filling up the DagBag from /opt/airflow/dags/subdags/subdags_downloads.py
[2023-09-12T00:40:37.526+0000] {processor.py:768} WARNING - No viable dags retrieved from /opt/airflow/dags/subdags/subdags_downloads.py
[2023-09-12T00:40:37.539+0000] {processor.py:176} INFO - Processing /opt/airflow/dags/subdags/subdags_downloads.py took 0.032 seconds
[2023-09-12T00:41:07.576+0000] {processor.py:154} INFO - Started process (PID=4163) to work on /opt/airflow/dags/subdags/subdags_downloads.py
[2023-09-12T00:41:07.577+0000] {processor.py:756} INFO - Processing file /opt/airflow/dags/subdags/subdags_downloads.py for tasks to queue
[2023-09-12T00:41:07.577+0000] {logging_mixin.py:120} INFO - [2023-09-12T00:41:07.577+0000] {dagbag.py:537} INFO - Filling up the DagBag from /opt/airflow/dags/subdags/subdags_downloads.py
[2023-09-12T00:41:07.590+0000] {processor.py:768} WARNING - No viable dags retrieved from /opt/airflow/dags/subdags/subdags_downloads.py
[2023-09-12T00:41:07.601+0000] {processor.py:176} INFO - Processing /opt/airflow/dags/subdags/subdags_downloads.py took 0.027 seconds
[2023-09-12T00:41:38.110+0000] {processor.py:154} INFO - Started process (PID=4244) to work on /opt/airflow/dags/subdags/subdags_downloads.py
[2023-09-12T00:41:38.110+0000] {processor.py:756} INFO - Processing file /opt/airflow/dags/subdags/subdags_downloads.py for tasks to queue
[2023-09-12T00:41:38.111+0000] {logging_mixin.py:120} INFO - [2023-09-12T00:41:38.111+0000] {dagbag.py:537} INFO - Filling up the DagBag from /opt/airflow/dags/subdags/subdags_downloads.py
[2023-09-12T00:41:38.126+0000] {processor.py:768} WARNING - No viable dags retrieved from /opt/airflow/dags/subdags/subdags_downloads.py
[2023-09-12T00:41:38.139+0000] {processor.py:176} INFO - Processing /opt/airflow/dags/subdags/subdags_downloads.py took 0.032 seconds
[2023-09-12T00:42:08.221+0000] {processor.py:154} INFO - Started process (PID=4326) to work on /opt/airflow/dags/subdags/subdags_downloads.py
[2023-09-12T00:42:08.222+0000] {processor.py:756} INFO - Processing file /opt/airflow/dags/subdags/subdags_downloads.py for tasks to queue
[2023-09-12T00:42:08.223+0000] {logging_mixin.py:120} INFO - [2023-09-12T00:42:08.223+0000] {dagbag.py:537} INFO - Filling up the DagBag from /opt/airflow/dags/subdags/subdags_downloads.py
[2023-09-12T00:42:08.239+0000] {processor.py:768} WARNING - No viable dags retrieved from /opt/airflow/dags/subdags/subdags_downloads.py
[2023-09-12T00:42:08.254+0000] {processor.py:176} INFO - Processing /opt/airflow/dags/subdags/subdags_downloads.py took 0.036 seconds
[2023-09-12T00:42:39.025+0000] {processor.py:154} INFO - Started process (PID=4405) to work on /opt/airflow/dags/subdags/subdags_downloads.py
[2023-09-12T00:42:39.026+0000] {processor.py:756} INFO - Processing file /opt/airflow/dags/subdags/subdags_downloads.py for tasks to queue
[2023-09-12T00:42:39.026+0000] {logging_mixin.py:120} INFO - [2023-09-12T00:42:39.026+0000] {dagbag.py:537} INFO - Filling up the DagBag from /opt/airflow/dags/subdags/subdags_downloads.py
[2023-09-12T00:42:39.040+0000] {processor.py:768} WARNING - No viable dags retrieved from /opt/airflow/dags/subdags/subdags_downloads.py
[2023-09-12T00:42:39.053+0000] {processor.py:176} INFO - Processing /opt/airflow/dags/subdags/subdags_downloads.py took 0.031 seconds
[2023-09-12T00:43:09.604+0000] {processor.py:154} INFO - Started process (PID=4479) to work on /opt/airflow/dags/subdags/subdags_downloads.py
[2023-09-12T00:43:09.604+0000] {processor.py:756} INFO - Processing file /opt/airflow/dags/subdags/subdags_downloads.py for tasks to queue
[2023-09-12T00:43:09.605+0000] {logging_mixin.py:120} INFO - [2023-09-12T00:43:09.605+0000] {dagbag.py:537} INFO - Filling up the DagBag from /opt/airflow/dags/subdags/subdags_downloads.py
[2023-09-12T00:43:09.620+0000] {processor.py:768} WARNING - No viable dags retrieved from /opt/airflow/dags/subdags/subdags_downloads.py
[2023-09-12T00:43:09.631+0000] {processor.py:176} INFO - Processing /opt/airflow/dags/subdags/subdags_downloads.py took 0.030 seconds
[2023-09-12T00:43:40.538+0000] {processor.py:154} INFO - Started process (PID=4560) to work on /opt/airflow/dags/subdags/subdags_downloads.py
[2023-09-12T00:43:40.539+0000] {processor.py:756} INFO - Processing file /opt/airflow/dags/subdags/subdags_downloads.py for tasks to queue
[2023-09-12T00:43:40.540+0000] {logging_mixin.py:120} INFO - [2023-09-12T00:43:40.540+0000] {dagbag.py:537} INFO - Filling up the DagBag from /opt/airflow/dags/subdags/subdags_downloads.py
[2023-09-12T00:43:40.555+0000] {processor.py:768} WARNING - No viable dags retrieved from /opt/airflow/dags/subdags/subdags_downloads.py
[2023-09-12T00:43:40.568+0000] {processor.py:176} INFO - Processing /opt/airflow/dags/subdags/subdags_downloads.py took 0.033 seconds
[2023-09-12T00:44:11.320+0000] {processor.py:154} INFO - Started process (PID=4641) to work on /opt/airflow/dags/subdags/subdags_downloads.py
[2023-09-12T00:44:11.321+0000] {processor.py:756} INFO - Processing file /opt/airflow/dags/subdags/subdags_downloads.py for tasks to queue
[2023-09-12T00:44:11.322+0000] {logging_mixin.py:120} INFO - [2023-09-12T00:44:11.322+0000] {dagbag.py:537} INFO - Filling up the DagBag from /opt/airflow/dags/subdags/subdags_downloads.py
[2023-09-12T00:44:11.337+0000] {processor.py:768} WARNING - No viable dags retrieved from /opt/airflow/dags/subdags/subdags_downloads.py
[2023-09-12T00:44:11.348+0000] {processor.py:176} INFO - Processing /opt/airflow/dags/subdags/subdags_downloads.py took 0.030 seconds
[2023-09-12T00:44:42.204+0000] {processor.py:154} INFO - Started process (PID=4722) to work on /opt/airflow/dags/subdags/subdags_downloads.py
[2023-09-12T00:44:42.205+0000] {processor.py:756} INFO - Processing file /opt/airflow/dags/subdags/subdags_downloads.py for tasks to queue
[2023-09-12T00:44:42.206+0000] {logging_mixin.py:120} INFO - [2023-09-12T00:44:42.206+0000] {dagbag.py:537} INFO - Filling up the DagBag from /opt/airflow/dags/subdags/subdags_downloads.py
[2023-09-12T00:44:42.223+0000] {processor.py:768} WARNING - No viable dags retrieved from /opt/airflow/dags/subdags/subdags_downloads.py
[2023-09-12T00:44:42.236+0000] {processor.py:176} INFO - Processing /opt/airflow/dags/subdags/subdags_downloads.py took 0.035 seconds
[2023-09-12T00:45:13.129+0000] {processor.py:154} INFO - Started process (PID=4794) to work on /opt/airflow/dags/subdags/subdags_downloads.py
[2023-09-12T00:45:13.130+0000] {processor.py:756} INFO - Processing file /opt/airflow/dags/subdags/subdags_downloads.py for tasks to queue
[2023-09-12T00:45:13.131+0000] {logging_mixin.py:120} INFO - [2023-09-12T00:45:13.131+0000] {dagbag.py:537} INFO - Filling up the DagBag from /opt/airflow/dags/subdags/subdags_downloads.py
[2023-09-12T00:45:13.144+0000] {processor.py:768} WARNING - No viable dags retrieved from /opt/airflow/dags/subdags/subdags_downloads.py
[2023-09-12T00:45:13.155+0000] {processor.py:176} INFO - Processing /opt/airflow/dags/subdags/subdags_downloads.py took 0.029 seconds
[2023-09-12T00:45:43.802+0000] {processor.py:154} INFO - Started process (PID=4875) to work on /opt/airflow/dags/subdags/subdags_downloads.py
[2023-09-12T00:45:43.803+0000] {processor.py:756} INFO - Processing file /opt/airflow/dags/subdags/subdags_downloads.py for tasks to queue
[2023-09-12T00:45:43.804+0000] {logging_mixin.py:120} INFO - [2023-09-12T00:45:43.803+0000] {dagbag.py:537} INFO - Filling up the DagBag from /opt/airflow/dags/subdags/subdags_downloads.py
[2023-09-12T00:45:43.818+0000] {processor.py:768} WARNING - No viable dags retrieved from /opt/airflow/dags/subdags/subdags_downloads.py
[2023-09-12T00:45:43.828+0000] {processor.py:176} INFO - Processing /opt/airflow/dags/subdags/subdags_downloads.py took 0.029 seconds
[2023-09-12T00:46:14.597+0000] {processor.py:154} INFO - Started process (PID=4956) to work on /opt/airflow/dags/subdags/subdags_downloads.py
[2023-09-12T00:46:14.598+0000] {processor.py:756} INFO - Processing file /opt/airflow/dags/subdags/subdags_downloads.py for tasks to queue
[2023-09-12T00:46:14.599+0000] {logging_mixin.py:120} INFO - [2023-09-12T00:46:14.599+0000] {dagbag.py:537} INFO - Filling up the DagBag from /opt/airflow/dags/subdags/subdags_downloads.py
[2023-09-12T00:46:14.613+0000] {processor.py:768} WARNING - No viable dags retrieved from /opt/airflow/dags/subdags/subdags_downloads.py
[2023-09-12T00:46:14.626+0000] {processor.py:176} INFO - Processing /opt/airflow/dags/subdags/subdags_downloads.py took 0.032 seconds
[2023-09-12T00:46:45.427+0000] {processor.py:154} INFO - Started process (PID=5037) to work on /opt/airflow/dags/subdags/subdags_downloads.py
[2023-09-12T00:46:45.428+0000] {processor.py:756} INFO - Processing file /opt/airflow/dags/subdags/subdags_downloads.py for tasks to queue
[2023-09-12T00:46:45.429+0000] {logging_mixin.py:120} INFO - [2023-09-12T00:46:45.429+0000] {dagbag.py:537} INFO - Filling up the DagBag from /opt/airflow/dags/subdags/subdags_downloads.py
[2023-09-12T00:46:45.444+0000] {processor.py:768} WARNING - No viable dags retrieved from /opt/airflow/dags/subdags/subdags_downloads.py
[2023-09-12T00:46:45.457+0000] {processor.py:176} INFO - Processing /opt/airflow/dags/subdags/subdags_downloads.py took 0.034 seconds
[2023-09-12T00:47:16.340+0000] {processor.py:154} INFO - Started process (PID=5119) to work on /opt/airflow/dags/subdags/subdags_downloads.py
[2023-09-12T00:47:16.340+0000] {processor.py:756} INFO - Processing file /opt/airflow/dags/subdags/subdags_downloads.py for tasks to queue
[2023-09-12T00:47:16.341+0000] {logging_mixin.py:120} INFO - [2023-09-12T00:47:16.341+0000] {dagbag.py:537} INFO - Filling up the DagBag from /opt/airflow/dags/subdags/subdags_downloads.py
[2023-09-12T00:47:16.356+0000] {processor.py:768} WARNING - No viable dags retrieved from /opt/airflow/dags/subdags/subdags_downloads.py
[2023-09-12T00:47:16.369+0000] {processor.py:176} INFO - Processing /opt/airflow/dags/subdags/subdags_downloads.py took 0.032 seconds
[2023-09-12T00:47:46.451+0000] {processor.py:154} INFO - Started process (PID=5191) to work on /opt/airflow/dags/subdags/subdags_downloads.py
[2023-09-12T00:47:46.452+0000] {processor.py:756} INFO - Processing file /opt/airflow/dags/subdags/subdags_downloads.py for tasks to queue
[2023-09-12T00:47:46.452+0000] {logging_mixin.py:120} INFO - [2023-09-12T00:47:46.452+0000] {dagbag.py:537} INFO - Filling up the DagBag from /opt/airflow/dags/subdags/subdags_downloads.py
[2023-09-12T00:47:46.468+0000] {processor.py:768} WARNING - No viable dags retrieved from /opt/airflow/dags/subdags/subdags_downloads.py
[2023-09-12T00:47:46.479+0000] {processor.py:176} INFO - Processing /opt/airflow/dags/subdags/subdags_downloads.py took 0.031 seconds
[2023-09-12T00:48:16.510+0000] {processor.py:154} INFO - Started process (PID=5271) to work on /opt/airflow/dags/subdags/subdags_downloads.py
[2023-09-12T00:48:16.511+0000] {processor.py:756} INFO - Processing file /opt/airflow/dags/subdags/subdags_downloads.py for tasks to queue
[2023-09-12T00:48:16.511+0000] {logging_mixin.py:120} INFO - [2023-09-12T00:48:16.511+0000] {dagbag.py:537} INFO - Filling up the DagBag from /opt/airflow/dags/subdags/subdags_downloads.py
[2023-09-12T00:48:16.525+0000] {processor.py:768} WARNING - No viable dags retrieved from /opt/airflow/dags/subdags/subdags_downloads.py
[2023-09-12T00:48:16.538+0000] {processor.py:176} INFO - Processing /opt/airflow/dags/subdags/subdags_downloads.py took 0.031 seconds
[2023-09-12T00:48:47.238+0000] {processor.py:154} INFO - Started process (PID=5352) to work on /opt/airflow/dags/subdags/subdags_downloads.py
[2023-09-12T00:48:47.239+0000] {processor.py:756} INFO - Processing file /opt/airflow/dags/subdags/subdags_downloads.py for tasks to queue
[2023-09-12T00:48:47.240+0000] {logging_mixin.py:120} INFO - [2023-09-12T00:48:47.239+0000] {dagbag.py:537} INFO - Filling up the DagBag from /opt/airflow/dags/subdags/subdags_downloads.py
[2023-09-12T00:48:47.253+0000] {processor.py:768} WARNING - No viable dags retrieved from /opt/airflow/dags/subdags/subdags_downloads.py
[2023-09-12T00:48:47.266+0000] {processor.py:176} INFO - Processing /opt/airflow/dags/subdags/subdags_downloads.py took 0.030 seconds
[2023-09-12T00:49:18.202+0000] {processor.py:154} INFO - Started process (PID=5433) to work on /opt/airflow/dags/subdags/subdags_downloads.py
[2023-09-12T00:49:18.203+0000] {processor.py:756} INFO - Processing file /opt/airflow/dags/subdags/subdags_downloads.py for tasks to queue
[2023-09-12T00:49:18.203+0000] {logging_mixin.py:120} INFO - [2023-09-12T00:49:18.203+0000] {dagbag.py:537} INFO - Filling up the DagBag from /opt/airflow/dags/subdags/subdags_downloads.py
[2023-09-12T00:49:18.219+0000] {processor.py:768} WARNING - No viable dags retrieved from /opt/airflow/dags/subdags/subdags_downloads.py
[2023-09-12T00:49:18.231+0000] {processor.py:176} INFO - Processing /opt/airflow/dags/subdags/subdags_downloads.py took 0.031 seconds
[2023-09-12T00:49:48.982+0000] {processor.py:154} INFO - Started process (PID=5505) to work on /opt/airflow/dags/subdags/subdags_downloads.py
[2023-09-12T00:49:48.983+0000] {processor.py:756} INFO - Processing file /opt/airflow/dags/subdags/subdags_downloads.py for tasks to queue
[2023-09-12T00:49:48.984+0000] {logging_mixin.py:120} INFO - [2023-09-12T00:49:48.984+0000] {dagbag.py:537} INFO - Filling up the DagBag from /opt/airflow/dags/subdags/subdags_downloads.py
[2023-09-12T00:49:48.997+0000] {processor.py:768} WARNING - No viable dags retrieved from /opt/airflow/dags/subdags/subdags_downloads.py
[2023-09-12T00:49:49.010+0000] {processor.py:176} INFO - Processing /opt/airflow/dags/subdags/subdags_downloads.py took 0.030 seconds
[2023-09-12T00:50:19.968+0000] {processor.py:154} INFO - Started process (PID=5586) to work on /opt/airflow/dags/subdags/subdags_downloads.py
[2023-09-12T00:50:19.969+0000] {processor.py:756} INFO - Processing file /opt/airflow/dags/subdags/subdags_downloads.py for tasks to queue
[2023-09-12T00:50:19.970+0000] {logging_mixin.py:120} INFO - [2023-09-12T00:50:19.970+0000] {dagbag.py:537} INFO - Filling up the DagBag from /opt/airflow/dags/subdags/subdags_downloads.py
[2023-09-12T00:50:19.986+0000] {processor.py:768} WARNING - No viable dags retrieved from /opt/airflow/dags/subdags/subdags_downloads.py
[2023-09-12T00:50:19.998+0000] {processor.py:176} INFO - Processing /opt/airflow/dags/subdags/subdags_downloads.py took 0.032 seconds
[2023-09-12T00:50:50.531+0000] {processor.py:154} INFO - Started process (PID=5667) to work on /opt/airflow/dags/subdags/subdags_downloads.py
[2023-09-12T00:50:50.532+0000] {processor.py:756} INFO - Processing file /opt/airflow/dags/subdags/subdags_downloads.py for tasks to queue
[2023-09-12T00:50:50.533+0000] {logging_mixin.py:120} INFO - [2023-09-12T00:50:50.533+0000] {dagbag.py:537} INFO - Filling up the DagBag from /opt/airflow/dags/subdags/subdags_downloads.py
[2023-09-12T00:50:50.546+0000] {processor.py:768} WARNING - No viable dags retrieved from /opt/airflow/dags/subdags/subdags_downloads.py
[2023-09-12T00:50:50.557+0000] {processor.py:176} INFO - Processing /opt/airflow/dags/subdags/subdags_downloads.py took 0.029 seconds
[2023-09-12T00:51:20.712+0000] {processor.py:154} INFO - Started process (PID=5748) to work on /opt/airflow/dags/subdags/subdags_downloads.py
[2023-09-12T00:51:20.713+0000] {processor.py:756} INFO - Processing file /opt/airflow/dags/subdags/subdags_downloads.py for tasks to queue
[2023-09-12T00:51:20.713+0000] {logging_mixin.py:120} INFO - [2023-09-12T00:51:20.713+0000] {dagbag.py:537} INFO - Filling up the DagBag from /opt/airflow/dags/subdags/subdags_downloads.py
[2023-09-12T00:51:20.728+0000] {processor.py:768} WARNING - No viable dags retrieved from /opt/airflow/dags/subdags/subdags_downloads.py
[2023-09-12T00:51:20.741+0000] {processor.py:176} INFO - Processing /opt/airflow/dags/subdags/subdags_downloads.py took 0.032 seconds
[2023-09-12T00:51:50.820+0000] {processor.py:154} INFO - Started process (PID=5820) to work on /opt/airflow/dags/subdags/subdags_downloads.py
[2023-09-12T00:51:50.821+0000] {processor.py:756} INFO - Processing file /opt/airflow/dags/subdags/subdags_downloads.py for tasks to queue
[2023-09-12T00:51:50.821+0000] {logging_mixin.py:120} INFO - [2023-09-12T00:51:50.821+0000] {dagbag.py:537} INFO - Filling up the DagBag from /opt/airflow/dags/subdags/subdags_downloads.py
[2023-09-12T00:51:50.835+0000] {processor.py:768} WARNING - No viable dags retrieved from /opt/airflow/dags/subdags/subdags_downloads.py
[2023-09-12T00:51:50.847+0000] {processor.py:176} INFO - Processing /opt/airflow/dags/subdags/subdags_downloads.py took 0.030 seconds
[2023-09-12T00:52:21.677+0000] {processor.py:154} INFO - Started process (PID=5902) to work on /opt/airflow/dags/subdags/subdags_downloads.py
[2023-09-12T00:52:21.678+0000] {processor.py:756} INFO - Processing file /opt/airflow/dags/subdags/subdags_downloads.py for tasks to queue
[2023-09-12T00:52:21.678+0000] {logging_mixin.py:120} INFO - [2023-09-12T00:52:21.678+0000] {dagbag.py:537} INFO - Filling up the DagBag from /opt/airflow/dags/subdags/subdags_downloads.py
[2023-09-12T00:52:21.691+0000] {processor.py:768} WARNING - No viable dags retrieved from /opt/airflow/dags/subdags/subdags_downloads.py
[2023-09-12T00:52:21.703+0000] {processor.py:176} INFO - Processing /opt/airflow/dags/subdags/subdags_downloads.py took 0.028 seconds
[2023-09-12T00:52:51.764+0000] {processor.py:154} INFO - Started process (PID=5982) to work on /opt/airflow/dags/subdags/subdags_downloads.py
[2023-09-12T00:52:51.765+0000] {processor.py:756} INFO - Processing file /opt/airflow/dags/subdags/subdags_downloads.py for tasks to queue
[2023-09-12T00:52:51.766+0000] {logging_mixin.py:120} INFO - [2023-09-12T00:52:51.766+0000] {dagbag.py:537} INFO - Filling up the DagBag from /opt/airflow/dags/subdags/subdags_downloads.py
[2023-09-12T00:52:51.782+0000] {processor.py:768} WARNING - No viable dags retrieved from /opt/airflow/dags/subdags/subdags_downloads.py
[2023-09-12T00:52:51.793+0000] {processor.py:176} INFO - Processing /opt/airflow/dags/subdags/subdags_downloads.py took 0.031 seconds
[2023-09-12T00:53:22.108+0000] {processor.py:154} INFO - Started process (PID=6064) to work on /opt/airflow/dags/subdags/subdags_downloads.py
[2023-09-12T00:53:22.109+0000] {processor.py:756} INFO - Processing file /opt/airflow/dags/subdags/subdags_downloads.py for tasks to queue
[2023-09-12T00:53:22.110+0000] {logging_mixin.py:120} INFO - [2023-09-12T00:53:22.110+0000] {dagbag.py:537} INFO - Filling up the DagBag from /opt/airflow/dags/subdags/subdags_downloads.py
[2023-09-12T00:53:22.125+0000] {processor.py:768} WARNING - No viable dags retrieved from /opt/airflow/dags/subdags/subdags_downloads.py
[2023-09-12T00:53:22.138+0000] {processor.py:176} INFO - Processing /opt/airflow/dags/subdags/subdags_downloads.py took 0.033 seconds
[2023-09-12T00:53:52.264+0000] {processor.py:154} INFO - Started process (PID=6136) to work on /opt/airflow/dags/subdags/subdags_downloads.py
[2023-09-12T00:53:52.265+0000] {processor.py:756} INFO - Processing file /opt/airflow/dags/subdags/subdags_downloads.py for tasks to queue
[2023-09-12T00:53:52.266+0000] {logging_mixin.py:120} INFO - [2023-09-12T00:53:52.266+0000] {dagbag.py:537} INFO - Filling up the DagBag from /opt/airflow/dags/subdags/subdags_downloads.py
[2023-09-12T00:53:52.284+0000] {processor.py:768} WARNING - No viable dags retrieved from /opt/airflow/dags/subdags/subdags_downloads.py
[2023-09-12T00:53:52.394+0000] {processor.py:176} INFO - Processing /opt/airflow/dags/subdags/subdags_downloads.py took 0.132 seconds
[2023-09-12T00:54:22.868+0000] {processor.py:154} INFO - Started process (PID=6217) to work on /opt/airflow/dags/subdags/subdags_downloads.py
[2023-09-12T00:54:22.869+0000] {processor.py:756} INFO - Processing file /opt/airflow/dags/subdags/subdags_downloads.py for tasks to queue
[2023-09-12T00:54:22.870+0000] {logging_mixin.py:120} INFO - [2023-09-12T00:54:22.870+0000] {dagbag.py:537} INFO - Filling up the DagBag from /opt/airflow/dags/subdags/subdags_downloads.py
[2023-09-12T00:54:22.885+0000] {processor.py:768} WARNING - No viable dags retrieved from /opt/airflow/dags/subdags/subdags_downloads.py
[2023-09-12T00:54:22.897+0000] {processor.py:176} INFO - Processing /opt/airflow/dags/subdags/subdags_downloads.py took 0.032 seconds
[2023-09-12T00:54:53.067+0000] {processor.py:154} INFO - Started process (PID=6298) to work on /opt/airflow/dags/subdags/subdags_downloads.py
[2023-09-12T00:54:53.069+0000] {processor.py:756} INFO - Processing file /opt/airflow/dags/subdags/subdags_downloads.py for tasks to queue
[2023-09-12T00:54:53.071+0000] {logging_mixin.py:120} INFO - [2023-09-12T00:54:53.071+0000] {dagbag.py:537} INFO - Filling up the DagBag from /opt/airflow/dags/subdags/subdags_downloads.py
[2023-09-12T00:54:53.095+0000] {processor.py:768} WARNING - No viable dags retrieved from /opt/airflow/dags/subdags/subdags_downloads.py
[2023-09-12T00:54:53.109+0000] {processor.py:176} INFO - Processing /opt/airflow/dags/subdags/subdags_downloads.py took 0.047 seconds
[2023-09-12T00:55:23.391+0000] {processor.py:154} INFO - Started process (PID=6370) to work on /opt/airflow/dags/subdags/subdags_downloads.py
[2023-09-12T00:55:23.392+0000] {processor.py:756} INFO - Processing file /opt/airflow/dags/subdags/subdags_downloads.py for tasks to queue
[2023-09-12T00:55:23.393+0000] {logging_mixin.py:120} INFO - [2023-09-12T00:55:23.393+0000] {dagbag.py:537} INFO - Filling up the DagBag from /opt/airflow/dags/subdags/subdags_downloads.py
[2023-09-12T00:55:23.414+0000] {processor.py:768} WARNING - No viable dags retrieved from /opt/airflow/dags/subdags/subdags_downloads.py
[2023-09-12T00:55:23.431+0000] {processor.py:176} INFO - Processing /opt/airflow/dags/subdags/subdags_downloads.py took 0.043 seconds
[2023-09-12T00:55:53.968+0000] {processor.py:154} INFO - Started process (PID=6449) to work on /opt/airflow/dags/subdags/subdags_downloads.py
[2023-09-12T00:55:53.969+0000] {processor.py:756} INFO - Processing file /opt/airflow/dags/subdags/subdags_downloads.py for tasks to queue
[2023-09-12T00:55:53.969+0000] {logging_mixin.py:120} INFO - [2023-09-12T00:55:53.969+0000] {dagbag.py:537} INFO - Filling up the DagBag from /opt/airflow/dags/subdags/subdags_downloads.py
[2023-09-12T00:55:53.983+0000] {processor.py:768} WARNING - No viable dags retrieved from /opt/airflow/dags/subdags/subdags_downloads.py
[2023-09-12T00:55:53.994+0000] {processor.py:176} INFO - Processing /opt/airflow/dags/subdags/subdags_downloads.py took 0.029 seconds
[2023-09-12T00:56:24.420+0000] {processor.py:154} INFO - Started process (PID=6525) to work on /opt/airflow/dags/subdags/subdags_downloads.py
[2023-09-12T00:56:24.421+0000] {processor.py:756} INFO - Processing file /opt/airflow/dags/subdags/subdags_downloads.py for tasks to queue
[2023-09-12T00:56:24.422+0000] {logging_mixin.py:120} INFO - [2023-09-12T00:56:24.422+0000] {dagbag.py:537} INFO - Filling up the DagBag from /opt/airflow/dags/subdags/subdags_downloads.py
[2023-09-12T00:56:24.436+0000] {processor.py:768} WARNING - No viable dags retrieved from /opt/airflow/dags/subdags/subdags_downloads.py
[2023-09-12T00:56:24.449+0000] {processor.py:176} INFO - Processing /opt/airflow/dags/subdags/subdags_downloads.py took 0.032 seconds
[2023-09-12T00:56:54.955+0000] {processor.py:154} INFO - Started process (PID=6604) to work on /opt/airflow/dags/subdags/subdags_downloads.py
[2023-09-12T00:56:54.956+0000] {processor.py:756} INFO - Processing file /opt/airflow/dags/subdags/subdags_downloads.py for tasks to queue
[2023-09-12T00:56:54.957+0000] {logging_mixin.py:120} INFO - [2023-09-12T00:56:54.957+0000] {dagbag.py:537} INFO - Filling up the DagBag from /opt/airflow/dags/subdags/subdags_downloads.py
[2023-09-12T00:56:54.976+0000] {processor.py:768} WARNING - No viable dags retrieved from /opt/airflow/dags/subdags/subdags_downloads.py
[2023-09-12T00:56:54.992+0000] {processor.py:176} INFO - Processing /opt/airflow/dags/subdags/subdags_downloads.py took 0.041 seconds
[2023-09-12T00:57:25.976+0000] {processor.py:154} INFO - Started process (PID=6676) to work on /opt/airflow/dags/subdags/subdags_downloads.py
[2023-09-12T00:57:25.978+0000] {processor.py:756} INFO - Processing file /opt/airflow/dags/subdags/subdags_downloads.py for tasks to queue
[2023-09-12T00:57:25.979+0000] {logging_mixin.py:120} INFO - [2023-09-12T00:57:25.979+0000] {dagbag.py:537} INFO - Filling up the DagBag from /opt/airflow/dags/subdags/subdags_downloads.py
[2023-09-12T00:57:26.001+0000] {processor.py:768} WARNING - No viable dags retrieved from /opt/airflow/dags/subdags/subdags_downloads.py
[2023-09-12T00:57:26.017+0000] {processor.py:176} INFO - Processing /opt/airflow/dags/subdags/subdags_downloads.py took 0.044 seconds
[2023-09-12T00:57:56.135+0000] {processor.py:154} INFO - Started process (PID=6756) to work on /opt/airflow/dags/subdags/subdags_downloads.py
[2023-09-12T00:57:56.136+0000] {processor.py:756} INFO - Processing file /opt/airflow/dags/subdags/subdags_downloads.py for tasks to queue
[2023-09-12T00:57:56.137+0000] {logging_mixin.py:120} INFO - [2023-09-12T00:57:56.137+0000] {dagbag.py:537} INFO - Filling up the DagBag from /opt/airflow/dags/subdags/subdags_downloads.py
[2023-09-12T00:57:56.152+0000] {processor.py:768} WARNING - No viable dags retrieved from /opt/airflow/dags/subdags/subdags_downloads.py
[2023-09-12T00:57:56.165+0000] {processor.py:176} INFO - Processing /opt/airflow/dags/subdags/subdags_downloads.py took 0.032 seconds
[2023-09-12T00:58:26.393+0000] {processor.py:154} INFO - Started process (PID=6835) to work on /opt/airflow/dags/subdags/subdags_downloads.py
[2023-09-12T00:58:26.394+0000] {processor.py:756} INFO - Processing file /opt/airflow/dags/subdags/subdags_downloads.py for tasks to queue
[2023-09-12T00:58:26.395+0000] {logging_mixin.py:120} INFO - [2023-09-12T00:58:26.395+0000] {dagbag.py:537} INFO - Filling up the DagBag from /opt/airflow/dags/subdags/subdags_downloads.py
[2023-09-12T00:58:26.410+0000] {processor.py:768} WARNING - No viable dags retrieved from /opt/airflow/dags/subdags/subdags_downloads.py
[2023-09-12T00:58:26.423+0000] {processor.py:176} INFO - Processing /opt/airflow/dags/subdags/subdags_downloads.py took 0.033 seconds
[2023-09-12T00:58:56.775+0000] {processor.py:154} INFO - Started process (PID=6916) to work on /opt/airflow/dags/subdags/subdags_downloads.py
[2023-09-12T00:58:56.776+0000] {processor.py:756} INFO - Processing file /opt/airflow/dags/subdags/subdags_downloads.py for tasks to queue
[2023-09-12T00:58:56.777+0000] {logging_mixin.py:120} INFO - [2023-09-12T00:58:56.777+0000] {dagbag.py:537} INFO - Filling up the DagBag from /opt/airflow/dags/subdags/subdags_downloads.py
[2023-09-12T00:58:56.793+0000] {processor.py:768} WARNING - No viable dags retrieved from /opt/airflow/dags/subdags/subdags_downloads.py
[2023-09-12T00:58:56.806+0000] {processor.py:176} INFO - Processing /opt/airflow/dags/subdags/subdags_downloads.py took 0.035 seconds
[2023-09-12T00:59:27.342+0000] {processor.py:154} INFO - Started process (PID=6987) to work on /opt/airflow/dags/subdags/subdags_downloads.py
[2023-09-12T00:59:27.343+0000] {processor.py:756} INFO - Processing file /opt/airflow/dags/subdags/subdags_downloads.py for tasks to queue
[2023-09-12T00:59:27.343+0000] {logging_mixin.py:120} INFO - [2023-09-12T00:59:27.343+0000] {dagbag.py:537} INFO - Filling up the DagBag from /opt/airflow/dags/subdags/subdags_downloads.py
[2023-09-12T00:59:27.357+0000] {processor.py:768} WARNING - No viable dags retrieved from /opt/airflow/dags/subdags/subdags_downloads.py
[2023-09-12T00:59:27.370+0000] {processor.py:176} INFO - Processing /opt/airflow/dags/subdags/subdags_downloads.py took 0.032 seconds
[2023-09-12T00:59:57.675+0000] {processor.py:154} INFO - Started process (PID=7068) to work on /opt/airflow/dags/subdags/subdags_downloads.py
[2023-09-12T00:59:57.676+0000] {processor.py:756} INFO - Processing file /opt/airflow/dags/subdags/subdags_downloads.py for tasks to queue
[2023-09-12T00:59:57.676+0000] {logging_mixin.py:120} INFO - [2023-09-12T00:59:57.676+0000] {dagbag.py:537} INFO - Filling up the DagBag from /opt/airflow/dags/subdags/subdags_downloads.py
[2023-09-12T00:59:57.690+0000] {processor.py:768} WARNING - No viable dags retrieved from /opt/airflow/dags/subdags/subdags_downloads.py
[2023-09-12T00:59:57.702+0000] {processor.py:176} INFO - Processing /opt/airflow/dags/subdags/subdags_downloads.py took 0.030 seconds
[2023-09-12T01:00:28.586+0000] {processor.py:154} INFO - Started process (PID=7149) to work on /opt/airflow/dags/subdags/subdags_downloads.py
[2023-09-12T01:00:28.587+0000] {processor.py:756} INFO - Processing file /opt/airflow/dags/subdags/subdags_downloads.py for tasks to queue
[2023-09-12T01:00:28.588+0000] {logging_mixin.py:120} INFO - [2023-09-12T01:00:28.587+0000] {dagbag.py:537} INFO - Filling up the DagBag from /opt/airflow/dags/subdags/subdags_downloads.py
[2023-09-12T01:00:28.601+0000] {processor.py:768} WARNING - No viable dags retrieved from /opt/airflow/dags/subdags/subdags_downloads.py
[2023-09-12T01:00:28.612+0000] {processor.py:176} INFO - Processing /opt/airflow/dags/subdags/subdags_downloads.py took 0.029 seconds
[2023-09-12T01:00:59.250+0000] {processor.py:154} INFO - Started process (PID=7221) to work on /opt/airflow/dags/subdags/subdags_downloads.py
[2023-09-12T01:00:59.251+0000] {processor.py:756} INFO - Processing file /opt/airflow/dags/subdags/subdags_downloads.py for tasks to queue
[2023-09-12T01:00:59.252+0000] {logging_mixin.py:120} INFO - [2023-09-12T01:00:59.251+0000] {dagbag.py:537} INFO - Filling up the DagBag from /opt/airflow/dags/subdags/subdags_downloads.py
[2023-09-12T01:00:59.269+0000] {processor.py:768} WARNING - No viable dags retrieved from /opt/airflow/dags/subdags/subdags_downloads.py
[2023-09-12T01:00:59.282+0000] {processor.py:176} INFO - Processing /opt/airflow/dags/subdags/subdags_downloads.py took 0.035 seconds
[2023-09-12T01:01:29.595+0000] {processor.py:154} INFO - Started process (PID=7302) to work on /opt/airflow/dags/subdags/subdags_downloads.py
[2023-09-12T01:01:29.596+0000] {processor.py:756} INFO - Processing file /opt/airflow/dags/subdags/subdags_downloads.py for tasks to queue
[2023-09-12T01:01:29.597+0000] {logging_mixin.py:120} INFO - [2023-09-12T01:01:29.597+0000] {dagbag.py:537} INFO - Filling up the DagBag from /opt/airflow/dags/subdags/subdags_downloads.py
[2023-09-12T01:01:29.613+0000] {processor.py:768} WARNING - No viable dags retrieved from /opt/airflow/dags/subdags/subdags_downloads.py
[2023-09-12T01:01:29.626+0000] {processor.py:176} INFO - Processing /opt/airflow/dags/subdags/subdags_downloads.py took 0.034 seconds
[2023-09-12T01:02:00.044+0000] {processor.py:154} INFO - Started process (PID=7383) to work on /opt/airflow/dags/subdags/subdags_downloads.py
[2023-09-12T01:02:00.045+0000] {processor.py:756} INFO - Processing file /opt/airflow/dags/subdags/subdags_downloads.py for tasks to queue
[2023-09-12T01:02:00.046+0000] {logging_mixin.py:120} INFO - [2023-09-12T01:02:00.046+0000] {dagbag.py:537} INFO - Filling up the DagBag from /opt/airflow/dags/subdags/subdags_downloads.py
[2023-09-12T01:02:00.061+0000] {processor.py:768} WARNING - No viable dags retrieved from /opt/airflow/dags/subdags/subdags_downloads.py
[2023-09-12T01:02:00.075+0000] {processor.py:176} INFO - Processing /opt/airflow/dags/subdags/subdags_downloads.py took 0.034 seconds
[2023-09-12T01:02:30.754+0000] {processor.py:154} INFO - Started process (PID=7464) to work on /opt/airflow/dags/subdags/subdags_downloads.py
[2023-09-12T01:02:30.755+0000] {processor.py:756} INFO - Processing file /opt/airflow/dags/subdags/subdags_downloads.py for tasks to queue
[2023-09-12T01:02:30.756+0000] {logging_mixin.py:120} INFO - [2023-09-12T01:02:30.756+0000] {dagbag.py:537} INFO - Filling up the DagBag from /opt/airflow/dags/subdags/subdags_downloads.py
[2023-09-12T01:02:30.771+0000] {processor.py:768} WARNING - No viable dags retrieved from /opt/airflow/dags/subdags/subdags_downloads.py
[2023-09-12T01:02:30.783+0000] {processor.py:176} INFO - Processing /opt/airflow/dags/subdags/subdags_downloads.py took 0.032 seconds
[2023-09-12T01:03:01.504+0000] {processor.py:154} INFO - Started process (PID=7536) to work on /opt/airflow/dags/subdags/subdags_downloads.py
[2023-09-12T01:03:01.505+0000] {processor.py:756} INFO - Processing file /opt/airflow/dags/subdags/subdags_downloads.py for tasks to queue
[2023-09-12T01:03:01.506+0000] {logging_mixin.py:120} INFO - [2023-09-12T01:03:01.506+0000] {dagbag.py:537} INFO - Filling up the DagBag from /opt/airflow/dags/subdags/subdags_downloads.py
[2023-09-12T01:03:01.527+0000] {processor.py:768} WARNING - No viable dags retrieved from /opt/airflow/dags/subdags/subdags_downloads.py
[2023-09-12T01:03:01.543+0000] {processor.py:176} INFO - Processing /opt/airflow/dags/subdags/subdags_downloads.py took 0.042 seconds
[2023-09-12T01:03:32.355+0000] {processor.py:154} INFO - Started process (PID=7617) to work on /opt/airflow/dags/subdags/subdags_downloads.py
[2023-09-12T01:03:32.356+0000] {processor.py:756} INFO - Processing file /opt/airflow/dags/subdags/subdags_downloads.py for tasks to queue
[2023-09-12T01:03:32.357+0000] {logging_mixin.py:120} INFO - [2023-09-12T01:03:32.357+0000] {dagbag.py:537} INFO - Filling up the DagBag from /opt/airflow/dags/subdags/subdags_downloads.py
[2023-09-12T01:03:32.371+0000] {processor.py:768} WARNING - No viable dags retrieved from /opt/airflow/dags/subdags/subdags_downloads.py
[2023-09-12T01:03:32.384+0000] {processor.py:176} INFO - Processing /opt/airflow/dags/subdags/subdags_downloads.py took 0.031 seconds
[2023-09-12T01:04:02.445+0000] {processor.py:154} INFO - Started process (PID=7697) to work on /opt/airflow/dags/subdags/subdags_downloads.py
[2023-09-12T01:04:02.446+0000] {processor.py:756} INFO - Processing file /opt/airflow/dags/subdags/subdags_downloads.py for tasks to queue
[2023-09-12T01:04:02.447+0000] {logging_mixin.py:120} INFO - [2023-09-12T01:04:02.447+0000] {dagbag.py:537} INFO - Filling up the DagBag from /opt/airflow/dags/subdags/subdags_downloads.py
[2023-09-12T01:04:02.460+0000] {processor.py:768} WARNING - No viable dags retrieved from /opt/airflow/dags/subdags/subdags_downloads.py
[2023-09-12T01:04:02.474+0000] {processor.py:176} INFO - Processing /opt/airflow/dags/subdags/subdags_downloads.py took 0.032 seconds
[2023-09-12T01:04:32.596+0000] {processor.py:154} INFO - Started process (PID=7778) to work on /opt/airflow/dags/subdags/subdags_downloads.py
[2023-09-12T01:04:32.597+0000] {processor.py:756} INFO - Processing file /opt/airflow/dags/subdags/subdags_downloads.py for tasks to queue
[2023-09-12T01:04:32.599+0000] {logging_mixin.py:120} INFO - [2023-09-12T01:04:32.599+0000] {dagbag.py:537} INFO - Filling up the DagBag from /opt/airflow/dags/subdags/subdags_downloads.py
[2023-09-12T01:04:32.614+0000] {processor.py:768} WARNING - No viable dags retrieved from /opt/airflow/dags/subdags/subdags_downloads.py
[2023-09-12T01:04:32.628+0000] {processor.py:176} INFO - Processing /opt/airflow/dags/subdags/subdags_downloads.py took 0.035 seconds
[2023-09-12T01:05:02.871+0000] {processor.py:154} INFO - Started process (PID=7850) to work on /opt/airflow/dags/subdags/subdags_downloads.py
[2023-09-12T01:05:02.872+0000] {processor.py:756} INFO - Processing file /opt/airflow/dags/subdags/subdags_downloads.py for tasks to queue
[2023-09-12T01:05:02.873+0000] {logging_mixin.py:120} INFO - [2023-09-12T01:05:02.873+0000] {dagbag.py:537} INFO - Filling up the DagBag from /opt/airflow/dags/subdags/subdags_downloads.py
[2023-09-12T01:05:02.888+0000] {processor.py:768} WARNING - No viable dags retrieved from /opt/airflow/dags/subdags/subdags_downloads.py
[2023-09-12T01:05:02.901+0000] {processor.py:176} INFO - Processing /opt/airflow/dags/subdags/subdags_downloads.py took 0.033 seconds
[2023-09-12T01:05:33.306+0000] {processor.py:154} INFO - Started process (PID=7931) to work on /opt/airflow/dags/subdags/subdags_downloads.py
[2023-09-12T01:05:33.307+0000] {processor.py:756} INFO - Processing file /opt/airflow/dags/subdags/subdags_downloads.py for tasks to queue
[2023-09-12T01:05:33.308+0000] {logging_mixin.py:120} INFO - [2023-09-12T01:05:33.308+0000] {dagbag.py:537} INFO - Filling up the DagBag from /opt/airflow/dags/subdags/subdags_downloads.py
[2023-09-12T01:05:33.321+0000] {processor.py:768} WARNING - No viable dags retrieved from /opt/airflow/dags/subdags/subdags_downloads.py
[2023-09-12T01:05:33.335+0000] {processor.py:176} INFO - Processing /opt/airflow/dags/subdags/subdags_downloads.py took 0.032 seconds
[2023-09-12T01:06:03.541+0000] {processor.py:154} INFO - Started process (PID=8013) to work on /opt/airflow/dags/subdags/subdags_downloads.py
[2023-09-12T01:06:03.542+0000] {processor.py:756} INFO - Processing file /opt/airflow/dags/subdags/subdags_downloads.py for tasks to queue
[2023-09-12T01:06:03.543+0000] {logging_mixin.py:120} INFO - [2023-09-12T01:06:03.543+0000] {dagbag.py:537} INFO - Filling up the DagBag from /opt/airflow/dags/subdags/subdags_downloads.py
[2023-09-12T01:06:03.556+0000] {processor.py:768} WARNING - No viable dags retrieved from /opt/airflow/dags/subdags/subdags_downloads.py
[2023-09-12T01:06:03.566+0000] {processor.py:176} INFO - Processing /opt/airflow/dags/subdags/subdags_downloads.py took 0.028 seconds
[2023-09-12T01:06:33.796+0000] {processor.py:154} INFO - Started process (PID=8093) to work on /opt/airflow/dags/subdags/subdags_downloads.py
[2023-09-12T01:06:33.797+0000] {processor.py:756} INFO - Processing file /opt/airflow/dags/subdags/subdags_downloads.py for tasks to queue
[2023-09-12T01:06:33.797+0000] {logging_mixin.py:120} INFO - [2023-09-12T01:06:33.797+0000] {dagbag.py:537} INFO - Filling up the DagBag from /opt/airflow/dags/subdags/subdags_downloads.py
[2023-09-12T01:06:33.812+0000] {processor.py:768} WARNING - No viable dags retrieved from /opt/airflow/dags/subdags/subdags_downloads.py
[2023-09-12T01:06:33.825+0000] {processor.py:176} INFO - Processing /opt/airflow/dags/subdags/subdags_downloads.py took 0.032 seconds
[2023-09-12T01:07:04.132+0000] {processor.py:154} INFO - Started process (PID=8166) to work on /opt/airflow/dags/subdags/subdags_downloads.py
[2023-09-12T01:07:04.133+0000] {processor.py:756} INFO - Processing file /opt/airflow/dags/subdags/subdags_downloads.py for tasks to queue
[2023-09-12T01:07:04.134+0000] {logging_mixin.py:120} INFO - [2023-09-12T01:07:04.134+0000] {dagbag.py:537} INFO - Filling up the DagBag from /opt/airflow/dags/subdags/subdags_downloads.py
[2023-09-12T01:07:04.147+0000] {processor.py:768} WARNING - No viable dags retrieved from /opt/airflow/dags/subdags/subdags_downloads.py
[2023-09-12T01:07:04.159+0000] {processor.py:176} INFO - Processing /opt/airflow/dags/subdags/subdags_downloads.py took 0.029 seconds
[2023-09-12T01:07:34.690+0000] {processor.py:154} INFO - Started process (PID=8247) to work on /opt/airflow/dags/subdags/subdags_downloads.py
[2023-09-12T01:07:34.691+0000] {processor.py:756} INFO - Processing file /opt/airflow/dags/subdags/subdags_downloads.py for tasks to queue
[2023-09-12T01:07:34.692+0000] {logging_mixin.py:120} INFO - [2023-09-12T01:07:34.692+0000] {dagbag.py:537} INFO - Filling up the DagBag from /opt/airflow/dags/subdags/subdags_downloads.py
[2023-09-12T01:07:34.707+0000] {processor.py:768} WARNING - No viable dags retrieved from /opt/airflow/dags/subdags/subdags_downloads.py
[2023-09-12T01:07:34.718+0000] {processor.py:176} INFO - Processing /opt/airflow/dags/subdags/subdags_downloads.py took 0.031 seconds
[2023-09-12T01:08:04.865+0000] {processor.py:154} INFO - Started process (PID=8328) to work on /opt/airflow/dags/subdags/subdags_downloads.py
[2023-09-12T01:08:04.866+0000] {processor.py:756} INFO - Processing file /opt/airflow/dags/subdags/subdags_downloads.py for tasks to queue
[2023-09-12T01:08:04.867+0000] {logging_mixin.py:120} INFO - [2023-09-12T01:08:04.867+0000] {dagbag.py:537} INFO - Filling up the DagBag from /opt/airflow/dags/subdags/subdags_downloads.py
[2023-09-12T01:08:04.884+0000] {processor.py:768} WARNING - No viable dags retrieved from /opt/airflow/dags/subdags/subdags_downloads.py
[2023-09-12T01:08:04.897+0000] {processor.py:176} INFO - Processing /opt/airflow/dags/subdags/subdags_downloads.py took 0.036 seconds
