[2023-09-12T00:06:24.530+0000] {processor.py:154} INFO - Started process (PID=64) to work on /opt/airflow/dags/subdags/subdags_transforms.py
[2023-09-12T00:06:24.532+0000] {processor.py:756} INFO - Processing file /opt/airflow/dags/subdags/subdags_transforms.py for tasks to queue
[2023-09-12T00:06:24.533+0000] {logging_mixin.py:120} INFO - [2023-09-12T00:06:24.532+0000] {dagbag.py:537} INFO - Filling up the DagBag from /opt/airflow/dags/subdags/subdags_transforms.py
[2023-09-12T00:06:24.561+0000] {processor.py:768} WARNING - No viable dags retrieved from /opt/airflow/dags/subdags/subdags_transforms.py
[2023-09-12T00:06:24.581+0000] {processor.py:176} INFO - Processing /opt/airflow/dags/subdags/subdags_transforms.py took 0.055 seconds
[2023-09-12T00:06:54.686+0000] {processor.py:154} INFO - Started process (PID=95) to work on /opt/airflow/dags/subdags/subdags_transforms.py
[2023-09-12T00:06:54.687+0000] {processor.py:756} INFO - Processing file /opt/airflow/dags/subdags/subdags_transforms.py for tasks to queue
[2023-09-12T00:06:54.688+0000] {logging_mixin.py:120} INFO - [2023-09-12T00:06:54.687+0000] {dagbag.py:537} INFO - Filling up the DagBag from /opt/airflow/dags/subdags/subdags_transforms.py
[2023-09-12T00:06:54.703+0000] {processor.py:768} WARNING - No viable dags retrieved from /opt/airflow/dags/subdags/subdags_transforms.py
[2023-09-12T00:06:54.715+0000] {processor.py:176} INFO - Processing /opt/airflow/dags/subdags/subdags_transforms.py took 0.032 seconds
[2023-09-12T00:07:24.911+0000] {processor.py:154} INFO - Started process (PID=136) to work on /opt/airflow/dags/subdags/subdags_transforms.py
[2023-09-12T00:07:24.912+0000] {processor.py:756} INFO - Processing file /opt/airflow/dags/subdags/subdags_transforms.py for tasks to queue
[2023-09-12T00:07:24.913+0000] {logging_mixin.py:120} INFO - [2023-09-12T00:07:24.912+0000] {dagbag.py:537} INFO - Filling up the DagBag from /opt/airflow/dags/subdags/subdags_transforms.py
[2023-09-12T00:07:24.929+0000] {processor.py:768} WARNING - No viable dags retrieved from /opt/airflow/dags/subdags/subdags_transforms.py
[2023-09-12T00:07:24.940+0000] {processor.py:176} INFO - Processing /opt/airflow/dags/subdags/subdags_transforms.py took 0.033 seconds
[2023-09-12T00:07:55.372+0000] {processor.py:154} INFO - Started process (PID=177) to work on /opt/airflow/dags/subdags/subdags_transforms.py
[2023-09-12T00:07:55.373+0000] {processor.py:756} INFO - Processing file /opt/airflow/dags/subdags/subdags_transforms.py for tasks to queue
[2023-09-12T00:07:55.374+0000] {logging_mixin.py:120} INFO - [2023-09-12T00:07:55.374+0000] {dagbag.py:537} INFO - Filling up the DagBag from /opt/airflow/dags/subdags/subdags_transforms.py
[2023-09-12T00:07:55.389+0000] {processor.py:768} WARNING - No viable dags retrieved from /opt/airflow/dags/subdags/subdags_transforms.py
[2023-09-12T00:07:55.401+0000] {processor.py:176} INFO - Processing /opt/airflow/dags/subdags/subdags_transforms.py took 0.032 seconds
[2023-09-12T00:08:25.608+0000] {processor.py:154} INFO - Started process (PID=207) to work on /opt/airflow/dags/subdags/subdags_transforms.py
[2023-09-12T00:08:25.609+0000] {processor.py:756} INFO - Processing file /opt/airflow/dags/subdags/subdags_transforms.py for tasks to queue
[2023-09-12T00:08:25.610+0000] {logging_mixin.py:120} INFO - [2023-09-12T00:08:25.610+0000] {dagbag.py:537} INFO - Filling up the DagBag from /opt/airflow/dags/subdags/subdags_transforms.py
[2023-09-12T00:08:25.626+0000] {processor.py:768} WARNING - No viable dags retrieved from /opt/airflow/dags/subdags/subdags_transforms.py
[2023-09-12T00:08:25.637+0000] {processor.py:176} INFO - Processing /opt/airflow/dags/subdags/subdags_transforms.py took 0.031 seconds
[2023-09-12T00:08:56.690+0000] {processor.py:154} INFO - Started process (PID=247) to work on /opt/airflow/dags/subdags/subdags_transforms.py
[2023-09-12T00:08:56.691+0000] {processor.py:756} INFO - Processing file /opt/airflow/dags/subdags/subdags_transforms.py for tasks to queue
[2023-09-12T00:08:56.692+0000] {logging_mixin.py:120} INFO - [2023-09-12T00:08:56.692+0000] {dagbag.py:537} INFO - Filling up the DagBag from /opt/airflow/dags/subdags/subdags_transforms.py
[2023-09-12T00:08:56.706+0000] {processor.py:768} WARNING - No viable dags retrieved from /opt/airflow/dags/subdags/subdags_transforms.py
[2023-09-12T00:08:56.718+0000] {processor.py:176} INFO - Processing /opt/airflow/dags/subdags/subdags_transforms.py took 0.031 seconds
[2023-09-12T00:09:26.949+0000] {processor.py:154} INFO - Started process (PID=287) to work on /opt/airflow/dags/subdags/subdags_transforms.py
[2023-09-12T00:09:26.950+0000] {processor.py:756} INFO - Processing file /opt/airflow/dags/subdags/subdags_transforms.py for tasks to queue
[2023-09-12T00:09:26.951+0000] {logging_mixin.py:120} INFO - [2023-09-12T00:09:26.951+0000] {dagbag.py:537} INFO - Filling up the DagBag from /opt/airflow/dags/subdags/subdags_transforms.py
[2023-09-12T00:09:26.967+0000] {processor.py:768} WARNING - No viable dags retrieved from /opt/airflow/dags/subdags/subdags_transforms.py
[2023-09-12T00:09:26.978+0000] {processor.py:176} INFO - Processing /opt/airflow/dags/subdags/subdags_transforms.py took 0.032 seconds
[2023-09-12T00:09:57.240+0000] {processor.py:154} INFO - Started process (PID=327) to work on /opt/airflow/dags/subdags/subdags_transforms.py
[2023-09-12T00:09:57.241+0000] {processor.py:756} INFO - Processing file /opt/airflow/dags/subdags/subdags_transforms.py for tasks to queue
[2023-09-12T00:09:57.242+0000] {logging_mixin.py:120} INFO - [2023-09-12T00:09:57.242+0000] {dagbag.py:537} INFO - Filling up the DagBag from /opt/airflow/dags/subdags/subdags_transforms.py
[2023-09-12T00:09:57.256+0000] {processor.py:768} WARNING - No viable dags retrieved from /opt/airflow/dags/subdags/subdags_transforms.py
[2023-09-12T00:09:57.266+0000] {processor.py:176} INFO - Processing /opt/airflow/dags/subdags/subdags_transforms.py took 0.028 seconds
[2023-09-12T00:10:27.460+0000] {processor.py:154} INFO - Started process (PID=357) to work on /opt/airflow/dags/subdags/subdags_transforms.py
[2023-09-12T00:10:27.462+0000] {processor.py:756} INFO - Processing file /opt/airflow/dags/subdags/subdags_transforms.py for tasks to queue
[2023-09-12T00:10:27.463+0000] {logging_mixin.py:120} INFO - [2023-09-12T00:10:27.462+0000] {dagbag.py:537} INFO - Filling up the DagBag from /opt/airflow/dags/subdags/subdags_transforms.py
[2023-09-12T00:10:27.477+0000] {processor.py:768} WARNING - No viable dags retrieved from /opt/airflow/dags/subdags/subdags_transforms.py
[2023-09-12T00:10:27.488+0000] {processor.py:176} INFO - Processing /opt/airflow/dags/subdags/subdags_transforms.py took 0.030 seconds
[2023-09-12T00:10:57.609+0000] {processor.py:154} INFO - Started process (PID=397) to work on /opt/airflow/dags/subdags/subdags_transforms.py
[2023-09-12T00:10:57.609+0000] {processor.py:756} INFO - Processing file /opt/airflow/dags/subdags/subdags_transforms.py for tasks to queue
[2023-09-12T00:10:57.610+0000] {logging_mixin.py:120} INFO - [2023-09-12T00:10:57.610+0000] {dagbag.py:537} INFO - Filling up the DagBag from /opt/airflow/dags/subdags/subdags_transforms.py
[2023-09-12T00:10:57.624+0000] {processor.py:768} WARNING - No viable dags retrieved from /opt/airflow/dags/subdags/subdags_transforms.py
[2023-09-12T00:10:57.635+0000] {processor.py:176} INFO - Processing /opt/airflow/dags/subdags/subdags_transforms.py took 0.029 seconds
[2023-09-12T00:11:27.952+0000] {processor.py:154} INFO - Started process (PID=443) to work on /opt/airflow/dags/subdags/subdags_transforms.py
[2023-09-12T00:11:27.953+0000] {processor.py:756} INFO - Processing file /opt/airflow/dags/subdags/subdags_transforms.py for tasks to queue
[2023-09-12T00:11:27.954+0000] {logging_mixin.py:120} INFO - [2023-09-12T00:11:27.954+0000] {dagbag.py:537} INFO - Filling up the DagBag from /opt/airflow/dags/subdags/subdags_transforms.py
[2023-09-12T00:11:27.968+0000] {processor.py:768} WARNING - No viable dags retrieved from /opt/airflow/dags/subdags/subdags_transforms.py
[2023-09-12T00:11:27.978+0000] {processor.py:176} INFO - Processing /opt/airflow/dags/subdags/subdags_transforms.py took 0.028 seconds
[2023-09-12T00:11:58.237+0000] {processor.py:154} INFO - Started process (PID=491) to work on /opt/airflow/dags/subdags/subdags_transforms.py
[2023-09-12T00:11:58.238+0000] {processor.py:756} INFO - Processing file /opt/airflow/dags/subdags/subdags_transforms.py for tasks to queue
[2023-09-12T00:11:58.239+0000] {logging_mixin.py:120} INFO - [2023-09-12T00:11:58.239+0000] {dagbag.py:537} INFO - Filling up the DagBag from /opt/airflow/dags/subdags/subdags_transforms.py
[2023-09-12T00:11:58.253+0000] {processor.py:768} WARNING - No viable dags retrieved from /opt/airflow/dags/subdags/subdags_transforms.py
[2023-09-12T00:11:58.265+0000] {processor.py:176} INFO - Processing /opt/airflow/dags/subdags/subdags_transforms.py took 0.030 seconds
[2023-09-12T00:12:28.571+0000] {processor.py:154} INFO - Started process (PID=541) to work on /opt/airflow/dags/subdags/subdags_transforms.py
[2023-09-12T00:12:28.572+0000] {processor.py:756} INFO - Processing file /opt/airflow/dags/subdags/subdags_transforms.py for tasks to queue
[2023-09-12T00:12:28.573+0000] {logging_mixin.py:120} INFO - [2023-09-12T00:12:28.572+0000] {dagbag.py:537} INFO - Filling up the DagBag from /opt/airflow/dags/subdags/subdags_transforms.py
[2023-09-12T00:12:28.587+0000] {processor.py:768} WARNING - No viable dags retrieved from /opt/airflow/dags/subdags/subdags_transforms.py
[2023-09-12T00:12:28.601+0000] {processor.py:176} INFO - Processing /opt/airflow/dags/subdags/subdags_transforms.py took 0.033 seconds
[2023-09-12T00:12:58.886+0000] {processor.py:154} INFO - Started process (PID=580) to work on /opt/airflow/dags/subdags/subdags_transforms.py
[2023-09-12T00:12:58.887+0000] {processor.py:756} INFO - Processing file /opt/airflow/dags/subdags/subdags_transforms.py for tasks to queue
[2023-09-12T00:12:58.888+0000] {logging_mixin.py:120} INFO - [2023-09-12T00:12:58.888+0000] {dagbag.py:537} INFO - Filling up the DagBag from /opt/airflow/dags/subdags/subdags_transforms.py
[2023-09-12T00:12:58.902+0000] {processor.py:768} WARNING - No viable dags retrieved from /opt/airflow/dags/subdags/subdags_transforms.py
[2023-09-12T00:12:58.914+0000] {processor.py:176} INFO - Processing /opt/airflow/dags/subdags/subdags_transforms.py took 0.030 seconds
[2023-09-12T00:13:29.293+0000] {processor.py:154} INFO - Started process (PID=620) to work on /opt/airflow/dags/subdags/subdags_transforms.py
[2023-09-12T00:13:29.294+0000] {processor.py:756} INFO - Processing file /opt/airflow/dags/subdags/subdags_transforms.py for tasks to queue
[2023-09-12T00:13:29.295+0000] {logging_mixin.py:120} INFO - [2023-09-12T00:13:29.295+0000] {dagbag.py:537} INFO - Filling up the DagBag from /opt/airflow/dags/subdags/subdags_transforms.py
[2023-09-12T00:13:29.312+0000] {processor.py:768} WARNING - No viable dags retrieved from /opt/airflow/dags/subdags/subdags_transforms.py
[2023-09-12T00:13:29.328+0000] {processor.py:176} INFO - Processing /opt/airflow/dags/subdags/subdags_transforms.py took 0.039 seconds
[2023-09-12T00:14:33.456+0000] {processor.py:154} INFO - Started process (PID=50) to work on /opt/airflow/dags/subdags/subdags_transforms.py
[2023-09-12T00:14:33.457+0000] {processor.py:756} INFO - Processing file /opt/airflow/dags/subdags/subdags_transforms.py for tasks to queue
[2023-09-12T00:14:33.458+0000] {logging_mixin.py:120} INFO - [2023-09-12T00:14:33.458+0000] {dagbag.py:537} INFO - Filling up the DagBag from /opt/airflow/dags/subdags/subdags_transforms.py
[2023-09-12T00:14:33.474+0000] {processor.py:768} WARNING - No viable dags retrieved from /opt/airflow/dags/subdags/subdags_transforms.py
[2023-09-12T00:14:33.545+0000] {processor.py:176} INFO - Processing /opt/airflow/dags/subdags/subdags_transforms.py took 0.092 seconds
[2023-09-12T00:15:03.628+0000] {processor.py:154} INFO - Started process (PID=125) to work on /opt/airflow/dags/subdags/subdags_transforms.py
[2023-09-12T00:15:03.629+0000] {processor.py:756} INFO - Processing file /opt/airflow/dags/subdags/subdags_transforms.py for tasks to queue
[2023-09-12T00:15:03.629+0000] {logging_mixin.py:120} INFO - [2023-09-12T00:15:03.629+0000] {dagbag.py:537} INFO - Filling up the DagBag from /opt/airflow/dags/subdags/subdags_transforms.py
[2023-09-12T00:15:03.644+0000] {processor.py:768} WARNING - No viable dags retrieved from /opt/airflow/dags/subdags/subdags_transforms.py
[2023-09-12T00:15:03.655+0000] {processor.py:176} INFO - Processing /opt/airflow/dags/subdags/subdags_transforms.py took 0.030 seconds
[2023-09-12T00:15:34.108+0000] {processor.py:154} INFO - Started process (PID=212) to work on /opt/airflow/dags/subdags/subdags_transforms.py
[2023-09-12T00:15:34.109+0000] {processor.py:756} INFO - Processing file /opt/airflow/dags/subdags/subdags_transforms.py for tasks to queue
[2023-09-12T00:15:34.110+0000] {logging_mixin.py:120} INFO - [2023-09-12T00:15:34.110+0000] {dagbag.py:537} INFO - Filling up the DagBag from /opt/airflow/dags/subdags/subdags_transforms.py
[2023-09-12T00:15:34.130+0000] {processor.py:768} WARNING - No viable dags retrieved from /opt/airflow/dags/subdags/subdags_transforms.py
[2023-09-12T00:15:34.144+0000] {processor.py:176} INFO - Processing /opt/airflow/dags/subdags/subdags_transforms.py took 0.038 seconds
[2023-09-12T00:16:04.763+0000] {processor.py:154} INFO - Started process (PID=291) to work on /opt/airflow/dags/subdags/subdags_transforms.py
[2023-09-12T00:16:04.764+0000] {processor.py:756} INFO - Processing file /opt/airflow/dags/subdags/subdags_transforms.py for tasks to queue
[2023-09-12T00:16:04.765+0000] {logging_mixin.py:120} INFO - [2023-09-12T00:16:04.765+0000] {dagbag.py:537} INFO - Filling up the DagBag from /opt/airflow/dags/subdags/subdags_transforms.py
[2023-09-12T00:16:04.781+0000] {processor.py:768} WARNING - No viable dags retrieved from /opt/airflow/dags/subdags/subdags_transforms.py
[2023-09-12T00:16:04.794+0000] {processor.py:176} INFO - Processing /opt/airflow/dags/subdags/subdags_transforms.py took 0.033 seconds
[2023-09-12T00:16:34.952+0000] {processor.py:154} INFO - Started process (PID=380) to work on /opt/airflow/dags/subdags/subdags_transforms.py
[2023-09-12T00:16:34.953+0000] {processor.py:756} INFO - Processing file /opt/airflow/dags/subdags/subdags_transforms.py for tasks to queue
[2023-09-12T00:16:34.954+0000] {logging_mixin.py:120} INFO - [2023-09-12T00:16:34.954+0000] {dagbag.py:537} INFO - Filling up the DagBag from /opt/airflow/dags/subdags/subdags_transforms.py
[2023-09-12T00:16:34.969+0000] {processor.py:768} WARNING - No viable dags retrieved from /opt/airflow/dags/subdags/subdags_transforms.py
[2023-09-12T00:16:34.981+0000] {processor.py:176} INFO - Processing /opt/airflow/dags/subdags/subdags_transforms.py took 0.031 seconds
[2023-09-12T00:17:05.726+0000] {processor.py:154} INFO - Started process (PID=459) to work on /opt/airflow/dags/subdags/subdags_transforms.py
[2023-09-12T00:17:05.727+0000] {processor.py:756} INFO - Processing file /opt/airflow/dags/subdags/subdags_transforms.py for tasks to queue
[2023-09-12T00:17:05.728+0000] {logging_mixin.py:120} INFO - [2023-09-12T00:17:05.728+0000] {dagbag.py:537} INFO - Filling up the DagBag from /opt/airflow/dags/subdags/subdags_transforms.py
[2023-09-12T00:17:05.742+0000] {processor.py:768} WARNING - No viable dags retrieved from /opt/airflow/dags/subdags/subdags_transforms.py
[2023-09-12T00:17:05.755+0000] {processor.py:176} INFO - Processing /opt/airflow/dags/subdags/subdags_transforms.py took 0.033 seconds
[2023-09-12T00:17:35.956+0000] {processor.py:154} INFO - Started process (PID=537) to work on /opt/airflow/dags/subdags/subdags_transforms.py
[2023-09-12T00:17:35.957+0000] {processor.py:756} INFO - Processing file /opt/airflow/dags/subdags/subdags_transforms.py for tasks to queue
[2023-09-12T00:17:35.959+0000] {logging_mixin.py:120} INFO - [2023-09-12T00:17:35.958+0000] {dagbag.py:537} INFO - Filling up the DagBag from /opt/airflow/dags/subdags/subdags_transforms.py
[2023-09-12T00:17:35.982+0000] {processor.py:768} WARNING - No viable dags retrieved from /opt/airflow/dags/subdags/subdags_transforms.py
[2023-09-12T00:17:36.000+0000] {processor.py:176} INFO - Processing /opt/airflow/dags/subdags/subdags_transforms.py took 0.049 seconds
[2023-09-12T00:18:06.199+0000] {processor.py:154} INFO - Started process (PID=617) to work on /opt/airflow/dags/subdags/subdags_transforms.py
[2023-09-12T00:18:06.200+0000] {processor.py:756} INFO - Processing file /opt/airflow/dags/subdags/subdags_transforms.py for tasks to queue
[2023-09-12T00:18:06.201+0000] {logging_mixin.py:120} INFO - [2023-09-12T00:18:06.201+0000] {dagbag.py:537} INFO - Filling up the DagBag from /opt/airflow/dags/subdags/subdags_transforms.py
[2023-09-12T00:18:06.217+0000] {processor.py:768} WARNING - No viable dags retrieved from /opt/airflow/dags/subdags/subdags_transforms.py
[2023-09-12T00:18:06.229+0000] {processor.py:176} INFO - Processing /opt/airflow/dags/subdags/subdags_transforms.py took 0.032 seconds
[2023-09-12T00:18:36.329+0000] {processor.py:154} INFO - Started process (PID=686) to work on /opt/airflow/dags/subdags/subdags_transforms.py
[2023-09-12T00:18:36.330+0000] {processor.py:756} INFO - Processing file /opt/airflow/dags/subdags/subdags_transforms.py for tasks to queue
[2023-09-12T00:18:36.330+0000] {logging_mixin.py:120} INFO - [2023-09-12T00:18:36.330+0000] {dagbag.py:537} INFO - Filling up the DagBag from /opt/airflow/dags/subdags/subdags_transforms.py
[2023-09-12T00:18:36.344+0000] {processor.py:768} WARNING - No viable dags retrieved from /opt/airflow/dags/subdags/subdags_transforms.py
[2023-09-12T00:18:36.355+0000] {processor.py:176} INFO - Processing /opt/airflow/dags/subdags/subdags_transforms.py took 0.029 seconds
[2023-09-12T00:19:06.863+0000] {processor.py:154} INFO - Started process (PID=766) to work on /opt/airflow/dags/subdags/subdags_transforms.py
[2023-09-12T00:19:06.864+0000] {processor.py:756} INFO - Processing file /opt/airflow/dags/subdags/subdags_transforms.py for tasks to queue
[2023-09-12T00:19:06.865+0000] {logging_mixin.py:120} INFO - [2023-09-12T00:19:06.865+0000] {dagbag.py:537} INFO - Filling up the DagBag from /opt/airflow/dags/subdags/subdags_transforms.py
[2023-09-12T00:19:06.882+0000] {processor.py:768} WARNING - No viable dags retrieved from /opt/airflow/dags/subdags/subdags_transforms.py
[2023-09-12T00:19:06.895+0000] {processor.py:176} INFO - Processing /opt/airflow/dags/subdags/subdags_transforms.py took 0.035 seconds
[2023-09-12T00:19:37.089+0000] {processor.py:154} INFO - Started process (PID=846) to work on /opt/airflow/dags/subdags/subdags_transforms.py
[2023-09-12T00:19:37.090+0000] {processor.py:756} INFO - Processing file /opt/airflow/dags/subdags/subdags_transforms.py for tasks to queue
[2023-09-12T00:19:37.091+0000] {logging_mixin.py:120} INFO - [2023-09-12T00:19:37.091+0000] {dagbag.py:537} INFO - Filling up the DagBag from /opt/airflow/dags/subdags/subdags_transforms.py
[2023-09-12T00:19:37.105+0000] {processor.py:768} WARNING - No viable dags retrieved from /opt/airflow/dags/subdags/subdags_transforms.py
[2023-09-12T00:19:37.117+0000] {processor.py:176} INFO - Processing /opt/airflow/dags/subdags/subdags_transforms.py took 0.030 seconds
[2023-09-12T00:20:07.465+0000] {processor.py:154} INFO - Started process (PID=919) to work on /opt/airflow/dags/subdags/subdags_transforms.py
[2023-09-12T00:20:07.466+0000] {processor.py:756} INFO - Processing file /opt/airflow/dags/subdags/subdags_transforms.py for tasks to queue
[2023-09-12T00:20:07.466+0000] {logging_mixin.py:120} INFO - [2023-09-12T00:20:07.466+0000] {dagbag.py:537} INFO - Filling up the DagBag from /opt/airflow/dags/subdags/subdags_transforms.py
[2023-09-12T00:20:07.481+0000] {processor.py:768} WARNING - No viable dags retrieved from /opt/airflow/dags/subdags/subdags_transforms.py
[2023-09-12T00:20:07.493+0000] {processor.py:176} INFO - Processing /opt/airflow/dags/subdags/subdags_transforms.py took 0.031 seconds
[2023-09-12T00:20:37.809+0000] {processor.py:154} INFO - Started process (PID=1000) to work on /opt/airflow/dags/subdags/subdags_transforms.py
[2023-09-12T00:20:37.810+0000] {processor.py:756} INFO - Processing file /opt/airflow/dags/subdags/subdags_transforms.py for tasks to queue
[2023-09-12T00:20:37.811+0000] {logging_mixin.py:120} INFO - [2023-09-12T00:20:37.811+0000] {dagbag.py:537} INFO - Filling up the DagBag from /opt/airflow/dags/subdags/subdags_transforms.py
[2023-09-12T00:20:37.826+0000] {processor.py:768} WARNING - No viable dags retrieved from /opt/airflow/dags/subdags/subdags_transforms.py
[2023-09-12T00:20:37.838+0000] {processor.py:176} INFO - Processing /opt/airflow/dags/subdags/subdags_transforms.py took 0.031 seconds
[2023-09-12T00:21:07.889+0000] {processor.py:154} INFO - Started process (PID=1080) to work on /opt/airflow/dags/subdags/subdags_transforms.py
[2023-09-12T00:21:07.890+0000] {processor.py:756} INFO - Processing file /opt/airflow/dags/subdags/subdags_transforms.py for tasks to queue
[2023-09-12T00:21:07.891+0000] {logging_mixin.py:120} INFO - [2023-09-12T00:21:07.891+0000] {dagbag.py:537} INFO - Filling up the DagBag from /opt/airflow/dags/subdags/subdags_transforms.py
[2023-09-12T00:21:07.905+0000] {processor.py:768} WARNING - No viable dags retrieved from /opt/airflow/dags/subdags/subdags_transforms.py
[2023-09-12T00:21:07.916+0000] {processor.py:176} INFO - Processing /opt/airflow/dags/subdags/subdags_transforms.py took 0.030 seconds
[2023-09-12T00:21:38.241+0000] {processor.py:154} INFO - Started process (PID=1162) to work on /opt/airflow/dags/subdags/subdags_transforms.py
[2023-09-12T00:21:38.242+0000] {processor.py:756} INFO - Processing file /opt/airflow/dags/subdags/subdags_transforms.py for tasks to queue
[2023-09-12T00:21:38.243+0000] {logging_mixin.py:120} INFO - [2023-09-12T00:21:38.243+0000] {dagbag.py:537} INFO - Filling up the DagBag from /opt/airflow/dags/subdags/subdags_transforms.py
[2023-09-12T00:21:38.257+0000] {processor.py:768} WARNING - No viable dags retrieved from /opt/airflow/dags/subdags/subdags_transforms.py
[2023-09-12T00:21:38.271+0000] {processor.py:176} INFO - Processing /opt/airflow/dags/subdags/subdags_transforms.py took 0.033 seconds
[2023-09-12T00:22:08.763+0000] {processor.py:154} INFO - Started process (PID=1234) to work on /opt/airflow/dags/subdags/subdags_transforms.py
[2023-09-12T00:22:08.764+0000] {processor.py:756} INFO - Processing file /opt/airflow/dags/subdags/subdags_transforms.py for tasks to queue
[2023-09-12T00:22:08.764+0000] {logging_mixin.py:120} INFO - [2023-09-12T00:22:08.764+0000] {dagbag.py:537} INFO - Filling up the DagBag from /opt/airflow/dags/subdags/subdags_transforms.py
[2023-09-12T00:22:08.780+0000] {processor.py:768} WARNING - No viable dags retrieved from /opt/airflow/dags/subdags/subdags_transforms.py
[2023-09-12T00:22:08.791+0000] {processor.py:176} INFO - Processing /opt/airflow/dags/subdags/subdags_transforms.py took 0.031 seconds
[2023-09-12T00:22:39.131+0000] {processor.py:154} INFO - Started process (PID=1314) to work on /opt/airflow/dags/subdags/subdags_transforms.py
[2023-09-12T00:22:39.132+0000] {processor.py:756} INFO - Processing file /opt/airflow/dags/subdags/subdags_transforms.py for tasks to queue
[2023-09-12T00:22:39.132+0000] {logging_mixin.py:120} INFO - [2023-09-12T00:22:39.132+0000] {dagbag.py:537} INFO - Filling up the DagBag from /opt/airflow/dags/subdags/subdags_transforms.py
[2023-09-12T00:22:39.150+0000] {processor.py:768} WARNING - No viable dags retrieved from /opt/airflow/dags/subdags/subdags_transforms.py
[2023-09-12T00:22:39.162+0000] {processor.py:176} INFO - Processing /opt/airflow/dags/subdags/subdags_transforms.py took 0.035 seconds
[2023-09-12T00:23:09.508+0000] {processor.py:154} INFO - Started process (PID=1395) to work on /opt/airflow/dags/subdags/subdags_transforms.py
[2023-09-12T00:23:09.509+0000] {processor.py:756} INFO - Processing file /opt/airflow/dags/subdags/subdags_transforms.py for tasks to queue
[2023-09-12T00:23:09.510+0000] {logging_mixin.py:120} INFO - [2023-09-12T00:23:09.510+0000] {dagbag.py:537} INFO - Filling up the DagBag from /opt/airflow/dags/subdags/subdags_transforms.py
[2023-09-12T00:23:09.523+0000] {processor.py:768} WARNING - No viable dags retrieved from /opt/airflow/dags/subdags/subdags_transforms.py
[2023-09-12T00:23:09.535+0000] {processor.py:176} INFO - Processing /opt/airflow/dags/subdags/subdags_transforms.py took 0.030 seconds
[2023-09-12T00:23:40.373+0000] {processor.py:154} INFO - Started process (PID=1477) to work on /opt/airflow/dags/subdags/subdags_transforms.py
[2023-09-12T00:23:40.374+0000] {processor.py:756} INFO - Processing file /opt/airflow/dags/subdags/subdags_transforms.py for tasks to queue
[2023-09-12T00:23:40.375+0000] {logging_mixin.py:120} INFO - [2023-09-12T00:23:40.375+0000] {dagbag.py:537} INFO - Filling up the DagBag from /opt/airflow/dags/subdags/subdags_transforms.py
[2023-09-12T00:23:40.390+0000] {processor.py:768} WARNING - No viable dags retrieved from /opt/airflow/dags/subdags/subdags_transforms.py
[2023-09-12T00:23:40.401+0000] {processor.py:176} INFO - Processing /opt/airflow/dags/subdags/subdags_transforms.py took 0.031 seconds
[2023-09-12T00:24:11.283+0000] {processor.py:154} INFO - Started process (PID=1550) to work on /opt/airflow/dags/subdags/subdags_transforms.py
[2023-09-12T00:24:11.284+0000] {processor.py:756} INFO - Processing file /opt/airflow/dags/subdags/subdags_transforms.py for tasks to queue
[2023-09-12T00:24:11.285+0000] {logging_mixin.py:120} INFO - [2023-09-12T00:24:11.285+0000] {dagbag.py:537} INFO - Filling up the DagBag from /opt/airflow/dags/subdags/subdags_transforms.py
[2023-09-12T00:24:11.301+0000] {processor.py:768} WARNING - No viable dags retrieved from /opt/airflow/dags/subdags/subdags_transforms.py
[2023-09-12T00:24:11.313+0000] {processor.py:176} INFO - Processing /opt/airflow/dags/subdags/subdags_transforms.py took 0.033 seconds
[2023-09-12T00:24:42.048+0000] {processor.py:154} INFO - Started process (PID=1631) to work on /opt/airflow/dags/subdags/subdags_transforms.py
[2023-09-12T00:24:42.049+0000] {processor.py:756} INFO - Processing file /opt/airflow/dags/subdags/subdags_transforms.py for tasks to queue
[2023-09-12T00:24:42.050+0000] {logging_mixin.py:120} INFO - [2023-09-12T00:24:42.050+0000] {dagbag.py:537} INFO - Filling up the DagBag from /opt/airflow/dags/subdags/subdags_transforms.py
[2023-09-12T00:24:42.064+0000] {processor.py:768} WARNING - No viable dags retrieved from /opt/airflow/dags/subdags/subdags_transforms.py
[2023-09-12T00:24:42.076+0000] {processor.py:176} INFO - Processing /opt/airflow/dags/subdags/subdags_transforms.py took 0.030 seconds
[2023-09-12T00:25:12.939+0000] {processor.py:154} INFO - Started process (PID=1712) to work on /opt/airflow/dags/subdags/subdags_transforms.py
[2023-09-12T00:25:12.940+0000] {processor.py:756} INFO - Processing file /opt/airflow/dags/subdags/subdags_transforms.py for tasks to queue
[2023-09-12T00:25:12.941+0000] {logging_mixin.py:120} INFO - [2023-09-12T00:25:12.941+0000] {dagbag.py:537} INFO - Filling up the DagBag from /opt/airflow/dags/subdags/subdags_transforms.py
[2023-09-12T00:25:12.956+0000] {processor.py:768} WARNING - No viable dags retrieved from /opt/airflow/dags/subdags/subdags_transforms.py
[2023-09-12T00:25:12.969+0000] {processor.py:176} INFO - Processing /opt/airflow/dags/subdags/subdags_transforms.py took 0.033 seconds
[2023-09-12T00:25:44.035+0000] {processor.py:154} INFO - Started process (PID=1793) to work on /opt/airflow/dags/subdags/subdags_transforms.py
[2023-09-12T00:25:44.036+0000] {processor.py:756} INFO - Processing file /opt/airflow/dags/subdags/subdags_transforms.py for tasks to queue
[2023-09-12T00:25:44.037+0000] {logging_mixin.py:120} INFO - [2023-09-12T00:25:44.037+0000] {dagbag.py:537} INFO - Filling up the DagBag from /opt/airflow/dags/subdags/subdags_transforms.py
[2023-09-12T00:25:44.052+0000] {processor.py:768} WARNING - No viable dags retrieved from /opt/airflow/dags/subdags/subdags_transforms.py
[2023-09-12T00:25:44.063+0000] {processor.py:176} INFO - Processing /opt/airflow/dags/subdags/subdags_transforms.py took 0.031 seconds
[2023-09-12T00:26:14.998+0000] {processor.py:154} INFO - Started process (PID=1874) to work on /opt/airflow/dags/subdags/subdags_transforms.py
[2023-09-12T00:26:14.999+0000] {processor.py:756} INFO - Processing file /opt/airflow/dags/subdags/subdags_transforms.py for tasks to queue
[2023-09-12T00:26:14.999+0000] {logging_mixin.py:120} INFO - [2023-09-12T00:26:14.999+0000] {dagbag.py:537} INFO - Filling up the DagBag from /opt/airflow/dags/subdags/subdags_transforms.py
[2023-09-12T00:26:15.013+0000] {processor.py:768} WARNING - No viable dags retrieved from /opt/airflow/dags/subdags/subdags_transforms.py
[2023-09-12T00:26:15.026+0000] {processor.py:176} INFO - Processing /opt/airflow/dags/subdags/subdags_transforms.py took 0.032 seconds
[2023-09-12T00:26:45.707+0000] {processor.py:154} INFO - Started process (PID=1947) to work on /opt/airflow/dags/subdags/subdags_transforms.py
[2023-09-12T00:26:45.708+0000] {processor.py:756} INFO - Processing file /opt/airflow/dags/subdags/subdags_transforms.py for tasks to queue
[2023-09-12T00:26:45.709+0000] {logging_mixin.py:120} INFO - [2023-09-12T00:26:45.709+0000] {dagbag.py:537} INFO - Filling up the DagBag from /opt/airflow/dags/subdags/subdags_transforms.py
[2023-09-12T00:26:45.725+0000] {processor.py:768} WARNING - No viable dags retrieved from /opt/airflow/dags/subdags/subdags_transforms.py
[2023-09-12T00:26:45.737+0000] {processor.py:176} INFO - Processing /opt/airflow/dags/subdags/subdags_transforms.py took 0.033 seconds
[2023-09-12T00:27:16.553+0000] {processor.py:154} INFO - Started process (PID=2028) to work on /opt/airflow/dags/subdags/subdags_transforms.py
[2023-09-12T00:27:16.554+0000] {processor.py:756} INFO - Processing file /opt/airflow/dags/subdags/subdags_transforms.py for tasks to queue
[2023-09-12T00:27:16.554+0000] {logging_mixin.py:120} INFO - [2023-09-12T00:27:16.554+0000] {dagbag.py:537} INFO - Filling up the DagBag from /opt/airflow/dags/subdags/subdags_transforms.py
[2023-09-12T00:27:16.568+0000] {processor.py:768} WARNING - No viable dags retrieved from /opt/airflow/dags/subdags/subdags_transforms.py
[2023-09-12T00:27:16.581+0000] {processor.py:176} INFO - Processing /opt/airflow/dags/subdags/subdags_transforms.py took 0.031 seconds
[2023-09-12T00:27:47.326+0000] {processor.py:154} INFO - Started process (PID=2109) to work on /opt/airflow/dags/subdags/subdags_transforms.py
[2023-09-12T00:27:47.327+0000] {processor.py:756} INFO - Processing file /opt/airflow/dags/subdags/subdags_transforms.py for tasks to queue
[2023-09-12T00:27:47.328+0000] {logging_mixin.py:120} INFO - [2023-09-12T00:27:47.328+0000] {dagbag.py:537} INFO - Filling up the DagBag from /opt/airflow/dags/subdags/subdags_transforms.py
[2023-09-12T00:27:47.344+0000] {processor.py:768} WARNING - No viable dags retrieved from /opt/airflow/dags/subdags/subdags_transforms.py
[2023-09-12T00:27:47.356+0000] {processor.py:176} INFO - Processing /opt/airflow/dags/subdags/subdags_transforms.py took 0.032 seconds
[2023-09-12T00:28:17.923+0000] {processor.py:154} INFO - Started process (PID=2190) to work on /opt/airflow/dags/subdags/subdags_transforms.py
[2023-09-12T00:28:17.924+0000] {processor.py:756} INFO - Processing file /opt/airflow/dags/subdags/subdags_transforms.py for tasks to queue
[2023-09-12T00:28:17.924+0000] {logging_mixin.py:120} INFO - [2023-09-12T00:28:17.924+0000] {dagbag.py:537} INFO - Filling up the DagBag from /opt/airflow/dags/subdags/subdags_transforms.py
[2023-09-12T00:28:17.939+0000] {processor.py:768} WARNING - No viable dags retrieved from /opt/airflow/dags/subdags/subdags_transforms.py
[2023-09-12T00:28:17.952+0000] {processor.py:176} INFO - Processing /opt/airflow/dags/subdags/subdags_transforms.py took 0.032 seconds
[2023-09-12T00:28:48.507+0000] {processor.py:154} INFO - Started process (PID=2262) to work on /opt/airflow/dags/subdags/subdags_transforms.py
[2023-09-12T00:28:48.508+0000] {processor.py:756} INFO - Processing file /opt/airflow/dags/subdags/subdags_transforms.py for tasks to queue
[2023-09-12T00:28:48.509+0000] {logging_mixin.py:120} INFO - [2023-09-12T00:28:48.508+0000] {dagbag.py:537} INFO - Filling up the DagBag from /opt/airflow/dags/subdags/subdags_transforms.py
[2023-09-12T00:28:48.524+0000] {processor.py:768} WARNING - No viable dags retrieved from /opt/airflow/dags/subdags/subdags_transforms.py
[2023-09-12T00:28:48.536+0000] {processor.py:176} INFO - Processing /opt/airflow/dags/subdags/subdags_transforms.py took 0.032 seconds
[2023-09-12T00:29:19.377+0000] {processor.py:154} INFO - Started process (PID=2343) to work on /opt/airflow/dags/subdags/subdags_transforms.py
[2023-09-12T00:29:19.378+0000] {processor.py:756} INFO - Processing file /opt/airflow/dags/subdags/subdags_transforms.py for tasks to queue
[2023-09-12T00:29:19.378+0000] {logging_mixin.py:120} INFO - [2023-09-12T00:29:19.378+0000] {dagbag.py:537} INFO - Filling up the DagBag from /opt/airflow/dags/subdags/subdags_transforms.py
[2023-09-12T00:29:19.394+0000] {processor.py:768} WARNING - No viable dags retrieved from /opt/airflow/dags/subdags/subdags_transforms.py
[2023-09-12T00:29:19.406+0000] {processor.py:176} INFO - Processing /opt/airflow/dags/subdags/subdags_transforms.py took 0.032 seconds
[2023-09-12T00:29:50.101+0000] {processor.py:154} INFO - Started process (PID=2424) to work on /opt/airflow/dags/subdags/subdags_transforms.py
[2023-09-12T00:29:50.102+0000] {processor.py:756} INFO - Processing file /opt/airflow/dags/subdags/subdags_transforms.py for tasks to queue
[2023-09-12T00:29:50.102+0000] {logging_mixin.py:120} INFO - [2023-09-12T00:29:50.102+0000] {dagbag.py:537} INFO - Filling up the DagBag from /opt/airflow/dags/subdags/subdags_transforms.py
[2023-09-12T00:29:50.118+0000] {processor.py:768} WARNING - No viable dags retrieved from /opt/airflow/dags/subdags/subdags_transforms.py
[2023-09-12T00:29:50.130+0000] {processor.py:176} INFO - Processing /opt/airflow/dags/subdags/subdags_transforms.py took 0.032 seconds
[2023-09-12T00:30:20.595+0000] {processor.py:154} INFO - Started process (PID=2505) to work on /opt/airflow/dags/subdags/subdags_transforms.py
[2023-09-12T00:30:20.596+0000] {processor.py:756} INFO - Processing file /opt/airflow/dags/subdags/subdags_transforms.py for tasks to queue
[2023-09-12T00:30:20.597+0000] {logging_mixin.py:120} INFO - [2023-09-12T00:30:20.596+0000] {dagbag.py:537} INFO - Filling up the DagBag from /opt/airflow/dags/subdags/subdags_transforms.py
[2023-09-12T00:30:20.613+0000] {processor.py:768} WARNING - No viable dags retrieved from /opt/airflow/dags/subdags/subdags_transforms.py
[2023-09-12T00:30:20.626+0000] {processor.py:176} INFO - Processing /opt/airflow/dags/subdags/subdags_transforms.py took 0.034 seconds
[2023-09-12T00:30:51.403+0000] {processor.py:154} INFO - Started process (PID=2584) to work on /opt/airflow/dags/subdags/subdags_transforms.py
[2023-09-12T00:30:51.404+0000] {processor.py:756} INFO - Processing file /opt/airflow/dags/subdags/subdags_transforms.py for tasks to queue
[2023-09-12T00:30:51.405+0000] {logging_mixin.py:120} INFO - [2023-09-12T00:30:51.405+0000] {dagbag.py:537} INFO - Filling up the DagBag from /opt/airflow/dags/subdags/subdags_transforms.py
[2023-09-12T00:30:51.420+0000] {processor.py:768} WARNING - No viable dags retrieved from /opt/airflow/dags/subdags/subdags_transforms.py
[2023-09-12T00:30:51.432+0000] {processor.py:176} INFO - Processing /opt/airflow/dags/subdags/subdags_transforms.py took 0.032 seconds
[2023-09-12T00:31:22.183+0000] {processor.py:154} INFO - Started process (PID=2659) to work on /opt/airflow/dags/subdags/subdags_transforms.py
[2023-09-12T00:31:22.184+0000] {processor.py:756} INFO - Processing file /opt/airflow/dags/subdags/subdags_transforms.py for tasks to queue
[2023-09-12T00:31:22.185+0000] {logging_mixin.py:120} INFO - [2023-09-12T00:31:22.185+0000] {dagbag.py:537} INFO - Filling up the DagBag from /opt/airflow/dags/subdags/subdags_transforms.py
[2023-09-12T00:31:22.198+0000] {processor.py:768} WARNING - No viable dags retrieved from /opt/airflow/dags/subdags/subdags_transforms.py
[2023-09-12T00:31:22.209+0000] {processor.py:176} INFO - Processing /opt/airflow/dags/subdags/subdags_transforms.py took 0.028 seconds
[2023-09-12T00:31:53.162+0000] {processor.py:154} INFO - Started process (PID=2740) to work on /opt/airflow/dags/subdags/subdags_transforms.py
[2023-09-12T00:31:53.163+0000] {processor.py:756} INFO - Processing file /opt/airflow/dags/subdags/subdags_transforms.py for tasks to queue
[2023-09-12T00:31:53.163+0000] {logging_mixin.py:120} INFO - [2023-09-12T00:31:53.163+0000] {dagbag.py:537} INFO - Filling up the DagBag from /opt/airflow/dags/subdags/subdags_transforms.py
[2023-09-12T00:31:53.176+0000] {processor.py:768} WARNING - No viable dags retrieved from /opt/airflow/dags/subdags/subdags_transforms.py
[2023-09-12T00:31:53.188+0000] {processor.py:176} INFO - Processing /opt/airflow/dags/subdags/subdags_transforms.py took 0.029 seconds
[2023-09-12T00:32:23.803+0000] {processor.py:154} INFO - Started process (PID=2821) to work on /opt/airflow/dags/subdags/subdags_transforms.py
[2023-09-12T00:32:23.804+0000] {processor.py:756} INFO - Processing file /opt/airflow/dags/subdags/subdags_transforms.py for tasks to queue
[2023-09-12T00:32:23.805+0000] {logging_mixin.py:120} INFO - [2023-09-12T00:32:23.805+0000] {dagbag.py:537} INFO - Filling up the DagBag from /opt/airflow/dags/subdags/subdags_transforms.py
[2023-09-12T00:32:23.820+0000] {processor.py:768} WARNING - No viable dags retrieved from /opt/airflow/dags/subdags/subdags_transforms.py
[2023-09-12T00:32:23.834+0000] {processor.py:176} INFO - Processing /opt/airflow/dags/subdags/subdags_transforms.py took 0.033 seconds
[2023-09-12T00:32:54.734+0000] {processor.py:154} INFO - Started process (PID=2902) to work on /opt/airflow/dags/subdags/subdags_transforms.py
[2023-09-12T00:32:54.735+0000] {processor.py:756} INFO - Processing file /opt/airflow/dags/subdags/subdags_transforms.py for tasks to queue
[2023-09-12T00:32:54.736+0000] {logging_mixin.py:120} INFO - [2023-09-12T00:32:54.735+0000] {dagbag.py:537} INFO - Filling up the DagBag from /opt/airflow/dags/subdags/subdags_transforms.py
[2023-09-12T00:32:54.749+0000] {processor.py:768} WARNING - No viable dags retrieved from /opt/airflow/dags/subdags/subdags_transforms.py
[2023-09-12T00:32:54.761+0000] {processor.py:176} INFO - Processing /opt/airflow/dags/subdags/subdags_transforms.py took 0.030 seconds
[2023-09-12T00:33:25.379+0000] {processor.py:154} INFO - Started process (PID=2974) to work on /opt/airflow/dags/subdags/subdags_transforms.py
[2023-09-12T00:33:25.379+0000] {processor.py:756} INFO - Processing file /opt/airflow/dags/subdags/subdags_transforms.py for tasks to queue
[2023-09-12T00:33:25.380+0000] {logging_mixin.py:120} INFO - [2023-09-12T00:33:25.380+0000] {dagbag.py:537} INFO - Filling up the DagBag from /opt/airflow/dags/subdags/subdags_transforms.py
[2023-09-12T00:33:25.394+0000] {processor.py:768} WARNING - No viable dags retrieved from /opt/airflow/dags/subdags/subdags_transforms.py
[2023-09-12T00:33:25.405+0000] {processor.py:176} INFO - Processing /opt/airflow/dags/subdags/subdags_transforms.py took 0.030 seconds
[2023-09-12T00:33:56.118+0000] {processor.py:154} INFO - Started process (PID=3055) to work on /opt/airflow/dags/subdags/subdags_transforms.py
[2023-09-12T00:33:56.119+0000] {processor.py:756} INFO - Processing file /opt/airflow/dags/subdags/subdags_transforms.py for tasks to queue
[2023-09-12T00:33:56.120+0000] {logging_mixin.py:120} INFO - [2023-09-12T00:33:56.120+0000] {dagbag.py:537} INFO - Filling up the DagBag from /opt/airflow/dags/subdags/subdags_transforms.py
[2023-09-12T00:33:56.134+0000] {processor.py:768} WARNING - No viable dags retrieved from /opt/airflow/dags/subdags/subdags_transforms.py
[2023-09-12T00:33:56.147+0000] {processor.py:176} INFO - Processing /opt/airflow/dags/subdags/subdags_transforms.py took 0.032 seconds
[2023-09-12T00:34:26.626+0000] {processor.py:154} INFO - Started process (PID=3136) to work on /opt/airflow/dags/subdags/subdags_transforms.py
[2023-09-12T00:34:26.627+0000] {processor.py:756} INFO - Processing file /opt/airflow/dags/subdags/subdags_transforms.py for tasks to queue
[2023-09-12T00:34:26.628+0000] {logging_mixin.py:120} INFO - [2023-09-12T00:34:26.628+0000] {dagbag.py:537} INFO - Filling up the DagBag from /opt/airflow/dags/subdags/subdags_transforms.py
[2023-09-12T00:34:26.643+0000] {processor.py:768} WARNING - No viable dags retrieved from /opt/airflow/dags/subdags/subdags_transforms.py
[2023-09-12T00:34:26.655+0000] {processor.py:176} INFO - Processing /opt/airflow/dags/subdags/subdags_transforms.py took 0.032 seconds
[2023-09-12T00:34:57.440+0000] {processor.py:154} INFO - Started process (PID=3217) to work on /opt/airflow/dags/subdags/subdags_transforms.py
[2023-09-12T00:34:57.441+0000] {processor.py:756} INFO - Processing file /opt/airflow/dags/subdags/subdags_transforms.py for tasks to queue
[2023-09-12T00:34:57.442+0000] {logging_mixin.py:120} INFO - [2023-09-12T00:34:57.442+0000] {dagbag.py:537} INFO - Filling up the DagBag from /opt/airflow/dags/subdags/subdags_transforms.py
[2023-09-12T00:34:57.454+0000] {processor.py:768} WARNING - No viable dags retrieved from /opt/airflow/dags/subdags/subdags_transforms.py
[2023-09-12T00:34:57.467+0000] {processor.py:176} INFO - Processing /opt/airflow/dags/subdags/subdags_transforms.py took 0.029 seconds
[2023-09-12T00:35:28.413+0000] {processor.py:154} INFO - Started process (PID=3298) to work on /opt/airflow/dags/subdags/subdags_transforms.py
[2023-09-12T00:35:28.414+0000] {processor.py:756} INFO - Processing file /opt/airflow/dags/subdags/subdags_transforms.py for tasks to queue
[2023-09-12T00:35:28.414+0000] {logging_mixin.py:120} INFO - [2023-09-12T00:35:28.414+0000] {dagbag.py:537} INFO - Filling up the DagBag from /opt/airflow/dags/subdags/subdags_transforms.py
[2023-09-12T00:35:28.430+0000] {processor.py:768} WARNING - No viable dags retrieved from /opt/airflow/dags/subdags/subdags_transforms.py
[2023-09-12T00:35:28.443+0000] {processor.py:176} INFO - Processing /opt/airflow/dags/subdags/subdags_transforms.py took 0.032 seconds
[2023-09-12T00:35:59.287+0000] {processor.py:154} INFO - Started process (PID=3370) to work on /opt/airflow/dags/subdags/subdags_transforms.py
[2023-09-12T00:35:59.288+0000] {processor.py:756} INFO - Processing file /opt/airflow/dags/subdags/subdags_transforms.py for tasks to queue
[2023-09-12T00:35:59.289+0000] {logging_mixin.py:120} INFO - [2023-09-12T00:35:59.289+0000] {dagbag.py:537} INFO - Filling up the DagBag from /opt/airflow/dags/subdags/subdags_transforms.py
[2023-09-12T00:35:59.303+0000] {processor.py:768} WARNING - No viable dags retrieved from /opt/airflow/dags/subdags/subdags_transforms.py
[2023-09-12T00:35:59.315+0000] {processor.py:176} INFO - Processing /opt/airflow/dags/subdags/subdags_transforms.py took 0.030 seconds
[2023-09-12T00:36:30.149+0000] {processor.py:154} INFO - Started process (PID=3451) to work on /opt/airflow/dags/subdags/subdags_transforms.py
[2023-09-12T00:36:30.150+0000] {processor.py:756} INFO - Processing file /opt/airflow/dags/subdags/subdags_transforms.py for tasks to queue
[2023-09-12T00:36:30.151+0000] {logging_mixin.py:120} INFO - [2023-09-12T00:36:30.151+0000] {dagbag.py:537} INFO - Filling up the DagBag from /opt/airflow/dags/subdags/subdags_transforms.py
[2023-09-12T00:36:30.166+0000] {processor.py:768} WARNING - No viable dags retrieved from /opt/airflow/dags/subdags/subdags_transforms.py
[2023-09-12T00:36:30.243+0000] {processor.py:176} INFO - Processing /opt/airflow/dags/subdags/subdags_transforms.py took 0.098 seconds
[2023-09-12T00:37:01.041+0000] {processor.py:154} INFO - Started process (PID=3532) to work on /opt/airflow/dags/subdags/subdags_transforms.py
[2023-09-12T00:37:01.042+0000] {processor.py:756} INFO - Processing file /opt/airflow/dags/subdags/subdags_transforms.py for tasks to queue
[2023-09-12T00:37:01.043+0000] {logging_mixin.py:120} INFO - [2023-09-12T00:37:01.043+0000] {dagbag.py:537} INFO - Filling up the DagBag from /opt/airflow/dags/subdags/subdags_transforms.py
[2023-09-12T00:37:01.057+0000] {processor.py:768} WARNING - No viable dags retrieved from /opt/airflow/dags/subdags/subdags_transforms.py
[2023-09-12T00:37:01.072+0000] {processor.py:176} INFO - Processing /opt/airflow/dags/subdags/subdags_transforms.py took 0.034 seconds
[2023-09-12T00:37:31.966+0000] {processor.py:154} INFO - Started process (PID=3613) to work on /opt/airflow/dags/subdags/subdags_transforms.py
[2023-09-12T00:37:31.967+0000] {processor.py:756} INFO - Processing file /opt/airflow/dags/subdags/subdags_transforms.py for tasks to queue
[2023-09-12T00:37:31.968+0000] {logging_mixin.py:120} INFO - [2023-09-12T00:37:31.967+0000] {dagbag.py:537} INFO - Filling up the DagBag from /opt/airflow/dags/subdags/subdags_transforms.py
[2023-09-12T00:37:31.981+0000] {processor.py:768} WARNING - No viable dags retrieved from /opt/airflow/dags/subdags/subdags_transforms.py
[2023-09-12T00:37:31.994+0000] {processor.py:176} INFO - Processing /opt/airflow/dags/subdags/subdags_transforms.py took 0.031 seconds
[2023-09-12T00:38:02.966+0000] {processor.py:154} INFO - Started process (PID=3694) to work on /opt/airflow/dags/subdags/subdags_transforms.py
[2023-09-12T00:38:02.967+0000] {processor.py:756} INFO - Processing file /opt/airflow/dags/subdags/subdags_transforms.py for tasks to queue
[2023-09-12T00:38:02.968+0000] {logging_mixin.py:120} INFO - [2023-09-12T00:38:02.968+0000] {dagbag.py:537} INFO - Filling up the DagBag from /opt/airflow/dags/subdags/subdags_transforms.py
[2023-09-12T00:38:02.981+0000] {processor.py:768} WARNING - No viable dags retrieved from /opt/airflow/dags/subdags/subdags_transforms.py
[2023-09-12T00:38:02.992+0000] {processor.py:176} INFO - Processing /opt/airflow/dags/subdags/subdags_transforms.py took 0.029 seconds
[2023-09-12T00:38:33.674+0000] {processor.py:154} INFO - Started process (PID=3767) to work on /opt/airflow/dags/subdags/subdags_transforms.py
[2023-09-12T00:38:33.674+0000] {processor.py:756} INFO - Processing file /opt/airflow/dags/subdags/subdags_transforms.py for tasks to queue
[2023-09-12T00:38:33.675+0000] {logging_mixin.py:120} INFO - [2023-09-12T00:38:33.675+0000] {dagbag.py:537} INFO - Filling up the DagBag from /opt/airflow/dags/subdags/subdags_transforms.py
[2023-09-12T00:38:33.688+0000] {processor.py:768} WARNING - No viable dags retrieved from /opt/airflow/dags/subdags/subdags_transforms.py
[2023-09-12T00:38:33.698+0000] {processor.py:176} INFO - Processing /opt/airflow/dags/subdags/subdags_transforms.py took 0.028 seconds
[2023-09-12T00:39:04.525+0000] {processor.py:154} INFO - Started process (PID=3848) to work on /opt/airflow/dags/subdags/subdags_transforms.py
[2023-09-12T00:39:04.526+0000] {processor.py:756} INFO - Processing file /opt/airflow/dags/subdags/subdags_transforms.py for tasks to queue
[2023-09-12T00:39:04.527+0000] {logging_mixin.py:120} INFO - [2023-09-12T00:39:04.527+0000] {dagbag.py:537} INFO - Filling up the DagBag from /opt/airflow/dags/subdags/subdags_transforms.py
[2023-09-12T00:39:04.540+0000] {processor.py:768} WARNING - No viable dags retrieved from /opt/airflow/dags/subdags/subdags_transforms.py
[2023-09-12T00:39:04.550+0000] {processor.py:176} INFO - Processing /opt/airflow/dags/subdags/subdags_transforms.py took 0.028 seconds
[2023-09-12T00:39:35.300+0000] {processor.py:154} INFO - Started process (PID=3929) to work on /opt/airflow/dags/subdags/subdags_transforms.py
[2023-09-12T00:39:35.301+0000] {processor.py:756} INFO - Processing file /opt/airflow/dags/subdags/subdags_transforms.py for tasks to queue
[2023-09-12T00:39:35.302+0000] {logging_mixin.py:120} INFO - [2023-09-12T00:39:35.302+0000] {dagbag.py:537} INFO - Filling up the DagBag from /opt/airflow/dags/subdags/subdags_transforms.py
[2023-09-12T00:39:35.317+0000] {processor.py:768} WARNING - No viable dags retrieved from /opt/airflow/dags/subdags/subdags_transforms.py
[2023-09-12T00:39:35.329+0000] {processor.py:176} INFO - Processing /opt/airflow/dags/subdags/subdags_transforms.py took 0.032 seconds
[2023-09-12T00:40:06.454+0000] {processor.py:154} INFO - Started process (PID=4010) to work on /opt/airflow/dags/subdags/subdags_transforms.py
[2023-09-12T00:40:06.455+0000] {processor.py:756} INFO - Processing file /opt/airflow/dags/subdags/subdags_transforms.py for tasks to queue
[2023-09-12T00:40:06.456+0000] {logging_mixin.py:120} INFO - [2023-09-12T00:40:06.456+0000] {dagbag.py:537} INFO - Filling up the DagBag from /opt/airflow/dags/subdags/subdags_transforms.py
[2023-09-12T00:40:06.471+0000] {processor.py:768} WARNING - No viable dags retrieved from /opt/airflow/dags/subdags/subdags_transforms.py
[2023-09-12T00:40:06.484+0000] {processor.py:176} INFO - Processing /opt/airflow/dags/subdags/subdags_transforms.py took 0.033 seconds
[2023-09-12T00:40:37.458+0000] {processor.py:154} INFO - Started process (PID=4091) to work on /opt/airflow/dags/subdags/subdags_transforms.py
[2023-09-12T00:40:37.459+0000] {processor.py:756} INFO - Processing file /opt/airflow/dags/subdags/subdags_transforms.py for tasks to queue
[2023-09-12T00:40:37.460+0000] {logging_mixin.py:120} INFO - [2023-09-12T00:40:37.460+0000] {dagbag.py:537} INFO - Filling up the DagBag from /opt/airflow/dags/subdags/subdags_transforms.py
[2023-09-12T00:40:37.475+0000] {processor.py:768} WARNING - No viable dags retrieved from /opt/airflow/dags/subdags/subdags_transforms.py
[2023-09-12T00:40:37.488+0000] {processor.py:176} INFO - Processing /opt/airflow/dags/subdags/subdags_transforms.py took 0.033 seconds
[2023-09-12T00:41:07.521+0000] {processor.py:154} INFO - Started process (PID=4162) to work on /opt/airflow/dags/subdags/subdags_transforms.py
[2023-09-12T00:41:07.522+0000] {processor.py:756} INFO - Processing file /opt/airflow/dags/subdags/subdags_transforms.py for tasks to queue
[2023-09-12T00:41:07.523+0000] {logging_mixin.py:120} INFO - [2023-09-12T00:41:07.523+0000] {dagbag.py:537} INFO - Filling up the DagBag from /opt/airflow/dags/subdags/subdags_transforms.py
[2023-09-12T00:41:07.538+0000] {processor.py:768} WARNING - No viable dags retrieved from /opt/airflow/dags/subdags/subdags_transforms.py
[2023-09-12T00:41:07.549+0000] {processor.py:176} INFO - Processing /opt/airflow/dags/subdags/subdags_transforms.py took 0.030 seconds
[2023-09-12T00:41:38.064+0000] {processor.py:154} INFO - Started process (PID=4243) to work on /opt/airflow/dags/subdags/subdags_transforms.py
[2023-09-12T00:41:38.064+0000] {processor.py:756} INFO - Processing file /opt/airflow/dags/subdags/subdags_transforms.py for tasks to queue
[2023-09-12T00:41:38.065+0000] {logging_mixin.py:120} INFO - [2023-09-12T00:41:38.065+0000] {dagbag.py:537} INFO - Filling up the DagBag from /opt/airflow/dags/subdags/subdags_transforms.py
[2023-09-12T00:41:38.080+0000] {processor.py:768} WARNING - No viable dags retrieved from /opt/airflow/dags/subdags/subdags_transforms.py
[2023-09-12T00:41:38.091+0000] {processor.py:176} INFO - Processing /opt/airflow/dags/subdags/subdags_transforms.py took 0.030 seconds
[2023-09-12T00:42:08.163+0000] {processor.py:154} INFO - Started process (PID=4324) to work on /opt/airflow/dags/subdags/subdags_transforms.py
[2023-09-12T00:42:08.164+0000] {processor.py:756} INFO - Processing file /opt/airflow/dags/subdags/subdags_transforms.py for tasks to queue
[2023-09-12T00:42:08.165+0000] {logging_mixin.py:120} INFO - [2023-09-12T00:42:08.165+0000] {dagbag.py:537} INFO - Filling up the DagBag from /opt/airflow/dags/subdags/subdags_transforms.py
[2023-09-12T00:42:08.178+0000] {processor.py:768} WARNING - No viable dags retrieved from /opt/airflow/dags/subdags/subdags_transforms.py
[2023-09-12T00:42:08.189+0000] {processor.py:176} INFO - Processing /opt/airflow/dags/subdags/subdags_transforms.py took 0.028 seconds
[2023-09-12T00:42:38.971+0000] {processor.py:154} INFO - Started process (PID=4403) to work on /opt/airflow/dags/subdags/subdags_transforms.py
[2023-09-12T00:42:38.971+0000] {processor.py:756} INFO - Processing file /opt/airflow/dags/subdags/subdags_transforms.py for tasks to queue
[2023-09-12T00:42:38.972+0000] {logging_mixin.py:120} INFO - [2023-09-12T00:42:38.972+0000] {dagbag.py:537} INFO - Filling up the DagBag from /opt/airflow/dags/subdags/subdags_transforms.py
[2023-09-12T00:42:38.991+0000] {processor.py:768} WARNING - No viable dags retrieved from /opt/airflow/dags/subdags/subdags_transforms.py
[2023-09-12T00:42:39.003+0000] {processor.py:176} INFO - Processing /opt/airflow/dags/subdags/subdags_transforms.py took 0.035 seconds
[2023-09-12T00:43:09.558+0000] {processor.py:154} INFO - Started process (PID=4478) to work on /opt/airflow/dags/subdags/subdags_transforms.py
[2023-09-12T00:43:09.558+0000] {processor.py:756} INFO - Processing file /opt/airflow/dags/subdags/subdags_transforms.py for tasks to queue
[2023-09-12T00:43:09.559+0000] {logging_mixin.py:120} INFO - [2023-09-12T00:43:09.559+0000] {dagbag.py:537} INFO - Filling up the DagBag from /opt/airflow/dags/subdags/subdags_transforms.py
[2023-09-12T00:43:09.574+0000] {processor.py:768} WARNING - No viable dags retrieved from /opt/airflow/dags/subdags/subdags_transforms.py
[2023-09-12T00:43:09.585+0000] {processor.py:176} INFO - Processing /opt/airflow/dags/subdags/subdags_transforms.py took 0.030 seconds
[2023-09-12T00:43:40.488+0000] {processor.py:154} INFO - Started process (PID=4559) to work on /opt/airflow/dags/subdags/subdags_transforms.py
[2023-09-12T00:43:40.489+0000] {processor.py:756} INFO - Processing file /opt/airflow/dags/subdags/subdags_transforms.py for tasks to queue
[2023-09-12T00:43:40.490+0000] {logging_mixin.py:120} INFO - [2023-09-12T00:43:40.490+0000] {dagbag.py:537} INFO - Filling up the DagBag from /opt/airflow/dags/subdags/subdags_transforms.py
[2023-09-12T00:43:40.506+0000] {processor.py:768} WARNING - No viable dags retrieved from /opt/airflow/dags/subdags/subdags_transforms.py
[2023-09-12T00:43:40.519+0000] {processor.py:176} INFO - Processing /opt/airflow/dags/subdags/subdags_transforms.py took 0.033 seconds
[2023-09-12T00:44:11.272+0000] {processor.py:154} INFO - Started process (PID=4640) to work on /opt/airflow/dags/subdags/subdags_transforms.py
[2023-09-12T00:44:11.273+0000] {processor.py:756} INFO - Processing file /opt/airflow/dags/subdags/subdags_transforms.py for tasks to queue
[2023-09-12T00:44:11.274+0000] {logging_mixin.py:120} INFO - [2023-09-12T00:44:11.274+0000] {dagbag.py:537} INFO - Filling up the DagBag from /opt/airflow/dags/subdags/subdags_transforms.py
[2023-09-12T00:44:11.290+0000] {processor.py:768} WARNING - No viable dags retrieved from /opt/airflow/dags/subdags/subdags_transforms.py
[2023-09-12T00:44:11.303+0000] {processor.py:176} INFO - Processing /opt/airflow/dags/subdags/subdags_transforms.py took 0.033 seconds
[2023-09-12T00:44:42.071+0000] {processor.py:154} INFO - Started process (PID=4721) to work on /opt/airflow/dags/subdags/subdags_transforms.py
[2023-09-12T00:44:42.072+0000] {processor.py:756} INFO - Processing file /opt/airflow/dags/subdags/subdags_transforms.py for tasks to queue
[2023-09-12T00:44:42.072+0000] {logging_mixin.py:120} INFO - [2023-09-12T00:44:42.072+0000] {dagbag.py:537} INFO - Filling up the DagBag from /opt/airflow/dags/subdags/subdags_transforms.py
[2023-09-12T00:44:42.091+0000] {processor.py:768} WARNING - No viable dags retrieved from /opt/airflow/dags/subdags/subdags_transforms.py
[2023-09-12T00:44:42.105+0000] {processor.py:176} INFO - Processing /opt/airflow/dags/subdags/subdags_transforms.py took 0.036 seconds
[2023-09-12T00:45:13.076+0000] {processor.py:154} INFO - Started process (PID=4793) to work on /opt/airflow/dags/subdags/subdags_transforms.py
[2023-09-12T00:45:13.077+0000] {processor.py:756} INFO - Processing file /opt/airflow/dags/subdags/subdags_transforms.py for tasks to queue
[2023-09-12T00:45:13.078+0000] {logging_mixin.py:120} INFO - [2023-09-12T00:45:13.078+0000] {dagbag.py:537} INFO - Filling up the DagBag from /opt/airflow/dags/subdags/subdags_transforms.py
[2023-09-12T00:45:13.094+0000] {processor.py:768} WARNING - No viable dags retrieved from /opt/airflow/dags/subdags/subdags_transforms.py
[2023-09-12T00:45:13.109+0000] {processor.py:176} INFO - Processing /opt/airflow/dags/subdags/subdags_transforms.py took 0.037 seconds
[2023-09-12T00:45:43.754+0000] {processor.py:154} INFO - Started process (PID=4874) to work on /opt/airflow/dags/subdags/subdags_transforms.py
[2023-09-12T00:45:43.755+0000] {processor.py:756} INFO - Processing file /opt/airflow/dags/subdags/subdags_transforms.py for tasks to queue
[2023-09-12T00:45:43.755+0000] {logging_mixin.py:120} INFO - [2023-09-12T00:45:43.755+0000] {dagbag.py:537} INFO - Filling up the DagBag from /opt/airflow/dags/subdags/subdags_transforms.py
[2023-09-12T00:45:43.770+0000] {processor.py:768} WARNING - No viable dags retrieved from /opt/airflow/dags/subdags/subdags_transforms.py
[2023-09-12T00:45:43.781+0000] {processor.py:176} INFO - Processing /opt/airflow/dags/subdags/subdags_transforms.py took 0.030 seconds
[2023-09-12T00:46:14.549+0000] {processor.py:154} INFO - Started process (PID=4955) to work on /opt/airflow/dags/subdags/subdags_transforms.py
[2023-09-12T00:46:14.549+0000] {processor.py:756} INFO - Processing file /opt/airflow/dags/subdags/subdags_transforms.py for tasks to queue
[2023-09-12T00:46:14.550+0000] {logging_mixin.py:120} INFO - [2023-09-12T00:46:14.550+0000] {dagbag.py:537} INFO - Filling up the DagBag from /opt/airflow/dags/subdags/subdags_transforms.py
[2023-09-12T00:46:14.566+0000] {processor.py:768} WARNING - No viable dags retrieved from /opt/airflow/dags/subdags/subdags_transforms.py
[2023-09-12T00:46:14.579+0000] {processor.py:176} INFO - Processing /opt/airflow/dags/subdags/subdags_transforms.py took 0.034 seconds
[2023-09-12T00:46:45.374+0000] {processor.py:154} INFO - Started process (PID=5036) to work on /opt/airflow/dags/subdags/subdags_transforms.py
[2023-09-12T00:46:45.375+0000] {processor.py:756} INFO - Processing file /opt/airflow/dags/subdags/subdags_transforms.py for tasks to queue
[2023-09-12T00:46:45.376+0000] {logging_mixin.py:120} INFO - [2023-09-12T00:46:45.376+0000] {dagbag.py:537} INFO - Filling up the DagBag from /opt/airflow/dags/subdags/subdags_transforms.py
[2023-09-12T00:46:45.392+0000] {processor.py:768} WARNING - No viable dags retrieved from /opt/airflow/dags/subdags/subdags_transforms.py
[2023-09-12T00:46:45.405+0000] {processor.py:176} INFO - Processing /opt/airflow/dags/subdags/subdags_transforms.py took 0.034 seconds
[2023-09-12T00:47:16.290+0000] {processor.py:154} INFO - Started process (PID=5118) to work on /opt/airflow/dags/subdags/subdags_transforms.py
[2023-09-12T00:47:16.291+0000] {processor.py:756} INFO - Processing file /opt/airflow/dags/subdags/subdags_transforms.py for tasks to queue
[2023-09-12T00:47:16.292+0000] {logging_mixin.py:120} INFO - [2023-09-12T00:47:16.292+0000] {dagbag.py:537} INFO - Filling up the DagBag from /opt/airflow/dags/subdags/subdags_transforms.py
[2023-09-12T00:47:16.309+0000] {processor.py:768} WARNING - No viable dags retrieved from /opt/airflow/dags/subdags/subdags_transforms.py
[2023-09-12T00:47:16.321+0000] {processor.py:176} INFO - Processing /opt/airflow/dags/subdags/subdags_transforms.py took 0.033 seconds
[2023-09-12T00:47:46.391+0000] {processor.py:154} INFO - Started process (PID=5189) to work on /opt/airflow/dags/subdags/subdags_transforms.py
[2023-09-12T00:47:46.392+0000] {processor.py:756} INFO - Processing file /opt/airflow/dags/subdags/subdags_transforms.py for tasks to queue
[2023-09-12T00:47:46.393+0000] {logging_mixin.py:120} INFO - [2023-09-12T00:47:46.393+0000] {dagbag.py:537} INFO - Filling up the DagBag from /opt/airflow/dags/subdags/subdags_transforms.py
[2023-09-12T00:47:46.407+0000] {processor.py:768} WARNING - No viable dags retrieved from /opt/airflow/dags/subdags/subdags_transforms.py
[2023-09-12T00:47:46.419+0000] {processor.py:176} INFO - Processing /opt/airflow/dags/subdags/subdags_transforms.py took 0.030 seconds
[2023-09-12T00:48:16.510+0000] {processor.py:154} INFO - Started process (PID=5270) to work on /opt/airflow/dags/subdags/subdags_transforms.py
[2023-09-12T00:48:16.511+0000] {processor.py:756} INFO - Processing file /opt/airflow/dags/subdags/subdags_transforms.py for tasks to queue
[2023-09-12T00:48:16.511+0000] {logging_mixin.py:120} INFO - [2023-09-12T00:48:16.511+0000] {dagbag.py:537} INFO - Filling up the DagBag from /opt/airflow/dags/subdags/subdags_transforms.py
[2023-09-12T00:48:16.526+0000] {processor.py:768} WARNING - No viable dags retrieved from /opt/airflow/dags/subdags/subdags_transforms.py
[2023-09-12T00:48:16.540+0000] {processor.py:176} INFO - Processing /opt/airflow/dags/subdags/subdags_transforms.py took 0.033 seconds
[2023-09-12T00:48:47.238+0000] {processor.py:154} INFO - Started process (PID=5351) to work on /opt/airflow/dags/subdags/subdags_transforms.py
[2023-09-12T00:48:47.239+0000] {processor.py:756} INFO - Processing file /opt/airflow/dags/subdags/subdags_transforms.py for tasks to queue
[2023-09-12T00:48:47.240+0000] {logging_mixin.py:120} INFO - [2023-09-12T00:48:47.239+0000] {dagbag.py:537} INFO - Filling up the DagBag from /opt/airflow/dags/subdags/subdags_transforms.py
[2023-09-12T00:48:47.253+0000] {processor.py:768} WARNING - No viable dags retrieved from /opt/airflow/dags/subdags/subdags_transforms.py
[2023-09-12T00:48:47.266+0000] {processor.py:176} INFO - Processing /opt/airflow/dags/subdags/subdags_transforms.py took 0.030 seconds
[2023-09-12T00:49:18.201+0000] {processor.py:154} INFO - Started process (PID=5432) to work on /opt/airflow/dags/subdags/subdags_transforms.py
[2023-09-12T00:49:18.202+0000] {processor.py:756} INFO - Processing file /opt/airflow/dags/subdags/subdags_transforms.py for tasks to queue
[2023-09-12T00:49:18.203+0000] {logging_mixin.py:120} INFO - [2023-09-12T00:49:18.203+0000] {dagbag.py:537} INFO - Filling up the DagBag from /opt/airflow/dags/subdags/subdags_transforms.py
[2023-09-12T00:49:18.219+0000] {processor.py:768} WARNING - No viable dags retrieved from /opt/airflow/dags/subdags/subdags_transforms.py
[2023-09-12T00:49:18.231+0000] {processor.py:176} INFO - Processing /opt/airflow/dags/subdags/subdags_transforms.py took 0.032 seconds
[2023-09-12T00:49:48.981+0000] {processor.py:154} INFO - Started process (PID=5504) to work on /opt/airflow/dags/subdags/subdags_transforms.py
[2023-09-12T00:49:48.982+0000] {processor.py:756} INFO - Processing file /opt/airflow/dags/subdags/subdags_transforms.py for tasks to queue
[2023-09-12T00:49:48.983+0000] {logging_mixin.py:120} INFO - [2023-09-12T00:49:48.983+0000] {dagbag.py:537} INFO - Filling up the DagBag from /opt/airflow/dags/subdags/subdags_transforms.py
[2023-09-12T00:49:48.997+0000] {processor.py:768} WARNING - No viable dags retrieved from /opt/airflow/dags/subdags/subdags_transforms.py
[2023-09-12T00:49:49.009+0000] {processor.py:176} INFO - Processing /opt/airflow/dags/subdags/subdags_transforms.py took 0.031 seconds
[2023-09-12T00:50:19.968+0000] {processor.py:154} INFO - Started process (PID=5585) to work on /opt/airflow/dags/subdags/subdags_transforms.py
[2023-09-12T00:50:19.969+0000] {processor.py:756} INFO - Processing file /opt/airflow/dags/subdags/subdags_transforms.py for tasks to queue
[2023-09-12T00:50:19.970+0000] {logging_mixin.py:120} INFO - [2023-09-12T00:50:19.970+0000] {dagbag.py:537} INFO - Filling up the DagBag from /opt/airflow/dags/subdags/subdags_transforms.py
[2023-09-12T00:50:19.986+0000] {processor.py:768} WARNING - No viable dags retrieved from /opt/airflow/dags/subdags/subdags_transforms.py
[2023-09-12T00:50:19.998+0000] {processor.py:176} INFO - Processing /opt/airflow/dags/subdags/subdags_transforms.py took 0.033 seconds
[2023-09-12T00:50:50.530+0000] {processor.py:154} INFO - Started process (PID=5666) to work on /opt/airflow/dags/subdags/subdags_transforms.py
[2023-09-12T00:50:50.531+0000] {processor.py:756} INFO - Processing file /opt/airflow/dags/subdags/subdags_transforms.py for tasks to queue
[2023-09-12T00:50:50.532+0000] {logging_mixin.py:120} INFO - [2023-09-12T00:50:50.532+0000] {dagbag.py:537} INFO - Filling up the DagBag from /opt/airflow/dags/subdags/subdags_transforms.py
[2023-09-12T00:50:50.546+0000] {processor.py:768} WARNING - No viable dags retrieved from /opt/airflow/dags/subdags/subdags_transforms.py
[2023-09-12T00:50:50.557+0000] {processor.py:176} INFO - Processing /opt/airflow/dags/subdags/subdags_transforms.py took 0.030 seconds
[2023-09-12T00:51:20.711+0000] {processor.py:154} INFO - Started process (PID=5747) to work on /opt/airflow/dags/subdags/subdags_transforms.py
[2023-09-12T00:51:20.712+0000] {processor.py:756} INFO - Processing file /opt/airflow/dags/subdags/subdags_transforms.py for tasks to queue
[2023-09-12T00:51:20.713+0000] {logging_mixin.py:120} INFO - [2023-09-12T00:51:20.713+0000] {dagbag.py:537} INFO - Filling up the DagBag from /opt/airflow/dags/subdags/subdags_transforms.py
[2023-09-12T00:51:20.728+0000] {processor.py:768} WARNING - No viable dags retrieved from /opt/airflow/dags/subdags/subdags_transforms.py
[2023-09-12T00:51:20.741+0000] {processor.py:176} INFO - Processing /opt/airflow/dags/subdags/subdags_transforms.py took 0.033 seconds
[2023-09-12T00:51:50.771+0000] {processor.py:154} INFO - Started process (PID=5819) to work on /opt/airflow/dags/subdags/subdags_transforms.py
[2023-09-12T00:51:50.772+0000] {processor.py:756} INFO - Processing file /opt/airflow/dags/subdags/subdags_transforms.py for tasks to queue
[2023-09-12T00:51:50.773+0000] {logging_mixin.py:120} INFO - [2023-09-12T00:51:50.773+0000] {dagbag.py:537} INFO - Filling up the DagBag from /opt/airflow/dags/subdags/subdags_transforms.py
[2023-09-12T00:51:50.786+0000] {processor.py:768} WARNING - No viable dags retrieved from /opt/airflow/dags/subdags/subdags_transforms.py
[2023-09-12T00:51:50.797+0000] {processor.py:176} INFO - Processing /opt/airflow/dags/subdags/subdags_transforms.py took 0.029 seconds
[2023-09-12T00:52:21.630+0000] {processor.py:154} INFO - Started process (PID=5901) to work on /opt/airflow/dags/subdags/subdags_transforms.py
[2023-09-12T00:52:21.631+0000] {processor.py:756} INFO - Processing file /opt/airflow/dags/subdags/subdags_transforms.py for tasks to queue
[2023-09-12T00:52:21.631+0000] {logging_mixin.py:120} INFO - [2023-09-12T00:52:21.631+0000] {dagbag.py:537} INFO - Filling up the DagBag from /opt/airflow/dags/subdags/subdags_transforms.py
[2023-09-12T00:52:21.645+0000] {processor.py:768} WARNING - No viable dags retrieved from /opt/airflow/dags/subdags/subdags_transforms.py
[2023-09-12T00:52:21.656+0000] {processor.py:176} INFO - Processing /opt/airflow/dags/subdags/subdags_transforms.py took 0.029 seconds
[2023-09-12T00:52:51.764+0000] {processor.py:154} INFO - Started process (PID=5981) to work on /opt/airflow/dags/subdags/subdags_transforms.py
[2023-09-12T00:52:51.765+0000] {processor.py:756} INFO - Processing file /opt/airflow/dags/subdags/subdags_transforms.py for tasks to queue
[2023-09-12T00:52:51.765+0000] {logging_mixin.py:120} INFO - [2023-09-12T00:52:51.765+0000] {dagbag.py:537} INFO - Filling up the DagBag from /opt/airflow/dags/subdags/subdags_transforms.py
[2023-09-12T00:52:51.780+0000] {processor.py:768} WARNING - No viable dags retrieved from /opt/airflow/dags/subdags/subdags_transforms.py
[2023-09-12T00:52:51.792+0000] {processor.py:176} INFO - Processing /opt/airflow/dags/subdags/subdags_transforms.py took 0.032 seconds
[2023-09-12T00:53:22.055+0000] {processor.py:154} INFO - Started process (PID=6063) to work on /opt/airflow/dags/subdags/subdags_transforms.py
[2023-09-12T00:53:22.056+0000] {processor.py:756} INFO - Processing file /opt/airflow/dags/subdags/subdags_transforms.py for tasks to queue
[2023-09-12T00:53:22.057+0000] {logging_mixin.py:120} INFO - [2023-09-12T00:53:22.057+0000] {dagbag.py:537} INFO - Filling up the DagBag from /opt/airflow/dags/subdags/subdags_transforms.py
[2023-09-12T00:53:22.074+0000] {processor.py:768} WARNING - No viable dags retrieved from /opt/airflow/dags/subdags/subdags_transforms.py
[2023-09-12T00:53:22.087+0000] {processor.py:176} INFO - Processing /opt/airflow/dags/subdags/subdags_transforms.py took 0.035 seconds
[2023-09-12T00:53:52.213+0000] {processor.py:154} INFO - Started process (PID=6135) to work on /opt/airflow/dags/subdags/subdags_transforms.py
[2023-09-12T00:53:52.214+0000] {processor.py:756} INFO - Processing file /opt/airflow/dags/subdags/subdags_transforms.py for tasks to queue
[2023-09-12T00:53:52.216+0000] {logging_mixin.py:120} INFO - [2023-09-12T00:53:52.215+0000] {dagbag.py:537} INFO - Filling up the DagBag from /opt/airflow/dags/subdags/subdags_transforms.py
[2023-09-12T00:53:52.230+0000] {processor.py:768} WARNING - No viable dags retrieved from /opt/airflow/dags/subdags/subdags_transforms.py
[2023-09-12T00:53:52.243+0000] {processor.py:176} INFO - Processing /opt/airflow/dags/subdags/subdags_transforms.py took 0.034 seconds
[2023-09-12T00:54:22.818+0000] {processor.py:154} INFO - Started process (PID=6216) to work on /opt/airflow/dags/subdags/subdags_transforms.py
[2023-09-12T00:54:22.818+0000] {processor.py:756} INFO - Processing file /opt/airflow/dags/subdags/subdags_transforms.py for tasks to queue
[2023-09-12T00:54:22.819+0000] {logging_mixin.py:120} INFO - [2023-09-12T00:54:22.819+0000] {dagbag.py:537} INFO - Filling up the DagBag from /opt/airflow/dags/subdags/subdags_transforms.py
[2023-09-12T00:54:22.834+0000] {processor.py:768} WARNING - No viable dags retrieved from /opt/airflow/dags/subdags/subdags_transforms.py
[2023-09-12T00:54:22.847+0000] {processor.py:176} INFO - Processing /opt/airflow/dags/subdags/subdags_transforms.py took 0.032 seconds
[2023-09-12T00:54:52.930+0000] {processor.py:154} INFO - Started process (PID=6296) to work on /opt/airflow/dags/subdags/subdags_transforms.py
[2023-09-12T00:54:52.931+0000] {processor.py:756} INFO - Processing file /opt/airflow/dags/subdags/subdags_transforms.py for tasks to queue
[2023-09-12T00:54:52.932+0000] {logging_mixin.py:120} INFO - [2023-09-12T00:54:52.932+0000] {dagbag.py:537} INFO - Filling up the DagBag from /opt/airflow/dags/subdags/subdags_transforms.py
[2023-09-12T00:54:52.948+0000] {processor.py:768} WARNING - No viable dags retrieved from /opt/airflow/dags/subdags/subdags_transforms.py
[2023-09-12T00:54:53.024+0000] {processor.py:176} INFO - Processing /opt/airflow/dags/subdags/subdags_transforms.py took 0.099 seconds
[2023-09-12T00:55:23.328+0000] {processor.py:154} INFO - Started process (PID=6369) to work on /opt/airflow/dags/subdags/subdags_transforms.py
[2023-09-12T00:55:23.329+0000] {processor.py:756} INFO - Processing file /opt/airflow/dags/subdags/subdags_transforms.py for tasks to queue
[2023-09-12T00:55:23.330+0000] {logging_mixin.py:120} INFO - [2023-09-12T00:55:23.330+0000] {dagbag.py:537} INFO - Filling up the DagBag from /opt/airflow/dags/subdags/subdags_transforms.py
[2023-09-12T00:55:23.350+0000] {processor.py:768} WARNING - No viable dags retrieved from /opt/airflow/dags/subdags/subdags_transforms.py
[2023-09-12T00:55:23.365+0000] {processor.py:176} INFO - Processing /opt/airflow/dags/subdags/subdags_transforms.py took 0.041 seconds
[2023-09-12T00:55:53.913+0000] {processor.py:154} INFO - Started process (PID=6448) to work on /opt/airflow/dags/subdags/subdags_transforms.py
[2023-09-12T00:55:53.914+0000] {processor.py:756} INFO - Processing file /opt/airflow/dags/subdags/subdags_transforms.py for tasks to queue
[2023-09-12T00:55:53.914+0000] {logging_mixin.py:120} INFO - [2023-09-12T00:55:53.914+0000] {dagbag.py:537} INFO - Filling up the DagBag from /opt/airflow/dags/subdags/subdags_transforms.py
[2023-09-12T00:55:53.929+0000] {processor.py:768} WARNING - No viable dags retrieved from /opt/airflow/dags/subdags/subdags_transforms.py
[2023-09-12T00:55:53.943+0000] {processor.py:176} INFO - Processing /opt/airflow/dags/subdags/subdags_transforms.py took 0.034 seconds
[2023-09-12T00:56:24.366+0000] {processor.py:154} INFO - Started process (PID=6523) to work on /opt/airflow/dags/subdags/subdags_transforms.py
[2023-09-12T00:56:24.367+0000] {processor.py:756} INFO - Processing file /opt/airflow/dags/subdags/subdags_transforms.py for tasks to queue
[2023-09-12T00:56:24.368+0000] {logging_mixin.py:120} INFO - [2023-09-12T00:56:24.368+0000] {dagbag.py:537} INFO - Filling up the DagBag from /opt/airflow/dags/subdags/subdags_transforms.py
[2023-09-12T00:56:24.383+0000] {processor.py:768} WARNING - No viable dags retrieved from /opt/airflow/dags/subdags/subdags_transforms.py
[2023-09-12T00:56:24.396+0000] {processor.py:176} INFO - Processing /opt/airflow/dags/subdags/subdags_transforms.py took 0.033 seconds
[2023-09-12T00:56:54.881+0000] {processor.py:154} INFO - Started process (PID=6603) to work on /opt/airflow/dags/subdags/subdags_transforms.py
[2023-09-12T00:56:54.882+0000] {processor.py:756} INFO - Processing file /opt/airflow/dags/subdags/subdags_transforms.py for tasks to queue
[2023-09-12T00:56:54.883+0000] {logging_mixin.py:120} INFO - [2023-09-12T00:56:54.883+0000] {dagbag.py:537} INFO - Filling up the DagBag from /opt/airflow/dags/subdags/subdags_transforms.py
[2023-09-12T00:56:54.908+0000] {processor.py:768} WARNING - No viable dags retrieved from /opt/airflow/dags/subdags/subdags_transforms.py
[2023-09-12T00:56:54.926+0000] {processor.py:176} INFO - Processing /opt/airflow/dags/subdags/subdags_transforms.py took 0.049 seconds
[2023-09-12T00:57:25.907+0000] {processor.py:154} INFO - Started process (PID=6675) to work on /opt/airflow/dags/subdags/subdags_transforms.py
[2023-09-12T00:57:25.909+0000] {processor.py:756} INFO - Processing file /opt/airflow/dags/subdags/subdags_transforms.py for tasks to queue
[2023-09-12T00:57:25.910+0000] {logging_mixin.py:120} INFO - [2023-09-12T00:57:25.910+0000] {dagbag.py:537} INFO - Filling up the DagBag from /opt/airflow/dags/subdags/subdags_transforms.py
[2023-09-12T00:57:25.931+0000] {processor.py:768} WARNING - No viable dags retrieved from /opt/airflow/dags/subdags/subdags_transforms.py
[2023-09-12T00:57:25.948+0000] {processor.py:176} INFO - Processing /opt/airflow/dags/subdags/subdags_transforms.py took 0.044 seconds
[2023-09-12T00:57:56.084+0000] {processor.py:154} INFO - Started process (PID=6755) to work on /opt/airflow/dags/subdags/subdags_transforms.py
[2023-09-12T00:57:56.085+0000] {processor.py:756} INFO - Processing file /opt/airflow/dags/subdags/subdags_transforms.py for tasks to queue
[2023-09-12T00:57:56.085+0000] {logging_mixin.py:120} INFO - [2023-09-12T00:57:56.085+0000] {dagbag.py:537} INFO - Filling up the DagBag from /opt/airflow/dags/subdags/subdags_transforms.py
[2023-09-12T00:57:56.101+0000] {processor.py:768} WARNING - No viable dags retrieved from /opt/airflow/dags/subdags/subdags_transforms.py
[2023-09-12T00:57:56.113+0000] {processor.py:176} INFO - Processing /opt/airflow/dags/subdags/subdags_transforms.py took 0.032 seconds
[2023-09-12T00:58:26.337+0000] {processor.py:154} INFO - Started process (PID=6834) to work on /opt/airflow/dags/subdags/subdags_transforms.py
[2023-09-12T00:58:26.338+0000] {processor.py:756} INFO - Processing file /opt/airflow/dags/subdags/subdags_transforms.py for tasks to queue
[2023-09-12T00:58:26.339+0000] {logging_mixin.py:120} INFO - [2023-09-12T00:58:26.339+0000] {dagbag.py:537} INFO - Filling up the DagBag from /opt/airflow/dags/subdags/subdags_transforms.py
[2023-09-12T00:58:26.355+0000] {processor.py:768} WARNING - No viable dags retrieved from /opt/airflow/dags/subdags/subdags_transforms.py
[2023-09-12T00:58:26.370+0000] {processor.py:176} INFO - Processing /opt/airflow/dags/subdags/subdags_transforms.py took 0.037 seconds
[2023-09-12T00:58:56.718+0000] {processor.py:154} INFO - Started process (PID=6913) to work on /opt/airflow/dags/subdags/subdags_transforms.py
[2023-09-12T00:58:56.719+0000] {processor.py:756} INFO - Processing file /opt/airflow/dags/subdags/subdags_transforms.py for tasks to queue
[2023-09-12T00:58:56.720+0000] {logging_mixin.py:120} INFO - [2023-09-12T00:58:56.720+0000] {dagbag.py:537} INFO - Filling up the DagBag from /opt/airflow/dags/subdags/subdags_transforms.py
[2023-09-12T00:58:56.736+0000] {processor.py:768} WARNING - No viable dags retrieved from /opt/airflow/dags/subdags/subdags_transforms.py
[2023-09-12T00:58:56.750+0000] {processor.py:176} INFO - Processing /opt/airflow/dags/subdags/subdags_transforms.py took 0.035 seconds
[2023-09-12T00:59:27.292+0000] {processor.py:154} INFO - Started process (PID=6986) to work on /opt/airflow/dags/subdags/subdags_transforms.py
[2023-09-12T00:59:27.292+0000] {processor.py:756} INFO - Processing file /opt/airflow/dags/subdags/subdags_transforms.py for tasks to queue
[2023-09-12T00:59:27.293+0000] {logging_mixin.py:120} INFO - [2023-09-12T00:59:27.293+0000] {dagbag.py:537} INFO - Filling up the DagBag from /opt/airflow/dags/subdags/subdags_transforms.py
[2023-09-12T00:59:27.308+0000] {processor.py:768} WARNING - No viable dags retrieved from /opt/airflow/dags/subdags/subdags_transforms.py
[2023-09-12T00:59:27.320+0000] {processor.py:176} INFO - Processing /opt/airflow/dags/subdags/subdags_transforms.py took 0.032 seconds
[2023-09-12T00:59:57.625+0000] {processor.py:154} INFO - Started process (PID=7067) to work on /opt/airflow/dags/subdags/subdags_transforms.py
[2023-09-12T00:59:57.626+0000] {processor.py:756} INFO - Processing file /opt/airflow/dags/subdags/subdags_transforms.py for tasks to queue
[2023-09-12T00:59:57.627+0000] {logging_mixin.py:120} INFO - [2023-09-12T00:59:57.626+0000] {dagbag.py:537} INFO - Filling up the DagBag from /opt/airflow/dags/subdags/subdags_transforms.py
[2023-09-12T00:59:57.642+0000] {processor.py:768} WARNING - No viable dags retrieved from /opt/airflow/dags/subdags/subdags_transforms.py
[2023-09-12T00:59:57.654+0000] {processor.py:176} INFO - Processing /opt/airflow/dags/subdags/subdags_transforms.py took 0.033 seconds
[2023-09-12T01:00:28.527+0000] {processor.py:154} INFO - Started process (PID=7148) to work on /opt/airflow/dags/subdags/subdags_transforms.py
[2023-09-12T01:00:28.528+0000] {processor.py:756} INFO - Processing file /opt/airflow/dags/subdags/subdags_transforms.py for tasks to queue
[2023-09-12T01:00:28.528+0000] {logging_mixin.py:120} INFO - [2023-09-12T01:00:28.528+0000] {dagbag.py:537} INFO - Filling up the DagBag from /opt/airflow/dags/subdags/subdags_transforms.py
[2023-09-12T01:00:28.546+0000] {processor.py:768} WARNING - No viable dags retrieved from /opt/airflow/dags/subdags/subdags_transforms.py
[2023-09-12T01:00:28.562+0000] {processor.py:176} INFO - Processing /opt/airflow/dags/subdags/subdags_transforms.py took 0.039 seconds
[2023-09-12T01:00:59.199+0000] {processor.py:154} INFO - Started process (PID=7220) to work on /opt/airflow/dags/subdags/subdags_transforms.py
[2023-09-12T01:00:59.200+0000] {processor.py:756} INFO - Processing file /opt/airflow/dags/subdags/subdags_transforms.py for tasks to queue
[2023-09-12T01:00:59.201+0000] {logging_mixin.py:120} INFO - [2023-09-12T01:00:59.201+0000] {dagbag.py:537} INFO - Filling up the DagBag from /opt/airflow/dags/subdags/subdags_transforms.py
[2023-09-12T01:00:59.215+0000] {processor.py:768} WARNING - No viable dags retrieved from /opt/airflow/dags/subdags/subdags_transforms.py
[2023-09-12T01:00:59.229+0000] {processor.py:176} INFO - Processing /opt/airflow/dags/subdags/subdags_transforms.py took 0.034 seconds
[2023-09-12T01:01:29.538+0000] {processor.py:154} INFO - Started process (PID=7301) to work on /opt/airflow/dags/subdags/subdags_transforms.py
[2023-09-12T01:01:29.539+0000] {processor.py:756} INFO - Processing file /opt/airflow/dags/subdags/subdags_transforms.py for tasks to queue
[2023-09-12T01:01:29.540+0000] {logging_mixin.py:120} INFO - [2023-09-12T01:01:29.539+0000] {dagbag.py:537} INFO - Filling up the DagBag from /opt/airflow/dags/subdags/subdags_transforms.py
[2023-09-12T01:01:29.556+0000] {processor.py:768} WARNING - No viable dags retrieved from /opt/airflow/dags/subdags/subdags_transforms.py
[2023-09-12T01:01:29.571+0000] {processor.py:176} INFO - Processing /opt/airflow/dags/subdags/subdags_transforms.py took 0.038 seconds
[2023-09-12T01:01:59.989+0000] {processor.py:154} INFO - Started process (PID=7382) to work on /opt/airflow/dags/subdags/subdags_transforms.py
[2023-09-12T01:01:59.990+0000] {processor.py:756} INFO - Processing file /opt/airflow/dags/subdags/subdags_transforms.py for tasks to queue
[2023-09-12T01:01:59.991+0000] {logging_mixin.py:120} INFO - [2023-09-12T01:01:59.991+0000] {dagbag.py:537} INFO - Filling up the DagBag from /opt/airflow/dags/subdags/subdags_transforms.py
[2023-09-12T01:02:00.006+0000] {processor.py:768} WARNING - No viable dags retrieved from /opt/airflow/dags/subdags/subdags_transforms.py
[2023-09-12T01:02:00.021+0000] {processor.py:176} INFO - Processing /opt/airflow/dags/subdags/subdags_transforms.py took 0.038 seconds
[2023-09-12T01:02:30.704+0000] {processor.py:154} INFO - Started process (PID=7463) to work on /opt/airflow/dags/subdags/subdags_transforms.py
[2023-09-12T01:02:30.705+0000] {processor.py:756} INFO - Processing file /opt/airflow/dags/subdags/subdags_transforms.py for tasks to queue
[2023-09-12T01:02:30.706+0000] {logging_mixin.py:120} INFO - [2023-09-12T01:02:30.706+0000] {dagbag.py:537} INFO - Filling up the DagBag from /opt/airflow/dags/subdags/subdags_transforms.py
[2023-09-12T01:02:30.721+0000] {processor.py:768} WARNING - No viable dags retrieved from /opt/airflow/dags/subdags/subdags_transforms.py
[2023-09-12T01:02:30.735+0000] {processor.py:176} INFO - Processing /opt/airflow/dags/subdags/subdags_transforms.py took 0.034 seconds
[2023-09-12T01:03:01.442+0000] {processor.py:154} INFO - Started process (PID=7535) to work on /opt/airflow/dags/subdags/subdags_transforms.py
[2023-09-12T01:03:01.443+0000] {processor.py:756} INFO - Processing file /opt/airflow/dags/subdags/subdags_transforms.py for tasks to queue
[2023-09-12T01:03:01.444+0000] {logging_mixin.py:120} INFO - [2023-09-12T01:03:01.444+0000] {dagbag.py:537} INFO - Filling up the DagBag from /opt/airflow/dags/subdags/subdags_transforms.py
[2023-09-12T01:03:01.464+0000] {processor.py:768} WARNING - No viable dags retrieved from /opt/airflow/dags/subdags/subdags_transforms.py
[2023-09-12T01:03:01.479+0000] {processor.py:176} INFO - Processing /opt/airflow/dags/subdags/subdags_transforms.py took 0.042 seconds
[2023-09-12T01:03:32.305+0000] {processor.py:154} INFO - Started process (PID=7616) to work on /opt/airflow/dags/subdags/subdags_transforms.py
[2023-09-12T01:03:32.306+0000] {processor.py:756} INFO - Processing file /opt/airflow/dags/subdags/subdags_transforms.py for tasks to queue
[2023-09-12T01:03:32.306+0000] {logging_mixin.py:120} INFO - [2023-09-12T01:03:32.306+0000] {dagbag.py:537} INFO - Filling up the DagBag from /opt/airflow/dags/subdags/subdags_transforms.py
[2023-09-12T01:03:32.320+0000] {processor.py:768} WARNING - No viable dags retrieved from /opt/airflow/dags/subdags/subdags_transforms.py
[2023-09-12T01:03:32.333+0000] {processor.py:176} INFO - Processing /opt/airflow/dags/subdags/subdags_transforms.py took 0.032 seconds
[2023-09-12T01:04:02.445+0000] {processor.py:154} INFO - Started process (PID=7696) to work on /opt/airflow/dags/subdags/subdags_transforms.py
[2023-09-12T01:04:02.446+0000] {processor.py:756} INFO - Processing file /opt/airflow/dags/subdags/subdags_transforms.py for tasks to queue
[2023-09-12T01:04:02.447+0000] {logging_mixin.py:120} INFO - [2023-09-12T01:04:02.446+0000] {dagbag.py:537} INFO - Filling up the DagBag from /opt/airflow/dags/subdags/subdags_transforms.py
[2023-09-12T01:04:02.460+0000] {processor.py:768} WARNING - No viable dags retrieved from /opt/airflow/dags/subdags/subdags_transforms.py
[2023-09-12T01:04:02.474+0000] {processor.py:176} INFO - Processing /opt/airflow/dags/subdags/subdags_transforms.py took 0.033 seconds
[2023-09-12T01:04:32.536+0000] {processor.py:154} INFO - Started process (PID=7777) to work on /opt/airflow/dags/subdags/subdags_transforms.py
[2023-09-12T01:04:32.537+0000] {processor.py:756} INFO - Processing file /opt/airflow/dags/subdags/subdags_transforms.py for tasks to queue
[2023-09-12T01:04:32.538+0000] {logging_mixin.py:120} INFO - [2023-09-12T01:04:32.538+0000] {dagbag.py:537} INFO - Filling up the DagBag from /opt/airflow/dags/subdags/subdags_transforms.py
[2023-09-12T01:04:32.554+0000] {processor.py:768} WARNING - No viable dags retrieved from /opt/airflow/dags/subdags/subdags_transforms.py
[2023-09-12T01:04:32.569+0000] {processor.py:176} INFO - Processing /opt/airflow/dags/subdags/subdags_transforms.py took 0.036 seconds
[2023-09-12T01:05:02.870+0000] {processor.py:154} INFO - Started process (PID=7849) to work on /opt/airflow/dags/subdags/subdags_transforms.py
[2023-09-12T01:05:02.871+0000] {processor.py:756} INFO - Processing file /opt/airflow/dags/subdags/subdags_transforms.py for tasks to queue
[2023-09-12T01:05:02.872+0000] {logging_mixin.py:120} INFO - [2023-09-12T01:05:02.872+0000] {dagbag.py:537} INFO - Filling up the DagBag from /opt/airflow/dags/subdags/subdags_transforms.py
[2023-09-12T01:05:02.888+0000] {processor.py:768} WARNING - No viable dags retrieved from /opt/airflow/dags/subdags/subdags_transforms.py
[2023-09-12T01:05:02.901+0000] {processor.py:176} INFO - Processing /opt/airflow/dags/subdags/subdags_transforms.py took 0.034 seconds
[2023-09-12T01:05:33.253+0000] {processor.py:154} INFO - Started process (PID=7930) to work on /opt/airflow/dags/subdags/subdags_transforms.py
[2023-09-12T01:05:33.254+0000] {processor.py:756} INFO - Processing file /opt/airflow/dags/subdags/subdags_transforms.py for tasks to queue
[2023-09-12T01:05:33.255+0000] {logging_mixin.py:120} INFO - [2023-09-12T01:05:33.255+0000] {dagbag.py:537} INFO - Filling up the DagBag from /opt/airflow/dags/subdags/subdags_transforms.py
[2023-09-12T01:05:33.269+0000] {processor.py:768} WARNING - No viable dags retrieved from /opt/airflow/dags/subdags/subdags_transforms.py
[2023-09-12T01:05:33.282+0000] {processor.py:176} INFO - Processing /opt/airflow/dags/subdags/subdags_transforms.py took 0.033 seconds
[2023-09-12T01:06:03.540+0000] {processor.py:154} INFO - Started process (PID=8012) to work on /opt/airflow/dags/subdags/subdags_transforms.py
[2023-09-12T01:06:03.541+0000] {processor.py:756} INFO - Processing file /opt/airflow/dags/subdags/subdags_transforms.py for tasks to queue
[2023-09-12T01:06:03.542+0000] {logging_mixin.py:120} INFO - [2023-09-12T01:06:03.541+0000] {dagbag.py:537} INFO - Filling up the DagBag from /opt/airflow/dags/subdags/subdags_transforms.py
[2023-09-12T01:06:03.555+0000] {processor.py:768} WARNING - No viable dags retrieved from /opt/airflow/dags/subdags/subdags_transforms.py
[2023-09-12T01:06:03.566+0000] {processor.py:176} INFO - Processing /opt/airflow/dags/subdags/subdags_transforms.py took 0.029 seconds
[2023-09-12T01:06:33.744+0000] {processor.py:154} INFO - Started process (PID=8091) to work on /opt/airflow/dags/subdags/subdags_transforms.py
[2023-09-12T01:06:33.745+0000] {processor.py:756} INFO - Processing file /opt/airflow/dags/subdags/subdags_transforms.py for tasks to queue
[2023-09-12T01:06:33.746+0000] {logging_mixin.py:120} INFO - [2023-09-12T01:06:33.746+0000] {dagbag.py:537} INFO - Filling up the DagBag from /opt/airflow/dags/subdags/subdags_transforms.py
[2023-09-12T01:06:33.761+0000] {processor.py:768} WARNING - No viable dags retrieved from /opt/airflow/dags/subdags/subdags_transforms.py
[2023-09-12T01:06:33.773+0000] {processor.py:176} INFO - Processing /opt/airflow/dags/subdags/subdags_transforms.py took 0.031 seconds
[2023-09-12T01:07:04.083+0000] {processor.py:154} INFO - Started process (PID=8165) to work on /opt/airflow/dags/subdags/subdags_transforms.py
[2023-09-12T01:07:04.083+0000] {processor.py:756} INFO - Processing file /opt/airflow/dags/subdags/subdags_transforms.py for tasks to queue
[2023-09-12T01:07:04.084+0000] {logging_mixin.py:120} INFO - [2023-09-12T01:07:04.084+0000] {dagbag.py:537} INFO - Filling up the DagBag from /opt/airflow/dags/subdags/subdags_transforms.py
[2023-09-12T01:07:04.098+0000] {processor.py:768} WARNING - No viable dags retrieved from /opt/airflow/dags/subdags/subdags_transforms.py
[2023-09-12T01:07:04.110+0000] {processor.py:176} INFO - Processing /opt/airflow/dags/subdags/subdags_transforms.py took 0.030 seconds
[2023-09-12T01:07:34.690+0000] {processor.py:154} INFO - Started process (PID=8246) to work on /opt/airflow/dags/subdags/subdags_transforms.py
[2023-09-12T01:07:34.691+0000] {processor.py:756} INFO - Processing file /opt/airflow/dags/subdags/subdags_transforms.py for tasks to queue
[2023-09-12T01:07:34.691+0000] {logging_mixin.py:120} INFO - [2023-09-12T01:07:34.691+0000] {dagbag.py:537} INFO - Filling up the DagBag from /opt/airflow/dags/subdags/subdags_transforms.py
[2023-09-12T01:07:34.707+0000] {processor.py:768} WARNING - No viable dags retrieved from /opt/airflow/dags/subdags/subdags_transforms.py
[2023-09-12T01:07:34.718+0000] {processor.py:176} INFO - Processing /opt/airflow/dags/subdags/subdags_transforms.py took 0.031 seconds
[2023-09-12T01:08:04.807+0000] {processor.py:154} INFO - Started process (PID=8327) to work on /opt/airflow/dags/subdags/subdags_transforms.py
[2023-09-12T01:08:04.808+0000] {processor.py:756} INFO - Processing file /opt/airflow/dags/subdags/subdags_transforms.py for tasks to queue
[2023-09-12T01:08:04.809+0000] {logging_mixin.py:120} INFO - [2023-09-12T01:08:04.808+0000] {dagbag.py:537} INFO - Filling up the DagBag from /opt/airflow/dags/subdags/subdags_transforms.py
[2023-09-12T01:08:04.824+0000] {processor.py:768} WARNING - No viable dags retrieved from /opt/airflow/dags/subdags/subdags_transforms.py
[2023-09-12T01:08:04.838+0000] {processor.py:176} INFO - Processing /opt/airflow/dags/subdags/subdags_transforms.py took 0.035 seconds
