[2023-09-04T16:56:46.346+0000] {taskinstance.py:1165} INFO - Dependencies all met for <TaskInstance: parallel_dag.transform scheduled__2023-09-03T00:00:00+00:00 [queued]>
[2023-09-04T16:56:46.355+0000] {taskinstance.py:1165} INFO - Dependencies all met for <TaskInstance: parallel_dag.transform scheduled__2023-09-03T00:00:00+00:00 [queued]>
[2023-09-04T16:56:46.356+0000] {taskinstance.py:1362} INFO - 
--------------------------------------------------------------------------------
[2023-09-04T16:56:46.356+0000] {taskinstance.py:1363} INFO - Starting attempt 1 of 1
[2023-09-04T16:56:46.356+0000] {taskinstance.py:1364} INFO - 
--------------------------------------------------------------------------------
[2023-09-04T16:56:46.370+0000] {taskinstance.py:1383} INFO - Executing <Task(BashOperator): transform> on 2023-09-03 00:00:00+00:00
[2023-09-04T16:56:46.376+0000] {standard_task_runner.py:55} INFO - Started process 495 to run task
[2023-09-04T16:56:46.378+0000] {standard_task_runner.py:82} INFO - Running: ['***', 'tasks', 'run', 'parallel_dag', 'transform', 'scheduled__2023-09-03T00:00:00+00:00', '--job-id', '106', '--raw', '--subdir', 'DAGS_FOLDER/parallel_dag.py', '--cfg-path', '/tmp/tmphoqqhzo8']
[2023-09-04T16:56:46.379+0000] {standard_task_runner.py:83} INFO - Job 106: Subtask transform
[2023-09-04T16:56:46.433+0000] {task_command.py:376} INFO - Running <TaskInstance: parallel_dag.transform scheduled__2023-09-03T00:00:00+00:00 [running]> on host ba8dc7af021b
[2023-09-04T16:56:46.583+0000] {taskinstance.py:1592} INFO - Exporting the following env vars:
AIRFLOW_CTX_DAG_OWNER=***
AIRFLOW_CTX_DAG_ID=parallel_dag
AIRFLOW_CTX_TASK_ID=transform
AIRFLOW_CTX_EXECUTION_DATE=2023-09-03T00:00:00+00:00
AIRFLOW_CTX_TRY_NUMBER=1
AIRFLOW_CTX_DAG_RUN_ID=scheduled__2023-09-03T00:00:00+00:00
[2023-09-04T16:56:46.585+0000] {subprocess.py:63} INFO - Tmp dir root location: 
 /tmp
[2023-09-04T16:56:46.585+0000] {subprocess.py:75} INFO - Running command: ['/bin/bash', '-c', 'sleep 10']
[2023-09-04T16:56:46.594+0000] {subprocess.py:86} INFO - Output:
[2023-09-04T16:56:56.597+0000] {subprocess.py:97} INFO - Command exited with return code 0
[2023-09-04T16:56:56.620+0000] {taskinstance.py:1406} INFO - Marking task as SUCCESS. dag_id=parallel_dag, task_id=transform, execution_date=20230903T000000, start_date=20230904T165646, end_date=20230904T165656
[2023-09-04T16:56:56.663+0000] {local_task_job.py:164} INFO - Task exited with return code 0
[2023-09-04T16:56:56.679+0000] {local_task_job.py:273} INFO - 0 downstream tasks scheduled from follow-on schedule check
