[2023-08-25T16:12:07.602+0000] {taskinstance.py:1165} INFO - Dependencies all met for <TaskInstance: user_processing.create_table manual__2023-08-25T16:12:06.537361+00:00 [queued]>
[2023-08-25T16:12:07.610+0000] {taskinstance.py:1165} INFO - Dependencies all met for <TaskInstance: user_processing.create_table manual__2023-08-25T16:12:06.537361+00:00 [queued]>
[2023-08-25T16:12:07.611+0000] {taskinstance.py:1362} INFO - 
--------------------------------------------------------------------------------
[2023-08-25T16:12:07.611+0000] {taskinstance.py:1363} INFO - Starting attempt 1 of 1
[2023-08-25T16:12:07.611+0000] {taskinstance.py:1364} INFO - 
--------------------------------------------------------------------------------
[2023-08-25T16:12:07.625+0000] {taskinstance.py:1383} INFO - Executing <Task(PostgresOperator): create_table> on 2023-08-25 16:12:06.537361+00:00
[2023-08-25T16:12:07.630+0000] {standard_task_runner.py:55} INFO - Started process 3830 to run task
[2023-08-25T16:12:07.633+0000] {standard_task_runner.py:82} INFO - Running: ['***', 'tasks', 'run', 'user_processing', 'create_table', 'manual__2023-08-25T16:12:06.537361+00:00', '--job-id', '34', '--raw', '--subdir', 'DAGS_FOLDER/user_processing.py', '--cfg-path', '/tmp/tmpkhg7ij5_']
[2023-08-25T16:12:07.635+0000] {standard_task_runner.py:83} INFO - Job 34: Subtask create_table
[2023-08-25T16:12:07.689+0000] {task_command.py:376} INFO - Running <TaskInstance: user_processing.create_table manual__2023-08-25T16:12:06.537361+00:00 [running]> on host 22e2fb7a3f74
[2023-08-25T16:12:07.750+0000] {taskinstance.py:1592} INFO - Exporting the following env vars:
AIRFLOW_CTX_DAG_OWNER=***
AIRFLOW_CTX_DAG_ID=user_processing
AIRFLOW_CTX_TASK_ID=create_table
AIRFLOW_CTX_EXECUTION_DATE=2023-08-25T16:12:06.537361+00:00
AIRFLOW_CTX_TRY_NUMBER=1
AIRFLOW_CTX_DAG_RUN_ID=manual__2023-08-25T16:12:06.537361+00:00
[2023-08-25T16:12:07.758+0000] {base.py:71} INFO - Using connection ID 'postgres' for task execution.
[2023-08-25T16:12:07.762+0000] {sql.py:315} INFO - Running statement: 
            CREATE TABLE IF NOT EXISTS users (
            firstname TEXT NOT NULL,
            lastname TEXT NOT NULL,
            country TEXT NOT NULL,
            username TEXT NOT NULL,
            password TEXT NOT NULL,
            email TEXT NOT NULL
            ) ;
         , parameters: None
[2023-08-25T16:12:07.763+0000] {postgres.py:96} INFO - NOTICE:  relation "users" already exists, skipping

[2023-08-25T16:12:07.770+0000] {taskinstance.py:1406} INFO - Marking task as SUCCESS. dag_id=user_processing, task_id=create_table, execution_date=20230825T161206, start_date=20230825T161207, end_date=20230825T161207
[2023-08-25T16:12:07.805+0000] {local_task_job.py:164} INFO - Task exited with return code 0
[2023-08-25T16:12:07.823+0000] {local_task_job.py:273} INFO - 0 downstream tasks scheduled from follow-on schedule check
