[2023-09-04T16:56:35.412+0000] {taskinstance.py:1165} INFO - Dependencies all met for <TaskInstance: parallel_dag.load_b scheduled__2023-09-03T00:00:00+00:00 [queued]>
[2023-09-04T16:56:35.420+0000] {taskinstance.py:1165} INFO - Dependencies all met for <TaskInstance: parallel_dag.load_b scheduled__2023-09-03T00:00:00+00:00 [queued]>
[2023-09-04T16:56:35.421+0000] {taskinstance.py:1362} INFO - 
--------------------------------------------------------------------------------
[2023-09-04T16:56:35.421+0000] {taskinstance.py:1363} INFO - Starting attempt 1 of 1
[2023-09-04T16:56:35.422+0000] {taskinstance.py:1364} INFO - 
--------------------------------------------------------------------------------
[2023-09-04T16:56:35.435+0000] {taskinstance.py:1383} INFO - Executing <Task(BashOperator): load_b> on 2023-09-03 00:00:00+00:00
[2023-09-04T16:56:35.440+0000] {standard_task_runner.py:55} INFO - Started process 480 to run task
[2023-09-04T16:56:35.442+0000] {standard_task_runner.py:82} INFO - Running: ['***', 'tasks', 'run', 'parallel_dag', 'load_b', 'scheduled__2023-09-03T00:00:00+00:00', '--job-id', '104', '--raw', '--subdir', 'DAGS_FOLDER/parallel_dag.py', '--cfg-path', '/tmp/tmpi6fswiiz']
[2023-09-04T16:56:35.443+0000] {standard_task_runner.py:83} INFO - Job 104: Subtask load_b
[2023-09-04T16:56:35.491+0000] {task_command.py:376} INFO - Running <TaskInstance: parallel_dag.load_b scheduled__2023-09-03T00:00:00+00:00 [running]> on host ba8dc7af021b
[2023-09-04T16:56:35.548+0000] {taskinstance.py:1592} INFO - Exporting the following env vars:
AIRFLOW_CTX_DAG_OWNER=***
AIRFLOW_CTX_DAG_ID=parallel_dag
AIRFLOW_CTX_TASK_ID=load_b
AIRFLOW_CTX_EXECUTION_DATE=2023-09-03T00:00:00+00:00
AIRFLOW_CTX_TRY_NUMBER=1
AIRFLOW_CTX_DAG_RUN_ID=scheduled__2023-09-03T00:00:00+00:00
[2023-09-04T16:56:35.549+0000] {subprocess.py:63} INFO - Tmp dir root location: 
 /tmp
[2023-09-04T16:56:35.550+0000] {subprocess.py:75} INFO - Running command: ['/bin/bash', '-c', 'sleep 10']
[2023-09-04T16:56:35.558+0000] {subprocess.py:86} INFO - Output:
[2023-09-04T16:56:45.560+0000] {subprocess.py:97} INFO - Command exited with return code 0
[2023-09-04T16:56:45.580+0000] {taskinstance.py:1406} INFO - Marking task as SUCCESS. dag_id=parallel_dag, task_id=load_b, execution_date=20230903T000000, start_date=20230904T165635, end_date=20230904T165645
[2023-09-04T16:56:45.637+0000] {local_task_job.py:164} INFO - Task exited with return code 0
[2023-09-04T16:56:45.654+0000] {local_task_job.py:273} INFO - 1 downstream tasks scheduled from follow-on schedule check
