[2023-09-09T02:47:33.744+0000] {taskinstance.py:1165} INFO - Dependencies all met for <TaskInstance: group_dag_task.downloads.download_a manual__2023-09-09T02:47:32.349255+00:00 [queued]>
[2023-09-09T02:47:33.753+0000] {taskinstance.py:1165} INFO - Dependencies all met for <TaskInstance: group_dag_task.downloads.download_a manual__2023-09-09T02:47:32.349255+00:00 [queued]>
[2023-09-09T02:47:33.754+0000] {taskinstance.py:1362} INFO - 
--------------------------------------------------------------------------------
[2023-09-09T02:47:33.754+0000] {taskinstance.py:1363} INFO - Starting attempt 1 of 1
[2023-09-09T02:47:33.754+0000] {taskinstance.py:1364} INFO - 
--------------------------------------------------------------------------------
[2023-09-09T02:47:33.769+0000] {taskinstance.py:1383} INFO - Executing <Task(BashOperator): downloads.download_a> on 2023-09-09 02:47:32.349255+00:00
[2023-09-09T02:47:33.773+0000] {standard_task_runner.py:55} INFO - Started process 400 to run task
[2023-09-09T02:47:33.776+0000] {standard_task_runner.py:82} INFO - Running: ['***', 'tasks', 'run', 'group_dag_task', 'downloads.download_a', 'manual__2023-09-09T02:47:32.349255+00:00', '--job-id', '170', '--raw', '--subdir', 'DAGS_FOLDER/group_dag_task.py', '--cfg-path', '/tmp/tmpn0m6lfjr']
[2023-09-09T02:47:33.777+0000] {standard_task_runner.py:83} INFO - Job 170: Subtask downloads.download_a
[2023-09-09T02:47:33.834+0000] {task_command.py:376} INFO - Running <TaskInstance: group_dag_task.downloads.download_a manual__2023-09-09T02:47:32.349255+00:00 [running]> on host d0466a17bb90
[2023-09-09T02:47:33.901+0000] {taskinstance.py:1592} INFO - Exporting the following env vars:
AIRFLOW_CTX_DAG_OWNER=***
AIRFLOW_CTX_DAG_ID=group_dag_task
AIRFLOW_CTX_TASK_ID=downloads.download_a
AIRFLOW_CTX_EXECUTION_DATE=2023-09-09T02:47:32.349255+00:00
AIRFLOW_CTX_TRY_NUMBER=1
AIRFLOW_CTX_DAG_RUN_ID=manual__2023-09-09T02:47:32.349255+00:00
[2023-09-09T02:47:33.902+0000] {subprocess.py:63} INFO - Tmp dir root location: 
 /tmp
[2023-09-09T02:47:33.903+0000] {subprocess.py:75} INFO - Running command: ['/bin/bash', '-c', 'sleep 10']
[2023-09-09T02:47:33.912+0000] {subprocess.py:86} INFO - Output:
[2023-09-09T02:47:43.914+0000] {subprocess.py:97} INFO - Command exited with return code 0
[2023-09-09T02:47:43.936+0000] {taskinstance.py:1406} INFO - Marking task as SUCCESS. dag_id=group_dag_task, task_id=downloads.download_a, execution_date=20230909T024732, start_date=20230909T024733, end_date=20230909T024743
[2023-09-09T02:47:43.969+0000] {local_task_job.py:164} INFO - Task exited with return code 0
[2023-09-09T02:47:43.997+0000] {local_task_job.py:273} INFO - 1 downstream tasks scheduled from follow-on schedule check
