[2023-08-25T16:01:23.893+0000] {taskinstance.py:1165} INFO - Dependencies all met for <TaskInstance: user_processing.extract_user manual__2023-08-25T16:01:21.622651+00:00 [queued]>
[2023-08-25T16:01:23.903+0000] {taskinstance.py:1165} INFO - Dependencies all met for <TaskInstance: user_processing.extract_user manual__2023-08-25T16:01:21.622651+00:00 [queued]>
[2023-08-25T16:01:23.904+0000] {taskinstance.py:1362} INFO - 
--------------------------------------------------------------------------------
[2023-08-25T16:01:23.904+0000] {taskinstance.py:1363} INFO - Starting attempt 1 of 1
[2023-08-25T16:01:23.904+0000] {taskinstance.py:1364} INFO - 
--------------------------------------------------------------------------------
[2023-08-25T16:01:23.936+0000] {taskinstance.py:1383} INFO - Executing <Task(SimpleHttpOperator): extract_user> on 2023-08-25 16:01:21.622651+00:00
[2023-08-25T16:01:23.943+0000] {standard_task_runner.py:55} INFO - Started process 3284 to run task
[2023-08-25T16:01:23.947+0000] {standard_task_runner.py:82} INFO - Running: ['***', 'tasks', 'run', 'user_processing', 'extract_user', 'manual__2023-08-25T16:01:21.622651+00:00', '--job-id', '25', '--raw', '--subdir', 'DAGS_FOLDER/user_processing.py', '--cfg-path', '/tmp/tmpbmw_pekf']
[2023-08-25T16:01:23.950+0000] {standard_task_runner.py:83} INFO - Job 25: Subtask extract_user
[2023-08-25T16:01:24.010+0000] {task_command.py:376} INFO - Running <TaskInstance: user_processing.extract_user manual__2023-08-25T16:01:21.622651+00:00 [running]> on host 22e2fb7a3f74
[2023-08-25T16:01:24.072+0000] {taskinstance.py:1592} INFO - Exporting the following env vars:
AIRFLOW_CTX_DAG_OWNER=***
AIRFLOW_CTX_DAG_ID=user_processing
AIRFLOW_CTX_TASK_ID=extract_user
AIRFLOW_CTX_EXECUTION_DATE=2023-08-25T16:01:21.622651+00:00
AIRFLOW_CTX_TRY_NUMBER=1
AIRFLOW_CTX_DAG_RUN_ID=manual__2023-08-25T16:01:21.622651+00:00
[2023-08-25T16:01:24.073+0000] {http.py:121} INFO - Calling HTTP method
[2023-08-25T16:01:24.082+0000] {base.py:71} INFO - Using connection ID 'user_api' for task execution.
[2023-08-25T16:01:24.084+0000] {http.py:148} INFO - Sending 'GET' to url: https://randomuser.me/api/
[2023-08-25T16:01:24.307+0000] {http.py:125} INFO - {"results":[{"gender":"male","name":{"title":"Mr","first":"Dimitrije","last":"Kralj"},"location":{"street":{"number":6772,"name":"Prvog Maja"},"city":"Leposavić","state":"Nišava","country":"Serbia","postcode":59181,"coordinates":{"latitude":"61.3668","longitude":"-101.1374"},"timezone":{"offset":"+9:00","description":"Tokyo, Seoul, Osaka, Sapporo, Yakutsk"}},"email":"dimitrije.kralj@example.com","login":{"uuid":"25dab658-adec-4dc4-9d8c-b8fc5d117e83","username":"orangerabbit751","password":"skyline","salt":"N23W1Urf","md5":"4f397e2c3ae00a2ce9ed863937cb59e8","sha1":"ea1d3e3c3ecfc1ecbeb43b420650ae8174755ccf","sha256":"2a2ecb7a5ad8cb8776cebbfdad488a30d4b404db76934dd05572bef9839e621d"},"dob":{"date":"1973-04-24T03:11:08.165Z","age":50},"registered":{"date":"2022-03-01T21:04:51.232Z","age":1},"phone":"028-0049-521","cell":"064-9034-251","id":{"name":"SID","value":"626145392"},"picture":{"large":"https://randomuser.me/api/portraits/men/76.jpg","medium":"https://randomuser.me/api/portraits/med/men/76.jpg","thumbnail":"https://randomuser.me/api/portraits/thumb/men/76.jpg"},"nat":"RS"}],"info":{"seed":"f9844473a16335bc","results":1,"page":1,"version":"1.4"}}
[2023-08-25T16:01:24.334+0000] {taskinstance.py:1406} INFO - Marking task as SUCCESS. dag_id=user_processing, task_id=extract_user, execution_date=20230825T160121, start_date=20230825T160123, end_date=20230825T160124
[2023-08-25T16:01:24.359+0000] {local_task_job.py:164} INFO - Task exited with return code 0
[2023-08-25T16:01:24.385+0000] {local_task_job.py:273} INFO - 1 downstream tasks scheduled from follow-on schedule check
