[2023-09-05T18:07:01.650+0000] {taskinstance.py:1165} INFO - Dependencies all met for <TaskInstance: group_dag.transform_c scheduled__2023-09-04T00:00:00+00:00 [queued]>
[2023-09-05T18:07:01.661+0000] {taskinstance.py:1165} INFO - Dependencies all met for <TaskInstance: group_dag.transform_c scheduled__2023-09-04T00:00:00+00:00 [queued]>
[2023-09-05T18:07:01.662+0000] {taskinstance.py:1362} INFO - 
--------------------------------------------------------------------------------
[2023-09-05T18:07:01.662+0000] {taskinstance.py:1363} INFO - Starting attempt 1 of 1
[2023-09-05T18:07:01.663+0000] {taskinstance.py:1364} INFO - 
--------------------------------------------------------------------------------
[2023-09-05T18:07:01.688+0000] {taskinstance.py:1383} INFO - Executing <Task(BashOperator): transform_c> on 2023-09-04 00:00:00+00:00
[2023-09-05T18:07:01.694+0000] {standard_task_runner.py:55} INFO - Started process 5780 to run task
[2023-09-05T18:07:01.697+0000] {standard_task_runner.py:82} INFO - Running: ['***', 'tasks', 'run', 'group_dag', 'transform_c', 'scheduled__2023-09-04T00:00:00+00:00', '--job-id', '145', '--raw', '--subdir', 'DAGS_FOLDER/group_dag.py', '--cfg-path', '/tmp/tmpytebmciy']
[2023-09-05T18:07:01.698+0000] {standard_task_runner.py:83} INFO - Job 145: Subtask transform_c
[2023-09-05T18:07:01.757+0000] {task_command.py:376} INFO - Running <TaskInstance: group_dag.transform_c scheduled__2023-09-04T00:00:00+00:00 [running]> on host d0466a17bb90
[2023-09-05T18:07:01.834+0000] {taskinstance.py:1592} INFO - Exporting the following env vars:
AIRFLOW_CTX_DAG_OWNER=***
AIRFLOW_CTX_DAG_ID=group_dag
AIRFLOW_CTX_TASK_ID=transform_c
AIRFLOW_CTX_EXECUTION_DATE=2023-09-04T00:00:00+00:00
AIRFLOW_CTX_TRY_NUMBER=1
AIRFLOW_CTX_DAG_RUN_ID=scheduled__2023-09-04T00:00:00+00:00
[2023-09-05T18:07:01.835+0000] {subprocess.py:63} INFO - Tmp dir root location: 
 /tmp
[2023-09-05T18:07:01.836+0000] {subprocess.py:75} INFO - Running command: ['/bin/bash', '-c', 'sleep 10']
[2023-09-05T18:07:01.846+0000] {subprocess.py:86} INFO - Output:
[2023-09-05T18:07:11.848+0000] {subprocess.py:97} INFO - Command exited with return code 0
[2023-09-05T18:07:11.880+0000] {taskinstance.py:1406} INFO - Marking task as SUCCESS. dag_id=group_dag, task_id=transform_c, execution_date=20230904T000000, start_date=20230905T180701, end_date=20230905T180711
[2023-09-05T18:07:11.932+0000] {local_task_job.py:164} INFO - Task exited with return code 0
[2023-09-05T18:07:11.972+0000] {local_task_job.py:273} INFO - 0 downstream tasks scheduled from follow-on schedule check
