[2023-08-19T03:15:23.303+0000] {processor.py:154} INFO - Started process (PID=84) to work on /home/airflow/.local/lib/python3.7/site-packages/airflow/example_dags/example_trigger_target_dag.py
[2023-08-19T03:15:23.304+0000] {processor.py:756} INFO - Processing file /home/airflow/.local/lib/python3.7/site-packages/airflow/example_dags/example_trigger_target_dag.py for tasks to queue
[2023-08-19T03:15:23.305+0000] {logging_mixin.py:120} INFO - [2023-08-19T03:15:23.305+0000] {dagbag.py:537} INFO - Filling up the DagBag from /home/airflow/.local/lib/python3.7/site-packages/airflow/example_dags/example_trigger_target_dag.py
[2023-08-19T03:15:23.334+0000] {processor.py:766} INFO - DAG(s) dict_keys(['example_trigger_target_dag']) retrieved from /home/airflow/.local/lib/python3.7/site-packages/airflow/example_dags/example_trigger_target_dag.py
[2023-08-19T03:15:23.474+0000] {logging_mixin.py:120} INFO - [2023-08-19T03:15:23.474+0000] {manager.py:507} INFO - Created Permission View: can read on DAG:example_trigger_target_dag
[2023-08-19T03:15:23.486+0000] {logging_mixin.py:120} INFO - [2023-08-19T03:15:23.485+0000] {manager.py:507} INFO - Created Permission View: can delete on DAG:example_trigger_target_dag
[2023-08-19T03:15:23.495+0000] {logging_mixin.py:120} INFO - [2023-08-19T03:15:23.495+0000] {manager.py:507} INFO - Created Permission View: can edit on DAG:example_trigger_target_dag
[2023-08-19T03:15:23.496+0000] {logging_mixin.py:120} INFO - [2023-08-19T03:15:23.496+0000] {dag.py:2585} INFO - Sync 1 DAGs
[2023-08-19T03:15:23.508+0000] {logging_mixin.py:120} INFO - [2023-08-19T03:15:23.508+0000] {dag.py:2606} INFO - Creating ORM DAG for example_trigger_target_dag
[2023-08-19T03:15:23.518+0000] {logging_mixin.py:120} INFO - [2023-08-19T03:15:23.518+0000] {dag.py:3340} INFO - Setting next_dagrun for example_trigger_target_dag to None, run_after=None
[2023-08-19T03:15:23.537+0000] {processor.py:176} INFO - Processing /home/airflow/.local/lib/python3.7/site-packages/airflow/example_dags/example_trigger_target_dag.py took 0.239 seconds
[2023-08-19T03:15:54.236+0000] {processor.py:154} INFO - Started process (PID=138) to work on /home/airflow/.local/lib/python3.7/site-packages/airflow/example_dags/example_trigger_target_dag.py
[2023-08-19T03:15:54.237+0000] {processor.py:756} INFO - Processing file /home/airflow/.local/lib/python3.7/site-packages/airflow/example_dags/example_trigger_target_dag.py for tasks to queue
[2023-08-19T03:15:54.238+0000] {logging_mixin.py:120} INFO - [2023-08-19T03:15:54.238+0000] {dagbag.py:537} INFO - Filling up the DagBag from /home/airflow/.local/lib/python3.7/site-packages/airflow/example_dags/example_trigger_target_dag.py
[2023-08-19T03:15:54.256+0000] {processor.py:766} INFO - DAG(s) dict_keys(['example_trigger_target_dag']) retrieved from /home/airflow/.local/lib/python3.7/site-packages/airflow/example_dags/example_trigger_target_dag.py
[2023-08-19T03:15:54.292+0000] {logging_mixin.py:120} INFO - [2023-08-19T03:15:54.292+0000] {dag.py:2585} INFO - Sync 1 DAGs
[2023-08-19T03:15:54.315+0000] {logging_mixin.py:120} INFO - [2023-08-19T03:15:54.315+0000] {dag.py:3340} INFO - Setting next_dagrun for example_trigger_target_dag to None, run_after=None
[2023-08-19T03:15:54.334+0000] {processor.py:176} INFO - Processing /home/airflow/.local/lib/python3.7/site-packages/airflow/example_dags/example_trigger_target_dag.py took 0.100 seconds
[2023-08-19T03:16:24.569+0000] {processor.py:154} INFO - Started process (PID=202) to work on /home/airflow/.local/lib/python3.7/site-packages/airflow/example_dags/example_trigger_target_dag.py
[2023-08-19T03:16:24.570+0000] {processor.py:756} INFO - Processing file /home/airflow/.local/lib/python3.7/site-packages/airflow/example_dags/example_trigger_target_dag.py for tasks to queue
[2023-08-19T03:16:24.571+0000] {logging_mixin.py:120} INFO - [2023-08-19T03:16:24.571+0000] {dagbag.py:537} INFO - Filling up the DagBag from /home/airflow/.local/lib/python3.7/site-packages/airflow/example_dags/example_trigger_target_dag.py
[2023-08-19T03:16:24.588+0000] {processor.py:766} INFO - DAG(s) dict_keys(['example_trigger_target_dag']) retrieved from /home/airflow/.local/lib/python3.7/site-packages/airflow/example_dags/example_trigger_target_dag.py
[2023-08-19T03:16:24.623+0000] {logging_mixin.py:120} INFO - [2023-08-19T03:16:24.622+0000] {dag.py:2585} INFO - Sync 1 DAGs
[2023-08-19T03:16:24.642+0000] {logging_mixin.py:120} INFO - [2023-08-19T03:16:24.642+0000] {dag.py:3340} INFO - Setting next_dagrun for example_trigger_target_dag to None, run_after=None
[2023-08-19T03:16:24.662+0000] {processor.py:176} INFO - Processing /home/airflow/.local/lib/python3.7/site-packages/airflow/example_dags/example_trigger_target_dag.py took 0.095 seconds
[2023-08-19T03:16:54.927+0000] {processor.py:154} INFO - Started process (PID=265) to work on /home/airflow/.local/lib/python3.7/site-packages/airflow/example_dags/example_trigger_target_dag.py
[2023-08-19T03:16:54.928+0000] {processor.py:756} INFO - Processing file /home/airflow/.local/lib/python3.7/site-packages/airflow/example_dags/example_trigger_target_dag.py for tasks to queue
[2023-08-19T03:16:54.929+0000] {logging_mixin.py:120} INFO - [2023-08-19T03:16:54.929+0000] {dagbag.py:537} INFO - Filling up the DagBag from /home/airflow/.local/lib/python3.7/site-packages/airflow/example_dags/example_trigger_target_dag.py
[2023-08-19T03:16:54.947+0000] {processor.py:766} INFO - DAG(s) dict_keys(['example_trigger_target_dag']) retrieved from /home/airflow/.local/lib/python3.7/site-packages/airflow/example_dags/example_trigger_target_dag.py
[2023-08-19T03:16:54.980+0000] {logging_mixin.py:120} INFO - [2023-08-19T03:16:54.980+0000] {dag.py:2585} INFO - Sync 1 DAGs
[2023-08-19T03:16:55.001+0000] {logging_mixin.py:120} INFO - [2023-08-19T03:16:55.001+0000] {dag.py:3340} INFO - Setting next_dagrun for example_trigger_target_dag to None, run_after=None
[2023-08-19T03:16:55.019+0000] {processor.py:176} INFO - Processing /home/airflow/.local/lib/python3.7/site-packages/airflow/example_dags/example_trigger_target_dag.py took 0.095 seconds
[2023-08-19T03:17:25.395+0000] {processor.py:154} INFO - Started process (PID=328) to work on /home/airflow/.local/lib/python3.7/site-packages/airflow/example_dags/example_trigger_target_dag.py
[2023-08-19T03:17:25.396+0000] {processor.py:756} INFO - Processing file /home/airflow/.local/lib/python3.7/site-packages/airflow/example_dags/example_trigger_target_dag.py for tasks to queue
[2023-08-19T03:17:25.397+0000] {logging_mixin.py:120} INFO - [2023-08-19T03:17:25.397+0000] {dagbag.py:537} INFO - Filling up the DagBag from /home/airflow/.local/lib/python3.7/site-packages/airflow/example_dags/example_trigger_target_dag.py
[2023-08-19T03:17:25.415+0000] {processor.py:766} INFO - DAG(s) dict_keys(['example_trigger_target_dag']) retrieved from /home/airflow/.local/lib/python3.7/site-packages/airflow/example_dags/example_trigger_target_dag.py
[2023-08-19T03:17:25.449+0000] {logging_mixin.py:120} INFO - [2023-08-19T03:17:25.449+0000] {dag.py:2585} INFO - Sync 1 DAGs
[2023-08-19T03:17:25.474+0000] {logging_mixin.py:120} INFO - [2023-08-19T03:17:25.473+0000] {dag.py:3340} INFO - Setting next_dagrun for example_trigger_target_dag to None, run_after=None
[2023-08-19T03:17:25.493+0000] {processor.py:176} INFO - Processing /home/airflow/.local/lib/python3.7/site-packages/airflow/example_dags/example_trigger_target_dag.py took 0.100 seconds
[2023-08-19T03:17:55.967+0000] {processor.py:154} INFO - Started process (PID=382) to work on /home/airflow/.local/lib/python3.7/site-packages/airflow/example_dags/example_trigger_target_dag.py
[2023-08-19T03:17:55.968+0000] {processor.py:756} INFO - Processing file /home/airflow/.local/lib/python3.7/site-packages/airflow/example_dags/example_trigger_target_dag.py for tasks to queue
[2023-08-19T03:17:55.969+0000] {logging_mixin.py:120} INFO - [2023-08-19T03:17:55.969+0000] {dagbag.py:537} INFO - Filling up the DagBag from /home/airflow/.local/lib/python3.7/site-packages/airflow/example_dags/example_trigger_target_dag.py
[2023-08-19T03:17:55.989+0000] {processor.py:766} INFO - DAG(s) dict_keys(['example_trigger_target_dag']) retrieved from /home/airflow/.local/lib/python3.7/site-packages/airflow/example_dags/example_trigger_target_dag.py
[2023-08-19T03:17:56.029+0000] {logging_mixin.py:120} INFO - [2023-08-19T03:17:56.028+0000] {dag.py:2585} INFO - Sync 1 DAGs
[2023-08-19T03:17:56.051+0000] {logging_mixin.py:120} INFO - [2023-08-19T03:17:56.051+0000] {dag.py:3340} INFO - Setting next_dagrun for example_trigger_target_dag to None, run_after=None
[2023-08-19T03:17:56.071+0000] {processor.py:176} INFO - Processing /home/airflow/.local/lib/python3.7/site-packages/airflow/example_dags/example_trigger_target_dag.py took 0.107 seconds
[2023-08-19T03:18:26.108+0000] {processor.py:154} INFO - Started process (PID=445) to work on /home/airflow/.local/lib/python3.7/site-packages/airflow/example_dags/example_trigger_target_dag.py
[2023-08-19T03:18:26.109+0000] {processor.py:756} INFO - Processing file /home/airflow/.local/lib/python3.7/site-packages/airflow/example_dags/example_trigger_target_dag.py for tasks to queue
[2023-08-19T03:18:26.110+0000] {logging_mixin.py:120} INFO - [2023-08-19T03:18:26.110+0000] {dagbag.py:537} INFO - Filling up the DagBag from /home/airflow/.local/lib/python3.7/site-packages/airflow/example_dags/example_trigger_target_dag.py
[2023-08-19T03:18:26.128+0000] {processor.py:766} INFO - DAG(s) dict_keys(['example_trigger_target_dag']) retrieved from /home/airflow/.local/lib/python3.7/site-packages/airflow/example_dags/example_trigger_target_dag.py
[2023-08-19T03:18:26.164+0000] {logging_mixin.py:120} INFO - [2023-08-19T03:18:26.164+0000] {dag.py:2585} INFO - Sync 1 DAGs
[2023-08-19T03:18:26.185+0000] {logging_mixin.py:120} INFO - [2023-08-19T03:18:26.185+0000] {dag.py:3340} INFO - Setting next_dagrun for example_trigger_target_dag to None, run_after=None
[2023-08-19T03:18:26.207+0000] {processor.py:176} INFO - Processing /home/airflow/.local/lib/python3.7/site-packages/airflow/example_dags/example_trigger_target_dag.py took 0.101 seconds
[2023-08-19T03:18:56.532+0000] {processor.py:154} INFO - Started process (PID=508) to work on /home/airflow/.local/lib/python3.7/site-packages/airflow/example_dags/example_trigger_target_dag.py
[2023-08-19T03:18:56.533+0000] {processor.py:756} INFO - Processing file /home/airflow/.local/lib/python3.7/site-packages/airflow/example_dags/example_trigger_target_dag.py for tasks to queue
[2023-08-19T03:18:56.534+0000] {logging_mixin.py:120} INFO - [2023-08-19T03:18:56.534+0000] {dagbag.py:537} INFO - Filling up the DagBag from /home/airflow/.local/lib/python3.7/site-packages/airflow/example_dags/example_trigger_target_dag.py
[2023-08-19T03:18:56.553+0000] {processor.py:766} INFO - DAG(s) dict_keys(['example_trigger_target_dag']) retrieved from /home/airflow/.local/lib/python3.7/site-packages/airflow/example_dags/example_trigger_target_dag.py
[2023-08-19T03:18:56.589+0000] {logging_mixin.py:120} INFO - [2023-08-19T03:18:56.589+0000] {dag.py:2585} INFO - Sync 1 DAGs
[2023-08-19T03:18:56.614+0000] {logging_mixin.py:120} INFO - [2023-08-19T03:18:56.614+0000] {dag.py:3340} INFO - Setting next_dagrun for example_trigger_target_dag to None, run_after=None
[2023-08-19T03:18:56.638+0000] {processor.py:176} INFO - Processing /home/airflow/.local/lib/python3.7/site-packages/airflow/example_dags/example_trigger_target_dag.py took 0.109 seconds
[2023-08-19T03:19:26.838+0000] {processor.py:154} INFO - Started process (PID=572) to work on /home/airflow/.local/lib/python3.7/site-packages/airflow/example_dags/example_trigger_target_dag.py
[2023-08-19T03:19:26.838+0000] {processor.py:756} INFO - Processing file /home/airflow/.local/lib/python3.7/site-packages/airflow/example_dags/example_trigger_target_dag.py for tasks to queue
[2023-08-19T03:19:26.839+0000] {logging_mixin.py:120} INFO - [2023-08-19T03:19:26.839+0000] {dagbag.py:537} INFO - Filling up the DagBag from /home/airflow/.local/lib/python3.7/site-packages/airflow/example_dags/example_trigger_target_dag.py
[2023-08-19T03:19:26.858+0000] {processor.py:766} INFO - DAG(s) dict_keys(['example_trigger_target_dag']) retrieved from /home/airflow/.local/lib/python3.7/site-packages/airflow/example_dags/example_trigger_target_dag.py
[2023-08-19T03:19:26.893+0000] {logging_mixin.py:120} INFO - [2023-08-19T03:19:26.893+0000] {dag.py:2585} INFO - Sync 1 DAGs
[2023-08-19T03:19:26.915+0000] {logging_mixin.py:120} INFO - [2023-08-19T03:19:26.915+0000] {dag.py:3340} INFO - Setting next_dagrun for example_trigger_target_dag to None, run_after=None
[2023-08-19T03:19:26.935+0000] {processor.py:176} INFO - Processing /home/airflow/.local/lib/python3.7/site-packages/airflow/example_dags/example_trigger_target_dag.py took 0.100 seconds
[2023-08-19T03:19:57.149+0000] {processor.py:154} INFO - Started process (PID=627) to work on /home/airflow/.local/lib/python3.7/site-packages/airflow/example_dags/example_trigger_target_dag.py
[2023-08-19T03:19:57.150+0000] {processor.py:756} INFO - Processing file /home/airflow/.local/lib/python3.7/site-packages/airflow/example_dags/example_trigger_target_dag.py for tasks to queue
[2023-08-19T03:19:57.151+0000] {logging_mixin.py:120} INFO - [2023-08-19T03:19:57.151+0000] {dagbag.py:537} INFO - Filling up the DagBag from /home/airflow/.local/lib/python3.7/site-packages/airflow/example_dags/example_trigger_target_dag.py
[2023-08-19T03:19:57.169+0000] {processor.py:766} INFO - DAG(s) dict_keys(['example_trigger_target_dag']) retrieved from /home/airflow/.local/lib/python3.7/site-packages/airflow/example_dags/example_trigger_target_dag.py
[2023-08-19T03:19:57.209+0000] {logging_mixin.py:120} INFO - [2023-08-19T03:19:57.208+0000] {dag.py:2585} INFO - Sync 1 DAGs
[2023-08-19T03:19:57.232+0000] {logging_mixin.py:120} INFO - [2023-08-19T03:19:57.232+0000] {dag.py:3340} INFO - Setting next_dagrun for example_trigger_target_dag to None, run_after=None
[2023-08-19T03:19:57.251+0000] {processor.py:176} INFO - Processing /home/airflow/.local/lib/python3.7/site-packages/airflow/example_dags/example_trigger_target_dag.py took 0.105 seconds
[2023-08-19T03:20:27.473+0000] {processor.py:154} INFO - Started process (PID=690) to work on /home/airflow/.local/lib/python3.7/site-packages/airflow/example_dags/example_trigger_target_dag.py
[2023-08-19T03:20:27.474+0000] {processor.py:756} INFO - Processing file /home/airflow/.local/lib/python3.7/site-packages/airflow/example_dags/example_trigger_target_dag.py for tasks to queue
[2023-08-19T03:20:27.475+0000] {logging_mixin.py:120} INFO - [2023-08-19T03:20:27.475+0000] {dagbag.py:537} INFO - Filling up the DagBag from /home/airflow/.local/lib/python3.7/site-packages/airflow/example_dags/example_trigger_target_dag.py
[2023-08-19T03:20:27.493+0000] {processor.py:766} INFO - DAG(s) dict_keys(['example_trigger_target_dag']) retrieved from /home/airflow/.local/lib/python3.7/site-packages/airflow/example_dags/example_trigger_target_dag.py
[2023-08-19T03:20:27.531+0000] {logging_mixin.py:120} INFO - [2023-08-19T03:20:27.531+0000] {dag.py:2585} INFO - Sync 1 DAGs
[2023-08-19T03:20:27.552+0000] {logging_mixin.py:120} INFO - [2023-08-19T03:20:27.552+0000] {dag.py:3340} INFO - Setting next_dagrun for example_trigger_target_dag to None, run_after=None
[2023-08-19T03:20:27.572+0000] {processor.py:176} INFO - Processing /home/airflow/.local/lib/python3.7/site-packages/airflow/example_dags/example_trigger_target_dag.py took 0.102 seconds
[2023-08-19T03:20:57.738+0000] {processor.py:154} INFO - Started process (PID=753) to work on /home/airflow/.local/lib/python3.7/site-packages/airflow/example_dags/example_trigger_target_dag.py
[2023-08-19T03:20:57.739+0000] {processor.py:756} INFO - Processing file /home/airflow/.local/lib/python3.7/site-packages/airflow/example_dags/example_trigger_target_dag.py for tasks to queue
[2023-08-19T03:20:57.739+0000] {logging_mixin.py:120} INFO - [2023-08-19T03:20:57.739+0000] {dagbag.py:537} INFO - Filling up the DagBag from /home/airflow/.local/lib/python3.7/site-packages/airflow/example_dags/example_trigger_target_dag.py
[2023-08-19T03:20:57.756+0000] {processor.py:766} INFO - DAG(s) dict_keys(['example_trigger_target_dag']) retrieved from /home/airflow/.local/lib/python3.7/site-packages/airflow/example_dags/example_trigger_target_dag.py
[2023-08-19T03:20:57.789+0000] {logging_mixin.py:120} INFO - [2023-08-19T03:20:57.789+0000] {dag.py:2585} INFO - Sync 1 DAGs
[2023-08-19T03:20:57.810+0000] {logging_mixin.py:120} INFO - [2023-08-19T03:20:57.809+0000] {dag.py:3340} INFO - Setting next_dagrun for example_trigger_target_dag to None, run_after=None
[2023-08-19T03:20:57.829+0000] {processor.py:176} INFO - Processing /home/airflow/.local/lib/python3.7/site-packages/airflow/example_dags/example_trigger_target_dag.py took 0.094 seconds
