[2023-08-19T03:34:18.935+0000] {processor.py:154} INFO - Started process (PID=63) to work on /home/airflow/.local/lib/python3.7/site-packages/airflow/example_dags/example_python_operator.py
[2023-08-19T03:34:18.936+0000] {processor.py:756} INFO - Processing file /home/airflow/.local/lib/python3.7/site-packages/airflow/example_dags/example_python_operator.py for tasks to queue
[2023-08-19T03:34:18.937+0000] {logging_mixin.py:120} INFO - [2023-08-19T03:34:18.937+0000] {dagbag.py:537} INFO - Filling up the DagBag from /home/airflow/.local/lib/python3.7/site-packages/airflow/example_dags/example_python_operator.py
[2023-08-19T03:34:18.954+0000] {logging_mixin.py:120} INFO - [2023-08-19T03:34:18.954+0000] {taskmixin.py:205} WARNING - Dependency <Task(_PythonDecoratedOperator): print_the_context>, log_sql_query already registered for DAG: example_python_operator
[2023-08-19T03:34:18.955+0000] {logging_mixin.py:120} INFO - [2023-08-19T03:34:18.954+0000] {taskmixin.py:205} WARNING - Dependency <Task(_PythonDecoratedOperator): log_sql_query>, print_the_context already registered for DAG: example_python_operator
[2023-08-19T03:34:18.955+0000] {logging_mixin.py:120} INFO - [2023-08-19T03:34:18.955+0000] {taskmixin.py:205} WARNING - Dependency <Task(_PythonDecoratedOperator): print_the_context>, log_sql_query already registered for DAG: example_python_operator
[2023-08-19T03:34:18.956+0000] {logging_mixin.py:120} INFO - [2023-08-19T03:34:18.956+0000] {taskmixin.py:205} WARNING - Dependency <Task(_PythonDecoratedOperator): log_sql_query>, print_the_context already registered for DAG: example_python_operator
[2023-08-19T03:34:18.957+0000] {logging_mixin.py:120} INFO - [2023-08-19T03:34:18.956+0000] {taskmixin.py:205} WARNING - Dependency <Task(_PythonDecoratedOperator): print_the_context>, log_sql_query already registered for DAG: example_python_operator
[2023-08-19T03:34:18.957+0000] {logging_mixin.py:120} INFO - [2023-08-19T03:34:18.957+0000] {taskmixin.py:205} WARNING - Dependency <Task(_PythonDecoratedOperator): log_sql_query>, print_the_context already registered for DAG: example_python_operator
[2023-08-19T03:34:18.958+0000] {logging_mixin.py:120} INFO - [2023-08-19T03:34:18.958+0000] {taskmixin.py:205} WARNING - Dependency <Task(_PythonDecoratedOperator): print_the_context>, log_sql_query already registered for DAG: example_python_operator
[2023-08-19T03:34:18.958+0000] {logging_mixin.py:120} INFO - [2023-08-19T03:34:18.958+0000] {taskmixin.py:205} WARNING - Dependency <Task(_PythonDecoratedOperator): log_sql_query>, print_the_context already registered for DAG: example_python_operator
[2023-08-19T03:34:18.966+0000] {processor.py:766} INFO - DAG(s) dict_keys(['example_python_operator']) retrieved from /home/airflow/.local/lib/python3.7/site-packages/airflow/example_dags/example_python_operator.py
[2023-08-19T03:34:18.992+0000] {logging_mixin.py:120} INFO - [2023-08-19T03:34:18.992+0000] {dag.py:2585} INFO - Sync 1 DAGs
[2023-08-19T03:34:19.018+0000] {logging_mixin.py:120} INFO - [2023-08-19T03:34:19.018+0000] {dag.py:3340} INFO - Setting next_dagrun for example_python_operator to None, run_after=None
[2023-08-19T03:34:19.039+0000] {processor.py:176} INFO - Processing /home/airflow/.local/lib/python3.7/site-packages/airflow/example_dags/example_python_operator.py took 0.106 seconds
[2023-08-19T03:47:36.324+0000] {processor.py:154} INFO - Started process (PID=63) to work on /home/airflow/.local/lib/python3.7/site-packages/airflow/example_dags/example_python_operator.py
[2023-08-19T03:47:36.326+0000] {processor.py:756} INFO - Processing file /home/airflow/.local/lib/python3.7/site-packages/airflow/example_dags/example_python_operator.py for tasks to queue
[2023-08-19T03:47:36.327+0000] {logging_mixin.py:120} INFO - [2023-08-19T03:47:36.327+0000] {dagbag.py:537} INFO - Filling up the DagBag from /home/airflow/.local/lib/python3.7/site-packages/airflow/example_dags/example_python_operator.py
[2023-08-19T03:47:36.342+0000] {logging_mixin.py:120} INFO - [2023-08-19T03:47:36.341+0000] {taskmixin.py:205} WARNING - Dependency <Task(_PythonDecoratedOperator): print_the_context>, log_sql_query already registered for DAG: example_python_operator
[2023-08-19T03:47:36.342+0000] {logging_mixin.py:120} INFO - [2023-08-19T03:47:36.342+0000] {taskmixin.py:205} WARNING - Dependency <Task(_PythonDecoratedOperator): log_sql_query>, print_the_context already registered for DAG: example_python_operator
[2023-08-19T03:47:36.343+0000] {logging_mixin.py:120} INFO - [2023-08-19T03:47:36.343+0000] {taskmixin.py:205} WARNING - Dependency <Task(_PythonDecoratedOperator): print_the_context>, log_sql_query already registered for DAG: example_python_operator
[2023-08-19T03:47:36.344+0000] {logging_mixin.py:120} INFO - [2023-08-19T03:47:36.343+0000] {taskmixin.py:205} WARNING - Dependency <Task(_PythonDecoratedOperator): log_sql_query>, print_the_context already registered for DAG: example_python_operator
[2023-08-19T03:47:36.344+0000] {logging_mixin.py:120} INFO - [2023-08-19T03:47:36.344+0000] {taskmixin.py:205} WARNING - Dependency <Task(_PythonDecoratedOperator): print_the_context>, log_sql_query already registered for DAG: example_python_operator
[2023-08-19T03:47:36.344+0000] {logging_mixin.py:120} INFO - [2023-08-19T03:47:36.344+0000] {taskmixin.py:205} WARNING - Dependency <Task(_PythonDecoratedOperator): log_sql_query>, print_the_context already registered for DAG: example_python_operator
[2023-08-19T03:47:36.345+0000] {logging_mixin.py:120} INFO - [2023-08-19T03:47:36.345+0000] {taskmixin.py:205} WARNING - Dependency <Task(_PythonDecoratedOperator): print_the_context>, log_sql_query already registered for DAG: example_python_operator
[2023-08-19T03:47:36.345+0000] {logging_mixin.py:120} INFO - [2023-08-19T03:47:36.345+0000] {taskmixin.py:205} WARNING - Dependency <Task(_PythonDecoratedOperator): log_sql_query>, print_the_context already registered for DAG: example_python_operator
[2023-08-19T03:47:36.355+0000] {processor.py:766} INFO - DAG(s) dict_keys(['example_python_operator']) retrieved from /home/airflow/.local/lib/python3.7/site-packages/airflow/example_dags/example_python_operator.py
[2023-08-19T03:47:36.378+0000] {logging_mixin.py:120} INFO - [2023-08-19T03:47:36.378+0000] {dag.py:2585} INFO - Sync 1 DAGs
[2023-08-19T03:47:36.400+0000] {logging_mixin.py:120} INFO - [2023-08-19T03:47:36.400+0000] {dag.py:3340} INFO - Setting next_dagrun for example_python_operator to None, run_after=None
[2023-08-19T03:47:36.421+0000] {processor.py:176} INFO - Processing /home/airflow/.local/lib/python3.7/site-packages/airflow/example_dags/example_python_operator.py took 0.100 seconds
[2023-08-19T03:48:06.859+0000] {processor.py:154} INFO - Started process (PID=126) to work on /home/airflow/.local/lib/python3.7/site-packages/airflow/example_dags/example_python_operator.py
[2023-08-19T03:48:06.860+0000] {processor.py:756} INFO - Processing file /home/airflow/.local/lib/python3.7/site-packages/airflow/example_dags/example_python_operator.py for tasks to queue
[2023-08-19T03:48:06.861+0000] {logging_mixin.py:120} INFO - [2023-08-19T03:48:06.861+0000] {dagbag.py:537} INFO - Filling up the DagBag from /home/airflow/.local/lib/python3.7/site-packages/airflow/example_dags/example_python_operator.py
[2023-08-19T03:48:06.876+0000] {logging_mixin.py:120} INFO - [2023-08-19T03:48:06.876+0000] {taskmixin.py:205} WARNING - Dependency <Task(_PythonDecoratedOperator): print_the_context>, log_sql_query already registered for DAG: example_python_operator
[2023-08-19T03:48:06.877+0000] {logging_mixin.py:120} INFO - [2023-08-19T03:48:06.877+0000] {taskmixin.py:205} WARNING - Dependency <Task(_PythonDecoratedOperator): log_sql_query>, print_the_context already registered for DAG: example_python_operator
[2023-08-19T03:48:06.878+0000] {logging_mixin.py:120} INFO - [2023-08-19T03:48:06.878+0000] {taskmixin.py:205} WARNING - Dependency <Task(_PythonDecoratedOperator): print_the_context>, log_sql_query already registered for DAG: example_python_operator
[2023-08-19T03:48:06.879+0000] {logging_mixin.py:120} INFO - [2023-08-19T03:48:06.878+0000] {taskmixin.py:205} WARNING - Dependency <Task(_PythonDecoratedOperator): log_sql_query>, print_the_context already registered for DAG: example_python_operator
[2023-08-19T03:48:06.880+0000] {logging_mixin.py:120} INFO - [2023-08-19T03:48:06.879+0000] {taskmixin.py:205} WARNING - Dependency <Task(_PythonDecoratedOperator): print_the_context>, log_sql_query already registered for DAG: example_python_operator
[2023-08-19T03:48:06.880+0000] {logging_mixin.py:120} INFO - [2023-08-19T03:48:06.880+0000] {taskmixin.py:205} WARNING - Dependency <Task(_PythonDecoratedOperator): log_sql_query>, print_the_context already registered for DAG: example_python_operator
[2023-08-19T03:48:06.881+0000] {logging_mixin.py:120} INFO - [2023-08-19T03:48:06.881+0000] {taskmixin.py:205} WARNING - Dependency <Task(_PythonDecoratedOperator): print_the_context>, log_sql_query already registered for DAG: example_python_operator
[2023-08-19T03:48:06.881+0000] {logging_mixin.py:120} INFO - [2023-08-19T03:48:06.881+0000] {taskmixin.py:205} WARNING - Dependency <Task(_PythonDecoratedOperator): log_sql_query>, print_the_context already registered for DAG: example_python_operator
[2023-08-19T03:48:06.888+0000] {processor.py:766} INFO - DAG(s) dict_keys(['example_python_operator']) retrieved from /home/airflow/.local/lib/python3.7/site-packages/airflow/example_dags/example_python_operator.py
[2023-08-19T03:48:06.922+0000] {logging_mixin.py:120} INFO - [2023-08-19T03:48:06.922+0000] {dag.py:2585} INFO - Sync 1 DAGs
[2023-08-19T03:48:06.943+0000] {logging_mixin.py:120} INFO - [2023-08-19T03:48:06.943+0000] {dag.py:3340} INFO - Setting next_dagrun for example_python_operator to None, run_after=None
[2023-08-19T03:48:06.962+0000] {processor.py:176} INFO - Processing /home/airflow/.local/lib/python3.7/site-packages/airflow/example_dags/example_python_operator.py took 0.106 seconds
[2023-08-19T03:48:37.748+0000] {processor.py:154} INFO - Started process (PID=190) to work on /home/airflow/.local/lib/python3.7/site-packages/airflow/example_dags/example_python_operator.py
[2023-08-19T03:48:37.749+0000] {processor.py:756} INFO - Processing file /home/airflow/.local/lib/python3.7/site-packages/airflow/example_dags/example_python_operator.py for tasks to queue
[2023-08-19T03:48:37.750+0000] {logging_mixin.py:120} INFO - [2023-08-19T03:48:37.750+0000] {dagbag.py:537} INFO - Filling up the DagBag from /home/airflow/.local/lib/python3.7/site-packages/airflow/example_dags/example_python_operator.py
[2023-08-19T03:48:37.763+0000] {logging_mixin.py:120} INFO - [2023-08-19T03:48:37.763+0000] {taskmixin.py:205} WARNING - Dependency <Task(_PythonDecoratedOperator): print_the_context>, log_sql_query already registered for DAG: example_python_operator
[2023-08-19T03:48:37.763+0000] {logging_mixin.py:120} INFO - [2023-08-19T03:48:37.763+0000] {taskmixin.py:205} WARNING - Dependency <Task(_PythonDecoratedOperator): log_sql_query>, print_the_context already registered for DAG: example_python_operator
[2023-08-19T03:48:37.764+0000] {logging_mixin.py:120} INFO - [2023-08-19T03:48:37.764+0000] {taskmixin.py:205} WARNING - Dependency <Task(_PythonDecoratedOperator): print_the_context>, log_sql_query already registered for DAG: example_python_operator
[2023-08-19T03:48:37.764+0000] {logging_mixin.py:120} INFO - [2023-08-19T03:48:37.764+0000] {taskmixin.py:205} WARNING - Dependency <Task(_PythonDecoratedOperator): log_sql_query>, print_the_context already registered for DAG: example_python_operator
[2023-08-19T03:48:37.765+0000] {logging_mixin.py:120} INFO - [2023-08-19T03:48:37.765+0000] {taskmixin.py:205} WARNING - Dependency <Task(_PythonDecoratedOperator): print_the_context>, log_sql_query already registered for DAG: example_python_operator
[2023-08-19T03:48:37.766+0000] {logging_mixin.py:120} INFO - [2023-08-19T03:48:37.766+0000] {taskmixin.py:205} WARNING - Dependency <Task(_PythonDecoratedOperator): log_sql_query>, print_the_context already registered for DAG: example_python_operator
[2023-08-19T03:48:37.767+0000] {logging_mixin.py:120} INFO - [2023-08-19T03:48:37.766+0000] {taskmixin.py:205} WARNING - Dependency <Task(_PythonDecoratedOperator): print_the_context>, log_sql_query already registered for DAG: example_python_operator
[2023-08-19T03:48:37.767+0000] {logging_mixin.py:120} INFO - [2023-08-19T03:48:37.767+0000] {taskmixin.py:205} WARNING - Dependency <Task(_PythonDecoratedOperator): log_sql_query>, print_the_context already registered for DAG: example_python_operator
[2023-08-19T03:48:37.773+0000] {processor.py:766} INFO - DAG(s) dict_keys(['example_python_operator']) retrieved from /home/airflow/.local/lib/python3.7/site-packages/airflow/example_dags/example_python_operator.py
[2023-08-19T03:48:37.810+0000] {logging_mixin.py:120} INFO - [2023-08-19T03:48:37.810+0000] {dag.py:2585} INFO - Sync 1 DAGs
[2023-08-19T03:48:37.832+0000] {logging_mixin.py:120} INFO - [2023-08-19T03:48:37.831+0000] {dag.py:3340} INFO - Setting next_dagrun for example_python_operator to None, run_after=None
[2023-08-19T03:48:37.851+0000] {processor.py:176} INFO - Processing /home/airflow/.local/lib/python3.7/site-packages/airflow/example_dags/example_python_operator.py took 0.106 seconds
[2023-08-19T03:49:08.568+0000] {processor.py:154} INFO - Started process (PID=244) to work on /home/airflow/.local/lib/python3.7/site-packages/airflow/example_dags/example_python_operator.py
[2023-08-19T03:49:08.569+0000] {processor.py:756} INFO - Processing file /home/airflow/.local/lib/python3.7/site-packages/airflow/example_dags/example_python_operator.py for tasks to queue
[2023-08-19T03:49:08.570+0000] {logging_mixin.py:120} INFO - [2023-08-19T03:49:08.569+0000] {dagbag.py:537} INFO - Filling up the DagBag from /home/airflow/.local/lib/python3.7/site-packages/airflow/example_dags/example_python_operator.py
[2023-08-19T03:49:08.582+0000] {logging_mixin.py:120} INFO - [2023-08-19T03:49:08.582+0000] {taskmixin.py:205} WARNING - Dependency <Task(_PythonDecoratedOperator): print_the_context>, log_sql_query already registered for DAG: example_python_operator
[2023-08-19T03:49:08.583+0000] {logging_mixin.py:120} INFO - [2023-08-19T03:49:08.583+0000] {taskmixin.py:205} WARNING - Dependency <Task(_PythonDecoratedOperator): log_sql_query>, print_the_context already registered for DAG: example_python_operator
[2023-08-19T03:49:08.584+0000] {logging_mixin.py:120} INFO - [2023-08-19T03:49:08.584+0000] {taskmixin.py:205} WARNING - Dependency <Task(_PythonDecoratedOperator): print_the_context>, log_sql_query already registered for DAG: example_python_operator
[2023-08-19T03:49:08.585+0000] {logging_mixin.py:120} INFO - [2023-08-19T03:49:08.585+0000] {taskmixin.py:205} WARNING - Dependency <Task(_PythonDecoratedOperator): log_sql_query>, print_the_context already registered for DAG: example_python_operator
[2023-08-19T03:49:08.585+0000] {logging_mixin.py:120} INFO - [2023-08-19T03:49:08.585+0000] {taskmixin.py:205} WARNING - Dependency <Task(_PythonDecoratedOperator): print_the_context>, log_sql_query already registered for DAG: example_python_operator
[2023-08-19T03:49:08.586+0000] {logging_mixin.py:120} INFO - [2023-08-19T03:49:08.586+0000] {taskmixin.py:205} WARNING - Dependency <Task(_PythonDecoratedOperator): log_sql_query>, print_the_context already registered for DAG: example_python_operator
[2023-08-19T03:49:08.587+0000] {logging_mixin.py:120} INFO - [2023-08-19T03:49:08.587+0000] {taskmixin.py:205} WARNING - Dependency <Task(_PythonDecoratedOperator): print_the_context>, log_sql_query already registered for DAG: example_python_operator
[2023-08-19T03:49:08.587+0000] {logging_mixin.py:120} INFO - [2023-08-19T03:49:08.587+0000] {taskmixin.py:205} WARNING - Dependency <Task(_PythonDecoratedOperator): log_sql_query>, print_the_context already registered for DAG: example_python_operator
[2023-08-19T03:49:08.593+0000] {processor.py:766} INFO - DAG(s) dict_keys(['example_python_operator']) retrieved from /home/airflow/.local/lib/python3.7/site-packages/airflow/example_dags/example_python_operator.py
[2023-08-19T03:49:08.628+0000] {logging_mixin.py:120} INFO - [2023-08-19T03:49:08.628+0000] {dag.py:2585} INFO - Sync 1 DAGs
[2023-08-19T03:49:08.651+0000] {logging_mixin.py:120} INFO - [2023-08-19T03:49:08.651+0000] {dag.py:3340} INFO - Setting next_dagrun for example_python_operator to None, run_after=None
[2023-08-19T03:49:08.674+0000] {processor.py:176} INFO - Processing /home/airflow/.local/lib/python3.7/site-packages/airflow/example_dags/example_python_operator.py took 0.109 seconds
