[2023-08-19T03:15:18.886+0000] {processor.py:154} INFO - Started process (PID=47) to work on /home/airflow/.local/lib/python3.7/site-packages/airflow/example_dags/example_xcom.py
[2023-08-19T03:15:18.887+0000] {processor.py:756} INFO - Processing file /home/airflow/.local/lib/python3.7/site-packages/airflow/example_dags/example_xcom.py for tasks to queue
[2023-08-19T03:15:18.888+0000] {logging_mixin.py:120} INFO - [2023-08-19T03:15:18.888+0000] {dagbag.py:537} INFO - Filling up the DagBag from /home/airflow/.local/lib/python3.7/site-packages/airflow/example_dags/example_xcom.py
[2023-08-19T03:15:18.908+0000] {processor.py:766} INFO - DAG(s) dict_keys(['example_xcom']) retrieved from /home/airflow/.local/lib/python3.7/site-packages/airflow/example_dags/example_xcom.py
[2023-08-19T03:15:19.019+0000] {logging_mixin.py:120} INFO - [2023-08-19T03:15:19.018+0000] {manager.py:507} INFO - Created Permission View: can read on DAG:example_xcom
[2023-08-19T03:15:19.029+0000] {logging_mixin.py:120} INFO - [2023-08-19T03:15:19.029+0000] {manager.py:507} INFO - Created Permission View: can delete on DAG:example_xcom
[2023-08-19T03:15:19.040+0000] {logging_mixin.py:120} INFO - [2023-08-19T03:15:19.040+0000] {manager.py:507} INFO - Created Permission View: can edit on DAG:example_xcom
[2023-08-19T03:15:19.040+0000] {logging_mixin.py:120} INFO - [2023-08-19T03:15:19.040+0000] {dag.py:2585} INFO - Sync 1 DAGs
[2023-08-19T03:15:19.052+0000] {logging_mixin.py:120} INFO - [2023-08-19T03:15:19.051+0000] {dag.py:2606} INFO - Creating ORM DAG for example_xcom
[2023-08-19T03:15:19.062+0000] {logging_mixin.py:120} INFO - [2023-08-19T03:15:19.062+0000] {dag.py:3340} INFO - Setting next_dagrun for example_xcom to 2021-01-01T00:00:00+00:00, run_after=2021-01-01T00:00:00+00:00
[2023-08-19T03:15:19.078+0000] {processor.py:176} INFO - Processing /home/airflow/.local/lib/python3.7/site-packages/airflow/example_dags/example_xcom.py took 0.195 seconds
[2023-08-19T03:15:49.310+0000] {processor.py:154} INFO - Started process (PID=110) to work on /home/airflow/.local/lib/python3.7/site-packages/airflow/example_dags/example_xcom.py
[2023-08-19T03:15:49.311+0000] {processor.py:756} INFO - Processing file /home/airflow/.local/lib/python3.7/site-packages/airflow/example_dags/example_xcom.py for tasks to queue
[2023-08-19T03:15:49.312+0000] {logging_mixin.py:120} INFO - [2023-08-19T03:15:49.312+0000] {dagbag.py:537} INFO - Filling up the DagBag from /home/airflow/.local/lib/python3.7/site-packages/airflow/example_dags/example_xcom.py
[2023-08-19T03:15:49.332+0000] {processor.py:766} INFO - DAG(s) dict_keys(['example_xcom']) retrieved from /home/airflow/.local/lib/python3.7/site-packages/airflow/example_dags/example_xcom.py
[2023-08-19T03:15:49.367+0000] {logging_mixin.py:120} INFO - [2023-08-19T03:15:49.367+0000] {dag.py:2585} INFO - Sync 1 DAGs
[2023-08-19T03:15:49.387+0000] {logging_mixin.py:120} INFO - [2023-08-19T03:15:49.387+0000] {dag.py:3340} INFO - Setting next_dagrun for example_xcom to 2021-01-01T00:00:00+00:00, run_after=2021-01-01T00:00:00+00:00
[2023-08-19T03:15:49.405+0000] {processor.py:176} INFO - Processing /home/airflow/.local/lib/python3.7/site-packages/airflow/example_dags/example_xcom.py took 0.098 seconds
[2023-08-19T03:16:19.977+0000] {processor.py:154} INFO - Started process (PID=174) to work on /home/airflow/.local/lib/python3.7/site-packages/airflow/example_dags/example_xcom.py
[2023-08-19T03:16:19.978+0000] {processor.py:756} INFO - Processing file /home/airflow/.local/lib/python3.7/site-packages/airflow/example_dags/example_xcom.py for tasks to queue
[2023-08-19T03:16:19.979+0000] {logging_mixin.py:120} INFO - [2023-08-19T03:16:19.979+0000] {dagbag.py:537} INFO - Filling up the DagBag from /home/airflow/.local/lib/python3.7/site-packages/airflow/example_dags/example_xcom.py
[2023-08-19T03:16:19.998+0000] {processor.py:766} INFO - DAG(s) dict_keys(['example_xcom']) retrieved from /home/airflow/.local/lib/python3.7/site-packages/airflow/example_dags/example_xcom.py
[2023-08-19T03:16:20.034+0000] {logging_mixin.py:120} INFO - [2023-08-19T03:16:20.033+0000] {dag.py:2585} INFO - Sync 1 DAGs
[2023-08-19T03:16:20.054+0000] {logging_mixin.py:120} INFO - [2023-08-19T03:16:20.053+0000] {dag.py:3340} INFO - Setting next_dagrun for example_xcom to 2021-01-01T00:00:00+00:00, run_after=2021-01-01T00:00:00+00:00
[2023-08-19T03:16:20.072+0000] {processor.py:176} INFO - Processing /home/airflow/.local/lib/python3.7/site-packages/airflow/example_dags/example_xcom.py took 0.097 seconds
[2023-08-19T03:16:50.236+0000] {processor.py:154} INFO - Started process (PID=237) to work on /home/airflow/.local/lib/python3.7/site-packages/airflow/example_dags/example_xcom.py
[2023-08-19T03:16:50.237+0000] {processor.py:756} INFO - Processing file /home/airflow/.local/lib/python3.7/site-packages/airflow/example_dags/example_xcom.py for tasks to queue
[2023-08-19T03:16:50.238+0000] {logging_mixin.py:120} INFO - [2023-08-19T03:16:50.238+0000] {dagbag.py:537} INFO - Filling up the DagBag from /home/airflow/.local/lib/python3.7/site-packages/airflow/example_dags/example_xcom.py
[2023-08-19T03:16:50.264+0000] {processor.py:766} INFO - DAG(s) dict_keys(['example_xcom']) retrieved from /home/airflow/.local/lib/python3.7/site-packages/airflow/example_dags/example_xcom.py
[2023-08-19T03:16:50.298+0000] {logging_mixin.py:120} INFO - [2023-08-19T03:16:50.298+0000] {dag.py:2585} INFO - Sync 1 DAGs
[2023-08-19T03:16:50.319+0000] {logging_mixin.py:120} INFO - [2023-08-19T03:16:50.319+0000] {dag.py:3340} INFO - Setting next_dagrun for example_xcom to 2021-01-01T00:00:00+00:00, run_after=2021-01-01T00:00:00+00:00
[2023-08-19T03:16:50.338+0000] {processor.py:176} INFO - Processing /home/airflow/.local/lib/python3.7/site-packages/airflow/example_dags/example_xcom.py took 0.104 seconds
[2023-08-19T03:17:20.597+0000] {processor.py:154} INFO - Started process (PID=291) to work on /home/airflow/.local/lib/python3.7/site-packages/airflow/example_dags/example_xcom.py
[2023-08-19T03:17:20.598+0000] {processor.py:756} INFO - Processing file /home/airflow/.local/lib/python3.7/site-packages/airflow/example_dags/example_xcom.py for tasks to queue
[2023-08-19T03:17:20.599+0000] {logging_mixin.py:120} INFO - [2023-08-19T03:17:20.599+0000] {dagbag.py:537} INFO - Filling up the DagBag from /home/airflow/.local/lib/python3.7/site-packages/airflow/example_dags/example_xcom.py
[2023-08-19T03:17:20.621+0000] {processor.py:766} INFO - DAG(s) dict_keys(['example_xcom']) retrieved from /home/airflow/.local/lib/python3.7/site-packages/airflow/example_dags/example_xcom.py
[2023-08-19T03:17:20.659+0000] {logging_mixin.py:120} INFO - [2023-08-19T03:17:20.659+0000] {dag.py:2585} INFO - Sync 1 DAGs
[2023-08-19T03:17:20.683+0000] {logging_mixin.py:120} INFO - [2023-08-19T03:17:20.683+0000] {dag.py:3340} INFO - Setting next_dagrun for example_xcom to 2021-01-01T00:00:00+00:00, run_after=2021-01-01T00:00:00+00:00
[2023-08-19T03:17:20.706+0000] {processor.py:176} INFO - Processing /home/airflow/.local/lib/python3.7/site-packages/airflow/example_dags/example_xcom.py took 0.113 seconds
[2023-08-19T03:17:51.066+0000] {processor.py:154} INFO - Started process (PID=354) to work on /home/airflow/.local/lib/python3.7/site-packages/airflow/example_dags/example_xcom.py
[2023-08-19T03:17:51.067+0000] {processor.py:756} INFO - Processing file /home/airflow/.local/lib/python3.7/site-packages/airflow/example_dags/example_xcom.py for tasks to queue
[2023-08-19T03:17:51.068+0000] {logging_mixin.py:120} INFO - [2023-08-19T03:17:51.068+0000] {dagbag.py:537} INFO - Filling up the DagBag from /home/airflow/.local/lib/python3.7/site-packages/airflow/example_dags/example_xcom.py
[2023-08-19T03:17:51.089+0000] {processor.py:766} INFO - DAG(s) dict_keys(['example_xcom']) retrieved from /home/airflow/.local/lib/python3.7/site-packages/airflow/example_dags/example_xcom.py
[2023-08-19T03:17:51.124+0000] {logging_mixin.py:120} INFO - [2023-08-19T03:17:51.124+0000] {dag.py:2585} INFO - Sync 1 DAGs
[2023-08-19T03:17:51.145+0000] {logging_mixin.py:120} INFO - [2023-08-19T03:17:51.145+0000] {dag.py:3340} INFO - Setting next_dagrun for example_xcom to 2021-01-01T00:00:00+00:00, run_after=2021-01-01T00:00:00+00:00
[2023-08-19T03:17:51.164+0000] {processor.py:176} INFO - Processing /home/airflow/.local/lib/python3.7/site-packages/airflow/example_dags/example_xcom.py took 0.102 seconds
[2023-08-19T03:18:21.785+0000] {processor.py:154} INFO - Started process (PID=417) to work on /home/airflow/.local/lib/python3.7/site-packages/airflow/example_dags/example_xcom.py
[2023-08-19T03:18:21.786+0000] {processor.py:756} INFO - Processing file /home/airflow/.local/lib/python3.7/site-packages/airflow/example_dags/example_xcom.py for tasks to queue
[2023-08-19T03:18:21.787+0000] {logging_mixin.py:120} INFO - [2023-08-19T03:18:21.787+0000] {dagbag.py:537} INFO - Filling up the DagBag from /home/airflow/.local/lib/python3.7/site-packages/airflow/example_dags/example_xcom.py
[2023-08-19T03:18:21.811+0000] {processor.py:766} INFO - DAG(s) dict_keys(['example_xcom']) retrieved from /home/airflow/.local/lib/python3.7/site-packages/airflow/example_dags/example_xcom.py
[2023-08-19T03:18:21.855+0000] {logging_mixin.py:120} INFO - [2023-08-19T03:18:21.855+0000] {dag.py:2585} INFO - Sync 1 DAGs
[2023-08-19T03:18:21.882+0000] {logging_mixin.py:120} INFO - [2023-08-19T03:18:21.882+0000] {dag.py:3340} INFO - Setting next_dagrun for example_xcom to 2021-01-01T00:00:00+00:00, run_after=2021-01-01T00:00:00+00:00
[2023-08-19T03:18:21.907+0000] {processor.py:176} INFO - Processing /home/airflow/.local/lib/python3.7/site-packages/airflow/example_dags/example_xcom.py took 0.125 seconds
[2023-08-19T03:18:52.695+0000] {processor.py:154} INFO - Started process (PID=480) to work on /home/airflow/.local/lib/python3.7/site-packages/airflow/example_dags/example_xcom.py
[2023-08-19T03:18:52.696+0000] {processor.py:756} INFO - Processing file /home/airflow/.local/lib/python3.7/site-packages/airflow/example_dags/example_xcom.py for tasks to queue
[2023-08-19T03:18:52.697+0000] {logging_mixin.py:120} INFO - [2023-08-19T03:18:52.697+0000] {dagbag.py:537} INFO - Filling up the DagBag from /home/airflow/.local/lib/python3.7/site-packages/airflow/example_dags/example_xcom.py
[2023-08-19T03:18:52.720+0000] {processor.py:766} INFO - DAG(s) dict_keys(['example_xcom']) retrieved from /home/airflow/.local/lib/python3.7/site-packages/airflow/example_dags/example_xcom.py
[2023-08-19T03:18:52.758+0000] {logging_mixin.py:120} INFO - [2023-08-19T03:18:52.758+0000] {dag.py:2585} INFO - Sync 1 DAGs
[2023-08-19T03:18:52.783+0000] {logging_mixin.py:120} INFO - [2023-08-19T03:18:52.783+0000] {dag.py:3340} INFO - Setting next_dagrun for example_xcom to 2021-01-01T00:00:00+00:00, run_after=2021-01-01T00:00:00+00:00
[2023-08-19T03:18:52.805+0000] {processor.py:176} INFO - Processing /home/airflow/.local/lib/python3.7/site-packages/airflow/example_dags/example_xcom.py took 0.112 seconds
[2023-08-19T03:19:23.095+0000] {processor.py:154} INFO - Started process (PID=535) to work on /home/airflow/.local/lib/python3.7/site-packages/airflow/example_dags/example_xcom.py
[2023-08-19T03:19:23.096+0000] {processor.py:756} INFO - Processing file /home/airflow/.local/lib/python3.7/site-packages/airflow/example_dags/example_xcom.py for tasks to queue
[2023-08-19T03:19:23.097+0000] {logging_mixin.py:120} INFO - [2023-08-19T03:19:23.097+0000] {dagbag.py:537} INFO - Filling up the DagBag from /home/airflow/.local/lib/python3.7/site-packages/airflow/example_dags/example_xcom.py
[2023-08-19T03:19:23.116+0000] {processor.py:766} INFO - DAG(s) dict_keys(['example_xcom']) retrieved from /home/airflow/.local/lib/python3.7/site-packages/airflow/example_dags/example_xcom.py
[2023-08-19T03:19:23.154+0000] {logging_mixin.py:120} INFO - [2023-08-19T03:19:23.154+0000] {dag.py:2585} INFO - Sync 1 DAGs
[2023-08-19T03:19:23.174+0000] {logging_mixin.py:120} INFO - [2023-08-19T03:19:23.174+0000] {dag.py:3340} INFO - Setting next_dagrun for example_xcom to 2021-01-01T00:00:00+00:00, run_after=2021-01-01T00:00:00+00:00
[2023-08-19T03:19:23.196+0000] {processor.py:176} INFO - Processing /home/airflow/.local/lib/python3.7/site-packages/airflow/example_dags/example_xcom.py took 0.103 seconds
[2023-08-19T03:19:53.413+0000] {processor.py:154} INFO - Started process (PID=599) to work on /home/airflow/.local/lib/python3.7/site-packages/airflow/example_dags/example_xcom.py
[2023-08-19T03:19:53.413+0000] {processor.py:756} INFO - Processing file /home/airflow/.local/lib/python3.7/site-packages/airflow/example_dags/example_xcom.py for tasks to queue
[2023-08-19T03:19:53.414+0000] {logging_mixin.py:120} INFO - [2023-08-19T03:19:53.414+0000] {dagbag.py:537} INFO - Filling up the DagBag from /home/airflow/.local/lib/python3.7/site-packages/airflow/example_dags/example_xcom.py
[2023-08-19T03:19:53.433+0000] {processor.py:766} INFO - DAG(s) dict_keys(['example_xcom']) retrieved from /home/airflow/.local/lib/python3.7/site-packages/airflow/example_dags/example_xcom.py
[2023-08-19T03:19:53.466+0000] {logging_mixin.py:120} INFO - [2023-08-19T03:19:53.466+0000] {dag.py:2585} INFO - Sync 1 DAGs
[2023-08-19T03:19:53.490+0000] {logging_mixin.py:120} INFO - [2023-08-19T03:19:53.490+0000] {dag.py:3340} INFO - Setting next_dagrun for example_xcom to 2021-01-01T00:00:00+00:00, run_after=2021-01-01T00:00:00+00:00
[2023-08-19T03:19:53.507+0000] {processor.py:176} INFO - Processing /home/airflow/.local/lib/python3.7/site-packages/airflow/example_dags/example_xcom.py took 0.098 seconds
[2023-08-19T03:20:23.697+0000] {processor.py:154} INFO - Started process (PID=662) to work on /home/airflow/.local/lib/python3.7/site-packages/airflow/example_dags/example_xcom.py
[2023-08-19T03:20:23.698+0000] {processor.py:756} INFO - Processing file /home/airflow/.local/lib/python3.7/site-packages/airflow/example_dags/example_xcom.py for tasks to queue
[2023-08-19T03:20:23.699+0000] {logging_mixin.py:120} INFO - [2023-08-19T03:20:23.699+0000] {dagbag.py:537} INFO - Filling up the DagBag from /home/airflow/.local/lib/python3.7/site-packages/airflow/example_dags/example_xcom.py
[2023-08-19T03:20:23.719+0000] {processor.py:766} INFO - DAG(s) dict_keys(['example_xcom']) retrieved from /home/airflow/.local/lib/python3.7/site-packages/airflow/example_dags/example_xcom.py
[2023-08-19T03:20:23.753+0000] {logging_mixin.py:120} INFO - [2023-08-19T03:20:23.753+0000] {dag.py:2585} INFO - Sync 1 DAGs
[2023-08-19T03:20:23.772+0000] {logging_mixin.py:120} INFO - [2023-08-19T03:20:23.772+0000] {dag.py:3340} INFO - Setting next_dagrun for example_xcom to 2021-01-01T00:00:00+00:00, run_after=2021-01-01T00:00:00+00:00
[2023-08-19T03:20:23.790+0000] {processor.py:176} INFO - Processing /home/airflow/.local/lib/python3.7/site-packages/airflow/example_dags/example_xcom.py took 0.095 seconds
[2023-08-19T03:20:53.983+0000] {processor.py:154} INFO - Started process (PID=716) to work on /home/airflow/.local/lib/python3.7/site-packages/airflow/example_dags/example_xcom.py
[2023-08-19T03:20:53.984+0000] {processor.py:756} INFO - Processing file /home/airflow/.local/lib/python3.7/site-packages/airflow/example_dags/example_xcom.py for tasks to queue
[2023-08-19T03:20:53.985+0000] {logging_mixin.py:120} INFO - [2023-08-19T03:20:53.985+0000] {dagbag.py:537} INFO - Filling up the DagBag from /home/airflow/.local/lib/python3.7/site-packages/airflow/example_dags/example_xcom.py
[2023-08-19T03:20:54.003+0000] {processor.py:766} INFO - DAG(s) dict_keys(['example_xcom']) retrieved from /home/airflow/.local/lib/python3.7/site-packages/airflow/example_dags/example_xcom.py
[2023-08-19T03:20:54.037+0000] {logging_mixin.py:120} INFO - [2023-08-19T03:20:54.037+0000] {dag.py:2585} INFO - Sync 1 DAGs
[2023-08-19T03:20:54.057+0000] {logging_mixin.py:120} INFO - [2023-08-19T03:20:54.057+0000] {dag.py:3340} INFO - Setting next_dagrun for example_xcom to 2021-01-01T00:00:00+00:00, run_after=2021-01-01T00:00:00+00:00
[2023-08-19T03:20:54.078+0000] {processor.py:176} INFO - Processing /home/airflow/.local/lib/python3.7/site-packages/airflow/example_dags/example_xcom.py took 0.098 seconds
[2023-08-19T03:21:24.301+0000] {processor.py:154} INFO - Started process (PID=779) to work on /home/airflow/.local/lib/python3.7/site-packages/airflow/example_dags/example_xcom.py
[2023-08-19T03:21:24.302+0000] {processor.py:756} INFO - Processing file /home/airflow/.local/lib/python3.7/site-packages/airflow/example_dags/example_xcom.py for tasks to queue
[2023-08-19T03:21:24.303+0000] {logging_mixin.py:120} INFO - [2023-08-19T03:21:24.303+0000] {dagbag.py:537} INFO - Filling up the DagBag from /home/airflow/.local/lib/python3.7/site-packages/airflow/example_dags/example_xcom.py
[2023-08-19T03:21:24.322+0000] {processor.py:766} INFO - DAG(s) dict_keys(['example_xcom']) retrieved from /home/airflow/.local/lib/python3.7/site-packages/airflow/example_dags/example_xcom.py
[2023-08-19T03:21:24.360+0000] {logging_mixin.py:120} INFO - [2023-08-19T03:21:24.360+0000] {dag.py:2585} INFO - Sync 1 DAGs
[2023-08-19T03:21:24.382+0000] {logging_mixin.py:120} INFO - [2023-08-19T03:21:24.382+0000] {dag.py:3340} INFO - Setting next_dagrun for example_xcom to 2021-01-01T00:00:00+00:00, run_after=2021-01-01T00:00:00+00:00
[2023-08-19T03:21:24.405+0000] {processor.py:176} INFO - Processing /home/airflow/.local/lib/python3.7/site-packages/airflow/example_dags/example_xcom.py took 0.108 seconds
