[2023-08-19T03:15:23.021+0000] {processor.py:154} INFO - Started process (PID=82) to work on /home/airflow/.local/lib/python3.7/site-packages/airflow/example_dags/example_trigger_controller_dag.py
[2023-08-19T03:15:23.022+0000] {processor.py:756} INFO - Processing file /home/airflow/.local/lib/python3.7/site-packages/airflow/example_dags/example_trigger_controller_dag.py for tasks to queue
[2023-08-19T03:15:23.023+0000] {logging_mixin.py:120} INFO - [2023-08-19T03:15:23.023+0000] {dagbag.py:537} INFO - Filling up the DagBag from /home/airflow/.local/lib/python3.7/site-packages/airflow/example_dags/example_trigger_controller_dag.py
[2023-08-19T03:15:23.039+0000] {processor.py:766} INFO - DAG(s) dict_keys(['example_trigger_controller_dag']) retrieved from /home/airflow/.local/lib/python3.7/site-packages/airflow/example_dags/example_trigger_controller_dag.py
[2023-08-19T03:15:23.204+0000] {logging_mixin.py:120} INFO - [2023-08-19T03:15:23.204+0000] {manager.py:507} INFO - Created Permission View: can read on DAG:example_trigger_controller_dag
[2023-08-19T03:15:23.216+0000] {logging_mixin.py:120} INFO - [2023-08-19T03:15:23.215+0000] {manager.py:507} INFO - Created Permission View: can delete on DAG:example_trigger_controller_dag
[2023-08-19T03:15:23.225+0000] {logging_mixin.py:120} INFO - [2023-08-19T03:15:23.225+0000] {manager.py:507} INFO - Created Permission View: can edit on DAG:example_trigger_controller_dag
[2023-08-19T03:15:23.226+0000] {logging_mixin.py:120} INFO - [2023-08-19T03:15:23.226+0000] {dag.py:2585} INFO - Sync 1 DAGs
[2023-08-19T03:15:23.239+0000] {logging_mixin.py:120} INFO - [2023-08-19T03:15:23.239+0000] {dag.py:2606} INFO - Creating ORM DAG for example_trigger_controller_dag
[2023-08-19T03:15:23.251+0000] {logging_mixin.py:120} INFO - [2023-08-19T03:15:23.250+0000] {dag.py:3340} INFO - Setting next_dagrun for example_trigger_controller_dag to 2021-01-01T00:00:00+00:00, run_after=2021-01-01T00:00:00+00:00
[2023-08-19T03:15:23.273+0000] {processor.py:176} INFO - Processing /home/airflow/.local/lib/python3.7/site-packages/airflow/example_dags/example_trigger_controller_dag.py took 0.257 seconds
[2023-08-19T03:15:54.109+0000] {processor.py:154} INFO - Started process (PID=136) to work on /home/airflow/.local/lib/python3.7/site-packages/airflow/example_dags/example_trigger_controller_dag.py
[2023-08-19T03:15:54.110+0000] {processor.py:756} INFO - Processing file /home/airflow/.local/lib/python3.7/site-packages/airflow/example_dags/example_trigger_controller_dag.py for tasks to queue
[2023-08-19T03:15:54.111+0000] {logging_mixin.py:120} INFO - [2023-08-19T03:15:54.111+0000] {dagbag.py:537} INFO - Filling up the DagBag from /home/airflow/.local/lib/python3.7/site-packages/airflow/example_dags/example_trigger_controller_dag.py
[2023-08-19T03:15:54.123+0000] {processor.py:766} INFO - DAG(s) dict_keys(['example_trigger_controller_dag']) retrieved from /home/airflow/.local/lib/python3.7/site-packages/airflow/example_dags/example_trigger_controller_dag.py
[2023-08-19T03:15:54.162+0000] {logging_mixin.py:120} INFO - [2023-08-19T03:15:54.162+0000] {dag.py:2585} INFO - Sync 1 DAGs
[2023-08-19T03:15:54.188+0000] {logging_mixin.py:120} INFO - [2023-08-19T03:15:54.188+0000] {dag.py:3340} INFO - Setting next_dagrun for example_trigger_controller_dag to 2021-01-01T00:00:00+00:00, run_after=2021-01-01T00:00:00+00:00
[2023-08-19T03:15:54.207+0000] {processor.py:176} INFO - Processing /home/airflow/.local/lib/python3.7/site-packages/airflow/example_dags/example_trigger_controller_dag.py took 0.101 seconds
[2023-08-19T03:16:24.457+0000] {processor.py:154} INFO - Started process (PID=200) to work on /home/airflow/.local/lib/python3.7/site-packages/airflow/example_dags/example_trigger_controller_dag.py
[2023-08-19T03:16:24.458+0000] {processor.py:756} INFO - Processing file /home/airflow/.local/lib/python3.7/site-packages/airflow/example_dags/example_trigger_controller_dag.py for tasks to queue
[2023-08-19T03:16:24.459+0000] {logging_mixin.py:120} INFO - [2023-08-19T03:16:24.459+0000] {dagbag.py:537} INFO - Filling up the DagBag from /home/airflow/.local/lib/python3.7/site-packages/airflow/example_dags/example_trigger_controller_dag.py
[2023-08-19T03:16:24.468+0000] {processor.py:766} INFO - DAG(s) dict_keys(['example_trigger_controller_dag']) retrieved from /home/airflow/.local/lib/python3.7/site-packages/airflow/example_dags/example_trigger_controller_dag.py
[2023-08-19T03:16:24.502+0000] {logging_mixin.py:120} INFO - [2023-08-19T03:16:24.501+0000] {dag.py:2585} INFO - Sync 1 DAGs
[2023-08-19T03:16:24.521+0000] {logging_mixin.py:120} INFO - [2023-08-19T03:16:24.521+0000] {dag.py:3340} INFO - Setting next_dagrun for example_trigger_controller_dag to 2021-01-01T00:00:00+00:00, run_after=2021-01-01T00:00:00+00:00
[2023-08-19T03:16:24.539+0000] {processor.py:176} INFO - Processing /home/airflow/.local/lib/python3.7/site-packages/airflow/example_dags/example_trigger_controller_dag.py took 0.084 seconds
[2023-08-19T03:16:54.793+0000] {processor.py:154} INFO - Started process (PID=263) to work on /home/airflow/.local/lib/python3.7/site-packages/airflow/example_dags/example_trigger_controller_dag.py
[2023-08-19T03:16:54.794+0000] {processor.py:756} INFO - Processing file /home/airflow/.local/lib/python3.7/site-packages/airflow/example_dags/example_trigger_controller_dag.py for tasks to queue
[2023-08-19T03:16:54.795+0000] {logging_mixin.py:120} INFO - [2023-08-19T03:16:54.795+0000] {dagbag.py:537} INFO - Filling up the DagBag from /home/airflow/.local/lib/python3.7/site-packages/airflow/example_dags/example_trigger_controller_dag.py
[2023-08-19T03:16:54.807+0000] {processor.py:766} INFO - DAG(s) dict_keys(['example_trigger_controller_dag']) retrieved from /home/airflow/.local/lib/python3.7/site-packages/airflow/example_dags/example_trigger_controller_dag.py
[2023-08-19T03:16:54.846+0000] {logging_mixin.py:120} INFO - [2023-08-19T03:16:54.845+0000] {dag.py:2585} INFO - Sync 1 DAGs
[2023-08-19T03:16:54.869+0000] {logging_mixin.py:120} INFO - [2023-08-19T03:16:54.869+0000] {dag.py:3340} INFO - Setting next_dagrun for example_trigger_controller_dag to 2021-01-01T00:00:00+00:00, run_after=2021-01-01T00:00:00+00:00
[2023-08-19T03:16:54.891+0000] {processor.py:176} INFO - Processing /home/airflow/.local/lib/python3.7/site-packages/airflow/example_dags/example_trigger_controller_dag.py took 0.101 seconds
[2023-08-19T03:17:25.289+0000] {processor.py:154} INFO - Started process (PID=326) to work on /home/airflow/.local/lib/python3.7/site-packages/airflow/example_dags/example_trigger_controller_dag.py
[2023-08-19T03:17:25.290+0000] {processor.py:756} INFO - Processing file /home/airflow/.local/lib/python3.7/site-packages/airflow/example_dags/example_trigger_controller_dag.py for tasks to queue
[2023-08-19T03:17:25.291+0000] {logging_mixin.py:120} INFO - [2023-08-19T03:17:25.291+0000] {dagbag.py:537} INFO - Filling up the DagBag from /home/airflow/.local/lib/python3.7/site-packages/airflow/example_dags/example_trigger_controller_dag.py
[2023-08-19T03:17:25.300+0000] {processor.py:766} INFO - DAG(s) dict_keys(['example_trigger_controller_dag']) retrieved from /home/airflow/.local/lib/python3.7/site-packages/airflow/example_dags/example_trigger_controller_dag.py
[2023-08-19T03:17:25.336+0000] {logging_mixin.py:120} INFO - [2023-08-19T03:17:25.336+0000] {dag.py:2585} INFO - Sync 1 DAGs
[2023-08-19T03:17:25.358+0000] {logging_mixin.py:120} INFO - [2023-08-19T03:17:25.357+0000] {dag.py:3340} INFO - Setting next_dagrun for example_trigger_controller_dag to 2021-01-01T00:00:00+00:00, run_after=2021-01-01T00:00:00+00:00
[2023-08-19T03:17:25.374+0000] {processor.py:176} INFO - Processing /home/airflow/.local/lib/python3.7/site-packages/airflow/example_dags/example_trigger_controller_dag.py took 0.088 seconds
[2023-08-19T03:17:55.852+0000] {processor.py:154} INFO - Started process (PID=380) to work on /home/airflow/.local/lib/python3.7/site-packages/airflow/example_dags/example_trigger_controller_dag.py
[2023-08-19T03:17:55.853+0000] {processor.py:756} INFO - Processing file /home/airflow/.local/lib/python3.7/site-packages/airflow/example_dags/example_trigger_controller_dag.py for tasks to queue
[2023-08-19T03:17:55.853+0000] {logging_mixin.py:120} INFO - [2023-08-19T03:17:55.853+0000] {dagbag.py:537} INFO - Filling up the DagBag from /home/airflow/.local/lib/python3.7/site-packages/airflow/example_dags/example_trigger_controller_dag.py
[2023-08-19T03:17:55.863+0000] {processor.py:766} INFO - DAG(s) dict_keys(['example_trigger_controller_dag']) retrieved from /home/airflow/.local/lib/python3.7/site-packages/airflow/example_dags/example_trigger_controller_dag.py
[2023-08-19T03:17:55.898+0000] {logging_mixin.py:120} INFO - [2023-08-19T03:17:55.898+0000] {dag.py:2585} INFO - Sync 1 DAGs
[2023-08-19T03:17:55.920+0000] {logging_mixin.py:120} INFO - [2023-08-19T03:17:55.920+0000] {dag.py:3340} INFO - Setting next_dagrun for example_trigger_controller_dag to 2021-01-01T00:00:00+00:00, run_after=2021-01-01T00:00:00+00:00
[2023-08-19T03:17:55.940+0000] {processor.py:176} INFO - Processing /home/airflow/.local/lib/python3.7/site-packages/airflow/example_dags/example_trigger_controller_dag.py took 0.091 seconds
[2023-08-19T03:18:25.992+0000] {processor.py:154} INFO - Started process (PID=443) to work on /home/airflow/.local/lib/python3.7/site-packages/airflow/example_dags/example_trigger_controller_dag.py
[2023-08-19T03:18:25.993+0000] {processor.py:756} INFO - Processing file /home/airflow/.local/lib/python3.7/site-packages/airflow/example_dags/example_trigger_controller_dag.py for tasks to queue
[2023-08-19T03:18:25.994+0000] {logging_mixin.py:120} INFO - [2023-08-19T03:18:25.994+0000] {dagbag.py:537} INFO - Filling up the DagBag from /home/airflow/.local/lib/python3.7/site-packages/airflow/example_dags/example_trigger_controller_dag.py
[2023-08-19T03:18:26.004+0000] {processor.py:766} INFO - DAG(s) dict_keys(['example_trigger_controller_dag']) retrieved from /home/airflow/.local/lib/python3.7/site-packages/airflow/example_dags/example_trigger_controller_dag.py
[2023-08-19T03:18:26.039+0000] {logging_mixin.py:120} INFO - [2023-08-19T03:18:26.039+0000] {dag.py:2585} INFO - Sync 1 DAGs
[2023-08-19T03:18:26.062+0000] {logging_mixin.py:120} INFO - [2023-08-19T03:18:26.062+0000] {dag.py:3340} INFO - Setting next_dagrun for example_trigger_controller_dag to 2021-01-01T00:00:00+00:00, run_after=2021-01-01T00:00:00+00:00
[2023-08-19T03:18:26.082+0000] {processor.py:176} INFO - Processing /home/airflow/.local/lib/python3.7/site-packages/airflow/example_dags/example_trigger_controller_dag.py took 0.092 seconds
[2023-08-19T03:18:56.424+0000] {processor.py:154} INFO - Started process (PID=506) to work on /home/airflow/.local/lib/python3.7/site-packages/airflow/example_dags/example_trigger_controller_dag.py
[2023-08-19T03:18:56.425+0000] {processor.py:756} INFO - Processing file /home/airflow/.local/lib/python3.7/site-packages/airflow/example_dags/example_trigger_controller_dag.py for tasks to queue
[2023-08-19T03:18:56.426+0000] {logging_mixin.py:120} INFO - [2023-08-19T03:18:56.426+0000] {dagbag.py:537} INFO - Filling up the DagBag from /home/airflow/.local/lib/python3.7/site-packages/airflow/example_dags/example_trigger_controller_dag.py
[2023-08-19T03:18:56.435+0000] {processor.py:766} INFO - DAG(s) dict_keys(['example_trigger_controller_dag']) retrieved from /home/airflow/.local/lib/python3.7/site-packages/airflow/example_dags/example_trigger_controller_dag.py
[2023-08-19T03:18:56.470+0000] {logging_mixin.py:120} INFO - [2023-08-19T03:18:56.470+0000] {dag.py:2585} INFO - Sync 1 DAGs
[2023-08-19T03:18:56.488+0000] {logging_mixin.py:120} INFO - [2023-08-19T03:18:56.488+0000] {dag.py:3340} INFO - Setting next_dagrun for example_trigger_controller_dag to 2021-01-01T00:00:00+00:00, run_after=2021-01-01T00:00:00+00:00
[2023-08-19T03:18:56.506+0000] {processor.py:176} INFO - Processing /home/airflow/.local/lib/python3.7/site-packages/airflow/example_dags/example_trigger_controller_dag.py took 0.085 seconds
[2023-08-19T03:19:26.722+0000] {processor.py:154} INFO - Started process (PID=570) to work on /home/airflow/.local/lib/python3.7/site-packages/airflow/example_dags/example_trigger_controller_dag.py
[2023-08-19T03:19:26.723+0000] {processor.py:756} INFO - Processing file /home/airflow/.local/lib/python3.7/site-packages/airflow/example_dags/example_trigger_controller_dag.py for tasks to queue
[2023-08-19T03:19:26.723+0000] {logging_mixin.py:120} INFO - [2023-08-19T03:19:26.723+0000] {dagbag.py:537} INFO - Filling up the DagBag from /home/airflow/.local/lib/python3.7/site-packages/airflow/example_dags/example_trigger_controller_dag.py
[2023-08-19T03:19:26.734+0000] {processor.py:766} INFO - DAG(s) dict_keys(['example_trigger_controller_dag']) retrieved from /home/airflow/.local/lib/python3.7/site-packages/airflow/example_dags/example_trigger_controller_dag.py
[2023-08-19T03:19:26.772+0000] {logging_mixin.py:120} INFO - [2023-08-19T03:19:26.772+0000] {dag.py:2585} INFO - Sync 1 DAGs
[2023-08-19T03:19:26.793+0000] {logging_mixin.py:120} INFO - [2023-08-19T03:19:26.793+0000] {dag.py:3340} INFO - Setting next_dagrun for example_trigger_controller_dag to 2021-01-01T00:00:00+00:00, run_after=2021-01-01T00:00:00+00:00
[2023-08-19T03:19:26.814+0000] {processor.py:176} INFO - Processing /home/airflow/.local/lib/python3.7/site-packages/airflow/example_dags/example_trigger_controller_dag.py took 0.096 seconds
[2023-08-19T03:19:57.038+0000] {processor.py:154} INFO - Started process (PID=625) to work on /home/airflow/.local/lib/python3.7/site-packages/airflow/example_dags/example_trigger_controller_dag.py
[2023-08-19T03:19:57.039+0000] {processor.py:756} INFO - Processing file /home/airflow/.local/lib/python3.7/site-packages/airflow/example_dags/example_trigger_controller_dag.py for tasks to queue
[2023-08-19T03:19:57.040+0000] {logging_mixin.py:120} INFO - [2023-08-19T03:19:57.040+0000] {dagbag.py:537} INFO - Filling up the DagBag from /home/airflow/.local/lib/python3.7/site-packages/airflow/example_dags/example_trigger_controller_dag.py
[2023-08-19T03:19:57.049+0000] {processor.py:766} INFO - DAG(s) dict_keys(['example_trigger_controller_dag']) retrieved from /home/airflow/.local/lib/python3.7/site-packages/airflow/example_dags/example_trigger_controller_dag.py
[2023-08-19T03:19:57.085+0000] {logging_mixin.py:120} INFO - [2023-08-19T03:19:57.085+0000] {dag.py:2585} INFO - Sync 1 DAGs
[2023-08-19T03:19:57.104+0000] {logging_mixin.py:120} INFO - [2023-08-19T03:19:57.104+0000] {dag.py:3340} INFO - Setting next_dagrun for example_trigger_controller_dag to 2021-01-01T00:00:00+00:00, run_after=2021-01-01T00:00:00+00:00
[2023-08-19T03:19:57.125+0000] {processor.py:176} INFO - Processing /home/airflow/.local/lib/python3.7/site-packages/airflow/example_dags/example_trigger_controller_dag.py took 0.090 seconds
[2023-08-19T03:20:27.359+0000] {processor.py:154} INFO - Started process (PID=688) to work on /home/airflow/.local/lib/python3.7/site-packages/airflow/example_dags/example_trigger_controller_dag.py
[2023-08-19T03:20:27.360+0000] {processor.py:756} INFO - Processing file /home/airflow/.local/lib/python3.7/site-packages/airflow/example_dags/example_trigger_controller_dag.py for tasks to queue
[2023-08-19T03:20:27.360+0000] {logging_mixin.py:120} INFO - [2023-08-19T03:20:27.360+0000] {dagbag.py:537} INFO - Filling up the DagBag from /home/airflow/.local/lib/python3.7/site-packages/airflow/example_dags/example_trigger_controller_dag.py
[2023-08-19T03:20:27.370+0000] {processor.py:766} INFO - DAG(s) dict_keys(['example_trigger_controller_dag']) retrieved from /home/airflow/.local/lib/python3.7/site-packages/airflow/example_dags/example_trigger_controller_dag.py
[2023-08-19T03:20:27.407+0000] {logging_mixin.py:120} INFO - [2023-08-19T03:20:27.406+0000] {dag.py:2585} INFO - Sync 1 DAGs
[2023-08-19T03:20:27.427+0000] {logging_mixin.py:120} INFO - [2023-08-19T03:20:27.427+0000] {dag.py:3340} INFO - Setting next_dagrun for example_trigger_controller_dag to 2021-01-01T00:00:00+00:00, run_after=2021-01-01T00:00:00+00:00
[2023-08-19T03:20:27.447+0000] {processor.py:176} INFO - Processing /home/airflow/.local/lib/python3.7/site-packages/airflow/example_dags/example_trigger_controller_dag.py took 0.091 seconds
[2023-08-19T03:20:57.621+0000] {processor.py:154} INFO - Started process (PID=751) to work on /home/airflow/.local/lib/python3.7/site-packages/airflow/example_dags/example_trigger_controller_dag.py
[2023-08-19T03:20:57.623+0000] {processor.py:756} INFO - Processing file /home/airflow/.local/lib/python3.7/site-packages/airflow/example_dags/example_trigger_controller_dag.py for tasks to queue
[2023-08-19T03:20:57.623+0000] {logging_mixin.py:120} INFO - [2023-08-19T03:20:57.623+0000] {dagbag.py:537} INFO - Filling up the DagBag from /home/airflow/.local/lib/python3.7/site-packages/airflow/example_dags/example_trigger_controller_dag.py
[2023-08-19T03:20:57.633+0000] {processor.py:766} INFO - DAG(s) dict_keys(['example_trigger_controller_dag']) retrieved from /home/airflow/.local/lib/python3.7/site-packages/airflow/example_dags/example_trigger_controller_dag.py
[2023-08-19T03:20:57.670+0000] {logging_mixin.py:120} INFO - [2023-08-19T03:20:57.670+0000] {dag.py:2585} INFO - Sync 1 DAGs
[2023-08-19T03:20:57.691+0000] {logging_mixin.py:120} INFO - [2023-08-19T03:20:57.691+0000] {dag.py:3340} INFO - Setting next_dagrun for example_trigger_controller_dag to 2021-01-01T00:00:00+00:00, run_after=2021-01-01T00:00:00+00:00
[2023-08-19T03:20:57.713+0000] {processor.py:176} INFO - Processing /home/airflow/.local/lib/python3.7/site-packages/airflow/example_dags/example_trigger_controller_dag.py took 0.094 seconds
