[2023-08-19T03:15:23.560+0000] {processor.py:154} INFO - Started process (PID=86) to work on /home/airflow/.local/lib/python3.7/site-packages/airflow/example_dags/example_external_task_marker_dag.py
[2023-08-19T03:15:23.561+0000] {processor.py:756} INFO - Processing file /home/airflow/.local/lib/python3.7/site-packages/airflow/example_dags/example_external_task_marker_dag.py for tasks to queue
[2023-08-19T03:15:23.562+0000] {logging_mixin.py:120} INFO - [2023-08-19T03:15:23.562+0000] {dagbag.py:537} INFO - Filling up the DagBag from /home/airflow/.local/lib/python3.7/site-packages/airflow/example_dags/example_external_task_marker_dag.py
[2023-08-19T03:15:23.576+0000] {processor.py:766} INFO - DAG(s) dict_keys(['example_external_task_marker_child', 'example_external_task_marker_parent']) retrieved from /home/airflow/.local/lib/python3.7/site-packages/airflow/example_dags/example_external_task_marker_dag.py
[2023-08-19T03:15:23.866+0000] {logging_mixin.py:120} INFO - [2023-08-19T03:15:23.865+0000] {manager.py:507} INFO - Created Permission View: can read on DAG:example_external_task_marker_child
[2023-08-19T03:15:23.878+0000] {logging_mixin.py:120} INFO - [2023-08-19T03:15:23.878+0000] {manager.py:507} INFO - Created Permission View: can delete on DAG:example_external_task_marker_child
[2023-08-19T03:15:23.888+0000] {logging_mixin.py:120} INFO - [2023-08-19T03:15:23.888+0000] {manager.py:507} INFO - Created Permission View: can edit on DAG:example_external_task_marker_child
[2023-08-19T03:15:23.906+0000] {logging_mixin.py:120} INFO - [2023-08-19T03:15:23.906+0000] {manager.py:507} INFO - Created Permission View: can read on DAG:example_external_task_marker_parent
[2023-08-19T03:15:23.915+0000] {logging_mixin.py:120} INFO - [2023-08-19T03:15:23.915+0000] {manager.py:507} INFO - Created Permission View: can delete on DAG:example_external_task_marker_parent
[2023-08-19T03:15:23.924+0000] {logging_mixin.py:120} INFO - [2023-08-19T03:15:23.924+0000] {manager.py:507} INFO - Created Permission View: can edit on DAG:example_external_task_marker_parent
[2023-08-19T03:15:23.925+0000] {logging_mixin.py:120} INFO - [2023-08-19T03:15:23.925+0000] {dag.py:2585} INFO - Sync 2 DAGs
[2023-08-19T03:15:23.937+0000] {logging_mixin.py:120} INFO - [2023-08-19T03:15:23.937+0000] {dag.py:2606} INFO - Creating ORM DAG for example_external_task_marker_child
[2023-08-19T03:15:23.938+0000] {logging_mixin.py:120} INFO - [2023-08-19T03:15:23.938+0000] {dag.py:2606} INFO - Creating ORM DAG for example_external_task_marker_parent
[2023-08-19T03:15:23.948+0000] {logging_mixin.py:120} INFO - [2023-08-19T03:15:23.948+0000] {dag.py:3340} INFO - Setting next_dagrun for example_external_task_marker_child to None, run_after=None
[2023-08-19T03:15:23.949+0000] {logging_mixin.py:120} INFO - [2023-08-19T03:15:23.949+0000] {dag.py:3340} INFO - Setting next_dagrun for example_external_task_marker_parent to None, run_after=None
[2023-08-19T03:15:23.969+0000] {processor.py:176} INFO - Processing /home/airflow/.local/lib/python3.7/site-packages/airflow/example_dags/example_external_task_marker_dag.py took 0.412 seconds
[2023-08-19T03:15:54.361+0000] {processor.py:154} INFO - Started process (PID=140) to work on /home/airflow/.local/lib/python3.7/site-packages/airflow/example_dags/example_external_task_marker_dag.py
[2023-08-19T03:15:54.362+0000] {processor.py:756} INFO - Processing file /home/airflow/.local/lib/python3.7/site-packages/airflow/example_dags/example_external_task_marker_dag.py for tasks to queue
[2023-08-19T03:15:54.363+0000] {logging_mixin.py:120} INFO - [2023-08-19T03:15:54.362+0000] {dagbag.py:537} INFO - Filling up the DagBag from /home/airflow/.local/lib/python3.7/site-packages/airflow/example_dags/example_external_task_marker_dag.py
[2023-08-19T03:15:54.375+0000] {processor.py:766} INFO - DAG(s) dict_keys(['example_external_task_marker_parent', 'example_external_task_marker_child']) retrieved from /home/airflow/.local/lib/python3.7/site-packages/airflow/example_dags/example_external_task_marker_dag.py
[2023-08-19T03:15:54.585+0000] {logging_mixin.py:120} INFO - [2023-08-19T03:15:54.585+0000] {dag.py:2585} INFO - Sync 2 DAGs
[2023-08-19T03:15:54.607+0000] {logging_mixin.py:120} INFO - [2023-08-19T03:15:54.607+0000] {dag.py:3340} INFO - Setting next_dagrun for example_external_task_marker_child to None, run_after=None
[2023-08-19T03:15:54.611+0000] {logging_mixin.py:120} INFO - [2023-08-19T03:15:54.611+0000] {dag.py:3340} INFO - Setting next_dagrun for example_external_task_marker_parent to None, run_after=None
[2023-08-19T03:15:54.629+0000] {processor.py:176} INFO - Processing /home/airflow/.local/lib/python3.7/site-packages/airflow/example_dags/example_external_task_marker_dag.py took 0.271 seconds
[2023-08-19T03:16:24.668+0000] {processor.py:154} INFO - Started process (PID=203) to work on /home/airflow/.local/lib/python3.7/site-packages/airflow/example_dags/example_external_task_marker_dag.py
[2023-08-19T03:16:24.669+0000] {processor.py:756} INFO - Processing file /home/airflow/.local/lib/python3.7/site-packages/airflow/example_dags/example_external_task_marker_dag.py for tasks to queue
[2023-08-19T03:16:24.670+0000] {logging_mixin.py:120} INFO - [2023-08-19T03:16:24.670+0000] {dagbag.py:537} INFO - Filling up the DagBag from /home/airflow/.local/lib/python3.7/site-packages/airflow/example_dags/example_external_task_marker_dag.py
[2023-08-19T03:16:24.682+0000] {processor.py:766} INFO - DAG(s) dict_keys(['example_external_task_marker_parent', 'example_external_task_marker_child']) retrieved from /home/airflow/.local/lib/python3.7/site-packages/airflow/example_dags/example_external_task_marker_dag.py
[2023-08-19T03:16:24.841+0000] {logging_mixin.py:120} INFO - [2023-08-19T03:16:24.841+0000] {dag.py:2585} INFO - Sync 2 DAGs
[2023-08-19T03:16:24.863+0000] {logging_mixin.py:120} INFO - [2023-08-19T03:16:24.863+0000] {dag.py:3340} INFO - Setting next_dagrun for example_external_task_marker_child to None, run_after=None
[2023-08-19T03:16:24.866+0000] {logging_mixin.py:120} INFO - [2023-08-19T03:16:24.866+0000] {dag.py:3340} INFO - Setting next_dagrun for example_external_task_marker_parent to None, run_after=None
[2023-08-19T03:16:24.885+0000] {processor.py:176} INFO - Processing /home/airflow/.local/lib/python3.7/site-packages/airflow/example_dags/example_external_task_marker_dag.py took 0.220 seconds
[2023-08-19T03:16:55.023+0000] {processor.py:154} INFO - Started process (PID=266) to work on /home/airflow/.local/lib/python3.7/site-packages/airflow/example_dags/example_external_task_marker_dag.py
[2023-08-19T03:16:55.024+0000] {processor.py:756} INFO - Processing file /home/airflow/.local/lib/python3.7/site-packages/airflow/example_dags/example_external_task_marker_dag.py for tasks to queue
[2023-08-19T03:16:55.024+0000] {logging_mixin.py:120} INFO - [2023-08-19T03:16:55.024+0000] {dagbag.py:537} INFO - Filling up the DagBag from /home/airflow/.local/lib/python3.7/site-packages/airflow/example_dags/example_external_task_marker_dag.py
[2023-08-19T03:16:55.036+0000] {processor.py:766} INFO - DAG(s) dict_keys(['example_external_task_marker_child', 'example_external_task_marker_parent']) retrieved from /home/airflow/.local/lib/python3.7/site-packages/airflow/example_dags/example_external_task_marker_dag.py
[2023-08-19T03:16:55.197+0000] {logging_mixin.py:120} INFO - [2023-08-19T03:16:55.197+0000] {dag.py:2585} INFO - Sync 2 DAGs
[2023-08-19T03:16:55.219+0000] {logging_mixin.py:120} INFO - [2023-08-19T03:16:55.219+0000] {dag.py:3340} INFO - Setting next_dagrun for example_external_task_marker_child to None, run_after=None
[2023-08-19T03:16:55.222+0000] {logging_mixin.py:120} INFO - [2023-08-19T03:16:55.222+0000] {dag.py:3340} INFO - Setting next_dagrun for example_external_task_marker_parent to None, run_after=None
[2023-08-19T03:16:55.238+0000] {processor.py:176} INFO - Processing /home/airflow/.local/lib/python3.7/site-packages/airflow/example_dags/example_external_task_marker_dag.py took 0.218 seconds
[2023-08-19T03:17:25.514+0000] {processor.py:154} INFO - Started process (PID=330) to work on /home/airflow/.local/lib/python3.7/site-packages/airflow/example_dags/example_external_task_marker_dag.py
[2023-08-19T03:17:25.515+0000] {processor.py:756} INFO - Processing file /home/airflow/.local/lib/python3.7/site-packages/airflow/example_dags/example_external_task_marker_dag.py for tasks to queue
[2023-08-19T03:17:25.516+0000] {logging_mixin.py:120} INFO - [2023-08-19T03:17:25.516+0000] {dagbag.py:537} INFO - Filling up the DagBag from /home/airflow/.local/lib/python3.7/site-packages/airflow/example_dags/example_external_task_marker_dag.py
[2023-08-19T03:17:25.528+0000] {processor.py:766} INFO - DAG(s) dict_keys(['example_external_task_marker_child', 'example_external_task_marker_parent']) retrieved from /home/airflow/.local/lib/python3.7/site-packages/airflow/example_dags/example_external_task_marker_dag.py
[2023-08-19T03:17:25.690+0000] {logging_mixin.py:120} INFO - [2023-08-19T03:17:25.690+0000] {dag.py:2585} INFO - Sync 2 DAGs
[2023-08-19T03:17:25.713+0000] {logging_mixin.py:120} INFO - [2023-08-19T03:17:25.712+0000] {dag.py:3340} INFO - Setting next_dagrun for example_external_task_marker_child to None, run_after=None
[2023-08-19T03:17:25.716+0000] {logging_mixin.py:120} INFO - [2023-08-19T03:17:25.716+0000] {dag.py:3340} INFO - Setting next_dagrun for example_external_task_marker_parent to None, run_after=None
[2023-08-19T03:17:25.733+0000] {processor.py:176} INFO - Processing /home/airflow/.local/lib/python3.7/site-packages/airflow/example_dags/example_external_task_marker_dag.py took 0.222 seconds
[2023-08-19T03:17:56.095+0000] {processor.py:154} INFO - Started process (PID=384) to work on /home/airflow/.local/lib/python3.7/site-packages/airflow/example_dags/example_external_task_marker_dag.py
[2023-08-19T03:17:56.096+0000] {processor.py:756} INFO - Processing file /home/airflow/.local/lib/python3.7/site-packages/airflow/example_dags/example_external_task_marker_dag.py for tasks to queue
[2023-08-19T03:17:56.097+0000] {logging_mixin.py:120} INFO - [2023-08-19T03:17:56.097+0000] {dagbag.py:537} INFO - Filling up the DagBag from /home/airflow/.local/lib/python3.7/site-packages/airflow/example_dags/example_external_task_marker_dag.py
[2023-08-19T03:17:56.109+0000] {processor.py:766} INFO - DAG(s) dict_keys(['example_external_task_marker_child', 'example_external_task_marker_parent']) retrieved from /home/airflow/.local/lib/python3.7/site-packages/airflow/example_dags/example_external_task_marker_dag.py
[2023-08-19T03:17:56.270+0000] {logging_mixin.py:120} INFO - [2023-08-19T03:17:56.269+0000] {dag.py:2585} INFO - Sync 2 DAGs
[2023-08-19T03:17:56.295+0000] {logging_mixin.py:120} INFO - [2023-08-19T03:17:56.294+0000] {dag.py:3340} INFO - Setting next_dagrun for example_external_task_marker_child to None, run_after=None
[2023-08-19T03:17:56.298+0000] {logging_mixin.py:120} INFO - [2023-08-19T03:17:56.298+0000] {dag.py:3340} INFO - Setting next_dagrun for example_external_task_marker_parent to None, run_after=None
[2023-08-19T03:17:56.317+0000] {processor.py:176} INFO - Processing /home/airflow/.local/lib/python3.7/site-packages/airflow/example_dags/example_external_task_marker_dag.py took 0.224 seconds
[2023-08-19T03:18:27.115+0000] {processor.py:154} INFO - Started process (PID=447) to work on /home/airflow/.local/lib/python3.7/site-packages/airflow/example_dags/example_external_task_marker_dag.py
[2023-08-19T03:18:27.116+0000] {processor.py:756} INFO - Processing file /home/airflow/.local/lib/python3.7/site-packages/airflow/example_dags/example_external_task_marker_dag.py for tasks to queue
[2023-08-19T03:18:27.116+0000] {logging_mixin.py:120} INFO - [2023-08-19T03:18:27.116+0000] {dagbag.py:537} INFO - Filling up the DagBag from /home/airflow/.local/lib/python3.7/site-packages/airflow/example_dags/example_external_task_marker_dag.py
[2023-08-19T03:18:27.128+0000] {processor.py:766} INFO - DAG(s) dict_keys(['example_external_task_marker_parent', 'example_external_task_marker_child']) retrieved from /home/airflow/.local/lib/python3.7/site-packages/airflow/example_dags/example_external_task_marker_dag.py
[2023-08-19T03:18:27.307+0000] {logging_mixin.py:120} INFO - [2023-08-19T03:18:27.306+0000] {dag.py:2585} INFO - Sync 2 DAGs
[2023-08-19T03:18:27.328+0000] {logging_mixin.py:120} INFO - [2023-08-19T03:18:27.328+0000] {dag.py:3340} INFO - Setting next_dagrun for example_external_task_marker_child to None, run_after=None
[2023-08-19T03:18:27.331+0000] {logging_mixin.py:120} INFO - [2023-08-19T03:18:27.331+0000] {dag.py:3340} INFO - Setting next_dagrun for example_external_task_marker_parent to None, run_after=None
[2023-08-19T03:18:27.349+0000] {processor.py:176} INFO - Processing /home/airflow/.local/lib/python3.7/site-packages/airflow/example_dags/example_external_task_marker_dag.py took 0.236 seconds
[2023-08-19T03:18:57.539+0000] {processor.py:154} INFO - Started process (PID=510) to work on /home/airflow/.local/lib/python3.7/site-packages/airflow/example_dags/example_external_task_marker_dag.py
[2023-08-19T03:18:57.540+0000] {processor.py:756} INFO - Processing file /home/airflow/.local/lib/python3.7/site-packages/airflow/example_dags/example_external_task_marker_dag.py for tasks to queue
[2023-08-19T03:18:57.541+0000] {logging_mixin.py:120} INFO - [2023-08-19T03:18:57.541+0000] {dagbag.py:537} INFO - Filling up the DagBag from /home/airflow/.local/lib/python3.7/site-packages/airflow/example_dags/example_external_task_marker_dag.py
[2023-08-19T03:18:57.553+0000] {processor.py:766} INFO - DAG(s) dict_keys(['example_external_task_marker_parent', 'example_external_task_marker_child']) retrieved from /home/airflow/.local/lib/python3.7/site-packages/airflow/example_dags/example_external_task_marker_dag.py
[2023-08-19T03:18:57.727+0000] {logging_mixin.py:120} INFO - [2023-08-19T03:18:57.727+0000] {dag.py:2585} INFO - Sync 2 DAGs
[2023-08-19T03:18:57.749+0000] {logging_mixin.py:120} INFO - [2023-08-19T03:18:57.748+0000] {dag.py:3340} INFO - Setting next_dagrun for example_external_task_marker_child to None, run_after=None
[2023-08-19T03:18:57.752+0000] {logging_mixin.py:120} INFO - [2023-08-19T03:18:57.752+0000] {dag.py:3340} INFO - Setting next_dagrun for example_external_task_marker_parent to None, run_after=None
[2023-08-19T03:18:57.768+0000] {processor.py:176} INFO - Processing /home/airflow/.local/lib/python3.7/site-packages/airflow/example_dags/example_external_task_marker_dag.py took 0.231 seconds
[2023-08-19T03:19:27.846+0000] {processor.py:154} INFO - Started process (PID=574) to work on /home/airflow/.local/lib/python3.7/site-packages/airflow/example_dags/example_external_task_marker_dag.py
[2023-08-19T03:19:27.847+0000] {processor.py:756} INFO - Processing file /home/airflow/.local/lib/python3.7/site-packages/airflow/example_dags/example_external_task_marker_dag.py for tasks to queue
[2023-08-19T03:19:27.847+0000] {logging_mixin.py:120} INFO - [2023-08-19T03:19:27.847+0000] {dagbag.py:537} INFO - Filling up the DagBag from /home/airflow/.local/lib/python3.7/site-packages/airflow/example_dags/example_external_task_marker_dag.py
[2023-08-19T03:19:27.859+0000] {processor.py:766} INFO - DAG(s) dict_keys(['example_external_task_marker_child', 'example_external_task_marker_parent']) retrieved from /home/airflow/.local/lib/python3.7/site-packages/airflow/example_dags/example_external_task_marker_dag.py
[2023-08-19T03:19:28.026+0000] {logging_mixin.py:120} INFO - [2023-08-19T03:19:28.026+0000] {dag.py:2585} INFO - Sync 2 DAGs
[2023-08-19T03:19:28.051+0000] {logging_mixin.py:120} INFO - [2023-08-19T03:19:28.051+0000] {dag.py:3340} INFO - Setting next_dagrun for example_external_task_marker_child to None, run_after=None
[2023-08-19T03:19:28.055+0000] {logging_mixin.py:120} INFO - [2023-08-19T03:19:28.055+0000] {dag.py:3340} INFO - Setting next_dagrun for example_external_task_marker_parent to None, run_after=None
[2023-08-19T03:19:28.075+0000] {processor.py:176} INFO - Processing /home/airflow/.local/lib/python3.7/site-packages/airflow/example_dags/example_external_task_marker_dag.py took 0.232 seconds
[2023-08-19T03:19:58.155+0000] {processor.py:154} INFO - Started process (PID=629) to work on /home/airflow/.local/lib/python3.7/site-packages/airflow/example_dags/example_external_task_marker_dag.py
[2023-08-19T03:19:58.156+0000] {processor.py:756} INFO - Processing file /home/airflow/.local/lib/python3.7/site-packages/airflow/example_dags/example_external_task_marker_dag.py for tasks to queue
[2023-08-19T03:19:58.157+0000] {logging_mixin.py:120} INFO - [2023-08-19T03:19:58.157+0000] {dagbag.py:537} INFO - Filling up the DagBag from /home/airflow/.local/lib/python3.7/site-packages/airflow/example_dags/example_external_task_marker_dag.py
[2023-08-19T03:19:58.169+0000] {processor.py:766} INFO - DAG(s) dict_keys(['example_external_task_marker_child', 'example_external_task_marker_parent']) retrieved from /home/airflow/.local/lib/python3.7/site-packages/airflow/example_dags/example_external_task_marker_dag.py
[2023-08-19T03:19:58.331+0000] {logging_mixin.py:120} INFO - [2023-08-19T03:19:58.331+0000] {dag.py:2585} INFO - Sync 2 DAGs
[2023-08-19T03:19:58.350+0000] {logging_mixin.py:120} INFO - [2023-08-19T03:19:58.350+0000] {dag.py:3340} INFO - Setting next_dagrun for example_external_task_marker_child to None, run_after=None
[2023-08-19T03:19:58.353+0000] {logging_mixin.py:120} INFO - [2023-08-19T03:19:58.353+0000] {dag.py:3340} INFO - Setting next_dagrun for example_external_task_marker_parent to None, run_after=None
[2023-08-19T03:19:58.371+0000] {processor.py:176} INFO - Processing /home/airflow/.local/lib/python3.7/site-packages/airflow/example_dags/example_external_task_marker_dag.py took 0.219 seconds
[2023-08-19T03:20:28.479+0000] {processor.py:154} INFO - Started process (PID=692) to work on /home/airflow/.local/lib/python3.7/site-packages/airflow/example_dags/example_external_task_marker_dag.py
[2023-08-19T03:20:28.480+0000] {processor.py:756} INFO - Processing file /home/airflow/.local/lib/python3.7/site-packages/airflow/example_dags/example_external_task_marker_dag.py for tasks to queue
[2023-08-19T03:20:28.481+0000] {logging_mixin.py:120} INFO - [2023-08-19T03:20:28.481+0000] {dagbag.py:537} INFO - Filling up the DagBag from /home/airflow/.local/lib/python3.7/site-packages/airflow/example_dags/example_external_task_marker_dag.py
[2023-08-19T03:20:28.492+0000] {processor.py:766} INFO - DAG(s) dict_keys(['example_external_task_marker_child', 'example_external_task_marker_parent']) retrieved from /home/airflow/.local/lib/python3.7/site-packages/airflow/example_dags/example_external_task_marker_dag.py
[2023-08-19T03:20:28.655+0000] {logging_mixin.py:120} INFO - [2023-08-19T03:20:28.655+0000] {dag.py:2585} INFO - Sync 2 DAGs
[2023-08-19T03:20:28.677+0000] {logging_mixin.py:120} INFO - [2023-08-19T03:20:28.677+0000] {dag.py:3340} INFO - Setting next_dagrun for example_external_task_marker_child to None, run_after=None
[2023-08-19T03:20:28.681+0000] {logging_mixin.py:120} INFO - [2023-08-19T03:20:28.681+0000] {dag.py:3340} INFO - Setting next_dagrun for example_external_task_marker_parent to None, run_after=None
[2023-08-19T03:20:28.698+0000] {processor.py:176} INFO - Processing /home/airflow/.local/lib/python3.7/site-packages/airflow/example_dags/example_external_task_marker_dag.py took 0.222 seconds
[2023-08-19T03:20:58.746+0000] {processor.py:154} INFO - Started process (PID=755) to work on /home/airflow/.local/lib/python3.7/site-packages/airflow/example_dags/example_external_task_marker_dag.py
[2023-08-19T03:20:58.747+0000] {processor.py:756} INFO - Processing file /home/airflow/.local/lib/python3.7/site-packages/airflow/example_dags/example_external_task_marker_dag.py for tasks to queue
[2023-08-19T03:20:58.748+0000] {logging_mixin.py:120} INFO - [2023-08-19T03:20:58.747+0000] {dagbag.py:537} INFO - Filling up the DagBag from /home/airflow/.local/lib/python3.7/site-packages/airflow/example_dags/example_external_task_marker_dag.py
[2023-08-19T03:20:58.765+0000] {processor.py:766} INFO - DAG(s) dict_keys(['example_external_task_marker_parent', 'example_external_task_marker_child']) retrieved from /home/airflow/.local/lib/python3.7/site-packages/airflow/example_dags/example_external_task_marker_dag.py
[2023-08-19T03:20:58.936+0000] {logging_mixin.py:120} INFO - [2023-08-19T03:20:58.936+0000] {dag.py:2585} INFO - Sync 2 DAGs
[2023-08-19T03:20:58.959+0000] {logging_mixin.py:120} INFO - [2023-08-19T03:20:58.959+0000] {dag.py:3340} INFO - Setting next_dagrun for example_external_task_marker_child to None, run_after=None
[2023-08-19T03:20:58.963+0000] {logging_mixin.py:120} INFO - [2023-08-19T03:20:58.963+0000] {dag.py:3340} INFO - Setting next_dagrun for example_external_task_marker_parent to None, run_after=None
[2023-08-19T03:20:58.983+0000] {processor.py:176} INFO - Processing /home/airflow/.local/lib/python3.7/site-packages/airflow/example_dags/example_external_task_marker_dag.py took 0.240 seconds
