[2023-08-19T03:15:19.118+0000] {processor.py:154} INFO - Started process (PID=50) to work on /home/airflow/.local/lib/python3.7/site-packages/airflow/example_dags/example_branch_labels.py
[2023-08-19T03:15:19.119+0000] {processor.py:756} INFO - Processing file /home/airflow/.local/lib/python3.7/site-packages/airflow/example_dags/example_branch_labels.py for tasks to queue
[2023-08-19T03:15:19.119+0000] {logging_mixin.py:120} INFO - [2023-08-19T03:15:19.119+0000] {dagbag.py:537} INFO - Filling up the DagBag from /home/airflow/.local/lib/python3.7/site-packages/airflow/example_dags/example_branch_labels.py
[2023-08-19T03:15:19.134+0000] {processor.py:766} INFO - DAG(s) dict_keys(['example_branch_labels']) retrieved from /home/airflow/.local/lib/python3.7/site-packages/airflow/example_dags/example_branch_labels.py
[2023-08-19T03:15:19.253+0000] {logging_mixin.py:120} INFO - [2023-08-19T03:15:19.252+0000] {manager.py:507} INFO - Created Permission View: can read on DAG:example_branch_labels
[2023-08-19T03:15:19.292+0000] {logging_mixin.py:120} INFO - [2023-08-19T03:15:19.291+0000] {manager.py:507} INFO - Created Permission View: can delete on DAG:example_branch_labels
[2023-08-19T03:15:19.309+0000] {logging_mixin.py:120} INFO - [2023-08-19T03:15:19.309+0000] {manager.py:507} INFO - Created Permission View: can edit on DAG:example_branch_labels
[2023-08-19T03:15:19.311+0000] {logging_mixin.py:120} INFO - [2023-08-19T03:15:19.311+0000] {dag.py:2585} INFO - Sync 1 DAGs
[2023-08-19T03:15:19.330+0000] {logging_mixin.py:120} INFO - [2023-08-19T03:15:19.330+0000] {dag.py:2606} INFO - Creating ORM DAG for example_branch_labels
[2023-08-19T03:15:19.342+0000] {logging_mixin.py:120} INFO - [2023-08-19T03:15:19.342+0000] {dag.py:3340} INFO - Setting next_dagrun for example_branch_labels to 2023-08-18T00:00:00+00:00, run_after=2023-08-19T00:00:00+00:00
[2023-08-19T03:15:19.363+0000] {processor.py:176} INFO - Processing /home/airflow/.local/lib/python3.7/site-packages/airflow/example_dags/example_branch_labels.py took 0.248 seconds
[2023-08-19T03:15:49.445+0000] {processor.py:154} INFO - Started process (PID=113) to work on /home/airflow/.local/lib/python3.7/site-packages/airflow/example_dags/example_branch_labels.py
[2023-08-19T03:15:49.446+0000] {processor.py:756} INFO - Processing file /home/airflow/.local/lib/python3.7/site-packages/airflow/example_dags/example_branch_labels.py for tasks to queue
[2023-08-19T03:15:49.447+0000] {logging_mixin.py:120} INFO - [2023-08-19T03:15:49.447+0000] {dagbag.py:537} INFO - Filling up the DagBag from /home/airflow/.local/lib/python3.7/site-packages/airflow/example_dags/example_branch_labels.py
[2023-08-19T03:15:49.460+0000] {processor.py:766} INFO - DAG(s) dict_keys(['example_branch_labels']) retrieved from /home/airflow/.local/lib/python3.7/site-packages/airflow/example_dags/example_branch_labels.py
[2023-08-19T03:15:49.492+0000] {logging_mixin.py:120} INFO - [2023-08-19T03:15:49.492+0000] {dag.py:2585} INFO - Sync 1 DAGs
[2023-08-19T03:15:49.512+0000] {logging_mixin.py:120} INFO - [2023-08-19T03:15:49.512+0000] {dag.py:3340} INFO - Setting next_dagrun for example_branch_labels to 2023-08-18T00:00:00+00:00, run_after=2023-08-19T00:00:00+00:00
[2023-08-19T03:15:49.530+0000] {processor.py:176} INFO - Processing /home/airflow/.local/lib/python3.7/site-packages/airflow/example_dags/example_branch_labels.py took 0.087 seconds
[2023-08-19T03:16:20.115+0000] {processor.py:154} INFO - Started process (PID=177) to work on /home/airflow/.local/lib/python3.7/site-packages/airflow/example_dags/example_branch_labels.py
[2023-08-19T03:16:20.117+0000] {processor.py:756} INFO - Processing file /home/airflow/.local/lib/python3.7/site-packages/airflow/example_dags/example_branch_labels.py for tasks to queue
[2023-08-19T03:16:20.117+0000] {logging_mixin.py:120} INFO - [2023-08-19T03:16:20.117+0000] {dagbag.py:537} INFO - Filling up the DagBag from /home/airflow/.local/lib/python3.7/site-packages/airflow/example_dags/example_branch_labels.py
[2023-08-19T03:16:20.130+0000] {processor.py:766} INFO - DAG(s) dict_keys(['example_branch_labels']) retrieved from /home/airflow/.local/lib/python3.7/site-packages/airflow/example_dags/example_branch_labels.py
[2023-08-19T03:16:20.166+0000] {logging_mixin.py:120} INFO - [2023-08-19T03:16:20.166+0000] {dag.py:2585} INFO - Sync 1 DAGs
[2023-08-19T03:16:20.187+0000] {logging_mixin.py:120} INFO - [2023-08-19T03:16:20.187+0000] {dag.py:3340} INFO - Setting next_dagrun for example_branch_labels to 2023-08-18T00:00:00+00:00, run_after=2023-08-19T00:00:00+00:00
[2023-08-19T03:16:20.205+0000] {processor.py:176} INFO - Processing /home/airflow/.local/lib/python3.7/site-packages/airflow/example_dags/example_branch_labels.py took 0.092 seconds
[2023-08-19T03:16:50.379+0000] {processor.py:154} INFO - Started process (PID=240) to work on /home/airflow/.local/lib/python3.7/site-packages/airflow/example_dags/example_branch_labels.py
[2023-08-19T03:16:50.380+0000] {processor.py:756} INFO - Processing file /home/airflow/.local/lib/python3.7/site-packages/airflow/example_dags/example_branch_labels.py for tasks to queue
[2023-08-19T03:16:50.380+0000] {logging_mixin.py:120} INFO - [2023-08-19T03:16:50.380+0000] {dagbag.py:537} INFO - Filling up the DagBag from /home/airflow/.local/lib/python3.7/site-packages/airflow/example_dags/example_branch_labels.py
[2023-08-19T03:16:50.393+0000] {processor.py:766} INFO - DAG(s) dict_keys(['example_branch_labels']) retrieved from /home/airflow/.local/lib/python3.7/site-packages/airflow/example_dags/example_branch_labels.py
[2023-08-19T03:16:50.429+0000] {logging_mixin.py:120} INFO - [2023-08-19T03:16:50.428+0000] {dag.py:2585} INFO - Sync 1 DAGs
[2023-08-19T03:16:50.452+0000] {logging_mixin.py:120} INFO - [2023-08-19T03:16:50.452+0000] {dag.py:3340} INFO - Setting next_dagrun for example_branch_labels to 2023-08-18T00:00:00+00:00, run_after=2023-08-19T00:00:00+00:00
[2023-08-19T03:16:50.473+0000] {processor.py:176} INFO - Processing /home/airflow/.local/lib/python3.7/site-packages/airflow/example_dags/example_branch_labels.py took 0.097 seconds
[2023-08-19T03:17:20.748+0000] {processor.py:154} INFO - Started process (PID=294) to work on /home/airflow/.local/lib/python3.7/site-packages/airflow/example_dags/example_branch_labels.py
[2023-08-19T03:17:20.750+0000] {processor.py:756} INFO - Processing file /home/airflow/.local/lib/python3.7/site-packages/airflow/example_dags/example_branch_labels.py for tasks to queue
[2023-08-19T03:17:20.751+0000] {logging_mixin.py:120} INFO - [2023-08-19T03:17:20.750+0000] {dagbag.py:537} INFO - Filling up the DagBag from /home/airflow/.local/lib/python3.7/site-packages/airflow/example_dags/example_branch_labels.py
[2023-08-19T03:17:20.766+0000] {processor.py:766} INFO - DAG(s) dict_keys(['example_branch_labels']) retrieved from /home/airflow/.local/lib/python3.7/site-packages/airflow/example_dags/example_branch_labels.py
[2023-08-19T03:17:20.806+0000] {logging_mixin.py:120} INFO - [2023-08-19T03:17:20.806+0000] {dag.py:2585} INFO - Sync 1 DAGs
[2023-08-19T03:17:20.828+0000] {logging_mixin.py:120} INFO - [2023-08-19T03:17:20.828+0000] {dag.py:3340} INFO - Setting next_dagrun for example_branch_labels to 2023-08-18T00:00:00+00:00, run_after=2023-08-19T00:00:00+00:00
[2023-08-19T03:17:20.847+0000] {processor.py:176} INFO - Processing /home/airflow/.local/lib/python3.7/site-packages/airflow/example_dags/example_branch_labels.py took 0.102 seconds
[2023-08-19T03:17:51.315+0000] {processor.py:154} INFO - Started process (PID=357) to work on /home/airflow/.local/lib/python3.7/site-packages/airflow/example_dags/example_branch_labels.py
[2023-08-19T03:17:51.316+0000] {processor.py:756} INFO - Processing file /home/airflow/.local/lib/python3.7/site-packages/airflow/example_dags/example_branch_labels.py for tasks to queue
[2023-08-19T03:17:51.317+0000] {logging_mixin.py:120} INFO - [2023-08-19T03:17:51.317+0000] {dagbag.py:537} INFO - Filling up the DagBag from /home/airflow/.local/lib/python3.7/site-packages/airflow/example_dags/example_branch_labels.py
[2023-08-19T03:17:51.329+0000] {processor.py:766} INFO - DAG(s) dict_keys(['example_branch_labels']) retrieved from /home/airflow/.local/lib/python3.7/site-packages/airflow/example_dags/example_branch_labels.py
[2023-08-19T03:17:51.365+0000] {logging_mixin.py:120} INFO - [2023-08-19T03:17:51.365+0000] {dag.py:2585} INFO - Sync 1 DAGs
[2023-08-19T03:17:51.389+0000] {logging_mixin.py:120} INFO - [2023-08-19T03:17:51.388+0000] {dag.py:3340} INFO - Setting next_dagrun for example_branch_labels to 2023-08-18T00:00:00+00:00, run_after=2023-08-19T00:00:00+00:00
[2023-08-19T03:17:51.409+0000] {processor.py:176} INFO - Processing /home/airflow/.local/lib/python3.7/site-packages/airflow/example_dags/example_branch_labels.py took 0.096 seconds
[2023-08-19T03:18:21.956+0000] {processor.py:154} INFO - Started process (PID=420) to work on /home/airflow/.local/lib/python3.7/site-packages/airflow/example_dags/example_branch_labels.py
[2023-08-19T03:18:21.957+0000] {processor.py:756} INFO - Processing file /home/airflow/.local/lib/python3.7/site-packages/airflow/example_dags/example_branch_labels.py for tasks to queue
[2023-08-19T03:18:21.959+0000] {logging_mixin.py:120} INFO - [2023-08-19T03:18:21.958+0000] {dagbag.py:537} INFO - Filling up the DagBag from /home/airflow/.local/lib/python3.7/site-packages/airflow/example_dags/example_branch_labels.py
[2023-08-19T03:18:21.991+0000] {processor.py:766} INFO - DAG(s) dict_keys(['example_branch_labels']) retrieved from /home/airflow/.local/lib/python3.7/site-packages/airflow/example_dags/example_branch_labels.py
[2023-08-19T03:18:22.043+0000] {logging_mixin.py:120} INFO - [2023-08-19T03:18:22.043+0000] {dag.py:2585} INFO - Sync 1 DAGs
[2023-08-19T03:18:22.082+0000] {logging_mixin.py:120} INFO - [2023-08-19T03:18:22.081+0000] {dag.py:3340} INFO - Setting next_dagrun for example_branch_labels to 2023-08-18T00:00:00+00:00, run_after=2023-08-19T00:00:00+00:00
[2023-08-19T03:18:22.107+0000] {processor.py:176} INFO - Processing /home/airflow/.local/lib/python3.7/site-packages/airflow/example_dags/example_branch_labels.py took 0.155 seconds
[2023-08-19T03:18:52.858+0000] {processor.py:154} INFO - Started process (PID=483) to work on /home/airflow/.local/lib/python3.7/site-packages/airflow/example_dags/example_branch_labels.py
[2023-08-19T03:18:52.859+0000] {processor.py:756} INFO - Processing file /home/airflow/.local/lib/python3.7/site-packages/airflow/example_dags/example_branch_labels.py for tasks to queue
[2023-08-19T03:18:52.860+0000] {logging_mixin.py:120} INFO - [2023-08-19T03:18:52.860+0000] {dagbag.py:537} INFO - Filling up the DagBag from /home/airflow/.local/lib/python3.7/site-packages/airflow/example_dags/example_branch_labels.py
[2023-08-19T03:18:52.887+0000] {processor.py:766} INFO - DAG(s) dict_keys(['example_branch_labels']) retrieved from /home/airflow/.local/lib/python3.7/site-packages/airflow/example_dags/example_branch_labels.py
[2023-08-19T03:18:52.942+0000] {logging_mixin.py:120} INFO - [2023-08-19T03:18:52.942+0000] {dag.py:2585} INFO - Sync 1 DAGs
[2023-08-19T03:18:52.977+0000] {logging_mixin.py:120} INFO - [2023-08-19T03:18:52.977+0000] {dag.py:3340} INFO - Setting next_dagrun for example_branch_labels to 2023-08-18T00:00:00+00:00, run_after=2023-08-19T00:00:00+00:00
[2023-08-19T03:18:53.000+0000] {processor.py:176} INFO - Processing /home/airflow/.local/lib/python3.7/site-packages/airflow/example_dags/example_branch_labels.py took 0.146 seconds
[2023-08-19T03:19:23.234+0000] {processor.py:154} INFO - Started process (PID=538) to work on /home/airflow/.local/lib/python3.7/site-packages/airflow/example_dags/example_branch_labels.py
[2023-08-19T03:19:23.235+0000] {processor.py:756} INFO - Processing file /home/airflow/.local/lib/python3.7/site-packages/airflow/example_dags/example_branch_labels.py for tasks to queue
[2023-08-19T03:19:23.235+0000] {logging_mixin.py:120} INFO - [2023-08-19T03:19:23.235+0000] {dagbag.py:537} INFO - Filling up the DagBag from /home/airflow/.local/lib/python3.7/site-packages/airflow/example_dags/example_branch_labels.py
[2023-08-19T03:19:23.248+0000] {processor.py:766} INFO - DAG(s) dict_keys(['example_branch_labels']) retrieved from /home/airflow/.local/lib/python3.7/site-packages/airflow/example_dags/example_branch_labels.py
[2023-08-19T03:19:23.284+0000] {logging_mixin.py:120} INFO - [2023-08-19T03:19:23.284+0000] {dag.py:2585} INFO - Sync 1 DAGs
[2023-08-19T03:19:23.305+0000] {logging_mixin.py:120} INFO - [2023-08-19T03:19:23.305+0000] {dag.py:3340} INFO - Setting next_dagrun for example_branch_labels to 2023-08-18T00:00:00+00:00, run_after=2023-08-19T00:00:00+00:00
[2023-08-19T03:19:23.323+0000] {processor.py:176} INFO - Processing /home/airflow/.local/lib/python3.7/site-packages/airflow/example_dags/example_branch_labels.py took 0.092 seconds
[2023-08-19T03:19:53.546+0000] {processor.py:154} INFO - Started process (PID=602) to work on /home/airflow/.local/lib/python3.7/site-packages/airflow/example_dags/example_branch_labels.py
[2023-08-19T03:19:53.547+0000] {processor.py:756} INFO - Processing file /home/airflow/.local/lib/python3.7/site-packages/airflow/example_dags/example_branch_labels.py for tasks to queue
[2023-08-19T03:19:53.548+0000] {logging_mixin.py:120} INFO - [2023-08-19T03:19:53.548+0000] {dagbag.py:537} INFO - Filling up the DagBag from /home/airflow/.local/lib/python3.7/site-packages/airflow/example_dags/example_branch_labels.py
[2023-08-19T03:19:53.562+0000] {processor.py:766} INFO - DAG(s) dict_keys(['example_branch_labels']) retrieved from /home/airflow/.local/lib/python3.7/site-packages/airflow/example_dags/example_branch_labels.py
[2023-08-19T03:19:53.598+0000] {logging_mixin.py:120} INFO - [2023-08-19T03:19:53.598+0000] {dag.py:2585} INFO - Sync 1 DAGs
[2023-08-19T03:19:53.620+0000] {logging_mixin.py:120} INFO - [2023-08-19T03:19:53.620+0000] {dag.py:3340} INFO - Setting next_dagrun for example_branch_labels to 2023-08-18T00:00:00+00:00, run_after=2023-08-19T00:00:00+00:00
[2023-08-19T03:19:53.641+0000] {processor.py:176} INFO - Processing /home/airflow/.local/lib/python3.7/site-packages/airflow/example_dags/example_branch_labels.py took 0.097 seconds
[2023-08-19T03:20:23.827+0000] {processor.py:154} INFO - Started process (PID=665) to work on /home/airflow/.local/lib/python3.7/site-packages/airflow/example_dags/example_branch_labels.py
[2023-08-19T03:20:23.828+0000] {processor.py:756} INFO - Processing file /home/airflow/.local/lib/python3.7/site-packages/airflow/example_dags/example_branch_labels.py for tasks to queue
[2023-08-19T03:20:23.828+0000] {logging_mixin.py:120} INFO - [2023-08-19T03:20:23.828+0000] {dagbag.py:537} INFO - Filling up the DagBag from /home/airflow/.local/lib/python3.7/site-packages/airflow/example_dags/example_branch_labels.py
[2023-08-19T03:20:23.841+0000] {processor.py:766} INFO - DAG(s) dict_keys(['example_branch_labels']) retrieved from /home/airflow/.local/lib/python3.7/site-packages/airflow/example_dags/example_branch_labels.py
[2023-08-19T03:20:23.874+0000] {logging_mixin.py:120} INFO - [2023-08-19T03:20:23.874+0000] {dag.py:2585} INFO - Sync 1 DAGs
[2023-08-19T03:20:23.896+0000] {logging_mixin.py:120} INFO - [2023-08-19T03:20:23.896+0000] {dag.py:3340} INFO - Setting next_dagrun for example_branch_labels to 2023-08-18T00:00:00+00:00, run_after=2023-08-19T00:00:00+00:00
[2023-08-19T03:20:23.915+0000] {processor.py:176} INFO - Processing /home/airflow/.local/lib/python3.7/site-packages/airflow/example_dags/example_branch_labels.py took 0.091 seconds
[2023-08-19T03:20:54.111+0000] {processor.py:154} INFO - Started process (PID=719) to work on /home/airflow/.local/lib/python3.7/site-packages/airflow/example_dags/example_branch_labels.py
[2023-08-19T03:20:54.112+0000] {processor.py:756} INFO - Processing file /home/airflow/.local/lib/python3.7/site-packages/airflow/example_dags/example_branch_labels.py for tasks to queue
[2023-08-19T03:20:54.112+0000] {logging_mixin.py:120} INFO - [2023-08-19T03:20:54.112+0000] {dagbag.py:537} INFO - Filling up the DagBag from /home/airflow/.local/lib/python3.7/site-packages/airflow/example_dags/example_branch_labels.py
[2023-08-19T03:20:54.125+0000] {processor.py:766} INFO - DAG(s) dict_keys(['example_branch_labels']) retrieved from /home/airflow/.local/lib/python3.7/site-packages/airflow/example_dags/example_branch_labels.py
[2023-08-19T03:20:54.160+0000] {logging_mixin.py:120} INFO - [2023-08-19T03:20:54.160+0000] {dag.py:2585} INFO - Sync 1 DAGs
[2023-08-19T03:20:54.180+0000] {logging_mixin.py:120} INFO - [2023-08-19T03:20:54.180+0000] {dag.py:3340} INFO - Setting next_dagrun for example_branch_labels to 2023-08-18T00:00:00+00:00, run_after=2023-08-19T00:00:00+00:00
[2023-08-19T03:20:54.197+0000] {processor.py:176} INFO - Processing /home/airflow/.local/lib/python3.7/site-packages/airflow/example_dags/example_branch_labels.py took 0.089 seconds
[2023-08-19T03:21:24.448+0000] {processor.py:154} INFO - Started process (PID=782) to work on /home/airflow/.local/lib/python3.7/site-packages/airflow/example_dags/example_branch_labels.py
[2023-08-19T03:21:24.449+0000] {processor.py:756} INFO - Processing file /home/airflow/.local/lib/python3.7/site-packages/airflow/example_dags/example_branch_labels.py for tasks to queue
[2023-08-19T03:21:24.450+0000] {logging_mixin.py:120} INFO - [2023-08-19T03:21:24.450+0000] {dagbag.py:537} INFO - Filling up the DagBag from /home/airflow/.local/lib/python3.7/site-packages/airflow/example_dags/example_branch_labels.py
[2023-08-19T03:21:24.464+0000] {processor.py:766} INFO - DAG(s) dict_keys(['example_branch_labels']) retrieved from /home/airflow/.local/lib/python3.7/site-packages/airflow/example_dags/example_branch_labels.py
[2023-08-19T03:21:24.499+0000] {logging_mixin.py:120} INFO - [2023-08-19T03:21:24.499+0000] {dag.py:2585} INFO - Sync 1 DAGs
[2023-08-19T03:21:24.521+0000] {logging_mixin.py:120} INFO - [2023-08-19T03:21:24.520+0000] {dag.py:3340} INFO - Setting next_dagrun for example_branch_labels to 2023-08-18T00:00:00+00:00, run_after=2023-08-19T00:00:00+00:00
[2023-08-19T03:21:24.539+0000] {processor.py:176} INFO - Processing /home/airflow/.local/lib/python3.7/site-packages/airflow/example_dags/example_branch_labels.py took 0.095 seconds
