[2023-08-19T03:34:17.793+0000] {processor.py:154} INFO - Started process (PID=48) to work on /home/airflow/.local/lib/python3.7/site-packages/airflow/example_dags/example_kubernetes_executor.py
[2023-08-19T03:34:17.794+0000] {processor.py:756} INFO - Processing file /home/airflow/.local/lib/python3.7/site-packages/airflow/example_dags/example_kubernetes_executor.py for tasks to queue
[2023-08-19T03:34:17.794+0000] {logging_mixin.py:120} INFO - [2023-08-19T03:34:17.794+0000] {dagbag.py:537} INFO - Filling up the DagBag from /home/airflow/.local/lib/python3.7/site-packages/airflow/example_dags/example_kubernetes_executor.py
[2023-08-19T03:34:17.820+0000] {processor.py:766} INFO - DAG(s) dict_keys(['example_kubernetes_executor']) retrieved from /home/airflow/.local/lib/python3.7/site-packages/airflow/example_dags/example_kubernetes_executor.py
[2023-08-19T03:34:17.840+0000] {logging_mixin.py:120} INFO - [2023-08-19T03:34:17.840+0000] {dag.py:2585} INFO - Sync 1 DAGs
[2023-08-19T03:34:17.864+0000] {logging_mixin.py:120} INFO - [2023-08-19T03:34:17.864+0000] {dag.py:3340} INFO - Setting next_dagrun for example_kubernetes_executor to None, run_after=None
[2023-08-19T03:34:17.882+0000] {processor.py:176} INFO - Processing /home/airflow/.local/lib/python3.7/site-packages/airflow/example_dags/example_kubernetes_executor.py took 0.092 seconds
[2023-08-19T03:47:35.366+0000] {processor.py:154} INFO - Started process (PID=48) to work on /home/airflow/.local/lib/python3.7/site-packages/airflow/example_dags/example_kubernetes_executor.py
[2023-08-19T03:47:35.367+0000] {processor.py:756} INFO - Processing file /home/airflow/.local/lib/python3.7/site-packages/airflow/example_dags/example_kubernetes_executor.py for tasks to queue
[2023-08-19T03:47:35.368+0000] {logging_mixin.py:120} INFO - [2023-08-19T03:47:35.368+0000] {dagbag.py:537} INFO - Filling up the DagBag from /home/airflow/.local/lib/python3.7/site-packages/airflow/example_dags/example_kubernetes_executor.py
[2023-08-19T03:47:35.393+0000] {processor.py:766} INFO - DAG(s) dict_keys(['example_kubernetes_executor']) retrieved from /home/airflow/.local/lib/python3.7/site-packages/airflow/example_dags/example_kubernetes_executor.py
[2023-08-19T03:47:35.415+0000] {logging_mixin.py:120} INFO - [2023-08-19T03:47:35.415+0000] {dag.py:2585} INFO - Sync 1 DAGs
[2023-08-19T03:47:35.439+0000] {logging_mixin.py:120} INFO - [2023-08-19T03:47:35.439+0000] {dag.py:3340} INFO - Setting next_dagrun for example_kubernetes_executor to None, run_after=None
[2023-08-19T03:47:35.458+0000] {processor.py:176} INFO - Processing /home/airflow/.local/lib/python3.7/site-packages/airflow/example_dags/example_kubernetes_executor.py took 0.095 seconds
[2023-08-19T03:48:05.666+0000] {processor.py:154} INFO - Started process (PID=111) to work on /home/airflow/.local/lib/python3.7/site-packages/airflow/example_dags/example_kubernetes_executor.py
[2023-08-19T03:48:05.667+0000] {processor.py:756} INFO - Processing file /home/airflow/.local/lib/python3.7/site-packages/airflow/example_dags/example_kubernetes_executor.py for tasks to queue
[2023-08-19T03:48:05.668+0000] {logging_mixin.py:120} INFO - [2023-08-19T03:48:05.668+0000] {dagbag.py:537} INFO - Filling up the DagBag from /home/airflow/.local/lib/python3.7/site-packages/airflow/example_dags/example_kubernetes_executor.py
[2023-08-19T03:48:05.692+0000] {processor.py:766} INFO - DAG(s) dict_keys(['example_kubernetes_executor']) retrieved from /home/airflow/.local/lib/python3.7/site-packages/airflow/example_dags/example_kubernetes_executor.py
[2023-08-19T03:48:05.726+0000] {logging_mixin.py:120} INFO - [2023-08-19T03:48:05.726+0000] {dag.py:2585} INFO - Sync 1 DAGs
[2023-08-19T03:48:05.746+0000] {logging_mixin.py:120} INFO - [2023-08-19T03:48:05.745+0000] {dag.py:3340} INFO - Setting next_dagrun for example_kubernetes_executor to None, run_after=None
[2023-08-19T03:48:05.766+0000] {processor.py:176} INFO - Processing /home/airflow/.local/lib/python3.7/site-packages/airflow/example_dags/example_kubernetes_executor.py took 0.102 seconds
[2023-08-19T03:48:36.662+0000] {processor.py:154} INFO - Started process (PID=175) to work on /home/airflow/.local/lib/python3.7/site-packages/airflow/example_dags/example_kubernetes_executor.py
[2023-08-19T03:48:36.663+0000] {processor.py:756} INFO - Processing file /home/airflow/.local/lib/python3.7/site-packages/airflow/example_dags/example_kubernetes_executor.py for tasks to queue
[2023-08-19T03:48:36.664+0000] {logging_mixin.py:120} INFO - [2023-08-19T03:48:36.664+0000] {dagbag.py:537} INFO - Filling up the DagBag from /home/airflow/.local/lib/python3.7/site-packages/airflow/example_dags/example_kubernetes_executor.py
[2023-08-19T03:48:36.696+0000] {processor.py:766} INFO - DAG(s) dict_keys(['example_kubernetes_executor']) retrieved from /home/airflow/.local/lib/python3.7/site-packages/airflow/example_dags/example_kubernetes_executor.py
[2023-08-19T03:48:36.736+0000] {logging_mixin.py:120} INFO - [2023-08-19T03:48:36.736+0000] {dag.py:2585} INFO - Sync 1 DAGs
[2023-08-19T03:48:36.760+0000] {logging_mixin.py:120} INFO - [2023-08-19T03:48:36.760+0000] {dag.py:3340} INFO - Setting next_dagrun for example_kubernetes_executor to None, run_after=None
[2023-08-19T03:48:36.782+0000] {processor.py:176} INFO - Processing /home/airflow/.local/lib/python3.7/site-packages/airflow/example_dags/example_kubernetes_executor.py took 0.122 seconds
[2023-08-19T03:49:07.326+0000] {processor.py:154} INFO - Started process (PID=229) to work on /home/airflow/.local/lib/python3.7/site-packages/airflow/example_dags/example_kubernetes_executor.py
[2023-08-19T03:49:07.327+0000] {processor.py:756} INFO - Processing file /home/airflow/.local/lib/python3.7/site-packages/airflow/example_dags/example_kubernetes_executor.py for tasks to queue
[2023-08-19T03:49:07.328+0000] {logging_mixin.py:120} INFO - [2023-08-19T03:49:07.327+0000] {dagbag.py:537} INFO - Filling up the DagBag from /home/airflow/.local/lib/python3.7/site-packages/airflow/example_dags/example_kubernetes_executor.py
[2023-08-19T03:49:07.351+0000] {processor.py:766} INFO - DAG(s) dict_keys(['example_kubernetes_executor']) retrieved from /home/airflow/.local/lib/python3.7/site-packages/airflow/example_dags/example_kubernetes_executor.py
[2023-08-19T03:49:07.388+0000] {logging_mixin.py:120} INFO - [2023-08-19T03:49:07.388+0000] {dag.py:2585} INFO - Sync 1 DAGs
[2023-08-19T03:49:07.410+0000] {logging_mixin.py:120} INFO - [2023-08-19T03:49:07.410+0000] {dag.py:3340} INFO - Setting next_dagrun for example_kubernetes_executor to None, run_after=None
[2023-08-19T03:49:07.434+0000] {processor.py:176} INFO - Processing /home/airflow/.local/lib/python3.7/site-packages/airflow/example_dags/example_kubernetes_executor.py took 0.111 seconds
