[2023-08-19T03:34:18.934+0000] {processor.py:154} INFO - Started process (PID=62) to work on /home/airflow/.local/lib/python3.7/site-packages/airflow/example_dags/example_latest_only.py
[2023-08-19T03:34:18.935+0000] {processor.py:756} INFO - Processing file /home/airflow/.local/lib/python3.7/site-packages/airflow/example_dags/example_latest_only.py for tasks to queue
[2023-08-19T03:34:18.936+0000] {logging_mixin.py:120} INFO - [2023-08-19T03:34:18.936+0000] {dagbag.py:537} INFO - Filling up the DagBag from /home/airflow/.local/lib/python3.7/site-packages/airflow/example_dags/example_latest_only.py
[2023-08-19T03:34:18.949+0000] {processor.py:766} INFO - DAG(s) dict_keys(['latest_only']) retrieved from /home/airflow/.local/lib/python3.7/site-packages/airflow/example_dags/example_latest_only.py
[2023-08-19T03:34:18.976+0000] {logging_mixin.py:120} INFO - [2023-08-19T03:34:18.976+0000] {dag.py:2585} INFO - Sync 1 DAGs
[2023-08-19T03:34:19.000+0000] {logging_mixin.py:120} INFO - [2023-08-19T03:34:18.999+0000] {dag.py:3340} INFO - Setting next_dagrun for latest_only to 2023-08-18T23:34:18.999637+00:00, run_after=2023-08-19T03:34:18.999637+00:00
[2023-08-19T03:34:19.021+0000] {processor.py:176} INFO - Processing /home/airflow/.local/lib/python3.7/site-packages/airflow/example_dags/example_latest_only.py took 0.089 seconds
[2023-08-19T03:47:36.297+0000] {processor.py:154} INFO - Started process (PID=62) to work on /home/airflow/.local/lib/python3.7/site-packages/airflow/example_dags/example_latest_only.py
[2023-08-19T03:47:36.298+0000] {processor.py:756} INFO - Processing file /home/airflow/.local/lib/python3.7/site-packages/airflow/example_dags/example_latest_only.py for tasks to queue
[2023-08-19T03:47:36.299+0000] {logging_mixin.py:120} INFO - [2023-08-19T03:47:36.299+0000] {dagbag.py:537} INFO - Filling up the DagBag from /home/airflow/.local/lib/python3.7/site-packages/airflow/example_dags/example_latest_only.py
[2023-08-19T03:47:36.312+0000] {processor.py:766} INFO - DAG(s) dict_keys(['latest_only']) retrieved from /home/airflow/.local/lib/python3.7/site-packages/airflow/example_dags/example_latest_only.py
[2023-08-19T03:47:36.333+0000] {logging_mixin.py:120} INFO - [2023-08-19T03:47:36.333+0000] {dag.py:2585} INFO - Sync 1 DAGs
[2023-08-19T03:47:36.355+0000] {logging_mixin.py:120} INFO - [2023-08-19T03:47:36.355+0000] {dag.py:3340} INFO - Setting next_dagrun for latest_only to 2023-08-18T23:47:36.355307+00:00, run_after=2023-08-19T03:47:36.355307+00:00
[2023-08-19T03:47:36.376+0000] {processor.py:176} INFO - Processing /home/airflow/.local/lib/python3.7/site-packages/airflow/example_dags/example_latest_only.py took 0.082 seconds
[2023-08-19T03:48:06.741+0000] {processor.py:154} INFO - Started process (PID=125) to work on /home/airflow/.local/lib/python3.7/site-packages/airflow/example_dags/example_latest_only.py
[2023-08-19T03:48:06.742+0000] {processor.py:756} INFO - Processing file /home/airflow/.local/lib/python3.7/site-packages/airflow/example_dags/example_latest_only.py for tasks to queue
[2023-08-19T03:48:06.743+0000] {logging_mixin.py:120} INFO - [2023-08-19T03:48:06.743+0000] {dagbag.py:537} INFO - Filling up the DagBag from /home/airflow/.local/lib/python3.7/site-packages/airflow/example_dags/example_latest_only.py
[2023-08-19T03:48:06.757+0000] {processor.py:766} INFO - DAG(s) dict_keys(['latest_only']) retrieved from /home/airflow/.local/lib/python3.7/site-packages/airflow/example_dags/example_latest_only.py
[2023-08-19T03:48:06.791+0000] {logging_mixin.py:120} INFO - [2023-08-19T03:48:06.791+0000] {dag.py:2585} INFO - Sync 1 DAGs
[2023-08-19T03:48:06.813+0000] {logging_mixin.py:120} INFO - [2023-08-19T03:48:06.813+0000] {dag.py:3340} INFO - Setting next_dagrun for latest_only to 2023-08-18T23:48:06.812770+00:00, run_after=2023-08-19T03:48:06.812770+00:00
[2023-08-19T03:48:06.832+0000] {processor.py:176} INFO - Processing /home/airflow/.local/lib/python3.7/site-packages/airflow/example_dags/example_latest_only.py took 0.094 seconds
[2023-08-19T03:48:37.711+0000] {processor.py:154} INFO - Started process (PID=189) to work on /home/airflow/.local/lib/python3.7/site-packages/airflow/example_dags/example_latest_only.py
[2023-08-19T03:48:37.712+0000] {processor.py:756} INFO - Processing file /home/airflow/.local/lib/python3.7/site-packages/airflow/example_dags/example_latest_only.py for tasks to queue
[2023-08-19T03:48:37.712+0000] {logging_mixin.py:120} INFO - [2023-08-19T03:48:37.712+0000] {dagbag.py:537} INFO - Filling up the DagBag from /home/airflow/.local/lib/python3.7/site-packages/airflow/example_dags/example_latest_only.py
[2023-08-19T03:48:37.724+0000] {processor.py:766} INFO - DAG(s) dict_keys(['latest_only']) retrieved from /home/airflow/.local/lib/python3.7/site-packages/airflow/example_dags/example_latest_only.py
[2023-08-19T03:48:37.760+0000] {logging_mixin.py:120} INFO - [2023-08-19T03:48:37.760+0000] {dag.py:2585} INFO - Sync 1 DAGs
[2023-08-19T03:48:37.783+0000] {logging_mixin.py:120} INFO - [2023-08-19T03:48:37.783+0000] {dag.py:3340} INFO - Setting next_dagrun for latest_only to 2023-08-18T23:48:37.782818+00:00, run_after=2023-08-19T03:48:37.782818+00:00
[2023-08-19T03:48:37.804+0000] {processor.py:176} INFO - Processing /home/airflow/.local/lib/python3.7/site-packages/airflow/example_dags/example_latest_only.py took 0.096 seconds
[2023-08-19T03:49:08.452+0000] {processor.py:154} INFO - Started process (PID=243) to work on /home/airflow/.local/lib/python3.7/site-packages/airflow/example_dags/example_latest_only.py
[2023-08-19T03:49:08.453+0000] {processor.py:756} INFO - Processing file /home/airflow/.local/lib/python3.7/site-packages/airflow/example_dags/example_latest_only.py for tasks to queue
[2023-08-19T03:49:08.454+0000] {logging_mixin.py:120} INFO - [2023-08-19T03:49:08.454+0000] {dagbag.py:537} INFO - Filling up the DagBag from /home/airflow/.local/lib/python3.7/site-packages/airflow/example_dags/example_latest_only.py
[2023-08-19T03:49:08.468+0000] {processor.py:766} INFO - DAG(s) dict_keys(['latest_only']) retrieved from /home/airflow/.local/lib/python3.7/site-packages/airflow/example_dags/example_latest_only.py
[2023-08-19T03:49:08.502+0000] {logging_mixin.py:120} INFO - [2023-08-19T03:49:08.502+0000] {dag.py:2585} INFO - Sync 1 DAGs
[2023-08-19T03:49:08.523+0000] {logging_mixin.py:120} INFO - [2023-08-19T03:49:08.523+0000] {dag.py:3340} INFO - Setting next_dagrun for latest_only to 2023-08-18T23:49:08.523214+00:00, run_after=2023-08-19T03:49:08.523214+00:00
[2023-08-19T03:49:08.544+0000] {processor.py:176} INFO - Processing /home/airflow/.local/lib/python3.7/site-packages/airflow/example_dags/example_latest_only.py took 0.094 seconds
