[2023-08-19T03:34:18.132+0000] {processor.py:154} INFO - Started process (PID=53) to work on /home/airflow/.local/lib/python3.7/site-packages/airflow/example_dags/example_task_group.py
[2023-08-19T03:34:18.133+0000] {processor.py:756} INFO - Processing file /home/airflow/.local/lib/python3.7/site-packages/airflow/example_dags/example_task_group.py for tasks to queue
[2023-08-19T03:34:18.134+0000] {logging_mixin.py:120} INFO - [2023-08-19T03:34:18.134+0000] {dagbag.py:537} INFO - Filling up the DagBag from /home/airflow/.local/lib/python3.7/site-packages/airflow/example_dags/example_task_group.py
[2023-08-19T03:34:18.149+0000] {processor.py:766} INFO - DAG(s) dict_keys(['example_task_group']) retrieved from /home/airflow/.local/lib/python3.7/site-packages/airflow/example_dags/example_task_group.py
[2023-08-19T03:34:18.172+0000] {logging_mixin.py:120} INFO - [2023-08-19T03:34:18.172+0000] {dag.py:2585} INFO - Sync 1 DAGs
[2023-08-19T03:34:18.193+0000] {logging_mixin.py:120} INFO - [2023-08-19T03:34:18.193+0000] {dag.py:3340} INFO - Setting next_dagrun for example_task_group to 2023-08-18T03:34:18.192869+00:00, run_after=2023-08-19T03:34:18.192869+00:00
[2023-08-19T03:34:18.211+0000] {processor.py:176} INFO - Processing /home/airflow/.local/lib/python3.7/site-packages/airflow/example_dags/example_task_group.py took 0.082 seconds
[2023-08-19T03:47:35.707+0000] {processor.py:154} INFO - Started process (PID=53) to work on /home/airflow/.local/lib/python3.7/site-packages/airflow/example_dags/example_task_group.py
[2023-08-19T03:47:35.708+0000] {processor.py:756} INFO - Processing file /home/airflow/.local/lib/python3.7/site-packages/airflow/example_dags/example_task_group.py for tasks to queue
[2023-08-19T03:47:35.709+0000] {logging_mixin.py:120} INFO - [2023-08-19T03:47:35.709+0000] {dagbag.py:537} INFO - Filling up the DagBag from /home/airflow/.local/lib/python3.7/site-packages/airflow/example_dags/example_task_group.py
[2023-08-19T03:47:35.733+0000] {processor.py:766} INFO - DAG(s) dict_keys(['example_task_group']) retrieved from /home/airflow/.local/lib/python3.7/site-packages/airflow/example_dags/example_task_group.py
[2023-08-19T03:47:35.759+0000] {logging_mixin.py:120} INFO - [2023-08-19T03:47:35.759+0000] {dag.py:2585} INFO - Sync 1 DAGs
[2023-08-19T03:47:35.781+0000] {logging_mixin.py:120} INFO - [2023-08-19T03:47:35.781+0000] {dag.py:3340} INFO - Setting next_dagrun for example_task_group to 2023-08-18T03:47:35.781192+00:00, run_after=2023-08-19T03:47:35.781192+00:00
[2023-08-19T03:47:35.800+0000] {processor.py:176} INFO - Processing /home/airflow/.local/lib/python3.7/site-packages/airflow/example_dags/example_task_group.py took 0.095 seconds
[2023-08-19T03:48:06.007+0000] {processor.py:154} INFO - Started process (PID=116) to work on /home/airflow/.local/lib/python3.7/site-packages/airflow/example_dags/example_task_group.py
[2023-08-19T03:48:06.008+0000] {processor.py:756} INFO - Processing file /home/airflow/.local/lib/python3.7/site-packages/airflow/example_dags/example_task_group.py for tasks to queue
[2023-08-19T03:48:06.009+0000] {logging_mixin.py:120} INFO - [2023-08-19T03:48:06.008+0000] {dagbag.py:537} INFO - Filling up the DagBag from /home/airflow/.local/lib/python3.7/site-packages/airflow/example_dags/example_task_group.py
[2023-08-19T03:48:06.025+0000] {processor.py:766} INFO - DAG(s) dict_keys(['example_task_group']) retrieved from /home/airflow/.local/lib/python3.7/site-packages/airflow/example_dags/example_task_group.py
[2023-08-19T03:48:06.065+0000] {logging_mixin.py:120} INFO - [2023-08-19T03:48:06.064+0000] {dag.py:2585} INFO - Sync 1 DAGs
[2023-08-19T03:48:06.089+0000] {logging_mixin.py:120} INFO - [2023-08-19T03:48:06.089+0000] {dag.py:3340} INFO - Setting next_dagrun for example_task_group to 2023-08-18T03:48:06.089107+00:00, run_after=2023-08-19T03:48:06.089107+00:00
[2023-08-19T03:48:06.107+0000] {processor.py:176} INFO - Processing /home/airflow/.local/lib/python3.7/site-packages/airflow/example_dags/example_task_group.py took 0.103 seconds
[2023-08-19T03:48:37.075+0000] {processor.py:154} INFO - Started process (PID=180) to work on /home/airflow/.local/lib/python3.7/site-packages/airflow/example_dags/example_task_group.py
[2023-08-19T03:48:37.076+0000] {processor.py:756} INFO - Processing file /home/airflow/.local/lib/python3.7/site-packages/airflow/example_dags/example_task_group.py for tasks to queue
[2023-08-19T03:48:37.077+0000] {logging_mixin.py:120} INFO - [2023-08-19T03:48:37.077+0000] {dagbag.py:537} INFO - Filling up the DagBag from /home/airflow/.local/lib/python3.7/site-packages/airflow/example_dags/example_task_group.py
[2023-08-19T03:48:37.090+0000] {processor.py:766} INFO - DAG(s) dict_keys(['example_task_group']) retrieved from /home/airflow/.local/lib/python3.7/site-packages/airflow/example_dags/example_task_group.py
[2023-08-19T03:48:37.129+0000] {logging_mixin.py:120} INFO - [2023-08-19T03:48:37.129+0000] {dag.py:2585} INFO - Sync 1 DAGs
[2023-08-19T03:48:37.151+0000] {logging_mixin.py:120} INFO - [2023-08-19T03:48:37.151+0000] {dag.py:3340} INFO - Setting next_dagrun for example_task_group to 2023-08-18T03:48:37.151274+00:00, run_after=2023-08-19T03:48:37.151274+00:00
[2023-08-19T03:48:37.171+0000] {processor.py:176} INFO - Processing /home/airflow/.local/lib/python3.7/site-packages/airflow/example_dags/example_task_group.py took 0.099 seconds
[2023-08-19T03:49:07.582+0000] {processor.py:154} INFO - Started process (PID=233) to work on /home/airflow/.local/lib/python3.7/site-packages/airflow/example_dags/example_task_group.py
[2023-08-19T03:49:07.583+0000] {processor.py:756} INFO - Processing file /home/airflow/.local/lib/python3.7/site-packages/airflow/example_dags/example_task_group.py for tasks to queue
[2023-08-19T03:49:07.584+0000] {logging_mixin.py:120} INFO - [2023-08-19T03:49:07.584+0000] {dagbag.py:537} INFO - Filling up the DagBag from /home/airflow/.local/lib/python3.7/site-packages/airflow/example_dags/example_task_group.py
[2023-08-19T03:49:07.598+0000] {processor.py:766} INFO - DAG(s) dict_keys(['example_task_group']) retrieved from /home/airflow/.local/lib/python3.7/site-packages/airflow/example_dags/example_task_group.py
[2023-08-19T03:49:07.634+0000] {logging_mixin.py:120} INFO - [2023-08-19T03:49:07.634+0000] {dag.py:2585} INFO - Sync 1 DAGs
[2023-08-19T03:49:07.656+0000] {logging_mixin.py:120} INFO - [2023-08-19T03:49:07.656+0000] {dag.py:3340} INFO - Setting next_dagrun for example_task_group to 2023-08-18T03:49:07.656359+00:00, run_after=2023-08-19T03:49:07.656359+00:00
[2023-08-19T03:49:07.676+0000] {processor.py:176} INFO - Processing /home/airflow/.local/lib/python3.7/site-packages/airflow/example_dags/example_task_group.py took 0.097 seconds
