[2023-08-19T03:34:18.130+0000] {processor.py:154} INFO - Started process (PID=52) to work on /home/airflow/.local/lib/python3.7/site-packages/airflow/example_dags/example_dag_decorator.py
[2023-08-19T03:34:18.131+0000] {processor.py:756} INFO - Processing file /home/airflow/.local/lib/python3.7/site-packages/airflow/example_dags/example_dag_decorator.py for tasks to queue
[2023-08-19T03:34:18.132+0000] {logging_mixin.py:120} INFO - [2023-08-19T03:34:18.132+0000] {dagbag.py:537} INFO - Filling up the DagBag from /home/airflow/.local/lib/python3.7/site-packages/airflow/example_dags/example_dag_decorator.py
[2023-08-19T03:34:18.146+0000] {logging_mixin.py:120} INFO - [2023-08-19T03:34:18.146+0000] {taskmixin.py:205} WARNING - Dependency <Task(_PythonDecoratedOperator): prepare_email>, send_email already registered for DAG: example_dag_decorator
[2023-08-19T03:34:18.147+0000] {logging_mixin.py:120} INFO - [2023-08-19T03:34:18.147+0000] {taskmixin.py:205} WARNING - Dependency <Task(EmailOperator): send_email>, prepare_email already registered for DAG: example_dag_decorator
[2023-08-19T03:34:18.162+0000] {processor.py:766} INFO - DAG(s) dict_keys(['example_dag_decorator']) retrieved from /home/airflow/.local/lib/python3.7/site-packages/airflow/example_dags/example_dag_decorator.py
[2023-08-19T03:34:18.182+0000] {logging_mixin.py:120} INFO - [2023-08-19T03:34:18.182+0000] {dag.py:2585} INFO - Sync 1 DAGs
[2023-08-19T03:34:18.203+0000] {logging_mixin.py:120} INFO - [2023-08-19T03:34:18.203+0000] {dag.py:3340} INFO - Setting next_dagrun for example_dag_decorator to None, run_after=None
[2023-08-19T03:34:18.224+0000] {processor.py:176} INFO - Processing /home/airflow/.local/lib/python3.7/site-packages/airflow/example_dags/example_dag_decorator.py took 0.096 seconds
[2023-08-19T03:47:35.591+0000] {processor.py:154} INFO - Started process (PID=52) to work on /home/airflow/.local/lib/python3.7/site-packages/airflow/example_dags/example_dag_decorator.py
[2023-08-19T03:47:35.592+0000] {processor.py:756} INFO - Processing file /home/airflow/.local/lib/python3.7/site-packages/airflow/example_dags/example_dag_decorator.py for tasks to queue
[2023-08-19T03:47:35.593+0000] {logging_mixin.py:120} INFO - [2023-08-19T03:47:35.593+0000] {dagbag.py:537} INFO - Filling up the DagBag from /home/airflow/.local/lib/python3.7/site-packages/airflow/example_dags/example_dag_decorator.py
[2023-08-19T03:47:35.605+0000] {logging_mixin.py:120} INFO - [2023-08-19T03:47:35.605+0000] {taskmixin.py:205} WARNING - Dependency <Task(_PythonDecoratedOperator): prepare_email>, send_email already registered for DAG: example_dag_decorator
[2023-08-19T03:47:35.606+0000] {logging_mixin.py:120} INFO - [2023-08-19T03:47:35.606+0000] {taskmixin.py:205} WARNING - Dependency <Task(EmailOperator): send_email>, prepare_email already registered for DAG: example_dag_decorator
[2023-08-19T03:47:35.618+0000] {processor.py:766} INFO - DAG(s) dict_keys(['example_dag_decorator']) retrieved from /home/airflow/.local/lib/python3.7/site-packages/airflow/example_dags/example_dag_decorator.py
[2023-08-19T03:47:35.640+0000] {logging_mixin.py:120} INFO - [2023-08-19T03:47:35.640+0000] {dag.py:2585} INFO - Sync 1 DAGs
[2023-08-19T03:47:35.661+0000] {logging_mixin.py:120} INFO - [2023-08-19T03:47:35.661+0000] {dag.py:3340} INFO - Setting next_dagrun for example_dag_decorator to None, run_after=None
[2023-08-19T03:47:35.682+0000] {processor.py:176} INFO - Processing /home/airflow/.local/lib/python3.7/site-packages/airflow/example_dags/example_dag_decorator.py took 0.093 seconds
[2023-08-19T03:48:05.901+0000] {processor.py:154} INFO - Started process (PID=115) to work on /home/airflow/.local/lib/python3.7/site-packages/airflow/example_dags/example_dag_decorator.py
[2023-08-19T03:48:05.902+0000] {processor.py:756} INFO - Processing file /home/airflow/.local/lib/python3.7/site-packages/airflow/example_dags/example_dag_decorator.py for tasks to queue
[2023-08-19T03:48:05.903+0000] {logging_mixin.py:120} INFO - [2023-08-19T03:48:05.903+0000] {dagbag.py:537} INFO - Filling up the DagBag from /home/airflow/.local/lib/python3.7/site-packages/airflow/example_dags/example_dag_decorator.py
[2023-08-19T03:48:05.922+0000] {logging_mixin.py:120} INFO - [2023-08-19T03:48:05.921+0000] {taskmixin.py:205} WARNING - Dependency <Task(_PythonDecoratedOperator): prepare_email>, send_email already registered for DAG: example_dag_decorator
[2023-08-19T03:48:05.922+0000] {logging_mixin.py:120} INFO - [2023-08-19T03:48:05.922+0000] {taskmixin.py:205} WARNING - Dependency <Task(EmailOperator): send_email>, prepare_email already registered for DAG: example_dag_decorator
[2023-08-19T03:48:05.933+0000] {processor.py:766} INFO - DAG(s) dict_keys(['example_dag_decorator']) retrieved from /home/airflow/.local/lib/python3.7/site-packages/airflow/example_dags/example_dag_decorator.py
[2023-08-19T03:48:06.002+0000] {logging_mixin.py:120} INFO - [2023-08-19T03:48:06.002+0000] {dag.py:2585} INFO - Sync 1 DAGs
[2023-08-19T03:48:06.023+0000] {logging_mixin.py:120} INFO - [2023-08-19T03:48:06.022+0000] {dag.py:3340} INFO - Setting next_dagrun for example_dag_decorator to None, run_after=None
[2023-08-19T03:48:06.043+0000] {processor.py:176} INFO - Processing /home/airflow/.local/lib/python3.7/site-packages/airflow/example_dags/example_dag_decorator.py took 0.145 seconds
[2023-08-19T03:48:37.075+0000] {processor.py:154} INFO - Started process (PID=179) to work on /home/airflow/.local/lib/python3.7/site-packages/airflow/example_dags/example_dag_decorator.py
[2023-08-19T03:48:37.075+0000] {processor.py:756} INFO - Processing file /home/airflow/.local/lib/python3.7/site-packages/airflow/example_dags/example_dag_decorator.py for tasks to queue
[2023-08-19T03:48:37.076+0000] {logging_mixin.py:120} INFO - [2023-08-19T03:48:37.076+0000] {dagbag.py:537} INFO - Filling up the DagBag from /home/airflow/.local/lib/python3.7/site-packages/airflow/example_dags/example_dag_decorator.py
[2023-08-19T03:48:37.089+0000] {logging_mixin.py:120} INFO - [2023-08-19T03:48:37.089+0000] {taskmixin.py:205} WARNING - Dependency <Task(_PythonDecoratedOperator): prepare_email>, send_email already registered for DAG: example_dag_decorator
[2023-08-19T03:48:37.090+0000] {logging_mixin.py:120} INFO - [2023-08-19T03:48:37.090+0000] {taskmixin.py:205} WARNING - Dependency <Task(EmailOperator): send_email>, prepare_email already registered for DAG: example_dag_decorator
[2023-08-19T03:48:37.100+0000] {processor.py:766} INFO - DAG(s) dict_keys(['example_dag_decorator']) retrieved from /home/airflow/.local/lib/python3.7/site-packages/airflow/example_dags/example_dag_decorator.py
[2023-08-19T03:48:37.168+0000] {logging_mixin.py:120} INFO - [2023-08-19T03:48:37.168+0000] {dag.py:2585} INFO - Sync 1 DAGs
[2023-08-19T03:48:37.192+0000] {logging_mixin.py:120} INFO - [2023-08-19T03:48:37.191+0000] {dag.py:3340} INFO - Setting next_dagrun for example_dag_decorator to None, run_after=None
[2023-08-19T03:48:37.212+0000] {processor.py:176} INFO - Processing /home/airflow/.local/lib/python3.7/site-packages/airflow/example_dags/example_dag_decorator.py took 0.140 seconds
[2023-08-19T03:49:07.685+0000] {processor.py:154} INFO - Started process (PID=234) to work on /home/airflow/.local/lib/python3.7/site-packages/airflow/example_dags/example_dag_decorator.py
[2023-08-19T03:49:07.686+0000] {processor.py:756} INFO - Processing file /home/airflow/.local/lib/python3.7/site-packages/airflow/example_dags/example_dag_decorator.py for tasks to queue
[2023-08-19T03:49:07.687+0000] {logging_mixin.py:120} INFO - [2023-08-19T03:49:07.687+0000] {dagbag.py:537} INFO - Filling up the DagBag from /home/airflow/.local/lib/python3.7/site-packages/airflow/example_dags/example_dag_decorator.py
[2023-08-19T03:49:07.700+0000] {logging_mixin.py:120} INFO - [2023-08-19T03:49:07.700+0000] {taskmixin.py:205} WARNING - Dependency <Task(_PythonDecoratedOperator): prepare_email>, send_email already registered for DAG: example_dag_decorator
[2023-08-19T03:49:07.701+0000] {logging_mixin.py:120} INFO - [2023-08-19T03:49:07.700+0000] {taskmixin.py:205} WARNING - Dependency <Task(EmailOperator): send_email>, prepare_email already registered for DAG: example_dag_decorator
[2023-08-19T03:49:07.712+0000] {processor.py:766} INFO - DAG(s) dict_keys(['example_dag_decorator']) retrieved from /home/airflow/.local/lib/python3.7/site-packages/airflow/example_dags/example_dag_decorator.py
[2023-08-19T03:49:07.777+0000] {logging_mixin.py:120} INFO - [2023-08-19T03:49:07.777+0000] {dag.py:2585} INFO - Sync 1 DAGs
[2023-08-19T03:49:07.796+0000] {logging_mixin.py:120} INFO - [2023-08-19T03:49:07.796+0000] {dag.py:3340} INFO - Setting next_dagrun for example_dag_decorator to None, run_after=None
[2023-08-19T03:49:07.817+0000] {processor.py:176} INFO - Processing /home/airflow/.local/lib/python3.7/site-packages/airflow/example_dags/example_dag_decorator.py took 0.135 seconds
