[2023-08-19T03:15:23.236+0000] {processor.py:154} INFO - Started process (PID=83) to work on /home/airflow/.local/lib/python3.7/site-packages/airflow/example_dags/example_latest_only_with_trigger.py
[2023-08-19T03:15:23.237+0000] {processor.py:756} INFO - Processing file /home/airflow/.local/lib/python3.7/site-packages/airflow/example_dags/example_latest_only_with_trigger.py for tasks to queue
[2023-08-19T03:15:23.238+0000] {logging_mixin.py:120} INFO - [2023-08-19T03:15:23.237+0000] {dagbag.py:537} INFO - Filling up the DagBag from /home/airflow/.local/lib/python3.7/site-packages/airflow/example_dags/example_latest_only_with_trigger.py
[2023-08-19T03:15:23.252+0000] {processor.py:766} INFO - DAG(s) dict_keys(['latest_only_with_trigger']) retrieved from /home/airflow/.local/lib/python3.7/site-packages/airflow/example_dags/example_latest_only_with_trigger.py
[2023-08-19T03:15:23.406+0000] {logging_mixin.py:120} INFO - [2023-08-19T03:15:23.406+0000] {manager.py:507} INFO - Created Permission View: can read on DAG:latest_only_with_trigger
[2023-08-19T03:15:23.420+0000] {logging_mixin.py:120} INFO - [2023-08-19T03:15:23.420+0000] {manager.py:507} INFO - Created Permission View: can delete on DAG:latest_only_with_trigger
[2023-08-19T03:15:23.429+0000] {logging_mixin.py:120} INFO - [2023-08-19T03:15:23.429+0000] {manager.py:507} INFO - Created Permission View: can edit on DAG:latest_only_with_trigger
[2023-08-19T03:15:23.430+0000] {logging_mixin.py:120} INFO - [2023-08-19T03:15:23.429+0000] {dag.py:2585} INFO - Sync 1 DAGs
[2023-08-19T03:15:23.443+0000] {logging_mixin.py:120} INFO - [2023-08-19T03:15:23.442+0000] {dag.py:2606} INFO - Creating ORM DAG for latest_only_with_trigger
[2023-08-19T03:15:23.455+0000] {logging_mixin.py:120} INFO - [2023-08-19T03:15:23.455+0000] {dag.py:3340} INFO - Setting next_dagrun for latest_only_with_trigger to 2023-08-18T23:15:23.454424+00:00, run_after=2023-08-19T03:15:23.454424+00:00
[2023-08-19T03:15:23.478+0000] {processor.py:176} INFO - Processing /home/airflow/.local/lib/python3.7/site-packages/airflow/example_dags/example_latest_only_with_trigger.py took 0.246 seconds
[2023-08-19T03:15:54.109+0000] {processor.py:154} INFO - Started process (PID=137) to work on /home/airflow/.local/lib/python3.7/site-packages/airflow/example_dags/example_latest_only_with_trigger.py
[2023-08-19T03:15:54.110+0000] {processor.py:756} INFO - Processing file /home/airflow/.local/lib/python3.7/site-packages/airflow/example_dags/example_latest_only_with_trigger.py for tasks to queue
[2023-08-19T03:15:54.111+0000] {logging_mixin.py:120} INFO - [2023-08-19T03:15:54.111+0000] {dagbag.py:537} INFO - Filling up the DagBag from /home/airflow/.local/lib/python3.7/site-packages/airflow/example_dags/example_latest_only_with_trigger.py
[2023-08-19T03:15:54.125+0000] {processor.py:766} INFO - DAG(s) dict_keys(['latest_only_with_trigger']) retrieved from /home/airflow/.local/lib/python3.7/site-packages/airflow/example_dags/example_latest_only_with_trigger.py
[2023-08-19T03:15:54.164+0000] {logging_mixin.py:120} INFO - [2023-08-19T03:15:54.163+0000] {dag.py:2585} INFO - Sync 1 DAGs
[2023-08-19T03:15:54.190+0000] {logging_mixin.py:120} INFO - [2023-08-19T03:15:54.190+0000] {dag.py:3340} INFO - Setting next_dagrun for latest_only_with_trigger to 2023-08-18T23:15:54.190100+00:00, run_after=2023-08-19T03:15:54.190100+00:00
[2023-08-19T03:15:54.210+0000] {processor.py:176} INFO - Processing /home/airflow/.local/lib/python3.7/site-packages/airflow/example_dags/example_latest_only_with_trigger.py took 0.104 seconds
[2023-08-19T03:16:24.557+0000] {processor.py:154} INFO - Started process (PID=201) to work on /home/airflow/.local/lib/python3.7/site-packages/airflow/example_dags/example_latest_only_with_trigger.py
[2023-08-19T03:16:24.558+0000] {processor.py:756} INFO - Processing file /home/airflow/.local/lib/python3.7/site-packages/airflow/example_dags/example_latest_only_with_trigger.py for tasks to queue
[2023-08-19T03:16:24.559+0000] {logging_mixin.py:120} INFO - [2023-08-19T03:16:24.559+0000] {dagbag.py:537} INFO - Filling up the DagBag from /home/airflow/.local/lib/python3.7/site-packages/airflow/example_dags/example_latest_only_with_trigger.py
[2023-08-19T03:16:24.571+0000] {processor.py:766} INFO - DAG(s) dict_keys(['latest_only_with_trigger']) retrieved from /home/airflow/.local/lib/python3.7/site-packages/airflow/example_dags/example_latest_only_with_trigger.py
[2023-08-19T03:16:24.605+0000] {logging_mixin.py:120} INFO - [2023-08-19T03:16:24.604+0000] {dag.py:2585} INFO - Sync 1 DAGs
[2023-08-19T03:16:24.625+0000] {logging_mixin.py:120} INFO - [2023-08-19T03:16:24.625+0000] {dag.py:3340} INFO - Setting next_dagrun for latest_only_with_trigger to 2023-08-18T23:16:24.625003+00:00, run_after=2023-08-19T03:16:24.625003+00:00
[2023-08-19T03:16:24.644+0000] {processor.py:176} INFO - Processing /home/airflow/.local/lib/python3.7/site-packages/airflow/example_dags/example_latest_only_with_trigger.py took 0.089 seconds
[2023-08-19T03:16:54.914+0000] {processor.py:154} INFO - Started process (PID=264) to work on /home/airflow/.local/lib/python3.7/site-packages/airflow/example_dags/example_latest_only_with_trigger.py
[2023-08-19T03:16:54.915+0000] {processor.py:756} INFO - Processing file /home/airflow/.local/lib/python3.7/site-packages/airflow/example_dags/example_latest_only_with_trigger.py for tasks to queue
[2023-08-19T03:16:54.916+0000] {logging_mixin.py:120} INFO - [2023-08-19T03:16:54.916+0000] {dagbag.py:537} INFO - Filling up the DagBag from /home/airflow/.local/lib/python3.7/site-packages/airflow/example_dags/example_latest_only_with_trigger.py
[2023-08-19T03:16:54.929+0000] {processor.py:766} INFO - DAG(s) dict_keys(['latest_only_with_trigger']) retrieved from /home/airflow/.local/lib/python3.7/site-packages/airflow/example_dags/example_latest_only_with_trigger.py
[2023-08-19T03:16:54.963+0000] {logging_mixin.py:120} INFO - [2023-08-19T03:16:54.963+0000] {dag.py:2585} INFO - Sync 1 DAGs
[2023-08-19T03:16:54.983+0000] {logging_mixin.py:120} INFO - [2023-08-19T03:16:54.983+0000] {dag.py:3340} INFO - Setting next_dagrun for latest_only_with_trigger to 2023-08-18T23:16:54.983474+00:00, run_after=2023-08-19T03:16:54.983474+00:00
[2023-08-19T03:16:55.003+0000] {processor.py:176} INFO - Processing /home/airflow/.local/lib/python3.7/site-packages/airflow/example_dags/example_latest_only_with_trigger.py took 0.092 seconds
[2023-08-19T03:17:25.358+0000] {processor.py:154} INFO - Started process (PID=327) to work on /home/airflow/.local/lib/python3.7/site-packages/airflow/example_dags/example_latest_only_with_trigger.py
[2023-08-19T03:17:25.359+0000] {processor.py:756} INFO - Processing file /home/airflow/.local/lib/python3.7/site-packages/airflow/example_dags/example_latest_only_with_trigger.py for tasks to queue
[2023-08-19T03:17:25.360+0000] {logging_mixin.py:120} INFO - [2023-08-19T03:17:25.360+0000] {dagbag.py:537} INFO - Filling up the DagBag from /home/airflow/.local/lib/python3.7/site-packages/airflow/example_dags/example_latest_only_with_trigger.py
[2023-08-19T03:17:25.372+0000] {processor.py:766} INFO - DAG(s) dict_keys(['latest_only_with_trigger']) retrieved from /home/airflow/.local/lib/python3.7/site-packages/airflow/example_dags/example_latest_only_with_trigger.py
[2023-08-19T03:17:25.408+0000] {logging_mixin.py:120} INFO - [2023-08-19T03:17:25.407+0000] {dag.py:2585} INFO - Sync 1 DAGs
[2023-08-19T03:17:25.428+0000] {logging_mixin.py:120} INFO - [2023-08-19T03:17:25.428+0000] {dag.py:3340} INFO - Setting next_dagrun for latest_only_with_trigger to 2023-08-18T23:17:25.428423+00:00, run_after=2023-08-19T03:17:25.428423+00:00
[2023-08-19T03:17:25.447+0000] {processor.py:176} INFO - Processing /home/airflow/.local/lib/python3.7/site-packages/airflow/example_dags/example_latest_only_with_trigger.py took 0.092 seconds
[2023-08-19T03:17:55.852+0000] {processor.py:154} INFO - Started process (PID=381) to work on /home/airflow/.local/lib/python3.7/site-packages/airflow/example_dags/example_latest_only_with_trigger.py
[2023-08-19T03:17:55.853+0000] {processor.py:756} INFO - Processing file /home/airflow/.local/lib/python3.7/site-packages/airflow/example_dags/example_latest_only_with_trigger.py for tasks to queue
[2023-08-19T03:17:55.853+0000] {logging_mixin.py:120} INFO - [2023-08-19T03:17:55.853+0000] {dagbag.py:537} INFO - Filling up the DagBag from /home/airflow/.local/lib/python3.7/site-packages/airflow/example_dags/example_latest_only_with_trigger.py
[2023-08-19T03:17:55.865+0000] {processor.py:766} INFO - DAG(s) dict_keys(['latest_only_with_trigger']) retrieved from /home/airflow/.local/lib/python3.7/site-packages/airflow/example_dags/example_latest_only_with_trigger.py
[2023-08-19T03:17:55.899+0000] {logging_mixin.py:120} INFO - [2023-08-19T03:17:55.899+0000] {dag.py:2585} INFO - Sync 1 DAGs
[2023-08-19T03:17:55.920+0000] {logging_mixin.py:120} INFO - [2023-08-19T03:17:55.920+0000] {dag.py:3340} INFO - Setting next_dagrun for latest_only_with_trigger to 2023-08-18T23:17:55.920272+00:00, run_after=2023-08-19T03:17:55.920272+00:00
[2023-08-19T03:17:55.941+0000] {processor.py:176} INFO - Processing /home/airflow/.local/lib/python3.7/site-packages/airflow/example_dags/example_latest_only_with_trigger.py took 0.092 seconds
[2023-08-19T03:18:25.992+0000] {processor.py:154} INFO - Started process (PID=444) to work on /home/airflow/.local/lib/python3.7/site-packages/airflow/example_dags/example_latest_only_with_trigger.py
[2023-08-19T03:18:25.993+0000] {processor.py:756} INFO - Processing file /home/airflow/.local/lib/python3.7/site-packages/airflow/example_dags/example_latest_only_with_trigger.py for tasks to queue
[2023-08-19T03:18:25.994+0000] {logging_mixin.py:120} INFO - [2023-08-19T03:18:25.994+0000] {dagbag.py:537} INFO - Filling up the DagBag from /home/airflow/.local/lib/python3.7/site-packages/airflow/example_dags/example_latest_only_with_trigger.py
[2023-08-19T03:18:26.006+0000] {processor.py:766} INFO - DAG(s) dict_keys(['latest_only_with_trigger']) retrieved from /home/airflow/.local/lib/python3.7/site-packages/airflow/example_dags/example_latest_only_with_trigger.py
[2023-08-19T03:18:26.040+0000] {logging_mixin.py:120} INFO - [2023-08-19T03:18:26.039+0000] {dag.py:2585} INFO - Sync 1 DAGs
[2023-08-19T03:18:26.062+0000] {logging_mixin.py:120} INFO - [2023-08-19T03:18:26.062+0000] {dag.py:3340} INFO - Setting next_dagrun for latest_only_with_trigger to 2023-08-18T23:18:26.062475+00:00, run_after=2023-08-19T03:18:26.062475+00:00
[2023-08-19T03:18:26.084+0000] {processor.py:176} INFO - Processing /home/airflow/.local/lib/python3.7/site-packages/airflow/example_dags/example_latest_only_with_trigger.py took 0.094 seconds
[2023-08-19T03:18:56.424+0000] {processor.py:154} INFO - Started process (PID=507) to work on /home/airflow/.local/lib/python3.7/site-packages/airflow/example_dags/example_latest_only_with_trigger.py
[2023-08-19T03:18:56.425+0000] {processor.py:756} INFO - Processing file /home/airflow/.local/lib/python3.7/site-packages/airflow/example_dags/example_latest_only_with_trigger.py for tasks to queue
[2023-08-19T03:18:56.426+0000] {logging_mixin.py:120} INFO - [2023-08-19T03:18:56.426+0000] {dagbag.py:537} INFO - Filling up the DagBag from /home/airflow/.local/lib/python3.7/site-packages/airflow/example_dags/example_latest_only_with_trigger.py
[2023-08-19T03:18:56.437+0000] {processor.py:766} INFO - DAG(s) dict_keys(['latest_only_with_trigger']) retrieved from /home/airflow/.local/lib/python3.7/site-packages/airflow/example_dags/example_latest_only_with_trigger.py
[2023-08-19T03:18:56.471+0000] {logging_mixin.py:120} INFO - [2023-08-19T03:18:56.471+0000] {dag.py:2585} INFO - Sync 1 DAGs
[2023-08-19T03:18:56.489+0000] {logging_mixin.py:120} INFO - [2023-08-19T03:18:56.489+0000] {dag.py:3340} INFO - Setting next_dagrun for latest_only_with_trigger to 2023-08-18T23:18:56.489481+00:00, run_after=2023-08-19T03:18:56.489481+00:00
[2023-08-19T03:18:56.508+0000] {processor.py:176} INFO - Processing /home/airflow/.local/lib/python3.7/site-packages/airflow/example_dags/example_latest_only_with_trigger.py took 0.086 seconds
[2023-08-19T03:19:26.722+0000] {processor.py:154} INFO - Started process (PID=571) to work on /home/airflow/.local/lib/python3.7/site-packages/airflow/example_dags/example_latest_only_with_trigger.py
[2023-08-19T03:19:26.723+0000] {processor.py:756} INFO - Processing file /home/airflow/.local/lib/python3.7/site-packages/airflow/example_dags/example_latest_only_with_trigger.py for tasks to queue
[2023-08-19T03:19:26.723+0000] {logging_mixin.py:120} INFO - [2023-08-19T03:19:26.723+0000] {dagbag.py:537} INFO - Filling up the DagBag from /home/airflow/.local/lib/python3.7/site-packages/airflow/example_dags/example_latest_only_with_trigger.py
[2023-08-19T03:19:26.736+0000] {processor.py:766} INFO - DAG(s) dict_keys(['latest_only_with_trigger']) retrieved from /home/airflow/.local/lib/python3.7/site-packages/airflow/example_dags/example_latest_only_with_trigger.py
[2023-08-19T03:19:26.773+0000] {logging_mixin.py:120} INFO - [2023-08-19T03:19:26.773+0000] {dag.py:2585} INFO - Sync 1 DAGs
[2023-08-19T03:19:26.793+0000] {logging_mixin.py:120} INFO - [2023-08-19T03:19:26.793+0000] {dag.py:3340} INFO - Setting next_dagrun for latest_only_with_trigger to 2023-08-18T23:19:26.793193+00:00, run_after=2023-08-19T03:19:26.793193+00:00
[2023-08-19T03:19:26.812+0000] {processor.py:176} INFO - Processing /home/airflow/.local/lib/python3.7/site-packages/airflow/example_dags/example_latest_only_with_trigger.py took 0.093 seconds
[2023-08-19T03:19:57.038+0000] {processor.py:154} INFO - Started process (PID=626) to work on /home/airflow/.local/lib/python3.7/site-packages/airflow/example_dags/example_latest_only_with_trigger.py
[2023-08-19T03:19:57.039+0000] {processor.py:756} INFO - Processing file /home/airflow/.local/lib/python3.7/site-packages/airflow/example_dags/example_latest_only_with_trigger.py for tasks to queue
[2023-08-19T03:19:57.040+0000] {logging_mixin.py:120} INFO - [2023-08-19T03:19:57.040+0000] {dagbag.py:537} INFO - Filling up the DagBag from /home/airflow/.local/lib/python3.7/site-packages/airflow/example_dags/example_latest_only_with_trigger.py
[2023-08-19T03:19:57.052+0000] {processor.py:766} INFO - DAG(s) dict_keys(['latest_only_with_trigger']) retrieved from /home/airflow/.local/lib/python3.7/site-packages/airflow/example_dags/example_latest_only_with_trigger.py
[2023-08-19T03:19:57.086+0000] {logging_mixin.py:120} INFO - [2023-08-19T03:19:57.085+0000] {dag.py:2585} INFO - Sync 1 DAGs
[2023-08-19T03:19:57.105+0000] {logging_mixin.py:120} INFO - [2023-08-19T03:19:57.105+0000] {dag.py:3340} INFO - Setting next_dagrun for latest_only_with_trigger to 2023-08-18T23:19:57.105087+00:00, run_after=2023-08-19T03:19:57.105087+00:00
[2023-08-19T03:19:57.123+0000] {processor.py:176} INFO - Processing /home/airflow/.local/lib/python3.7/site-packages/airflow/example_dags/example_latest_only_with_trigger.py took 0.088 seconds
[2023-08-19T03:20:27.359+0000] {processor.py:154} INFO - Started process (PID=689) to work on /home/airflow/.local/lib/python3.7/site-packages/airflow/example_dags/example_latest_only_with_trigger.py
[2023-08-19T03:20:27.360+0000] {processor.py:756} INFO - Processing file /home/airflow/.local/lib/python3.7/site-packages/airflow/example_dags/example_latest_only_with_trigger.py for tasks to queue
[2023-08-19T03:20:27.361+0000] {logging_mixin.py:120} INFO - [2023-08-19T03:20:27.361+0000] {dagbag.py:537} INFO - Filling up the DagBag from /home/airflow/.local/lib/python3.7/site-packages/airflow/example_dags/example_latest_only_with_trigger.py
[2023-08-19T03:20:27.374+0000] {processor.py:766} INFO - DAG(s) dict_keys(['latest_only_with_trigger']) retrieved from /home/airflow/.local/lib/python3.7/site-packages/airflow/example_dags/example_latest_only_with_trigger.py
[2023-08-19T03:20:27.409+0000] {logging_mixin.py:120} INFO - [2023-08-19T03:20:27.408+0000] {dag.py:2585} INFO - Sync 1 DAGs
[2023-08-19T03:20:27.429+0000] {logging_mixin.py:120} INFO - [2023-08-19T03:20:27.429+0000] {dag.py:3340} INFO - Setting next_dagrun for latest_only_with_trigger to 2023-08-18T23:20:27.428793+00:00, run_after=2023-08-19T03:20:27.428793+00:00
[2023-08-19T03:20:27.449+0000] {processor.py:176} INFO - Processing /home/airflow/.local/lib/python3.7/site-packages/airflow/example_dags/example_latest_only_with_trigger.py took 0.093 seconds
[2023-08-19T03:20:57.622+0000] {processor.py:154} INFO - Started process (PID=752) to work on /home/airflow/.local/lib/python3.7/site-packages/airflow/example_dags/example_latest_only_with_trigger.py
[2023-08-19T03:20:57.623+0000] {processor.py:756} INFO - Processing file /home/airflow/.local/lib/python3.7/site-packages/airflow/example_dags/example_latest_only_with_trigger.py for tasks to queue
[2023-08-19T03:20:57.623+0000] {logging_mixin.py:120} INFO - [2023-08-19T03:20:57.623+0000] {dagbag.py:537} INFO - Filling up the DagBag from /home/airflow/.local/lib/python3.7/site-packages/airflow/example_dags/example_latest_only_with_trigger.py
[2023-08-19T03:20:57.636+0000] {processor.py:766} INFO - DAG(s) dict_keys(['latest_only_with_trigger']) retrieved from /home/airflow/.local/lib/python3.7/site-packages/airflow/example_dags/example_latest_only_with_trigger.py
[2023-08-19T03:20:57.670+0000] {logging_mixin.py:120} INFO - [2023-08-19T03:20:57.670+0000] {dag.py:2585} INFO - Sync 1 DAGs
[2023-08-19T03:20:57.692+0000] {logging_mixin.py:120} INFO - [2023-08-19T03:20:57.691+0000] {dag.py:3340} INFO - Setting next_dagrun for latest_only_with_trigger to 2023-08-18T23:20:57.691751+00:00, run_after=2023-08-19T03:20:57.691751+00:00
[2023-08-19T03:20:57.714+0000] {processor.py:176} INFO - Processing /home/airflow/.local/lib/python3.7/site-packages/airflow/example_dags/example_latest_only_with_trigger.py took 0.096 seconds
