[2023-08-19T03:15:22.935+0000] {processor.py:154} INFO - Started process (PID=81) to work on /home/airflow/.local/lib/python3.7/site-packages/airflow/example_dags/example_local_kubernetes_executor.py
[2023-08-19T03:15:22.937+0000] {processor.py:756} INFO - Processing file /home/airflow/.local/lib/python3.7/site-packages/airflow/example_dags/example_local_kubernetes_executor.py for tasks to queue
[2023-08-19T03:15:22.938+0000] {logging_mixin.py:120} INFO - [2023-08-19T03:15:22.938+0000] {dagbag.py:537} INFO - Filling up the DagBag from /home/airflow/.local/lib/python3.7/site-packages/airflow/example_dags/example_local_kubernetes_executor.py
[2023-08-19T03:15:22.967+0000] {processor.py:766} INFO - DAG(s) dict_keys(['example_local_kubernetes_executor']) retrieved from /home/airflow/.local/lib/python3.7/site-packages/airflow/example_dags/example_local_kubernetes_executor.py
[2023-08-19T03:15:23.123+0000] {logging_mixin.py:120} INFO - [2023-08-19T03:15:23.122+0000] {manager.py:507} INFO - Created Permission View: can read on DAG:example_local_kubernetes_executor
[2023-08-19T03:15:23.137+0000] {logging_mixin.py:120} INFO - [2023-08-19T03:15:23.136+0000] {manager.py:507} INFO - Created Permission View: can delete on DAG:example_local_kubernetes_executor
[2023-08-19T03:15:23.149+0000] {logging_mixin.py:120} INFO - [2023-08-19T03:15:23.149+0000] {manager.py:507} INFO - Created Permission View: can edit on DAG:example_local_kubernetes_executor
[2023-08-19T03:15:23.150+0000] {logging_mixin.py:120} INFO - [2023-08-19T03:15:23.150+0000] {dag.py:2585} INFO - Sync 1 DAGs
[2023-08-19T03:15:23.170+0000] {logging_mixin.py:120} INFO - [2023-08-19T03:15:23.169+0000] {dag.py:2606} INFO - Creating ORM DAG for example_local_kubernetes_executor
[2023-08-19T03:15:23.184+0000] {logging_mixin.py:120} INFO - [2023-08-19T03:15:23.184+0000] {dag.py:3340} INFO - Setting next_dagrun for example_local_kubernetes_executor to None, run_after=None
[2023-08-19T03:15:23.209+0000] {processor.py:176} INFO - Processing /home/airflow/.local/lib/python3.7/site-packages/airflow/example_dags/example_local_kubernetes_executor.py took 0.277 seconds
[2023-08-19T03:15:53.979+0000] {processor.py:154} INFO - Started process (PID=135) to work on /home/airflow/.local/lib/python3.7/site-packages/airflow/example_dags/example_local_kubernetes_executor.py
[2023-08-19T03:15:53.980+0000] {processor.py:756} INFO - Processing file /home/airflow/.local/lib/python3.7/site-packages/airflow/example_dags/example_local_kubernetes_executor.py for tasks to queue
[2023-08-19T03:15:53.981+0000] {logging_mixin.py:120} INFO - [2023-08-19T03:15:53.981+0000] {dagbag.py:537} INFO - Filling up the DagBag from /home/airflow/.local/lib/python3.7/site-packages/airflow/example_dags/example_local_kubernetes_executor.py
[2023-08-19T03:15:54.001+0000] {processor.py:766} INFO - DAG(s) dict_keys(['example_local_kubernetes_executor']) retrieved from /home/airflow/.local/lib/python3.7/site-packages/airflow/example_dags/example_local_kubernetes_executor.py
[2023-08-19T03:15:54.037+0000] {logging_mixin.py:120} INFO - [2023-08-19T03:15:54.037+0000] {dag.py:2585} INFO - Sync 1 DAGs
[2023-08-19T03:15:54.060+0000] {logging_mixin.py:120} INFO - [2023-08-19T03:15:54.060+0000] {dag.py:3340} INFO - Setting next_dagrun for example_local_kubernetes_executor to None, run_after=None
[2023-08-19T03:15:54.081+0000] {processor.py:176} INFO - Processing /home/airflow/.local/lib/python3.7/site-packages/airflow/example_dags/example_local_kubernetes_executor.py took 0.105 seconds
[2023-08-19T03:16:24.457+0000] {processor.py:154} INFO - Started process (PID=199) to work on /home/airflow/.local/lib/python3.7/site-packages/airflow/example_dags/example_local_kubernetes_executor.py
[2023-08-19T03:16:24.458+0000] {processor.py:756} INFO - Processing file /home/airflow/.local/lib/python3.7/site-packages/airflow/example_dags/example_local_kubernetes_executor.py for tasks to queue
[2023-08-19T03:16:24.459+0000] {logging_mixin.py:120} INFO - [2023-08-19T03:16:24.459+0000] {dagbag.py:537} INFO - Filling up the DagBag from /home/airflow/.local/lib/python3.7/site-packages/airflow/example_dags/example_local_kubernetes_executor.py
[2023-08-19T03:16:24.477+0000] {processor.py:766} INFO - DAG(s) dict_keys(['example_local_kubernetes_executor']) retrieved from /home/airflow/.local/lib/python3.7/site-packages/airflow/example_dags/example_local_kubernetes_executor.py
[2023-08-19T03:16:24.510+0000] {logging_mixin.py:120} INFO - [2023-08-19T03:16:24.510+0000] {dag.py:2585} INFO - Sync 1 DAGs
[2023-08-19T03:16:24.530+0000] {logging_mixin.py:120} INFO - [2023-08-19T03:16:24.530+0000] {dag.py:3340} INFO - Setting next_dagrun for example_local_kubernetes_executor to None, run_after=None
[2023-08-19T03:16:24.547+0000] {processor.py:176} INFO - Processing /home/airflow/.local/lib/python3.7/site-packages/airflow/example_dags/example_local_kubernetes_executor.py took 0.093 seconds
[2023-08-19T03:16:54.793+0000] {processor.py:154} INFO - Started process (PID=262) to work on /home/airflow/.local/lib/python3.7/site-packages/airflow/example_dags/example_local_kubernetes_executor.py
[2023-08-19T03:16:54.794+0000] {processor.py:756} INFO - Processing file /home/airflow/.local/lib/python3.7/site-packages/airflow/example_dags/example_local_kubernetes_executor.py for tasks to queue
[2023-08-19T03:16:54.795+0000] {logging_mixin.py:120} INFO - [2023-08-19T03:16:54.795+0000] {dagbag.py:537} INFO - Filling up the DagBag from /home/airflow/.local/lib/python3.7/site-packages/airflow/example_dags/example_local_kubernetes_executor.py
[2023-08-19T03:16:54.819+0000] {processor.py:766} INFO - DAG(s) dict_keys(['example_local_kubernetes_executor']) retrieved from /home/airflow/.local/lib/python3.7/site-packages/airflow/example_dags/example_local_kubernetes_executor.py
[2023-08-19T03:16:54.857+0000] {logging_mixin.py:120} INFO - [2023-08-19T03:16:54.857+0000] {dag.py:2585} INFO - Sync 1 DAGs
[2023-08-19T03:16:54.881+0000] {logging_mixin.py:120} INFO - [2023-08-19T03:16:54.881+0000] {dag.py:3340} INFO - Setting next_dagrun for example_local_kubernetes_executor to None, run_after=None
[2023-08-19T03:16:54.903+0000] {processor.py:176} INFO - Processing /home/airflow/.local/lib/python3.7/site-packages/airflow/example_dags/example_local_kubernetes_executor.py took 0.113 seconds
[2023-08-19T03:17:25.241+0000] {processor.py:154} INFO - Started process (PID=325) to work on /home/airflow/.local/lib/python3.7/site-packages/airflow/example_dags/example_local_kubernetes_executor.py
[2023-08-19T03:17:25.242+0000] {processor.py:756} INFO - Processing file /home/airflow/.local/lib/python3.7/site-packages/airflow/example_dags/example_local_kubernetes_executor.py for tasks to queue
[2023-08-19T03:17:25.243+0000] {logging_mixin.py:120} INFO - [2023-08-19T03:17:25.243+0000] {dagbag.py:537} INFO - Filling up the DagBag from /home/airflow/.local/lib/python3.7/site-packages/airflow/example_dags/example_local_kubernetes_executor.py
[2023-08-19T03:17:25.260+0000] {processor.py:766} INFO - DAG(s) dict_keys(['example_local_kubernetes_executor']) retrieved from /home/airflow/.local/lib/python3.7/site-packages/airflow/example_dags/example_local_kubernetes_executor.py
[2023-08-19T03:17:25.294+0000] {logging_mixin.py:120} INFO - [2023-08-19T03:17:25.294+0000] {dag.py:2585} INFO - Sync 1 DAGs
[2023-08-19T03:17:25.314+0000] {logging_mixin.py:120} INFO - [2023-08-19T03:17:25.314+0000] {dag.py:3340} INFO - Setting next_dagrun for example_local_kubernetes_executor to None, run_after=None
[2023-08-19T03:17:25.336+0000] {processor.py:176} INFO - Processing /home/airflow/.local/lib/python3.7/site-packages/airflow/example_dags/example_local_kubernetes_executor.py took 0.098 seconds
[2023-08-19T03:17:55.725+0000] {processor.py:154} INFO - Started process (PID=379) to work on /home/airflow/.local/lib/python3.7/site-packages/airflow/example_dags/example_local_kubernetes_executor.py
[2023-08-19T03:17:55.726+0000] {processor.py:756} INFO - Processing file /home/airflow/.local/lib/python3.7/site-packages/airflow/example_dags/example_local_kubernetes_executor.py for tasks to queue
[2023-08-19T03:17:55.727+0000] {logging_mixin.py:120} INFO - [2023-08-19T03:17:55.726+0000] {dagbag.py:537} INFO - Filling up the DagBag from /home/airflow/.local/lib/python3.7/site-packages/airflow/example_dags/example_local_kubernetes_executor.py
[2023-08-19T03:17:55.746+0000] {processor.py:766} INFO - DAG(s) dict_keys(['example_local_kubernetes_executor']) retrieved from /home/airflow/.local/lib/python3.7/site-packages/airflow/example_dags/example_local_kubernetes_executor.py
[2023-08-19T03:17:55.784+0000] {logging_mixin.py:120} INFO - [2023-08-19T03:17:55.784+0000] {dag.py:2585} INFO - Sync 1 DAGs
[2023-08-19T03:17:55.807+0000] {logging_mixin.py:120} INFO - [2023-08-19T03:17:55.807+0000] {dag.py:3340} INFO - Setting next_dagrun for example_local_kubernetes_executor to None, run_after=None
[2023-08-19T03:17:55.829+0000] {processor.py:176} INFO - Processing /home/airflow/.local/lib/python3.7/site-packages/airflow/example_dags/example_local_kubernetes_executor.py took 0.107 seconds
[2023-08-19T03:18:25.859+0000] {processor.py:154} INFO - Started process (PID=442) to work on /home/airflow/.local/lib/python3.7/site-packages/airflow/example_dags/example_local_kubernetes_executor.py
[2023-08-19T03:18:25.860+0000] {processor.py:756} INFO - Processing file /home/airflow/.local/lib/python3.7/site-packages/airflow/example_dags/example_local_kubernetes_executor.py for tasks to queue
[2023-08-19T03:18:25.861+0000] {logging_mixin.py:120} INFO - [2023-08-19T03:18:25.861+0000] {dagbag.py:537} INFO - Filling up the DagBag from /home/airflow/.local/lib/python3.7/site-packages/airflow/example_dags/example_local_kubernetes_executor.py
[2023-08-19T03:18:25.883+0000] {processor.py:766} INFO - DAG(s) dict_keys(['example_local_kubernetes_executor']) retrieved from /home/airflow/.local/lib/python3.7/site-packages/airflow/example_dags/example_local_kubernetes_executor.py
[2023-08-19T03:18:25.927+0000] {logging_mixin.py:120} INFO - [2023-08-19T03:18:25.927+0000] {dag.py:2585} INFO - Sync 1 DAGs
[2023-08-19T03:18:25.950+0000] {logging_mixin.py:120} INFO - [2023-08-19T03:18:25.949+0000] {dag.py:3340} INFO - Setting next_dagrun for example_local_kubernetes_executor to None, run_after=None
[2023-08-19T03:18:25.968+0000] {processor.py:176} INFO - Processing /home/airflow/.local/lib/python3.7/site-packages/airflow/example_dags/example_local_kubernetes_executor.py took 0.112 seconds
[2023-08-19T03:18:56.303+0000] {processor.py:154} INFO - Started process (PID=505) to work on /home/airflow/.local/lib/python3.7/site-packages/airflow/example_dags/example_local_kubernetes_executor.py
[2023-08-19T03:18:56.304+0000] {processor.py:756} INFO - Processing file /home/airflow/.local/lib/python3.7/site-packages/airflow/example_dags/example_local_kubernetes_executor.py for tasks to queue
[2023-08-19T03:18:56.304+0000] {logging_mixin.py:120} INFO - [2023-08-19T03:18:56.304+0000] {dagbag.py:537} INFO - Filling up the DagBag from /home/airflow/.local/lib/python3.7/site-packages/airflow/example_dags/example_local_kubernetes_executor.py
[2023-08-19T03:18:56.324+0000] {processor.py:766} INFO - DAG(s) dict_keys(['example_local_kubernetes_executor']) retrieved from /home/airflow/.local/lib/python3.7/site-packages/airflow/example_dags/example_local_kubernetes_executor.py
[2023-08-19T03:18:56.361+0000] {logging_mixin.py:120} INFO - [2023-08-19T03:18:56.361+0000] {dag.py:2585} INFO - Sync 1 DAGs
[2023-08-19T03:18:56.381+0000] {logging_mixin.py:120} INFO - [2023-08-19T03:18:56.381+0000] {dag.py:3340} INFO - Setting next_dagrun for example_local_kubernetes_executor to None, run_after=None
[2023-08-19T03:18:56.401+0000] {processor.py:176} INFO - Processing /home/airflow/.local/lib/python3.7/site-packages/airflow/example_dags/example_local_kubernetes_executor.py took 0.101 seconds
[2023-08-19T03:19:26.568+0000] {processor.py:154} INFO - Started process (PID=569) to work on /home/airflow/.local/lib/python3.7/site-packages/airflow/example_dags/example_local_kubernetes_executor.py
[2023-08-19T03:19:26.569+0000] {processor.py:756} INFO - Processing file /home/airflow/.local/lib/python3.7/site-packages/airflow/example_dags/example_local_kubernetes_executor.py for tasks to queue
[2023-08-19T03:19:26.570+0000] {logging_mixin.py:120} INFO - [2023-08-19T03:19:26.570+0000] {dagbag.py:537} INFO - Filling up the DagBag from /home/airflow/.local/lib/python3.7/site-packages/airflow/example_dags/example_local_kubernetes_executor.py
[2023-08-19T03:19:26.596+0000] {processor.py:766} INFO - DAG(s) dict_keys(['example_local_kubernetes_executor']) retrieved from /home/airflow/.local/lib/python3.7/site-packages/airflow/example_dags/example_local_kubernetes_executor.py
[2023-08-19T03:19:26.632+0000] {logging_mixin.py:120} INFO - [2023-08-19T03:19:26.632+0000] {dag.py:2585} INFO - Sync 1 DAGs
[2023-08-19T03:19:26.661+0000] {logging_mixin.py:120} INFO - [2023-08-19T03:19:26.661+0000] {dag.py:3340} INFO - Setting next_dagrun for example_local_kubernetes_executor to None, run_after=None
[2023-08-19T03:19:26.687+0000] {processor.py:176} INFO - Processing /home/airflow/.local/lib/python3.7/site-packages/airflow/example_dags/example_local_kubernetes_executor.py took 0.122 seconds
[2023-08-19T03:19:56.916+0000] {processor.py:154} INFO - Started process (PID=624) to work on /home/airflow/.local/lib/python3.7/site-packages/airflow/example_dags/example_local_kubernetes_executor.py
[2023-08-19T03:19:56.917+0000] {processor.py:756} INFO - Processing file /home/airflow/.local/lib/python3.7/site-packages/airflow/example_dags/example_local_kubernetes_executor.py for tasks to queue
[2023-08-19T03:19:56.917+0000] {logging_mixin.py:120} INFO - [2023-08-19T03:19:56.917+0000] {dagbag.py:537} INFO - Filling up the DagBag from /home/airflow/.local/lib/python3.7/site-packages/airflow/example_dags/example_local_kubernetes_executor.py
[2023-08-19T03:19:56.938+0000] {processor.py:766} INFO - DAG(s) dict_keys(['example_local_kubernetes_executor']) retrieved from /home/airflow/.local/lib/python3.7/site-packages/airflow/example_dags/example_local_kubernetes_executor.py
[2023-08-19T03:19:56.974+0000] {logging_mixin.py:120} INFO - [2023-08-19T03:19:56.973+0000] {dag.py:2585} INFO - Sync 1 DAGs
[2023-08-19T03:19:56.995+0000] {logging_mixin.py:120} INFO - [2023-08-19T03:19:56.995+0000] {dag.py:3340} INFO - Setting next_dagrun for example_local_kubernetes_executor to None, run_after=None
[2023-08-19T03:19:57.013+0000] {processor.py:176} INFO - Processing /home/airflow/.local/lib/python3.7/site-packages/airflow/example_dags/example_local_kubernetes_executor.py took 0.100 seconds
[2023-08-19T03:20:27.231+0000] {processor.py:154} INFO - Started process (PID=687) to work on /home/airflow/.local/lib/python3.7/site-packages/airflow/example_dags/example_local_kubernetes_executor.py
[2023-08-19T03:20:27.232+0000] {processor.py:756} INFO - Processing file /home/airflow/.local/lib/python3.7/site-packages/airflow/example_dags/example_local_kubernetes_executor.py for tasks to queue
[2023-08-19T03:20:27.233+0000] {logging_mixin.py:120} INFO - [2023-08-19T03:20:27.233+0000] {dagbag.py:537} INFO - Filling up the DagBag from /home/airflow/.local/lib/python3.7/site-packages/airflow/example_dags/example_local_kubernetes_executor.py
[2023-08-19T03:20:27.253+0000] {processor.py:766} INFO - DAG(s) dict_keys(['example_local_kubernetes_executor']) retrieved from /home/airflow/.local/lib/python3.7/site-packages/airflow/example_dags/example_local_kubernetes_executor.py
[2023-08-19T03:20:27.290+0000] {logging_mixin.py:120} INFO - [2023-08-19T03:20:27.290+0000] {dag.py:2585} INFO - Sync 1 DAGs
[2023-08-19T03:20:27.313+0000] {logging_mixin.py:120} INFO - [2023-08-19T03:20:27.312+0000] {dag.py:3340} INFO - Setting next_dagrun for example_local_kubernetes_executor to None, run_after=None
[2023-08-19T03:20:27.333+0000] {processor.py:176} INFO - Processing /home/airflow/.local/lib/python3.7/site-packages/airflow/example_dags/example_local_kubernetes_executor.py took 0.105 seconds
[2023-08-19T03:20:57.489+0000] {processor.py:154} INFO - Started process (PID=750) to work on /home/airflow/.local/lib/python3.7/site-packages/airflow/example_dags/example_local_kubernetes_executor.py
[2023-08-19T03:20:57.490+0000] {processor.py:756} INFO - Processing file /home/airflow/.local/lib/python3.7/site-packages/airflow/example_dags/example_local_kubernetes_executor.py for tasks to queue
[2023-08-19T03:20:57.490+0000] {logging_mixin.py:120} INFO - [2023-08-19T03:20:57.490+0000] {dagbag.py:537} INFO - Filling up the DagBag from /home/airflow/.local/lib/python3.7/site-packages/airflow/example_dags/example_local_kubernetes_executor.py
[2023-08-19T03:20:57.511+0000] {processor.py:766} INFO - DAG(s) dict_keys(['example_local_kubernetes_executor']) retrieved from /home/airflow/.local/lib/python3.7/site-packages/airflow/example_dags/example_local_kubernetes_executor.py
[2023-08-19T03:20:57.548+0000] {logging_mixin.py:120} INFO - [2023-08-19T03:20:57.548+0000] {dag.py:2585} INFO - Sync 1 DAGs
[2023-08-19T03:20:57.571+0000] {logging_mixin.py:120} INFO - [2023-08-19T03:20:57.571+0000] {dag.py:3340} INFO - Setting next_dagrun for example_local_kubernetes_executor to None, run_after=None
[2023-08-19T03:20:57.594+0000] {processor.py:176} INFO - Processing /home/airflow/.local/lib/python3.7/site-packages/airflow/example_dags/example_local_kubernetes_executor.py took 0.109 seconds
