[2023-08-19T03:15:18.602+0000] {processor.py:154} INFO - Started process (PID=46) to work on /home/airflow/.local/lib/python3.7/site-packages/airflow/example_dags/example_short_circuit_operator.py
[2023-08-19T03:15:18.603+0000] {processor.py:756} INFO - Processing file /home/airflow/.local/lib/python3.7/site-packages/airflow/example_dags/example_short_circuit_operator.py for tasks to queue
[2023-08-19T03:15:18.604+0000] {logging_mixin.py:120} INFO - [2023-08-19T03:15:18.604+0000] {dagbag.py:537} INFO - Filling up the DagBag from /home/airflow/.local/lib/python3.7/site-packages/airflow/example_dags/example_short_circuit_operator.py
[2023-08-19T03:15:18.634+0000] {processor.py:766} INFO - DAG(s) dict_keys(['example_short_circuit_operator']) retrieved from /home/airflow/.local/lib/python3.7/site-packages/airflow/example_dags/example_short_circuit_operator.py
[2023-08-19T03:15:18.809+0000] {logging_mixin.py:120} INFO - [2023-08-19T03:15:18.809+0000] {manager.py:507} INFO - Created Permission View: can read on DAG:example_short_circuit_operator
[2023-08-19T03:15:18.818+0000] {logging_mixin.py:120} INFO - [2023-08-19T03:15:18.818+0000] {manager.py:507} INFO - Created Permission View: can delete on DAG:example_short_circuit_operator
[2023-08-19T03:15:18.826+0000] {logging_mixin.py:120} INFO - [2023-08-19T03:15:18.826+0000] {manager.py:507} INFO - Created Permission View: can edit on DAG:example_short_circuit_operator
[2023-08-19T03:15:18.827+0000] {logging_mixin.py:120} INFO - [2023-08-19T03:15:18.827+0000] {dag.py:2585} INFO - Sync 1 DAGs
[2023-08-19T03:15:18.838+0000] {logging_mixin.py:120} INFO - [2023-08-19T03:15:18.837+0000] {dag.py:2606} INFO - Creating ORM DAG for example_short_circuit_operator
[2023-08-19T03:15:18.847+0000] {logging_mixin.py:120} INFO - [2023-08-19T03:15:18.847+0000] {dag.py:3340} INFO - Setting next_dagrun for example_short_circuit_operator to 2023-08-18T03:15:18.847246+00:00, run_after=2023-08-19T03:15:18.847246+00:00
[2023-08-19T03:15:18.865+0000] {processor.py:176} INFO - Processing /home/airflow/.local/lib/python3.7/site-packages/airflow/example_dags/example_short_circuit_operator.py took 0.266 seconds
[2023-08-19T03:15:49.193+0000] {processor.py:154} INFO - Started process (PID=109) to work on /home/airflow/.local/lib/python3.7/site-packages/airflow/example_dags/example_short_circuit_operator.py
[2023-08-19T03:15:49.194+0000] {processor.py:756} INFO - Processing file /home/airflow/.local/lib/python3.7/site-packages/airflow/example_dags/example_short_circuit_operator.py for tasks to queue
[2023-08-19T03:15:49.195+0000] {logging_mixin.py:120} INFO - [2023-08-19T03:15:49.195+0000] {dagbag.py:537} INFO - Filling up the DagBag from /home/airflow/.local/lib/python3.7/site-packages/airflow/example_dags/example_short_circuit_operator.py
[2023-08-19T03:15:49.210+0000] {processor.py:766} INFO - DAG(s) dict_keys(['example_short_circuit_operator']) retrieved from /home/airflow/.local/lib/python3.7/site-packages/airflow/example_dags/example_short_circuit_operator.py
[2023-08-19T03:15:49.250+0000] {logging_mixin.py:120} INFO - [2023-08-19T03:15:49.249+0000] {dag.py:2585} INFO - Sync 1 DAGs
[2023-08-19T03:15:49.272+0000] {logging_mixin.py:120} INFO - [2023-08-19T03:15:49.272+0000] {dag.py:3340} INFO - Setting next_dagrun for example_short_circuit_operator to 2023-08-18T03:15:49.271879+00:00, run_after=2023-08-19T03:15:49.271879+00:00
[2023-08-19T03:15:49.290+0000] {processor.py:176} INFO - Processing /home/airflow/.local/lib/python3.7/site-packages/airflow/example_dags/example_short_circuit_operator.py took 0.099 seconds
[2023-08-19T03:16:19.867+0000] {processor.py:154} INFO - Started process (PID=173) to work on /home/airflow/.local/lib/python3.7/site-packages/airflow/example_dags/example_short_circuit_operator.py
[2023-08-19T03:16:19.867+0000] {processor.py:756} INFO - Processing file /home/airflow/.local/lib/python3.7/site-packages/airflow/example_dags/example_short_circuit_operator.py for tasks to queue
[2023-08-19T03:16:19.868+0000] {logging_mixin.py:120} INFO - [2023-08-19T03:16:19.868+0000] {dagbag.py:537} INFO - Filling up the DagBag from /home/airflow/.local/lib/python3.7/site-packages/airflow/example_dags/example_short_circuit_operator.py
[2023-08-19T03:16:19.882+0000] {processor.py:766} INFO - DAG(s) dict_keys(['example_short_circuit_operator']) retrieved from /home/airflow/.local/lib/python3.7/site-packages/airflow/example_dags/example_short_circuit_operator.py
[2023-08-19T03:16:19.917+0000] {logging_mixin.py:120} INFO - [2023-08-19T03:16:19.917+0000] {dag.py:2585} INFO - Sync 1 DAGs
[2023-08-19T03:16:19.937+0000] {logging_mixin.py:120} INFO - [2023-08-19T03:16:19.937+0000] {dag.py:3340} INFO - Setting next_dagrun for example_short_circuit_operator to 2023-08-18T03:16:19.937424+00:00, run_after=2023-08-19T03:16:19.937424+00:00
[2023-08-19T03:16:19.957+0000] {processor.py:176} INFO - Processing /home/airflow/.local/lib/python3.7/site-packages/airflow/example_dags/example_short_circuit_operator.py took 0.093 seconds
[2023-08-19T03:16:50.109+0000] {processor.py:154} INFO - Started process (PID=234) to work on /home/airflow/.local/lib/python3.7/site-packages/airflow/example_dags/example_short_circuit_operator.py
[2023-08-19T03:16:50.110+0000] {processor.py:756} INFO - Processing file /home/airflow/.local/lib/python3.7/site-packages/airflow/example_dags/example_short_circuit_operator.py for tasks to queue
[2023-08-19T03:16:50.111+0000] {logging_mixin.py:120} INFO - [2023-08-19T03:16:50.111+0000] {dagbag.py:537} INFO - Filling up the DagBag from /home/airflow/.local/lib/python3.7/site-packages/airflow/example_dags/example_short_circuit_operator.py
[2023-08-19T03:16:50.125+0000] {processor.py:766} INFO - DAG(s) dict_keys(['example_short_circuit_operator']) retrieved from /home/airflow/.local/lib/python3.7/site-packages/airflow/example_dags/example_short_circuit_operator.py
[2023-08-19T03:16:50.166+0000] {logging_mixin.py:120} INFO - [2023-08-19T03:16:50.166+0000] {dag.py:2585} INFO - Sync 1 DAGs
[2023-08-19T03:16:50.188+0000] {logging_mixin.py:120} INFO - [2023-08-19T03:16:50.188+0000] {dag.py:3340} INFO - Setting next_dagrun for example_short_circuit_operator to 2023-08-18T03:16:50.188218+00:00, run_after=2023-08-19T03:16:50.188218+00:00
[2023-08-19T03:16:50.212+0000] {processor.py:176} INFO - Processing /home/airflow/.local/lib/python3.7/site-packages/airflow/example_dags/example_short_circuit_operator.py took 0.105 seconds
[2023-08-19T03:17:20.481+0000] {processor.py:154} INFO - Started process (PID=290) to work on /home/airflow/.local/lib/python3.7/site-packages/airflow/example_dags/example_short_circuit_operator.py
[2023-08-19T03:17:20.482+0000] {processor.py:756} INFO - Processing file /home/airflow/.local/lib/python3.7/site-packages/airflow/example_dags/example_short_circuit_operator.py for tasks to queue
[2023-08-19T03:17:20.483+0000] {logging_mixin.py:120} INFO - [2023-08-19T03:17:20.483+0000] {dagbag.py:537} INFO - Filling up the DagBag from /home/airflow/.local/lib/python3.7/site-packages/airflow/example_dags/example_short_circuit_operator.py
[2023-08-19T03:17:20.496+0000] {processor.py:766} INFO - DAG(s) dict_keys(['example_short_circuit_operator']) retrieved from /home/airflow/.local/lib/python3.7/site-packages/airflow/example_dags/example_short_circuit_operator.py
[2023-08-19T03:17:20.533+0000] {logging_mixin.py:120} INFO - [2023-08-19T03:17:20.533+0000] {dag.py:2585} INFO - Sync 1 DAGs
[2023-08-19T03:17:20.555+0000] {logging_mixin.py:120} INFO - [2023-08-19T03:17:20.555+0000] {dag.py:3340} INFO - Setting next_dagrun for example_short_circuit_operator to 2023-08-18T03:17:20.555119+00:00, run_after=2023-08-19T03:17:20.555119+00:00
[2023-08-19T03:17:20.575+0000] {processor.py:176} INFO - Processing /home/airflow/.local/lib/python3.7/site-packages/airflow/example_dags/example_short_circuit_operator.py took 0.096 seconds
[2023-08-19T03:17:50.945+0000] {processor.py:154} INFO - Started process (PID=353) to work on /home/airflow/.local/lib/python3.7/site-packages/airflow/example_dags/example_short_circuit_operator.py
[2023-08-19T03:17:50.946+0000] {processor.py:756} INFO - Processing file /home/airflow/.local/lib/python3.7/site-packages/airflow/example_dags/example_short_circuit_operator.py for tasks to queue
[2023-08-19T03:17:50.947+0000] {logging_mixin.py:120} INFO - [2023-08-19T03:17:50.947+0000] {dagbag.py:537} INFO - Filling up the DagBag from /home/airflow/.local/lib/python3.7/site-packages/airflow/example_dags/example_short_circuit_operator.py
[2023-08-19T03:17:50.961+0000] {processor.py:766} INFO - DAG(s) dict_keys(['example_short_circuit_operator']) retrieved from /home/airflow/.local/lib/python3.7/site-packages/airflow/example_dags/example_short_circuit_operator.py
[2023-08-19T03:17:50.996+0000] {logging_mixin.py:120} INFO - [2023-08-19T03:17:50.996+0000] {dag.py:2585} INFO - Sync 1 DAGs
[2023-08-19T03:17:51.019+0000] {logging_mixin.py:120} INFO - [2023-08-19T03:17:51.018+0000] {dag.py:3340} INFO - Setting next_dagrun for example_short_circuit_operator to 2023-08-18T03:17:51.018751+00:00, run_after=2023-08-19T03:17:51.018751+00:00
[2023-08-19T03:17:51.040+0000] {processor.py:176} INFO - Processing /home/airflow/.local/lib/python3.7/site-packages/airflow/example_dags/example_short_circuit_operator.py took 0.098 seconds
[2023-08-19T03:18:21.640+0000] {processor.py:154} INFO - Started process (PID=416) to work on /home/airflow/.local/lib/python3.7/site-packages/airflow/example_dags/example_short_circuit_operator.py
[2023-08-19T03:18:21.641+0000] {processor.py:756} INFO - Processing file /home/airflow/.local/lib/python3.7/site-packages/airflow/example_dags/example_short_circuit_operator.py for tasks to queue
[2023-08-19T03:18:21.642+0000] {logging_mixin.py:120} INFO - [2023-08-19T03:18:21.642+0000] {dagbag.py:537} INFO - Filling up the DagBag from /home/airflow/.local/lib/python3.7/site-packages/airflow/example_dags/example_short_circuit_operator.py
[2023-08-19T03:18:21.660+0000] {processor.py:766} INFO - DAG(s) dict_keys(['example_short_circuit_operator']) retrieved from /home/airflow/.local/lib/python3.7/site-packages/airflow/example_dags/example_short_circuit_operator.py
[2023-08-19T03:18:21.705+0000] {logging_mixin.py:120} INFO - [2023-08-19T03:18:21.705+0000] {dag.py:2585} INFO - Sync 1 DAGs
[2023-08-19T03:18:21.735+0000] {logging_mixin.py:120} INFO - [2023-08-19T03:18:21.735+0000] {dag.py:3340} INFO - Setting next_dagrun for example_short_circuit_operator to 2023-08-18T03:18:21.735482+00:00, run_after=2023-08-19T03:18:21.735482+00:00
[2023-08-19T03:18:21.760+0000] {processor.py:176} INFO - Processing /home/airflow/.local/lib/python3.7/site-packages/airflow/example_dags/example_short_circuit_operator.py took 0.124 seconds
[2023-08-19T03:18:52.570+0000] {processor.py:154} INFO - Started process (PID=479) to work on /home/airflow/.local/lib/python3.7/site-packages/airflow/example_dags/example_short_circuit_operator.py
[2023-08-19T03:18:52.571+0000] {processor.py:756} INFO - Processing file /home/airflow/.local/lib/python3.7/site-packages/airflow/example_dags/example_short_circuit_operator.py for tasks to queue
[2023-08-19T03:18:52.572+0000] {logging_mixin.py:120} INFO - [2023-08-19T03:18:52.572+0000] {dagbag.py:537} INFO - Filling up the DagBag from /home/airflow/.local/lib/python3.7/site-packages/airflow/example_dags/example_short_circuit_operator.py
[2023-08-19T03:18:52.589+0000] {processor.py:766} INFO - DAG(s) dict_keys(['example_short_circuit_operator']) retrieved from /home/airflow/.local/lib/python3.7/site-packages/airflow/example_dags/example_short_circuit_operator.py
[2023-08-19T03:18:52.635+0000] {logging_mixin.py:120} INFO - [2023-08-19T03:18:52.634+0000] {dag.py:2585} INFO - Sync 1 DAGs
[2023-08-19T03:18:52.657+0000] {logging_mixin.py:120} INFO - [2023-08-19T03:18:52.657+0000] {dag.py:3340} INFO - Setting next_dagrun for example_short_circuit_operator to 2023-08-18T03:18:52.657256+00:00, run_after=2023-08-19T03:18:52.657256+00:00
[2023-08-19T03:18:52.676+0000] {processor.py:176} INFO - Processing /home/airflow/.local/lib/python3.7/site-packages/airflow/example_dags/example_short_circuit_operator.py took 0.109 seconds
[2023-08-19T03:19:22.986+0000] {processor.py:154} INFO - Started process (PID=534) to work on /home/airflow/.local/lib/python3.7/site-packages/airflow/example_dags/example_short_circuit_operator.py
[2023-08-19T03:19:22.987+0000] {processor.py:756} INFO - Processing file /home/airflow/.local/lib/python3.7/site-packages/airflow/example_dags/example_short_circuit_operator.py for tasks to queue
[2023-08-19T03:19:22.988+0000] {logging_mixin.py:120} INFO - [2023-08-19T03:19:22.988+0000] {dagbag.py:537} INFO - Filling up the DagBag from /home/airflow/.local/lib/python3.7/site-packages/airflow/example_dags/example_short_circuit_operator.py
[2023-08-19T03:19:23.002+0000] {processor.py:766} INFO - DAG(s) dict_keys(['example_short_circuit_operator']) retrieved from /home/airflow/.local/lib/python3.7/site-packages/airflow/example_dags/example_short_circuit_operator.py
[2023-08-19T03:19:23.038+0000] {logging_mixin.py:120} INFO - [2023-08-19T03:19:23.038+0000] {dag.py:2585} INFO - Sync 1 DAGs
[2023-08-19T03:19:23.059+0000] {logging_mixin.py:120} INFO - [2023-08-19T03:19:23.059+0000] {dag.py:3340} INFO - Setting next_dagrun for example_short_circuit_operator to 2023-08-18T03:19:23.058916+00:00, run_after=2023-08-19T03:19:23.058916+00:00
[2023-08-19T03:19:23.077+0000] {processor.py:176} INFO - Processing /home/airflow/.local/lib/python3.7/site-packages/airflow/example_dags/example_short_circuit_operator.py took 0.093 seconds
[2023-08-19T03:19:53.304+0000] {processor.py:154} INFO - Started process (PID=598) to work on /home/airflow/.local/lib/python3.7/site-packages/airflow/example_dags/example_short_circuit_operator.py
[2023-08-19T03:19:53.305+0000] {processor.py:756} INFO - Processing file /home/airflow/.local/lib/python3.7/site-packages/airflow/example_dags/example_short_circuit_operator.py for tasks to queue
[2023-08-19T03:19:53.306+0000] {logging_mixin.py:120} INFO - [2023-08-19T03:19:53.305+0000] {dagbag.py:537} INFO - Filling up the DagBag from /home/airflow/.local/lib/python3.7/site-packages/airflow/example_dags/example_short_circuit_operator.py
[2023-08-19T03:19:53.319+0000] {processor.py:766} INFO - DAG(s) dict_keys(['example_short_circuit_operator']) retrieved from /home/airflow/.local/lib/python3.7/site-packages/airflow/example_dags/example_short_circuit_operator.py
[2023-08-19T03:19:53.352+0000] {logging_mixin.py:120} INFO - [2023-08-19T03:19:53.352+0000] {dag.py:2585} INFO - Sync 1 DAGs
[2023-08-19T03:19:53.373+0000] {logging_mixin.py:120} INFO - [2023-08-19T03:19:53.373+0000] {dag.py:3340} INFO - Setting next_dagrun for example_short_circuit_operator to 2023-08-18T03:19:53.372834+00:00, run_after=2023-08-19T03:19:53.372834+00:00
[2023-08-19T03:19:53.393+0000] {processor.py:176} INFO - Processing /home/airflow/.local/lib/python3.7/site-packages/airflow/example_dags/example_short_circuit_operator.py took 0.091 seconds
[2023-08-19T03:20:23.585+0000] {processor.py:154} INFO - Started process (PID=661) to work on /home/airflow/.local/lib/python3.7/site-packages/airflow/example_dags/example_short_circuit_operator.py
[2023-08-19T03:20:23.586+0000] {processor.py:756} INFO - Processing file /home/airflow/.local/lib/python3.7/site-packages/airflow/example_dags/example_short_circuit_operator.py for tasks to queue
[2023-08-19T03:20:23.587+0000] {logging_mixin.py:120} INFO - [2023-08-19T03:20:23.587+0000] {dagbag.py:537} INFO - Filling up the DagBag from /home/airflow/.local/lib/python3.7/site-packages/airflow/example_dags/example_short_circuit_operator.py
[2023-08-19T03:20:23.601+0000] {processor.py:766} INFO - DAG(s) dict_keys(['example_short_circuit_operator']) retrieved from /home/airflow/.local/lib/python3.7/site-packages/airflow/example_dags/example_short_circuit_operator.py
[2023-08-19T03:20:23.637+0000] {logging_mixin.py:120} INFO - [2023-08-19T03:20:23.637+0000] {dag.py:2585} INFO - Sync 1 DAGs
[2023-08-19T03:20:23.659+0000] {logging_mixin.py:120} INFO - [2023-08-19T03:20:23.659+0000] {dag.py:3340} INFO - Setting next_dagrun for example_short_circuit_operator to 2023-08-18T03:20:23.659336+00:00, run_after=2023-08-19T03:20:23.659336+00:00
[2023-08-19T03:20:23.678+0000] {processor.py:176} INFO - Processing /home/airflow/.local/lib/python3.7/site-packages/airflow/example_dags/example_short_circuit_operator.py took 0.096 seconds
[2023-08-19T03:20:53.873+0000] {processor.py:154} INFO - Started process (PID=715) to work on /home/airflow/.local/lib/python3.7/site-packages/airflow/example_dags/example_short_circuit_operator.py
[2023-08-19T03:20:53.874+0000] {processor.py:756} INFO - Processing file /home/airflow/.local/lib/python3.7/site-packages/airflow/example_dags/example_short_circuit_operator.py for tasks to queue
[2023-08-19T03:20:53.874+0000] {logging_mixin.py:120} INFO - [2023-08-19T03:20:53.874+0000] {dagbag.py:537} INFO - Filling up the DagBag from /home/airflow/.local/lib/python3.7/site-packages/airflow/example_dags/example_short_circuit_operator.py
[2023-08-19T03:20:53.889+0000] {processor.py:766} INFO - DAG(s) dict_keys(['example_short_circuit_operator']) retrieved from /home/airflow/.local/lib/python3.7/site-packages/airflow/example_dags/example_short_circuit_operator.py
[2023-08-19T03:20:53.924+0000] {logging_mixin.py:120} INFO - [2023-08-19T03:20:53.924+0000] {dag.py:2585} INFO - Sync 1 DAGs
[2023-08-19T03:20:53.944+0000] {logging_mixin.py:120} INFO - [2023-08-19T03:20:53.944+0000] {dag.py:3340} INFO - Setting next_dagrun for example_short_circuit_operator to 2023-08-18T03:20:53.944461+00:00, run_after=2023-08-19T03:20:53.944461+00:00
[2023-08-19T03:20:53.965+0000] {processor.py:176} INFO - Processing /home/airflow/.local/lib/python3.7/site-packages/airflow/example_dags/example_short_circuit_operator.py took 0.095 seconds
[2023-08-19T03:21:24.182+0000] {processor.py:154} INFO - Started process (PID=778) to work on /home/airflow/.local/lib/python3.7/site-packages/airflow/example_dags/example_short_circuit_operator.py
[2023-08-19T03:21:24.183+0000] {processor.py:756} INFO - Processing file /home/airflow/.local/lib/python3.7/site-packages/airflow/example_dags/example_short_circuit_operator.py for tasks to queue
[2023-08-19T03:21:24.184+0000] {logging_mixin.py:120} INFO - [2023-08-19T03:21:24.184+0000] {dagbag.py:537} INFO - Filling up the DagBag from /home/airflow/.local/lib/python3.7/site-packages/airflow/example_dags/example_short_circuit_operator.py
[2023-08-19T03:21:24.199+0000] {processor.py:766} INFO - DAG(s) dict_keys(['example_short_circuit_operator']) retrieved from /home/airflow/.local/lib/python3.7/site-packages/airflow/example_dags/example_short_circuit_operator.py
[2023-08-19T03:21:24.238+0000] {logging_mixin.py:120} INFO - [2023-08-19T03:21:24.238+0000] {dag.py:2585} INFO - Sync 1 DAGs
[2023-08-19T03:21:24.261+0000] {logging_mixin.py:120} INFO - [2023-08-19T03:21:24.260+0000] {dag.py:3340} INFO - Setting next_dagrun for example_short_circuit_operator to 2023-08-18T03:21:24.260666+00:00, run_after=2023-08-19T03:21:24.260666+00:00
[2023-08-19T03:21:24.280+0000] {processor.py:176} INFO - Processing /home/airflow/.local/lib/python3.7/site-packages/airflow/example_dags/example_short_circuit_operator.py took 0.101 seconds
