[2023-08-19T03:34:18.017+0000] {processor.py:154} INFO - Started process (PID=51) to work on /home/airflow/.local/lib/python3.7/site-packages/airflow/example_dags/example_branch_operator_decorator.py
[2023-08-19T03:34:18.018+0000] {processor.py:756} INFO - Processing file /home/airflow/.local/lib/python3.7/site-packages/airflow/example_dags/example_branch_operator_decorator.py for tasks to queue
[2023-08-19T03:34:18.019+0000] {logging_mixin.py:120} INFO - [2023-08-19T03:34:18.019+0000] {dagbag.py:537} INFO - Filling up the DagBag from /home/airflow/.local/lib/python3.7/site-packages/airflow/example_dags/example_branch_operator_decorator.py
[2023-08-19T03:34:18.040+0000] {processor.py:766} INFO - DAG(s) dict_keys(['example_branch_python_operator_decorator']) retrieved from /home/airflow/.local/lib/python3.7/site-packages/airflow/example_dags/example_branch_operator_decorator.py
[2023-08-19T03:34:18.063+0000] {logging_mixin.py:120} INFO - [2023-08-19T03:34:18.063+0000] {dag.py:2585} INFO - Sync 1 DAGs
[2023-08-19T03:34:18.086+0000] {logging_mixin.py:120} INFO - [2023-08-19T03:34:18.086+0000] {dag.py:3340} INFO - Setting next_dagrun for example_branch_python_operator_decorator to 2023-08-18T00:00:00+00:00, run_after=2023-08-19T00:00:00+00:00
[2023-08-19T03:34:18.104+0000] {processor.py:176} INFO - Processing /home/airflow/.local/lib/python3.7/site-packages/airflow/example_dags/example_branch_operator_decorator.py took 0.090 seconds
[2023-08-19T03:47:35.591+0000] {processor.py:154} INFO - Started process (PID=51) to work on /home/airflow/.local/lib/python3.7/site-packages/airflow/example_dags/example_branch_operator_decorator.py
[2023-08-19T03:47:35.592+0000] {processor.py:756} INFO - Processing file /home/airflow/.local/lib/python3.7/site-packages/airflow/example_dags/example_branch_operator_decorator.py for tasks to queue
[2023-08-19T03:47:35.593+0000] {logging_mixin.py:120} INFO - [2023-08-19T03:47:35.593+0000] {dagbag.py:537} INFO - Filling up the DagBag from /home/airflow/.local/lib/python3.7/site-packages/airflow/example_dags/example_branch_operator_decorator.py
[2023-08-19T03:47:35.614+0000] {processor.py:766} INFO - DAG(s) dict_keys(['example_branch_python_operator_decorator']) retrieved from /home/airflow/.local/lib/python3.7/site-packages/airflow/example_dags/example_branch_operator_decorator.py
[2023-08-19T03:47:35.636+0000] {logging_mixin.py:120} INFO - [2023-08-19T03:47:35.636+0000] {dag.py:2585} INFO - Sync 1 DAGs
[2023-08-19T03:47:35.660+0000] {logging_mixin.py:120} INFO - [2023-08-19T03:47:35.660+0000] {dag.py:3340} INFO - Setting next_dagrun for example_branch_python_operator_decorator to 2023-08-18T00:00:00+00:00, run_after=2023-08-19T00:00:00+00:00
[2023-08-19T03:47:35.681+0000] {processor.py:176} INFO - Processing /home/airflow/.local/lib/python3.7/site-packages/airflow/example_dags/example_branch_operator_decorator.py took 0.092 seconds
[2023-08-19T03:48:05.880+0000] {processor.py:154} INFO - Started process (PID=114) to work on /home/airflow/.local/lib/python3.7/site-packages/airflow/example_dags/example_branch_operator_decorator.py
[2023-08-19T03:48:05.881+0000] {processor.py:756} INFO - Processing file /home/airflow/.local/lib/python3.7/site-packages/airflow/example_dags/example_branch_operator_decorator.py for tasks to queue
[2023-08-19T03:48:05.882+0000] {logging_mixin.py:120} INFO - [2023-08-19T03:48:05.882+0000] {dagbag.py:537} INFO - Filling up the DagBag from /home/airflow/.local/lib/python3.7/site-packages/airflow/example_dags/example_branch_operator_decorator.py
[2023-08-19T03:48:05.906+0000] {processor.py:766} INFO - DAG(s) dict_keys(['example_branch_python_operator_decorator']) retrieved from /home/airflow/.local/lib/python3.7/site-packages/airflow/example_dags/example_branch_operator_decorator.py
[2023-08-19T03:48:05.940+0000] {logging_mixin.py:120} INFO - [2023-08-19T03:48:05.940+0000] {dag.py:2585} INFO - Sync 1 DAGs
[2023-08-19T03:48:05.964+0000] {logging_mixin.py:120} INFO - [2023-08-19T03:48:05.964+0000] {dag.py:3340} INFO - Setting next_dagrun for example_branch_python_operator_decorator to 2023-08-18T00:00:00+00:00, run_after=2023-08-19T00:00:00+00:00
[2023-08-19T03:48:05.985+0000] {processor.py:176} INFO - Processing /home/airflow/.local/lib/python3.7/site-packages/airflow/example_dags/example_branch_operator_decorator.py took 0.107 seconds
[2023-08-19T03:48:36.936+0000] {processor.py:154} INFO - Started process (PID=178) to work on /home/airflow/.local/lib/python3.7/site-packages/airflow/example_dags/example_branch_operator_decorator.py
[2023-08-19T03:48:36.937+0000] {processor.py:756} INFO - Processing file /home/airflow/.local/lib/python3.7/site-packages/airflow/example_dags/example_branch_operator_decorator.py for tasks to queue
[2023-08-19T03:48:36.938+0000] {logging_mixin.py:120} INFO - [2023-08-19T03:48:36.938+0000] {dagbag.py:537} INFO - Filling up the DagBag from /home/airflow/.local/lib/python3.7/site-packages/airflow/example_dags/example_branch_operator_decorator.py
[2023-08-19T03:48:36.962+0000] {processor.py:766} INFO - DAG(s) dict_keys(['example_branch_python_operator_decorator']) retrieved from /home/airflow/.local/lib/python3.7/site-packages/airflow/example_dags/example_branch_operator_decorator.py
[2023-08-19T03:48:37.002+0000] {logging_mixin.py:120} INFO - [2023-08-19T03:48:37.001+0000] {dag.py:2585} INFO - Sync 1 DAGs
[2023-08-19T03:48:37.027+0000] {logging_mixin.py:120} INFO - [2023-08-19T03:48:37.027+0000] {dag.py:3340} INFO - Setting next_dagrun for example_branch_python_operator_decorator to 2023-08-18T00:00:00+00:00, run_after=2023-08-19T00:00:00+00:00
[2023-08-19T03:48:37.050+0000] {processor.py:176} INFO - Processing /home/airflow/.local/lib/python3.7/site-packages/airflow/example_dags/example_branch_operator_decorator.py took 0.116 seconds
[2023-08-19T03:49:07.562+0000] {processor.py:154} INFO - Started process (PID=232) to work on /home/airflow/.local/lib/python3.7/site-packages/airflow/example_dags/example_branch_operator_decorator.py
[2023-08-19T03:49:07.563+0000] {processor.py:756} INFO - Processing file /home/airflow/.local/lib/python3.7/site-packages/airflow/example_dags/example_branch_operator_decorator.py for tasks to queue
[2023-08-19T03:49:07.564+0000] {logging_mixin.py:120} INFO - [2023-08-19T03:49:07.564+0000] {dagbag.py:537} INFO - Filling up the DagBag from /home/airflow/.local/lib/python3.7/site-packages/airflow/example_dags/example_branch_operator_decorator.py
[2023-08-19T03:49:07.587+0000] {processor.py:766} INFO - DAG(s) dict_keys(['example_branch_python_operator_decorator']) retrieved from /home/airflow/.local/lib/python3.7/site-packages/airflow/example_dags/example_branch_operator_decorator.py
[2023-08-19T03:49:07.624+0000] {logging_mixin.py:120} INFO - [2023-08-19T03:49:07.623+0000] {dag.py:2585} INFO - Sync 1 DAGs
[2023-08-19T03:49:07.646+0000] {logging_mixin.py:120} INFO - [2023-08-19T03:49:07.646+0000] {dag.py:3340} INFO - Setting next_dagrun for example_branch_python_operator_decorator to 2023-08-18T00:00:00+00:00, run_after=2023-08-19T00:00:00+00:00
[2023-08-19T03:49:07.664+0000] {processor.py:176} INFO - Processing /home/airflow/.local/lib/python3.7/site-packages/airflow/example_dags/example_branch_operator_decorator.py took 0.105 seconds
