[2023-08-19T03:15:23.503+0000] {processor.py:154} INFO - Started process (PID=85) to work on /home/airflow/.local/lib/python3.7/site-packages/airflow/example_dags/example_subdag_operator.py
[2023-08-19T03:15:23.504+0000] {processor.py:756} INFO - Processing file /home/airflow/.local/lib/python3.7/site-packages/airflow/example_dags/example_subdag_operator.py for tasks to queue
[2023-08-19T03:15:23.505+0000] {logging_mixin.py:120} INFO - [2023-08-19T03:15:23.504+0000] {dagbag.py:537} INFO - Filling up the DagBag from /home/airflow/.local/lib/python3.7/site-packages/airflow/example_dags/example_subdag_operator.py
[2023-08-19T03:15:23.534+0000] {processor.py:766} INFO - DAG(s) dict_keys(['example_subdag_operator.section-1', 'example_subdag_operator.section-2', 'example_subdag_operator']) retrieved from /home/airflow/.local/lib/python3.7/site-packages/airflow/example_dags/example_subdag_operator.py
[2023-08-19T03:15:23.809+0000] {logging_mixin.py:120} INFO - [2023-08-19T03:15:23.808+0000] {manager.py:507} INFO - Created Permission View: can read on DAG:example_subdag_operator
[2023-08-19T03:15:23.819+0000] {logging_mixin.py:120} INFO - [2023-08-19T03:15:23.819+0000] {manager.py:507} INFO - Created Permission View: can delete on DAG:example_subdag_operator
[2023-08-19T03:15:23.829+0000] {logging_mixin.py:120} INFO - [2023-08-19T03:15:23.829+0000] {manager.py:507} INFO - Created Permission View: can edit on DAG:example_subdag_operator
[2023-08-19T03:15:23.830+0000] {logging_mixin.py:120} INFO - [2023-08-19T03:15:23.830+0000] {dag.py:2585} INFO - Sync 3 DAGs
[2023-08-19T03:15:23.846+0000] {logging_mixin.py:120} INFO - [2023-08-19T03:15:23.845+0000] {dag.py:2606} INFO - Creating ORM DAG for example_subdag_operator.section-2
[2023-08-19T03:15:23.846+0000] {logging_mixin.py:120} INFO - [2023-08-19T03:15:23.846+0000] {dag.py:2606} INFO - Creating ORM DAG for example_subdag_operator
[2023-08-19T03:15:23.847+0000] {logging_mixin.py:120} INFO - [2023-08-19T03:15:23.847+0000] {dag.py:2606} INFO - Creating ORM DAG for example_subdag_operator.section-1
[2023-08-19T03:15:23.859+0000] {logging_mixin.py:120} INFO - [2023-08-19T03:15:23.858+0000] {dag.py:3340} INFO - Setting next_dagrun for example_subdag_operator to 2022-01-01T00:00:00+00:00, run_after=2022-01-01T00:00:00+00:00
[2023-08-19T03:15:23.860+0000] {logging_mixin.py:120} INFO - [2023-08-19T03:15:23.860+0000] {dag.py:3340} INFO - Setting next_dagrun for example_subdag_operator.section-1 to None, run_after=None
[2023-08-19T03:15:23.861+0000] {logging_mixin.py:120} INFO - [2023-08-19T03:15:23.860+0000] {dag.py:3340} INFO - Setting next_dagrun for example_subdag_operator.section-2 to None, run_after=None
[2023-08-19T03:15:23.872+0000] {logging_mixin.py:120} INFO - [2023-08-19T03:15:23.872+0000] {dag.py:2585} INFO - Sync 2 DAGs
[2023-08-19T03:15:23.879+0000] {logging_mixin.py:120} INFO - [2023-08-19T03:15:23.879+0000] {dag.py:3340} INFO - Setting next_dagrun for example_subdag_operator.section-1 to None, run_after=None
[2023-08-19T03:15:23.882+0000] {logging_mixin.py:120} INFO - [2023-08-19T03:15:23.882+0000] {dag.py:3340} INFO - Setting next_dagrun for example_subdag_operator.section-2 to None, run_after=None
[2023-08-19T03:15:23.898+0000] {processor.py:176} INFO - Processing /home/airflow/.local/lib/python3.7/site-packages/airflow/example_dags/example_subdag_operator.py took 0.399 seconds
[2023-08-19T03:15:54.361+0000] {processor.py:154} INFO - Started process (PID=139) to work on /home/airflow/.local/lib/python3.7/site-packages/airflow/example_dags/example_subdag_operator.py
[2023-08-19T03:15:54.362+0000] {processor.py:756} INFO - Processing file /home/airflow/.local/lib/python3.7/site-packages/airflow/example_dags/example_subdag_operator.py for tasks to queue
[2023-08-19T03:15:54.363+0000] {logging_mixin.py:120} INFO - [2023-08-19T03:15:54.362+0000] {dagbag.py:537} INFO - Filling up the DagBag from /home/airflow/.local/lib/python3.7/site-packages/airflow/example_dags/example_subdag_operator.py
[2023-08-19T03:15:54.451+0000] {processor.py:766} INFO - DAG(s) dict_keys(['example_subdag_operator.section-1', 'example_subdag_operator.section-2', 'example_subdag_operator']) retrieved from /home/airflow/.local/lib/python3.7/site-packages/airflow/example_dags/example_subdag_operator.py
[2023-08-19T03:15:54.601+0000] {logging_mixin.py:120} INFO - [2023-08-19T03:15:54.601+0000] {dag.py:2585} INFO - Sync 3 DAGs
[2023-08-19T03:15:54.624+0000] {logging_mixin.py:120} INFO - [2023-08-19T03:15:54.624+0000] {dag.py:3340} INFO - Setting next_dagrun for example_subdag_operator to 2022-01-01T00:00:00+00:00, run_after=2022-01-01T00:00:00+00:00
[2023-08-19T03:15:54.627+0000] {logging_mixin.py:120} INFO - [2023-08-19T03:15:54.627+0000] {dag.py:3340} INFO - Setting next_dagrun for example_subdag_operator.section-1 to None, run_after=None
[2023-08-19T03:15:54.628+0000] {logging_mixin.py:120} INFO - [2023-08-19T03:15:54.628+0000] {dag.py:3340} INFO - Setting next_dagrun for example_subdag_operator.section-2 to None, run_after=None
[2023-08-19T03:15:54.635+0000] {logging_mixin.py:120} INFO - [2023-08-19T03:15:54.635+0000] {dag.py:2585} INFO - Sync 2 DAGs
[2023-08-19T03:15:54.640+0000] {logging_mixin.py:120} INFO - [2023-08-19T03:15:54.640+0000] {dag.py:3340} INFO - Setting next_dagrun for example_subdag_operator.section-1 to None, run_after=None
[2023-08-19T03:15:54.641+0000] {logging_mixin.py:120} INFO - [2023-08-19T03:15:54.641+0000] {dag.py:3340} INFO - Setting next_dagrun for example_subdag_operator.section-2 to None, run_after=None
[2023-08-19T03:15:54.652+0000] {processor.py:176} INFO - Processing /home/airflow/.local/lib/python3.7/site-packages/airflow/example_dags/example_subdag_operator.py took 0.294 seconds
[2023-08-19T03:16:24.685+0000] {processor.py:154} INFO - Started process (PID=204) to work on /home/airflow/.local/lib/python3.7/site-packages/airflow/example_dags/example_subdag_operator.py
[2023-08-19T03:16:24.686+0000] {processor.py:756} INFO - Processing file /home/airflow/.local/lib/python3.7/site-packages/airflow/example_dags/example_subdag_operator.py for tasks to queue
[2023-08-19T03:16:24.687+0000] {logging_mixin.py:120} INFO - [2023-08-19T03:16:24.687+0000] {dagbag.py:537} INFO - Filling up the DagBag from /home/airflow/.local/lib/python3.7/site-packages/airflow/example_dags/example_subdag_operator.py
[2023-08-19T03:16:24.715+0000] {processor.py:766} INFO - DAG(s) dict_keys(['example_subdag_operator.section-1', 'example_subdag_operator.section-2', 'example_subdag_operator']) retrieved from /home/airflow/.local/lib/python3.7/site-packages/airflow/example_dags/example_subdag_operator.py
[2023-08-19T03:16:24.857+0000] {logging_mixin.py:120} INFO - [2023-08-19T03:16:24.857+0000] {dag.py:2585} INFO - Sync 3 DAGs
[2023-08-19T03:16:24.877+0000] {logging_mixin.py:120} INFO - [2023-08-19T03:16:24.877+0000] {dag.py:3340} INFO - Setting next_dagrun for example_subdag_operator to 2022-01-01T00:00:00+00:00, run_after=2022-01-01T00:00:00+00:00
[2023-08-19T03:16:24.880+0000] {logging_mixin.py:120} INFO - [2023-08-19T03:16:24.880+0000] {dag.py:3340} INFO - Setting next_dagrun for example_subdag_operator.section-1 to None, run_after=None
[2023-08-19T03:16:24.882+0000] {logging_mixin.py:120} INFO - [2023-08-19T03:16:24.882+0000] {dag.py:3340} INFO - Setting next_dagrun for example_subdag_operator.section-2 to None, run_after=None
[2023-08-19T03:16:24.888+0000] {logging_mixin.py:120} INFO - [2023-08-19T03:16:24.888+0000] {dag.py:2585} INFO - Sync 2 DAGs
[2023-08-19T03:16:24.894+0000] {logging_mixin.py:120} INFO - [2023-08-19T03:16:24.894+0000] {dag.py:3340} INFO - Setting next_dagrun for example_subdag_operator.section-1 to None, run_after=None
[2023-08-19T03:16:24.895+0000] {logging_mixin.py:120} INFO - [2023-08-19T03:16:24.895+0000] {dag.py:3340} INFO - Setting next_dagrun for example_subdag_operator.section-2 to None, run_after=None
[2023-08-19T03:16:24.909+0000] {processor.py:176} INFO - Processing /home/airflow/.local/lib/python3.7/site-packages/airflow/example_dags/example_subdag_operator.py took 0.227 seconds
[2023-08-19T03:16:55.040+0000] {processor.py:154} INFO - Started process (PID=267) to work on /home/airflow/.local/lib/python3.7/site-packages/airflow/example_dags/example_subdag_operator.py
[2023-08-19T03:16:55.041+0000] {processor.py:756} INFO - Processing file /home/airflow/.local/lib/python3.7/site-packages/airflow/example_dags/example_subdag_operator.py for tasks to queue
[2023-08-19T03:16:55.041+0000] {logging_mixin.py:120} INFO - [2023-08-19T03:16:55.041+0000] {dagbag.py:537} INFO - Filling up the DagBag from /home/airflow/.local/lib/python3.7/site-packages/airflow/example_dags/example_subdag_operator.py
[2023-08-19T03:16:55.068+0000] {processor.py:766} INFO - DAG(s) dict_keys(['example_subdag_operator.section-1', 'example_subdag_operator.section-2', 'example_subdag_operator']) retrieved from /home/airflow/.local/lib/python3.7/site-packages/airflow/example_dags/example_subdag_operator.py
[2023-08-19T03:16:55.223+0000] {logging_mixin.py:120} INFO - [2023-08-19T03:16:55.223+0000] {dag.py:2585} INFO - Sync 3 DAGs
[2023-08-19T03:16:55.243+0000] {logging_mixin.py:120} INFO - [2023-08-19T03:16:55.243+0000] {dag.py:3340} INFO - Setting next_dagrun for example_subdag_operator to 2022-01-01T00:00:00+00:00, run_after=2022-01-01T00:00:00+00:00
[2023-08-19T03:16:55.246+0000] {logging_mixin.py:120} INFO - [2023-08-19T03:16:55.246+0000] {dag.py:3340} INFO - Setting next_dagrun for example_subdag_operator.section-1 to None, run_after=None
[2023-08-19T03:16:55.247+0000] {logging_mixin.py:120} INFO - [2023-08-19T03:16:55.247+0000] {dag.py:3340} INFO - Setting next_dagrun for example_subdag_operator.section-2 to None, run_after=None
[2023-08-19T03:16:55.253+0000] {logging_mixin.py:120} INFO - [2023-08-19T03:16:55.253+0000] {dag.py:2585} INFO - Sync 2 DAGs
[2023-08-19T03:16:55.259+0000] {logging_mixin.py:120} INFO - [2023-08-19T03:16:55.259+0000] {dag.py:3340} INFO - Setting next_dagrun for example_subdag_operator.section-1 to None, run_after=None
[2023-08-19T03:16:55.259+0000] {logging_mixin.py:120} INFO - [2023-08-19T03:16:55.259+0000] {dag.py:3340} INFO - Setting next_dagrun for example_subdag_operator.section-2 to None, run_after=None
[2023-08-19T03:16:55.270+0000] {processor.py:176} INFO - Processing /home/airflow/.local/lib/python3.7/site-packages/airflow/example_dags/example_subdag_operator.py took 0.234 seconds
[2023-08-19T03:17:25.470+0000] {processor.py:154} INFO - Started process (PID=329) to work on /home/airflow/.local/lib/python3.7/site-packages/airflow/example_dags/example_subdag_operator.py
[2023-08-19T03:17:25.471+0000] {processor.py:756} INFO - Processing file /home/airflow/.local/lib/python3.7/site-packages/airflow/example_dags/example_subdag_operator.py for tasks to queue
[2023-08-19T03:17:25.472+0000] {logging_mixin.py:120} INFO - [2023-08-19T03:17:25.472+0000] {dagbag.py:537} INFO - Filling up the DagBag from /home/airflow/.local/lib/python3.7/site-packages/airflow/example_dags/example_subdag_operator.py
[2023-08-19T03:17:25.500+0000] {processor.py:766} INFO - DAG(s) dict_keys(['example_subdag_operator.section-1', 'example_subdag_operator.section-2', 'example_subdag_operator']) retrieved from /home/airflow/.local/lib/python3.7/site-packages/airflow/example_dags/example_subdag_operator.py
[2023-08-19T03:17:25.648+0000] {logging_mixin.py:120} INFO - [2023-08-19T03:17:25.648+0000] {dag.py:2585} INFO - Sync 3 DAGs
[2023-08-19T03:17:25.669+0000] {logging_mixin.py:120} INFO - [2023-08-19T03:17:25.669+0000] {dag.py:3340} INFO - Setting next_dagrun for example_subdag_operator to 2022-01-01T00:00:00+00:00, run_after=2022-01-01T00:00:00+00:00
[2023-08-19T03:17:25.673+0000] {logging_mixin.py:120} INFO - [2023-08-19T03:17:25.673+0000] {dag.py:3340} INFO - Setting next_dagrun for example_subdag_operator.section-1 to None, run_after=None
[2023-08-19T03:17:25.674+0000] {logging_mixin.py:120} INFO - [2023-08-19T03:17:25.674+0000] {dag.py:3340} INFO - Setting next_dagrun for example_subdag_operator.section-2 to None, run_after=None
[2023-08-19T03:17:25.681+0000] {logging_mixin.py:120} INFO - [2023-08-19T03:17:25.681+0000] {dag.py:2585} INFO - Sync 2 DAGs
[2023-08-19T03:17:25.686+0000] {logging_mixin.py:120} INFO - [2023-08-19T03:17:25.686+0000] {dag.py:3340} INFO - Setting next_dagrun for example_subdag_operator.section-1 to None, run_after=None
[2023-08-19T03:17:25.687+0000] {logging_mixin.py:120} INFO - [2023-08-19T03:17:25.687+0000] {dag.py:3340} INFO - Setting next_dagrun for example_subdag_operator.section-2 to None, run_after=None
[2023-08-19T03:17:25.699+0000] {processor.py:176} INFO - Processing /home/airflow/.local/lib/python3.7/site-packages/airflow/example_dags/example_subdag_operator.py took 0.232 seconds
[2023-08-19T03:17:56.095+0000] {processor.py:154} INFO - Started process (PID=383) to work on /home/airflow/.local/lib/python3.7/site-packages/airflow/example_dags/example_subdag_operator.py
[2023-08-19T03:17:56.096+0000] {processor.py:756} INFO - Processing file /home/airflow/.local/lib/python3.7/site-packages/airflow/example_dags/example_subdag_operator.py for tasks to queue
[2023-08-19T03:17:56.097+0000] {logging_mixin.py:120} INFO - [2023-08-19T03:17:56.097+0000] {dagbag.py:537} INFO - Filling up the DagBag from /home/airflow/.local/lib/python3.7/site-packages/airflow/example_dags/example_subdag_operator.py
[2023-08-19T03:17:56.125+0000] {processor.py:766} INFO - DAG(s) dict_keys(['example_subdag_operator.section-1', 'example_subdag_operator.section-2', 'example_subdag_operator']) retrieved from /home/airflow/.local/lib/python3.7/site-packages/airflow/example_dags/example_subdag_operator.py
[2023-08-19T03:17:56.281+0000] {logging_mixin.py:120} INFO - [2023-08-19T03:17:56.281+0000] {dag.py:2585} INFO - Sync 3 DAGs
[2023-08-19T03:17:56.304+0000] {logging_mixin.py:120} INFO - [2023-08-19T03:17:56.304+0000] {dag.py:3340} INFO - Setting next_dagrun for example_subdag_operator to 2022-01-01T00:00:00+00:00, run_after=2022-01-01T00:00:00+00:00
[2023-08-19T03:17:56.308+0000] {logging_mixin.py:120} INFO - [2023-08-19T03:17:56.307+0000] {dag.py:3340} INFO - Setting next_dagrun for example_subdag_operator.section-1 to None, run_after=None
[2023-08-19T03:17:56.310+0000] {logging_mixin.py:120} INFO - [2023-08-19T03:17:56.309+0000] {dag.py:3340} INFO - Setting next_dagrun for example_subdag_operator.section-2 to None, run_after=None
[2023-08-19T03:17:56.316+0000] {logging_mixin.py:120} INFO - [2023-08-19T03:17:56.316+0000] {dag.py:2585} INFO - Sync 2 DAGs
[2023-08-19T03:17:56.321+0000] {logging_mixin.py:120} INFO - [2023-08-19T03:17:56.321+0000] {dag.py:3340} INFO - Setting next_dagrun for example_subdag_operator.section-1 to None, run_after=None
[2023-08-19T03:17:56.322+0000] {logging_mixin.py:120} INFO - [2023-08-19T03:17:56.322+0000] {dag.py:3340} INFO - Setting next_dagrun for example_subdag_operator.section-2 to None, run_after=None
[2023-08-19T03:17:56.335+0000] {processor.py:176} INFO - Processing /home/airflow/.local/lib/python3.7/site-packages/airflow/example_dags/example_subdag_operator.py took 0.243 seconds
[2023-08-19T03:18:27.115+0000] {processor.py:154} INFO - Started process (PID=446) to work on /home/airflow/.local/lib/python3.7/site-packages/airflow/example_dags/example_subdag_operator.py
[2023-08-19T03:18:27.116+0000] {processor.py:756} INFO - Processing file /home/airflow/.local/lib/python3.7/site-packages/airflow/example_dags/example_subdag_operator.py for tasks to queue
[2023-08-19T03:18:27.116+0000] {logging_mixin.py:120} INFO - [2023-08-19T03:18:27.116+0000] {dagbag.py:537} INFO - Filling up the DagBag from /home/airflow/.local/lib/python3.7/site-packages/airflow/example_dags/example_subdag_operator.py
[2023-08-19T03:18:27.146+0000] {processor.py:766} INFO - DAG(s) dict_keys(['example_subdag_operator.section-1', 'example_subdag_operator.section-2', 'example_subdag_operator']) retrieved from /home/airflow/.local/lib/python3.7/site-packages/airflow/example_dags/example_subdag_operator.py
[2023-08-19T03:18:27.309+0000] {logging_mixin.py:120} INFO - [2023-08-19T03:18:27.309+0000] {dag.py:2585} INFO - Sync 3 DAGs
[2023-08-19T03:18:27.330+0000] {logging_mixin.py:120} INFO - [2023-08-19T03:18:27.330+0000] {dag.py:3340} INFO - Setting next_dagrun for example_subdag_operator to 2022-01-01T00:00:00+00:00, run_after=2022-01-01T00:00:00+00:00
[2023-08-19T03:18:27.334+0000] {logging_mixin.py:120} INFO - [2023-08-19T03:18:27.333+0000] {dag.py:3340} INFO - Setting next_dagrun for example_subdag_operator.section-1 to None, run_after=None
[2023-08-19T03:18:27.335+0000] {logging_mixin.py:120} INFO - [2023-08-19T03:18:27.335+0000] {dag.py:3340} INFO - Setting next_dagrun for example_subdag_operator.section-2 to None, run_after=None
[2023-08-19T03:18:27.342+0000] {logging_mixin.py:120} INFO - [2023-08-19T03:18:27.342+0000] {dag.py:2585} INFO - Sync 2 DAGs
[2023-08-19T03:18:27.348+0000] {logging_mixin.py:120} INFO - [2023-08-19T03:18:27.347+0000] {dag.py:3340} INFO - Setting next_dagrun for example_subdag_operator.section-1 to None, run_after=None
[2023-08-19T03:18:27.348+0000] {logging_mixin.py:120} INFO - [2023-08-19T03:18:27.348+0000] {dag.py:3340} INFO - Setting next_dagrun for example_subdag_operator.section-2 to None, run_after=None
[2023-08-19T03:18:27.361+0000] {processor.py:176} INFO - Processing /home/airflow/.local/lib/python3.7/site-packages/airflow/example_dags/example_subdag_operator.py took 0.249 seconds
[2023-08-19T03:18:57.539+0000] {processor.py:154} INFO - Started process (PID=509) to work on /home/airflow/.local/lib/python3.7/site-packages/airflow/example_dags/example_subdag_operator.py
[2023-08-19T03:18:57.540+0000] {processor.py:756} INFO - Processing file /home/airflow/.local/lib/python3.7/site-packages/airflow/example_dags/example_subdag_operator.py for tasks to queue
[2023-08-19T03:18:57.541+0000] {logging_mixin.py:120} INFO - [2023-08-19T03:18:57.541+0000] {dagbag.py:537} INFO - Filling up the DagBag from /home/airflow/.local/lib/python3.7/site-packages/airflow/example_dags/example_subdag_operator.py
[2023-08-19T03:18:57.570+0000] {processor.py:766} INFO - DAG(s) dict_keys(['example_subdag_operator.section-1', 'example_subdag_operator.section-2', 'example_subdag_operator']) retrieved from /home/airflow/.local/lib/python3.7/site-packages/airflow/example_dags/example_subdag_operator.py
[2023-08-19T03:18:57.728+0000] {logging_mixin.py:120} INFO - [2023-08-19T03:18:57.728+0000] {dag.py:2585} INFO - Sync 3 DAGs
[2023-08-19T03:18:57.749+0000] {logging_mixin.py:120} INFO - [2023-08-19T03:18:57.748+0000] {dag.py:3340} INFO - Setting next_dagrun for example_subdag_operator to 2022-01-01T00:00:00+00:00, run_after=2022-01-01T00:00:00+00:00
[2023-08-19T03:18:57.752+0000] {logging_mixin.py:120} INFO - [2023-08-19T03:18:57.752+0000] {dag.py:3340} INFO - Setting next_dagrun for example_subdag_operator.section-1 to None, run_after=None
[2023-08-19T03:18:57.753+0000] {logging_mixin.py:120} INFO - [2023-08-19T03:18:57.753+0000] {dag.py:3340} INFO - Setting next_dagrun for example_subdag_operator.section-2 to None, run_after=None
[2023-08-19T03:18:57.759+0000] {logging_mixin.py:120} INFO - [2023-08-19T03:18:57.759+0000] {dag.py:2585} INFO - Sync 2 DAGs
[2023-08-19T03:18:57.764+0000] {logging_mixin.py:120} INFO - [2023-08-19T03:18:57.764+0000] {dag.py:3340} INFO - Setting next_dagrun for example_subdag_operator.section-1 to None, run_after=None
[2023-08-19T03:18:57.764+0000] {logging_mixin.py:120} INFO - [2023-08-19T03:18:57.764+0000] {dag.py:3340} INFO - Setting next_dagrun for example_subdag_operator.section-2 to None, run_after=None
[2023-08-19T03:18:57.774+0000] {processor.py:176} INFO - Processing /home/airflow/.local/lib/python3.7/site-packages/airflow/example_dags/example_subdag_operator.py took 0.238 seconds
[2023-08-19T03:19:27.846+0000] {processor.py:154} INFO - Started process (PID=573) to work on /home/airflow/.local/lib/python3.7/site-packages/airflow/example_dags/example_subdag_operator.py
[2023-08-19T03:19:27.847+0000] {processor.py:756} INFO - Processing file /home/airflow/.local/lib/python3.7/site-packages/airflow/example_dags/example_subdag_operator.py for tasks to queue
[2023-08-19T03:19:27.847+0000] {logging_mixin.py:120} INFO - [2023-08-19T03:19:27.847+0000] {dagbag.py:537} INFO - Filling up the DagBag from /home/airflow/.local/lib/python3.7/site-packages/airflow/example_dags/example_subdag_operator.py
[2023-08-19T03:19:27.876+0000] {processor.py:766} INFO - DAG(s) dict_keys(['example_subdag_operator.section-1', 'example_subdag_operator.section-2', 'example_subdag_operator']) retrieved from /home/airflow/.local/lib/python3.7/site-packages/airflow/example_dags/example_subdag_operator.py
[2023-08-19T03:19:28.047+0000] {logging_mixin.py:120} INFO - [2023-08-19T03:19:28.046+0000] {dag.py:2585} INFO - Sync 3 DAGs
[2023-08-19T03:19:28.070+0000] {logging_mixin.py:120} INFO - [2023-08-19T03:19:28.070+0000] {dag.py:3340} INFO - Setting next_dagrun for example_subdag_operator to 2022-01-01T00:00:00+00:00, run_after=2022-01-01T00:00:00+00:00
[2023-08-19T03:19:28.074+0000] {logging_mixin.py:120} INFO - [2023-08-19T03:19:28.074+0000] {dag.py:3340} INFO - Setting next_dagrun for example_subdag_operator.section-1 to None, run_after=None
[2023-08-19T03:19:28.075+0000] {logging_mixin.py:120} INFO - [2023-08-19T03:19:28.075+0000] {dag.py:3340} INFO - Setting next_dagrun for example_subdag_operator.section-2 to None, run_after=None
[2023-08-19T03:19:28.082+0000] {logging_mixin.py:120} INFO - [2023-08-19T03:19:28.082+0000] {dag.py:2585} INFO - Sync 2 DAGs
[2023-08-19T03:19:28.088+0000] {logging_mixin.py:120} INFO - [2023-08-19T03:19:28.088+0000] {dag.py:3340} INFO - Setting next_dagrun for example_subdag_operator.section-1 to None, run_after=None
[2023-08-19T03:19:28.089+0000] {logging_mixin.py:120} INFO - [2023-08-19T03:19:28.089+0000] {dag.py:3340} INFO - Setting next_dagrun for example_subdag_operator.section-2 to None, run_after=None
[2023-08-19T03:19:28.104+0000] {processor.py:176} INFO - Processing /home/airflow/.local/lib/python3.7/site-packages/airflow/example_dags/example_subdag_operator.py took 0.261 seconds
[2023-08-19T03:19:58.155+0000] {processor.py:154} INFO - Started process (PID=628) to work on /home/airflow/.local/lib/python3.7/site-packages/airflow/example_dags/example_subdag_operator.py
[2023-08-19T03:19:58.156+0000] {processor.py:756} INFO - Processing file /home/airflow/.local/lib/python3.7/site-packages/airflow/example_dags/example_subdag_operator.py for tasks to queue
[2023-08-19T03:19:58.157+0000] {logging_mixin.py:120} INFO - [2023-08-19T03:19:58.157+0000] {dagbag.py:537} INFO - Filling up the DagBag from /home/airflow/.local/lib/python3.7/site-packages/airflow/example_dags/example_subdag_operator.py
[2023-08-19T03:19:58.188+0000] {processor.py:766} INFO - DAG(s) dict_keys(['example_subdag_operator.section-1', 'example_subdag_operator.section-2', 'example_subdag_operator']) retrieved from /home/airflow/.local/lib/python3.7/site-packages/airflow/example_dags/example_subdag_operator.py
[2023-08-19T03:19:58.340+0000] {logging_mixin.py:120} INFO - [2023-08-19T03:19:58.340+0000] {dag.py:2585} INFO - Sync 3 DAGs
[2023-08-19T03:19:58.361+0000] {logging_mixin.py:120} INFO - [2023-08-19T03:19:58.360+0000] {dag.py:3340} INFO - Setting next_dagrun for example_subdag_operator to 2022-01-01T00:00:00+00:00, run_after=2022-01-01T00:00:00+00:00
[2023-08-19T03:19:58.364+0000] {logging_mixin.py:120} INFO - [2023-08-19T03:19:58.364+0000] {dag.py:3340} INFO - Setting next_dagrun for example_subdag_operator.section-1 to None, run_after=None
[2023-08-19T03:19:58.365+0000] {logging_mixin.py:120} INFO - [2023-08-19T03:19:58.365+0000] {dag.py:3340} INFO - Setting next_dagrun for example_subdag_operator.section-2 to None, run_after=None
[2023-08-19T03:19:58.371+0000] {logging_mixin.py:120} INFO - [2023-08-19T03:19:58.371+0000] {dag.py:2585} INFO - Sync 2 DAGs
[2023-08-19T03:19:58.376+0000] {logging_mixin.py:120} INFO - [2023-08-19T03:19:58.376+0000] {dag.py:3340} INFO - Setting next_dagrun for example_subdag_operator.section-1 to None, run_after=None
[2023-08-19T03:19:58.377+0000] {logging_mixin.py:120} INFO - [2023-08-19T03:19:58.377+0000] {dag.py:3340} INFO - Setting next_dagrun for example_subdag_operator.section-2 to None, run_after=None
[2023-08-19T03:19:58.390+0000] {processor.py:176} INFO - Processing /home/airflow/.local/lib/python3.7/site-packages/airflow/example_dags/example_subdag_operator.py took 0.238 seconds
[2023-08-19T03:20:28.479+0000] {processor.py:154} INFO - Started process (PID=691) to work on /home/airflow/.local/lib/python3.7/site-packages/airflow/example_dags/example_subdag_operator.py
[2023-08-19T03:20:28.480+0000] {processor.py:756} INFO - Processing file /home/airflow/.local/lib/python3.7/site-packages/airflow/example_dags/example_subdag_operator.py for tasks to queue
[2023-08-19T03:20:28.481+0000] {logging_mixin.py:120} INFO - [2023-08-19T03:20:28.481+0000] {dagbag.py:537} INFO - Filling up the DagBag from /home/airflow/.local/lib/python3.7/site-packages/airflow/example_dags/example_subdag_operator.py
[2023-08-19T03:20:28.509+0000] {processor.py:766} INFO - DAG(s) dict_keys(['example_subdag_operator.section-1', 'example_subdag_operator.section-2', 'example_subdag_operator']) retrieved from /home/airflow/.local/lib/python3.7/site-packages/airflow/example_dags/example_subdag_operator.py
[2023-08-19T03:20:28.658+0000] {logging_mixin.py:120} INFO - [2023-08-19T03:20:28.658+0000] {dag.py:2585} INFO - Sync 3 DAGs
[2023-08-19T03:20:28.678+0000] {logging_mixin.py:120} INFO - [2023-08-19T03:20:28.678+0000] {dag.py:3340} INFO - Setting next_dagrun for example_subdag_operator to 2022-01-01T00:00:00+00:00, run_after=2022-01-01T00:00:00+00:00
[2023-08-19T03:20:28.681+0000] {logging_mixin.py:120} INFO - [2023-08-19T03:20:28.681+0000] {dag.py:3340} INFO - Setting next_dagrun for example_subdag_operator.section-1 to None, run_after=None
[2023-08-19T03:20:28.682+0000] {logging_mixin.py:120} INFO - [2023-08-19T03:20:28.682+0000] {dag.py:3340} INFO - Setting next_dagrun for example_subdag_operator.section-2 to None, run_after=None
[2023-08-19T03:20:28.689+0000] {logging_mixin.py:120} INFO - [2023-08-19T03:20:28.689+0000] {dag.py:2585} INFO - Sync 2 DAGs
[2023-08-19T03:20:28.694+0000] {logging_mixin.py:120} INFO - [2023-08-19T03:20:28.694+0000] {dag.py:3340} INFO - Setting next_dagrun for example_subdag_operator.section-1 to None, run_after=None
[2023-08-19T03:20:28.694+0000] {logging_mixin.py:120} INFO - [2023-08-19T03:20:28.694+0000] {dag.py:3340} INFO - Setting next_dagrun for example_subdag_operator.section-2 to None, run_after=None
[2023-08-19T03:20:28.706+0000] {processor.py:176} INFO - Processing /home/airflow/.local/lib/python3.7/site-packages/airflow/example_dags/example_subdag_operator.py took 0.230 seconds
[2023-08-19T03:20:58.746+0000] {processor.py:154} INFO - Started process (PID=754) to work on /home/airflow/.local/lib/python3.7/site-packages/airflow/example_dags/example_subdag_operator.py
[2023-08-19T03:20:58.747+0000] {processor.py:756} INFO - Processing file /home/airflow/.local/lib/python3.7/site-packages/airflow/example_dags/example_subdag_operator.py for tasks to queue
[2023-08-19T03:20:58.748+0000] {logging_mixin.py:120} INFO - [2023-08-19T03:20:58.748+0000] {dagbag.py:537} INFO - Filling up the DagBag from /home/airflow/.local/lib/python3.7/site-packages/airflow/example_dags/example_subdag_operator.py
[2023-08-19T03:20:58.792+0000] {processor.py:766} INFO - DAG(s) dict_keys(['example_subdag_operator.section-1', 'example_subdag_operator.section-2', 'example_subdag_operator']) retrieved from /home/airflow/.local/lib/python3.7/site-packages/airflow/example_dags/example_subdag_operator.py
[2023-08-19T03:20:58.949+0000] {logging_mixin.py:120} INFO - [2023-08-19T03:20:58.949+0000] {dag.py:2585} INFO - Sync 3 DAGs
[2023-08-19T03:20:58.975+0000] {logging_mixin.py:120} INFO - [2023-08-19T03:20:58.975+0000] {dag.py:3340} INFO - Setting next_dagrun for example_subdag_operator to 2022-01-01T00:00:00+00:00, run_after=2022-01-01T00:00:00+00:00
[2023-08-19T03:20:58.978+0000] {logging_mixin.py:120} INFO - [2023-08-19T03:20:58.978+0000] {dag.py:3340} INFO - Setting next_dagrun for example_subdag_operator.section-1 to None, run_after=None
[2023-08-19T03:20:58.980+0000] {logging_mixin.py:120} INFO - [2023-08-19T03:20:58.980+0000] {dag.py:3340} INFO - Setting next_dagrun for example_subdag_operator.section-2 to None, run_after=None
[2023-08-19T03:20:58.987+0000] {logging_mixin.py:120} INFO - [2023-08-19T03:20:58.987+0000] {dag.py:2585} INFO - Sync 2 DAGs
[2023-08-19T03:20:58.993+0000] {logging_mixin.py:120} INFO - [2023-08-19T03:20:58.993+0000] {dag.py:3340} INFO - Setting next_dagrun for example_subdag_operator.section-1 to None, run_after=None
[2023-08-19T03:20:58.994+0000] {logging_mixin.py:120} INFO - [2023-08-19T03:20:58.993+0000] {dag.py:3340} INFO - Setting next_dagrun for example_subdag_operator.section-2 to None, run_after=None
[2023-08-19T03:20:59.006+0000] {processor.py:176} INFO - Processing /home/airflow/.local/lib/python3.7/site-packages/airflow/example_dags/example_subdag_operator.py took 0.263 seconds
