[2023-08-19T03:34:19.405+0000] {processor.py:154} INFO - Started process (PID=69) to work on /home/airflow/.local/lib/python3.7/site-packages/airflow/example_dags/example_branch_datetime_operator.py
[2023-08-19T03:34:19.406+0000] {processor.py:756} INFO - Processing file /home/airflow/.local/lib/python3.7/site-packages/airflow/example_dags/example_branch_datetime_operator.py for tasks to queue
[2023-08-19T03:34:19.407+0000] {logging_mixin.py:120} INFO - [2023-08-19T03:34:19.407+0000] {dagbag.py:537} INFO - Filling up the DagBag from /home/airflow/.local/lib/python3.7/site-packages/airflow/example_dags/example_branch_datetime_operator.py
[2023-08-19T03:34:19.425+0000] {processor.py:766} INFO - DAG(s) dict_keys(['example_branch_datetime_operator', 'example_branch_datetime_operator_3', 'example_branch_datetime_operator_2']) retrieved from /home/airflow/.local/lib/python3.7/site-packages/airflow/example_dags/example_branch_datetime_operator.py
[2023-08-19T03:34:19.450+0000] {logging_mixin.py:120} INFO - [2023-08-19T03:34:19.450+0000] {dag.py:2585} INFO - Sync 3 DAGs
[2023-08-19T03:34:19.475+0000] {logging_mixin.py:120} INFO - [2023-08-19T03:34:19.475+0000] {dag.py:3340} INFO - Setting next_dagrun for example_branch_datetime_operator to 2023-08-18T00:00:00+00:00, run_after=2023-08-19T00:00:00+00:00
[2023-08-19T03:34:19.480+0000] {logging_mixin.py:120} INFO - [2023-08-19T03:34:19.480+0000] {dag.py:3340} INFO - Setting next_dagrun for example_branch_datetime_operator_2 to 2023-08-18T00:00:00+00:00, run_after=2023-08-19T00:00:00+00:00
[2023-08-19T03:34:19.483+0000] {logging_mixin.py:120} INFO - [2023-08-19T03:34:19.483+0000] {dag.py:3340} INFO - Setting next_dagrun for example_branch_datetime_operator_3 to 2023-08-18T00:00:00+00:00, run_after=2023-08-19T00:00:00+00:00
[2023-08-19T03:34:19.502+0000] {processor.py:176} INFO - Processing /home/airflow/.local/lib/python3.7/site-packages/airflow/example_dags/example_branch_datetime_operator.py took 0.100 seconds
[2023-08-19T03:47:36.663+0000] {processor.py:154} INFO - Started process (PID=69) to work on /home/airflow/.local/lib/python3.7/site-packages/airflow/example_dags/example_branch_datetime_operator.py
[2023-08-19T03:47:36.664+0000] {processor.py:756} INFO - Processing file /home/airflow/.local/lib/python3.7/site-packages/airflow/example_dags/example_branch_datetime_operator.py for tasks to queue
[2023-08-19T03:47:36.665+0000] {logging_mixin.py:120} INFO - [2023-08-19T03:47:36.665+0000] {dagbag.py:537} INFO - Filling up the DagBag from /home/airflow/.local/lib/python3.7/site-packages/airflow/example_dags/example_branch_datetime_operator.py
[2023-08-19T03:47:36.682+0000] {processor.py:766} INFO - DAG(s) dict_keys(['example_branch_datetime_operator_3', 'example_branch_datetime_operator', 'example_branch_datetime_operator_2']) retrieved from /home/airflow/.local/lib/python3.7/site-packages/airflow/example_dags/example_branch_datetime_operator.py
[2023-08-19T03:47:36.709+0000] {logging_mixin.py:120} INFO - [2023-08-19T03:47:36.709+0000] {dag.py:2585} INFO - Sync 3 DAGs
[2023-08-19T03:47:36.734+0000] {logging_mixin.py:120} INFO - [2023-08-19T03:47:36.734+0000] {dag.py:3340} INFO - Setting next_dagrun for example_branch_datetime_operator to 2023-08-18T00:00:00+00:00, run_after=2023-08-19T00:00:00+00:00
[2023-08-19T03:47:36.739+0000] {logging_mixin.py:120} INFO - [2023-08-19T03:47:36.739+0000] {dag.py:3340} INFO - Setting next_dagrun for example_branch_datetime_operator_2 to 2023-08-18T00:00:00+00:00, run_after=2023-08-19T00:00:00+00:00
[2023-08-19T03:47:36.742+0000] {logging_mixin.py:120} INFO - [2023-08-19T03:47:36.742+0000] {dag.py:3340} INFO - Setting next_dagrun for example_branch_datetime_operator_3 to 2023-08-18T00:00:00+00:00, run_after=2023-08-19T00:00:00+00:00
[2023-08-19T03:47:36.760+0000] {processor.py:176} INFO - Processing /home/airflow/.local/lib/python3.7/site-packages/airflow/example_dags/example_branch_datetime_operator.py took 0.100 seconds
[2023-08-19T03:48:07.343+0000] {processor.py:154} INFO - Started process (PID=132) to work on /home/airflow/.local/lib/python3.7/site-packages/airflow/example_dags/example_branch_datetime_operator.py
[2023-08-19T03:48:07.343+0000] {processor.py:756} INFO - Processing file /home/airflow/.local/lib/python3.7/site-packages/airflow/example_dags/example_branch_datetime_operator.py for tasks to queue
[2023-08-19T03:48:07.344+0000] {logging_mixin.py:120} INFO - [2023-08-19T03:48:07.344+0000] {dagbag.py:537} INFO - Filling up the DagBag from /home/airflow/.local/lib/python3.7/site-packages/airflow/example_dags/example_branch_datetime_operator.py
[2023-08-19T03:48:07.361+0000] {processor.py:766} INFO - DAG(s) dict_keys(['example_branch_datetime_operator_3', 'example_branch_datetime_operator', 'example_branch_datetime_operator_2']) retrieved from /home/airflow/.local/lib/python3.7/site-packages/airflow/example_dags/example_branch_datetime_operator.py
[2023-08-19T03:48:07.405+0000] {logging_mixin.py:120} INFO - [2023-08-19T03:48:07.404+0000] {dag.py:2585} INFO - Sync 3 DAGs
[2023-08-19T03:48:07.431+0000] {logging_mixin.py:120} INFO - [2023-08-19T03:48:07.431+0000] {dag.py:3340} INFO - Setting next_dagrun for example_branch_datetime_operator to 2023-08-18T00:00:00+00:00, run_after=2023-08-19T00:00:00+00:00
[2023-08-19T03:48:07.435+0000] {logging_mixin.py:120} INFO - [2023-08-19T03:48:07.435+0000] {dag.py:3340} INFO - Setting next_dagrun for example_branch_datetime_operator_2 to 2023-08-18T00:00:00+00:00, run_after=2023-08-19T00:00:00+00:00
[2023-08-19T03:48:07.437+0000] {logging_mixin.py:120} INFO - [2023-08-19T03:48:07.437+0000] {dag.py:3340} INFO - Setting next_dagrun for example_branch_datetime_operator_3 to 2023-08-18T00:00:00+00:00, run_after=2023-08-19T00:00:00+00:00
[2023-08-19T03:48:07.454+0000] {processor.py:176} INFO - Processing /home/airflow/.local/lib/python3.7/site-packages/airflow/example_dags/example_branch_datetime_operator.py took 0.114 seconds
[2023-08-19T03:48:38.204+0000] {processor.py:154} INFO - Started process (PID=196) to work on /home/airflow/.local/lib/python3.7/site-packages/airflow/example_dags/example_branch_datetime_operator.py
[2023-08-19T03:48:38.206+0000] {processor.py:756} INFO - Processing file /home/airflow/.local/lib/python3.7/site-packages/airflow/example_dags/example_branch_datetime_operator.py for tasks to queue
[2023-08-19T03:48:38.207+0000] {logging_mixin.py:120} INFO - [2023-08-19T03:48:38.207+0000] {dagbag.py:537} INFO - Filling up the DagBag from /home/airflow/.local/lib/python3.7/site-packages/airflow/example_dags/example_branch_datetime_operator.py
[2023-08-19T03:48:38.223+0000] {processor.py:766} INFO - DAG(s) dict_keys(['example_branch_datetime_operator_3', 'example_branch_datetime_operator_2', 'example_branch_datetime_operator']) retrieved from /home/airflow/.local/lib/python3.7/site-packages/airflow/example_dags/example_branch_datetime_operator.py
[2023-08-19T03:48:38.270+0000] {logging_mixin.py:120} INFO - [2023-08-19T03:48:38.270+0000] {dag.py:2585} INFO - Sync 3 DAGs
[2023-08-19T03:48:38.296+0000] {logging_mixin.py:120} INFO - [2023-08-19T03:48:38.296+0000] {dag.py:3340} INFO - Setting next_dagrun for example_branch_datetime_operator to 2023-08-18T00:00:00+00:00, run_after=2023-08-19T00:00:00+00:00
[2023-08-19T03:48:38.301+0000] {logging_mixin.py:120} INFO - [2023-08-19T03:48:38.301+0000] {dag.py:3340} INFO - Setting next_dagrun for example_branch_datetime_operator_2 to 2023-08-18T00:00:00+00:00, run_after=2023-08-19T00:00:00+00:00
[2023-08-19T03:48:38.303+0000] {logging_mixin.py:120} INFO - [2023-08-19T03:48:38.303+0000] {dag.py:3340} INFO - Setting next_dagrun for example_branch_datetime_operator_3 to 2023-08-18T00:00:00+00:00, run_after=2023-08-19T00:00:00+00:00
[2023-08-19T03:48:38.320+0000] {processor.py:176} INFO - Processing /home/airflow/.local/lib/python3.7/site-packages/airflow/example_dags/example_branch_datetime_operator.py took 0.119 seconds
[2023-08-19T03:49:09.073+0000] {processor.py:154} INFO - Started process (PID=250) to work on /home/airflow/.local/lib/python3.7/site-packages/airflow/example_dags/example_branch_datetime_operator.py
[2023-08-19T03:49:09.074+0000] {processor.py:756} INFO - Processing file /home/airflow/.local/lib/python3.7/site-packages/airflow/example_dags/example_branch_datetime_operator.py for tasks to queue
[2023-08-19T03:49:09.075+0000] {logging_mixin.py:120} INFO - [2023-08-19T03:49:09.075+0000] {dagbag.py:537} INFO - Filling up the DagBag from /home/airflow/.local/lib/python3.7/site-packages/airflow/example_dags/example_branch_datetime_operator.py
[2023-08-19T03:49:09.090+0000] {processor.py:766} INFO - DAG(s) dict_keys(['example_branch_datetime_operator_3', 'example_branch_datetime_operator_2', 'example_branch_datetime_operator']) retrieved from /home/airflow/.local/lib/python3.7/site-packages/airflow/example_dags/example_branch_datetime_operator.py
[2023-08-19T03:49:09.129+0000] {logging_mixin.py:120} INFO - [2023-08-19T03:49:09.129+0000] {dag.py:2585} INFO - Sync 3 DAGs
[2023-08-19T03:49:09.156+0000] {logging_mixin.py:120} INFO - [2023-08-19T03:49:09.156+0000] {dag.py:3340} INFO - Setting next_dagrun for example_branch_datetime_operator to 2023-08-18T00:00:00+00:00, run_after=2023-08-19T00:00:00+00:00
[2023-08-19T03:49:09.161+0000] {logging_mixin.py:120} INFO - [2023-08-19T03:49:09.161+0000] {dag.py:3340} INFO - Setting next_dagrun for example_branch_datetime_operator_2 to 2023-08-18T00:00:00+00:00, run_after=2023-08-19T00:00:00+00:00
[2023-08-19T03:49:09.164+0000] {logging_mixin.py:120} INFO - [2023-08-19T03:49:09.164+0000] {dag.py:3340} INFO - Setting next_dagrun for example_branch_datetime_operator_3 to 2023-08-18T00:00:00+00:00, run_after=2023-08-19T00:00:00+00:00
[2023-08-19T03:49:09.180+0000] {processor.py:176} INFO - Processing /home/airflow/.local/lib/python3.7/site-packages/airflow/example_dags/example_branch_datetime_operator.py took 0.111 seconds
