[2023-08-19T03:34:19.524+0000] {processor.py:154} INFO - Started process (PID=71) to work on /home/airflow/.local/lib/python3.7/site-packages/airflow/example_dags/example_branch_python_dop_operator_3.py
[2023-08-19T03:34:19.525+0000] {processor.py:756} INFO - Processing file /home/airflow/.local/lib/python3.7/site-packages/airflow/example_dags/example_branch_python_dop_operator_3.py for tasks to queue
[2023-08-19T03:34:19.525+0000] {logging_mixin.py:120} INFO - [2023-08-19T03:34:19.525+0000] {dagbag.py:537} INFO - Filling up the DagBag from /home/airflow/.local/lib/python3.7/site-packages/airflow/example_dags/example_branch_python_dop_operator_3.py
[2023-08-19T03:34:19.548+0000] {processor.py:766} INFO - DAG(s) dict_keys(['example_branch_dop_operator_v3']) retrieved from /home/airflow/.local/lib/python3.7/site-packages/airflow/example_dags/example_branch_python_dop_operator_3.py
[2023-08-19T03:34:19.570+0000] {logging_mixin.py:120} INFO - [2023-08-19T03:34:19.570+0000] {dag.py:2585} INFO - Sync 1 DAGs
[2023-08-19T03:34:19.597+0000] {logging_mixin.py:120} INFO - [2023-08-19T03:34:19.597+0000] {dag.py:3340} INFO - Setting next_dagrun for example_branch_dop_operator_v3 to 2023-08-19T03:33:00+00:00, run_after=2023-08-19T03:34:00+00:00
[2023-08-19T03:34:19.618+0000] {processor.py:176} INFO - Processing /home/airflow/.local/lib/python3.7/site-packages/airflow/example_dags/example_branch_python_dop_operator_3.py took 0.097 seconds
[2023-08-19T03:47:36.783+0000] {processor.py:154} INFO - Started process (PID=71) to work on /home/airflow/.local/lib/python3.7/site-packages/airflow/example_dags/example_branch_python_dop_operator_3.py
[2023-08-19T03:47:36.784+0000] {processor.py:756} INFO - Processing file /home/airflow/.local/lib/python3.7/site-packages/airflow/example_dags/example_branch_python_dop_operator_3.py for tasks to queue
[2023-08-19T03:47:36.785+0000] {logging_mixin.py:120} INFO - [2023-08-19T03:47:36.785+0000] {dagbag.py:537} INFO - Filling up the DagBag from /home/airflow/.local/lib/python3.7/site-packages/airflow/example_dags/example_branch_python_dop_operator_3.py
[2023-08-19T03:47:36.808+0000] {processor.py:766} INFO - DAG(s) dict_keys(['example_branch_dop_operator_v3']) retrieved from /home/airflow/.local/lib/python3.7/site-packages/airflow/example_dags/example_branch_python_dop_operator_3.py
[2023-08-19T03:47:36.830+0000] {logging_mixin.py:120} INFO - [2023-08-19T03:47:36.830+0000] {dag.py:2585} INFO - Sync 1 DAGs
[2023-08-19T03:47:36.856+0000] {logging_mixin.py:120} INFO - [2023-08-19T03:47:36.856+0000] {dag.py:3340} INFO - Setting next_dagrun for example_branch_dop_operator_v3 to 2023-08-19T03:46:00+00:00, run_after=2023-08-19T03:47:00+00:00
[2023-08-19T03:47:36.874+0000] {processor.py:176} INFO - Processing /home/airflow/.local/lib/python3.7/site-packages/airflow/example_dags/example_branch_python_dop_operator_3.py took 0.094 seconds
[2023-08-19T03:48:07.485+0000] {processor.py:154} INFO - Started process (PID=134) to work on /home/airflow/.local/lib/python3.7/site-packages/airflow/example_dags/example_branch_python_dop_operator_3.py
[2023-08-19T03:48:07.486+0000] {processor.py:756} INFO - Processing file /home/airflow/.local/lib/python3.7/site-packages/airflow/example_dags/example_branch_python_dop_operator_3.py for tasks to queue
[2023-08-19T03:48:07.486+0000] {logging_mixin.py:120} INFO - [2023-08-19T03:48:07.486+0000] {dagbag.py:537} INFO - Filling up the DagBag from /home/airflow/.local/lib/python3.7/site-packages/airflow/example_dags/example_branch_python_dop_operator_3.py
[2023-08-19T03:48:07.508+0000] {processor.py:766} INFO - DAG(s) dict_keys(['example_branch_dop_operator_v3']) retrieved from /home/airflow/.local/lib/python3.7/site-packages/airflow/example_dags/example_branch_python_dop_operator_3.py
[2023-08-19T03:48:07.548+0000] {logging_mixin.py:120} INFO - [2023-08-19T03:48:07.548+0000] {dag.py:2585} INFO - Sync 1 DAGs
[2023-08-19T03:48:07.576+0000] {logging_mixin.py:120} INFO - [2023-08-19T03:48:07.576+0000] {dag.py:3340} INFO - Setting next_dagrun for example_branch_dop_operator_v3 to 2023-08-19T03:47:00+00:00, run_after=2023-08-19T03:48:00+00:00
[2023-08-19T03:48:07.596+0000] {processor.py:176} INFO - Processing /home/airflow/.local/lib/python3.7/site-packages/airflow/example_dags/example_branch_python_dop_operator_3.py took 0.116 seconds
[2023-08-19T03:48:38.373+0000] {processor.py:154} INFO - Started process (PID=198) to work on /home/airflow/.local/lib/python3.7/site-packages/airflow/example_dags/example_branch_python_dop_operator_3.py
[2023-08-19T03:48:38.374+0000] {processor.py:756} INFO - Processing file /home/airflow/.local/lib/python3.7/site-packages/airflow/example_dags/example_branch_python_dop_operator_3.py for tasks to queue
[2023-08-19T03:48:38.375+0000] {logging_mixin.py:120} INFO - [2023-08-19T03:48:38.375+0000] {dagbag.py:537} INFO - Filling up the DagBag from /home/airflow/.local/lib/python3.7/site-packages/airflow/example_dags/example_branch_python_dop_operator_3.py
[2023-08-19T03:48:38.396+0000] {processor.py:766} INFO - DAG(s) dict_keys(['example_branch_dop_operator_v3']) retrieved from /home/airflow/.local/lib/python3.7/site-packages/airflow/example_dags/example_branch_python_dop_operator_3.py
[2023-08-19T03:48:38.432+0000] {logging_mixin.py:120} INFO - [2023-08-19T03:48:38.432+0000] {dag.py:2585} INFO - Sync 1 DAGs
[2023-08-19T03:48:38.459+0000] {logging_mixin.py:120} INFO - [2023-08-19T03:48:38.459+0000] {dag.py:3340} INFO - Setting next_dagrun for example_branch_dop_operator_v3 to 2023-08-19T03:47:00+00:00, run_after=2023-08-19T03:48:00+00:00
[2023-08-19T03:48:38.480+0000] {processor.py:176} INFO - Processing /home/airflow/.local/lib/python3.7/site-packages/airflow/example_dags/example_branch_python_dop_operator_3.py took 0.111 seconds
[2023-08-19T03:49:09.202+0000] {processor.py:154} INFO - Started process (PID=252) to work on /home/airflow/.local/lib/python3.7/site-packages/airflow/example_dags/example_branch_python_dop_operator_3.py
[2023-08-19T03:49:09.203+0000] {processor.py:756} INFO - Processing file /home/airflow/.local/lib/python3.7/site-packages/airflow/example_dags/example_branch_python_dop_operator_3.py for tasks to queue
[2023-08-19T03:49:09.204+0000] {logging_mixin.py:120} INFO - [2023-08-19T03:49:09.204+0000] {dagbag.py:537} INFO - Filling up the DagBag from /home/airflow/.local/lib/python3.7/site-packages/airflow/example_dags/example_branch_python_dop_operator_3.py
[2023-08-19T03:49:09.222+0000] {processor.py:766} INFO - DAG(s) dict_keys(['example_branch_dop_operator_v3']) retrieved from /home/airflow/.local/lib/python3.7/site-packages/airflow/example_dags/example_branch_python_dop_operator_3.py
[2023-08-19T03:49:09.261+0000] {logging_mixin.py:120} INFO - [2023-08-19T03:49:09.261+0000] {dag.py:2585} INFO - Sync 1 DAGs
[2023-08-19T03:49:09.289+0000] {logging_mixin.py:120} INFO - [2023-08-19T03:49:09.289+0000] {dag.py:3340} INFO - Setting next_dagrun for example_branch_dop_operator_v3 to 2023-08-19T03:48:00+00:00, run_after=2023-08-19T03:49:00+00:00
[2023-08-19T03:49:09.316+0000] {processor.py:176} INFO - Processing /home/airflow/.local/lib/python3.7/site-packages/airflow/example_dags/example_branch_python_dop_operator_3.py took 0.117 seconds
