[2023-08-19T03:34:19.043+0000] {processor.py:154} INFO - Started process (PID=64) to work on /home/airflow/.local/lib/python3.7/site-packages/airflow/example_dags/example_sla_dag.py
[2023-08-19T03:34:19.044+0000] {processor.py:756} INFO - Processing file /home/airflow/.local/lib/python3.7/site-packages/airflow/example_dags/example_sla_dag.py for tasks to queue
[2023-08-19T03:34:19.045+0000] {logging_mixin.py:120} INFO - [2023-08-19T03:34:19.045+0000] {dagbag.py:537} INFO - Filling up the DagBag from /home/airflow/.local/lib/python3.7/site-packages/airflow/example_dags/example_sla_dag.py
[2023-08-19T03:34:19.069+0000] {processor.py:766} INFO - DAG(s) dict_keys(['example_sla_dag']) retrieved from /home/airflow/.local/lib/python3.7/site-packages/airflow/example_dags/example_sla_dag.py
[2023-08-19T03:34:19.092+0000] {logging_mixin.py:120} INFO - [2023-08-19T03:34:19.092+0000] {dag.py:2585} INFO - Sync 1 DAGs
[2023-08-19T03:34:19.118+0000] {logging_mixin.py:120} INFO - [2023-08-19T03:34:19.118+0000] {dag.py:3340} INFO - Setting next_dagrun for example_sla_dag to 2023-08-19T03:32:00+00:00, run_after=2023-08-19T03:34:00+00:00
[2023-08-19T03:34:19.140+0000] {processor.py:176} INFO - Processing /home/airflow/.local/lib/python3.7/site-packages/airflow/example_dags/example_sla_dag.py took 0.099 seconds
[2023-08-19T03:47:36.396+0000] {processor.py:154} INFO - Started process (PID=64) to work on /home/airflow/.local/lib/python3.7/site-packages/airflow/example_dags/example_sla_dag.py
[2023-08-19T03:47:36.398+0000] {processor.py:756} INFO - Processing file /home/airflow/.local/lib/python3.7/site-packages/airflow/example_dags/example_sla_dag.py for tasks to queue
[2023-08-19T03:47:36.399+0000] {logging_mixin.py:120} INFO - [2023-08-19T03:47:36.398+0000] {dagbag.py:537} INFO - Filling up the DagBag from /home/airflow/.local/lib/python3.7/site-packages/airflow/example_dags/example_sla_dag.py
[2023-08-19T03:47:36.420+0000] {processor.py:766} INFO - DAG(s) dict_keys(['example_sla_dag']) retrieved from /home/airflow/.local/lib/python3.7/site-packages/airflow/example_dags/example_sla_dag.py
[2023-08-19T03:47:36.441+0000] {logging_mixin.py:120} INFO - [2023-08-19T03:47:36.441+0000] {dag.py:2585} INFO - Sync 1 DAGs
[2023-08-19T03:47:36.465+0000] {logging_mixin.py:120} INFO - [2023-08-19T03:47:36.465+0000] {dag.py:3340} INFO - Setting next_dagrun for example_sla_dag to 2023-08-19T03:44:00+00:00, run_after=2023-08-19T03:46:00+00:00
[2023-08-19T03:47:36.485+0000] {processor.py:176} INFO - Processing /home/airflow/.local/lib/python3.7/site-packages/airflow/example_dags/example_sla_dag.py took 0.092 seconds
[2023-08-19T03:48:06.860+0000] {processor.py:154} INFO - Started process (PID=127) to work on /home/airflow/.local/lib/python3.7/site-packages/airflow/example_dags/example_sla_dag.py
[2023-08-19T03:48:06.861+0000] {processor.py:756} INFO - Processing file /home/airflow/.local/lib/python3.7/site-packages/airflow/example_dags/example_sla_dag.py for tasks to queue
[2023-08-19T03:48:06.861+0000] {logging_mixin.py:120} INFO - [2023-08-19T03:48:06.861+0000] {dagbag.py:537} INFO - Filling up the DagBag from /home/airflow/.local/lib/python3.7/site-packages/airflow/example_dags/example_sla_dag.py
[2023-08-19T03:48:06.882+0000] {processor.py:766} INFO - DAG(s) dict_keys(['example_sla_dag']) retrieved from /home/airflow/.local/lib/python3.7/site-packages/airflow/example_dags/example_sla_dag.py
[2023-08-19T03:48:06.916+0000] {logging_mixin.py:120} INFO - [2023-08-19T03:48:06.916+0000] {dag.py:2585} INFO - Sync 1 DAGs
[2023-08-19T03:48:06.941+0000] {logging_mixin.py:120} INFO - [2023-08-19T03:48:06.941+0000] {dag.py:3340} INFO - Setting next_dagrun for example_sla_dag to 2023-08-19T03:46:00+00:00, run_after=2023-08-19T03:48:00+00:00
[2023-08-19T03:48:06.960+0000] {processor.py:176} INFO - Processing /home/airflow/.local/lib/python3.7/site-packages/airflow/example_dags/example_sla_dag.py took 0.103 seconds
[2023-08-19T03:48:37.826+0000] {processor.py:154} INFO - Started process (PID=191) to work on /home/airflow/.local/lib/python3.7/site-packages/airflow/example_dags/example_sla_dag.py
[2023-08-19T03:48:37.827+0000] {processor.py:756} INFO - Processing file /home/airflow/.local/lib/python3.7/site-packages/airflow/example_dags/example_sla_dag.py for tasks to queue
[2023-08-19T03:48:37.828+0000] {logging_mixin.py:120} INFO - [2023-08-19T03:48:37.827+0000] {dagbag.py:537} INFO - Filling up the DagBag from /home/airflow/.local/lib/python3.7/site-packages/airflow/example_dags/example_sla_dag.py
[2023-08-19T03:48:37.847+0000] {processor.py:766} INFO - DAG(s) dict_keys(['example_sla_dag']) retrieved from /home/airflow/.local/lib/python3.7/site-packages/airflow/example_dags/example_sla_dag.py
[2023-08-19T03:48:37.887+0000] {logging_mixin.py:120} INFO - [2023-08-19T03:48:37.887+0000] {dag.py:2585} INFO - Sync 1 DAGs
[2023-08-19T03:48:37.914+0000] {logging_mixin.py:120} INFO - [2023-08-19T03:48:37.914+0000] {dag.py:3340} INFO - Setting next_dagrun for example_sla_dag to 2023-08-19T03:46:00+00:00, run_after=2023-08-19T03:48:00+00:00
[2023-08-19T03:48:37.933+0000] {processor.py:176} INFO - Processing /home/airflow/.local/lib/python3.7/site-packages/airflow/example_dags/example_sla_dag.py took 0.111 seconds
[2023-08-19T03:49:08.568+0000] {processor.py:154} INFO - Started process (PID=245) to work on /home/airflow/.local/lib/python3.7/site-packages/airflow/example_dags/example_sla_dag.py
[2023-08-19T03:49:08.569+0000] {processor.py:756} INFO - Processing file /home/airflow/.local/lib/python3.7/site-packages/airflow/example_dags/example_sla_dag.py for tasks to queue
[2023-08-19T03:49:08.569+0000] {logging_mixin.py:120} INFO - [2023-08-19T03:49:08.569+0000] {dagbag.py:537} INFO - Filling up the DagBag from /home/airflow/.local/lib/python3.7/site-packages/airflow/example_dags/example_sla_dag.py
[2023-08-19T03:49:08.588+0000] {processor.py:766} INFO - DAG(s) dict_keys(['example_sla_dag']) retrieved from /home/airflow/.local/lib/python3.7/site-packages/airflow/example_dags/example_sla_dag.py
[2023-08-19T03:49:08.624+0000] {logging_mixin.py:120} INFO - [2023-08-19T03:49:08.624+0000] {dag.py:2585} INFO - Sync 1 DAGs
[2023-08-19T03:49:08.655+0000] {logging_mixin.py:120} INFO - [2023-08-19T03:49:08.654+0000] {dag.py:3340} INFO - Setting next_dagrun for example_sla_dag to 2023-08-19T03:46:00+00:00, run_after=2023-08-19T03:48:00+00:00
[2023-08-19T03:49:08.675+0000] {processor.py:176} INFO - Processing /home/airflow/.local/lib/python3.7/site-packages/airflow/example_dags/example_sla_dag.py took 0.111 seconds
