[2023-08-19T03:15:19.837+0000] {processor.py:154} INFO - Started process (PID=55) to work on /home/airflow/.local/lib/python3.7/site-packages/airflow/example_dags/example_complex.py
[2023-08-19T03:15:19.838+0000] {processor.py:756} INFO - Processing file /home/airflow/.local/lib/python3.7/site-packages/airflow/example_dags/example_complex.py for tasks to queue
[2023-08-19T03:15:19.839+0000] {logging_mixin.py:120} INFO - [2023-08-19T03:15:19.839+0000] {dagbag.py:537} INFO - Filling up the DagBag from /home/airflow/.local/lib/python3.7/site-packages/airflow/example_dags/example_complex.py
[2023-08-19T03:15:19.853+0000] {logging_mixin.py:120} INFO - [2023-08-19T03:15:19.852+0000] {taskmixin.py:205} WARNING - Dependency <Task(BashOperator): create_entry_group>, delete_entry_group already registered for DAG: example_complex
[2023-08-19T03:15:19.853+0000] {logging_mixin.py:120} INFO - [2023-08-19T03:15:19.853+0000] {taskmixin.py:205} WARNING - Dependency <Task(BashOperator): delete_entry_group>, create_entry_group already registered for DAG: example_complex
[2023-08-19T03:15:19.854+0000] {logging_mixin.py:120} INFO - [2023-08-19T03:15:19.854+0000] {taskmixin.py:205} WARNING - Dependency <Task(BashOperator): create_entry_gcs>, delete_entry already registered for DAG: example_complex
[2023-08-19T03:15:19.854+0000] {logging_mixin.py:120} INFO - [2023-08-19T03:15:19.854+0000] {taskmixin.py:205} WARNING - Dependency <Task(BashOperator): delete_entry>, create_entry_gcs already registered for DAG: example_complex
[2023-08-19T03:15:19.855+0000] {logging_mixin.py:120} INFO - [2023-08-19T03:15:19.855+0000] {taskmixin.py:205} WARNING - Dependency <Task(BashOperator): create_tag>, delete_tag already registered for DAG: example_complex
[2023-08-19T03:15:19.855+0000] {logging_mixin.py:120} INFO - [2023-08-19T03:15:19.855+0000] {taskmixin.py:205} WARNING - Dependency <Task(BashOperator): delete_tag>, create_tag already registered for DAG: example_complex
[2023-08-19T03:15:19.863+0000] {processor.py:766} INFO - DAG(s) dict_keys(['example_complex']) retrieved from /home/airflow/.local/lib/python3.7/site-packages/airflow/example_dags/example_complex.py
[2023-08-19T03:15:20.014+0000] {logging_mixin.py:120} INFO - [2023-08-19T03:15:20.014+0000] {manager.py:507} INFO - Created Permission View: can read on DAG:example_complex
[2023-08-19T03:15:20.025+0000] {logging_mixin.py:120} INFO - [2023-08-19T03:15:20.025+0000] {manager.py:507} INFO - Created Permission View: can delete on DAG:example_complex
[2023-08-19T03:15:20.033+0000] {logging_mixin.py:120} INFO - [2023-08-19T03:15:20.033+0000] {manager.py:507} INFO - Created Permission View: can edit on DAG:example_complex
[2023-08-19T03:15:20.034+0000] {logging_mixin.py:120} INFO - [2023-08-19T03:15:20.034+0000] {dag.py:2585} INFO - Sync 1 DAGs
[2023-08-19T03:15:20.049+0000] {logging_mixin.py:120} INFO - [2023-08-19T03:15:20.049+0000] {dag.py:2606} INFO - Creating ORM DAG for example_complex
[2023-08-19T03:15:20.059+0000] {logging_mixin.py:120} INFO - [2023-08-19T03:15:20.059+0000] {dag.py:3340} INFO - Setting next_dagrun for example_complex to None, run_after=None
[2023-08-19T03:15:20.080+0000] {processor.py:176} INFO - Processing /home/airflow/.local/lib/python3.7/site-packages/airflow/example_dags/example_complex.py took 0.247 seconds
[2023-08-19T03:15:50.809+0000] {processor.py:154} INFO - Started process (PID=118) to work on /home/airflow/.local/lib/python3.7/site-packages/airflow/example_dags/example_complex.py
[2023-08-19T03:15:50.810+0000] {processor.py:756} INFO - Processing file /home/airflow/.local/lib/python3.7/site-packages/airflow/example_dags/example_complex.py for tasks to queue
[2023-08-19T03:15:50.811+0000] {logging_mixin.py:120} INFO - [2023-08-19T03:15:50.811+0000] {dagbag.py:537} INFO - Filling up the DagBag from /home/airflow/.local/lib/python3.7/site-packages/airflow/example_dags/example_complex.py
[2023-08-19T03:15:50.821+0000] {logging_mixin.py:120} INFO - [2023-08-19T03:15:50.821+0000] {taskmixin.py:205} WARNING - Dependency <Task(BashOperator): create_entry_group>, delete_entry_group already registered for DAG: example_complex
[2023-08-19T03:15:50.822+0000] {logging_mixin.py:120} INFO - [2023-08-19T03:15:50.822+0000] {taskmixin.py:205} WARNING - Dependency <Task(BashOperator): delete_entry_group>, create_entry_group already registered for DAG: example_complex
[2023-08-19T03:15:50.822+0000] {logging_mixin.py:120} INFO - [2023-08-19T03:15:50.822+0000] {taskmixin.py:205} WARNING - Dependency <Task(BashOperator): create_entry_gcs>, delete_entry already registered for DAG: example_complex
[2023-08-19T03:15:50.823+0000] {logging_mixin.py:120} INFO - [2023-08-19T03:15:50.823+0000] {taskmixin.py:205} WARNING - Dependency <Task(BashOperator): delete_entry>, create_entry_gcs already registered for DAG: example_complex
[2023-08-19T03:15:50.823+0000] {logging_mixin.py:120} INFO - [2023-08-19T03:15:50.823+0000] {taskmixin.py:205} WARNING - Dependency <Task(BashOperator): create_tag>, delete_tag already registered for DAG: example_complex
[2023-08-19T03:15:50.823+0000] {logging_mixin.py:120} INFO - [2023-08-19T03:15:50.823+0000] {taskmixin.py:205} WARNING - Dependency <Task(BashOperator): delete_tag>, create_tag already registered for DAG: example_complex
[2023-08-19T03:15:50.831+0000] {processor.py:766} INFO - DAG(s) dict_keys(['example_complex']) retrieved from /home/airflow/.local/lib/python3.7/site-packages/airflow/example_dags/example_complex.py
[2023-08-19T03:15:50.878+0000] {logging_mixin.py:120} INFO - [2023-08-19T03:15:50.878+0000] {dag.py:2585} INFO - Sync 1 DAGs
[2023-08-19T03:15:50.902+0000] {logging_mixin.py:120} INFO - [2023-08-19T03:15:50.901+0000] {dag.py:3340} INFO - Setting next_dagrun for example_complex to None, run_after=None
[2023-08-19T03:15:50.926+0000] {processor.py:176} INFO - Processing /home/airflow/.local/lib/python3.7/site-packages/airflow/example_dags/example_complex.py took 0.119 seconds
[2023-08-19T03:16:21.450+0000] {processor.py:154} INFO - Started process (PID=182) to work on /home/airflow/.local/lib/python3.7/site-packages/airflow/example_dags/example_complex.py
[2023-08-19T03:16:21.451+0000] {processor.py:756} INFO - Processing file /home/airflow/.local/lib/python3.7/site-packages/airflow/example_dags/example_complex.py for tasks to queue
[2023-08-19T03:16:21.451+0000] {logging_mixin.py:120} INFO - [2023-08-19T03:16:21.451+0000] {dagbag.py:537} INFO - Filling up the DagBag from /home/airflow/.local/lib/python3.7/site-packages/airflow/example_dags/example_complex.py
[2023-08-19T03:16:21.461+0000] {logging_mixin.py:120} INFO - [2023-08-19T03:16:21.461+0000] {taskmixin.py:205} WARNING - Dependency <Task(BashOperator): create_entry_group>, delete_entry_group already registered for DAG: example_complex
[2023-08-19T03:16:21.462+0000] {logging_mixin.py:120} INFO - [2023-08-19T03:16:21.462+0000] {taskmixin.py:205} WARNING - Dependency <Task(BashOperator): delete_entry_group>, create_entry_group already registered for DAG: example_complex
[2023-08-19T03:16:21.462+0000] {logging_mixin.py:120} INFO - [2023-08-19T03:16:21.462+0000] {taskmixin.py:205} WARNING - Dependency <Task(BashOperator): create_entry_gcs>, delete_entry already registered for DAG: example_complex
[2023-08-19T03:16:21.463+0000] {logging_mixin.py:120} INFO - [2023-08-19T03:16:21.463+0000] {taskmixin.py:205} WARNING - Dependency <Task(BashOperator): delete_entry>, create_entry_gcs already registered for DAG: example_complex
[2023-08-19T03:16:21.463+0000] {logging_mixin.py:120} INFO - [2023-08-19T03:16:21.463+0000] {taskmixin.py:205} WARNING - Dependency <Task(BashOperator): create_tag>, delete_tag already registered for DAG: example_complex
[2023-08-19T03:16:21.464+0000] {logging_mixin.py:120} INFO - [2023-08-19T03:16:21.464+0000] {taskmixin.py:205} WARNING - Dependency <Task(BashOperator): delete_tag>, create_tag already registered for DAG: example_complex
[2023-08-19T03:16:21.470+0000] {processor.py:766} INFO - DAG(s) dict_keys(['example_complex']) retrieved from /home/airflow/.local/lib/python3.7/site-packages/airflow/example_dags/example_complex.py
[2023-08-19T03:16:21.511+0000] {logging_mixin.py:120} INFO - [2023-08-19T03:16:21.511+0000] {dag.py:2585} INFO - Sync 1 DAGs
[2023-08-19T03:16:21.535+0000] {logging_mixin.py:120} INFO - [2023-08-19T03:16:21.534+0000] {dag.py:3340} INFO - Setting next_dagrun for example_complex to None, run_after=None
[2023-08-19T03:16:21.555+0000] {processor.py:176} INFO - Processing /home/airflow/.local/lib/python3.7/site-packages/airflow/example_dags/example_complex.py took 0.108 seconds
[2023-08-19T03:16:51.770+0000] {processor.py:154} INFO - Started process (PID=245) to work on /home/airflow/.local/lib/python3.7/site-packages/airflow/example_dags/example_complex.py
[2023-08-19T03:16:51.771+0000] {processor.py:756} INFO - Processing file /home/airflow/.local/lib/python3.7/site-packages/airflow/example_dags/example_complex.py for tasks to queue
[2023-08-19T03:16:51.772+0000] {logging_mixin.py:120} INFO - [2023-08-19T03:16:51.772+0000] {dagbag.py:537} INFO - Filling up the DagBag from /home/airflow/.local/lib/python3.7/site-packages/airflow/example_dags/example_complex.py
[2023-08-19T03:16:51.782+0000] {logging_mixin.py:120} INFO - [2023-08-19T03:16:51.782+0000] {taskmixin.py:205} WARNING - Dependency <Task(BashOperator): create_entry_group>, delete_entry_group already registered for DAG: example_complex
[2023-08-19T03:16:51.783+0000] {logging_mixin.py:120} INFO - [2023-08-19T03:16:51.782+0000] {taskmixin.py:205} WARNING - Dependency <Task(BashOperator): delete_entry_group>, create_entry_group already registered for DAG: example_complex
[2023-08-19T03:16:51.783+0000] {logging_mixin.py:120} INFO - [2023-08-19T03:16:51.783+0000] {taskmixin.py:205} WARNING - Dependency <Task(BashOperator): create_entry_gcs>, delete_entry already registered for DAG: example_complex
[2023-08-19T03:16:51.783+0000] {logging_mixin.py:120} INFO - [2023-08-19T03:16:51.783+0000] {taskmixin.py:205} WARNING - Dependency <Task(BashOperator): delete_entry>, create_entry_gcs already registered for DAG: example_complex
[2023-08-19T03:16:51.784+0000] {logging_mixin.py:120} INFO - [2023-08-19T03:16:51.784+0000] {taskmixin.py:205} WARNING - Dependency <Task(BashOperator): create_tag>, delete_tag already registered for DAG: example_complex
[2023-08-19T03:16:51.784+0000] {logging_mixin.py:120} INFO - [2023-08-19T03:16:51.784+0000] {taskmixin.py:205} WARNING - Dependency <Task(BashOperator): delete_tag>, create_tag already registered for DAG: example_complex
[2023-08-19T03:16:51.791+0000] {processor.py:766} INFO - DAG(s) dict_keys(['example_complex']) retrieved from /home/airflow/.local/lib/python3.7/site-packages/airflow/example_dags/example_complex.py
[2023-08-19T03:16:51.834+0000] {logging_mixin.py:120} INFO - [2023-08-19T03:16:51.834+0000] {dag.py:2585} INFO - Sync 1 DAGs
[2023-08-19T03:16:51.855+0000] {logging_mixin.py:120} INFO - [2023-08-19T03:16:51.855+0000] {dag.py:3340} INFO - Setting next_dagrun for example_complex to None, run_after=None
[2023-08-19T03:16:51.873+0000] {processor.py:176} INFO - Processing /home/airflow/.local/lib/python3.7/site-packages/airflow/example_dags/example_complex.py took 0.105 seconds
[2023-08-19T03:17:22.079+0000] {processor.py:154} INFO - Started process (PID=299) to work on /home/airflow/.local/lib/python3.7/site-packages/airflow/example_dags/example_complex.py
[2023-08-19T03:17:22.080+0000] {processor.py:756} INFO - Processing file /home/airflow/.local/lib/python3.7/site-packages/airflow/example_dags/example_complex.py for tasks to queue
[2023-08-19T03:17:22.081+0000] {logging_mixin.py:120} INFO - [2023-08-19T03:17:22.081+0000] {dagbag.py:537} INFO - Filling up the DagBag from /home/airflow/.local/lib/python3.7/site-packages/airflow/example_dags/example_complex.py
[2023-08-19T03:17:22.091+0000] {logging_mixin.py:120} INFO - [2023-08-19T03:17:22.091+0000] {taskmixin.py:205} WARNING - Dependency <Task(BashOperator): create_entry_group>, delete_entry_group already registered for DAG: example_complex
[2023-08-19T03:17:22.091+0000] {logging_mixin.py:120} INFO - [2023-08-19T03:17:22.091+0000] {taskmixin.py:205} WARNING - Dependency <Task(BashOperator): delete_entry_group>, create_entry_group already registered for DAG: example_complex
[2023-08-19T03:17:22.092+0000] {logging_mixin.py:120} INFO - [2023-08-19T03:17:22.092+0000] {taskmixin.py:205} WARNING - Dependency <Task(BashOperator): create_entry_gcs>, delete_entry already registered for DAG: example_complex
[2023-08-19T03:17:22.092+0000] {logging_mixin.py:120} INFO - [2023-08-19T03:17:22.092+0000] {taskmixin.py:205} WARNING - Dependency <Task(BashOperator): delete_entry>, create_entry_gcs already registered for DAG: example_complex
[2023-08-19T03:17:22.093+0000] {logging_mixin.py:120} INFO - [2023-08-19T03:17:22.093+0000] {taskmixin.py:205} WARNING - Dependency <Task(BashOperator): create_tag>, delete_tag already registered for DAG: example_complex
[2023-08-19T03:17:22.094+0000] {logging_mixin.py:120} INFO - [2023-08-19T03:17:22.094+0000] {taskmixin.py:205} WARNING - Dependency <Task(BashOperator): delete_tag>, create_tag already registered for DAG: example_complex
[2023-08-19T03:17:22.100+0000] {processor.py:766} INFO - DAG(s) dict_keys(['example_complex']) retrieved from /home/airflow/.local/lib/python3.7/site-packages/airflow/example_dags/example_complex.py
[2023-08-19T03:17:22.141+0000] {logging_mixin.py:120} INFO - [2023-08-19T03:17:22.141+0000] {dag.py:2585} INFO - Sync 1 DAGs
[2023-08-19T03:17:22.160+0000] {logging_mixin.py:120} INFO - [2023-08-19T03:17:22.160+0000] {dag.py:3340} INFO - Setting next_dagrun for example_complex to None, run_after=None
[2023-08-19T03:17:22.176+0000] {processor.py:176} INFO - Processing /home/airflow/.local/lib/python3.7/site-packages/airflow/example_dags/example_complex.py took 0.100 seconds
[2023-08-19T03:17:52.569+0000] {processor.py:154} INFO - Started process (PID=362) to work on /home/airflow/.local/lib/python3.7/site-packages/airflow/example_dags/example_complex.py
[2023-08-19T03:17:52.571+0000] {processor.py:756} INFO - Processing file /home/airflow/.local/lib/python3.7/site-packages/airflow/example_dags/example_complex.py for tasks to queue
[2023-08-19T03:17:52.572+0000] {logging_mixin.py:120} INFO - [2023-08-19T03:17:52.571+0000] {dagbag.py:537} INFO - Filling up the DagBag from /home/airflow/.local/lib/python3.7/site-packages/airflow/example_dags/example_complex.py
[2023-08-19T03:17:52.583+0000] {logging_mixin.py:120} INFO - [2023-08-19T03:17:52.583+0000] {taskmixin.py:205} WARNING - Dependency <Task(BashOperator): create_entry_group>, delete_entry_group already registered for DAG: example_complex
[2023-08-19T03:17:52.583+0000] {logging_mixin.py:120} INFO - [2023-08-19T03:17:52.583+0000] {taskmixin.py:205} WARNING - Dependency <Task(BashOperator): delete_entry_group>, create_entry_group already registered for DAG: example_complex
[2023-08-19T03:17:52.584+0000] {logging_mixin.py:120} INFO - [2023-08-19T03:17:52.584+0000] {taskmixin.py:205} WARNING - Dependency <Task(BashOperator): create_entry_gcs>, delete_entry already registered for DAG: example_complex
[2023-08-19T03:17:52.584+0000] {logging_mixin.py:120} INFO - [2023-08-19T03:17:52.584+0000] {taskmixin.py:205} WARNING - Dependency <Task(BashOperator): delete_entry>, create_entry_gcs already registered for DAG: example_complex
[2023-08-19T03:17:52.585+0000] {logging_mixin.py:120} INFO - [2023-08-19T03:17:52.585+0000] {taskmixin.py:205} WARNING - Dependency <Task(BashOperator): create_tag>, delete_tag already registered for DAG: example_complex
[2023-08-19T03:17:52.585+0000] {logging_mixin.py:120} INFO - [2023-08-19T03:17:52.585+0000] {taskmixin.py:205} WARNING - Dependency <Task(BashOperator): delete_tag>, create_tag already registered for DAG: example_complex
[2023-08-19T03:17:52.594+0000] {processor.py:766} INFO - DAG(s) dict_keys(['example_complex']) retrieved from /home/airflow/.local/lib/python3.7/site-packages/airflow/example_dags/example_complex.py
[2023-08-19T03:17:52.643+0000] {logging_mixin.py:120} INFO - [2023-08-19T03:17:52.642+0000] {dag.py:2585} INFO - Sync 1 DAGs
[2023-08-19T03:17:52.667+0000] {logging_mixin.py:120} INFO - [2023-08-19T03:17:52.667+0000] {dag.py:3340} INFO - Setting next_dagrun for example_complex to None, run_after=None
[2023-08-19T03:17:52.691+0000] {processor.py:176} INFO - Processing /home/airflow/.local/lib/python3.7/site-packages/airflow/example_dags/example_complex.py took 0.124 seconds
[2023-08-19T03:18:23.439+0000] {processor.py:154} INFO - Started process (PID=425) to work on /home/airflow/.local/lib/python3.7/site-packages/airflow/example_dags/example_complex.py
[2023-08-19T03:18:23.440+0000] {processor.py:756} INFO - Processing file /home/airflow/.local/lib/python3.7/site-packages/airflow/example_dags/example_complex.py for tasks to queue
[2023-08-19T03:18:23.441+0000] {logging_mixin.py:120} INFO - [2023-08-19T03:18:23.441+0000] {dagbag.py:537} INFO - Filling up the DagBag from /home/airflow/.local/lib/python3.7/site-packages/airflow/example_dags/example_complex.py
[2023-08-19T03:18:23.453+0000] {logging_mixin.py:120} INFO - [2023-08-19T03:18:23.452+0000] {taskmixin.py:205} WARNING - Dependency <Task(BashOperator): create_entry_group>, delete_entry_group already registered for DAG: example_complex
[2023-08-19T03:18:23.453+0000] {logging_mixin.py:120} INFO - [2023-08-19T03:18:23.453+0000] {taskmixin.py:205} WARNING - Dependency <Task(BashOperator): delete_entry_group>, create_entry_group already registered for DAG: example_complex
[2023-08-19T03:18:23.454+0000] {logging_mixin.py:120} INFO - [2023-08-19T03:18:23.454+0000] {taskmixin.py:205} WARNING - Dependency <Task(BashOperator): create_entry_gcs>, delete_entry already registered for DAG: example_complex
[2023-08-19T03:18:23.454+0000] {logging_mixin.py:120} INFO - [2023-08-19T03:18:23.454+0000] {taskmixin.py:205} WARNING - Dependency <Task(BashOperator): delete_entry>, create_entry_gcs already registered for DAG: example_complex
[2023-08-19T03:18:23.455+0000] {logging_mixin.py:120} INFO - [2023-08-19T03:18:23.455+0000] {taskmixin.py:205} WARNING - Dependency <Task(BashOperator): create_tag>, delete_tag already registered for DAG: example_complex
[2023-08-19T03:18:23.455+0000] {logging_mixin.py:120} INFO - [2023-08-19T03:18:23.455+0000] {taskmixin.py:205} WARNING - Dependency <Task(BashOperator): delete_tag>, create_tag already registered for DAG: example_complex
[2023-08-19T03:18:23.462+0000] {processor.py:766} INFO - DAG(s) dict_keys(['example_complex']) retrieved from /home/airflow/.local/lib/python3.7/site-packages/airflow/example_dags/example_complex.py
[2023-08-19T03:18:23.507+0000] {logging_mixin.py:120} INFO - [2023-08-19T03:18:23.507+0000] {dag.py:2585} INFO - Sync 1 DAGs
[2023-08-19T03:18:23.532+0000] {logging_mixin.py:120} INFO - [2023-08-19T03:18:23.532+0000] {dag.py:3340} INFO - Setting next_dagrun for example_complex to None, run_after=None
[2023-08-19T03:18:23.556+0000] {processor.py:176} INFO - Processing /home/airflow/.local/lib/python3.7/site-packages/airflow/example_dags/example_complex.py took 0.120 seconds
[2023-08-19T03:18:54.238+0000] {processor.py:154} INFO - Started process (PID=488) to work on /home/airflow/.local/lib/python3.7/site-packages/airflow/example_dags/example_complex.py
[2023-08-19T03:18:54.239+0000] {processor.py:756} INFO - Processing file /home/airflow/.local/lib/python3.7/site-packages/airflow/example_dags/example_complex.py for tasks to queue
[2023-08-19T03:18:54.240+0000] {logging_mixin.py:120} INFO - [2023-08-19T03:18:54.240+0000] {dagbag.py:537} INFO - Filling up the DagBag from /home/airflow/.local/lib/python3.7/site-packages/airflow/example_dags/example_complex.py
[2023-08-19T03:18:54.250+0000] {logging_mixin.py:120} INFO - [2023-08-19T03:18:54.250+0000] {taskmixin.py:205} WARNING - Dependency <Task(BashOperator): create_entry_group>, delete_entry_group already registered for DAG: example_complex
[2023-08-19T03:18:54.250+0000] {logging_mixin.py:120} INFO - [2023-08-19T03:18:54.250+0000] {taskmixin.py:205} WARNING - Dependency <Task(BashOperator): delete_entry_group>, create_entry_group already registered for DAG: example_complex
[2023-08-19T03:18:54.251+0000] {logging_mixin.py:120} INFO - [2023-08-19T03:18:54.251+0000] {taskmixin.py:205} WARNING - Dependency <Task(BashOperator): create_entry_gcs>, delete_entry already registered for DAG: example_complex
[2023-08-19T03:18:54.251+0000] {logging_mixin.py:120} INFO - [2023-08-19T03:18:54.251+0000] {taskmixin.py:205} WARNING - Dependency <Task(BashOperator): delete_entry>, create_entry_gcs already registered for DAG: example_complex
[2023-08-19T03:18:54.252+0000] {logging_mixin.py:120} INFO - [2023-08-19T03:18:54.251+0000] {taskmixin.py:205} WARNING - Dependency <Task(BashOperator): create_tag>, delete_tag already registered for DAG: example_complex
[2023-08-19T03:18:54.252+0000] {logging_mixin.py:120} INFO - [2023-08-19T03:18:54.252+0000] {taskmixin.py:205} WARNING - Dependency <Task(BashOperator): delete_tag>, create_tag already registered for DAG: example_complex
[2023-08-19T03:18:54.257+0000] {processor.py:766} INFO - DAG(s) dict_keys(['example_complex']) retrieved from /home/airflow/.local/lib/python3.7/site-packages/airflow/example_dags/example_complex.py
[2023-08-19T03:18:54.297+0000] {logging_mixin.py:120} INFO - [2023-08-19T03:18:54.297+0000] {dag.py:2585} INFO - Sync 1 DAGs
[2023-08-19T03:18:54.318+0000] {logging_mixin.py:120} INFO - [2023-08-19T03:18:54.318+0000] {dag.py:3340} INFO - Setting next_dagrun for example_complex to None, run_after=None
[2023-08-19T03:18:54.335+0000] {processor.py:176} INFO - Processing /home/airflow/.local/lib/python3.7/site-packages/airflow/example_dags/example_complex.py took 0.100 seconds
[2023-08-19T03:19:24.479+0000] {processor.py:154} INFO - Started process (PID=543) to work on /home/airflow/.local/lib/python3.7/site-packages/airflow/example_dags/example_complex.py
[2023-08-19T03:19:24.480+0000] {processor.py:756} INFO - Processing file /home/airflow/.local/lib/python3.7/site-packages/airflow/example_dags/example_complex.py for tasks to queue
[2023-08-19T03:19:24.481+0000] {logging_mixin.py:120} INFO - [2023-08-19T03:19:24.481+0000] {dagbag.py:537} INFO - Filling up the DagBag from /home/airflow/.local/lib/python3.7/site-packages/airflow/example_dags/example_complex.py
[2023-08-19T03:19:24.491+0000] {logging_mixin.py:120} INFO - [2023-08-19T03:19:24.491+0000] {taskmixin.py:205} WARNING - Dependency <Task(BashOperator): create_entry_group>, delete_entry_group already registered for DAG: example_complex
[2023-08-19T03:19:24.491+0000] {logging_mixin.py:120} INFO - [2023-08-19T03:19:24.491+0000] {taskmixin.py:205} WARNING - Dependency <Task(BashOperator): delete_entry_group>, create_entry_group already registered for DAG: example_complex
[2023-08-19T03:19:24.492+0000] {logging_mixin.py:120} INFO - [2023-08-19T03:19:24.492+0000] {taskmixin.py:205} WARNING - Dependency <Task(BashOperator): create_entry_gcs>, delete_entry already registered for DAG: example_complex
[2023-08-19T03:19:24.492+0000] {logging_mixin.py:120} INFO - [2023-08-19T03:19:24.492+0000] {taskmixin.py:205} WARNING - Dependency <Task(BashOperator): delete_entry>, create_entry_gcs already registered for DAG: example_complex
[2023-08-19T03:19:24.493+0000] {logging_mixin.py:120} INFO - [2023-08-19T03:19:24.493+0000] {taskmixin.py:205} WARNING - Dependency <Task(BashOperator): create_tag>, delete_tag already registered for DAG: example_complex
[2023-08-19T03:19:24.493+0000] {logging_mixin.py:120} INFO - [2023-08-19T03:19:24.493+0000] {taskmixin.py:205} WARNING - Dependency <Task(BashOperator): delete_tag>, create_tag already registered for DAG: example_complex
[2023-08-19T03:19:24.500+0000] {processor.py:766} INFO - DAG(s) dict_keys(['example_complex']) retrieved from /home/airflow/.local/lib/python3.7/site-packages/airflow/example_dags/example_complex.py
[2023-08-19T03:19:24.542+0000] {logging_mixin.py:120} INFO - [2023-08-19T03:19:24.542+0000] {dag.py:2585} INFO - Sync 1 DAGs
[2023-08-19T03:19:24.562+0000] {logging_mixin.py:120} INFO - [2023-08-19T03:19:24.562+0000] {dag.py:3340} INFO - Setting next_dagrun for example_complex to None, run_after=None
[2023-08-19T03:19:24.581+0000] {processor.py:176} INFO - Processing /home/airflow/.local/lib/python3.7/site-packages/airflow/example_dags/example_complex.py took 0.106 seconds
[2023-08-19T03:19:54.880+0000] {processor.py:154} INFO - Started process (PID=607) to work on /home/airflow/.local/lib/python3.7/site-packages/airflow/example_dags/example_complex.py
[2023-08-19T03:19:54.881+0000] {processor.py:756} INFO - Processing file /home/airflow/.local/lib/python3.7/site-packages/airflow/example_dags/example_complex.py for tasks to queue
[2023-08-19T03:19:54.882+0000] {logging_mixin.py:120} INFO - [2023-08-19T03:19:54.881+0000] {dagbag.py:537} INFO - Filling up the DagBag from /home/airflow/.local/lib/python3.7/site-packages/airflow/example_dags/example_complex.py
[2023-08-19T03:19:54.895+0000] {logging_mixin.py:120} INFO - [2023-08-19T03:19:54.895+0000] {taskmixin.py:205} WARNING - Dependency <Task(BashOperator): create_entry_group>, delete_entry_group already registered for DAG: example_complex
[2023-08-19T03:19:54.895+0000] {logging_mixin.py:120} INFO - [2023-08-19T03:19:54.895+0000] {taskmixin.py:205} WARNING - Dependency <Task(BashOperator): delete_entry_group>, create_entry_group already registered for DAG: example_complex
[2023-08-19T03:19:54.896+0000] {logging_mixin.py:120} INFO - [2023-08-19T03:19:54.896+0000] {taskmixin.py:205} WARNING - Dependency <Task(BashOperator): create_entry_gcs>, delete_entry already registered for DAG: example_complex
[2023-08-19T03:19:54.896+0000] {logging_mixin.py:120} INFO - [2023-08-19T03:19:54.896+0000] {taskmixin.py:205} WARNING - Dependency <Task(BashOperator): delete_entry>, create_entry_gcs already registered for DAG: example_complex
[2023-08-19T03:19:54.897+0000] {logging_mixin.py:120} INFO - [2023-08-19T03:19:54.897+0000] {taskmixin.py:205} WARNING - Dependency <Task(BashOperator): create_tag>, delete_tag already registered for DAG: example_complex
[2023-08-19T03:19:54.897+0000] {logging_mixin.py:120} INFO - [2023-08-19T03:19:54.897+0000] {taskmixin.py:205} WARNING - Dependency <Task(BashOperator): delete_tag>, create_tag already registered for DAG: example_complex
[2023-08-19T03:19:54.904+0000] {processor.py:766} INFO - DAG(s) dict_keys(['example_complex']) retrieved from /home/airflow/.local/lib/python3.7/site-packages/airflow/example_dags/example_complex.py
[2023-08-19T03:19:54.949+0000] {logging_mixin.py:120} INFO - [2023-08-19T03:19:54.949+0000] {dag.py:2585} INFO - Sync 1 DAGs
[2023-08-19T03:19:54.973+0000] {logging_mixin.py:120} INFO - [2023-08-19T03:19:54.973+0000] {dag.py:3340} INFO - Setting next_dagrun for example_complex to None, run_after=None
[2023-08-19T03:19:54.992+0000] {processor.py:176} INFO - Processing /home/airflow/.local/lib/python3.7/site-packages/airflow/example_dags/example_complex.py took 0.115 seconds
[2023-08-19T03:20:25.169+0000] {processor.py:154} INFO - Started process (PID=670) to work on /home/airflow/.local/lib/python3.7/site-packages/airflow/example_dags/example_complex.py
[2023-08-19T03:20:25.170+0000] {processor.py:756} INFO - Processing file /home/airflow/.local/lib/python3.7/site-packages/airflow/example_dags/example_complex.py for tasks to queue
[2023-08-19T03:20:25.171+0000] {logging_mixin.py:120} INFO - [2023-08-19T03:20:25.171+0000] {dagbag.py:537} INFO - Filling up the DagBag from /home/airflow/.local/lib/python3.7/site-packages/airflow/example_dags/example_complex.py
[2023-08-19T03:20:25.180+0000] {logging_mixin.py:120} INFO - [2023-08-19T03:20:25.180+0000] {taskmixin.py:205} WARNING - Dependency <Task(BashOperator): create_entry_group>, delete_entry_group already registered for DAG: example_complex
[2023-08-19T03:20:25.181+0000] {logging_mixin.py:120} INFO - [2023-08-19T03:20:25.181+0000] {taskmixin.py:205} WARNING - Dependency <Task(BashOperator): delete_entry_group>, create_entry_group already registered for DAG: example_complex
[2023-08-19T03:20:25.181+0000] {logging_mixin.py:120} INFO - [2023-08-19T03:20:25.181+0000] {taskmixin.py:205} WARNING - Dependency <Task(BashOperator): create_entry_gcs>, delete_entry already registered for DAG: example_complex
[2023-08-19T03:20:25.182+0000] {logging_mixin.py:120} INFO - [2023-08-19T03:20:25.182+0000] {taskmixin.py:205} WARNING - Dependency <Task(BashOperator): delete_entry>, create_entry_gcs already registered for DAG: example_complex
[2023-08-19T03:20:25.183+0000] {logging_mixin.py:120} INFO - [2023-08-19T03:20:25.182+0000] {taskmixin.py:205} WARNING - Dependency <Task(BashOperator): create_tag>, delete_tag already registered for DAG: example_complex
[2023-08-19T03:20:25.183+0000] {logging_mixin.py:120} INFO - [2023-08-19T03:20:25.183+0000] {taskmixin.py:205} WARNING - Dependency <Task(BashOperator): delete_tag>, create_tag already registered for DAG: example_complex
[2023-08-19T03:20:25.190+0000] {processor.py:766} INFO - DAG(s) dict_keys(['example_complex']) retrieved from /home/airflow/.local/lib/python3.7/site-packages/airflow/example_dags/example_complex.py
[2023-08-19T03:20:25.232+0000] {logging_mixin.py:120} INFO - [2023-08-19T03:20:25.232+0000] {dag.py:2585} INFO - Sync 1 DAGs
[2023-08-19T03:20:25.254+0000] {logging_mixin.py:120} INFO - [2023-08-19T03:20:25.254+0000] {dag.py:3340} INFO - Setting next_dagrun for example_complex to None, run_after=None
[2023-08-19T03:20:25.273+0000] {processor.py:176} INFO - Processing /home/airflow/.local/lib/python3.7/site-packages/airflow/example_dags/example_complex.py took 0.107 seconds
[2023-08-19T03:20:55.472+0000] {processor.py:154} INFO - Started process (PID=733) to work on /home/airflow/.local/lib/python3.7/site-packages/airflow/example_dags/example_complex.py
[2023-08-19T03:20:55.474+0000] {processor.py:756} INFO - Processing file /home/airflow/.local/lib/python3.7/site-packages/airflow/example_dags/example_complex.py for tasks to queue
[2023-08-19T03:20:55.474+0000] {logging_mixin.py:120} INFO - [2023-08-19T03:20:55.474+0000] {dagbag.py:537} INFO - Filling up the DagBag from /home/airflow/.local/lib/python3.7/site-packages/airflow/example_dags/example_complex.py
[2023-08-19T03:20:55.485+0000] {logging_mixin.py:120} INFO - [2023-08-19T03:20:55.484+0000] {taskmixin.py:205} WARNING - Dependency <Task(BashOperator): create_entry_group>, delete_entry_group already registered for DAG: example_complex
[2023-08-19T03:20:55.485+0000] {logging_mixin.py:120} INFO - [2023-08-19T03:20:55.485+0000] {taskmixin.py:205} WARNING - Dependency <Task(BashOperator): delete_entry_group>, create_entry_group already registered for DAG: example_complex
[2023-08-19T03:20:55.486+0000] {logging_mixin.py:120} INFO - [2023-08-19T03:20:55.486+0000] {taskmixin.py:205} WARNING - Dependency <Task(BashOperator): create_entry_gcs>, delete_entry already registered for DAG: example_complex
[2023-08-19T03:20:55.486+0000] {logging_mixin.py:120} INFO - [2023-08-19T03:20:55.486+0000] {taskmixin.py:205} WARNING - Dependency <Task(BashOperator): delete_entry>, create_entry_gcs already registered for DAG: example_complex
[2023-08-19T03:20:55.487+0000] {logging_mixin.py:120} INFO - [2023-08-19T03:20:55.487+0000] {taskmixin.py:205} WARNING - Dependency <Task(BashOperator): create_tag>, delete_tag already registered for DAG: example_complex
[2023-08-19T03:20:55.487+0000] {logging_mixin.py:120} INFO - [2023-08-19T03:20:55.487+0000] {taskmixin.py:205} WARNING - Dependency <Task(BashOperator): delete_tag>, create_tag already registered for DAG: example_complex
[2023-08-19T03:20:55.494+0000] {processor.py:766} INFO - DAG(s) dict_keys(['example_complex']) retrieved from /home/airflow/.local/lib/python3.7/site-packages/airflow/example_dags/example_complex.py
[2023-08-19T03:20:55.535+0000] {logging_mixin.py:120} INFO - [2023-08-19T03:20:55.535+0000] {dag.py:2585} INFO - Sync 1 DAGs
[2023-08-19T03:20:55.557+0000] {logging_mixin.py:120} INFO - [2023-08-19T03:20:55.557+0000] {dag.py:3340} INFO - Setting next_dagrun for example_complex to None, run_after=None
[2023-08-19T03:20:55.576+0000] {processor.py:176} INFO - Processing /home/airflow/.local/lib/python3.7/site-packages/airflow/example_dags/example_complex.py took 0.107 seconds
