[2023-08-19T03:15:20.579+0000] {processor.py:154} INFO - Started process (PID=59) to work on /home/airflow/.local/lib/python3.7/site-packages/airflow/example_dags/example_short_circuit_decorator.py
[2023-08-19T03:15:20.580+0000] {processor.py:756} INFO - Processing file /home/airflow/.local/lib/python3.7/site-packages/airflow/example_dags/example_short_circuit_decorator.py for tasks to queue
[2023-08-19T03:15:20.581+0000] {logging_mixin.py:120} INFO - [2023-08-19T03:15:20.581+0000] {dagbag.py:537} INFO - Filling up the DagBag from /home/airflow/.local/lib/python3.7/site-packages/airflow/example_dags/example_short_circuit_decorator.py
[2023-08-19T03:15:20.605+0000] {processor.py:766} INFO - DAG(s) dict_keys(['example_short_circuit_decorator']) retrieved from /home/airflow/.local/lib/python3.7/site-packages/airflow/example_dags/example_short_circuit_decorator.py
[2023-08-19T03:15:20.726+0000] {logging_mixin.py:120} INFO - [2023-08-19T03:15:20.726+0000] {manager.py:507} INFO - Created Permission View: can read on DAG:example_short_circuit_decorator
[2023-08-19T03:15:20.740+0000] {logging_mixin.py:120} INFO - [2023-08-19T03:15:20.740+0000] {manager.py:507} INFO - Created Permission View: can delete on DAG:example_short_circuit_decorator
[2023-08-19T03:15:20.749+0000] {logging_mixin.py:120} INFO - [2023-08-19T03:15:20.749+0000] {manager.py:507} INFO - Created Permission View: can edit on DAG:example_short_circuit_decorator
[2023-08-19T03:15:20.750+0000] {logging_mixin.py:120} INFO - [2023-08-19T03:15:20.749+0000] {dag.py:2585} INFO - Sync 1 DAGs
[2023-08-19T03:15:20.761+0000] {logging_mixin.py:120} INFO - [2023-08-19T03:15:20.761+0000] {dag.py:2606} INFO - Creating ORM DAG for example_short_circuit_decorator
[2023-08-19T03:15:20.775+0000] {logging_mixin.py:120} INFO - [2023-08-19T03:15:20.774+0000] {dag.py:3340} INFO - Setting next_dagrun for example_short_circuit_decorator to 2023-08-18T03:15:20.774313+00:00, run_after=2023-08-19T03:15:20.774313+00:00
[2023-08-19T03:15:20.800+0000] {processor.py:176} INFO - Processing /home/airflow/.local/lib/python3.7/site-packages/airflow/example_dags/example_short_circuit_decorator.py took 0.225 seconds
[2023-08-19T03:15:51.065+0000] {processor.py:154} INFO - Started process (PID=122) to work on /home/airflow/.local/lib/python3.7/site-packages/airflow/example_dags/example_short_circuit_decorator.py
[2023-08-19T03:15:51.066+0000] {processor.py:756} INFO - Processing file /home/airflow/.local/lib/python3.7/site-packages/airflow/example_dags/example_short_circuit_decorator.py for tasks to queue
[2023-08-19T03:15:51.067+0000] {logging_mixin.py:120} INFO - [2023-08-19T03:15:51.067+0000] {dagbag.py:537} INFO - Filling up the DagBag from /home/airflow/.local/lib/python3.7/site-packages/airflow/example_dags/example_short_circuit_decorator.py
[2023-08-19T03:15:51.089+0000] {processor.py:766} INFO - DAG(s) dict_keys(['example_short_circuit_decorator']) retrieved from /home/airflow/.local/lib/python3.7/site-packages/airflow/example_dags/example_short_circuit_decorator.py
[2023-08-19T03:15:51.124+0000] {logging_mixin.py:120} INFO - [2023-08-19T03:15:51.123+0000] {dag.py:2585} INFO - Sync 1 DAGs
[2023-08-19T03:15:51.144+0000] {logging_mixin.py:120} INFO - [2023-08-19T03:15:51.144+0000] {dag.py:3340} INFO - Setting next_dagrun for example_short_circuit_decorator to 2023-08-18T03:15:51.144507+00:00, run_after=2023-08-19T03:15:51.144507+00:00
[2023-08-19T03:15:51.163+0000] {processor.py:176} INFO - Processing /home/airflow/.local/lib/python3.7/site-packages/airflow/example_dags/example_short_circuit_decorator.py took 0.101 seconds
[2023-08-19T03:16:21.686+0000] {processor.py:154} INFO - Started process (PID=186) to work on /home/airflow/.local/lib/python3.7/site-packages/airflow/example_dags/example_short_circuit_decorator.py
[2023-08-19T03:16:21.687+0000] {processor.py:756} INFO - Processing file /home/airflow/.local/lib/python3.7/site-packages/airflow/example_dags/example_short_circuit_decorator.py for tasks to queue
[2023-08-19T03:16:21.687+0000] {logging_mixin.py:120} INFO - [2023-08-19T03:16:21.687+0000] {dagbag.py:537} INFO - Filling up the DagBag from /home/airflow/.local/lib/python3.7/site-packages/airflow/example_dags/example_short_circuit_decorator.py
[2023-08-19T03:16:21.708+0000] {processor.py:766} INFO - DAG(s) dict_keys(['example_short_circuit_decorator']) retrieved from /home/airflow/.local/lib/python3.7/site-packages/airflow/example_dags/example_short_circuit_decorator.py
[2023-08-19T03:16:21.745+0000] {logging_mixin.py:120} INFO - [2023-08-19T03:16:21.745+0000] {dag.py:2585} INFO - Sync 1 DAGs
[2023-08-19T03:16:21.766+0000] {logging_mixin.py:120} INFO - [2023-08-19T03:16:21.766+0000] {dag.py:3340} INFO - Setting next_dagrun for example_short_circuit_decorator to 2023-08-18T03:16:21.766232+00:00, run_after=2023-08-19T03:16:21.766232+00:00
[2023-08-19T03:16:21.785+0000] {processor.py:176} INFO - Processing /home/airflow/.local/lib/python3.7/site-packages/airflow/example_dags/example_short_circuit_decorator.py took 0.103 seconds
[2023-08-19T03:16:52.047+0000] {processor.py:154} INFO - Started process (PID=249) to work on /home/airflow/.local/lib/python3.7/site-packages/airflow/example_dags/example_short_circuit_decorator.py
[2023-08-19T03:16:52.048+0000] {processor.py:756} INFO - Processing file /home/airflow/.local/lib/python3.7/site-packages/airflow/example_dags/example_short_circuit_decorator.py for tasks to queue
[2023-08-19T03:16:52.049+0000] {logging_mixin.py:120} INFO - [2023-08-19T03:16:52.049+0000] {dagbag.py:537} INFO - Filling up the DagBag from /home/airflow/.local/lib/python3.7/site-packages/airflow/example_dags/example_short_circuit_decorator.py
[2023-08-19T03:16:52.069+0000] {processor.py:766} INFO - DAG(s) dict_keys(['example_short_circuit_decorator']) retrieved from /home/airflow/.local/lib/python3.7/site-packages/airflow/example_dags/example_short_circuit_decorator.py
[2023-08-19T03:16:52.105+0000] {logging_mixin.py:120} INFO - [2023-08-19T03:16:52.105+0000] {dag.py:2585} INFO - Sync 1 DAGs
[2023-08-19T03:16:52.126+0000] {logging_mixin.py:120} INFO - [2023-08-19T03:16:52.126+0000] {dag.py:3340} INFO - Setting next_dagrun for example_short_circuit_decorator to 2023-08-18T03:16:52.126388+00:00, run_after=2023-08-19T03:16:52.126388+00:00
[2023-08-19T03:16:52.144+0000] {processor.py:176} INFO - Processing /home/airflow/.local/lib/python3.7/site-packages/airflow/example_dags/example_short_circuit_decorator.py took 0.100 seconds
[2023-08-19T03:17:22.304+0000] {processor.py:154} INFO - Started process (PID=303) to work on /home/airflow/.local/lib/python3.7/site-packages/airflow/example_dags/example_short_circuit_decorator.py
[2023-08-19T03:17:22.305+0000] {processor.py:756} INFO - Processing file /home/airflow/.local/lib/python3.7/site-packages/airflow/example_dags/example_short_circuit_decorator.py for tasks to queue
[2023-08-19T03:17:22.306+0000] {logging_mixin.py:120} INFO - [2023-08-19T03:17:22.305+0000] {dagbag.py:537} INFO - Filling up the DagBag from /home/airflow/.local/lib/python3.7/site-packages/airflow/example_dags/example_short_circuit_decorator.py
[2023-08-19T03:17:22.326+0000] {processor.py:766} INFO - DAG(s) dict_keys(['example_short_circuit_decorator']) retrieved from /home/airflow/.local/lib/python3.7/site-packages/airflow/example_dags/example_short_circuit_decorator.py
[2023-08-19T03:17:22.364+0000] {logging_mixin.py:120} INFO - [2023-08-19T03:17:22.364+0000] {dag.py:2585} INFO - Sync 1 DAGs
[2023-08-19T03:17:22.383+0000] {logging_mixin.py:120} INFO - [2023-08-19T03:17:22.383+0000] {dag.py:3340} INFO - Setting next_dagrun for example_short_circuit_decorator to 2023-08-18T03:17:22.383315+00:00, run_after=2023-08-19T03:17:22.383315+00:00
[2023-08-19T03:17:22.404+0000] {processor.py:176} INFO - Processing /home/airflow/.local/lib/python3.7/site-packages/airflow/example_dags/example_short_circuit_decorator.py took 0.103 seconds
[2023-08-19T03:17:52.834+0000] {processor.py:154} INFO - Started process (PID=366) to work on /home/airflow/.local/lib/python3.7/site-packages/airflow/example_dags/example_short_circuit_decorator.py
[2023-08-19T03:17:52.835+0000] {processor.py:756} INFO - Processing file /home/airflow/.local/lib/python3.7/site-packages/airflow/example_dags/example_short_circuit_decorator.py for tasks to queue
[2023-08-19T03:17:52.836+0000] {logging_mixin.py:120} INFO - [2023-08-19T03:17:52.836+0000] {dagbag.py:537} INFO - Filling up the DagBag from /home/airflow/.local/lib/python3.7/site-packages/airflow/example_dags/example_short_circuit_decorator.py
[2023-08-19T03:17:52.858+0000] {processor.py:766} INFO - DAG(s) dict_keys(['example_short_circuit_decorator']) retrieved from /home/airflow/.local/lib/python3.7/site-packages/airflow/example_dags/example_short_circuit_decorator.py
[2023-08-19T03:17:52.952+0000] {logging_mixin.py:120} INFO - [2023-08-19T03:17:52.952+0000] {dag.py:2585} INFO - Sync 1 DAGs
[2023-08-19T03:17:52.974+0000] {logging_mixin.py:120} INFO - [2023-08-19T03:17:52.973+0000] {dag.py:3340} INFO - Setting next_dagrun for example_short_circuit_decorator to 2023-08-18T03:17:52.973711+00:00, run_after=2023-08-19T03:17:52.973711+00:00
[2023-08-19T03:17:52.992+0000] {processor.py:176} INFO - Processing /home/airflow/.local/lib/python3.7/site-packages/airflow/example_dags/example_short_circuit_decorator.py took 0.161 seconds
[2023-08-19T03:18:23.773+0000] {processor.py:154} INFO - Started process (PID=429) to work on /home/airflow/.local/lib/python3.7/site-packages/airflow/example_dags/example_short_circuit_decorator.py
[2023-08-19T03:18:23.774+0000] {processor.py:756} INFO - Processing file /home/airflow/.local/lib/python3.7/site-packages/airflow/example_dags/example_short_circuit_decorator.py for tasks to queue
[2023-08-19T03:18:23.775+0000] {logging_mixin.py:120} INFO - [2023-08-19T03:18:23.775+0000] {dagbag.py:537} INFO - Filling up the DagBag from /home/airflow/.local/lib/python3.7/site-packages/airflow/example_dags/example_short_circuit_decorator.py
[2023-08-19T03:18:23.803+0000] {processor.py:766} INFO - DAG(s) dict_keys(['example_short_circuit_decorator']) retrieved from /home/airflow/.local/lib/python3.7/site-packages/airflow/example_dags/example_short_circuit_decorator.py
[2023-08-19T03:18:23.877+0000] {logging_mixin.py:120} INFO - [2023-08-19T03:18:23.876+0000] {dag.py:2585} INFO - Sync 1 DAGs
[2023-08-19T03:18:23.917+0000] {logging_mixin.py:120} INFO - [2023-08-19T03:18:23.916+0000] {dag.py:3340} INFO - Setting next_dagrun for example_short_circuit_decorator to 2023-08-18T03:18:23.916603+00:00, run_after=2023-08-19T03:18:23.916603+00:00
[2023-08-19T03:18:23.945+0000] {processor.py:176} INFO - Processing /home/airflow/.local/lib/python3.7/site-packages/airflow/example_dags/example_short_circuit_decorator.py took 0.175 seconds
[2023-08-19T03:18:54.470+0000] {processor.py:154} INFO - Started process (PID=492) to work on /home/airflow/.local/lib/python3.7/site-packages/airflow/example_dags/example_short_circuit_decorator.py
[2023-08-19T03:18:54.471+0000] {processor.py:756} INFO - Processing file /home/airflow/.local/lib/python3.7/site-packages/airflow/example_dags/example_short_circuit_decorator.py for tasks to queue
[2023-08-19T03:18:54.471+0000] {logging_mixin.py:120} INFO - [2023-08-19T03:18:54.471+0000] {dagbag.py:537} INFO - Filling up the DagBag from /home/airflow/.local/lib/python3.7/site-packages/airflow/example_dags/example_short_circuit_decorator.py
[2023-08-19T03:18:54.492+0000] {processor.py:766} INFO - DAG(s) dict_keys(['example_short_circuit_decorator']) retrieved from /home/airflow/.local/lib/python3.7/site-packages/airflow/example_dags/example_short_circuit_decorator.py
[2023-08-19T03:18:54.529+0000] {logging_mixin.py:120} INFO - [2023-08-19T03:18:54.529+0000] {dag.py:2585} INFO - Sync 1 DAGs
[2023-08-19T03:18:54.551+0000] {logging_mixin.py:120} INFO - [2023-08-19T03:18:54.551+0000] {dag.py:3340} INFO - Setting next_dagrun for example_short_circuit_decorator to 2023-08-18T03:18:54.550971+00:00, run_after=2023-08-19T03:18:54.550971+00:00
[2023-08-19T03:18:54.572+0000] {processor.py:176} INFO - Processing /home/airflow/.local/lib/python3.7/site-packages/airflow/example_dags/example_short_circuit_decorator.py took 0.105 seconds
[2023-08-19T03:19:24.718+0000] {processor.py:154} INFO - Started process (PID=547) to work on /home/airflow/.local/lib/python3.7/site-packages/airflow/example_dags/example_short_circuit_decorator.py
[2023-08-19T03:19:24.719+0000] {processor.py:756} INFO - Processing file /home/airflow/.local/lib/python3.7/site-packages/airflow/example_dags/example_short_circuit_decorator.py for tasks to queue
[2023-08-19T03:19:24.720+0000] {logging_mixin.py:120} INFO - [2023-08-19T03:19:24.720+0000] {dagbag.py:537} INFO - Filling up the DagBag from /home/airflow/.local/lib/python3.7/site-packages/airflow/example_dags/example_short_circuit_decorator.py
[2023-08-19T03:19:24.743+0000] {processor.py:766} INFO - DAG(s) dict_keys(['example_short_circuit_decorator']) retrieved from /home/airflow/.local/lib/python3.7/site-packages/airflow/example_dags/example_short_circuit_decorator.py
[2023-08-19T03:19:24.794+0000] {logging_mixin.py:120} INFO - [2023-08-19T03:19:24.794+0000] {dag.py:2585} INFO - Sync 1 DAGs
[2023-08-19T03:19:24.819+0000] {logging_mixin.py:120} INFO - [2023-08-19T03:19:24.819+0000] {dag.py:3340} INFO - Setting next_dagrun for example_short_circuit_decorator to 2023-08-18T03:19:24.819423+00:00, run_after=2023-08-19T03:19:24.819423+00:00
[2023-08-19T03:19:24.844+0000] {processor.py:176} INFO - Processing /home/airflow/.local/lib/python3.7/site-packages/airflow/example_dags/example_short_circuit_decorator.py took 0.129 seconds
[2023-08-19T03:19:55.139+0000] {processor.py:154} INFO - Started process (PID=611) to work on /home/airflow/.local/lib/python3.7/site-packages/airflow/example_dags/example_short_circuit_decorator.py
[2023-08-19T03:19:55.140+0000] {processor.py:756} INFO - Processing file /home/airflow/.local/lib/python3.7/site-packages/airflow/example_dags/example_short_circuit_decorator.py for tasks to queue
[2023-08-19T03:19:55.141+0000] {logging_mixin.py:120} INFO - [2023-08-19T03:19:55.141+0000] {dagbag.py:537} INFO - Filling up the DagBag from /home/airflow/.local/lib/python3.7/site-packages/airflow/example_dags/example_short_circuit_decorator.py
[2023-08-19T03:19:55.162+0000] {processor.py:766} INFO - DAG(s) dict_keys(['example_short_circuit_decorator']) retrieved from /home/airflow/.local/lib/python3.7/site-packages/airflow/example_dags/example_short_circuit_decorator.py
[2023-08-19T03:19:55.199+0000] {logging_mixin.py:120} INFO - [2023-08-19T03:19:55.198+0000] {dag.py:2585} INFO - Sync 1 DAGs
[2023-08-19T03:19:55.227+0000] {logging_mixin.py:120} INFO - [2023-08-19T03:19:55.227+0000] {dag.py:3340} INFO - Setting next_dagrun for example_short_circuit_decorator to 2023-08-18T03:19:55.226906+00:00, run_after=2023-08-19T03:19:55.226906+00:00
[2023-08-19T03:19:55.245+0000] {processor.py:176} INFO - Processing /home/airflow/.local/lib/python3.7/site-packages/airflow/example_dags/example_short_circuit_decorator.py took 0.108 seconds
[2023-08-19T03:20:25.412+0000] {processor.py:154} INFO - Started process (PID=674) to work on /home/airflow/.local/lib/python3.7/site-packages/airflow/example_dags/example_short_circuit_decorator.py
[2023-08-19T03:20:25.413+0000] {processor.py:756} INFO - Processing file /home/airflow/.local/lib/python3.7/site-packages/airflow/example_dags/example_short_circuit_decorator.py for tasks to queue
[2023-08-19T03:20:25.413+0000] {logging_mixin.py:120} INFO - [2023-08-19T03:20:25.413+0000] {dagbag.py:537} INFO - Filling up the DagBag from /home/airflow/.local/lib/python3.7/site-packages/airflow/example_dags/example_short_circuit_decorator.py
[2023-08-19T03:20:25.436+0000] {processor.py:766} INFO - DAG(s) dict_keys(['example_short_circuit_decorator']) retrieved from /home/airflow/.local/lib/python3.7/site-packages/airflow/example_dags/example_short_circuit_decorator.py
[2023-08-19T03:20:25.474+0000] {logging_mixin.py:120} INFO - [2023-08-19T03:20:25.474+0000] {dag.py:2585} INFO - Sync 1 DAGs
[2023-08-19T03:20:25.496+0000] {logging_mixin.py:120} INFO - [2023-08-19T03:20:25.496+0000] {dag.py:3340} INFO - Setting next_dagrun for example_short_circuit_decorator to 2023-08-18T03:20:25.495815+00:00, run_after=2023-08-19T03:20:25.495815+00:00
[2023-08-19T03:20:25.516+0000] {processor.py:176} INFO - Processing /home/airflow/.local/lib/python3.7/site-packages/airflow/example_dags/example_short_circuit_decorator.py took 0.107 seconds
[2023-08-19T03:20:55.711+0000] {processor.py:154} INFO - Started process (PID=737) to work on /home/airflow/.local/lib/python3.7/site-packages/airflow/example_dags/example_short_circuit_decorator.py
[2023-08-19T03:20:55.712+0000] {processor.py:756} INFO - Processing file /home/airflow/.local/lib/python3.7/site-packages/airflow/example_dags/example_short_circuit_decorator.py for tasks to queue
[2023-08-19T03:20:55.713+0000] {logging_mixin.py:120} INFO - [2023-08-19T03:20:55.713+0000] {dagbag.py:537} INFO - Filling up the DagBag from /home/airflow/.local/lib/python3.7/site-packages/airflow/example_dags/example_short_circuit_decorator.py
[2023-08-19T03:20:55.734+0000] {processor.py:766} INFO - DAG(s) dict_keys(['example_short_circuit_decorator']) retrieved from /home/airflow/.local/lib/python3.7/site-packages/airflow/example_dags/example_short_circuit_decorator.py
[2023-08-19T03:20:55.771+0000] {logging_mixin.py:120} INFO - [2023-08-19T03:20:55.771+0000] {dag.py:2585} INFO - Sync 1 DAGs
[2023-08-19T03:20:55.798+0000] {logging_mixin.py:120} INFO - [2023-08-19T03:20:55.798+0000] {dag.py:3340} INFO - Setting next_dagrun for example_short_circuit_decorator to 2023-08-18T03:20:55.797876+00:00, run_after=2023-08-19T03:20:55.797876+00:00
[2023-08-19T03:20:55.820+0000] {processor.py:176} INFO - Processing /home/airflow/.local/lib/python3.7/site-packages/airflow/example_dags/example_short_circuit_decorator.py took 0.112 seconds
