[2023-08-19T03:15:21.698+0000] {processor.py:154} INFO - Started process (PID=75) to work on /home/airflow/.local/lib/python3.7/site-packages/airflow/example_dags/example_nested_branch_dag.py
[2023-08-19T03:15:21.699+0000] {processor.py:756} INFO - Processing file /home/airflow/.local/lib/python3.7/site-packages/airflow/example_dags/example_nested_branch_dag.py for tasks to queue
[2023-08-19T03:15:21.700+0000] {logging_mixin.py:120} INFO - [2023-08-19T03:15:21.700+0000] {dagbag.py:537} INFO - Filling up the DagBag from /home/airflow/.local/lib/python3.7/site-packages/airflow/example_dags/example_nested_branch_dag.py
[2023-08-19T03:15:21.731+0000] {processor.py:766} INFO - DAG(s) dict_keys(['example_nested_branch_dag']) retrieved from /home/airflow/.local/lib/python3.7/site-packages/airflow/example_dags/example_nested_branch_dag.py
[2023-08-19T03:15:21.864+0000] {logging_mixin.py:120} INFO - [2023-08-19T03:15:21.863+0000] {manager.py:507} INFO - Created Permission View: can read on DAG:example_nested_branch_dag
[2023-08-19T03:15:21.877+0000] {logging_mixin.py:120} INFO - [2023-08-19T03:15:21.877+0000] {manager.py:507} INFO - Created Permission View: can delete on DAG:example_nested_branch_dag
[2023-08-19T03:15:21.887+0000] {logging_mixin.py:120} INFO - [2023-08-19T03:15:21.887+0000] {manager.py:507} INFO - Created Permission View: can edit on DAG:example_nested_branch_dag
[2023-08-19T03:15:21.888+0000] {logging_mixin.py:120} INFO - [2023-08-19T03:15:21.887+0000] {dag.py:2585} INFO - Sync 1 DAGs
[2023-08-19T03:15:21.901+0000] {logging_mixin.py:120} INFO - [2023-08-19T03:15:21.901+0000] {dag.py:2606} INFO - Creating ORM DAG for example_nested_branch_dag
[2023-08-19T03:15:21.913+0000] {logging_mixin.py:120} INFO - [2023-08-19T03:15:21.913+0000] {dag.py:3340} INFO - Setting next_dagrun for example_nested_branch_dag to 2023-08-18T00:00:00+00:00, run_after=2023-08-19T00:00:00+00:00
[2023-08-19T03:15:21.932+0000] {processor.py:176} INFO - Processing /home/airflow/.local/lib/python3.7/site-packages/airflow/example_dags/example_nested_branch_dag.py took 0.237 seconds
[2023-08-19T03:15:52.466+0000] {processor.py:154} INFO - Started process (PID=129) to work on /home/airflow/.local/lib/python3.7/site-packages/airflow/example_dags/example_nested_branch_dag.py
[2023-08-19T03:15:52.467+0000] {processor.py:756} INFO - Processing file /home/airflow/.local/lib/python3.7/site-packages/airflow/example_dags/example_nested_branch_dag.py for tasks to queue
[2023-08-19T03:15:52.468+0000] {logging_mixin.py:120} INFO - [2023-08-19T03:15:52.468+0000] {dagbag.py:537} INFO - Filling up the DagBag from /home/airflow/.local/lib/python3.7/site-packages/airflow/example_dags/example_nested_branch_dag.py
[2023-08-19T03:15:52.489+0000] {processor.py:766} INFO - DAG(s) dict_keys(['example_nested_branch_dag']) retrieved from /home/airflow/.local/lib/python3.7/site-packages/airflow/example_dags/example_nested_branch_dag.py
[2023-08-19T03:15:52.524+0000] {logging_mixin.py:120} INFO - [2023-08-19T03:15:52.524+0000] {dag.py:2585} INFO - Sync 1 DAGs
[2023-08-19T03:15:52.548+0000] {logging_mixin.py:120} INFO - [2023-08-19T03:15:52.548+0000] {dag.py:3340} INFO - Setting next_dagrun for example_nested_branch_dag to 2023-08-18T00:00:00+00:00, run_after=2023-08-19T00:00:00+00:00
[2023-08-19T03:15:52.568+0000] {processor.py:176} INFO - Processing /home/airflow/.local/lib/python3.7/site-packages/airflow/example_dags/example_nested_branch_dag.py took 0.104 seconds
[2023-08-19T03:16:23.075+0000] {processor.py:154} INFO - Started process (PID=193) to work on /home/airflow/.local/lib/python3.7/site-packages/airflow/example_dags/example_nested_branch_dag.py
[2023-08-19T03:16:23.076+0000] {processor.py:756} INFO - Processing file /home/airflow/.local/lib/python3.7/site-packages/airflow/example_dags/example_nested_branch_dag.py for tasks to queue
[2023-08-19T03:16:23.077+0000] {logging_mixin.py:120} INFO - [2023-08-19T03:16:23.077+0000] {dagbag.py:537} INFO - Filling up the DagBag from /home/airflow/.local/lib/python3.7/site-packages/airflow/example_dags/example_nested_branch_dag.py
[2023-08-19T03:16:23.098+0000] {processor.py:766} INFO - DAG(s) dict_keys(['example_nested_branch_dag']) retrieved from /home/airflow/.local/lib/python3.7/site-packages/airflow/example_dags/example_nested_branch_dag.py
[2023-08-19T03:16:23.133+0000] {logging_mixin.py:120} INFO - [2023-08-19T03:16:23.133+0000] {dag.py:2585} INFO - Sync 1 DAGs
[2023-08-19T03:16:23.155+0000] {logging_mixin.py:120} INFO - [2023-08-19T03:16:23.155+0000] {dag.py:3340} INFO - Setting next_dagrun for example_nested_branch_dag to 2023-08-18T00:00:00+00:00, run_after=2023-08-19T00:00:00+00:00
[2023-08-19T03:16:23.174+0000] {processor.py:176} INFO - Processing /home/airflow/.local/lib/python3.7/site-packages/airflow/example_dags/example_nested_branch_dag.py took 0.101 seconds
[2023-08-19T03:16:53.411+0000] {processor.py:154} INFO - Started process (PID=256) to work on /home/airflow/.local/lib/python3.7/site-packages/airflow/example_dags/example_nested_branch_dag.py
[2023-08-19T03:16:53.412+0000] {processor.py:756} INFO - Processing file /home/airflow/.local/lib/python3.7/site-packages/airflow/example_dags/example_nested_branch_dag.py for tasks to queue
[2023-08-19T03:16:53.413+0000] {logging_mixin.py:120} INFO - [2023-08-19T03:16:53.413+0000] {dagbag.py:537} INFO - Filling up the DagBag from /home/airflow/.local/lib/python3.7/site-packages/airflow/example_dags/example_nested_branch_dag.py
[2023-08-19T03:16:53.433+0000] {processor.py:766} INFO - DAG(s) dict_keys(['example_nested_branch_dag']) retrieved from /home/airflow/.local/lib/python3.7/site-packages/airflow/example_dags/example_nested_branch_dag.py
[2023-08-19T03:16:53.469+0000] {logging_mixin.py:120} INFO - [2023-08-19T03:16:53.468+0000] {dag.py:2585} INFO - Sync 1 DAGs
[2023-08-19T03:16:53.492+0000] {logging_mixin.py:120} INFO - [2023-08-19T03:16:53.492+0000] {dag.py:3340} INFO - Setting next_dagrun for example_nested_branch_dag to 2023-08-18T00:00:00+00:00, run_after=2023-08-19T00:00:00+00:00
[2023-08-19T03:16:53.512+0000] {processor.py:176} INFO - Processing /home/airflow/.local/lib/python3.7/site-packages/airflow/example_dags/example_nested_branch_dag.py took 0.104 seconds
[2023-08-19T03:17:23.736+0000] {processor.py:154} INFO - Started process (PID=319) to work on /home/airflow/.local/lib/python3.7/site-packages/airflow/example_dags/example_nested_branch_dag.py
[2023-08-19T03:17:23.737+0000] {processor.py:756} INFO - Processing file /home/airflow/.local/lib/python3.7/site-packages/airflow/example_dags/example_nested_branch_dag.py for tasks to queue
[2023-08-19T03:17:23.738+0000] {logging_mixin.py:120} INFO - [2023-08-19T03:17:23.738+0000] {dagbag.py:537} INFO - Filling up the DagBag from /home/airflow/.local/lib/python3.7/site-packages/airflow/example_dags/example_nested_branch_dag.py
[2023-08-19T03:17:23.759+0000] {processor.py:766} INFO - DAG(s) dict_keys(['example_nested_branch_dag']) retrieved from /home/airflow/.local/lib/python3.7/site-packages/airflow/example_dags/example_nested_branch_dag.py
[2023-08-19T03:17:23.795+0000] {logging_mixin.py:120} INFO - [2023-08-19T03:17:23.795+0000] {dag.py:2585} INFO - Sync 1 DAGs
[2023-08-19T03:17:23.817+0000] {logging_mixin.py:120} INFO - [2023-08-19T03:17:23.817+0000] {dag.py:3340} INFO - Setting next_dagrun for example_nested_branch_dag to 2023-08-18T00:00:00+00:00, run_after=2023-08-19T00:00:00+00:00
[2023-08-19T03:17:23.834+0000] {processor.py:176} INFO - Processing /home/airflow/.local/lib/python3.7/site-packages/airflow/example_dags/example_nested_branch_dag.py took 0.102 seconds
[2023-08-19T03:17:54.300+0000] {processor.py:154} INFO - Started process (PID=373) to work on /home/airflow/.local/lib/python3.7/site-packages/airflow/example_dags/example_nested_branch_dag.py
[2023-08-19T03:17:54.301+0000] {processor.py:756} INFO - Processing file /home/airflow/.local/lib/python3.7/site-packages/airflow/example_dags/example_nested_branch_dag.py for tasks to queue
[2023-08-19T03:17:54.302+0000] {logging_mixin.py:120} INFO - [2023-08-19T03:17:54.302+0000] {dagbag.py:537} INFO - Filling up the DagBag from /home/airflow/.local/lib/python3.7/site-packages/airflow/example_dags/example_nested_branch_dag.py
[2023-08-19T03:17:54.322+0000] {processor.py:766} INFO - DAG(s) dict_keys(['example_nested_branch_dag']) retrieved from /home/airflow/.local/lib/python3.7/site-packages/airflow/example_dags/example_nested_branch_dag.py
[2023-08-19T03:17:54.356+0000] {logging_mixin.py:120} INFO - [2023-08-19T03:17:54.356+0000] {dag.py:2585} INFO - Sync 1 DAGs
[2023-08-19T03:17:54.388+0000] {logging_mixin.py:120} INFO - [2023-08-19T03:17:54.387+0000] {dag.py:3340} INFO - Setting next_dagrun for example_nested_branch_dag to 2023-08-18T00:00:00+00:00, run_after=2023-08-19T00:00:00+00:00
[2023-08-19T03:17:54.410+0000] {processor.py:176} INFO - Processing /home/airflow/.local/lib/python3.7/site-packages/airflow/example_dags/example_nested_branch_dag.py took 0.112 seconds
[2023-08-19T03:18:24.467+0000] {processor.py:154} INFO - Started process (PID=436) to work on /home/airflow/.local/lib/python3.7/site-packages/airflow/example_dags/example_nested_branch_dag.py
[2023-08-19T03:18:24.468+0000] {processor.py:756} INFO - Processing file /home/airflow/.local/lib/python3.7/site-packages/airflow/example_dags/example_nested_branch_dag.py for tasks to queue
[2023-08-19T03:18:24.469+0000] {logging_mixin.py:120} INFO - [2023-08-19T03:18:24.469+0000] {dagbag.py:537} INFO - Filling up the DagBag from /home/airflow/.local/lib/python3.7/site-packages/airflow/example_dags/example_nested_branch_dag.py
[2023-08-19T03:18:24.492+0000] {processor.py:766} INFO - DAG(s) dict_keys(['example_nested_branch_dag']) retrieved from /home/airflow/.local/lib/python3.7/site-packages/airflow/example_dags/example_nested_branch_dag.py
[2023-08-19T03:18:24.528+0000] {logging_mixin.py:120} INFO - [2023-08-19T03:18:24.528+0000] {dag.py:2585} INFO - Sync 1 DAGs
[2023-08-19T03:18:24.550+0000] {logging_mixin.py:120} INFO - [2023-08-19T03:18:24.550+0000] {dag.py:3340} INFO - Setting next_dagrun for example_nested_branch_dag to 2023-08-18T00:00:00+00:00, run_after=2023-08-19T00:00:00+00:00
[2023-08-19T03:18:24.567+0000] {processor.py:176} INFO - Processing /home/airflow/.local/lib/python3.7/site-packages/airflow/example_dags/example_nested_branch_dag.py took 0.103 seconds
[2023-08-19T03:18:54.918+0000] {processor.py:154} INFO - Started process (PID=499) to work on /home/airflow/.local/lib/python3.7/site-packages/airflow/example_dags/example_nested_branch_dag.py
[2023-08-19T03:18:54.919+0000] {processor.py:756} INFO - Processing file /home/airflow/.local/lib/python3.7/site-packages/airflow/example_dags/example_nested_branch_dag.py for tasks to queue
[2023-08-19T03:18:54.919+0000] {logging_mixin.py:120} INFO - [2023-08-19T03:18:54.919+0000] {dagbag.py:537} INFO - Filling up the DagBag from /home/airflow/.local/lib/python3.7/site-packages/airflow/example_dags/example_nested_branch_dag.py
[2023-08-19T03:18:54.939+0000] {processor.py:766} INFO - DAG(s) dict_keys(['example_nested_branch_dag']) retrieved from /home/airflow/.local/lib/python3.7/site-packages/airflow/example_dags/example_nested_branch_dag.py
[2023-08-19T03:18:54.976+0000] {logging_mixin.py:120} INFO - [2023-08-19T03:18:54.976+0000] {dag.py:2585} INFO - Sync 1 DAGs
[2023-08-19T03:18:54.998+0000] {logging_mixin.py:120} INFO - [2023-08-19T03:18:54.998+0000] {dag.py:3340} INFO - Setting next_dagrun for example_nested_branch_dag to 2023-08-18T00:00:00+00:00, run_after=2023-08-19T00:00:00+00:00
[2023-08-19T03:18:55.021+0000] {processor.py:176} INFO - Processing /home/airflow/.local/lib/python3.7/site-packages/airflow/example_dags/example_nested_branch_dag.py took 0.106 seconds
[2023-08-19T03:19:25.163+0000] {processor.py:154} INFO - Started process (PID=554) to work on /home/airflow/.local/lib/python3.7/site-packages/airflow/example_dags/example_nested_branch_dag.py
[2023-08-19T03:19:25.164+0000] {processor.py:756} INFO - Processing file /home/airflow/.local/lib/python3.7/site-packages/airflow/example_dags/example_nested_branch_dag.py for tasks to queue
[2023-08-19T03:19:25.165+0000] {logging_mixin.py:120} INFO - [2023-08-19T03:19:25.165+0000] {dagbag.py:537} INFO - Filling up the DagBag from /home/airflow/.local/lib/python3.7/site-packages/airflow/example_dags/example_nested_branch_dag.py
[2023-08-19T03:19:25.186+0000] {processor.py:766} INFO - DAG(s) dict_keys(['example_nested_branch_dag']) retrieved from /home/airflow/.local/lib/python3.7/site-packages/airflow/example_dags/example_nested_branch_dag.py
[2023-08-19T03:19:25.222+0000] {logging_mixin.py:120} INFO - [2023-08-19T03:19:25.222+0000] {dag.py:2585} INFO - Sync 1 DAGs
[2023-08-19T03:19:25.245+0000] {logging_mixin.py:120} INFO - [2023-08-19T03:19:25.244+0000] {dag.py:3340} INFO - Setting next_dagrun for example_nested_branch_dag to 2023-08-18T00:00:00+00:00, run_after=2023-08-19T00:00:00+00:00
[2023-08-19T03:19:25.268+0000] {processor.py:176} INFO - Processing /home/airflow/.local/lib/python3.7/site-packages/airflow/example_dags/example_nested_branch_dag.py took 0.108 seconds
[2023-08-19T03:19:55.524+0000] {processor.py:154} INFO - Started process (PID=618) to work on /home/airflow/.local/lib/python3.7/site-packages/airflow/example_dags/example_nested_branch_dag.py
[2023-08-19T03:19:55.525+0000] {processor.py:756} INFO - Processing file /home/airflow/.local/lib/python3.7/site-packages/airflow/example_dags/example_nested_branch_dag.py for tasks to queue
[2023-08-19T03:19:55.525+0000] {logging_mixin.py:120} INFO - [2023-08-19T03:19:55.525+0000] {dagbag.py:537} INFO - Filling up the DagBag from /home/airflow/.local/lib/python3.7/site-packages/airflow/example_dags/example_nested_branch_dag.py
[2023-08-19T03:19:55.546+0000] {processor.py:766} INFO - DAG(s) dict_keys(['example_nested_branch_dag']) retrieved from /home/airflow/.local/lib/python3.7/site-packages/airflow/example_dags/example_nested_branch_dag.py
[2023-08-19T03:19:55.579+0000] {logging_mixin.py:120} INFO - [2023-08-19T03:19:55.579+0000] {dag.py:2585} INFO - Sync 1 DAGs
[2023-08-19T03:19:55.602+0000] {logging_mixin.py:120} INFO - [2023-08-19T03:19:55.602+0000] {dag.py:3340} INFO - Setting next_dagrun for example_nested_branch_dag to 2023-08-18T00:00:00+00:00, run_after=2023-08-19T00:00:00+00:00
[2023-08-19T03:19:55.618+0000] {processor.py:176} INFO - Processing /home/airflow/.local/lib/python3.7/site-packages/airflow/example_dags/example_nested_branch_dag.py took 0.097 seconds
[2023-08-19T03:20:25.826+0000] {processor.py:154} INFO - Started process (PID=681) to work on /home/airflow/.local/lib/python3.7/site-packages/airflow/example_dags/example_nested_branch_dag.py
[2023-08-19T03:20:25.827+0000] {processor.py:756} INFO - Processing file /home/airflow/.local/lib/python3.7/site-packages/airflow/example_dags/example_nested_branch_dag.py for tasks to queue
[2023-08-19T03:20:25.828+0000] {logging_mixin.py:120} INFO - [2023-08-19T03:20:25.828+0000] {dagbag.py:537} INFO - Filling up the DagBag from /home/airflow/.local/lib/python3.7/site-packages/airflow/example_dags/example_nested_branch_dag.py
[2023-08-19T03:20:25.847+0000] {processor.py:766} INFO - DAG(s) dict_keys(['example_nested_branch_dag']) retrieved from /home/airflow/.local/lib/python3.7/site-packages/airflow/example_dags/example_nested_branch_dag.py
[2023-08-19T03:20:25.892+0000] {logging_mixin.py:120} INFO - [2023-08-19T03:20:25.892+0000] {dag.py:2585} INFO - Sync 1 DAGs
[2023-08-19T03:20:25.916+0000] {logging_mixin.py:120} INFO - [2023-08-19T03:20:25.916+0000] {dag.py:3340} INFO - Setting next_dagrun for example_nested_branch_dag to 2023-08-18T00:00:00+00:00, run_after=2023-08-19T00:00:00+00:00
[2023-08-19T03:20:25.937+0000] {processor.py:176} INFO - Processing /home/airflow/.local/lib/python3.7/site-packages/airflow/example_dags/example_nested_branch_dag.py took 0.114 seconds
[2023-08-19T03:20:56.112+0000] {processor.py:154} INFO - Started process (PID=744) to work on /home/airflow/.local/lib/python3.7/site-packages/airflow/example_dags/example_nested_branch_dag.py
[2023-08-19T03:20:56.113+0000] {processor.py:756} INFO - Processing file /home/airflow/.local/lib/python3.7/site-packages/airflow/example_dags/example_nested_branch_dag.py for tasks to queue
[2023-08-19T03:20:56.114+0000] {logging_mixin.py:120} INFO - [2023-08-19T03:20:56.114+0000] {dagbag.py:537} INFO - Filling up the DagBag from /home/airflow/.local/lib/python3.7/site-packages/airflow/example_dags/example_nested_branch_dag.py
[2023-08-19T03:20:56.134+0000] {processor.py:766} INFO - DAG(s) dict_keys(['example_nested_branch_dag']) retrieved from /home/airflow/.local/lib/python3.7/site-packages/airflow/example_dags/example_nested_branch_dag.py
[2023-08-19T03:20:56.169+0000] {logging_mixin.py:120} INFO - [2023-08-19T03:20:56.169+0000] {dag.py:2585} INFO - Sync 1 DAGs
[2023-08-19T03:20:56.190+0000] {logging_mixin.py:120} INFO - [2023-08-19T03:20:56.190+0000] {dag.py:3340} INFO - Setting next_dagrun for example_nested_branch_dag to 2023-08-18T00:00:00+00:00, run_after=2023-08-19T00:00:00+00:00
[2023-08-19T03:20:56.210+0000] {processor.py:176} INFO - Processing /home/airflow/.local/lib/python3.7/site-packages/airflow/example_dags/example_nested_branch_dag.py took 0.100 seconds
