[2023-08-19T03:34:20.112+0000] {processor.py:154} INFO - Started process (PID=87) to work on /home/airflow/.local/lib/python3.7/site-packages/airflow/example_dags/example_xcomargs.py
[2023-08-19T03:34:20.113+0000] {processor.py:756} INFO - Processing file /home/airflow/.local/lib/python3.7/site-packages/airflow/example_dags/example_xcomargs.py for tasks to queue
[2023-08-19T03:34:20.114+0000] {logging_mixin.py:120} INFO - [2023-08-19T03:34:20.114+0000] {dagbag.py:537} INFO - Filling up the DagBag from /home/airflow/.local/lib/python3.7/site-packages/airflow/example_dags/example_xcomargs.py
[2023-08-19T03:34:20.137+0000] {processor.py:766} INFO - DAG(s) dict_keys(['example_xcom_args_with_operators', 'example_xcom_args']) retrieved from /home/airflow/.local/lib/python3.7/site-packages/airflow/example_dags/example_xcomargs.py
[2023-08-19T03:34:20.169+0000] {logging_mixin.py:120} INFO - [2023-08-19T03:34:20.168+0000] {dag.py:2585} INFO - Sync 2 DAGs
[2023-08-19T03:34:20.200+0000] {logging_mixin.py:120} INFO - [2023-08-19T03:34:20.200+0000] {dag.py:3340} INFO - Setting next_dagrun for example_xcom_args to None, run_after=None
[2023-08-19T03:34:20.204+0000] {logging_mixin.py:120} INFO - [2023-08-19T03:34:20.204+0000] {dag.py:3340} INFO - Setting next_dagrun for example_xcom_args_with_operators to None, run_after=None
[2023-08-19T03:34:20.224+0000] {processor.py:176} INFO - Processing /home/airflow/.local/lib/python3.7/site-packages/airflow/example_dags/example_xcomargs.py took 0.115 seconds
[2023-08-19T03:47:37.313+0000] {processor.py:154} INFO - Started process (PID=78) to work on /home/airflow/.local/lib/python3.7/site-packages/airflow/example_dags/example_xcomargs.py
[2023-08-19T03:47:37.315+0000] {processor.py:756} INFO - Processing file /home/airflow/.local/lib/python3.7/site-packages/airflow/example_dags/example_xcomargs.py for tasks to queue
[2023-08-19T03:47:37.317+0000] {logging_mixin.py:120} INFO - [2023-08-19T03:47:37.317+0000] {dagbag.py:537} INFO - Filling up the DagBag from /home/airflow/.local/lib/python3.7/site-packages/airflow/example_dags/example_xcomargs.py
[2023-08-19T03:47:37.344+0000] {processor.py:766} INFO - DAG(s) dict_keys(['example_xcom_args', 'example_xcom_args_with_operators']) retrieved from /home/airflow/.local/lib/python3.7/site-packages/airflow/example_dags/example_xcomargs.py
[2023-08-19T03:47:37.369+0000] {logging_mixin.py:120} INFO - [2023-08-19T03:47:37.369+0000] {dag.py:2585} INFO - Sync 2 DAGs
[2023-08-19T03:47:37.395+0000] {logging_mixin.py:120} INFO - [2023-08-19T03:47:37.394+0000] {dag.py:3340} INFO - Setting next_dagrun for example_xcom_args to None, run_after=None
[2023-08-19T03:47:37.399+0000] {logging_mixin.py:120} INFO - [2023-08-19T03:47:37.398+0000] {dag.py:3340} INFO - Setting next_dagrun for example_xcom_args_with_operators to None, run_after=None
[2023-08-19T03:47:37.418+0000] {processor.py:176} INFO - Processing /home/airflow/.local/lib/python3.7/site-packages/airflow/example_dags/example_xcomargs.py took 0.110 seconds
[2023-08-19T03:48:08.242+0000] {processor.py:154} INFO - Started process (PID=141) to work on /home/airflow/.local/lib/python3.7/site-packages/airflow/example_dags/example_xcomargs.py
[2023-08-19T03:48:08.243+0000] {processor.py:756} INFO - Processing file /home/airflow/.local/lib/python3.7/site-packages/airflow/example_dags/example_xcomargs.py for tasks to queue
[2023-08-19T03:48:08.245+0000] {logging_mixin.py:120} INFO - [2023-08-19T03:48:08.244+0000] {dagbag.py:537} INFO - Filling up the DagBag from /home/airflow/.local/lib/python3.7/site-packages/airflow/example_dags/example_xcomargs.py
[2023-08-19T03:48:08.266+0000] {processor.py:766} INFO - DAG(s) dict_keys(['example_xcom_args', 'example_xcom_args_with_operators']) retrieved from /home/airflow/.local/lib/python3.7/site-packages/airflow/example_dags/example_xcomargs.py
[2023-08-19T03:48:08.308+0000] {logging_mixin.py:120} INFO - [2023-08-19T03:48:08.307+0000] {dag.py:2585} INFO - Sync 2 DAGs
[2023-08-19T03:48:08.331+0000] {logging_mixin.py:120} INFO - [2023-08-19T03:48:08.331+0000] {dag.py:3340} INFO - Setting next_dagrun for example_xcom_args to None, run_after=None
[2023-08-19T03:48:08.335+0000] {logging_mixin.py:120} INFO - [2023-08-19T03:48:08.335+0000] {dag.py:3340} INFO - Setting next_dagrun for example_xcom_args_with_operators to None, run_after=None
[2023-08-19T03:48:08.355+0000] {processor.py:176} INFO - Processing /home/airflow/.local/lib/python3.7/site-packages/airflow/example_dags/example_xcomargs.py took 0.115 seconds
[2023-08-19T03:48:38.948+0000] {processor.py:154} INFO - Started process (PID=205) to work on /home/airflow/.local/lib/python3.7/site-packages/airflow/example_dags/example_xcomargs.py
[2023-08-19T03:48:38.949+0000] {processor.py:756} INFO - Processing file /home/airflow/.local/lib/python3.7/site-packages/airflow/example_dags/example_xcomargs.py for tasks to queue
[2023-08-19T03:48:38.950+0000] {logging_mixin.py:120} INFO - [2023-08-19T03:48:38.950+0000] {dagbag.py:537} INFO - Filling up the DagBag from /home/airflow/.local/lib/python3.7/site-packages/airflow/example_dags/example_xcomargs.py
[2023-08-19T03:48:38.970+0000] {processor.py:766} INFO - DAG(s) dict_keys(['example_xcom_args_with_operators', 'example_xcom_args']) retrieved from /home/airflow/.local/lib/python3.7/site-packages/airflow/example_dags/example_xcomargs.py
[2023-08-19T03:48:39.011+0000] {logging_mixin.py:120} INFO - [2023-08-19T03:48:39.011+0000] {dag.py:2585} INFO - Sync 2 DAGs
[2023-08-19T03:48:39.032+0000] {logging_mixin.py:120} INFO - [2023-08-19T03:48:39.032+0000] {dag.py:3340} INFO - Setting next_dagrun for example_xcom_args to None, run_after=None
[2023-08-19T03:48:39.036+0000] {logging_mixin.py:120} INFO - [2023-08-19T03:48:39.035+0000] {dag.py:3340} INFO - Setting next_dagrun for example_xcom_args_with_operators to None, run_after=None
[2023-08-19T03:48:39.051+0000] {processor.py:176} INFO - Processing /home/airflow/.local/lib/python3.7/site-packages/airflow/example_dags/example_xcomargs.py took 0.106 seconds
