[2023-08-19T03:34:19.293+0000] {processor.py:154} INFO - Started process (PID=67) to work on /home/airflow/.local/lib/python3.7/site-packages/airflow/example_dags/example_time_delta_sensor_async.py
[2023-08-19T03:34:19.295+0000] {processor.py:756} INFO - Processing file /home/airflow/.local/lib/python3.7/site-packages/airflow/example_dags/example_time_delta_sensor_async.py for tasks to queue
[2023-08-19T03:34:19.295+0000] {logging_mixin.py:120} INFO - [2023-08-19T03:34:19.295+0000] {dagbag.py:537} INFO - Filling up the DagBag from /home/airflow/.local/lib/python3.7/site-packages/airflow/example_dags/example_time_delta_sensor_async.py
[2023-08-19T03:34:19.310+0000] {processor.py:766} INFO - DAG(s) dict_keys(['example_time_delta_sensor_async']) retrieved from /home/airflow/.local/lib/python3.7/site-packages/airflow/example_dags/example_time_delta_sensor_async.py
[2023-08-19T03:34:19.336+0000] {logging_mixin.py:120} INFO - [2023-08-19T03:34:19.336+0000] {dag.py:2585} INFO - Sync 1 DAGs
[2023-08-19T03:34:19.361+0000] {logging_mixin.py:120} INFO - [2023-08-19T03:34:19.361+0000] {dag.py:3340} INFO - Setting next_dagrun for example_time_delta_sensor_async to None, run_after=None
[2023-08-19T03:34:19.384+0000] {processor.py:176} INFO - Processing /home/airflow/.local/lib/python3.7/site-packages/airflow/example_dags/example_time_delta_sensor_async.py took 0.093 seconds
[2023-08-19T03:47:36.553+0000] {processor.py:154} INFO - Started process (PID=67) to work on /home/airflow/.local/lib/python3.7/site-packages/airflow/example_dags/example_time_delta_sensor_async.py
[2023-08-19T03:47:36.554+0000] {processor.py:756} INFO - Processing file /home/airflow/.local/lib/python3.7/site-packages/airflow/example_dags/example_time_delta_sensor_async.py for tasks to queue
[2023-08-19T03:47:36.555+0000] {logging_mixin.py:120} INFO - [2023-08-19T03:47:36.555+0000] {dagbag.py:537} INFO - Filling up the DagBag from /home/airflow/.local/lib/python3.7/site-packages/airflow/example_dags/example_time_delta_sensor_async.py
[2023-08-19T03:47:36.565+0000] {processor.py:766} INFO - DAG(s) dict_keys(['example_time_delta_sensor_async']) retrieved from /home/airflow/.local/lib/python3.7/site-packages/airflow/example_dags/example_time_delta_sensor_async.py
[2023-08-19T03:47:36.591+0000] {logging_mixin.py:120} INFO - [2023-08-19T03:47:36.591+0000] {dag.py:2585} INFO - Sync 1 DAGs
[2023-08-19T03:47:36.616+0000] {logging_mixin.py:120} INFO - [2023-08-19T03:47:36.616+0000] {dag.py:3340} INFO - Setting next_dagrun for example_time_delta_sensor_async to None, run_after=None
[2023-08-19T03:47:36.641+0000] {processor.py:176} INFO - Processing /home/airflow/.local/lib/python3.7/site-packages/airflow/example_dags/example_time_delta_sensor_async.py took 0.091 seconds
[2023-08-19T03:48:07.104+0000] {processor.py:154} INFO - Started process (PID=130) to work on /home/airflow/.local/lib/python3.7/site-packages/airflow/example_dags/example_time_delta_sensor_async.py
[2023-08-19T03:48:07.106+0000] {processor.py:756} INFO - Processing file /home/airflow/.local/lib/python3.7/site-packages/airflow/example_dags/example_time_delta_sensor_async.py for tasks to queue
[2023-08-19T03:48:07.106+0000] {logging_mixin.py:120} INFO - [2023-08-19T03:48:07.106+0000] {dagbag.py:537} INFO - Filling up the DagBag from /home/airflow/.local/lib/python3.7/site-packages/airflow/example_dags/example_time_delta_sensor_async.py
[2023-08-19T03:48:07.122+0000] {processor.py:766} INFO - DAG(s) dict_keys(['example_time_delta_sensor_async']) retrieved from /home/airflow/.local/lib/python3.7/site-packages/airflow/example_dags/example_time_delta_sensor_async.py
[2023-08-19T03:48:07.284+0000] {logging_mixin.py:120} INFO - [2023-08-19T03:48:07.284+0000] {dag.py:2585} INFO - Sync 1 DAGs
[2023-08-19T03:48:07.305+0000] {logging_mixin.py:120} INFO - [2023-08-19T03:48:07.305+0000] {dag.py:3340} INFO - Setting next_dagrun for example_time_delta_sensor_async to None, run_after=None
[2023-08-19T03:48:07.323+0000] {processor.py:176} INFO - Processing /home/airflow/.local/lib/python3.7/site-packages/airflow/example_dags/example_time_delta_sensor_async.py took 0.222 seconds
[2023-08-19T03:48:37.995+0000] {processor.py:154} INFO - Started process (PID=194) to work on /home/airflow/.local/lib/python3.7/site-packages/airflow/example_dags/example_time_delta_sensor_async.py
[2023-08-19T03:48:37.996+0000] {processor.py:756} INFO - Processing file /home/airflow/.local/lib/python3.7/site-packages/airflow/example_dags/example_time_delta_sensor_async.py for tasks to queue
[2023-08-19T03:48:37.997+0000] {logging_mixin.py:120} INFO - [2023-08-19T03:48:37.997+0000] {dagbag.py:537} INFO - Filling up the DagBag from /home/airflow/.local/lib/python3.7/site-packages/airflow/example_dags/example_time_delta_sensor_async.py
[2023-08-19T03:48:38.008+0000] {processor.py:766} INFO - DAG(s) dict_keys(['example_time_delta_sensor_async']) retrieved from /home/airflow/.local/lib/python3.7/site-packages/airflow/example_dags/example_time_delta_sensor_async.py
[2023-08-19T03:48:38.167+0000] {logging_mixin.py:120} INFO - [2023-08-19T03:48:38.167+0000] {dag.py:2585} INFO - Sync 1 DAGs
[2023-08-19T03:48:38.187+0000] {logging_mixin.py:120} INFO - [2023-08-19T03:48:38.187+0000] {dag.py:3340} INFO - Setting next_dagrun for example_time_delta_sensor_async to None, run_after=None
[2023-08-19T03:48:38.208+0000] {processor.py:176} INFO - Processing /home/airflow/.local/lib/python3.7/site-packages/airflow/example_dags/example_time_delta_sensor_async.py took 0.216 seconds
[2023-08-19T03:49:08.827+0000] {processor.py:154} INFO - Started process (PID=248) to work on /home/airflow/.local/lib/python3.7/site-packages/airflow/example_dags/example_time_delta_sensor_async.py
[2023-08-19T03:49:08.828+0000] {processor.py:756} INFO - Processing file /home/airflow/.local/lib/python3.7/site-packages/airflow/example_dags/example_time_delta_sensor_async.py for tasks to queue
[2023-08-19T03:49:08.829+0000] {logging_mixin.py:120} INFO - [2023-08-19T03:49:08.829+0000] {dagbag.py:537} INFO - Filling up the DagBag from /home/airflow/.local/lib/python3.7/site-packages/airflow/example_dags/example_time_delta_sensor_async.py
[2023-08-19T03:49:08.840+0000] {processor.py:766} INFO - DAG(s) dict_keys(['example_time_delta_sensor_async']) retrieved from /home/airflow/.local/lib/python3.7/site-packages/airflow/example_dags/example_time_delta_sensor_async.py
[2023-08-19T03:49:08.999+0000] {logging_mixin.py:120} INFO - [2023-08-19T03:49:08.999+0000] {dag.py:2585} INFO - Sync 1 DAGs
[2023-08-19T03:49:09.022+0000] {logging_mixin.py:120} INFO - [2023-08-19T03:49:09.021+0000] {dag.py:3340} INFO - Setting next_dagrun for example_time_delta_sensor_async to None, run_after=None
[2023-08-19T03:49:09.048+0000] {processor.py:176} INFO - Processing /home/airflow/.local/lib/python3.7/site-packages/airflow/example_dags/example_time_delta_sensor_async.py took 0.224 seconds
