[2023-08-19T03:34:18.234+0000] {processor.py:154} INFO - Started process (PID=54) to work on /home/airflow/.local/lib/python3.7/site-packages/airflow/example_dags/example_datasets.py
[2023-08-19T03:34:18.234+0000] {processor.py:756} INFO - Processing file /home/airflow/.local/lib/python3.7/site-packages/airflow/example_dags/example_datasets.py for tasks to queue
[2023-08-19T03:34:18.235+0000] {logging_mixin.py:120} INFO - [2023-08-19T03:34:18.235+0000] {dagbag.py:537} INFO - Filling up the DagBag from /home/airflow/.local/lib/python3.7/site-packages/airflow/example_dags/example_datasets.py
[2023-08-19T03:34:18.251+0000] {processor.py:766} INFO - DAG(s) dict_keys(['dataset_consumes_1_and_2', 'dataset_consumes_1_never_scheduled', 'dataset_produces_2', 'dataset_consumes_unknown_never_scheduled', 'dataset_consumes_1', 'dataset_produces_1']) retrieved from /home/airflow/.local/lib/python3.7/site-packages/airflow/example_dags/example_datasets.py
[2023-08-19T03:34:18.280+0000] {logging_mixin.py:120} INFO - [2023-08-19T03:34:18.280+0000] {dag.py:2585} INFO - Sync 6 DAGs
[2023-08-19T03:34:18.304+0000] {logging_mixin.py:120} INFO - [2023-08-19T03:34:18.304+0000] {dag.py:3340} INFO - Setting next_dagrun for dataset_consumes_1 to None, run_after=None
[2023-08-19T03:34:18.307+0000] {logging_mixin.py:120} INFO - [2023-08-19T03:34:18.307+0000] {dag.py:3340} INFO - Setting next_dagrun for dataset_consumes_1_and_2 to None, run_after=None
[2023-08-19T03:34:18.308+0000] {logging_mixin.py:120} INFO - [2023-08-19T03:34:18.308+0000] {dag.py:3340} INFO - Setting next_dagrun for dataset_consumes_1_never_scheduled to None, run_after=None
[2023-08-19T03:34:18.310+0000] {logging_mixin.py:120} INFO - [2023-08-19T03:34:18.309+0000] {dag.py:3340} INFO - Setting next_dagrun for dataset_consumes_unknown_never_scheduled to None, run_after=None
[2023-08-19T03:34:18.312+0000] {logging_mixin.py:120} INFO - [2023-08-19T03:34:18.312+0000] {dag.py:3340} INFO - Setting next_dagrun for dataset_produces_1 to 2023-08-18T00:00:00+00:00, run_after=2023-08-19T00:00:00+00:00
[2023-08-19T03:34:18.313+0000] {logging_mixin.py:120} INFO - [2023-08-19T03:34:18.313+0000] {dag.py:3340} INFO - Setting next_dagrun for dataset_produces_2 to None, run_after=None
[2023-08-19T03:34:18.340+0000] {processor.py:176} INFO - Processing /home/airflow/.local/lib/python3.7/site-packages/airflow/example_dags/example_datasets.py took 0.109 seconds
[2023-08-19T03:47:35.851+0000] {processor.py:154} INFO - Started process (PID=54) to work on /home/airflow/.local/lib/python3.7/site-packages/airflow/example_dags/example_datasets.py
[2023-08-19T03:47:35.853+0000] {processor.py:756} INFO - Processing file /home/airflow/.local/lib/python3.7/site-packages/airflow/example_dags/example_datasets.py for tasks to queue
[2023-08-19T03:47:35.854+0000] {logging_mixin.py:120} INFO - [2023-08-19T03:47:35.853+0000] {dagbag.py:537} INFO - Filling up the DagBag from /home/airflow/.local/lib/python3.7/site-packages/airflow/example_dags/example_datasets.py
[2023-08-19T03:47:35.871+0000] {processor.py:766} INFO - DAG(s) dict_keys(['dataset_consumes_1', 'dataset_consumes_unknown_never_scheduled', 'dataset_produces_1', 'dataset_produces_2', 'dataset_consumes_1_and_2', 'dataset_consumes_1_never_scheduled']) retrieved from /home/airflow/.local/lib/python3.7/site-packages/airflow/example_dags/example_datasets.py
[2023-08-19T03:47:35.908+0000] {logging_mixin.py:120} INFO - [2023-08-19T03:47:35.908+0000] {dag.py:2585} INFO - Sync 6 DAGs
[2023-08-19T03:47:35.933+0000] {logging_mixin.py:120} INFO - [2023-08-19T03:47:35.933+0000] {dag.py:3340} INFO - Setting next_dagrun for dataset_consumes_1 to None, run_after=None
[2023-08-19T03:47:35.936+0000] {logging_mixin.py:120} INFO - [2023-08-19T03:47:35.936+0000] {dag.py:3340} INFO - Setting next_dagrun for dataset_consumes_1_and_2 to None, run_after=None
[2023-08-19T03:47:35.938+0000] {logging_mixin.py:120} INFO - [2023-08-19T03:47:35.938+0000] {dag.py:3340} INFO - Setting next_dagrun for dataset_consumes_1_never_scheduled to None, run_after=None
[2023-08-19T03:47:35.939+0000] {logging_mixin.py:120} INFO - [2023-08-19T03:47:35.939+0000] {dag.py:3340} INFO - Setting next_dagrun for dataset_consumes_unknown_never_scheduled to None, run_after=None
[2023-08-19T03:47:35.941+0000] {logging_mixin.py:120} INFO - [2023-08-19T03:47:35.941+0000] {dag.py:3340} INFO - Setting next_dagrun for dataset_produces_1 to 2023-08-18T00:00:00+00:00, run_after=2023-08-19T00:00:00+00:00
[2023-08-19T03:47:35.943+0000] {logging_mixin.py:120} INFO - [2023-08-19T03:47:35.943+0000] {dag.py:3340} INFO - Setting next_dagrun for dataset_produces_2 to None, run_after=None
[2023-08-19T03:47:35.967+0000] {processor.py:176} INFO - Processing /home/airflow/.local/lib/python3.7/site-packages/airflow/example_dags/example_datasets.py took 0.121 seconds
[2023-08-19T03:48:06.065+0000] {processor.py:154} INFO - Started process (PID=117) to work on /home/airflow/.local/lib/python3.7/site-packages/airflow/example_dags/example_datasets.py
[2023-08-19T03:48:06.066+0000] {processor.py:756} INFO - Processing file /home/airflow/.local/lib/python3.7/site-packages/airflow/example_dags/example_datasets.py for tasks to queue
[2023-08-19T03:48:06.066+0000] {logging_mixin.py:120} INFO - [2023-08-19T03:48:06.066+0000] {dagbag.py:537} INFO - Filling up the DagBag from /home/airflow/.local/lib/python3.7/site-packages/airflow/example_dags/example_datasets.py
[2023-08-19T03:48:06.083+0000] {processor.py:766} INFO - DAG(s) dict_keys(['dataset_produces_1', 'dataset_consumes_1_and_2', 'dataset_consumes_1', 'dataset_consumes_unknown_never_scheduled', 'dataset_consumes_1_never_scheduled', 'dataset_produces_2']) retrieved from /home/airflow/.local/lib/python3.7/site-packages/airflow/example_dags/example_datasets.py
[2023-08-19T03:48:06.171+0000] {logging_mixin.py:120} INFO - [2023-08-19T03:48:06.171+0000] {dag.py:2585} INFO - Sync 6 DAGs
[2023-08-19T03:48:06.192+0000] {logging_mixin.py:120} INFO - [2023-08-19T03:48:06.192+0000] {dag.py:3340} INFO - Setting next_dagrun for dataset_consumes_1 to None, run_after=None
[2023-08-19T03:48:06.195+0000] {logging_mixin.py:120} INFO - [2023-08-19T03:48:06.195+0000] {dag.py:3340} INFO - Setting next_dagrun for dataset_consumes_1_and_2 to None, run_after=None
[2023-08-19T03:48:06.196+0000] {logging_mixin.py:120} INFO - [2023-08-19T03:48:06.196+0000] {dag.py:3340} INFO - Setting next_dagrun for dataset_consumes_1_never_scheduled to None, run_after=None
[2023-08-19T03:48:06.198+0000] {logging_mixin.py:120} INFO - [2023-08-19T03:48:06.198+0000] {dag.py:3340} INFO - Setting next_dagrun for dataset_consumes_unknown_never_scheduled to None, run_after=None
[2023-08-19T03:48:06.200+0000] {logging_mixin.py:120} INFO - [2023-08-19T03:48:06.200+0000] {dag.py:3340} INFO - Setting next_dagrun for dataset_produces_1 to 2023-08-18T00:00:00+00:00, run_after=2023-08-19T00:00:00+00:00
[2023-08-19T03:48:06.201+0000] {logging_mixin.py:120} INFO - [2023-08-19T03:48:06.201+0000] {dag.py:3340} INFO - Setting next_dagrun for dataset_produces_2 to None, run_after=None
[2023-08-19T03:48:06.230+0000] {processor.py:176} INFO - Processing /home/airflow/.local/lib/python3.7/site-packages/airflow/example_dags/example_datasets.py took 0.168 seconds
[2023-08-19T03:48:37.194+0000] {processor.py:154} INFO - Started process (PID=181) to work on /home/airflow/.local/lib/python3.7/site-packages/airflow/example_dags/example_datasets.py
[2023-08-19T03:48:37.195+0000] {processor.py:756} INFO - Processing file /home/airflow/.local/lib/python3.7/site-packages/airflow/example_dags/example_datasets.py for tasks to queue
[2023-08-19T03:48:37.196+0000] {logging_mixin.py:120} INFO - [2023-08-19T03:48:37.196+0000] {dagbag.py:537} INFO - Filling up the DagBag from /home/airflow/.local/lib/python3.7/site-packages/airflow/example_dags/example_datasets.py
[2023-08-19T03:48:37.212+0000] {processor.py:766} INFO - DAG(s) dict_keys(['dataset_consumes_1_never_scheduled', 'dataset_produces_2', 'dataset_produces_1', 'dataset_consumes_1', 'dataset_consumes_unknown_never_scheduled', 'dataset_consumes_1_and_2']) retrieved from /home/airflow/.local/lib/python3.7/site-packages/airflow/example_dags/example_datasets.py
[2023-08-19T03:48:37.268+0000] {logging_mixin.py:120} INFO - [2023-08-19T03:48:37.267+0000] {dag.py:2585} INFO - Sync 6 DAGs
[2023-08-19T03:48:37.293+0000] {logging_mixin.py:120} INFO - [2023-08-19T03:48:37.293+0000] {dag.py:3340} INFO - Setting next_dagrun for dataset_consumes_1 to None, run_after=None
[2023-08-19T03:48:37.296+0000] {logging_mixin.py:120} INFO - [2023-08-19T03:48:37.296+0000] {dag.py:3340} INFO - Setting next_dagrun for dataset_consumes_1_and_2 to None, run_after=None
[2023-08-19T03:48:37.298+0000] {logging_mixin.py:120} INFO - [2023-08-19T03:48:37.298+0000] {dag.py:3340} INFO - Setting next_dagrun for dataset_consumes_1_never_scheduled to None, run_after=None
[2023-08-19T03:48:37.300+0000] {logging_mixin.py:120} INFO - [2023-08-19T03:48:37.300+0000] {dag.py:3340} INFO - Setting next_dagrun for dataset_consumes_unknown_never_scheduled to None, run_after=None
[2023-08-19T03:48:37.303+0000] {logging_mixin.py:120} INFO - [2023-08-19T03:48:37.302+0000] {dag.py:3340} INFO - Setting next_dagrun for dataset_produces_1 to 2023-08-18T00:00:00+00:00, run_after=2023-08-19T00:00:00+00:00
[2023-08-19T03:48:37.304+0000] {logging_mixin.py:120} INFO - [2023-08-19T03:48:37.304+0000] {dag.py:3340} INFO - Setting next_dagrun for dataset_produces_2 to None, run_after=None
[2023-08-19T03:48:37.333+0000] {processor.py:176} INFO - Processing /home/airflow/.local/lib/python3.7/site-packages/airflow/example_dags/example_datasets.py took 0.142 seconds
[2023-08-19T03:49:07.699+0000] {processor.py:154} INFO - Started process (PID=235) to work on /home/airflow/.local/lib/python3.7/site-packages/airflow/example_dags/example_datasets.py
[2023-08-19T03:49:07.700+0000] {processor.py:756} INFO - Processing file /home/airflow/.local/lib/python3.7/site-packages/airflow/example_dags/example_datasets.py for tasks to queue
[2023-08-19T03:49:07.701+0000] {logging_mixin.py:120} INFO - [2023-08-19T03:49:07.700+0000] {dagbag.py:537} INFO - Filling up the DagBag from /home/airflow/.local/lib/python3.7/site-packages/airflow/example_dags/example_datasets.py
[2023-08-19T03:49:07.714+0000] {processor.py:766} INFO - DAG(s) dict_keys(['dataset_produces_1', 'dataset_consumes_1_and_2', 'dataset_consumes_1', 'dataset_produces_2', 'dataset_consumes_1_never_scheduled', 'dataset_consumes_unknown_never_scheduled']) retrieved from /home/airflow/.local/lib/python3.7/site-packages/airflow/example_dags/example_datasets.py
[2023-08-19T03:49:07.761+0000] {logging_mixin.py:120} INFO - [2023-08-19T03:49:07.761+0000] {dag.py:2585} INFO - Sync 6 DAGs
[2023-08-19T03:49:07.782+0000] {logging_mixin.py:120} INFO - [2023-08-19T03:49:07.782+0000] {dag.py:3340} INFO - Setting next_dagrun for dataset_consumes_1 to None, run_after=None
[2023-08-19T03:49:07.785+0000] {logging_mixin.py:120} INFO - [2023-08-19T03:49:07.785+0000] {dag.py:3340} INFO - Setting next_dagrun for dataset_consumes_1_and_2 to None, run_after=None
[2023-08-19T03:49:07.787+0000] {logging_mixin.py:120} INFO - [2023-08-19T03:49:07.787+0000] {dag.py:3340} INFO - Setting next_dagrun for dataset_consumes_1_never_scheduled to None, run_after=None
[2023-08-19T03:49:07.788+0000] {logging_mixin.py:120} INFO - [2023-08-19T03:49:07.788+0000] {dag.py:3340} INFO - Setting next_dagrun for dataset_consumes_unknown_never_scheduled to None, run_after=None
[2023-08-19T03:49:07.790+0000] {logging_mixin.py:120} INFO - [2023-08-19T03:49:07.790+0000] {dag.py:3340} INFO - Setting next_dagrun for dataset_produces_1 to 2023-08-18T00:00:00+00:00, run_after=2023-08-19T00:00:00+00:00
[2023-08-19T03:49:07.791+0000] {logging_mixin.py:120} INFO - [2023-08-19T03:49:07.791+0000] {dag.py:3340} INFO - Setting next_dagrun for dataset_produces_2 to None, run_after=None
[2023-08-19T03:49:07.818+0000] {processor.py:176} INFO - Processing /home/airflow/.local/lib/python3.7/site-packages/airflow/example_dags/example_datasets.py took 0.123 seconds
