[2023-08-19T03:15:20.834+0000] {processor.py:154} INFO - Started process (PID=67) to work on /home/airflow/.local/lib/python3.7/site-packages/airflow/example_dags/example_branch_day_of_week_operator.py
[2023-08-19T03:15:20.835+0000] {processor.py:756} INFO - Processing file /home/airflow/.local/lib/python3.7/site-packages/airflow/example_dags/example_branch_day_of_week_operator.py for tasks to queue
[2023-08-19T03:15:20.836+0000] {logging_mixin.py:120} INFO - [2023-08-19T03:15:20.836+0000] {dagbag.py:537} INFO - Filling up the DagBag from /home/airflow/.local/lib/python3.7/site-packages/airflow/example_dags/example_branch_day_of_week_operator.py
[2023-08-19T03:15:20.852+0000] {processor.py:766} INFO - DAG(s) dict_keys(['example_weekday_branch_operator']) retrieved from /home/airflow/.local/lib/python3.7/site-packages/airflow/example_dags/example_branch_day_of_week_operator.py
[2023-08-19T03:15:20.985+0000] {logging_mixin.py:120} INFO - [2023-08-19T03:15:20.985+0000] {manager.py:507} INFO - Created Permission View: can read on DAG:example_weekday_branch_operator
[2023-08-19T03:15:20.995+0000] {logging_mixin.py:120} INFO - [2023-08-19T03:15:20.995+0000] {manager.py:507} INFO - Created Permission View: can delete on DAG:example_weekday_branch_operator
[2023-08-19T03:15:21.006+0000] {logging_mixin.py:120} INFO - [2023-08-19T03:15:21.005+0000] {manager.py:507} INFO - Created Permission View: can edit on DAG:example_weekday_branch_operator
[2023-08-19T03:15:21.006+0000] {logging_mixin.py:120} INFO - [2023-08-19T03:15:21.006+0000] {dag.py:2585} INFO - Sync 1 DAGs
[2023-08-19T03:15:21.024+0000] {logging_mixin.py:120} INFO - [2023-08-19T03:15:21.024+0000] {dag.py:2606} INFO - Creating ORM DAG for example_weekday_branch_operator
[2023-08-19T03:15:21.039+0000] {logging_mixin.py:120} INFO - [2023-08-19T03:15:21.039+0000] {dag.py:3340} INFO - Setting next_dagrun for example_weekday_branch_operator to 2023-08-18T00:00:00+00:00, run_after=2023-08-19T00:00:00+00:00
[2023-08-19T03:15:21.063+0000] {processor.py:176} INFO - Processing /home/airflow/.local/lib/python3.7/site-packages/airflow/example_dags/example_branch_day_of_week_operator.py took 0.232 seconds
[2023-08-19T03:15:51.118+0000] {processor.py:154} INFO - Started process (PID=123) to work on /home/airflow/.local/lib/python3.7/site-packages/airflow/example_dags/example_branch_day_of_week_operator.py
[2023-08-19T03:15:51.119+0000] {processor.py:756} INFO - Processing file /home/airflow/.local/lib/python3.7/site-packages/airflow/example_dags/example_branch_day_of_week_operator.py for tasks to queue
[2023-08-19T03:15:51.120+0000] {logging_mixin.py:120} INFO - [2023-08-19T03:15:51.119+0000] {dagbag.py:537} INFO - Filling up the DagBag from /home/airflow/.local/lib/python3.7/site-packages/airflow/example_dags/example_branch_day_of_week_operator.py
[2023-08-19T03:15:51.134+0000] {processor.py:766} INFO - DAG(s) dict_keys(['example_weekday_branch_operator']) retrieved from /home/airflow/.local/lib/python3.7/site-packages/airflow/example_dags/example_branch_day_of_week_operator.py
[2023-08-19T03:15:51.170+0000] {logging_mixin.py:120} INFO - [2023-08-19T03:15:51.170+0000] {dag.py:2585} INFO - Sync 1 DAGs
[2023-08-19T03:15:51.192+0000] {logging_mixin.py:120} INFO - [2023-08-19T03:15:51.192+0000] {dag.py:3340} INFO - Setting next_dagrun for example_weekday_branch_operator to 2023-08-18T00:00:00+00:00, run_after=2023-08-19T00:00:00+00:00
[2023-08-19T03:15:51.210+0000] {processor.py:176} INFO - Processing /home/airflow/.local/lib/python3.7/site-packages/airflow/example_dags/example_branch_day_of_week_operator.py took 0.095 seconds
[2023-08-19T03:16:21.729+0000] {processor.py:154} INFO - Started process (PID=187) to work on /home/airflow/.local/lib/python3.7/site-packages/airflow/example_dags/example_branch_day_of_week_operator.py
[2023-08-19T03:16:21.729+0000] {processor.py:756} INFO - Processing file /home/airflow/.local/lib/python3.7/site-packages/airflow/example_dags/example_branch_day_of_week_operator.py for tasks to queue
[2023-08-19T03:16:21.730+0000] {logging_mixin.py:120} INFO - [2023-08-19T03:16:21.730+0000] {dagbag.py:537} INFO - Filling up the DagBag from /home/airflow/.local/lib/python3.7/site-packages/airflow/example_dags/example_branch_day_of_week_operator.py
[2023-08-19T03:16:21.744+0000] {processor.py:766} INFO - DAG(s) dict_keys(['example_weekday_branch_operator']) retrieved from /home/airflow/.local/lib/python3.7/site-packages/airflow/example_dags/example_branch_day_of_week_operator.py
[2023-08-19T03:16:21.777+0000] {logging_mixin.py:120} INFO - [2023-08-19T03:16:21.777+0000] {dag.py:2585} INFO - Sync 1 DAGs
[2023-08-19T03:16:21.801+0000] {logging_mixin.py:120} INFO - [2023-08-19T03:16:21.801+0000] {dag.py:3340} INFO - Setting next_dagrun for example_weekday_branch_operator to 2023-08-18T00:00:00+00:00, run_after=2023-08-19T00:00:00+00:00
[2023-08-19T03:16:21.819+0000] {processor.py:176} INFO - Processing /home/airflow/.local/lib/python3.7/site-packages/airflow/example_dags/example_branch_day_of_week_operator.py took 0.093 seconds
[2023-08-19T03:16:52.129+0000] {processor.py:154} INFO - Started process (PID=250) to work on /home/airflow/.local/lib/python3.7/site-packages/airflow/example_dags/example_branch_day_of_week_operator.py
[2023-08-19T03:16:52.130+0000] {processor.py:756} INFO - Processing file /home/airflow/.local/lib/python3.7/site-packages/airflow/example_dags/example_branch_day_of_week_operator.py for tasks to queue
[2023-08-19T03:16:52.131+0000] {logging_mixin.py:120} INFO - [2023-08-19T03:16:52.131+0000] {dagbag.py:537} INFO - Filling up the DagBag from /home/airflow/.local/lib/python3.7/site-packages/airflow/example_dags/example_branch_day_of_week_operator.py
[2023-08-19T03:16:52.144+0000] {processor.py:766} INFO - DAG(s) dict_keys(['example_weekday_branch_operator']) retrieved from /home/airflow/.local/lib/python3.7/site-packages/airflow/example_dags/example_branch_day_of_week_operator.py
[2023-08-19T03:16:52.179+0000] {logging_mixin.py:120} INFO - [2023-08-19T03:16:52.179+0000] {dag.py:2585} INFO - Sync 1 DAGs
[2023-08-19T03:16:52.201+0000] {logging_mixin.py:120} INFO - [2023-08-19T03:16:52.201+0000] {dag.py:3340} INFO - Setting next_dagrun for example_weekday_branch_operator to 2023-08-18T00:00:00+00:00, run_after=2023-08-19T00:00:00+00:00
[2023-08-19T03:16:52.221+0000] {processor.py:176} INFO - Processing /home/airflow/.local/lib/python3.7/site-packages/airflow/example_dags/example_branch_day_of_week_operator.py took 0.094 seconds
[2023-08-19T03:17:22.364+0000] {processor.py:154} INFO - Started process (PID=304) to work on /home/airflow/.local/lib/python3.7/site-packages/airflow/example_dags/example_branch_day_of_week_operator.py
[2023-08-19T03:17:22.365+0000] {processor.py:756} INFO - Processing file /home/airflow/.local/lib/python3.7/site-packages/airflow/example_dags/example_branch_day_of_week_operator.py for tasks to queue
[2023-08-19T03:17:22.365+0000] {logging_mixin.py:120} INFO - [2023-08-19T03:17:22.365+0000] {dagbag.py:537} INFO - Filling up the DagBag from /home/airflow/.local/lib/python3.7/site-packages/airflow/example_dags/example_branch_day_of_week_operator.py
[2023-08-19T03:17:22.378+0000] {processor.py:766} INFO - DAG(s) dict_keys(['example_weekday_branch_operator']) retrieved from /home/airflow/.local/lib/python3.7/site-packages/airflow/example_dags/example_branch_day_of_week_operator.py
[2023-08-19T03:17:22.413+0000] {logging_mixin.py:120} INFO - [2023-08-19T03:17:22.413+0000] {dag.py:2585} INFO - Sync 1 DAGs
[2023-08-19T03:17:22.436+0000] {logging_mixin.py:120} INFO - [2023-08-19T03:17:22.436+0000] {dag.py:3340} INFO - Setting next_dagrun for example_weekday_branch_operator to 2023-08-18T00:00:00+00:00, run_after=2023-08-19T00:00:00+00:00
[2023-08-19T03:17:22.455+0000] {processor.py:176} INFO - Processing /home/airflow/.local/lib/python3.7/site-packages/airflow/example_dags/example_branch_day_of_week_operator.py took 0.094 seconds
[2023-08-19T03:17:52.939+0000] {processor.py:154} INFO - Started process (PID=367) to work on /home/airflow/.local/lib/python3.7/site-packages/airflow/example_dags/example_branch_day_of_week_operator.py
[2023-08-19T03:17:52.940+0000] {processor.py:756} INFO - Processing file /home/airflow/.local/lib/python3.7/site-packages/airflow/example_dags/example_branch_day_of_week_operator.py for tasks to queue
[2023-08-19T03:17:52.941+0000] {logging_mixin.py:120} INFO - [2023-08-19T03:17:52.941+0000] {dagbag.py:537} INFO - Filling up the DagBag from /home/airflow/.local/lib/python3.7/site-packages/airflow/example_dags/example_branch_day_of_week_operator.py
[2023-08-19T03:17:52.957+0000] {processor.py:766} INFO - DAG(s) dict_keys(['example_weekday_branch_operator']) retrieved from /home/airflow/.local/lib/python3.7/site-packages/airflow/example_dags/example_branch_day_of_week_operator.py
[2023-08-19T03:17:52.991+0000] {logging_mixin.py:120} INFO - [2023-08-19T03:17:52.991+0000] {dag.py:2585} INFO - Sync 1 DAGs
[2023-08-19T03:17:53.015+0000] {logging_mixin.py:120} INFO - [2023-08-19T03:17:53.015+0000] {dag.py:3340} INFO - Setting next_dagrun for example_weekday_branch_operator to 2023-08-18T00:00:00+00:00, run_after=2023-08-19T00:00:00+00:00
[2023-08-19T03:17:53.034+0000] {processor.py:176} INFO - Processing /home/airflow/.local/lib/python3.7/site-packages/airflow/example_dags/example_branch_day_of_week_operator.py took 0.098 seconds
[2023-08-19T03:18:23.929+0000] {processor.py:154} INFO - Started process (PID=430) to work on /home/airflow/.local/lib/python3.7/site-packages/airflow/example_dags/example_branch_day_of_week_operator.py
[2023-08-19T03:18:23.930+0000] {processor.py:756} INFO - Processing file /home/airflow/.local/lib/python3.7/site-packages/airflow/example_dags/example_branch_day_of_week_operator.py for tasks to queue
[2023-08-19T03:18:23.931+0000] {logging_mixin.py:120} INFO - [2023-08-19T03:18:23.931+0000] {dagbag.py:537} INFO - Filling up the DagBag from /home/airflow/.local/lib/python3.7/site-packages/airflow/example_dags/example_branch_day_of_week_operator.py
[2023-08-19T03:18:23.948+0000] {processor.py:766} INFO - DAG(s) dict_keys(['example_weekday_branch_operator']) retrieved from /home/airflow/.local/lib/python3.7/site-packages/airflow/example_dags/example_branch_day_of_week_operator.py
[2023-08-19T03:18:23.997+0000] {logging_mixin.py:120} INFO - [2023-08-19T03:18:23.996+0000] {dag.py:2585} INFO - Sync 1 DAGs
[2023-08-19T03:18:24.039+0000] {logging_mixin.py:120} INFO - [2023-08-19T03:18:24.039+0000] {dag.py:3340} INFO - Setting next_dagrun for example_weekday_branch_operator to 2023-08-18T00:00:00+00:00, run_after=2023-08-19T00:00:00+00:00
[2023-08-19T03:18:24.066+0000] {processor.py:176} INFO - Processing /home/airflow/.local/lib/python3.7/site-packages/airflow/example_dags/example_branch_day_of_week_operator.py took 0.141 seconds
[2023-08-19T03:18:54.509+0000] {processor.py:154} INFO - Started process (PID=493) to work on /home/airflow/.local/lib/python3.7/site-packages/airflow/example_dags/example_branch_day_of_week_operator.py
[2023-08-19T03:18:54.510+0000] {processor.py:756} INFO - Processing file /home/airflow/.local/lib/python3.7/site-packages/airflow/example_dags/example_branch_day_of_week_operator.py for tasks to queue
[2023-08-19T03:18:54.511+0000] {logging_mixin.py:120} INFO - [2023-08-19T03:18:54.511+0000] {dagbag.py:537} INFO - Filling up the DagBag from /home/airflow/.local/lib/python3.7/site-packages/airflow/example_dags/example_branch_day_of_week_operator.py
[2023-08-19T03:18:54.525+0000] {processor.py:766} INFO - DAG(s) dict_keys(['example_weekday_branch_operator']) retrieved from /home/airflow/.local/lib/python3.7/site-packages/airflow/example_dags/example_branch_day_of_week_operator.py
[2023-08-19T03:18:54.561+0000] {logging_mixin.py:120} INFO - [2023-08-19T03:18:54.561+0000] {dag.py:2585} INFO - Sync 1 DAGs
[2023-08-19T03:18:54.583+0000] {logging_mixin.py:120} INFO - [2023-08-19T03:18:54.583+0000] {dag.py:3340} INFO - Setting next_dagrun for example_weekday_branch_operator to 2023-08-18T00:00:00+00:00, run_after=2023-08-19T00:00:00+00:00
[2023-08-19T03:18:54.602+0000] {processor.py:176} INFO - Processing /home/airflow/.local/lib/python3.7/site-packages/airflow/example_dags/example_branch_day_of_week_operator.py took 0.096 seconds
[2023-08-19T03:19:24.778+0000] {processor.py:154} INFO - Started process (PID=548) to work on /home/airflow/.local/lib/python3.7/site-packages/airflow/example_dags/example_branch_day_of_week_operator.py
[2023-08-19T03:19:24.779+0000] {processor.py:756} INFO - Processing file /home/airflow/.local/lib/python3.7/site-packages/airflow/example_dags/example_branch_day_of_week_operator.py for tasks to queue
[2023-08-19T03:19:24.781+0000] {logging_mixin.py:120} INFO - [2023-08-19T03:19:24.781+0000] {dagbag.py:537} INFO - Filling up the DagBag from /home/airflow/.local/lib/python3.7/site-packages/airflow/example_dags/example_branch_day_of_week_operator.py
[2023-08-19T03:19:24.797+0000] {processor.py:766} INFO - DAG(s) dict_keys(['example_weekday_branch_operator']) retrieved from /home/airflow/.local/lib/python3.7/site-packages/airflow/example_dags/example_branch_day_of_week_operator.py
[2023-08-19T03:19:24.838+0000] {logging_mixin.py:120} INFO - [2023-08-19T03:19:24.838+0000] {dag.py:2585} INFO - Sync 1 DAGs
[2023-08-19T03:19:24.869+0000] {logging_mixin.py:120} INFO - [2023-08-19T03:19:24.869+0000] {dag.py:3340} INFO - Setting next_dagrun for example_weekday_branch_operator to 2023-08-18T00:00:00+00:00, run_after=2023-08-19T00:00:00+00:00
[2023-08-19T03:19:24.893+0000] {processor.py:176} INFO - Processing /home/airflow/.local/lib/python3.7/site-packages/airflow/example_dags/example_branch_day_of_week_operator.py took 0.120 seconds
[2023-08-19T03:19:55.180+0000] {processor.py:154} INFO - Started process (PID=612) to work on /home/airflow/.local/lib/python3.7/site-packages/airflow/example_dags/example_branch_day_of_week_operator.py
[2023-08-19T03:19:55.181+0000] {processor.py:756} INFO - Processing file /home/airflow/.local/lib/python3.7/site-packages/airflow/example_dags/example_branch_day_of_week_operator.py for tasks to queue
[2023-08-19T03:19:55.182+0000] {logging_mixin.py:120} INFO - [2023-08-19T03:19:55.182+0000] {dagbag.py:537} INFO - Filling up the DagBag from /home/airflow/.local/lib/python3.7/site-packages/airflow/example_dags/example_branch_day_of_week_operator.py
[2023-08-19T03:19:55.196+0000] {processor.py:766} INFO - DAG(s) dict_keys(['example_weekday_branch_operator']) retrieved from /home/airflow/.local/lib/python3.7/site-packages/airflow/example_dags/example_branch_day_of_week_operator.py
[2023-08-19T03:19:55.237+0000] {logging_mixin.py:120} INFO - [2023-08-19T03:19:55.236+0000] {dag.py:2585} INFO - Sync 1 DAGs
[2023-08-19T03:19:55.257+0000] {logging_mixin.py:120} INFO - [2023-08-19T03:19:55.257+0000] {dag.py:3340} INFO - Setting next_dagrun for example_weekday_branch_operator to 2023-08-18T00:00:00+00:00, run_after=2023-08-19T00:00:00+00:00
[2023-08-19T03:19:55.275+0000] {processor.py:176} INFO - Processing /home/airflow/.local/lib/python3.7/site-packages/airflow/example_dags/example_branch_day_of_week_operator.py took 0.099 seconds
[2023-08-19T03:20:25.473+0000] {processor.py:154} INFO - Started process (PID=675) to work on /home/airflow/.local/lib/python3.7/site-packages/airflow/example_dags/example_branch_day_of_week_operator.py
[2023-08-19T03:20:25.474+0000] {processor.py:756} INFO - Processing file /home/airflow/.local/lib/python3.7/site-packages/airflow/example_dags/example_branch_day_of_week_operator.py for tasks to queue
[2023-08-19T03:20:25.475+0000] {logging_mixin.py:120} INFO - [2023-08-19T03:20:25.475+0000] {dagbag.py:537} INFO - Filling up the DagBag from /home/airflow/.local/lib/python3.7/site-packages/airflow/example_dags/example_branch_day_of_week_operator.py
[2023-08-19T03:20:25.488+0000] {processor.py:766} INFO - DAG(s) dict_keys(['example_weekday_branch_operator']) retrieved from /home/airflow/.local/lib/python3.7/site-packages/airflow/example_dags/example_branch_day_of_week_operator.py
[2023-08-19T03:20:25.525+0000] {logging_mixin.py:120} INFO - [2023-08-19T03:20:25.525+0000] {dag.py:2585} INFO - Sync 1 DAGs
[2023-08-19T03:20:25.547+0000] {logging_mixin.py:120} INFO - [2023-08-19T03:20:25.547+0000] {dag.py:3340} INFO - Setting next_dagrun for example_weekday_branch_operator to 2023-08-18T00:00:00+00:00, run_after=2023-08-19T00:00:00+00:00
[2023-08-19T03:20:25.567+0000] {processor.py:176} INFO - Processing /home/airflow/.local/lib/python3.7/site-packages/airflow/example_dags/example_branch_day_of_week_operator.py took 0.097 seconds
[2023-08-19T03:20:55.745+0000] {processor.py:154} INFO - Started process (PID=738) to work on /home/airflow/.local/lib/python3.7/site-packages/airflow/example_dags/example_branch_day_of_week_operator.py
[2023-08-19T03:20:55.746+0000] {processor.py:756} INFO - Processing file /home/airflow/.local/lib/python3.7/site-packages/airflow/example_dags/example_branch_day_of_week_operator.py for tasks to queue
[2023-08-19T03:20:55.747+0000] {logging_mixin.py:120} INFO - [2023-08-19T03:20:55.747+0000] {dagbag.py:537} INFO - Filling up the DagBag from /home/airflow/.local/lib/python3.7/site-packages/airflow/example_dags/example_branch_day_of_week_operator.py
[2023-08-19T03:20:55.760+0000] {processor.py:766} INFO - DAG(s) dict_keys(['example_weekday_branch_operator']) retrieved from /home/airflow/.local/lib/python3.7/site-packages/airflow/example_dags/example_branch_day_of_week_operator.py
[2023-08-19T03:20:55.800+0000] {logging_mixin.py:120} INFO - [2023-08-19T03:20:55.800+0000] {dag.py:2585} INFO - Sync 1 DAGs
[2023-08-19T03:20:55.825+0000] {logging_mixin.py:120} INFO - [2023-08-19T03:20:55.825+0000] {dag.py:3340} INFO - Setting next_dagrun for example_weekday_branch_operator to 2023-08-18T00:00:00+00:00, run_after=2023-08-19T00:00:00+00:00
[2023-08-19T03:20:55.847+0000] {processor.py:176} INFO - Processing /home/airflow/.local/lib/python3.7/site-packages/airflow/example_dags/example_branch_day_of_week_operator.py took 0.105 seconds
