[2023-08-19T03:34:18.371+0000] {processor.py:154} INFO - Started process (PID=56) to work on /home/airflow/.local/lib/python3.7/site-packages/airflow/example_dags/example_skip_dag.py
[2023-08-19T03:34:18.372+0000] {processor.py:756} INFO - Processing file /home/airflow/.local/lib/python3.7/site-packages/airflow/example_dags/example_skip_dag.py for tasks to queue
[2023-08-19T03:34:18.373+0000] {logging_mixin.py:120} INFO - [2023-08-19T03:34:18.373+0000] {dagbag.py:537} INFO - Filling up the DagBag from /home/airflow/.local/lib/python3.7/site-packages/airflow/example_dags/example_skip_dag.py
[2023-08-19T03:34:18.388+0000] {processor.py:766} INFO - DAG(s) dict_keys(['example_skip_dag']) retrieved from /home/airflow/.local/lib/python3.7/site-packages/airflow/example_dags/example_skip_dag.py
[2023-08-19T03:34:18.417+0000] {logging_mixin.py:120} INFO - [2023-08-19T03:34:18.416+0000] {dag.py:2585} INFO - Sync 1 DAGs
[2023-08-19T03:34:18.439+0000] {logging_mixin.py:120} INFO - [2023-08-19T03:34:18.439+0000] {dag.py:3340} INFO - Setting next_dagrun for example_skip_dag to 2023-08-18T03:34:18.438824+00:00, run_after=2023-08-19T03:34:18.438824+00:00
[2023-08-19T03:34:18.460+0000] {processor.py:176} INFO - Processing /home/airflow/.local/lib/python3.7/site-packages/airflow/example_dags/example_skip_dag.py took 0.091 seconds
[2023-08-19T03:47:35.977+0000] {processor.py:154} INFO - Started process (PID=56) to work on /home/airflow/.local/lib/python3.7/site-packages/airflow/example_dags/example_skip_dag.py
[2023-08-19T03:47:35.978+0000] {processor.py:756} INFO - Processing file /home/airflow/.local/lib/python3.7/site-packages/airflow/example_dags/example_skip_dag.py for tasks to queue
[2023-08-19T03:47:35.979+0000] {logging_mixin.py:120} INFO - [2023-08-19T03:47:35.979+0000] {dagbag.py:537} INFO - Filling up the DagBag from /home/airflow/.local/lib/python3.7/site-packages/airflow/example_dags/example_skip_dag.py
[2023-08-19T03:47:35.992+0000] {processor.py:766} INFO - DAG(s) dict_keys(['example_skip_dag']) retrieved from /home/airflow/.local/lib/python3.7/site-packages/airflow/example_dags/example_skip_dag.py
[2023-08-19T03:47:36.017+0000] {logging_mixin.py:120} INFO - [2023-08-19T03:47:36.017+0000] {dag.py:2585} INFO - Sync 1 DAGs
[2023-08-19T03:47:36.044+0000] {logging_mixin.py:120} INFO - [2023-08-19T03:47:36.044+0000] {dag.py:3340} INFO - Setting next_dagrun for example_skip_dag to 2023-08-18T03:47:36.043874+00:00, run_after=2023-08-19T03:47:36.043874+00:00
[2023-08-19T03:47:36.066+0000] {processor.py:176} INFO - Processing /home/airflow/.local/lib/python3.7/site-packages/airflow/example_dags/example_skip_dag.py took 0.091 seconds
[2023-08-19T03:48:06.256+0000] {processor.py:154} INFO - Started process (PID=119) to work on /home/airflow/.local/lib/python3.7/site-packages/airflow/example_dags/example_skip_dag.py
[2023-08-19T03:48:06.257+0000] {processor.py:756} INFO - Processing file /home/airflow/.local/lib/python3.7/site-packages/airflow/example_dags/example_skip_dag.py for tasks to queue
[2023-08-19T03:48:06.258+0000] {logging_mixin.py:120} INFO - [2023-08-19T03:48:06.258+0000] {dagbag.py:537} INFO - Filling up the DagBag from /home/airflow/.local/lib/python3.7/site-packages/airflow/example_dags/example_skip_dag.py
[2023-08-19T03:48:06.273+0000] {processor.py:766} INFO - DAG(s) dict_keys(['example_skip_dag']) retrieved from /home/airflow/.local/lib/python3.7/site-packages/airflow/example_dags/example_skip_dag.py
[2023-08-19T03:48:06.308+0000] {logging_mixin.py:120} INFO - [2023-08-19T03:48:06.308+0000] {dag.py:2585} INFO - Sync 1 DAGs
[2023-08-19T03:48:06.331+0000] {logging_mixin.py:120} INFO - [2023-08-19T03:48:06.331+0000] {dag.py:3340} INFO - Setting next_dagrun for example_skip_dag to 2023-08-18T03:48:06.330977+00:00, run_after=2023-08-19T03:48:06.330977+00:00
[2023-08-19T03:48:06.350+0000] {processor.py:176} INFO - Processing /home/airflow/.local/lib/python3.7/site-packages/airflow/example_dags/example_skip_dag.py took 0.096 seconds
[2023-08-19T03:48:37.360+0000] {processor.py:154} INFO - Started process (PID=183) to work on /home/airflow/.local/lib/python3.7/site-packages/airflow/example_dags/example_skip_dag.py
[2023-08-19T03:48:37.361+0000] {processor.py:756} INFO - Processing file /home/airflow/.local/lib/python3.7/site-packages/airflow/example_dags/example_skip_dag.py for tasks to queue
[2023-08-19T03:48:37.362+0000] {logging_mixin.py:120} INFO - [2023-08-19T03:48:37.362+0000] {dagbag.py:537} INFO - Filling up the DagBag from /home/airflow/.local/lib/python3.7/site-packages/airflow/example_dags/example_skip_dag.py
[2023-08-19T03:48:37.375+0000] {processor.py:766} INFO - DAG(s) dict_keys(['example_skip_dag']) retrieved from /home/airflow/.local/lib/python3.7/site-packages/airflow/example_dags/example_skip_dag.py
[2023-08-19T03:48:37.409+0000] {logging_mixin.py:120} INFO - [2023-08-19T03:48:37.409+0000] {dag.py:2585} INFO - Sync 1 DAGs
[2023-08-19T03:48:37.431+0000] {logging_mixin.py:120} INFO - [2023-08-19T03:48:37.431+0000] {dag.py:3340} INFO - Setting next_dagrun for example_skip_dag to 2023-08-18T03:48:37.431352+00:00, run_after=2023-08-19T03:48:37.431352+00:00
[2023-08-19T03:48:37.451+0000] {processor.py:176} INFO - Processing /home/airflow/.local/lib/python3.7/site-packages/airflow/example_dags/example_skip_dag.py took 0.094 seconds
[2023-08-19T03:49:07.970+0000] {processor.py:154} INFO - Started process (PID=237) to work on /home/airflow/.local/lib/python3.7/site-packages/airflow/example_dags/example_skip_dag.py
[2023-08-19T03:49:07.971+0000] {processor.py:756} INFO - Processing file /home/airflow/.local/lib/python3.7/site-packages/airflow/example_dags/example_skip_dag.py for tasks to queue
[2023-08-19T03:49:07.972+0000] {logging_mixin.py:120} INFO - [2023-08-19T03:49:07.972+0000] {dagbag.py:537} INFO - Filling up the DagBag from /home/airflow/.local/lib/python3.7/site-packages/airflow/example_dags/example_skip_dag.py
[2023-08-19T03:49:07.985+0000] {processor.py:766} INFO - DAG(s) dict_keys(['example_skip_dag']) retrieved from /home/airflow/.local/lib/python3.7/site-packages/airflow/example_dags/example_skip_dag.py
[2023-08-19T03:49:08.019+0000] {logging_mixin.py:120} INFO - [2023-08-19T03:49:08.019+0000] {dag.py:2585} INFO - Sync 1 DAGs
[2023-08-19T03:49:08.040+0000] {logging_mixin.py:120} INFO - [2023-08-19T03:49:08.040+0000] {dag.py:3340} INFO - Setting next_dagrun for example_skip_dag to 2023-08-18T03:49:08.040173+00:00, run_after=2023-08-19T03:49:08.040173+00:00
[2023-08-19T03:49:08.059+0000] {processor.py:176} INFO - Processing /home/airflow/.local/lib/python3.7/site-packages/airflow/example_dags/example_skip_dag.py took 0.091 seconds
