[2023-08-19T03:34:18.372+0000] {processor.py:154} INFO - Started process (PID=57) to work on /home/airflow/.local/lib/python3.7/site-packages/airflow/example_dags/tutorial.py
[2023-08-19T03:34:18.373+0000] {processor.py:756} INFO - Processing file /home/airflow/.local/lib/python3.7/site-packages/airflow/example_dags/tutorial.py for tasks to queue
[2023-08-19T03:34:18.374+0000] {logging_mixin.py:120} INFO - [2023-08-19T03:34:18.374+0000] {dagbag.py:537} INFO - Filling up the DagBag from /home/airflow/.local/lib/python3.7/site-packages/airflow/example_dags/tutorial.py
[2023-08-19T03:34:18.388+0000] {processor.py:766} INFO - DAG(s) dict_keys(['tutorial']) retrieved from /home/airflow/.local/lib/python3.7/site-packages/airflow/example_dags/tutorial.py
[2023-08-19T03:34:18.415+0000] {logging_mixin.py:120} INFO - [2023-08-19T03:34:18.415+0000] {dag.py:2585} INFO - Sync 1 DAGs
[2023-08-19T03:34:18.441+0000] {logging_mixin.py:120} INFO - [2023-08-19T03:34:18.441+0000] {dag.py:3340} INFO - Setting next_dagrun for tutorial to 2023-08-18T03:34:18.440881+00:00, run_after=2023-08-19T03:34:18.440881+00:00
[2023-08-19T03:34:18.463+0000] {processor.py:176} INFO - Processing /home/airflow/.local/lib/python3.7/site-packages/airflow/example_dags/tutorial.py took 0.093 seconds
[2023-08-19T03:47:35.989+0000] {processor.py:154} INFO - Started process (PID=57) to work on /home/airflow/.local/lib/python3.7/site-packages/airflow/example_dags/tutorial.py
[2023-08-19T03:47:35.990+0000] {processor.py:756} INFO - Processing file /home/airflow/.local/lib/python3.7/site-packages/airflow/example_dags/tutorial.py for tasks to queue
[2023-08-19T03:47:35.991+0000] {logging_mixin.py:120} INFO - [2023-08-19T03:47:35.991+0000] {dagbag.py:537} INFO - Filling up the DagBag from /home/airflow/.local/lib/python3.7/site-packages/airflow/example_dags/tutorial.py
[2023-08-19T03:47:36.004+0000] {processor.py:766} INFO - DAG(s) dict_keys(['tutorial']) retrieved from /home/airflow/.local/lib/python3.7/site-packages/airflow/example_dags/tutorial.py
[2023-08-19T03:47:36.031+0000] {logging_mixin.py:120} INFO - [2023-08-19T03:47:36.030+0000] {dag.py:2585} INFO - Sync 1 DAGs
[2023-08-19T03:47:36.054+0000] {logging_mixin.py:120} INFO - [2023-08-19T03:47:36.053+0000] {dag.py:3340} INFO - Setting next_dagrun for tutorial to 2023-08-18T03:47:36.053731+00:00, run_after=2023-08-19T03:47:36.053731+00:00
[2023-08-19T03:47:36.076+0000] {processor.py:176} INFO - Processing /home/airflow/.local/lib/python3.7/site-packages/airflow/example_dags/tutorial.py took 0.090 seconds
[2023-08-19T03:48:06.258+0000] {processor.py:154} INFO - Started process (PID=120) to work on /home/airflow/.local/lib/python3.7/site-packages/airflow/example_dags/tutorial.py
[2023-08-19T03:48:06.259+0000] {processor.py:756} INFO - Processing file /home/airflow/.local/lib/python3.7/site-packages/airflow/example_dags/tutorial.py for tasks to queue
[2023-08-19T03:48:06.259+0000] {logging_mixin.py:120} INFO - [2023-08-19T03:48:06.259+0000] {dagbag.py:537} INFO - Filling up the DagBag from /home/airflow/.local/lib/python3.7/site-packages/airflow/example_dags/tutorial.py
[2023-08-19T03:48:06.273+0000] {processor.py:766} INFO - DAG(s) dict_keys(['tutorial']) retrieved from /home/airflow/.local/lib/python3.7/site-packages/airflow/example_dags/tutorial.py
[2023-08-19T03:48:06.307+0000] {logging_mixin.py:120} INFO - [2023-08-19T03:48:06.307+0000] {dag.py:2585} INFO - Sync 1 DAGs
[2023-08-19T03:48:06.329+0000] {logging_mixin.py:120} INFO - [2023-08-19T03:48:06.329+0000] {dag.py:3340} INFO - Setting next_dagrun for tutorial to 2023-08-18T03:48:06.329188+00:00, run_after=2023-08-19T03:48:06.329188+00:00
[2023-08-19T03:48:06.348+0000] {processor.py:176} INFO - Processing /home/airflow/.local/lib/python3.7/site-packages/airflow/example_dags/tutorial.py took 0.093 seconds
[2023-08-19T03:48:37.370+0000] {processor.py:154} INFO - Started process (PID=184) to work on /home/airflow/.local/lib/python3.7/site-packages/airflow/example_dags/tutorial.py
[2023-08-19T03:48:37.371+0000] {processor.py:756} INFO - Processing file /home/airflow/.local/lib/python3.7/site-packages/airflow/example_dags/tutorial.py for tasks to queue
[2023-08-19T03:48:37.371+0000] {logging_mixin.py:120} INFO - [2023-08-19T03:48:37.371+0000] {dagbag.py:537} INFO - Filling up the DagBag from /home/airflow/.local/lib/python3.7/site-packages/airflow/example_dags/tutorial.py
[2023-08-19T03:48:37.384+0000] {processor.py:766} INFO - DAG(s) dict_keys(['tutorial']) retrieved from /home/airflow/.local/lib/python3.7/site-packages/airflow/example_dags/tutorial.py
[2023-08-19T03:48:37.420+0000] {logging_mixin.py:120} INFO - [2023-08-19T03:48:37.420+0000] {dag.py:2585} INFO - Sync 1 DAGs
[2023-08-19T03:48:37.441+0000] {logging_mixin.py:120} INFO - [2023-08-19T03:48:37.441+0000] {dag.py:3340} INFO - Setting next_dagrun for tutorial to 2023-08-18T03:48:37.441095+00:00, run_after=2023-08-19T03:48:37.441095+00:00
[2023-08-19T03:48:37.460+0000] {processor.py:176} INFO - Processing /home/airflow/.local/lib/python3.7/site-packages/airflow/example_dags/tutorial.py took 0.093 seconds
[2023-08-19T03:49:07.970+0000] {processor.py:154} INFO - Started process (PID=238) to work on /home/airflow/.local/lib/python3.7/site-packages/airflow/example_dags/tutorial.py
[2023-08-19T03:49:07.971+0000] {processor.py:756} INFO - Processing file /home/airflow/.local/lib/python3.7/site-packages/airflow/example_dags/tutorial.py for tasks to queue
[2023-08-19T03:49:07.972+0000] {logging_mixin.py:120} INFO - [2023-08-19T03:49:07.972+0000] {dagbag.py:537} INFO - Filling up the DagBag from /home/airflow/.local/lib/python3.7/site-packages/airflow/example_dags/tutorial.py
[2023-08-19T03:49:07.985+0000] {processor.py:766} INFO - DAG(s) dict_keys(['tutorial']) retrieved from /home/airflow/.local/lib/python3.7/site-packages/airflow/example_dags/tutorial.py
[2023-08-19T03:49:08.019+0000] {logging_mixin.py:120} INFO - [2023-08-19T03:49:08.019+0000] {dag.py:2585} INFO - Sync 1 DAGs
[2023-08-19T03:49:08.040+0000] {logging_mixin.py:120} INFO - [2023-08-19T03:49:08.040+0000] {dag.py:3340} INFO - Setting next_dagrun for tutorial to 2023-08-18T03:49:08.040108+00:00, run_after=2023-08-19T03:49:08.040108+00:00
[2023-08-19T03:49:08.061+0000] {processor.py:176} INFO - Processing /home/airflow/.local/lib/python3.7/site-packages/airflow/example_dags/tutorial.py took 0.093 seconds
