[2023-09-09T02:37:25.775+0000] {processor.py:154} INFO - Started process (PID=47) to work on /opt/airflow/dags/groups/group_transforms.py
[2023-09-09T02:37:25.776+0000] {processor.py:756} INFO - Processing file /opt/airflow/dags/groups/group_transforms.py for tasks to queue
[2023-09-09T02:37:25.777+0000] {logging_mixin.py:120} INFO - [2023-09-09T02:37:25.777+0000] {dagbag.py:537} INFO - Filling up the DagBag from /opt/airflow/dags/groups/group_transforms.py
[2023-09-09T02:37:25.797+0000] {logging_mixin.py:120} INFO - [2023-09-09T02:37:25.793+0000] {dagbag.py:342} ERROR - Failed to import: /opt/airflow/dags/groups/group_transforms.py
Traceback (most recent call last):
  File "/home/airflow/.local/lib/python3.7/site-packages/airflow/models/dagbag.py", line 338, in parse
    loader.exec_module(new_module)
  File "<frozen importlib._bootstrap_external>", line 728, in exec_module
  File "<frozen importlib._bootstrap>", line 219, in _call_with_frames_removed
  File "/opt/airflow/dags/groups/group_transforms.py", line 3, in <module>
    from airflow.utils.task.group import TaskGroup
ModuleNotFoundError: No module named 'airflow.utils.task'
[2023-09-09T02:37:25.799+0000] {processor.py:768} WARNING - No viable dags retrieved from /opt/airflow/dags/groups/group_transforms.py
[2023-09-09T02:37:25.818+0000] {processor.py:176} INFO - Processing /opt/airflow/dags/groups/group_transforms.py took 0.045 seconds
[2023-09-09T02:37:55.884+0000] {processor.py:154} INFO - Started process (PID=121) to work on /opt/airflow/dags/groups/group_transforms.py
[2023-09-09T02:37:55.892+0000] {processor.py:756} INFO - Processing file /opt/airflow/dags/groups/group_transforms.py for tasks to queue
[2023-09-09T02:37:55.893+0000] {logging_mixin.py:120} INFO - [2023-09-09T02:37:55.892+0000] {dagbag.py:537} INFO - Filling up the DagBag from /opt/airflow/dags/groups/group_transforms.py
[2023-09-09T02:37:55.916+0000] {logging_mixin.py:120} INFO - [2023-09-09T02:37:55.912+0000] {dagbag.py:342} ERROR - Failed to import: /opt/airflow/dags/groups/group_transforms.py
Traceback (most recent call last):
  File "/home/airflow/.local/lib/python3.7/site-packages/airflow/models/dagbag.py", line 338, in parse
    loader.exec_module(new_module)
  File "<frozen importlib._bootstrap_external>", line 728, in exec_module
  File "<frozen importlib._bootstrap>", line 219, in _call_with_frames_removed
  File "/opt/airflow/dags/groups/group_transforms.py", line 3, in <module>
    from airflow.utils.task.group import TaskGroup
ModuleNotFoundError: No module named 'airflow.utils.task'
[2023-09-09T02:37:55.917+0000] {processor.py:768} WARNING - No viable dags retrieved from /opt/airflow/dags/groups/group_transforms.py
[2023-09-09T02:37:55.934+0000] {processor.py:176} INFO - Processing /opt/airflow/dags/groups/group_transforms.py took 0.053 seconds
[2023-09-09T02:38:26.077+0000] {processor.py:154} INFO - Started process (PID=196) to work on /opt/airflow/dags/groups/group_transforms.py
[2023-09-09T02:38:26.077+0000] {processor.py:756} INFO - Processing file /opt/airflow/dags/groups/group_transforms.py for tasks to queue
[2023-09-09T02:38:26.078+0000] {logging_mixin.py:120} INFO - [2023-09-09T02:38:26.078+0000] {dagbag.py:537} INFO - Filling up the DagBag from /opt/airflow/dags/groups/group_transforms.py
[2023-09-09T02:38:26.101+0000] {logging_mixin.py:120} INFO - [2023-09-09T02:38:26.097+0000] {dagbag.py:342} ERROR - Failed to import: /opt/airflow/dags/groups/group_transforms.py
Traceback (most recent call last):
  File "/home/airflow/.local/lib/python3.7/site-packages/airflow/models/dagbag.py", line 338, in parse
    loader.exec_module(new_module)
  File "<frozen importlib._bootstrap_external>", line 728, in exec_module
  File "<frozen importlib._bootstrap>", line 219, in _call_with_frames_removed
  File "/opt/airflow/dags/groups/group_transforms.py", line 3, in <module>
    from airflow.utils.task.group import TaskGroup
ModuleNotFoundError: No module named 'airflow.utils.task'
[2023-09-09T02:38:26.102+0000] {processor.py:768} WARNING - No viable dags retrieved from /opt/airflow/dags/groups/group_transforms.py
[2023-09-09T02:38:26.122+0000] {processor.py:176} INFO - Processing /opt/airflow/dags/groups/group_transforms.py took 0.048 seconds
[2023-09-09T02:38:56.540+0000] {processor.py:154} INFO - Started process (PID=261) to work on /opt/airflow/dags/groups/group_transforms.py
[2023-09-09T02:38:56.541+0000] {processor.py:756} INFO - Processing file /opt/airflow/dags/groups/group_transforms.py for tasks to queue
[2023-09-09T02:38:56.542+0000] {logging_mixin.py:120} INFO - [2023-09-09T02:38:56.541+0000] {dagbag.py:537} INFO - Filling up the DagBag from /opt/airflow/dags/groups/group_transforms.py
[2023-09-09T02:38:56.561+0000] {logging_mixin.py:120} INFO - [2023-09-09T02:38:56.557+0000] {dagbag.py:342} ERROR - Failed to import: /opt/airflow/dags/groups/group_transforms.py
Traceback (most recent call last):
  File "/home/airflow/.local/lib/python3.7/site-packages/airflow/models/dagbag.py", line 338, in parse
    loader.exec_module(new_module)
  File "<frozen importlib._bootstrap_external>", line 728, in exec_module
  File "<frozen importlib._bootstrap>", line 219, in _call_with_frames_removed
  File "/opt/airflow/dags/groups/group_transforms.py", line 3, in <module>
    from airflow.utils.task.group import TaskGroup
ModuleNotFoundError: No module named 'airflow.utils.task'
[2023-09-09T02:38:56.563+0000] {processor.py:768} WARNING - No viable dags retrieved from /opt/airflow/dags/groups/group_transforms.py
[2023-09-09T02:38:56.581+0000] {processor.py:176} INFO - Processing /opt/airflow/dags/groups/group_transforms.py took 0.043 seconds
[2023-09-09T02:39:27.363+0000] {processor.py:154} INFO - Started process (PID=335) to work on /opt/airflow/dags/groups/group_transforms.py
[2023-09-09T02:39:27.364+0000] {processor.py:756} INFO - Processing file /opt/airflow/dags/groups/group_transforms.py for tasks to queue
[2023-09-09T02:39:27.365+0000] {logging_mixin.py:120} INFO - [2023-09-09T02:39:27.365+0000] {dagbag.py:537} INFO - Filling up the DagBag from /opt/airflow/dags/groups/group_transforms.py
[2023-09-09T02:39:27.385+0000] {logging_mixin.py:120} INFO - [2023-09-09T02:39:27.382+0000] {dagbag.py:342} ERROR - Failed to import: /opt/airflow/dags/groups/group_transforms.py
Traceback (most recent call last):
  File "/home/airflow/.local/lib/python3.7/site-packages/airflow/models/dagbag.py", line 338, in parse
    loader.exec_module(new_module)
  File "<frozen importlib._bootstrap_external>", line 728, in exec_module
  File "<frozen importlib._bootstrap>", line 219, in _call_with_frames_removed
  File "/opt/airflow/dags/groups/group_transforms.py", line 3, in <module>
    from airflow.utils.task.group import TaskGroup
ModuleNotFoundError: No module named 'airflow.utils.task'
[2023-09-09T02:39:27.388+0000] {processor.py:768} WARNING - No viable dags retrieved from /opt/airflow/dags/groups/group_transforms.py
[2023-09-09T02:39:27.405+0000] {processor.py:176} INFO - Processing /opt/airflow/dags/groups/group_transforms.py took 0.045 seconds
[2023-09-09T02:39:57.701+0000] {processor.py:154} INFO - Started process (PID=409) to work on /opt/airflow/dags/groups/group_transforms.py
[2023-09-09T02:39:57.701+0000] {processor.py:756} INFO - Processing file /opt/airflow/dags/groups/group_transforms.py for tasks to queue
[2023-09-09T02:39:57.702+0000] {logging_mixin.py:120} INFO - [2023-09-09T02:39:57.702+0000] {dagbag.py:537} INFO - Filling up the DagBag from /opt/airflow/dags/groups/group_transforms.py
[2023-09-09T02:39:57.721+0000] {logging_mixin.py:120} INFO - [2023-09-09T02:39:57.718+0000] {dagbag.py:342} ERROR - Failed to import: /opt/airflow/dags/groups/group_transforms.py
Traceback (most recent call last):
  File "/home/airflow/.local/lib/python3.7/site-packages/airflow/models/dagbag.py", line 338, in parse
    loader.exec_module(new_module)
  File "<frozen importlib._bootstrap_external>", line 728, in exec_module
  File "<frozen importlib._bootstrap>", line 219, in _call_with_frames_removed
  File "/opt/airflow/dags/groups/group_transforms.py", line 3, in <module>
    from airflow.utils.task.group import TaskGroup
ModuleNotFoundError: No module named 'airflow.utils.task'
[2023-09-09T02:39:57.723+0000] {processor.py:768} WARNING - No viable dags retrieved from /opt/airflow/dags/groups/group_transforms.py
[2023-09-09T02:39:57.740+0000] {processor.py:176} INFO - Processing /opt/airflow/dags/groups/group_transforms.py took 0.041 seconds
[2023-09-09T02:40:27.846+0000] {processor.py:154} INFO - Started process (PID=483) to work on /opt/airflow/dags/groups/group_transforms.py
[2023-09-09T02:40:27.846+0000] {processor.py:756} INFO - Processing file /opt/airflow/dags/groups/group_transforms.py for tasks to queue
[2023-09-09T02:40:27.847+0000] {logging_mixin.py:120} INFO - [2023-09-09T02:40:27.847+0000] {dagbag.py:537} INFO - Filling up the DagBag from /opt/airflow/dags/groups/group_transforms.py
[2023-09-09T02:40:27.868+0000] {logging_mixin.py:120} INFO - [2023-09-09T02:40:27.864+0000] {dagbag.py:342} ERROR - Failed to import: /opt/airflow/dags/groups/group_transforms.py
Traceback (most recent call last):
  File "/home/airflow/.local/lib/python3.7/site-packages/airflow/models/dagbag.py", line 338, in parse
    loader.exec_module(new_module)
  File "<frozen importlib._bootstrap_external>", line 728, in exec_module
  File "<frozen importlib._bootstrap>", line 219, in _call_with_frames_removed
  File "/opt/airflow/dags/groups/group_transforms.py", line 3, in <module>
    from airflow.utils.task.group import TaskGroup
ModuleNotFoundError: No module named 'airflow.utils.task'
[2023-09-09T02:40:27.870+0000] {processor.py:768} WARNING - No viable dags retrieved from /opt/airflow/dags/groups/group_transforms.py
[2023-09-09T02:40:27.888+0000] {processor.py:176} INFO - Processing /opt/airflow/dags/groups/group_transforms.py took 0.045 seconds
[2023-09-09T02:40:58.135+0000] {processor.py:154} INFO - Started process (PID=548) to work on /opt/airflow/dags/groups/group_transforms.py
[2023-09-09T02:40:58.136+0000] {processor.py:756} INFO - Processing file /opt/airflow/dags/groups/group_transforms.py for tasks to queue
[2023-09-09T02:40:58.137+0000] {logging_mixin.py:120} INFO - [2023-09-09T02:40:58.137+0000] {dagbag.py:537} INFO - Filling up the DagBag from /opt/airflow/dags/groups/group_transforms.py
[2023-09-09T02:40:58.155+0000] {logging_mixin.py:120} INFO - [2023-09-09T02:40:58.152+0000] {dagbag.py:342} ERROR - Failed to import: /opt/airflow/dags/groups/group_transforms.py
Traceback (most recent call last):
  File "/home/airflow/.local/lib/python3.7/site-packages/airflow/models/dagbag.py", line 338, in parse
    loader.exec_module(new_module)
  File "<frozen importlib._bootstrap_external>", line 728, in exec_module
  File "<frozen importlib._bootstrap>", line 219, in _call_with_frames_removed
  File "/opt/airflow/dags/groups/group_transforms.py", line 3, in <module>
    from airflow.utils.task.group import TaskGroup
ModuleNotFoundError: No module named 'airflow.utils.task'
[2023-09-09T02:40:58.156+0000] {processor.py:768} WARNING - No viable dags retrieved from /opt/airflow/dags/groups/group_transforms.py
[2023-09-09T02:40:58.175+0000] {processor.py:176} INFO - Processing /opt/airflow/dags/groups/group_transforms.py took 0.043 seconds
[2023-09-09T02:41:28.008+0000] {processor.py:154} INFO - Started process (PID=630) to work on /opt/airflow/dags/groups/group_transforms.py
[2023-09-09T02:41:28.009+0000] {processor.py:756} INFO - Processing file /opt/airflow/dags/groups/group_transforms.py for tasks to queue
[2023-09-09T02:41:28.010+0000] {logging_mixin.py:120} INFO - [2023-09-09T02:41:28.010+0000] {dagbag.py:537} INFO - Filling up the DagBag from /opt/airflow/dags/groups/group_transforms.py
[2023-09-09T02:41:28.046+0000] {logging_mixin.py:120} INFO - [2023-09-09T02:41:28.042+0000] {dagbag.py:342} ERROR - Failed to import: /opt/airflow/dags/groups/group_transforms.py
Traceback (most recent call last):
  File "/home/airflow/.local/lib/python3.7/site-packages/airflow/models/dagbag.py", line 338, in parse
    loader.exec_module(new_module)
  File "<frozen importlib._bootstrap_external>", line 728, in exec_module
  File "<frozen importlib._bootstrap>", line 219, in _call_with_frames_removed
  File "/opt/airflow/dags/groups/group_transforms.py", line 3, in <module>
    from airflow.utils.task.task_group import TaskGroup
ModuleNotFoundError: No module named 'airflow.utils.task'
[2023-09-09T02:41:28.048+0000] {processor.py:768} WARNING - No viable dags retrieved from /opt/airflow/dags/groups/group_transforms.py
[2023-09-09T02:41:28.068+0000] {processor.py:176} INFO - Processing /opt/airflow/dags/groups/group_transforms.py took 0.062 seconds
[2023-09-09T02:41:30.174+0000] {processor.py:154} INFO - Started process (PID=634) to work on /opt/airflow/dags/groups/group_transforms.py
[2023-09-09T02:41:30.175+0000] {processor.py:756} INFO - Processing file /opt/airflow/dags/groups/group_transforms.py for tasks to queue
[2023-09-09T02:41:30.176+0000] {logging_mixin.py:120} INFO - [2023-09-09T02:41:30.176+0000] {dagbag.py:537} INFO - Filling up the DagBag from /opt/airflow/dags/groups/group_transforms.py
[2023-09-09T02:41:30.205+0000] {logging_mixin.py:120} INFO - [2023-09-09T02:41:30.202+0000] {dagbag.py:342} ERROR - Failed to import: /opt/airflow/dags/groups/group_transforms.py
Traceback (most recent call last):
  File "/home/airflow/.local/lib/python3.7/site-packages/airflow/models/dagbag.py", line 338, in parse
    loader.exec_module(new_module)
  File "<frozen importlib._bootstrap_external>", line 728, in exec_module
  File "<frozen importlib._bootstrap>", line 219, in _call_with_frames_removed
  File "/opt/airflow/dags/groups/group_transforms.py", line 3, in <module>
    from airflow.utils.task.group import TaskGroup
ModuleNotFoundError: No module named 'airflow.utils.task'
[2023-09-09T02:41:30.207+0000] {processor.py:768} WARNING - No viable dags retrieved from /opt/airflow/dags/groups/group_transforms.py
[2023-09-09T02:41:30.225+0000] {processor.py:176} INFO - Processing /opt/airflow/dags/groups/group_transforms.py took 0.054 seconds
[2023-09-09T02:41:32.983+0000] {processor.py:154} INFO - Started process (PID=666) to work on /opt/airflow/dags/groups/group_transforms.py
[2023-09-09T02:41:32.984+0000] {processor.py:756} INFO - Processing file /opt/airflow/dags/groups/group_transforms.py for tasks to queue
[2023-09-09T02:41:32.985+0000] {logging_mixin.py:120} INFO - [2023-09-09T02:41:32.985+0000] {dagbag.py:537} INFO - Filling up the DagBag from /opt/airflow/dags/groups/group_transforms.py
[2023-09-09T02:41:33.018+0000] {processor.py:768} WARNING - No viable dags retrieved from /opt/airflow/dags/groups/group_transforms.py
[2023-09-09T02:41:33.034+0000] {processor.py:176} INFO - Processing /opt/airflow/dags/groups/group_transforms.py took 0.054 seconds
[2023-09-09T02:42:03.271+0000] {processor.py:154} INFO - Started process (PID=732) to work on /opt/airflow/dags/groups/group_transforms.py
[2023-09-09T02:42:03.272+0000] {processor.py:756} INFO - Processing file /opt/airflow/dags/groups/group_transforms.py for tasks to queue
[2023-09-09T02:42:03.273+0000] {logging_mixin.py:120} INFO - [2023-09-09T02:42:03.273+0000] {dagbag.py:537} INFO - Filling up the DagBag from /opt/airflow/dags/groups/group_transforms.py
[2023-09-09T02:42:03.289+0000] {processor.py:768} WARNING - No viable dags retrieved from /opt/airflow/dags/groups/group_transforms.py
[2023-09-09T02:42:03.301+0000] {processor.py:176} INFO - Processing /opt/airflow/dags/groups/group_transforms.py took 0.033 seconds
[2023-09-09T02:42:33.518+0000] {processor.py:154} INFO - Started process (PID=805) to work on /opt/airflow/dags/groups/group_transforms.py
[2023-09-09T02:42:33.519+0000] {processor.py:756} INFO - Processing file /opt/airflow/dags/groups/group_transforms.py for tasks to queue
[2023-09-09T02:42:33.520+0000] {logging_mixin.py:120} INFO - [2023-09-09T02:42:33.520+0000] {dagbag.py:537} INFO - Filling up the DagBag from /opt/airflow/dags/groups/group_transforms.py
[2023-09-09T02:42:33.536+0000] {processor.py:768} WARNING - No viable dags retrieved from /opt/airflow/dags/groups/group_transforms.py
[2023-09-09T02:42:33.548+0000] {processor.py:176} INFO - Processing /opt/airflow/dags/groups/group_transforms.py took 0.033 seconds
[2023-09-09T02:43:03.625+0000] {processor.py:154} INFO - Started process (PID=879) to work on /opt/airflow/dags/groups/group_transforms.py
[2023-09-09T02:43:03.626+0000] {processor.py:756} INFO - Processing file /opt/airflow/dags/groups/group_transforms.py for tasks to queue
[2023-09-09T02:43:03.627+0000] {logging_mixin.py:120} INFO - [2023-09-09T02:43:03.626+0000] {dagbag.py:537} INFO - Filling up the DagBag from /opt/airflow/dags/groups/group_transforms.py
[2023-09-09T02:43:03.640+0000] {processor.py:768} WARNING - No viable dags retrieved from /opt/airflow/dags/groups/group_transforms.py
[2023-09-09T02:43:03.696+0000] {processor.py:176} INFO - Processing /opt/airflow/dags/groups/group_transforms.py took 0.074 seconds
[2023-09-09T02:43:33.899+0000] {processor.py:154} INFO - Started process (PID=939) to work on /opt/airflow/dags/groups/group_transforms.py
[2023-09-09T02:43:33.900+0000] {processor.py:756} INFO - Processing file /opt/airflow/dags/groups/group_transforms.py for tasks to queue
[2023-09-09T02:43:33.901+0000] {logging_mixin.py:120} INFO - [2023-09-09T02:43:33.901+0000] {dagbag.py:537} INFO - Filling up the DagBag from /opt/airflow/dags/groups/group_transforms.py
[2023-09-09T02:43:33.915+0000] {processor.py:768} WARNING - No viable dags retrieved from /opt/airflow/dags/groups/group_transforms.py
[2023-09-09T02:43:33.926+0000] {processor.py:176} INFO - Processing /opt/airflow/dags/groups/group_transforms.py took 0.030 seconds
[2023-09-09T02:43:37.204+0000] {processor.py:154} INFO - Started process (PID=976) to work on /opt/airflow/dags/groups/group_transforms.py
[2023-09-09T02:43:37.205+0000] {processor.py:756} INFO - Processing file /opt/airflow/dags/groups/group_transforms.py for tasks to queue
[2023-09-09T02:43:37.206+0000] {logging_mixin.py:120} INFO - [2023-09-09T02:43:37.205+0000] {dagbag.py:537} INFO - Filling up the DagBag from /opt/airflow/dags/groups/group_transforms.py
[2023-09-09T02:43:37.230+0000] {processor.py:768} WARNING - No viable dags retrieved from /opt/airflow/dags/groups/group_transforms.py
[2023-09-09T02:43:37.241+0000] {processor.py:176} INFO - Processing /opt/airflow/dags/groups/group_transforms.py took 0.040 seconds
[2023-09-09T02:44:07.426+0000] {processor.py:154} INFO - Started process (PID=1041) to work on /opt/airflow/dags/groups/group_transforms.py
[2023-09-09T02:44:07.427+0000] {processor.py:756} INFO - Processing file /opt/airflow/dags/groups/group_transforms.py for tasks to queue
[2023-09-09T02:44:07.428+0000] {logging_mixin.py:120} INFO - [2023-09-09T02:44:07.428+0000] {dagbag.py:537} INFO - Filling up the DagBag from /opt/airflow/dags/groups/group_transforms.py
[2023-09-09T02:44:07.443+0000] {processor.py:768} WARNING - No viable dags retrieved from /opt/airflow/dags/groups/group_transforms.py
[2023-09-09T02:44:07.455+0000] {processor.py:176} INFO - Processing /opt/airflow/dags/groups/group_transforms.py took 0.031 seconds
[2023-09-09T02:44:37.723+0000] {processor.py:154} INFO - Started process (PID=1114) to work on /opt/airflow/dags/groups/group_transforms.py
[2023-09-09T02:44:37.724+0000] {processor.py:756} INFO - Processing file /opt/airflow/dags/groups/group_transforms.py for tasks to queue
[2023-09-09T02:44:37.725+0000] {logging_mixin.py:120} INFO - [2023-09-09T02:44:37.725+0000] {dagbag.py:537} INFO - Filling up the DagBag from /opt/airflow/dags/groups/group_transforms.py
[2023-09-09T02:44:37.740+0000] {processor.py:768} WARNING - No viable dags retrieved from /opt/airflow/dags/groups/group_transforms.py
[2023-09-09T02:44:37.752+0000] {processor.py:176} INFO - Processing /opt/airflow/dags/groups/group_transforms.py took 0.032 seconds
[2023-09-09T02:45:07.796+0000] {processor.py:154} INFO - Started process (PID=1183) to work on /opt/airflow/dags/groups/group_transforms.py
[2023-09-09T02:45:07.797+0000] {processor.py:756} INFO - Processing file /opt/airflow/dags/groups/group_transforms.py for tasks to queue
[2023-09-09T02:45:07.798+0000] {logging_mixin.py:120} INFO - [2023-09-09T02:45:07.798+0000] {dagbag.py:537} INFO - Filling up the DagBag from /opt/airflow/dags/groups/group_transforms.py
[2023-09-09T02:45:07.814+0000] {processor.py:768} WARNING - No viable dags retrieved from /opt/airflow/dags/groups/group_transforms.py
[2023-09-09T02:45:07.825+0000] {processor.py:176} INFO - Processing /opt/airflow/dags/groups/group_transforms.py took 0.032 seconds
