[2023-08-25T16:21:07.919+0000] {taskinstance.py:1165} INFO - Dependencies all met for <TaskInstance: user_processing.is_api_available manual__2023-08-25T16:21:06.546913+00:00 [queued]>
[2023-08-25T16:21:07.928+0000] {taskinstance.py:1165} INFO - Dependencies all met for <TaskInstance: user_processing.is_api_available manual__2023-08-25T16:21:06.546913+00:00 [queued]>
[2023-08-25T16:21:07.928+0000] {taskinstance.py:1362} INFO - 
--------------------------------------------------------------------------------
[2023-08-25T16:21:07.929+0000] {taskinstance.py:1363} INFO - Starting attempt 1 of 1
[2023-08-25T16:21:07.929+0000] {taskinstance.py:1364} INFO - 
--------------------------------------------------------------------------------
[2023-08-25T16:21:07.943+0000] {taskinstance.py:1383} INFO - Executing <Task(HttpSensor): is_api_available> on 2023-08-25 16:21:06.546913+00:00
[2023-08-25T16:21:07.948+0000] {standard_task_runner.py:55} INFO - Started process 4325 to run task
[2023-08-25T16:21:07.951+0000] {standard_task_runner.py:82} INFO - Running: ['***', 'tasks', 'run', 'user_processing', 'is_api_available', 'manual__2023-08-25T16:21:06.546913+00:00', '--job-id', '55', '--raw', '--subdir', 'DAGS_FOLDER/user_processing.py', '--cfg-path', '/tmp/tmp4mrhdtrr']
[2023-08-25T16:21:07.953+0000] {standard_task_runner.py:83} INFO - Job 55: Subtask is_api_available
[2023-08-25T16:21:08.011+0000] {task_command.py:376} INFO - Running <TaskInstance: user_processing.is_api_available manual__2023-08-25T16:21:06.546913+00:00 [running]> on host 22e2fb7a3f74
[2023-08-25T16:21:08.145+0000] {taskinstance.py:1592} INFO - Exporting the following env vars:
AIRFLOW_CTX_DAG_OWNER=***
AIRFLOW_CTX_DAG_ID=user_processing
AIRFLOW_CTX_TASK_ID=is_api_available
AIRFLOW_CTX_EXECUTION_DATE=2023-08-25T16:21:06.546913+00:00
AIRFLOW_CTX_TRY_NUMBER=1
AIRFLOW_CTX_DAG_RUN_ID=manual__2023-08-25T16:21:06.546913+00:00
[2023-08-25T16:21:08.147+0000] {http.py:120} INFO - Poking: api/
[2023-08-25T16:21:08.157+0000] {base.py:71} INFO - Using connection ID 'user_api' for task execution.
[2023-08-25T16:21:08.159+0000] {http.py:148} INFO - Sending 'GET' to url: https://randomuser.me/api/
[2023-08-25T16:21:08.501+0000] {base.py:213} INFO - Success criteria met. Exiting.
[2023-08-25T16:21:08.510+0000] {taskinstance.py:1406} INFO - Marking task as SUCCESS. dag_id=user_processing, task_id=is_api_available, execution_date=20230825T162106, start_date=20230825T162107, end_date=20230825T162108
[2023-08-25T16:21:08.564+0000] {local_task_job.py:164} INFO - Task exited with return code 0
[2023-08-25T16:21:08.582+0000] {local_task_job.py:273} INFO - 0 downstream tasks scheduled from follow-on schedule check
