[2023-08-22T14:40:24.209+0000] {taskinstance.py:1165} INFO - Dependencies all met for <TaskInstance: example_bash_operator.runme_2 scheduled__2023-08-21T00:00:00+00:00 [queued]>
[2023-08-22T14:40:24.217+0000] {taskinstance.py:1165} INFO - Dependencies all met for <TaskInstance: example_bash_operator.runme_2 scheduled__2023-08-21T00:00:00+00:00 [queued]>
[2023-08-22T14:40:24.218+0000] {taskinstance.py:1362} INFO - 
--------------------------------------------------------------------------------
[2023-08-22T14:40:24.218+0000] {taskinstance.py:1363} INFO - Starting attempt 1 of 1
[2023-08-22T14:40:24.219+0000] {taskinstance.py:1364} INFO - 
--------------------------------------------------------------------------------
[2023-08-22T14:40:24.242+0000] {taskinstance.py:1383} INFO - Executing <Task(BashOperator): runme_2> on 2023-08-21 00:00:00+00:00
[2023-08-22T14:40:24.246+0000] {standard_task_runner.py:55} INFO - Started process 350 to run task
[2023-08-22T14:40:24.249+0000] {standard_task_runner.py:82} INFO - Running: ['***', 'tasks', 'run', 'example_bash_operator', 'runme_2', 'scheduled__2023-08-21T00:00:00+00:00', '--job-id', '15', '--raw', '--subdir', '/home/***/.local/lib/python3.7/site-packages/***/example_dags/example_bash_operator.py', '--cfg-path', '/tmp/tmppw2xmhze']
[2023-08-22T14:40:24.249+0000] {standard_task_runner.py:83} INFO - Job 15: Subtask runme_2
[2023-08-22T14:40:24.298+0000] {task_command.py:376} INFO - Running <TaskInstance: example_bash_operator.runme_2 scheduled__2023-08-21T00:00:00+00:00 [running]> on host 22e2fb7a3f74
[2023-08-22T14:40:24.356+0000] {taskinstance.py:1592} INFO - Exporting the following env vars:
AIRFLOW_CTX_DAG_OWNER=***
AIRFLOW_CTX_DAG_ID=example_bash_operator
AIRFLOW_CTX_TASK_ID=runme_2
AIRFLOW_CTX_EXECUTION_DATE=2023-08-21T00:00:00+00:00
AIRFLOW_CTX_TRY_NUMBER=1
AIRFLOW_CTX_DAG_RUN_ID=scheduled__2023-08-21T00:00:00+00:00
[2023-08-22T14:40:24.357+0000] {subprocess.py:63} INFO - Tmp dir root location: 
 /tmp
[2023-08-22T14:40:24.358+0000] {subprocess.py:75} INFO - Running command: ['/bin/bash', '-c', 'echo "example_bash_operator__runme_2__20230821" && sleep 1']
[2023-08-22T14:40:24.365+0000] {subprocess.py:86} INFO - Output:
[2023-08-22T14:40:24.366+0000] {subprocess.py:93} INFO - example_bash_operator__runme_2__20230821
[2023-08-22T14:40:25.368+0000] {subprocess.py:97} INFO - Command exited with return code 0
[2023-08-22T14:40:25.390+0000] {taskinstance.py:1406} INFO - Marking task as SUCCESS. dag_id=example_bash_operator, task_id=runme_2, execution_date=20230821T000000, start_date=20230822T144024, end_date=20230822T144025
[2023-08-22T14:40:25.425+0000] {local_task_job.py:164} INFO - Task exited with return code 0
[2023-08-22T14:40:25.462+0000] {local_task_job.py:273} INFO - 0 downstream tasks scheduled from follow-on schedule check
