[2023-09-09T14:35:25.851+0000] {taskinstance.py:1165} INFO - Dependencies all met for <TaskInstance: xcom_dag.t3 manual__2023-09-09T14:35:23.196636+00:00 [queued]>
[2023-09-09T14:35:25.861+0000] {taskinstance.py:1165} INFO - Dependencies all met for <TaskInstance: xcom_dag.t3 manual__2023-09-09T14:35:23.196636+00:00 [queued]>
[2023-09-09T14:35:25.861+0000] {taskinstance.py:1362} INFO - 
--------------------------------------------------------------------------------
[2023-09-09T14:35:25.862+0000] {taskinstance.py:1363} INFO - Starting attempt 1 of 1
[2023-09-09T14:35:25.863+0000] {taskinstance.py:1364} INFO - 
--------------------------------------------------------------------------------
[2023-09-09T14:35:25.877+0000] {taskinstance.py:1383} INFO - Executing <Task(BashOperator): t3> on 2023-09-09 14:35:23.196636+00:00
[2023-09-09T14:35:25.881+0000] {standard_task_runner.py:55} INFO - Started process 986 to run task
[2023-09-09T14:35:25.884+0000] {standard_task_runner.py:82} INFO - Running: ['***', 'tasks', 'run', 'xcom_dag', 't3', 'manual__2023-09-09T14:35:23.196636+00:00', '--job-id', '197', '--raw', '--subdir', 'DAGS_FOLDER/xcom_dag.py', '--cfg-path', '/tmp/tmpvkm9isxg']
[2023-09-09T14:35:25.885+0000] {standard_task_runner.py:83} INFO - Job 197: Subtask t3
[2023-09-09T14:35:25.941+0000] {task_command.py:376} INFO - Running <TaskInstance: xcom_dag.t3 manual__2023-09-09T14:35:23.196636+00:00 [running]> on host d0466a17bb90
[2023-09-09T14:35:26.067+0000] {taskinstance.py:1592} INFO - Exporting the following env vars:
AIRFLOW_CTX_DAG_OWNER=***
AIRFLOW_CTX_DAG_ID=xcom_dag
AIRFLOW_CTX_TASK_ID=t3
AIRFLOW_CTX_EXECUTION_DATE=2023-09-09T14:35:23.196636+00:00
AIRFLOW_CTX_TRY_NUMBER=1
AIRFLOW_CTX_DAG_RUN_ID=manual__2023-09-09T14:35:23.196636+00:00
[2023-09-09T14:35:26.068+0000] {subprocess.py:63} INFO - Tmp dir root location: 
 /tmp
[2023-09-09T14:35:26.069+0000] {subprocess.py:75} INFO - Running command: ['/bin/bash', '-c', "echo ''"]
[2023-09-09T14:35:26.079+0000] {subprocess.py:86} INFO - Output:
[2023-09-09T14:35:26.080+0000] {subprocess.py:93} INFO - 
[2023-09-09T14:35:26.081+0000] {subprocess.py:97} INFO - Command exited with return code 0
[2023-09-09T14:35:26.103+0000] {taskinstance.py:1406} INFO - Marking task as SUCCESS. dag_id=xcom_dag, task_id=t3, execution_date=20230909T143523, start_date=20230909T143525, end_date=20230909T143526
[2023-09-09T14:35:26.136+0000] {local_task_job.py:164} INFO - Task exited with return code 0
[2023-09-09T14:35:26.152+0000] {local_task_job.py:273} INFO - 0 downstream tasks scheduled from follow-on schedule check
