[2023-09-09T02:37:25.904+0000] {processor.py:154} INFO - Started process (PID=49) to work on /opt/airflow/dags/subdags/subdags_transforms.py
[2023-09-09T02:37:25.905+0000] {processor.py:756} INFO - Processing file /opt/airflow/dags/subdags/subdags_transforms.py for tasks to queue
[2023-09-09T02:37:25.906+0000] {logging_mixin.py:120} INFO - [2023-09-09T02:37:25.906+0000] {dagbag.py:537} INFO - Filling up the DagBag from /opt/airflow/dags/subdags/subdags_transforms.py
[2023-09-09T02:37:25.927+0000] {processor.py:768} WARNING - No viable dags retrieved from /opt/airflow/dags/subdags/subdags_transforms.py
[2023-09-09T02:37:25.940+0000] {processor.py:176} INFO - Processing /opt/airflow/dags/subdags/subdags_transforms.py took 0.038 seconds
[2023-09-09T02:37:56.035+0000] {processor.py:154} INFO - Started process (PID=123) to work on /opt/airflow/dags/subdags/subdags_transforms.py
[2023-09-09T02:37:56.036+0000] {processor.py:756} INFO - Processing file /opt/airflow/dags/subdags/subdags_transforms.py for tasks to queue
[2023-09-09T02:37:56.037+0000] {logging_mixin.py:120} INFO - [2023-09-09T02:37:56.036+0000] {dagbag.py:537} INFO - Filling up the DagBag from /opt/airflow/dags/subdags/subdags_transforms.py
[2023-09-09T02:37:56.055+0000] {processor.py:768} WARNING - No viable dags retrieved from /opt/airflow/dags/subdags/subdags_transforms.py
[2023-09-09T02:37:56.066+0000] {processor.py:176} INFO - Processing /opt/airflow/dags/subdags/subdags_transforms.py took 0.034 seconds
[2023-09-09T02:38:26.162+0000] {processor.py:154} INFO - Started process (PID=198) to work on /opt/airflow/dags/subdags/subdags_transforms.py
[2023-09-09T02:38:26.163+0000] {processor.py:756} INFO - Processing file /opt/airflow/dags/subdags/subdags_transforms.py for tasks to queue
[2023-09-09T02:38:26.164+0000] {logging_mixin.py:120} INFO - [2023-09-09T02:38:26.164+0000] {dagbag.py:537} INFO - Filling up the DagBag from /opt/airflow/dags/subdags/subdags_transforms.py
[2023-09-09T02:38:26.178+0000] {processor.py:768} WARNING - No viable dags retrieved from /opt/airflow/dags/subdags/subdags_transforms.py
[2023-09-09T02:38:26.189+0000] {processor.py:176} INFO - Processing /opt/airflow/dags/subdags/subdags_transforms.py took 0.029 seconds
[2023-09-09T02:38:56.661+0000] {processor.py:154} INFO - Started process (PID=263) to work on /opt/airflow/dags/subdags/subdags_transforms.py
[2023-09-09T02:38:56.662+0000] {processor.py:756} INFO - Processing file /opt/airflow/dags/subdags/subdags_transforms.py for tasks to queue
[2023-09-09T02:38:56.662+0000] {logging_mixin.py:120} INFO - [2023-09-09T02:38:56.662+0000] {dagbag.py:537} INFO - Filling up the DagBag from /opt/airflow/dags/subdags/subdags_transforms.py
[2023-09-09T02:38:56.677+0000] {processor.py:768} WARNING - No viable dags retrieved from /opt/airflow/dags/subdags/subdags_transforms.py
[2023-09-09T02:38:56.687+0000] {processor.py:176} INFO - Processing /opt/airflow/dags/subdags/subdags_transforms.py took 0.029 seconds
[2023-09-09T02:39:27.491+0000] {processor.py:154} INFO - Started process (PID=337) to work on /opt/airflow/dags/subdags/subdags_transforms.py
[2023-09-09T02:39:27.492+0000] {processor.py:756} INFO - Processing file /opt/airflow/dags/subdags/subdags_transforms.py for tasks to queue
[2023-09-09T02:39:27.493+0000] {logging_mixin.py:120} INFO - [2023-09-09T02:39:27.493+0000] {dagbag.py:537} INFO - Filling up the DagBag from /opt/airflow/dags/subdags/subdags_transforms.py
[2023-09-09T02:39:27.509+0000] {processor.py:768} WARNING - No viable dags retrieved from /opt/airflow/dags/subdags/subdags_transforms.py
[2023-09-09T02:39:27.520+0000] {processor.py:176} INFO - Processing /opt/airflow/dags/subdags/subdags_transforms.py took 0.031 seconds
[2023-09-09T02:39:57.814+0000] {processor.py:154} INFO - Started process (PID=411) to work on /opt/airflow/dags/subdags/subdags_transforms.py
[2023-09-09T02:39:57.815+0000] {processor.py:756} INFO - Processing file /opt/airflow/dags/subdags/subdags_transforms.py for tasks to queue
[2023-09-09T02:39:57.816+0000] {logging_mixin.py:120} INFO - [2023-09-09T02:39:57.816+0000] {dagbag.py:537} INFO - Filling up the DagBag from /opt/airflow/dags/subdags/subdags_transforms.py
[2023-09-09T02:39:57.831+0000] {processor.py:768} WARNING - No viable dags retrieved from /opt/airflow/dags/subdags/subdags_transforms.py
[2023-09-09T02:39:57.840+0000] {processor.py:176} INFO - Processing /opt/airflow/dags/subdags/subdags_transforms.py took 0.028 seconds
[2023-09-09T02:40:27.925+0000] {processor.py:154} INFO - Started process (PID=485) to work on /opt/airflow/dags/subdags/subdags_transforms.py
[2023-09-09T02:40:27.926+0000] {processor.py:756} INFO - Processing file /opt/airflow/dags/subdags/subdags_transforms.py for tasks to queue
[2023-09-09T02:40:27.926+0000] {logging_mixin.py:120} INFO - [2023-09-09T02:40:27.926+0000] {dagbag.py:537} INFO - Filling up the DagBag from /opt/airflow/dags/subdags/subdags_transforms.py
[2023-09-09T02:40:27.942+0000] {processor.py:768} WARNING - No viable dags retrieved from /opt/airflow/dags/subdags/subdags_transforms.py
[2023-09-09T02:40:27.954+0000] {processor.py:176} INFO - Processing /opt/airflow/dags/subdags/subdags_transforms.py took 0.032 seconds
[2023-09-09T02:40:58.207+0000] {processor.py:154} INFO - Started process (PID=550) to work on /opt/airflow/dags/subdags/subdags_transforms.py
[2023-09-09T02:40:58.208+0000] {processor.py:756} INFO - Processing file /opt/airflow/dags/subdags/subdags_transforms.py for tasks to queue
[2023-09-09T02:40:58.209+0000] {logging_mixin.py:120} INFO - [2023-09-09T02:40:58.209+0000] {dagbag.py:537} INFO - Filling up the DagBag from /opt/airflow/dags/subdags/subdags_transforms.py
[2023-09-09T02:40:58.226+0000] {processor.py:768} WARNING - No viable dags retrieved from /opt/airflow/dags/subdags/subdags_transforms.py
[2023-09-09T02:40:58.238+0000] {processor.py:176} INFO - Processing /opt/airflow/dags/subdags/subdags_transforms.py took 0.034 seconds
[2023-09-09T02:41:29.063+0000] {processor.py:154} INFO - Started process (PID=632) to work on /opt/airflow/dags/subdags/subdags_transforms.py
[2023-09-09T02:41:29.064+0000] {processor.py:756} INFO - Processing file /opt/airflow/dags/subdags/subdags_transforms.py for tasks to queue
[2023-09-09T02:41:29.065+0000] {logging_mixin.py:120} INFO - [2023-09-09T02:41:29.065+0000] {dagbag.py:537} INFO - Filling up the DagBag from /opt/airflow/dags/subdags/subdags_transforms.py
[2023-09-09T02:41:29.083+0000] {processor.py:768} WARNING - No viable dags retrieved from /opt/airflow/dags/subdags/subdags_transforms.py
[2023-09-09T02:41:29.095+0000] {processor.py:176} INFO - Processing /opt/airflow/dags/subdags/subdags_transforms.py took 0.034 seconds
[2023-09-09T02:41:59.640+0000] {processor.py:154} INFO - Started process (PID=707) to work on /opt/airflow/dags/subdags/subdags_transforms.py
[2023-09-09T02:41:59.641+0000] {processor.py:756} INFO - Processing file /opt/airflow/dags/subdags/subdags_transforms.py for tasks to queue
[2023-09-09T02:41:59.642+0000] {logging_mixin.py:120} INFO - [2023-09-09T02:41:59.641+0000] {dagbag.py:537} INFO - Filling up the DagBag from /opt/airflow/dags/subdags/subdags_transforms.py
[2023-09-09T02:41:59.657+0000] {processor.py:768} WARNING - No viable dags retrieved from /opt/airflow/dags/subdags/subdags_transforms.py
[2023-09-09T02:41:59.669+0000] {processor.py:176} INFO - Processing /opt/airflow/dags/subdags/subdags_transforms.py took 0.031 seconds
[2023-09-09T02:42:30.238+0000] {processor.py:154} INFO - Started process (PID=785) to work on /opt/airflow/dags/subdags/subdags_transforms.py
[2023-09-09T02:42:30.239+0000] {processor.py:756} INFO - Processing file /opt/airflow/dags/subdags/subdags_transforms.py for tasks to queue
[2023-09-09T02:42:30.239+0000] {logging_mixin.py:120} INFO - [2023-09-09T02:42:30.239+0000] {dagbag.py:537} INFO - Filling up the DagBag from /opt/airflow/dags/subdags/subdags_transforms.py
[2023-09-09T02:42:30.254+0000] {processor.py:768} WARNING - No viable dags retrieved from /opt/airflow/dags/subdags/subdags_transforms.py
[2023-09-09T02:42:30.265+0000] {processor.py:176} INFO - Processing /opt/airflow/dags/subdags/subdags_transforms.py took 0.030 seconds
[2023-09-09T02:43:00.564+0000] {processor.py:154} INFO - Started process (PID=854) to work on /opt/airflow/dags/subdags/subdags_transforms.py
[2023-09-09T02:43:00.565+0000] {processor.py:756} INFO - Processing file /opt/airflow/dags/subdags/subdags_transforms.py for tasks to queue
[2023-09-09T02:43:00.566+0000] {logging_mixin.py:120} INFO - [2023-09-09T02:43:00.566+0000] {dagbag.py:537} INFO - Filling up the DagBag from /opt/airflow/dags/subdags/subdags_transforms.py
[2023-09-09T02:43:00.581+0000] {processor.py:768} WARNING - No viable dags retrieved from /opt/airflow/dags/subdags/subdags_transforms.py
[2023-09-09T02:43:00.592+0000] {processor.py:176} INFO - Processing /opt/airflow/dags/subdags/subdags_transforms.py took 0.030 seconds
[2023-09-09T02:43:31.130+0000] {processor.py:154} INFO - Started process (PID=928) to work on /opt/airflow/dags/subdags/subdags_transforms.py
[2023-09-09T02:43:31.131+0000] {processor.py:756} INFO - Processing file /opt/airflow/dags/subdags/subdags_transforms.py for tasks to queue
[2023-09-09T02:43:31.132+0000] {logging_mixin.py:120} INFO - [2023-09-09T02:43:31.131+0000] {dagbag.py:537} INFO - Filling up the DagBag from /opt/airflow/dags/subdags/subdags_transforms.py
[2023-09-09T02:43:31.155+0000] {processor.py:768} WARNING - No viable dags retrieved from /opt/airflow/dags/subdags/subdags_transforms.py
[2023-09-09T02:43:31.170+0000] {processor.py:176} INFO - Processing /opt/airflow/dags/subdags/subdags_transforms.py took 0.044 seconds
[2023-09-09T02:44:01.249+0000] {processor.py:154} INFO - Started process (PID=1002) to work on /opt/airflow/dags/subdags/subdags_transforms.py
[2023-09-09T02:44:01.250+0000] {processor.py:756} INFO - Processing file /opt/airflow/dags/subdags/subdags_transforms.py for tasks to queue
[2023-09-09T02:44:01.251+0000] {logging_mixin.py:120} INFO - [2023-09-09T02:44:01.251+0000] {dagbag.py:537} INFO - Filling up the DagBag from /opt/airflow/dags/subdags/subdags_transforms.py
[2023-09-09T02:44:01.266+0000] {processor.py:768} WARNING - No viable dags retrieved from /opt/airflow/dags/subdags/subdags_transforms.py
[2023-09-09T02:44:01.277+0000] {processor.py:176} INFO - Processing /opt/airflow/dags/subdags/subdags_transforms.py took 0.031 seconds
[2023-09-09T02:44:31.419+0000] {processor.py:154} INFO - Started process (PID=1077) to work on /opt/airflow/dags/subdags/subdags_transforms.py
[2023-09-09T02:44:31.419+0000] {processor.py:756} INFO - Processing file /opt/airflow/dags/subdags/subdags_transforms.py for tasks to queue
[2023-09-09T02:44:31.420+0000] {logging_mixin.py:120} INFO - [2023-09-09T02:44:31.420+0000] {dagbag.py:537} INFO - Filling up the DagBag from /opt/airflow/dags/subdags/subdags_transforms.py
[2023-09-09T02:44:31.437+0000] {processor.py:768} WARNING - No viable dags retrieved from /opt/airflow/dags/subdags/subdags_transforms.py
[2023-09-09T02:44:31.448+0000] {processor.py:176} INFO - Processing /opt/airflow/dags/subdags/subdags_transforms.py took 0.033 seconds
[2023-09-09T02:45:01.677+0000] {processor.py:154} INFO - Started process (PID=1142) to work on /opt/airflow/dags/subdags/subdags_transforms.py
[2023-09-09T02:45:01.677+0000] {processor.py:756} INFO - Processing file /opt/airflow/dags/subdags/subdags_transforms.py for tasks to queue
[2023-09-09T02:45:01.678+0000] {logging_mixin.py:120} INFO - [2023-09-09T02:45:01.678+0000] {dagbag.py:537} INFO - Filling up the DagBag from /opt/airflow/dags/subdags/subdags_transforms.py
[2023-09-09T02:45:01.693+0000] {processor.py:768} WARNING - No viable dags retrieved from /opt/airflow/dags/subdags/subdags_transforms.py
[2023-09-09T02:45:01.704+0000] {processor.py:176} INFO - Processing /opt/airflow/dags/subdags/subdags_transforms.py took 0.030 seconds
