[2023-09-09T02:37:25.965+0000] {processor.py:154} INFO - Started process (PID=50) to work on /opt/airflow/dags/subdags/subdags_downloads.py
[2023-09-09T02:37:25.966+0000] {processor.py:756} INFO - Processing file /opt/airflow/dags/subdags/subdags_downloads.py for tasks to queue
[2023-09-09T02:37:25.966+0000] {logging_mixin.py:120} INFO - [2023-09-09T02:37:25.966+0000] {dagbag.py:537} INFO - Filling up the DagBag from /opt/airflow/dags/subdags/subdags_downloads.py
[2023-09-09T02:37:25.982+0000] {processor.py:768} WARNING - No viable dags retrieved from /opt/airflow/dags/subdags/subdags_downloads.py
[2023-09-09T02:37:25.995+0000] {processor.py:176} INFO - Processing /opt/airflow/dags/subdags/subdags_downloads.py took 0.033 seconds
[2023-09-09T02:37:56.035+0000] {processor.py:154} INFO - Started process (PID=124) to work on /opt/airflow/dags/subdags/subdags_downloads.py
[2023-09-09T02:37:56.036+0000] {processor.py:756} INFO - Processing file /opt/airflow/dags/subdags/subdags_downloads.py for tasks to queue
[2023-09-09T02:37:56.037+0000] {logging_mixin.py:120} INFO - [2023-09-09T02:37:56.037+0000] {dagbag.py:537} INFO - Filling up the DagBag from /opt/airflow/dags/subdags/subdags_downloads.py
[2023-09-09T02:37:56.055+0000] {processor.py:768} WARNING - No viable dags retrieved from /opt/airflow/dags/subdags/subdags_downloads.py
[2023-09-09T02:37:56.066+0000] {processor.py:176} INFO - Processing /opt/airflow/dags/subdags/subdags_downloads.py took 0.033 seconds
[2023-09-09T02:38:26.205+0000] {processor.py:154} INFO - Started process (PID=199) to work on /opt/airflow/dags/subdags/subdags_downloads.py
[2023-09-09T02:38:26.206+0000] {processor.py:756} INFO - Processing file /opt/airflow/dags/subdags/subdags_downloads.py for tasks to queue
[2023-09-09T02:38:26.206+0000] {logging_mixin.py:120} INFO - [2023-09-09T02:38:26.206+0000] {dagbag.py:537} INFO - Filling up the DagBag from /opt/airflow/dags/subdags/subdags_downloads.py
[2023-09-09T02:38:26.222+0000] {processor.py:768} WARNING - No viable dags retrieved from /opt/airflow/dags/subdags/subdags_downloads.py
[2023-09-09T02:38:26.232+0000] {processor.py:176} INFO - Processing /opt/airflow/dags/subdags/subdags_downloads.py took 0.029 seconds
[2023-09-09T02:38:56.661+0000] {processor.py:154} INFO - Started process (PID=264) to work on /opt/airflow/dags/subdags/subdags_downloads.py
[2023-09-09T02:38:56.662+0000] {processor.py:756} INFO - Processing file /opt/airflow/dags/subdags/subdags_downloads.py for tasks to queue
[2023-09-09T02:38:56.662+0000] {logging_mixin.py:120} INFO - [2023-09-09T02:38:56.662+0000] {dagbag.py:537} INFO - Filling up the DagBag from /opt/airflow/dags/subdags/subdags_downloads.py
[2023-09-09T02:38:56.677+0000] {processor.py:768} WARNING - No viable dags retrieved from /opt/airflow/dags/subdags/subdags_downloads.py
[2023-09-09T02:38:56.687+0000] {processor.py:176} INFO - Processing /opt/airflow/dags/subdags/subdags_downloads.py took 0.029 seconds
[2023-09-09T02:39:27.492+0000] {processor.py:154} INFO - Started process (PID=338) to work on /opt/airflow/dags/subdags/subdags_downloads.py
[2023-09-09T02:39:27.493+0000] {processor.py:756} INFO - Processing file /opt/airflow/dags/subdags/subdags_downloads.py for tasks to queue
[2023-09-09T02:39:27.494+0000] {logging_mixin.py:120} INFO - [2023-09-09T02:39:27.494+0000] {dagbag.py:537} INFO - Filling up the DagBag from /opt/airflow/dags/subdags/subdags_downloads.py
[2023-09-09T02:39:27.509+0000] {processor.py:768} WARNING - No viable dags retrieved from /opt/airflow/dags/subdags/subdags_downloads.py
[2023-09-09T02:39:27.520+0000] {processor.py:176} INFO - Processing /opt/airflow/dags/subdags/subdags_downloads.py took 0.031 seconds
[2023-09-09T02:39:57.814+0000] {processor.py:154} INFO - Started process (PID=412) to work on /opt/airflow/dags/subdags/subdags_downloads.py
[2023-09-09T02:39:57.815+0000] {processor.py:756} INFO - Processing file /opt/airflow/dags/subdags/subdags_downloads.py for tasks to queue
[2023-09-09T02:39:57.816+0000] {logging_mixin.py:120} INFO - [2023-09-09T02:39:57.816+0000] {dagbag.py:537} INFO - Filling up the DagBag from /opt/airflow/dags/subdags/subdags_downloads.py
[2023-09-09T02:39:57.831+0000] {processor.py:768} WARNING - No viable dags retrieved from /opt/airflow/dags/subdags/subdags_downloads.py
[2023-09-09T02:39:57.840+0000] {processor.py:176} INFO - Processing /opt/airflow/dags/subdags/subdags_downloads.py took 0.028 seconds
[2023-09-09T02:40:27.977+0000] {processor.py:154} INFO - Started process (PID=486) to work on /opt/airflow/dags/subdags/subdags_downloads.py
[2023-09-09T02:40:27.978+0000] {processor.py:756} INFO - Processing file /opt/airflow/dags/subdags/subdags_downloads.py for tasks to queue
[2023-09-09T02:40:27.978+0000] {logging_mixin.py:120} INFO - [2023-09-09T02:40:27.978+0000] {dagbag.py:537} INFO - Filling up the DagBag from /opt/airflow/dags/subdags/subdags_downloads.py
[2023-09-09T02:40:27.992+0000] {processor.py:768} WARNING - No viable dags retrieved from /opt/airflow/dags/subdags/subdags_downloads.py
[2023-09-09T02:40:28.003+0000] {processor.py:176} INFO - Processing /opt/airflow/dags/subdags/subdags_downloads.py took 0.029 seconds
[2023-09-09T02:40:58.264+0000] {processor.py:154} INFO - Started process (PID=551) to work on /opt/airflow/dags/subdags/subdags_downloads.py
[2023-09-09T02:40:58.264+0000] {processor.py:756} INFO - Processing file /opt/airflow/dags/subdags/subdags_downloads.py for tasks to queue
[2023-09-09T02:40:58.265+0000] {logging_mixin.py:120} INFO - [2023-09-09T02:40:58.265+0000] {dagbag.py:537} INFO - Filling up the DagBag from /opt/airflow/dags/subdags/subdags_downloads.py
[2023-09-09T02:40:58.282+0000] {processor.py:768} WARNING - No viable dags retrieved from /opt/airflow/dags/subdags/subdags_downloads.py
[2023-09-09T02:40:58.293+0000] {processor.py:176} INFO - Processing /opt/airflow/dags/subdags/subdags_downloads.py took 0.033 seconds
[2023-09-09T02:41:29.116+0000] {processor.py:154} INFO - Started process (PID=633) to work on /opt/airflow/dags/subdags/subdags_downloads.py
[2023-09-09T02:41:29.118+0000] {processor.py:756} INFO - Processing file /opt/airflow/dags/subdags/subdags_downloads.py for tasks to queue
[2023-09-09T02:41:29.119+0000] {logging_mixin.py:120} INFO - [2023-09-09T02:41:29.119+0000] {dagbag.py:537} INFO - Filling up the DagBag from /opt/airflow/dags/subdags/subdags_downloads.py
[2023-09-09T02:41:29.138+0000] {processor.py:768} WARNING - No viable dags retrieved from /opt/airflow/dags/subdags/subdags_downloads.py
[2023-09-09T02:41:29.150+0000] {processor.py:176} INFO - Processing /opt/airflow/dags/subdags/subdags_downloads.py took 0.037 seconds
[2023-09-09T02:41:59.687+0000] {processor.py:154} INFO - Started process (PID=708) to work on /opt/airflow/dags/subdags/subdags_downloads.py
[2023-09-09T02:41:59.688+0000] {processor.py:756} INFO - Processing file /opt/airflow/dags/subdags/subdags_downloads.py for tasks to queue
[2023-09-09T02:41:59.689+0000] {logging_mixin.py:120} INFO - [2023-09-09T02:41:59.689+0000] {dagbag.py:537} INFO - Filling up the DagBag from /opt/airflow/dags/subdags/subdags_downloads.py
[2023-09-09T02:41:59.703+0000] {processor.py:768} WARNING - No viable dags retrieved from /opt/airflow/dags/subdags/subdags_downloads.py
[2023-09-09T02:41:59.713+0000] {processor.py:176} INFO - Processing /opt/airflow/dags/subdags/subdags_downloads.py took 0.029 seconds
[2023-09-09T02:42:30.283+0000] {processor.py:154} INFO - Started process (PID=786) to work on /opt/airflow/dags/subdags/subdags_downloads.py
[2023-09-09T02:42:30.284+0000] {processor.py:756} INFO - Processing file /opt/airflow/dags/subdags/subdags_downloads.py for tasks to queue
[2023-09-09T02:42:30.285+0000] {logging_mixin.py:120} INFO - [2023-09-09T02:42:30.284+0000] {dagbag.py:537} INFO - Filling up the DagBag from /opt/airflow/dags/subdags/subdags_downloads.py
[2023-09-09T02:42:30.300+0000] {processor.py:768} WARNING - No viable dags retrieved from /opt/airflow/dags/subdags/subdags_downloads.py
[2023-09-09T02:42:30.310+0000] {processor.py:176} INFO - Processing /opt/airflow/dags/subdags/subdags_downloads.py took 0.030 seconds
[2023-09-09T02:43:00.610+0000] {processor.py:154} INFO - Started process (PID=855) to work on /opt/airflow/dags/subdags/subdags_downloads.py
[2023-09-09T02:43:00.611+0000] {processor.py:756} INFO - Processing file /opt/airflow/dags/subdags/subdags_downloads.py for tasks to queue
[2023-09-09T02:43:00.612+0000] {logging_mixin.py:120} INFO - [2023-09-09T02:43:00.612+0000] {dagbag.py:537} INFO - Filling up the DagBag from /opt/airflow/dags/subdags/subdags_downloads.py
[2023-09-09T02:43:00.625+0000] {processor.py:768} WARNING - No viable dags retrieved from /opt/airflow/dags/subdags/subdags_downloads.py
[2023-09-09T02:43:00.635+0000] {processor.py:176} INFO - Processing /opt/airflow/dags/subdags/subdags_downloads.py took 0.027 seconds
[2023-09-09T02:43:31.191+0000] {processor.py:154} INFO - Started process (PID=929) to work on /opt/airflow/dags/subdags/subdags_downloads.py
[2023-09-09T02:43:31.192+0000] {processor.py:756} INFO - Processing file /opt/airflow/dags/subdags/subdags_downloads.py for tasks to queue
[2023-09-09T02:43:31.193+0000] {logging_mixin.py:120} INFO - [2023-09-09T02:43:31.193+0000] {dagbag.py:537} INFO - Filling up the DagBag from /opt/airflow/dags/subdags/subdags_downloads.py
[2023-09-09T02:43:31.211+0000] {processor.py:768} WARNING - No viable dags retrieved from /opt/airflow/dags/subdags/subdags_downloads.py
[2023-09-09T02:43:31.224+0000] {processor.py:176} INFO - Processing /opt/airflow/dags/subdags/subdags_downloads.py took 0.036 seconds
[2023-09-09T02:44:01.249+0000] {processor.py:154} INFO - Started process (PID=1003) to work on /opt/airflow/dags/subdags/subdags_downloads.py
[2023-09-09T02:44:01.250+0000] {processor.py:756} INFO - Processing file /opt/airflow/dags/subdags/subdags_downloads.py for tasks to queue
[2023-09-09T02:44:01.251+0000] {logging_mixin.py:120} INFO - [2023-09-09T02:44:01.251+0000] {dagbag.py:537} INFO - Filling up the DagBag from /opt/airflow/dags/subdags/subdags_downloads.py
[2023-09-09T02:44:01.266+0000] {processor.py:768} WARNING - No viable dags retrieved from /opt/airflow/dags/subdags/subdags_downloads.py
[2023-09-09T02:44:01.277+0000] {processor.py:176} INFO - Processing /opt/airflow/dags/subdags/subdags_downloads.py took 0.031 seconds
[2023-09-09T02:44:31.419+0000] {processor.py:154} INFO - Started process (PID=1078) to work on /opt/airflow/dags/subdags/subdags_downloads.py
[2023-09-09T02:44:31.419+0000] {processor.py:756} INFO - Processing file /opt/airflow/dags/subdags/subdags_downloads.py for tasks to queue
[2023-09-09T02:44:31.420+0000] {logging_mixin.py:120} INFO - [2023-09-09T02:44:31.420+0000] {dagbag.py:537} INFO - Filling up the DagBag from /opt/airflow/dags/subdags/subdags_downloads.py
[2023-09-09T02:44:31.437+0000] {processor.py:768} WARNING - No viable dags retrieved from /opt/airflow/dags/subdags/subdags_downloads.py
[2023-09-09T02:44:31.448+0000] {processor.py:176} INFO - Processing /opt/airflow/dags/subdags/subdags_downloads.py took 0.032 seconds
[2023-09-09T02:45:01.721+0000] {processor.py:154} INFO - Started process (PID=1143) to work on /opt/airflow/dags/subdags/subdags_downloads.py
[2023-09-09T02:45:01.722+0000] {processor.py:756} INFO - Processing file /opt/airflow/dags/subdags/subdags_downloads.py for tasks to queue
[2023-09-09T02:45:01.722+0000] {logging_mixin.py:120} INFO - [2023-09-09T02:45:01.722+0000] {dagbag.py:537} INFO - Filling up the DagBag from /opt/airflow/dags/subdags/subdags_downloads.py
[2023-09-09T02:45:01.735+0000] {processor.py:768} WARNING - No viable dags retrieved from /opt/airflow/dags/subdags/subdags_downloads.py
[2023-09-09T02:45:01.745+0000] {processor.py:176} INFO - Processing /opt/airflow/dags/subdags/subdags_downloads.py took 0.026 seconds
