[2023-08-28T15:54:02.861+0000] {taskinstance.py:1165} INFO - Dependencies all met for <TaskInstance: user_processing.extract_user manual__2023-08-28T15:53:59.643556+00:00 [queued]>
[2023-08-28T15:54:02.872+0000] {taskinstance.py:1165} INFO - Dependencies all met for <TaskInstance: user_processing.extract_user manual__2023-08-28T15:53:59.643556+00:00 [queued]>
[2023-08-28T15:54:02.872+0000] {taskinstance.py:1362} INFO - 
--------------------------------------------------------------------------------
[2023-08-28T15:54:02.873+0000] {taskinstance.py:1363} INFO - Starting attempt 1 of 1
[2023-08-28T15:54:02.874+0000] {taskinstance.py:1364} INFO - 
--------------------------------------------------------------------------------
[2023-08-28T15:54:02.887+0000] {taskinstance.py:1383} INFO - Executing <Task(SimpleHttpOperator): extract_user> on 2023-08-28 15:53:59.643556+00:00
[2023-08-28T15:54:02.896+0000] {standard_task_runner.py:55} INFO - Started process 3505 to run task
[2023-08-28T15:54:02.899+0000] {standard_task_runner.py:82} INFO - Running: ['***', 'tasks', 'run', 'user_processing', 'extract_user', 'manual__2023-08-28T15:53:59.643556+00:00', '--job-id', '79', '--raw', '--subdir', 'DAGS_FOLDER/user_processing.py', '--cfg-path', '/tmp/tmpktislt_4']
[2023-08-28T15:54:02.901+0000] {standard_task_runner.py:83} INFO - Job 79: Subtask extract_user
[2023-08-28T15:54:02.950+0000] {task_command.py:376} INFO - Running <TaskInstance: user_processing.extract_user manual__2023-08-28T15:53:59.643556+00:00 [running]> on host 22e2fb7a3f74
[2023-08-28T15:54:03.008+0000] {taskinstance.py:1592} INFO - Exporting the following env vars:
AIRFLOW_CTX_DAG_OWNER=***
AIRFLOW_CTX_DAG_ID=user_processing
AIRFLOW_CTX_TASK_ID=extract_user
AIRFLOW_CTX_EXECUTION_DATE=2023-08-28T15:53:59.643556+00:00
AIRFLOW_CTX_TRY_NUMBER=1
AIRFLOW_CTX_DAG_RUN_ID=manual__2023-08-28T15:53:59.643556+00:00
[2023-08-28T15:54:03.009+0000] {http.py:121} INFO - Calling HTTP method
[2023-08-28T15:54:03.017+0000] {base.py:71} INFO - Using connection ID 'user_api' for task execution.
[2023-08-28T15:54:03.019+0000] {http.py:148} INFO - Sending 'GET' to url: https://randomuser.me/api/
[2023-08-28T15:54:03.223+0000] {http.py:125} INFO - {"results":[{"gender":"male","name":{"title":"Mr","first":"Gabriel","last":"Pelletier"},"location":{"street":{"number":1560,"name":"Victoria Ave"},"city":"Waterloo","state":"Newfoundland and Labrador","country":"Canada","postcode":"Y7W 7I1","coordinates":{"latitude":"-68.6083","longitude":"-8.8761"},"timezone":{"offset":"+6:00","description":"Almaty, Dhaka, Colombo"}},"email":"gabriel.pelletier@example.com","login":{"uuid":"6cc2ee52-16a4-47e3-b547-044975cd9698","username":"goldenkoala113","password":"family","salt":"fyOsE5nS","md5":"71a7ae9d0956651e23f784383077fc59","sha1":"760777f184344f0d352c985da1f7456c7084a37d","sha256":"ba8f6723ad15aa634f486195ee727f0dab159a68d9f5ffbb4d38631425de8840"},"dob":{"date":"1961-03-05T09:50:21.638Z","age":62},"registered":{"date":"2007-10-06T23:36:01.768Z","age":15},"phone":"M37 V64-6523","cell":"B79 Q57-0166","id":{"name":"SIN","value":"943851014"},"picture":{"large":"https://randomuser.me/api/portraits/men/61.jpg","medium":"https://randomuser.me/api/portraits/med/men/61.jpg","thumbnail":"https://randomuser.me/api/portraits/thumb/men/61.jpg"},"nat":"CA"}],"info":{"seed":"eba508680c1eef1b","results":1,"page":1,"version":"1.4"}}
[2023-08-28T15:54:03.245+0000] {taskinstance.py:1406} INFO - Marking task as SUCCESS. dag_id=user_processing, task_id=extract_user, execution_date=20230828T155359, start_date=20230828T155402, end_date=20230828T155403
[2023-08-28T15:54:03.272+0000] {local_task_job.py:164} INFO - Task exited with return code 0
[2023-08-28T15:54:03.301+0000] {local_task_job.py:273} INFO - 1 downstream tasks scheduled from follow-on schedule check
