[2023-09-09T02:42:36.565+0000] {taskinstance.py:1165} INFO - Dependencies all met for <TaskInstance: group_dag.transforms scheduled__2023-09-05T00:00:00+00:00 [queued]>
[2023-09-09T02:42:36.573+0000] {taskinstance.py:1165} INFO - Dependencies all met for <TaskInstance: group_dag.transforms scheduled__2023-09-05T00:00:00+00:00 [queued]>
[2023-09-09T02:42:36.573+0000] {taskinstance.py:1362} INFO - 
--------------------------------------------------------------------------------
[2023-09-09T02:42:36.574+0000] {taskinstance.py:1363} INFO - Starting attempt 1 of 1
[2023-09-09T02:42:36.574+0000] {taskinstance.py:1364} INFO - 
--------------------------------------------------------------------------------
[2023-09-09T02:42:36.592+0000] {taskinstance.py:1383} INFO - Executing <Task(SubDagOperator): transforms> on 2023-09-05 00:00:00+00:00
[2023-09-09T02:42:36.596+0000] {standard_task_runner.py:55} INFO - Started process 159 to run task
[2023-09-09T02:42:36.599+0000] {standard_task_runner.py:82} INFO - Running: ['***', 'tasks', 'run', 'group_dag', 'transforms', 'scheduled__2023-09-05T00:00:00+00:00', '--job-id', '168', '--raw', '--subdir', 'DAGS_FOLDER/group_dag.py', '--cfg-path', '/tmp/tmpcqzlcg1e']
[2023-09-09T02:42:36.599+0000] {standard_task_runner.py:83} INFO - Job 168: Subtask transforms
[2023-09-09T02:42:36.653+0000] {task_command.py:376} INFO - Running <TaskInstance: group_dag.transforms scheduled__2023-09-05T00:00:00+00:00 [running]> on host d0466a17bb90
[2023-09-09T02:42:36.718+0000] {taskinstance.py:1592} INFO - Exporting the following env vars:
AIRFLOW_CTX_DAG_OWNER=***
AIRFLOW_CTX_DAG_ID=group_dag
AIRFLOW_CTX_TASK_ID=transforms
AIRFLOW_CTX_EXECUTION_DATE=2023-09-05T00:00:00+00:00
AIRFLOW_CTX_TRY_NUMBER=1
AIRFLOW_CTX_DAG_RUN_ID=scheduled__2023-09-05T00:00:00+00:00
[2023-09-09T02:42:36.719+0000] {warnings.py:110} WARNING - /home/***/.local/lib/python3.7/site-packages/***/utils/context.py:204: AirflowContextDeprecationWarning: Accessing 'execution_date' from the template is deprecated and will be removed in a future version. Please use 'data_interval_start' or 'logical_date' instead.
  warnings.warn(_create_deprecation_warning(key, self._deprecation_replacements[key]))

[2023-09-09T02:42:36.743+0000] {subdag.py:171} INFO - Created DagRun: scheduled__2023-09-05T00:00:00+00:00
[2023-09-09T14:17:16.703+0000] {taskinstance.py:1159} INFO - Dependencies not met for <TaskInstance: group_dag.transforms scheduled__2023-09-05T00:00:00+00:00 [running]>, dependency 'Task Instance Not Running' FAILED: Task is in the running state
[2023-09-09T14:17:16.704+0000] {taskinstance.py:1159} INFO - Dependencies not met for <TaskInstance: group_dag.transforms scheduled__2023-09-05T00:00:00+00:00 [running]>, dependency 'Task Instance State' FAILED: Task is in the 'running' state.
[2023-09-09T14:17:16.709+0000] {local_task_job.py:103} INFO - Task is not able to be run
