[2023-09-04T16:56:27.173+0000] {taskinstance.py:1165} INFO - Dependencies all met for <TaskInstance: parallel_dag.extract_a manual__2023-09-04T16:56:26.329824+00:00 [queued]>
[2023-09-04T16:56:27.180+0000] {taskinstance.py:1165} INFO - Dependencies all met for <TaskInstance: parallel_dag.extract_a manual__2023-09-04T16:56:26.329824+00:00 [queued]>
[2023-09-04T16:56:27.181+0000] {taskinstance.py:1362} INFO - 
--------------------------------------------------------------------------------
[2023-09-04T16:56:27.181+0000] {taskinstance.py:1363} INFO - Starting attempt 1 of 1
[2023-09-04T16:56:27.182+0000] {taskinstance.py:1364} INFO - 
--------------------------------------------------------------------------------
[2023-09-04T16:56:27.194+0000] {taskinstance.py:1383} INFO - Executing <Task(BashOperator): extract_a> on 2023-09-04 16:56:26.329824+00:00
[2023-09-04T16:56:27.199+0000] {standard_task_runner.py:55} INFO - Started process 463 to run task
[2023-09-04T16:56:27.201+0000] {standard_task_runner.py:82} INFO - Running: ['***', 'tasks', 'run', 'parallel_dag', 'extract_a', 'manual__2023-09-04T16:56:26.329824+00:00', '--job-id', '102', '--raw', '--subdir', 'DAGS_FOLDER/parallel_dag.py', '--cfg-path', '/tmp/tmp1giuvow5']
[2023-09-04T16:56:27.202+0000] {standard_task_runner.py:83} INFO - Job 102: Subtask extract_a
[2023-09-04T16:56:27.254+0000] {task_command.py:376} INFO - Running <TaskInstance: parallel_dag.extract_a manual__2023-09-04T16:56:26.329824+00:00 [running]> on host ba8dc7af021b
[2023-09-04T16:56:27.312+0000] {taskinstance.py:1592} INFO - Exporting the following env vars:
AIRFLOW_CTX_DAG_OWNER=***
AIRFLOW_CTX_DAG_ID=parallel_dag
AIRFLOW_CTX_TASK_ID=extract_a
AIRFLOW_CTX_EXECUTION_DATE=2023-09-04T16:56:26.329824+00:00
AIRFLOW_CTX_TRY_NUMBER=1
AIRFLOW_CTX_DAG_RUN_ID=manual__2023-09-04T16:56:26.329824+00:00
[2023-09-04T16:56:27.313+0000] {subprocess.py:63} INFO - Tmp dir root location: 
 /tmp
[2023-09-04T16:56:27.314+0000] {subprocess.py:75} INFO - Running command: ['/bin/bash', '-c', 'sleep 1']
[2023-09-04T16:56:27.321+0000] {subprocess.py:86} INFO - Output:
[2023-09-04T16:56:28.324+0000] {subprocess.py:97} INFO - Command exited with return code 0
[2023-09-04T16:56:28.349+0000] {taskinstance.py:1406} INFO - Marking task as SUCCESS. dag_id=parallel_dag, task_id=extract_a, execution_date=20230904T165626, start_date=20230904T165627, end_date=20230904T165628
[2023-09-04T16:56:28.377+0000] {local_task_job.py:164} INFO - Task exited with return code 0
[2023-09-04T16:56:28.403+0000] {local_task_job.py:273} INFO - 1 downstream tasks scheduled from follow-on schedule check
