[2023-08-28T15:47:09.549+0000] {taskinstance.py:1165} INFO - Dependencies all met for <TaskInstance: user_processing.process_user manual__2023-08-28T15:47:04.991913+00:00 [queued]>
[2023-08-28T15:47:09.559+0000] {taskinstance.py:1165} INFO - Dependencies all met for <TaskInstance: user_processing.process_user manual__2023-08-28T15:47:04.991913+00:00 [queued]>
[2023-08-28T15:47:09.559+0000] {taskinstance.py:1362} INFO - 
--------------------------------------------------------------------------------
[2023-08-28T15:47:09.560+0000] {taskinstance.py:1363} INFO - Starting attempt 1 of 1
[2023-08-28T15:47:09.560+0000] {taskinstance.py:1364} INFO - 
--------------------------------------------------------------------------------
[2023-08-28T15:47:09.572+0000] {taskinstance.py:1383} INFO - Executing <Task(PythonOperator): process_user> on 2023-08-28 15:47:04.991913+00:00
[2023-08-28T15:47:09.577+0000] {standard_task_runner.py:55} INFO - Started process 3149 to run task
[2023-08-28T15:47:09.579+0000] {standard_task_runner.py:82} INFO - Running: ['***', 'tasks', 'run', 'user_processing', 'process_user', 'manual__2023-08-28T15:47:04.991913+00:00', '--job-id', '75', '--raw', '--subdir', 'DAGS_FOLDER/user_processing.py', '--cfg-path', '/tmp/tmppiib233q']
[2023-08-28T15:47:09.581+0000] {standard_task_runner.py:83} INFO - Job 75: Subtask process_user
[2023-08-28T15:47:09.629+0000] {task_command.py:376} INFO - Running <TaskInstance: user_processing.process_user manual__2023-08-28T15:47:04.991913+00:00 [running]> on host 22e2fb7a3f74
[2023-08-28T15:47:09.681+0000] {taskinstance.py:1592} INFO - Exporting the following env vars:
AIRFLOW_CTX_DAG_OWNER=***
AIRFLOW_CTX_DAG_ID=user_processing
AIRFLOW_CTX_TASK_ID=process_user
AIRFLOW_CTX_EXECUTION_DATE=2023-08-28T15:47:04.991913+00:00
AIRFLOW_CTX_TRY_NUMBER=1
AIRFLOW_CTX_DAG_RUN_ID=manual__2023-08-28T15:47:04.991913+00:00
[2023-08-28T15:47:09.693+0000] {python.py:177} INFO - Done. Returned value was: None
[2023-08-28T15:47:09.700+0000] {taskinstance.py:1406} INFO - Marking task as SUCCESS. dag_id=user_processing, task_id=process_user, execution_date=20230828T154704, start_date=20230828T154709, end_date=20230828T154709
[2023-08-28T15:47:09.751+0000] {local_task_job.py:164} INFO - Task exited with return code 0
[2023-08-28T15:47:09.771+0000] {local_task_job.py:273} INFO - 1 downstream tasks scheduled from follow-on schedule check
