[2023-08-25T15:07:44.154+0000] {taskinstance.py:1165} INFO - Dependencies all met for <TaskInstance: user_processing.is_api_available manual__2023-08-25T15:07:43.436082+00:00 [queued]>
[2023-08-25T15:07:44.163+0000] {taskinstance.py:1165} INFO - Dependencies all met for <TaskInstance: user_processing.is_api_available manual__2023-08-25T15:07:43.436082+00:00 [queued]>
[2023-08-25T15:07:44.164+0000] {taskinstance.py:1362} INFO - 
--------------------------------------------------------------------------------
[2023-08-25T15:07:44.165+0000] {taskinstance.py:1363} INFO - Starting attempt 1 of 1
[2023-08-25T15:07:44.165+0000] {taskinstance.py:1364} INFO - 
--------------------------------------------------------------------------------
[2023-08-25T15:07:44.180+0000] {taskinstance.py:1383} INFO - Executing <Task(HttpSensor): is_api_available> on 2023-08-25 15:07:43.436082+00:00
[2023-08-25T15:07:44.184+0000] {standard_task_runner.py:55} INFO - Started process 688 to run task
[2023-08-25T15:07:44.187+0000] {standard_task_runner.py:82} INFO - Running: ['***', 'tasks', 'run', 'user_processing', 'is_api_available', 'manual__2023-08-25T15:07:43.436082+00:00', '--job-id', '24', '--raw', '--subdir', 'DAGS_FOLDER/user_processing.py', '--cfg-path', '/tmp/tmpn2e4a6tl']
[2023-08-25T15:07:44.188+0000] {standard_task_runner.py:83} INFO - Job 24: Subtask is_api_available
[2023-08-25T15:07:44.236+0000] {task_command.py:376} INFO - Running <TaskInstance: user_processing.is_api_available manual__2023-08-25T15:07:43.436082+00:00 [running]> on host 22e2fb7a3f74
[2023-08-25T15:07:44.296+0000] {taskinstance.py:1592} INFO - Exporting the following env vars:
AIRFLOW_CTX_DAG_OWNER=***
AIRFLOW_CTX_DAG_ID=user_processing
AIRFLOW_CTX_TASK_ID=is_api_available
AIRFLOW_CTX_EXECUTION_DATE=2023-08-25T15:07:43.436082+00:00
AIRFLOW_CTX_TRY_NUMBER=1
AIRFLOW_CTX_DAG_RUN_ID=manual__2023-08-25T15:07:43.436082+00:00
[2023-08-25T15:07:44.297+0000] {http.py:120} INFO - Poking: api/
[2023-08-25T15:07:44.306+0000] {base.py:71} INFO - Using connection ID 'user_api' for task execution.
[2023-08-25T15:07:44.307+0000] {http.py:148} INFO - Sending 'GET' to url: https://randomuser.me/api/
[2023-08-25T15:07:44.501+0000] {base.py:213} INFO - Success criteria met. Exiting.
[2023-08-25T15:07:44.509+0000] {taskinstance.py:1406} INFO - Marking task as SUCCESS. dag_id=user_processing, task_id=is_api_available, execution_date=20230825T150743, start_date=20230825T150744, end_date=20230825T150744
[2023-08-25T15:07:44.560+0000] {local_task_job.py:164} INFO - Task exited with return code 0
[2023-08-25T15:07:44.578+0000] {local_task_job.py:273} INFO - 0 downstream tasks scheduled from follow-on schedule check
