[2023-08-25T16:13:25.703+0000] {taskinstance.py:1165} INFO - Dependencies all met for <TaskInstance: user_processing.is_api_available manual__2023-08-25T16:13:24.729688+00:00 [queued]>
[2023-08-25T16:13:25.711+0000] {taskinstance.py:1165} INFO - Dependencies all met for <TaskInstance: user_processing.is_api_available manual__2023-08-25T16:13:24.729688+00:00 [queued]>
[2023-08-25T16:13:25.712+0000] {taskinstance.py:1362} INFO - 
--------------------------------------------------------------------------------
[2023-08-25T16:13:25.712+0000] {taskinstance.py:1363} INFO - Starting attempt 1 of 1
[2023-08-25T16:13:25.712+0000] {taskinstance.py:1364} INFO - 
--------------------------------------------------------------------------------
[2023-08-25T16:13:25.725+0000] {taskinstance.py:1383} INFO - Executing <Task(HttpSensor): is_api_available> on 2023-08-25 16:13:24.729688+00:00
[2023-08-25T16:13:25.731+0000] {standard_task_runner.py:55} INFO - Started process 3942 to run task
[2023-08-25T16:13:25.734+0000] {standard_task_runner.py:82} INFO - Running: ['***', 'tasks', 'run', 'user_processing', 'is_api_available', 'manual__2023-08-25T16:13:24.729688+00:00', '--job-id', '51', '--raw', '--subdir', 'DAGS_FOLDER/user_processing.py', '--cfg-path', '/tmp/tmpib7hmrpz']
[2023-08-25T16:13:25.736+0000] {standard_task_runner.py:83} INFO - Job 51: Subtask is_api_available
[2023-08-25T16:13:25.787+0000] {task_command.py:376} INFO - Running <TaskInstance: user_processing.is_api_available manual__2023-08-25T16:13:24.729688+00:00 [running]> on host 22e2fb7a3f74
[2023-08-25T16:13:25.843+0000] {taskinstance.py:1592} INFO - Exporting the following env vars:
AIRFLOW_CTX_DAG_OWNER=***
AIRFLOW_CTX_DAG_ID=user_processing
AIRFLOW_CTX_TASK_ID=is_api_available
AIRFLOW_CTX_EXECUTION_DATE=2023-08-25T16:13:24.729688+00:00
AIRFLOW_CTX_TRY_NUMBER=1
AIRFLOW_CTX_DAG_RUN_ID=manual__2023-08-25T16:13:24.729688+00:00
[2023-08-25T16:13:25.844+0000] {http.py:120} INFO - Poking: api/
[2023-08-25T16:13:25.851+0000] {base.py:71} INFO - Using connection ID 'user_api' for task execution.
[2023-08-25T16:13:25.852+0000] {http.py:148} INFO - Sending 'GET' to url: https://randomuser.me/api/
[2023-08-25T16:13:26.023+0000] {base.py:213} INFO - Success criteria met. Exiting.
[2023-08-25T16:13:26.032+0000] {taskinstance.py:1406} INFO - Marking task as SUCCESS. dag_id=user_processing, task_id=is_api_available, execution_date=20230825T161324, start_date=20230825T161325, end_date=20230825T161326
[2023-08-25T16:13:26.067+0000] {local_task_job.py:164} INFO - Task exited with return code 0
[2023-08-25T16:13:26.083+0000] {local_task_job.py:273} INFO - 0 downstream tasks scheduled from follow-on schedule check
