[2023-08-25T16:13:26.857+0000] {taskinstance.py:1165} INFO - Dependencies all met for <TaskInstance: user_processing.process_user manual__2023-08-25T16:13:24.729688+00:00 [queued]>
[2023-08-25T16:13:26.866+0000] {taskinstance.py:1165} INFO - Dependencies all met for <TaskInstance: user_processing.process_user manual__2023-08-25T16:13:24.729688+00:00 [queued]>
[2023-08-25T16:13:26.867+0000] {taskinstance.py:1362} INFO - 
--------------------------------------------------------------------------------
[2023-08-25T16:13:26.868+0000] {taskinstance.py:1363} INFO - Starting attempt 1 of 1
[2023-08-25T16:13:26.868+0000] {taskinstance.py:1364} INFO - 
--------------------------------------------------------------------------------
[2023-08-25T16:13:26.882+0000] {taskinstance.py:1383} INFO - Executing <Task(PythonOperator): process_user> on 2023-08-25 16:13:24.729688+00:00
[2023-08-25T16:13:26.889+0000] {standard_task_runner.py:55} INFO - Started process 3945 to run task
[2023-08-25T16:13:26.892+0000] {standard_task_runner.py:82} INFO - Running: ['***', 'tasks', 'run', 'user_processing', 'process_user', 'manual__2023-08-25T16:13:24.729688+00:00', '--job-id', '52', '--raw', '--subdir', 'DAGS_FOLDER/user_processing.py', '--cfg-path', '/tmp/tmpqy6cnuih']
[2023-08-25T16:13:26.894+0000] {standard_task_runner.py:83} INFO - Job 52: Subtask process_user
[2023-08-25T16:13:26.949+0000] {task_command.py:376} INFO - Running <TaskInstance: user_processing.process_user manual__2023-08-25T16:13:24.729688+00:00 [running]> on host 22e2fb7a3f74
[2023-08-25T16:13:27.009+0000] {taskinstance.py:1592} INFO - Exporting the following env vars:
AIRFLOW_CTX_DAG_OWNER=***
AIRFLOW_CTX_DAG_ID=user_processing
AIRFLOW_CTX_TASK_ID=process_user
AIRFLOW_CTX_EXECUTION_DATE=2023-08-25T16:13:24.729688+00:00
AIRFLOW_CTX_TRY_NUMBER=1
AIRFLOW_CTX_DAG_RUN_ID=manual__2023-08-25T16:13:24.729688+00:00
[2023-08-25T16:13:27.025+0000] {python.py:177} INFO - Done. Returned value was: None
[2023-08-25T16:13:27.033+0000] {taskinstance.py:1406} INFO - Marking task as SUCCESS. dag_id=user_processing, task_id=process_user, execution_date=20230825T161324, start_date=20230825T161326, end_date=20230825T161327
[2023-08-25T16:13:27.064+0000] {local_task_job.py:164} INFO - Task exited with return code 0
[2023-08-25T16:13:27.081+0000] {local_task_job.py:273} INFO - 0 downstream tasks scheduled from follow-on schedule check
