[2023-09-09T02:47:44.537+0000] {taskinstance.py:1165} INFO - Dependencies all met for <TaskInstance: group_dag_task.check_files manual__2023-09-09T02:47:32.349255+00:00 [queued]>
[2023-09-09T02:47:44.546+0000] {taskinstance.py:1165} INFO - Dependencies all met for <TaskInstance: group_dag_task.check_files manual__2023-09-09T02:47:32.349255+00:00 [queued]>
[2023-09-09T02:47:44.546+0000] {taskinstance.py:1362} INFO - 
--------------------------------------------------------------------------------
[2023-09-09T02:47:44.547+0000] {taskinstance.py:1363} INFO - Starting attempt 1 of 1
[2023-09-09T02:47:44.547+0000] {taskinstance.py:1364} INFO - 
--------------------------------------------------------------------------------
[2023-09-09T02:47:44.562+0000] {taskinstance.py:1383} INFO - Executing <Task(BashOperator): check_files> on 2023-09-09 02:47:32.349255+00:00
[2023-09-09T02:47:44.566+0000] {standard_task_runner.py:55} INFO - Started process 423 to run task
[2023-09-09T02:47:44.569+0000] {standard_task_runner.py:82} INFO - Running: ['***', 'tasks', 'run', 'group_dag_task', 'check_files', 'manual__2023-09-09T02:47:32.349255+00:00', '--job-id', '176', '--raw', '--subdir', 'DAGS_FOLDER/group_dag_task.py', '--cfg-path', '/tmp/tmp94q75aw5']
[2023-09-09T02:47:44.570+0000] {standard_task_runner.py:83} INFO - Job 176: Subtask check_files
[2023-09-09T02:47:44.620+0000] {task_command.py:376} INFO - Running <TaskInstance: group_dag_task.check_files manual__2023-09-09T02:47:32.349255+00:00 [running]> on host d0466a17bb90
[2023-09-09T02:47:44.679+0000] {taskinstance.py:1592} INFO - Exporting the following env vars:
AIRFLOW_CTX_DAG_OWNER=***
AIRFLOW_CTX_DAG_ID=group_dag_task
AIRFLOW_CTX_TASK_ID=check_files
AIRFLOW_CTX_EXECUTION_DATE=2023-09-09T02:47:32.349255+00:00
AIRFLOW_CTX_TRY_NUMBER=1
AIRFLOW_CTX_DAG_RUN_ID=manual__2023-09-09T02:47:32.349255+00:00
[2023-09-09T02:47:44.680+0000] {subprocess.py:63} INFO - Tmp dir root location: 
 /tmp
[2023-09-09T02:47:44.681+0000] {subprocess.py:75} INFO - Running command: ['/bin/bash', '-c', 'sleep 10']
[2023-09-09T02:47:44.689+0000] {subprocess.py:86} INFO - Output:
[2023-09-09T02:47:54.691+0000] {subprocess.py:97} INFO - Command exited with return code 0
[2023-09-09T02:47:54.712+0000] {taskinstance.py:1406} INFO - Marking task as SUCCESS. dag_id=group_dag_task, task_id=check_files, execution_date=20230909T024732, start_date=20230909T024744, end_date=20230909T024754
[2023-09-09T02:47:54.729+0000] {local_task_job.py:164} INFO - Task exited with return code 0
[2023-09-09T02:47:54.752+0000] {local_task_job.py:273} INFO - 3 downstream tasks scheduled from follow-on schedule check
