[2023-09-04T16:58:51.290+0000] {taskinstance.py:1165} INFO - Dependencies all met for <TaskInstance: parallel_dag.extract_b manual__2023-09-04T16:58:50.812214+00:00 [queued]>
[2023-09-04T16:58:51.299+0000] {taskinstance.py:1165} INFO - Dependencies all met for <TaskInstance: parallel_dag.extract_b manual__2023-09-04T16:58:50.812214+00:00 [queued]>
[2023-09-04T16:58:51.299+0000] {taskinstance.py:1362} INFO - 
--------------------------------------------------------------------------------
[2023-09-04T16:58:51.300+0000] {taskinstance.py:1363} INFO - Starting attempt 1 of 1
[2023-09-04T16:58:51.300+0000] {taskinstance.py:1364} INFO - 
--------------------------------------------------------------------------------
[2023-09-04T16:58:51.312+0000] {taskinstance.py:1383} INFO - Executing <Task(BashOperator): extract_b> on 2023-09-04 16:58:50.812214+00:00
[2023-09-04T16:58:51.317+0000] {standard_task_runner.py:55} INFO - Started process 602 to run task
[2023-09-04T16:58:51.320+0000] {standard_task_runner.py:82} INFO - Running: ['***', 'tasks', 'run', 'parallel_dag', 'extract_b', 'manual__2023-09-04T16:58:50.812214+00:00', '--job-id', '108', '--raw', '--subdir', 'DAGS_FOLDER/parallel_dag.py', '--cfg-path', '/tmp/tmpjjl9hc0f']
[2023-09-04T16:58:51.320+0000] {standard_task_runner.py:83} INFO - Job 108: Subtask extract_b
[2023-09-04T16:58:51.369+0000] {task_command.py:376} INFO - Running <TaskInstance: parallel_dag.extract_b manual__2023-09-04T16:58:50.812214+00:00 [running]> on host ba8dc7af021b
[2023-09-04T16:58:51.426+0000] {taskinstance.py:1592} INFO - Exporting the following env vars:
AIRFLOW_CTX_DAG_OWNER=***
AIRFLOW_CTX_DAG_ID=parallel_dag
AIRFLOW_CTX_TASK_ID=extract_b
AIRFLOW_CTX_EXECUTION_DATE=2023-09-04T16:58:50.812214+00:00
AIRFLOW_CTX_TRY_NUMBER=1
AIRFLOW_CTX_DAG_RUN_ID=manual__2023-09-04T16:58:50.812214+00:00
[2023-09-04T16:58:51.427+0000] {subprocess.py:63} INFO - Tmp dir root location: 
 /tmp
[2023-09-04T16:58:51.428+0000] {subprocess.py:75} INFO - Running command: ['/bin/bash', '-c', 'sleep 10']
[2023-09-04T16:58:51.435+0000] {subprocess.py:86} INFO - Output:
[2023-09-04T16:59:01.437+0000] {subprocess.py:97} INFO - Command exited with return code 0
[2023-09-04T16:59:01.456+0000] {taskinstance.py:1406} INFO - Marking task as SUCCESS. dag_id=parallel_dag, task_id=extract_b, execution_date=20230904T165850, start_date=20230904T165851, end_date=20230904T165901
[2023-09-04T16:59:01.473+0000] {local_task_job.py:164} INFO - Task exited with return code 0
[2023-09-04T16:59:01.496+0000] {local_task_job.py:273} INFO - 1 downstream tasks scheduled from follow-on schedule check
