[2023-09-12T00:06:24.218+0000] {processor.py:154} INFO - Started process (PID=61) to work on /opt/airflow/dags/groups/group_downloads.py
[2023-09-12T00:06:24.220+0000] {processor.py:756} INFO - Processing file /opt/airflow/dags/groups/group_downloads.py for tasks to queue
[2023-09-12T00:06:24.221+0000] {logging_mixin.py:120} INFO - [2023-09-12T00:06:24.220+0000] {dagbag.py:537} INFO - Filling up the DagBag from /opt/airflow/dags/groups/group_downloads.py
[2023-09-12T00:06:24.241+0000] {processor.py:768} WARNING - No viable dags retrieved from /opt/airflow/dags/groups/group_downloads.py
[2023-09-12T00:06:24.260+0000] {processor.py:176} INFO - Processing /opt/airflow/dags/groups/group_downloads.py took 0.045 seconds
[2023-09-12T00:06:54.612+0000] {processor.py:154} INFO - Started process (PID=93) to work on /opt/airflow/dags/groups/group_downloads.py
[2023-09-12T00:06:54.613+0000] {processor.py:756} INFO - Processing file /opt/airflow/dags/groups/group_downloads.py for tasks to queue
[2023-09-12T00:06:54.614+0000] {logging_mixin.py:120} INFO - [2023-09-12T00:06:54.614+0000] {dagbag.py:537} INFO - Filling up the DagBag from /opt/airflow/dags/groups/group_downloads.py
[2023-09-12T00:06:54.628+0000] {processor.py:768} WARNING - No viable dags retrieved from /opt/airflow/dags/groups/group_downloads.py
[2023-09-12T00:06:54.641+0000] {processor.py:176} INFO - Processing /opt/airflow/dags/groups/group_downloads.py took 0.031 seconds
[2023-09-12T00:07:24.687+0000] {processor.py:154} INFO - Started process (PID=134) to work on /opt/airflow/dags/groups/group_downloads.py
[2023-09-12T00:07:24.688+0000] {processor.py:756} INFO - Processing file /opt/airflow/dags/groups/group_downloads.py for tasks to queue
[2023-09-12T00:07:24.689+0000] {logging_mixin.py:120} INFO - [2023-09-12T00:07:24.689+0000] {dagbag.py:537} INFO - Filling up the DagBag from /opt/airflow/dags/groups/group_downloads.py
[2023-09-12T00:07:24.704+0000] {processor.py:768} WARNING - No viable dags retrieved from /opt/airflow/dags/groups/group_downloads.py
[2023-09-12T00:07:24.715+0000] {processor.py:176} INFO - Processing /opt/airflow/dags/groups/group_downloads.py took 0.031 seconds
[2023-09-12T00:07:55.294+0000] {processor.py:154} INFO - Started process (PID=175) to work on /opt/airflow/dags/groups/group_downloads.py
[2023-09-12T00:07:55.295+0000] {processor.py:756} INFO - Processing file /opt/airflow/dags/groups/group_downloads.py for tasks to queue
[2023-09-12T00:07:55.296+0000] {logging_mixin.py:120} INFO - [2023-09-12T00:07:55.296+0000] {dagbag.py:537} INFO - Filling up the DagBag from /opt/airflow/dags/groups/group_downloads.py
[2023-09-12T00:07:55.312+0000] {processor.py:768} WARNING - No viable dags retrieved from /opt/airflow/dags/groups/group_downloads.py
[2023-09-12T00:07:55.325+0000] {processor.py:176} INFO - Processing /opt/airflow/dags/groups/group_downloads.py took 0.034 seconds
[2023-09-12T00:08:25.559+0000] {processor.py:154} INFO - Started process (PID=206) to work on /opt/airflow/dags/groups/group_downloads.py
[2023-09-12T00:08:25.560+0000] {processor.py:756} INFO - Processing file /opt/airflow/dags/groups/group_downloads.py for tasks to queue
[2023-09-12T00:08:25.561+0000] {logging_mixin.py:120} INFO - [2023-09-12T00:08:25.561+0000] {dagbag.py:537} INFO - Filling up the DagBag from /opt/airflow/dags/groups/group_downloads.py
[2023-09-12T00:08:25.576+0000] {processor.py:768} WARNING - No viable dags retrieved from /opt/airflow/dags/groups/group_downloads.py
[2023-09-12T00:08:25.587+0000] {processor.py:176} INFO - Processing /opt/airflow/dags/groups/group_downloads.py took 0.031 seconds
[2023-09-12T00:08:56.612+0000] {processor.py:154} INFO - Started process (PID=245) to work on /opt/airflow/dags/groups/group_downloads.py
[2023-09-12T00:08:56.613+0000] {processor.py:756} INFO - Processing file /opt/airflow/dags/groups/group_downloads.py for tasks to queue
[2023-09-12T00:08:56.614+0000] {logging_mixin.py:120} INFO - [2023-09-12T00:08:56.614+0000] {dagbag.py:537} INFO - Filling up the DagBag from /opt/airflow/dags/groups/group_downloads.py
[2023-09-12T00:08:56.629+0000] {processor.py:768} WARNING - No viable dags retrieved from /opt/airflow/dags/groups/group_downloads.py
[2023-09-12T00:08:56.639+0000] {processor.py:176} INFO - Processing /opt/airflow/dags/groups/group_downloads.py took 0.030 seconds
[2023-09-12T00:09:26.875+0000] {processor.py:154} INFO - Started process (PID=285) to work on /opt/airflow/dags/groups/group_downloads.py
[2023-09-12T00:09:26.875+0000] {processor.py:756} INFO - Processing file /opt/airflow/dags/groups/group_downloads.py for tasks to queue
[2023-09-12T00:09:26.876+0000] {logging_mixin.py:120} INFO - [2023-09-12T00:09:26.876+0000] {dagbag.py:537} INFO - Filling up the DagBag from /opt/airflow/dags/groups/group_downloads.py
[2023-09-12T00:09:26.890+0000] {processor.py:768} WARNING - No viable dags retrieved from /opt/airflow/dags/groups/group_downloads.py
[2023-09-12T00:09:26.900+0000] {processor.py:176} INFO - Processing /opt/airflow/dags/groups/group_downloads.py took 0.028 seconds
[2023-09-12T00:09:57.168+0000] {processor.py:154} INFO - Started process (PID=325) to work on /opt/airflow/dags/groups/group_downloads.py
[2023-09-12T00:09:57.169+0000] {processor.py:756} INFO - Processing file /opt/airflow/dags/groups/group_downloads.py for tasks to queue
[2023-09-12T00:09:57.170+0000] {logging_mixin.py:120} INFO - [2023-09-12T00:09:57.169+0000] {dagbag.py:537} INFO - Filling up the DagBag from /opt/airflow/dags/groups/group_downloads.py
[2023-09-12T00:09:57.185+0000] {processor.py:768} WARNING - No viable dags retrieved from /opt/airflow/dags/groups/group_downloads.py
[2023-09-12T00:09:57.196+0000] {processor.py:176} INFO - Processing /opt/airflow/dags/groups/group_downloads.py took 0.031 seconds
[2023-09-12T00:10:27.406+0000] {processor.py:154} INFO - Started process (PID=356) to work on /opt/airflow/dags/groups/group_downloads.py
[2023-09-12T00:10:27.407+0000] {processor.py:756} INFO - Processing file /opt/airflow/dags/groups/group_downloads.py for tasks to queue
[2023-09-12T00:10:27.408+0000] {logging_mixin.py:120} INFO - [2023-09-12T00:10:27.408+0000] {dagbag.py:537} INFO - Filling up the DagBag from /opt/airflow/dags/groups/group_downloads.py
[2023-09-12T00:10:27.426+0000] {processor.py:768} WARNING - No viable dags retrieved from /opt/airflow/dags/groups/group_downloads.py
[2023-09-12T00:10:27.439+0000] {processor.py:176} INFO - Processing /opt/airflow/dags/groups/group_downloads.py took 0.035 seconds
[2023-09-12T00:10:57.558+0000] {processor.py:154} INFO - Started process (PID=396) to work on /opt/airflow/dags/groups/group_downloads.py
[2023-09-12T00:10:57.559+0000] {processor.py:756} INFO - Processing file /opt/airflow/dags/groups/group_downloads.py for tasks to queue
[2023-09-12T00:10:57.560+0000] {logging_mixin.py:120} INFO - [2023-09-12T00:10:57.560+0000] {dagbag.py:537} INFO - Filling up the DagBag from /opt/airflow/dags/groups/group_downloads.py
[2023-09-12T00:10:57.573+0000] {processor.py:768} WARNING - No viable dags retrieved from /opt/airflow/dags/groups/group_downloads.py
[2023-09-12T00:10:57.583+0000] {processor.py:176} INFO - Processing /opt/airflow/dags/groups/group_downloads.py took 0.028 seconds
[2023-09-12T00:11:27.903+0000] {processor.py:154} INFO - Started process (PID=442) to work on /opt/airflow/dags/groups/group_downloads.py
[2023-09-12T00:11:27.904+0000] {processor.py:756} INFO - Processing file /opt/airflow/dags/groups/group_downloads.py for tasks to queue
[2023-09-12T00:11:27.905+0000] {logging_mixin.py:120} INFO - [2023-09-12T00:11:27.905+0000] {dagbag.py:537} INFO - Filling up the DagBag from /opt/airflow/dags/groups/group_downloads.py
[2023-09-12T00:11:27.920+0000] {processor.py:768} WARNING - No viable dags retrieved from /opt/airflow/dags/groups/group_downloads.py
[2023-09-12T00:11:27.932+0000] {processor.py:176} INFO - Processing /opt/airflow/dags/groups/group_downloads.py took 0.031 seconds
[2023-09-12T00:11:58.185+0000] {processor.py:154} INFO - Started process (PID=490) to work on /opt/airflow/dags/groups/group_downloads.py
[2023-09-12T00:11:58.186+0000] {processor.py:756} INFO - Processing file /opt/airflow/dags/groups/group_downloads.py for tasks to queue
[2023-09-12T00:11:58.187+0000] {logging_mixin.py:120} INFO - [2023-09-12T00:11:58.187+0000] {dagbag.py:537} INFO - Filling up the DagBag from /opt/airflow/dags/groups/group_downloads.py
[2023-09-12T00:11:58.204+0000] {processor.py:768} WARNING - No viable dags retrieved from /opt/airflow/dags/groups/group_downloads.py
[2023-09-12T00:11:58.216+0000] {processor.py:176} INFO - Processing /opt/airflow/dags/groups/group_downloads.py took 0.034 seconds
[2023-09-12T00:12:28.522+0000] {processor.py:154} INFO - Started process (PID=540) to work on /opt/airflow/dags/groups/group_downloads.py
[2023-09-12T00:12:28.523+0000] {processor.py:756} INFO - Processing file /opt/airflow/dags/groups/group_downloads.py for tasks to queue
[2023-09-12T00:12:28.524+0000] {logging_mixin.py:120} INFO - [2023-09-12T00:12:28.523+0000] {dagbag.py:537} INFO - Filling up the DagBag from /opt/airflow/dags/groups/group_downloads.py
[2023-09-12T00:12:28.539+0000] {processor.py:768} WARNING - No viable dags retrieved from /opt/airflow/dags/groups/group_downloads.py
[2023-09-12T00:12:28.552+0000] {processor.py:176} INFO - Processing /opt/airflow/dags/groups/group_downloads.py took 0.032 seconds
[2023-09-12T00:12:58.834+0000] {processor.py:154} INFO - Started process (PID=579) to work on /opt/airflow/dags/groups/group_downloads.py
[2023-09-12T00:12:58.835+0000] {processor.py:756} INFO - Processing file /opt/airflow/dags/groups/group_downloads.py for tasks to queue
[2023-09-12T00:12:58.836+0000] {logging_mixin.py:120} INFO - [2023-09-12T00:12:58.836+0000] {dagbag.py:537} INFO - Filling up the DagBag from /opt/airflow/dags/groups/group_downloads.py
[2023-09-12T00:12:58.853+0000] {processor.py:768} WARNING - No viable dags retrieved from /opt/airflow/dags/groups/group_downloads.py
[2023-09-12T00:12:58.863+0000] {processor.py:176} INFO - Processing /opt/airflow/dags/groups/group_downloads.py took 0.032 seconds
[2023-09-12T00:13:29.236+0000] {processor.py:154} INFO - Started process (PID=619) to work on /opt/airflow/dags/groups/group_downloads.py
[2023-09-12T00:13:29.238+0000] {processor.py:756} INFO - Processing file /opt/airflow/dags/groups/group_downloads.py for tasks to queue
[2023-09-12T00:13:29.239+0000] {logging_mixin.py:120} INFO - [2023-09-12T00:13:29.238+0000] {dagbag.py:537} INFO - Filling up the DagBag from /opt/airflow/dags/groups/group_downloads.py
[2023-09-12T00:13:29.257+0000] {processor.py:768} WARNING - No viable dags retrieved from /opt/airflow/dags/groups/group_downloads.py
[2023-09-12T00:13:29.268+0000] {processor.py:176} INFO - Processing /opt/airflow/dags/groups/group_downloads.py took 0.035 seconds
[2023-09-12T00:14:33.202+0000] {processor.py:154} INFO - Started process (PID=47) to work on /opt/airflow/dags/groups/group_downloads.py
[2023-09-12T00:14:33.203+0000] {processor.py:756} INFO - Processing file /opt/airflow/dags/groups/group_downloads.py for tasks to queue
[2023-09-12T00:14:33.203+0000] {logging_mixin.py:120} INFO - [2023-09-12T00:14:33.203+0000] {dagbag.py:537} INFO - Filling up the DagBag from /opt/airflow/dags/groups/group_downloads.py
[2023-09-12T00:14:33.218+0000] {processor.py:768} WARNING - No viable dags retrieved from /opt/airflow/dags/groups/group_downloads.py
[2023-09-12T00:14:33.231+0000] {processor.py:176} INFO - Processing /opt/airflow/dags/groups/group_downloads.py took 0.032 seconds
[2023-09-12T00:15:03.275+0000] {processor.py:154} INFO - Started process (PID=122) to work on /opt/airflow/dags/groups/group_downloads.py
[2023-09-12T00:15:03.275+0000] {processor.py:756} INFO - Processing file /opt/airflow/dags/groups/group_downloads.py for tasks to queue
[2023-09-12T00:15:03.276+0000] {logging_mixin.py:120} INFO - [2023-09-12T00:15:03.276+0000] {dagbag.py:537} INFO - Filling up the DagBag from /opt/airflow/dags/groups/group_downloads.py
[2023-09-12T00:15:03.294+0000] {processor.py:768} WARNING - No viable dags retrieved from /opt/airflow/dags/groups/group_downloads.py
[2023-09-12T00:15:03.307+0000] {processor.py:176} INFO - Processing /opt/airflow/dags/groups/group_downloads.py took 0.035 seconds
[2023-09-12T00:15:34.031+0000] {processor.py:154} INFO - Started process (PID=210) to work on /opt/airflow/dags/groups/group_downloads.py
[2023-09-12T00:15:34.032+0000] {processor.py:756} INFO - Processing file /opt/airflow/dags/groups/group_downloads.py for tasks to queue
[2023-09-12T00:15:34.033+0000] {logging_mixin.py:120} INFO - [2023-09-12T00:15:34.033+0000] {dagbag.py:537} INFO - Filling up the DagBag from /opt/airflow/dags/groups/group_downloads.py
[2023-09-12T00:15:34.048+0000] {processor.py:768} WARNING - No viable dags retrieved from /opt/airflow/dags/groups/group_downloads.py
[2023-09-12T00:15:34.060+0000] {processor.py:176} INFO - Processing /opt/airflow/dags/groups/group_downloads.py took 0.031 seconds
[2023-09-12T00:16:04.692+0000] {processor.py:154} INFO - Started process (PID=289) to work on /opt/airflow/dags/groups/group_downloads.py
[2023-09-12T00:16:04.694+0000] {processor.py:756} INFO - Processing file /opt/airflow/dags/groups/group_downloads.py for tasks to queue
[2023-09-12T00:16:04.695+0000] {logging_mixin.py:120} INFO - [2023-09-12T00:16:04.694+0000] {dagbag.py:537} INFO - Filling up the DagBag from /opt/airflow/dags/groups/group_downloads.py
[2023-09-12T00:16:04.709+0000] {processor.py:768} WARNING - No viable dags retrieved from /opt/airflow/dags/groups/group_downloads.py
[2023-09-12T00:16:04.720+0000] {processor.py:176} INFO - Processing /opt/airflow/dags/groups/group_downloads.py took 0.030 seconds
[2023-09-12T00:16:34.763+0000] {processor.py:154} INFO - Started process (PID=377) to work on /opt/airflow/dags/groups/group_downloads.py
[2023-09-12T00:16:34.763+0000] {processor.py:756} INFO - Processing file /opt/airflow/dags/groups/group_downloads.py for tasks to queue
[2023-09-12T00:16:34.764+0000] {logging_mixin.py:120} INFO - [2023-09-12T00:16:34.764+0000] {dagbag.py:537} INFO - Filling up the DagBag from /opt/airflow/dags/groups/group_downloads.py
[2023-09-12T00:16:34.780+0000] {processor.py:768} WARNING - No viable dags retrieved from /opt/airflow/dags/groups/group_downloads.py
[2023-09-12T00:16:34.791+0000] {processor.py:176} INFO - Processing /opt/airflow/dags/groups/group_downloads.py took 0.030 seconds
[2023-09-12T00:17:05.648+0000] {processor.py:154} INFO - Started process (PID=457) to work on /opt/airflow/dags/groups/group_downloads.py
[2023-09-12T00:17:05.649+0000] {processor.py:756} INFO - Processing file /opt/airflow/dags/groups/group_downloads.py for tasks to queue
[2023-09-12T00:17:05.650+0000] {logging_mixin.py:120} INFO - [2023-09-12T00:17:05.650+0000] {dagbag.py:537} INFO - Filling up the DagBag from /opt/airflow/dags/groups/group_downloads.py
[2023-09-12T00:17:05.667+0000] {processor.py:768} WARNING - No viable dags retrieved from /opt/airflow/dags/groups/group_downloads.py
[2023-09-12T00:17:05.679+0000] {processor.py:176} INFO - Processing /opt/airflow/dags/groups/group_downloads.py took 0.033 seconds
[2023-09-12T00:17:35.890+0000] {processor.py:154} INFO - Started process (PID=536) to work on /opt/airflow/dags/groups/group_downloads.py
[2023-09-12T00:17:35.891+0000] {processor.py:756} INFO - Processing file /opt/airflow/dags/groups/group_downloads.py for tasks to queue
[2023-09-12T00:17:35.892+0000] {logging_mixin.py:120} INFO - [2023-09-12T00:17:35.892+0000] {dagbag.py:537} INFO - Filling up the DagBag from /opt/airflow/dags/groups/group_downloads.py
[2023-09-12T00:17:35.909+0000] {processor.py:768} WARNING - No viable dags retrieved from /opt/airflow/dags/groups/group_downloads.py
[2023-09-12T00:17:35.927+0000] {processor.py:176} INFO - Processing /opt/airflow/dags/groups/group_downloads.py took 0.039 seconds
[2023-09-12T00:18:05.960+0000] {processor.py:154} INFO - Started process (PID=614) to work on /opt/airflow/dags/groups/group_downloads.py
[2023-09-12T00:18:05.961+0000] {processor.py:756} INFO - Processing file /opt/airflow/dags/groups/group_downloads.py for tasks to queue
[2023-09-12T00:18:05.962+0000] {logging_mixin.py:120} INFO - [2023-09-12T00:18:05.962+0000] {dagbag.py:537} INFO - Filling up the DagBag from /opt/airflow/dags/groups/group_downloads.py
[2023-09-12T00:18:05.980+0000] {processor.py:768} WARNING - No viable dags retrieved from /opt/airflow/dags/groups/group_downloads.py
[2023-09-12T00:18:05.994+0000] {processor.py:176} INFO - Processing /opt/airflow/dags/groups/group_downloads.py took 0.036 seconds
[2023-09-12T00:18:36.271+0000] {processor.py:154} INFO - Started process (PID=685) to work on /opt/airflow/dags/groups/group_downloads.py
[2023-09-12T00:18:36.272+0000] {processor.py:756} INFO - Processing file /opt/airflow/dags/groups/group_downloads.py for tasks to queue
[2023-09-12T00:18:36.273+0000] {logging_mixin.py:120} INFO - [2023-09-12T00:18:36.273+0000] {dagbag.py:537} INFO - Filling up the DagBag from /opt/airflow/dags/groups/group_downloads.py
[2023-09-12T00:18:36.289+0000] {processor.py:768} WARNING - No viable dags retrieved from /opt/airflow/dags/groups/group_downloads.py
[2023-09-12T00:18:36.300+0000] {processor.py:176} INFO - Processing /opt/airflow/dags/groups/group_downloads.py took 0.031 seconds
[2023-09-12T00:19:06.785+0000] {processor.py:154} INFO - Started process (PID=764) to work on /opt/airflow/dags/groups/group_downloads.py
[2023-09-12T00:19:06.786+0000] {processor.py:756} INFO - Processing file /opt/airflow/dags/groups/group_downloads.py for tasks to queue
[2023-09-12T00:19:06.787+0000] {logging_mixin.py:120} INFO - [2023-09-12T00:19:06.787+0000] {dagbag.py:537} INFO - Filling up the DagBag from /opt/airflow/dags/groups/group_downloads.py
[2023-09-12T00:19:06.803+0000] {processor.py:768} WARNING - No viable dags retrieved from /opt/airflow/dags/groups/group_downloads.py
[2023-09-12T00:19:06.815+0000] {processor.py:176} INFO - Processing /opt/airflow/dags/groups/group_downloads.py took 0.033 seconds
[2023-09-12T00:19:37.038+0000] {processor.py:154} INFO - Started process (PID=845) to work on /opt/airflow/dags/groups/group_downloads.py
[2023-09-12T00:19:37.039+0000] {processor.py:756} INFO - Processing file /opt/airflow/dags/groups/group_downloads.py for tasks to queue
[2023-09-12T00:19:37.040+0000] {logging_mixin.py:120} INFO - [2023-09-12T00:19:37.040+0000] {dagbag.py:537} INFO - Filling up the DagBag from /opt/airflow/dags/groups/group_downloads.py
[2023-09-12T00:19:37.056+0000] {processor.py:768} WARNING - No viable dags retrieved from /opt/airflow/dags/groups/group_downloads.py
[2023-09-12T00:19:37.067+0000] {processor.py:176} INFO - Processing /opt/airflow/dags/groups/group_downloads.py took 0.032 seconds
[2023-09-12T00:20:07.373+0000] {processor.py:154} INFO - Started process (PID=917) to work on /opt/airflow/dags/groups/group_downloads.py
[2023-09-12T00:20:07.374+0000] {processor.py:756} INFO - Processing file /opt/airflow/dags/groups/group_downloads.py for tasks to queue
[2023-09-12T00:20:07.375+0000] {logging_mixin.py:120} INFO - [2023-09-12T00:20:07.375+0000] {dagbag.py:537} INFO - Filling up the DagBag from /opt/airflow/dags/groups/group_downloads.py
[2023-09-12T00:20:07.394+0000] {processor.py:768} WARNING - No viable dags retrieved from /opt/airflow/dags/groups/group_downloads.py
[2023-09-12T00:20:07.410+0000] {processor.py:176} INFO - Processing /opt/airflow/dags/groups/group_downloads.py took 0.040 seconds
[2023-09-12T00:20:37.736+0000] {processor.py:154} INFO - Started process (PID=998) to work on /opt/airflow/dags/groups/group_downloads.py
[2023-09-12T00:20:37.737+0000] {processor.py:756} INFO - Processing file /opt/airflow/dags/groups/group_downloads.py for tasks to queue
[2023-09-12T00:20:37.738+0000] {logging_mixin.py:120} INFO - [2023-09-12T00:20:37.738+0000] {dagbag.py:537} INFO - Filling up the DagBag from /opt/airflow/dags/groups/group_downloads.py
[2023-09-12T00:20:37.753+0000] {processor.py:768} WARNING - No viable dags retrieved from /opt/airflow/dags/groups/group_downloads.py
[2023-09-12T00:20:37.765+0000] {processor.py:176} INFO - Processing /opt/airflow/dags/groups/group_downloads.py took 0.032 seconds
[2023-09-12T00:21:07.826+0000] {processor.py:154} INFO - Started process (PID=1079) to work on /opt/airflow/dags/groups/group_downloads.py
[2023-09-12T00:21:07.827+0000] {processor.py:756} INFO - Processing file /opt/airflow/dags/groups/group_downloads.py for tasks to queue
[2023-09-12T00:21:07.828+0000] {logging_mixin.py:120} INFO - [2023-09-12T00:21:07.828+0000] {dagbag.py:537} INFO - Filling up the DagBag from /opt/airflow/dags/groups/group_downloads.py
[2023-09-12T00:21:07.844+0000] {processor.py:768} WARNING - No viable dags retrieved from /opt/airflow/dags/groups/group_downloads.py
[2023-09-12T00:21:07.858+0000] {processor.py:176} INFO - Processing /opt/airflow/dags/groups/group_downloads.py took 0.035 seconds
[2023-09-12T00:21:38.162+0000] {processor.py:154} INFO - Started process (PID=1160) to work on /opt/airflow/dags/groups/group_downloads.py
[2023-09-12T00:21:38.163+0000] {processor.py:756} INFO - Processing file /opt/airflow/dags/groups/group_downloads.py for tasks to queue
[2023-09-12T00:21:38.165+0000] {logging_mixin.py:120} INFO - [2023-09-12T00:21:38.164+0000] {dagbag.py:537} INFO - Filling up the DagBag from /opt/airflow/dags/groups/group_downloads.py
[2023-09-12T00:21:38.179+0000] {processor.py:768} WARNING - No viable dags retrieved from /opt/airflow/dags/groups/group_downloads.py
[2023-09-12T00:21:38.191+0000] {processor.py:176} INFO - Processing /opt/airflow/dags/groups/group_downloads.py took 0.031 seconds
[2023-09-12T00:22:08.691+0000] {processor.py:154} INFO - Started process (PID=1232) to work on /opt/airflow/dags/groups/group_downloads.py
[2023-09-12T00:22:08.692+0000] {processor.py:756} INFO - Processing file /opt/airflow/dags/groups/group_downloads.py for tasks to queue
[2023-09-12T00:22:08.693+0000] {logging_mixin.py:120} INFO - [2023-09-12T00:22:08.693+0000] {dagbag.py:537} INFO - Filling up the DagBag from /opt/airflow/dags/groups/group_downloads.py
[2023-09-12T00:22:08.709+0000] {processor.py:768} WARNING - No viable dags retrieved from /opt/airflow/dags/groups/group_downloads.py
[2023-09-12T00:22:08.720+0000] {processor.py:176} INFO - Processing /opt/airflow/dags/groups/group_downloads.py took 0.032 seconds
[2023-09-12T00:22:39.036+0000] {processor.py:154} INFO - Started process (PID=1312) to work on /opt/airflow/dags/groups/group_downloads.py
[2023-09-12T00:22:39.037+0000] {processor.py:756} INFO - Processing file /opt/airflow/dags/groups/group_downloads.py for tasks to queue
[2023-09-12T00:22:39.038+0000] {logging_mixin.py:120} INFO - [2023-09-12T00:22:39.038+0000] {dagbag.py:537} INFO - Filling up the DagBag from /opt/airflow/dags/groups/group_downloads.py
[2023-09-12T00:22:39.052+0000] {processor.py:768} WARNING - No viable dags retrieved from /opt/airflow/dags/groups/group_downloads.py
[2023-09-12T00:22:39.064+0000] {processor.py:176} INFO - Processing /opt/airflow/dags/groups/group_downloads.py took 0.031 seconds
[2023-09-12T00:23:09.320+0000] {processor.py:154} INFO - Started process (PID=1393) to work on /opt/airflow/dags/groups/group_downloads.py
[2023-09-12T00:23:09.321+0000] {processor.py:756} INFO - Processing file /opt/airflow/dags/groups/group_downloads.py for tasks to queue
[2023-09-12T00:23:09.322+0000] {logging_mixin.py:120} INFO - [2023-09-12T00:23:09.322+0000] {dagbag.py:537} INFO - Filling up the DagBag from /opt/airflow/dags/groups/group_downloads.py
[2023-09-12T00:23:09.335+0000] {processor.py:768} WARNING - No viable dags retrieved from /opt/airflow/dags/groups/group_downloads.py
[2023-09-12T00:23:09.346+0000] {processor.py:176} INFO - Processing /opt/airflow/dags/groups/group_downloads.py took 0.028 seconds
[2023-09-12T00:23:40.140+0000] {processor.py:154} INFO - Started process (PID=1475) to work on /opt/airflow/dags/groups/group_downloads.py
[2023-09-12T00:23:40.141+0000] {processor.py:756} INFO - Processing file /opt/airflow/dags/groups/group_downloads.py for tasks to queue
[2023-09-12T00:23:40.142+0000] {logging_mixin.py:120} INFO - [2023-09-12T00:23:40.142+0000] {dagbag.py:537} INFO - Filling up the DagBag from /opt/airflow/dags/groups/group_downloads.py
[2023-09-12T00:23:40.157+0000] {processor.py:768} WARNING - No viable dags retrieved from /opt/airflow/dags/groups/group_downloads.py
[2023-09-12T00:23:40.170+0000] {processor.py:176} INFO - Processing /opt/airflow/dags/groups/group_downloads.py took 0.033 seconds
[2023-09-12T00:24:11.073+0000] {processor.py:154} INFO - Started process (PID=1548) to work on /opt/airflow/dags/groups/group_downloads.py
[2023-09-12T00:24:11.075+0000] {processor.py:756} INFO - Processing file /opt/airflow/dags/groups/group_downloads.py for tasks to queue
[2023-09-12T00:24:11.076+0000] {logging_mixin.py:120} INFO - [2023-09-12T00:24:11.075+0000] {dagbag.py:537} INFO - Filling up the DagBag from /opt/airflow/dags/groups/group_downloads.py
[2023-09-12T00:24:11.090+0000] {processor.py:768} WARNING - No viable dags retrieved from /opt/airflow/dags/groups/group_downloads.py
[2023-09-12T00:24:11.105+0000] {processor.py:176} INFO - Processing /opt/airflow/dags/groups/group_downloads.py took 0.037 seconds
[2023-09-12T00:24:41.865+0000] {processor.py:154} INFO - Started process (PID=1629) to work on /opt/airflow/dags/groups/group_downloads.py
[2023-09-12T00:24:41.866+0000] {processor.py:756} INFO - Processing file /opt/airflow/dags/groups/group_downloads.py for tasks to queue
[2023-09-12T00:24:41.867+0000] {logging_mixin.py:120} INFO - [2023-09-12T00:24:41.867+0000] {dagbag.py:537} INFO - Filling up the DagBag from /opt/airflow/dags/groups/group_downloads.py
[2023-09-12T00:24:41.882+0000] {processor.py:768} WARNING - No viable dags retrieved from /opt/airflow/dags/groups/group_downloads.py
[2023-09-12T00:24:41.893+0000] {processor.py:176} INFO - Processing /opt/airflow/dags/groups/group_downloads.py took 0.031 seconds
[2023-09-12T00:25:12.746+0000] {processor.py:154} INFO - Started process (PID=1710) to work on /opt/airflow/dags/groups/group_downloads.py
[2023-09-12T00:25:12.747+0000] {processor.py:756} INFO - Processing file /opt/airflow/dags/groups/group_downloads.py for tasks to queue
[2023-09-12T00:25:12.747+0000] {logging_mixin.py:120} INFO - [2023-09-12T00:25:12.747+0000] {dagbag.py:537} INFO - Filling up the DagBag from /opt/airflow/dags/groups/group_downloads.py
[2023-09-12T00:25:12.761+0000] {processor.py:768} WARNING - No viable dags retrieved from /opt/airflow/dags/groups/group_downloads.py
[2023-09-12T00:25:12.772+0000] {processor.py:176} INFO - Processing /opt/airflow/dags/groups/group_downloads.py took 0.028 seconds
[2023-09-12T00:25:42.856+0000] {processor.py:154} INFO - Started process (PID=1789) to work on /opt/airflow/dags/groups/group_downloads.py
[2023-09-12T00:25:42.857+0000] {processor.py:756} INFO - Processing file /opt/airflow/dags/groups/group_downloads.py for tasks to queue
[2023-09-12T00:25:42.857+0000] {logging_mixin.py:120} INFO - [2023-09-12T00:25:42.857+0000] {dagbag.py:537} INFO - Filling up the DagBag from /opt/airflow/dags/groups/group_downloads.py
[2023-09-12T00:25:42.870+0000] {processor.py:768} WARNING - No viable dags retrieved from /opt/airflow/dags/groups/group_downloads.py
[2023-09-12T00:25:42.881+0000] {processor.py:176} INFO - Processing /opt/airflow/dags/groups/group_downloads.py took 0.028 seconds
[2023-09-12T00:26:13.755+0000] {processor.py:154} INFO - Started process (PID=1861) to work on /opt/airflow/dags/groups/group_downloads.py
[2023-09-12T00:26:13.756+0000] {processor.py:756} INFO - Processing file /opt/airflow/dags/groups/group_downloads.py for tasks to queue
[2023-09-12T00:26:13.757+0000] {logging_mixin.py:120} INFO - [2023-09-12T00:26:13.757+0000] {dagbag.py:537} INFO - Filling up the DagBag from /opt/airflow/dags/groups/group_downloads.py
[2023-09-12T00:26:13.772+0000] {processor.py:768} WARNING - No viable dags retrieved from /opt/airflow/dags/groups/group_downloads.py
[2023-09-12T00:26:13.783+0000] {processor.py:176} INFO - Processing /opt/airflow/dags/groups/group_downloads.py took 0.031 seconds
[2023-09-12T00:26:44.492+0000] {processor.py:154} INFO - Started process (PID=1943) to work on /opt/airflow/dags/groups/group_downloads.py
[2023-09-12T00:26:44.492+0000] {processor.py:756} INFO - Processing file /opt/airflow/dags/groups/group_downloads.py for tasks to queue
[2023-09-12T00:26:44.493+0000] {logging_mixin.py:120} INFO - [2023-09-12T00:26:44.493+0000] {dagbag.py:537} INFO - Filling up the DagBag from /opt/airflow/dags/groups/group_downloads.py
[2023-09-12T00:26:44.508+0000] {processor.py:768} WARNING - No viable dags retrieved from /opt/airflow/dags/groups/group_downloads.py
[2023-09-12T00:26:44.519+0000] {processor.py:176} INFO - Processing /opt/airflow/dags/groups/group_downloads.py took 0.030 seconds
[2023-09-12T00:27:15.330+0000] {processor.py:154} INFO - Started process (PID=2024) to work on /opt/airflow/dags/groups/group_downloads.py
[2023-09-12T00:27:15.331+0000] {processor.py:756} INFO - Processing file /opt/airflow/dags/groups/group_downloads.py for tasks to queue
[2023-09-12T00:27:15.331+0000] {logging_mixin.py:120} INFO - [2023-09-12T00:27:15.331+0000] {dagbag.py:537} INFO - Filling up the DagBag from /opt/airflow/dags/groups/group_downloads.py
[2023-09-12T00:27:15.346+0000] {processor.py:768} WARNING - No viable dags retrieved from /opt/airflow/dags/groups/group_downloads.py
[2023-09-12T00:27:15.360+0000] {processor.py:176} INFO - Processing /opt/airflow/dags/groups/group_downloads.py took 0.033 seconds
[2023-09-12T00:27:46.099+0000] {processor.py:154} INFO - Started process (PID=2105) to work on /opt/airflow/dags/groups/group_downloads.py
[2023-09-12T00:27:46.099+0000] {processor.py:756} INFO - Processing file /opt/airflow/dags/groups/group_downloads.py for tasks to queue
[2023-09-12T00:27:46.100+0000] {logging_mixin.py:120} INFO - [2023-09-12T00:27:46.100+0000] {dagbag.py:537} INFO - Filling up the DagBag from /opt/airflow/dags/groups/group_downloads.py
[2023-09-12T00:27:46.115+0000] {processor.py:768} WARNING - No viable dags retrieved from /opt/airflow/dags/groups/group_downloads.py
[2023-09-12T00:27:46.129+0000] {processor.py:176} INFO - Processing /opt/airflow/dags/groups/group_downloads.py took 0.033 seconds
[2023-09-12T00:28:16.688+0000] {processor.py:154} INFO - Started process (PID=2186) to work on /opt/airflow/dags/groups/group_downloads.py
[2023-09-12T00:28:16.689+0000] {processor.py:756} INFO - Processing file /opt/airflow/dags/groups/group_downloads.py for tasks to queue
[2023-09-12T00:28:16.690+0000] {logging_mixin.py:120} INFO - [2023-09-12T00:28:16.690+0000] {dagbag.py:537} INFO - Filling up the DagBag from /opt/airflow/dags/groups/group_downloads.py
[2023-09-12T00:28:16.706+0000] {processor.py:768} WARNING - No viable dags retrieved from /opt/airflow/dags/groups/group_downloads.py
[2023-09-12T00:28:16.722+0000] {processor.py:176} INFO - Processing /opt/airflow/dags/groups/group_downloads.py took 0.036 seconds
[2023-09-12T00:28:47.296+0000] {processor.py:154} INFO - Started process (PID=2258) to work on /opt/airflow/dags/groups/group_downloads.py
[2023-09-12T00:28:47.297+0000] {processor.py:756} INFO - Processing file /opt/airflow/dags/groups/group_downloads.py for tasks to queue
[2023-09-12T00:28:47.298+0000] {logging_mixin.py:120} INFO - [2023-09-12T00:28:47.298+0000] {dagbag.py:537} INFO - Filling up the DagBag from /opt/airflow/dags/groups/group_downloads.py
[2023-09-12T00:28:47.310+0000] {processor.py:768} WARNING - No viable dags retrieved from /opt/airflow/dags/groups/group_downloads.py
[2023-09-12T00:28:47.321+0000] {processor.py:176} INFO - Processing /opt/airflow/dags/groups/group_downloads.py took 0.027 seconds
[2023-09-12T00:29:18.148+0000] {processor.py:154} INFO - Started process (PID=2339) to work on /opt/airflow/dags/groups/group_downloads.py
[2023-09-12T00:29:18.149+0000] {processor.py:756} INFO - Processing file /opt/airflow/dags/groups/group_downloads.py for tasks to queue
[2023-09-12T00:29:18.150+0000] {logging_mixin.py:120} INFO - [2023-09-12T00:29:18.150+0000] {dagbag.py:537} INFO - Filling up the DagBag from /opt/airflow/dags/groups/group_downloads.py
[2023-09-12T00:29:18.165+0000] {processor.py:768} WARNING - No viable dags retrieved from /opt/airflow/dags/groups/group_downloads.py
[2023-09-12T00:29:18.176+0000] {processor.py:176} INFO - Processing /opt/airflow/dags/groups/group_downloads.py took 0.031 seconds
[2023-09-12T00:29:48.877+0000] {processor.py:154} INFO - Started process (PID=2420) to work on /opt/airflow/dags/groups/group_downloads.py
[2023-09-12T00:29:48.878+0000] {processor.py:756} INFO - Processing file /opt/airflow/dags/groups/group_downloads.py for tasks to queue
[2023-09-12T00:29:48.879+0000] {logging_mixin.py:120} INFO - [2023-09-12T00:29:48.878+0000] {dagbag.py:537} INFO - Filling up the DagBag from /opt/airflow/dags/groups/group_downloads.py
[2023-09-12T00:29:48.893+0000] {processor.py:768} WARNING - No viable dags retrieved from /opt/airflow/dags/groups/group_downloads.py
[2023-09-12T00:29:48.905+0000] {processor.py:176} INFO - Processing /opt/airflow/dags/groups/group_downloads.py took 0.031 seconds
[2023-09-12T00:30:19.363+0000] {processor.py:154} INFO - Started process (PID=2501) to work on /opt/airflow/dags/groups/group_downloads.py
[2023-09-12T00:30:19.364+0000] {processor.py:756} INFO - Processing file /opt/airflow/dags/groups/group_downloads.py for tasks to queue
[2023-09-12T00:30:19.364+0000] {logging_mixin.py:120} INFO - [2023-09-12T00:30:19.364+0000] {dagbag.py:537} INFO - Filling up the DagBag from /opt/airflow/dags/groups/group_downloads.py
[2023-09-12T00:30:19.378+0000] {processor.py:768} WARNING - No viable dags retrieved from /opt/airflow/dags/groups/group_downloads.py
[2023-09-12T00:30:19.389+0000] {processor.py:176} INFO - Processing /opt/airflow/dags/groups/group_downloads.py took 0.029 seconds
[2023-09-12T00:30:50.178+0000] {processor.py:154} INFO - Started process (PID=2573) to work on /opt/airflow/dags/groups/group_downloads.py
[2023-09-12T00:30:50.179+0000] {processor.py:756} INFO - Processing file /opt/airflow/dags/groups/group_downloads.py for tasks to queue
[2023-09-12T00:30:50.180+0000] {logging_mixin.py:120} INFO - [2023-09-12T00:30:50.180+0000] {dagbag.py:537} INFO - Filling up the DagBag from /opt/airflow/dags/groups/group_downloads.py
[2023-09-12T00:30:50.195+0000] {processor.py:768} WARNING - No viable dags retrieved from /opt/airflow/dags/groups/group_downloads.py
[2023-09-12T00:30:50.206+0000] {processor.py:176} INFO - Processing /opt/airflow/dags/groups/group_downloads.py took 0.030 seconds
[2023-09-12T00:31:20.975+0000] {processor.py:154} INFO - Started process (PID=2655) to work on /opt/airflow/dags/groups/group_downloads.py
[2023-09-12T00:31:20.976+0000] {processor.py:756} INFO - Processing file /opt/airflow/dags/groups/group_downloads.py for tasks to queue
[2023-09-12T00:31:20.977+0000] {logging_mixin.py:120} INFO - [2023-09-12T00:31:20.977+0000] {dagbag.py:537} INFO - Filling up the DagBag from /opt/airflow/dags/groups/group_downloads.py
[2023-09-12T00:31:20.993+0000] {processor.py:768} WARNING - No viable dags retrieved from /opt/airflow/dags/groups/group_downloads.py
[2023-09-12T00:31:21.006+0000] {processor.py:176} INFO - Processing /opt/airflow/dags/groups/group_downloads.py took 0.033 seconds
[2023-09-12T00:31:51.957+0000] {processor.py:154} INFO - Started process (PID=2736) to work on /opt/airflow/dags/groups/group_downloads.py
[2023-09-12T00:31:51.958+0000] {processor.py:756} INFO - Processing file /opt/airflow/dags/groups/group_downloads.py for tasks to queue
[2023-09-12T00:31:51.959+0000] {logging_mixin.py:120} INFO - [2023-09-12T00:31:51.959+0000] {dagbag.py:537} INFO - Filling up the DagBag from /opt/airflow/dags/groups/group_downloads.py
[2023-09-12T00:31:51.974+0000] {processor.py:768} WARNING - No viable dags retrieved from /opt/airflow/dags/groups/group_downloads.py
[2023-09-12T00:31:51.985+0000] {processor.py:176} INFO - Processing /opt/airflow/dags/groups/group_downloads.py took 0.030 seconds
[2023-09-12T00:32:22.578+0000] {processor.py:154} INFO - Started process (PID=2817) to work on /opt/airflow/dags/groups/group_downloads.py
[2023-09-12T00:32:22.578+0000] {processor.py:756} INFO - Processing file /opt/airflow/dags/groups/group_downloads.py for tasks to queue
[2023-09-12T00:32:22.579+0000] {logging_mixin.py:120} INFO - [2023-09-12T00:32:22.579+0000] {dagbag.py:537} INFO - Filling up the DagBag from /opt/airflow/dags/groups/group_downloads.py
[2023-09-12T00:32:22.591+0000] {processor.py:768} WARNING - No viable dags retrieved from /opt/airflow/dags/groups/group_downloads.py
[2023-09-12T00:32:22.601+0000] {processor.py:176} INFO - Processing /opt/airflow/dags/groups/group_downloads.py took 0.027 seconds
[2023-09-12T00:32:53.522+0000] {processor.py:154} INFO - Started process (PID=2898) to work on /opt/airflow/dags/groups/group_downloads.py
[2023-09-12T00:32:53.523+0000] {processor.py:756} INFO - Processing file /opt/airflow/dags/groups/group_downloads.py for tasks to queue
[2023-09-12T00:32:53.524+0000] {logging_mixin.py:120} INFO - [2023-09-12T00:32:53.524+0000] {dagbag.py:537} INFO - Filling up the DagBag from /opt/airflow/dags/groups/group_downloads.py
[2023-09-12T00:32:53.540+0000] {processor.py:768} WARNING - No viable dags retrieved from /opt/airflow/dags/groups/group_downloads.py
[2023-09-12T00:32:53.552+0000] {processor.py:176} INFO - Processing /opt/airflow/dags/groups/group_downloads.py took 0.033 seconds
[2023-09-12T00:33:24.168+0000] {processor.py:154} INFO - Started process (PID=2970) to work on /opt/airflow/dags/groups/group_downloads.py
[2023-09-12T00:33:24.169+0000] {processor.py:756} INFO - Processing file /opt/airflow/dags/groups/group_downloads.py for tasks to queue
[2023-09-12T00:33:24.170+0000] {logging_mixin.py:120} INFO - [2023-09-12T00:33:24.170+0000] {dagbag.py:537} INFO - Filling up the DagBag from /opt/airflow/dags/groups/group_downloads.py
[2023-09-12T00:33:24.184+0000] {processor.py:768} WARNING - No viable dags retrieved from /opt/airflow/dags/groups/group_downloads.py
[2023-09-12T00:33:24.196+0000] {processor.py:176} INFO - Processing /opt/airflow/dags/groups/group_downloads.py took 0.031 seconds
[2023-09-12T00:33:54.883+0000] {processor.py:154} INFO - Started process (PID=3051) to work on /opt/airflow/dags/groups/group_downloads.py
[2023-09-12T00:33:54.884+0000] {processor.py:756} INFO - Processing file /opt/airflow/dags/groups/group_downloads.py for tasks to queue
[2023-09-12T00:33:54.885+0000] {logging_mixin.py:120} INFO - [2023-09-12T00:33:54.885+0000] {dagbag.py:537} INFO - Filling up the DagBag from /opt/airflow/dags/groups/group_downloads.py
[2023-09-12T00:33:54.903+0000] {processor.py:768} WARNING - No viable dags retrieved from /opt/airflow/dags/groups/group_downloads.py
[2023-09-12T00:33:54.914+0000] {processor.py:176} INFO - Processing /opt/airflow/dags/groups/group_downloads.py took 0.034 seconds
[2023-09-12T00:34:25.403+0000] {processor.py:154} INFO - Started process (PID=3132) to work on /opt/airflow/dags/groups/group_downloads.py
[2023-09-12T00:34:25.404+0000] {processor.py:756} INFO - Processing file /opt/airflow/dags/groups/group_downloads.py for tasks to queue
[2023-09-12T00:34:25.405+0000] {logging_mixin.py:120} INFO - [2023-09-12T00:34:25.405+0000] {dagbag.py:537} INFO - Filling up the DagBag from /opt/airflow/dags/groups/group_downloads.py
[2023-09-12T00:34:25.421+0000] {processor.py:768} WARNING - No viable dags retrieved from /opt/airflow/dags/groups/group_downloads.py
[2023-09-12T00:34:25.433+0000] {processor.py:176} INFO - Processing /opt/airflow/dags/groups/group_downloads.py took 0.033 seconds
[2023-09-12T00:34:56.232+0000] {processor.py:154} INFO - Started process (PID=3213) to work on /opt/airflow/dags/groups/group_downloads.py
[2023-09-12T00:34:56.233+0000] {processor.py:756} INFO - Processing file /opt/airflow/dags/groups/group_downloads.py for tasks to queue
[2023-09-12T00:34:56.234+0000] {logging_mixin.py:120} INFO - [2023-09-12T00:34:56.234+0000] {dagbag.py:537} INFO - Filling up the DagBag from /opt/airflow/dags/groups/group_downloads.py
[2023-09-12T00:34:56.249+0000] {processor.py:768} WARNING - No viable dags retrieved from /opt/airflow/dags/groups/group_downloads.py
[2023-09-12T00:34:56.262+0000] {processor.py:176} INFO - Processing /opt/airflow/dags/groups/group_downloads.py took 0.032 seconds
[2023-09-12T00:35:27.196+0000] {processor.py:154} INFO - Started process (PID=3285) to work on /opt/airflow/dags/groups/group_downloads.py
[2023-09-12T00:35:27.196+0000] {processor.py:756} INFO - Processing file /opt/airflow/dags/groups/group_downloads.py for tasks to queue
[2023-09-12T00:35:27.198+0000] {logging_mixin.py:120} INFO - [2023-09-12T00:35:27.197+0000] {dagbag.py:537} INFO - Filling up the DagBag from /opt/airflow/dags/groups/group_downloads.py
[2023-09-12T00:35:27.210+0000] {processor.py:768} WARNING - No viable dags retrieved from /opt/airflow/dags/groups/group_downloads.py
[2023-09-12T00:35:27.220+0000] {processor.py:176} INFO - Processing /opt/airflow/dags/groups/group_downloads.py took 0.027 seconds
[2023-09-12T00:35:58.074+0000] {processor.py:154} INFO - Started process (PID=3366) to work on /opt/airflow/dags/groups/group_downloads.py
[2023-09-12T00:35:58.075+0000] {processor.py:756} INFO - Processing file /opt/airflow/dags/groups/group_downloads.py for tasks to queue
[2023-09-12T00:35:58.076+0000] {logging_mixin.py:120} INFO - [2023-09-12T00:35:58.076+0000] {dagbag.py:537} INFO - Filling up the DagBag from /opt/airflow/dags/groups/group_downloads.py
[2023-09-12T00:35:58.090+0000] {processor.py:768} WARNING - No viable dags retrieved from /opt/airflow/dags/groups/group_downloads.py
[2023-09-12T00:35:58.102+0000] {processor.py:176} INFO - Processing /opt/airflow/dags/groups/group_downloads.py took 0.030 seconds
[2023-09-12T00:36:28.924+0000] {processor.py:154} INFO - Started process (PID=3447) to work on /opt/airflow/dags/groups/group_downloads.py
[2023-09-12T00:36:28.925+0000] {processor.py:756} INFO - Processing file /opt/airflow/dags/groups/group_downloads.py for tasks to queue
[2023-09-12T00:36:28.925+0000] {logging_mixin.py:120} INFO - [2023-09-12T00:36:28.925+0000] {dagbag.py:537} INFO - Filling up the DagBag from /opt/airflow/dags/groups/group_downloads.py
[2023-09-12T00:36:28.941+0000] {processor.py:768} WARNING - No viable dags retrieved from /opt/airflow/dags/groups/group_downloads.py
[2023-09-12T00:36:28.952+0000] {processor.py:176} INFO - Processing /opt/airflow/dags/groups/group_downloads.py took 0.031 seconds
[2023-09-12T00:36:59.802+0000] {processor.py:154} INFO - Started process (PID=3528) to work on /opt/airflow/dags/groups/group_downloads.py
[2023-09-12T00:36:59.803+0000] {processor.py:756} INFO - Processing file /opt/airflow/dags/groups/group_downloads.py for tasks to queue
[2023-09-12T00:36:59.804+0000] {logging_mixin.py:120} INFO - [2023-09-12T00:36:59.804+0000] {dagbag.py:537} INFO - Filling up the DagBag from /opt/airflow/dags/groups/group_downloads.py
[2023-09-12T00:36:59.822+0000] {processor.py:768} WARNING - No viable dags retrieved from /opt/airflow/dags/groups/group_downloads.py
[2023-09-12T00:36:59.837+0000] {processor.py:176} INFO - Processing /opt/airflow/dags/groups/group_downloads.py took 0.038 seconds
[2023-09-12T00:37:30.740+0000] {processor.py:154} INFO - Started process (PID=3609) to work on /opt/airflow/dags/groups/group_downloads.py
[2023-09-12T00:37:30.741+0000] {processor.py:756} INFO - Processing file /opt/airflow/dags/groups/group_downloads.py for tasks to queue
[2023-09-12T00:37:30.742+0000] {logging_mixin.py:120} INFO - [2023-09-12T00:37:30.742+0000] {dagbag.py:537} INFO - Filling up the DagBag from /opt/airflow/dags/groups/group_downloads.py
[2023-09-12T00:37:30.756+0000] {processor.py:768} WARNING - No viable dags retrieved from /opt/airflow/dags/groups/group_downloads.py
[2023-09-12T00:37:30.768+0000] {processor.py:176} INFO - Processing /opt/airflow/dags/groups/group_downloads.py took 0.030 seconds
[2023-09-12T00:38:01.746+0000] {processor.py:154} INFO - Started process (PID=3681) to work on /opt/airflow/dags/groups/group_downloads.py
[2023-09-12T00:38:01.747+0000] {processor.py:756} INFO - Processing file /opt/airflow/dags/groups/group_downloads.py for tasks to queue
[2023-09-12T00:38:01.748+0000] {logging_mixin.py:120} INFO - [2023-09-12T00:38:01.748+0000] {dagbag.py:537} INFO - Filling up the DagBag from /opt/airflow/dags/groups/group_downloads.py
[2023-09-12T00:38:01.762+0000] {processor.py:768} WARNING - No viable dags retrieved from /opt/airflow/dags/groups/group_downloads.py
[2023-09-12T00:38:01.774+0000] {processor.py:176} INFO - Processing /opt/airflow/dags/groups/group_downloads.py took 0.031 seconds
[2023-09-12T00:38:32.459+0000] {processor.py:154} INFO - Started process (PID=3763) to work on /opt/airflow/dags/groups/group_downloads.py
[2023-09-12T00:38:32.460+0000] {processor.py:756} INFO - Processing file /opt/airflow/dags/groups/group_downloads.py for tasks to queue
[2023-09-12T00:38:32.460+0000] {logging_mixin.py:120} INFO - [2023-09-12T00:38:32.460+0000] {dagbag.py:537} INFO - Filling up the DagBag from /opt/airflow/dags/groups/group_downloads.py
[2023-09-12T00:38:32.475+0000] {processor.py:768} WARNING - No viable dags retrieved from /opt/airflow/dags/groups/group_downloads.py
[2023-09-12T00:38:32.486+0000] {processor.py:176} INFO - Processing /opt/airflow/dags/groups/group_downloads.py took 0.029 seconds
[2023-09-12T00:39:03.319+0000] {processor.py:154} INFO - Started process (PID=3844) to work on /opt/airflow/dags/groups/group_downloads.py
[2023-09-12T00:39:03.320+0000] {processor.py:756} INFO - Processing file /opt/airflow/dags/groups/group_downloads.py for tasks to queue
[2023-09-12T00:39:03.321+0000] {logging_mixin.py:120} INFO - [2023-09-12T00:39:03.321+0000] {dagbag.py:537} INFO - Filling up the DagBag from /opt/airflow/dags/groups/group_downloads.py
[2023-09-12T00:39:03.337+0000] {processor.py:768} WARNING - No viable dags retrieved from /opt/airflow/dags/groups/group_downloads.py
[2023-09-12T00:39:03.349+0000] {processor.py:176} INFO - Processing /opt/airflow/dags/groups/group_downloads.py took 0.032 seconds
[2023-09-12T00:39:33.947+0000] {processor.py:154} INFO - Started process (PID=3925) to work on /opt/airflow/dags/groups/group_downloads.py
[2023-09-12T00:39:33.948+0000] {processor.py:756} INFO - Processing file /opt/airflow/dags/groups/group_downloads.py for tasks to queue
[2023-09-12T00:39:33.949+0000] {logging_mixin.py:120} INFO - [2023-09-12T00:39:33.949+0000] {dagbag.py:537} INFO - Filling up the DagBag from /opt/airflow/dags/groups/group_downloads.py
[2023-09-12T00:39:33.963+0000] {processor.py:768} WARNING - No viable dags retrieved from /opt/airflow/dags/groups/group_downloads.py
[2023-09-12T00:39:33.974+0000] {processor.py:176} INFO - Processing /opt/airflow/dags/groups/group_downloads.py took 0.029 seconds
[2023-09-12T00:40:04.215+0000] {processor.py:154} INFO - Started process (PID=4006) to work on /opt/airflow/dags/groups/group_downloads.py
[2023-09-12T00:40:04.216+0000] {processor.py:756} INFO - Processing file /opt/airflow/dags/groups/group_downloads.py for tasks to queue
[2023-09-12T00:40:04.217+0000] {logging_mixin.py:120} INFO - [2023-09-12T00:40:04.217+0000] {dagbag.py:537} INFO - Filling up the DagBag from /opt/airflow/dags/groups/group_downloads.py
[2023-09-12T00:40:04.233+0000] {processor.py:768} WARNING - No viable dags retrieved from /opt/airflow/dags/groups/group_downloads.py
[2023-09-12T00:40:04.245+0000] {processor.py:176} INFO - Processing /opt/airflow/dags/groups/group_downloads.py took 0.032 seconds
[2023-09-12T00:40:35.222+0000] {processor.py:154} INFO - Started process (PID=4078) to work on /opt/airflow/dags/groups/group_downloads.py
[2023-09-12T00:40:35.223+0000] {processor.py:756} INFO - Processing file /opt/airflow/dags/groups/group_downloads.py for tasks to queue
[2023-09-12T00:40:35.224+0000] {logging_mixin.py:120} INFO - [2023-09-12T00:40:35.224+0000] {dagbag.py:537} INFO - Filling up the DagBag from /opt/airflow/dags/groups/group_downloads.py
[2023-09-12T00:40:35.241+0000] {processor.py:768} WARNING - No viable dags retrieved from /opt/airflow/dags/groups/group_downloads.py
[2023-09-12T00:40:35.253+0000] {processor.py:176} INFO - Processing /opt/airflow/dags/groups/group_downloads.py took 0.034 seconds
[2023-09-12T00:41:05.291+0000] {processor.py:154} INFO - Started process (PID=4159) to work on /opt/airflow/dags/groups/group_downloads.py
[2023-09-12T00:41:05.292+0000] {processor.py:756} INFO - Processing file /opt/airflow/dags/groups/group_downloads.py for tasks to queue
[2023-09-12T00:41:05.293+0000] {logging_mixin.py:120} INFO - [2023-09-12T00:41:05.292+0000] {dagbag.py:537} INFO - Filling up the DagBag from /opt/airflow/dags/groups/group_downloads.py
[2023-09-12T00:41:05.308+0000] {processor.py:768} WARNING - No viable dags retrieved from /opt/airflow/dags/groups/group_downloads.py
[2023-09-12T00:41:05.323+0000] {processor.py:176} INFO - Processing /opt/airflow/dags/groups/group_downloads.py took 0.035 seconds
[2023-09-12T00:41:35.973+0000] {processor.py:154} INFO - Started process (PID=4241) to work on /opt/airflow/dags/groups/group_downloads.py
[2023-09-12T00:41:35.974+0000] {processor.py:756} INFO - Processing file /opt/airflow/dags/groups/group_downloads.py for tasks to queue
[2023-09-12T00:41:35.975+0000] {logging_mixin.py:120} INFO - [2023-09-12T00:41:35.975+0000] {dagbag.py:537} INFO - Filling up the DagBag from /opt/airflow/dags/groups/group_downloads.py
[2023-09-12T00:41:35.990+0000] {processor.py:768} WARNING - No viable dags retrieved from /opt/airflow/dags/groups/group_downloads.py
[2023-09-12T00:41:36.003+0000] {processor.py:176} INFO - Processing /opt/airflow/dags/groups/group_downloads.py took 0.033 seconds
[2023-09-12T00:42:06.076+0000] {processor.py:154} INFO - Started process (PID=4323) to work on /opt/airflow/dags/groups/group_downloads.py
[2023-09-12T00:42:06.077+0000] {processor.py:756} INFO - Processing file /opt/airflow/dags/groups/group_downloads.py for tasks to queue
[2023-09-12T00:42:06.078+0000] {logging_mixin.py:120} INFO - [2023-09-12T00:42:06.078+0000] {dagbag.py:537} INFO - Filling up the DagBag from /opt/airflow/dags/groups/group_downloads.py
[2023-09-12T00:42:06.095+0000] {processor.py:768} WARNING - No viable dags retrieved from /opt/airflow/dags/groups/group_downloads.py
[2023-09-12T00:42:06.107+0000] {processor.py:176} INFO - Processing /opt/airflow/dags/groups/group_downloads.py took 0.035 seconds
[2023-09-12T00:42:36.856+0000] {processor.py:154} INFO - Started process (PID=4395) to work on /opt/airflow/dags/groups/group_downloads.py
[2023-09-12T00:42:36.857+0000] {processor.py:756} INFO - Processing file /opt/airflow/dags/groups/group_downloads.py for tasks to queue
[2023-09-12T00:42:36.858+0000] {logging_mixin.py:120} INFO - [2023-09-12T00:42:36.858+0000] {dagbag.py:537} INFO - Filling up the DagBag from /opt/airflow/dags/groups/group_downloads.py
[2023-09-12T00:42:36.874+0000] {processor.py:768} WARNING - No viable dags retrieved from /opt/airflow/dags/groups/group_downloads.py
[2023-09-12T00:42:36.887+0000] {processor.py:176} INFO - Processing /opt/airflow/dags/groups/group_downloads.py took 0.034 seconds
[2023-09-12T00:43:07.466+0000] {processor.py:154} INFO - Started process (PID=4476) to work on /opt/airflow/dags/groups/group_downloads.py
[2023-09-12T00:43:07.468+0000] {processor.py:756} INFO - Processing file /opt/airflow/dags/groups/group_downloads.py for tasks to queue
[2023-09-12T00:43:07.468+0000] {logging_mixin.py:120} INFO - [2023-09-12T00:43:07.468+0000] {dagbag.py:537} INFO - Filling up the DagBag from /opt/airflow/dags/groups/group_downloads.py
[2023-09-12T00:43:07.482+0000] {processor.py:768} WARNING - No viable dags retrieved from /opt/airflow/dags/groups/group_downloads.py
[2023-09-12T00:43:07.494+0000] {processor.py:176} INFO - Processing /opt/airflow/dags/groups/group_downloads.py took 0.031 seconds
[2023-09-12T00:43:38.397+0000] {processor.py:154} INFO - Started process (PID=4557) to work on /opt/airflow/dags/groups/group_downloads.py
[2023-09-12T00:43:38.398+0000] {processor.py:756} INFO - Processing file /opt/airflow/dags/groups/group_downloads.py for tasks to queue
[2023-09-12T00:43:38.399+0000] {logging_mixin.py:120} INFO - [2023-09-12T00:43:38.399+0000] {dagbag.py:537} INFO - Filling up the DagBag from /opt/airflow/dags/groups/group_downloads.py
[2023-09-12T00:43:38.415+0000] {processor.py:768} WARNING - No viable dags retrieved from /opt/airflow/dags/groups/group_downloads.py
[2023-09-12T00:43:38.428+0000] {processor.py:176} INFO - Processing /opt/airflow/dags/groups/group_downloads.py took 0.034 seconds
[2023-09-12T00:44:09.185+0000] {processor.py:154} INFO - Started process (PID=4638) to work on /opt/airflow/dags/groups/group_downloads.py
[2023-09-12T00:44:09.186+0000] {processor.py:756} INFO - Processing file /opt/airflow/dags/groups/group_downloads.py for tasks to queue
[2023-09-12T00:44:09.186+0000] {logging_mixin.py:120} INFO - [2023-09-12T00:44:09.186+0000] {dagbag.py:537} INFO - Filling up the DagBag from /opt/airflow/dags/groups/group_downloads.py
[2023-09-12T00:44:09.203+0000] {processor.py:768} WARNING - No viable dags retrieved from /opt/airflow/dags/groups/group_downloads.py
[2023-09-12T00:44:09.215+0000] {processor.py:176} INFO - Processing /opt/airflow/dags/groups/group_downloads.py took 0.034 seconds
[2023-09-12T00:44:39.979+0000] {processor.py:154} INFO - Started process (PID=4710) to work on /opt/airflow/dags/groups/group_downloads.py
[2023-09-12T00:44:39.980+0000] {processor.py:756} INFO - Processing file /opt/airflow/dags/groups/group_downloads.py for tasks to queue
[2023-09-12T00:44:39.981+0000] {logging_mixin.py:120} INFO - [2023-09-12T00:44:39.981+0000] {dagbag.py:537} INFO - Filling up the DagBag from /opt/airflow/dags/groups/group_downloads.py
[2023-09-12T00:44:39.996+0000] {processor.py:768} WARNING - No viable dags retrieved from /opt/airflow/dags/groups/group_downloads.py
[2023-09-12T00:44:40.008+0000] {processor.py:176} INFO - Processing /opt/airflow/dags/groups/group_downloads.py took 0.032 seconds
[2023-09-12T00:45:10.982+0000] {processor.py:154} INFO - Started process (PID=4791) to work on /opt/airflow/dags/groups/group_downloads.py
[2023-09-12T00:45:10.983+0000] {processor.py:756} INFO - Processing file /opt/airflow/dags/groups/group_downloads.py for tasks to queue
[2023-09-12T00:45:10.984+0000] {logging_mixin.py:120} INFO - [2023-09-12T00:45:10.984+0000] {dagbag.py:537} INFO - Filling up the DagBag from /opt/airflow/dags/groups/group_downloads.py
[2023-09-12T00:45:11.000+0000] {processor.py:768} WARNING - No viable dags retrieved from /opt/airflow/dags/groups/group_downloads.py
[2023-09-12T00:45:11.012+0000] {processor.py:176} INFO - Processing /opt/airflow/dags/groups/group_downloads.py took 0.033 seconds
[2023-09-12T00:45:41.721+0000] {processor.py:154} INFO - Started process (PID=4872) to work on /opt/airflow/dags/groups/group_downloads.py
[2023-09-12T00:45:41.722+0000] {processor.py:756} INFO - Processing file /opt/airflow/dags/groups/group_downloads.py for tasks to queue
[2023-09-12T00:45:41.722+0000] {logging_mixin.py:120} INFO - [2023-09-12T00:45:41.722+0000] {dagbag.py:537} INFO - Filling up the DagBag from /opt/airflow/dags/groups/group_downloads.py
[2023-09-12T00:45:41.736+0000] {processor.py:768} WARNING - No viable dags retrieved from /opt/airflow/dags/groups/group_downloads.py
[2023-09-12T00:45:41.772+0000] {processor.py:176} INFO - Processing /opt/airflow/dags/groups/group_downloads.py took 0.054 seconds
[2023-09-12T00:46:12.451+0000] {processor.py:154} INFO - Started process (PID=4953) to work on /opt/airflow/dags/groups/group_downloads.py
[2023-09-12T00:46:12.452+0000] {processor.py:756} INFO - Processing file /opt/airflow/dags/groups/group_downloads.py for tasks to queue
[2023-09-12T00:46:12.453+0000] {logging_mixin.py:120} INFO - [2023-09-12T00:46:12.453+0000] {dagbag.py:537} INFO - Filling up the DagBag from /opt/airflow/dags/groups/group_downloads.py
[2023-09-12T00:46:12.467+0000] {processor.py:768} WARNING - No viable dags retrieved from /opt/airflow/dags/groups/group_downloads.py
[2023-09-12T00:46:12.481+0000] {processor.py:176} INFO - Processing /opt/airflow/dags/groups/group_downloads.py took 0.032 seconds
[2023-09-12T00:46:43.286+0000] {processor.py:154} INFO - Started process (PID=5034) to work on /opt/airflow/dags/groups/group_downloads.py
[2023-09-12T00:46:43.287+0000] {processor.py:756} INFO - Processing file /opt/airflow/dags/groups/group_downloads.py for tasks to queue
[2023-09-12T00:46:43.287+0000] {logging_mixin.py:120} INFO - [2023-09-12T00:46:43.287+0000] {dagbag.py:537} INFO - Filling up the DagBag from /opt/airflow/dags/groups/group_downloads.py
[2023-09-12T00:46:43.303+0000] {processor.py:768} WARNING - No viable dags retrieved from /opt/airflow/dags/groups/group_downloads.py
[2023-09-12T00:46:43.315+0000] {processor.py:176} INFO - Processing /opt/airflow/dags/groups/group_downloads.py took 0.032 seconds
[2023-09-12T00:47:14.202+0000] {processor.py:154} INFO - Started process (PID=5107) to work on /opt/airflow/dags/groups/group_downloads.py
[2023-09-12T00:47:14.203+0000] {processor.py:756} INFO - Processing file /opt/airflow/dags/groups/group_downloads.py for tasks to queue
[2023-09-12T00:47:14.204+0000] {logging_mixin.py:120} INFO - [2023-09-12T00:47:14.204+0000] {dagbag.py:537} INFO - Filling up the DagBag from /opt/airflow/dags/groups/group_downloads.py
[2023-09-12T00:47:14.217+0000] {processor.py:768} WARNING - No viable dags retrieved from /opt/airflow/dags/groups/group_downloads.py
[2023-09-12T00:47:14.229+0000] {processor.py:176} INFO - Processing /opt/airflow/dags/groups/group_downloads.py took 0.030 seconds
[2023-09-12T00:47:44.297+0000] {processor.py:154} INFO - Started process (PID=5188) to work on /opt/airflow/dags/groups/group_downloads.py
[2023-09-12T00:47:44.298+0000] {processor.py:756} INFO - Processing file /opt/airflow/dags/groups/group_downloads.py for tasks to queue
[2023-09-12T00:47:44.300+0000] {logging_mixin.py:120} INFO - [2023-09-12T00:47:44.299+0000] {dagbag.py:537} INFO - Filling up the DagBag from /opt/airflow/dags/groups/group_downloads.py
[2023-09-12T00:47:44.314+0000] {processor.py:768} WARNING - No viable dags retrieved from /opt/airflow/dags/groups/group_downloads.py
[2023-09-12T00:47:44.327+0000] {processor.py:176} INFO - Processing /opt/airflow/dags/groups/group_downloads.py took 0.035 seconds
[2023-09-12T00:48:15.331+0000] {processor.py:154} INFO - Started process (PID=5269) to work on /opt/airflow/dags/groups/group_downloads.py
[2023-09-12T00:48:15.332+0000] {processor.py:756} INFO - Processing file /opt/airflow/dags/groups/group_downloads.py for tasks to queue
[2023-09-12T00:48:15.333+0000] {logging_mixin.py:120} INFO - [2023-09-12T00:48:15.333+0000] {dagbag.py:537} INFO - Filling up the DagBag from /opt/airflow/dags/groups/group_downloads.py
[2023-09-12T00:48:15.355+0000] {processor.py:768} WARNING - No viable dags retrieved from /opt/airflow/dags/groups/group_downloads.py
[2023-09-12T00:48:15.371+0000] {processor.py:176} INFO - Processing /opt/airflow/dags/groups/group_downloads.py took 0.043 seconds
[2023-09-12T00:48:46.164+0000] {processor.py:154} INFO - Started process (PID=5350) to work on /opt/airflow/dags/groups/group_downloads.py
[2023-09-12T00:48:46.166+0000] {processor.py:756} INFO - Processing file /opt/airflow/dags/groups/group_downloads.py for tasks to queue
[2023-09-12T00:48:46.167+0000] {logging_mixin.py:120} INFO - [2023-09-12T00:48:46.167+0000] {dagbag.py:537} INFO - Filling up the DagBag from /opt/airflow/dags/groups/group_downloads.py
[2023-09-12T00:48:46.182+0000] {processor.py:768} WARNING - No viable dags retrieved from /opt/airflow/dags/groups/group_downloads.py
[2023-09-12T00:48:46.194+0000] {processor.py:176} INFO - Processing /opt/airflow/dags/groups/group_downloads.py took 0.032 seconds
[2023-09-12T00:49:17.125+0000] {processor.py:154} INFO - Started process (PID=5422) to work on /opt/airflow/dags/groups/group_downloads.py
[2023-09-12T00:49:17.126+0000] {processor.py:756} INFO - Processing file /opt/airflow/dags/groups/group_downloads.py for tasks to queue
[2023-09-12T00:49:17.127+0000] {logging_mixin.py:120} INFO - [2023-09-12T00:49:17.127+0000] {dagbag.py:537} INFO - Filling up the DagBag from /opt/airflow/dags/groups/group_downloads.py
[2023-09-12T00:49:17.143+0000] {processor.py:768} WARNING - No viable dags retrieved from /opt/airflow/dags/groups/group_downloads.py
[2023-09-12T00:49:17.156+0000] {processor.py:176} INFO - Processing /opt/airflow/dags/groups/group_downloads.py took 0.034 seconds
[2023-09-12T00:49:47.907+0000] {processor.py:154} INFO - Started process (PID=5503) to work on /opt/airflow/dags/groups/group_downloads.py
[2023-09-12T00:49:47.908+0000] {processor.py:756} INFO - Processing file /opt/airflow/dags/groups/group_downloads.py for tasks to queue
[2023-09-12T00:49:47.908+0000] {logging_mixin.py:120} INFO - [2023-09-12T00:49:47.908+0000] {dagbag.py:537} INFO - Filling up the DagBag from /opt/airflow/dags/groups/group_downloads.py
[2023-09-12T00:49:47.922+0000] {processor.py:768} WARNING - No viable dags retrieved from /opt/airflow/dags/groups/group_downloads.py
[2023-09-12T00:49:47.934+0000] {processor.py:176} INFO - Processing /opt/airflow/dags/groups/group_downloads.py took 0.032 seconds
[2023-09-12T00:50:18.816+0000] {processor.py:154} INFO - Started process (PID=5584) to work on /opt/airflow/dags/groups/group_downloads.py
[2023-09-12T00:50:18.817+0000] {processor.py:756} INFO - Processing file /opt/airflow/dags/groups/group_downloads.py for tasks to queue
[2023-09-12T00:50:18.818+0000] {logging_mixin.py:120} INFO - [2023-09-12T00:50:18.818+0000] {dagbag.py:537} INFO - Filling up the DagBag from /opt/airflow/dags/groups/group_downloads.py
[2023-09-12T00:50:18.837+0000] {processor.py:768} WARNING - No viable dags retrieved from /opt/airflow/dags/groups/group_downloads.py
[2023-09-12T00:50:18.856+0000] {processor.py:176} INFO - Processing /opt/airflow/dags/groups/group_downloads.py took 0.044 seconds
[2023-09-12T00:50:49.459+0000] {processor.py:154} INFO - Started process (PID=5665) to work on /opt/airflow/dags/groups/group_downloads.py
[2023-09-12T00:50:49.460+0000] {processor.py:756} INFO - Processing file /opt/airflow/dags/groups/group_downloads.py for tasks to queue
[2023-09-12T00:50:49.461+0000] {logging_mixin.py:120} INFO - [2023-09-12T00:50:49.460+0000] {dagbag.py:537} INFO - Filling up the DagBag from /opt/airflow/dags/groups/group_downloads.py
[2023-09-12T00:50:49.472+0000] {processor.py:768} WARNING - No viable dags retrieved from /opt/airflow/dags/groups/group_downloads.py
[2023-09-12T00:50:49.486+0000] {processor.py:176} INFO - Processing /opt/airflow/dags/groups/group_downloads.py took 0.032 seconds
[2023-09-12T00:51:19.635+0000] {processor.py:154} INFO - Started process (PID=5746) to work on /opt/airflow/dags/groups/group_downloads.py
[2023-09-12T00:51:19.635+0000] {processor.py:756} INFO - Processing file /opt/airflow/dags/groups/group_downloads.py for tasks to queue
[2023-09-12T00:51:19.636+0000] {logging_mixin.py:120} INFO - [2023-09-12T00:51:19.636+0000] {dagbag.py:537} INFO - Filling up the DagBag from /opt/airflow/dags/groups/group_downloads.py
[2023-09-12T00:51:19.652+0000] {processor.py:768} WARNING - No viable dags retrieved from /opt/airflow/dags/groups/group_downloads.py
[2023-09-12T00:51:19.664+0000] {processor.py:176} INFO - Processing /opt/airflow/dags/groups/group_downloads.py took 0.032 seconds
[2023-09-12T00:51:49.701+0000] {processor.py:154} INFO - Started process (PID=5817) to work on /opt/airflow/dags/groups/group_downloads.py
[2023-09-12T00:51:49.702+0000] {processor.py:756} INFO - Processing file /opt/airflow/dags/groups/group_downloads.py for tasks to queue
[2023-09-12T00:51:49.702+0000] {logging_mixin.py:120} INFO - [2023-09-12T00:51:49.702+0000] {dagbag.py:537} INFO - Filling up the DagBag from /opt/airflow/dags/groups/group_downloads.py
[2023-09-12T00:51:49.717+0000] {processor.py:768} WARNING - No viable dags retrieved from /opt/airflow/dags/groups/group_downloads.py
[2023-09-12T00:51:49.729+0000] {processor.py:176} INFO - Processing /opt/airflow/dags/groups/group_downloads.py took 0.031 seconds
[2023-09-12T00:52:20.582+0000] {processor.py:154} INFO - Started process (PID=5899) to work on /opt/airflow/dags/groups/group_downloads.py
[2023-09-12T00:52:20.583+0000] {processor.py:756} INFO - Processing file /opt/airflow/dags/groups/group_downloads.py for tasks to queue
[2023-09-12T00:52:20.584+0000] {logging_mixin.py:120} INFO - [2023-09-12T00:52:20.584+0000] {dagbag.py:537} INFO - Filling up the DagBag from /opt/airflow/dags/groups/group_downloads.py
[2023-09-12T00:52:20.599+0000] {processor.py:768} WARNING - No viable dags retrieved from /opt/airflow/dags/groups/group_downloads.py
[2023-09-12T00:52:20.610+0000] {processor.py:176} INFO - Processing /opt/airflow/dags/groups/group_downloads.py took 0.032 seconds
[2023-09-12T00:52:50.722+0000] {processor.py:154} INFO - Started process (PID=5980) to work on /opt/airflow/dags/groups/group_downloads.py
[2023-09-12T00:52:50.723+0000] {processor.py:756} INFO - Processing file /opt/airflow/dags/groups/group_downloads.py for tasks to queue
[2023-09-12T00:52:50.724+0000] {logging_mixin.py:120} INFO - [2023-09-12T00:52:50.723+0000] {dagbag.py:537} INFO - Filling up the DagBag from /opt/airflow/dags/groups/group_downloads.py
[2023-09-12T00:52:50.740+0000] {processor.py:768} WARNING - No viable dags retrieved from /opt/airflow/dags/groups/group_downloads.py
[2023-09-12T00:52:50.752+0000] {processor.py:176} INFO - Processing /opt/airflow/dags/groups/group_downloads.py took 0.033 seconds
[2023-09-12T00:53:21.006+0000] {processor.py:154} INFO - Started process (PID=6052) to work on /opt/airflow/dags/groups/group_downloads.py
[2023-09-12T00:53:21.007+0000] {processor.py:756} INFO - Processing file /opt/airflow/dags/groups/group_downloads.py for tasks to queue
[2023-09-12T00:53:21.007+0000] {logging_mixin.py:120} INFO - [2023-09-12T00:53:21.007+0000] {dagbag.py:537} INFO - Filling up the DagBag from /opt/airflow/dags/groups/group_downloads.py
[2023-09-12T00:53:21.023+0000] {processor.py:768} WARNING - No viable dags retrieved from /opt/airflow/dags/groups/group_downloads.py
[2023-09-12T00:53:21.035+0000] {processor.py:176} INFO - Processing /opt/airflow/dags/groups/group_downloads.py took 0.032 seconds
[2023-09-12T00:53:51.168+0000] {processor.py:154} INFO - Started process (PID=6133) to work on /opt/airflow/dags/groups/group_downloads.py
[2023-09-12T00:53:51.169+0000] {processor.py:756} INFO - Processing file /opt/airflow/dags/groups/group_downloads.py for tasks to queue
[2023-09-12T00:53:51.170+0000] {logging_mixin.py:120} INFO - [2023-09-12T00:53:51.169+0000] {dagbag.py:537} INFO - Filling up the DagBag from /opt/airflow/dags/groups/group_downloads.py
[2023-09-12T00:53:51.187+0000] {processor.py:768} WARNING - No viable dags retrieved from /opt/airflow/dags/groups/group_downloads.py
[2023-09-12T00:53:51.198+0000] {processor.py:176} INFO - Processing /opt/airflow/dags/groups/group_downloads.py took 0.034 seconds
[2023-09-12T00:54:21.799+0000] {processor.py:154} INFO - Started process (PID=6214) to work on /opt/airflow/dags/groups/group_downloads.py
[2023-09-12T00:54:21.800+0000] {processor.py:756} INFO - Processing file /opt/airflow/dags/groups/group_downloads.py for tasks to queue
[2023-09-12T00:54:21.801+0000] {logging_mixin.py:120} INFO - [2023-09-12T00:54:21.801+0000] {dagbag.py:537} INFO - Filling up the DagBag from /opt/airflow/dags/groups/group_downloads.py
[2023-09-12T00:54:21.815+0000] {processor.py:768} WARNING - No viable dags retrieved from /opt/airflow/dags/groups/group_downloads.py
[2023-09-12T00:54:21.827+0000] {processor.py:176} INFO - Processing /opt/airflow/dags/groups/group_downloads.py took 0.031 seconds
[2023-09-12T00:54:51.892+0000] {processor.py:154} INFO - Started process (PID=6295) to work on /opt/airflow/dags/groups/group_downloads.py
[2023-09-12T00:54:51.893+0000] {processor.py:756} INFO - Processing file /opt/airflow/dags/groups/group_downloads.py for tasks to queue
[2023-09-12T00:54:51.893+0000] {logging_mixin.py:120} INFO - [2023-09-12T00:54:51.893+0000] {dagbag.py:537} INFO - Filling up the DagBag from /opt/airflow/dags/groups/group_downloads.py
[2023-09-12T00:54:51.908+0000] {processor.py:768} WARNING - No viable dags retrieved from /opt/airflow/dags/groups/group_downloads.py
[2023-09-12T00:54:51.923+0000] {processor.py:176} INFO - Processing /opt/airflow/dags/groups/group_downloads.py took 0.035 seconds
[2023-09-12T00:55:22.150+0000] {processor.py:154} INFO - Started process (PID=6364) to work on /opt/airflow/dags/groups/group_downloads.py
[2023-09-12T00:55:22.151+0000] {processor.py:756} INFO - Processing file /opt/airflow/dags/groups/group_downloads.py for tasks to queue
[2023-09-12T00:55:22.152+0000] {logging_mixin.py:120} INFO - [2023-09-12T00:55:22.152+0000] {dagbag.py:537} INFO - Filling up the DagBag from /opt/airflow/dags/groups/group_downloads.py
[2023-09-12T00:55:22.168+0000] {processor.py:768} WARNING - No viable dags retrieved from /opt/airflow/dags/groups/group_downloads.py
[2023-09-12T00:55:22.182+0000] {processor.py:176} INFO - Processing /opt/airflow/dags/groups/group_downloads.py took 0.035 seconds
[2023-09-12T00:55:52.804+0000] {processor.py:154} INFO - Started process (PID=6439) to work on /opt/airflow/dags/groups/group_downloads.py
[2023-09-12T00:55:52.805+0000] {processor.py:756} INFO - Processing file /opt/airflow/dags/groups/group_downloads.py for tasks to queue
[2023-09-12T00:55:52.806+0000] {logging_mixin.py:120} INFO - [2023-09-12T00:55:52.806+0000] {dagbag.py:537} INFO - Filling up the DagBag from /opt/airflow/dags/groups/group_downloads.py
[2023-09-12T00:55:52.821+0000] {processor.py:768} WARNING - No viable dags retrieved from /opt/airflow/dags/groups/group_downloads.py
[2023-09-12T00:55:52.832+0000] {processor.py:176} INFO - Processing /opt/airflow/dags/groups/group_downloads.py took 0.031 seconds
[2023-09-12T00:56:23.174+0000] {processor.py:154} INFO - Started process (PID=6520) to work on /opt/airflow/dags/groups/group_downloads.py
[2023-09-12T00:56:23.175+0000] {processor.py:756} INFO - Processing file /opt/airflow/dags/groups/group_downloads.py for tasks to queue
[2023-09-12T00:56:23.176+0000] {logging_mixin.py:120} INFO - [2023-09-12T00:56:23.176+0000] {dagbag.py:537} INFO - Filling up the DagBag from /opt/airflow/dags/groups/group_downloads.py
[2023-09-12T00:56:23.194+0000] {processor.py:768} WARNING - No viable dags retrieved from /opt/airflow/dags/groups/group_downloads.py
[2023-09-12T00:56:23.206+0000] {processor.py:176} INFO - Processing /opt/airflow/dags/groups/group_downloads.py took 0.035 seconds
[2023-09-12T00:56:53.804+0000] {processor.py:154} INFO - Started process (PID=6601) to work on /opt/airflow/dags/groups/group_downloads.py
[2023-09-12T00:56:53.805+0000] {processor.py:756} INFO - Processing file /opt/airflow/dags/groups/group_downloads.py for tasks to queue
[2023-09-12T00:56:53.806+0000] {logging_mixin.py:120} INFO - [2023-09-12T00:56:53.806+0000] {dagbag.py:537} INFO - Filling up the DagBag from /opt/airflow/dags/groups/group_downloads.py
[2023-09-12T00:56:53.824+0000] {processor.py:768} WARNING - No viable dags retrieved from /opt/airflow/dags/groups/group_downloads.py
[2023-09-12T00:56:53.839+0000] {processor.py:176} INFO - Processing /opt/airflow/dags/groups/group_downloads.py took 0.038 seconds
[2023-09-12T00:57:24.592+0000] {processor.py:154} INFO - Started process (PID=6669) to work on /opt/airflow/dags/groups/group_downloads.py
[2023-09-12T00:57:24.593+0000] {processor.py:756} INFO - Processing file /opt/airflow/dags/groups/group_downloads.py for tasks to queue
[2023-09-12T00:57:24.594+0000] {logging_mixin.py:120} INFO - [2023-09-12T00:57:24.594+0000] {dagbag.py:537} INFO - Filling up the DagBag from /opt/airflow/dags/groups/group_downloads.py
[2023-09-12T00:57:24.610+0000] {processor.py:768} WARNING - No viable dags retrieved from /opt/airflow/dags/groups/group_downloads.py
[2023-09-12T00:57:24.662+0000] {processor.py:176} INFO - Processing /opt/airflow/dags/groups/group_downloads.py took 0.073 seconds
[2023-09-12T00:57:54.863+0000] {processor.py:154} INFO - Started process (PID=6751) to work on /opt/airflow/dags/groups/group_downloads.py
[2023-09-12T00:57:54.864+0000] {processor.py:756} INFO - Processing file /opt/airflow/dags/groups/group_downloads.py for tasks to queue
[2023-09-12T00:57:54.864+0000] {logging_mixin.py:120} INFO - [2023-09-12T00:57:54.864+0000] {dagbag.py:537} INFO - Filling up the DagBag from /opt/airflow/dags/groups/group_downloads.py
[2023-09-12T00:57:54.883+0000] {processor.py:768} WARNING - No viable dags retrieved from /opt/airflow/dags/groups/group_downloads.py
[2023-09-12T00:57:54.897+0000] {processor.py:176} INFO - Processing /opt/airflow/dags/groups/group_downloads.py took 0.036 seconds
[2023-09-12T00:58:25.294+0000] {processor.py:154} INFO - Started process (PID=6832) to work on /opt/airflow/dags/groups/group_downloads.py
[2023-09-12T00:58:25.295+0000] {processor.py:756} INFO - Processing file /opt/airflow/dags/groups/group_downloads.py for tasks to queue
[2023-09-12T00:58:25.296+0000] {logging_mixin.py:120} INFO - [2023-09-12T00:58:25.296+0000] {dagbag.py:537} INFO - Filling up the DagBag from /opt/airflow/dags/groups/group_downloads.py
[2023-09-12T00:58:25.315+0000] {processor.py:768} WARNING - No viable dags retrieved from /opt/airflow/dags/groups/group_downloads.py
[2023-09-12T00:58:25.330+0000] {processor.py:176} INFO - Processing /opt/airflow/dags/groups/group_downloads.py took 0.040 seconds
[2023-09-12T00:58:55.611+0000] {processor.py:154} INFO - Started process (PID=6904) to work on /opt/airflow/dags/groups/group_downloads.py
[2023-09-12T00:58:55.612+0000] {processor.py:756} INFO - Processing file /opt/airflow/dags/groups/group_downloads.py for tasks to queue
[2023-09-12T00:58:55.613+0000] {logging_mixin.py:120} INFO - [2023-09-12T00:58:55.613+0000] {dagbag.py:537} INFO - Filling up the DagBag from /opt/airflow/dags/groups/group_downloads.py
[2023-09-12T00:58:55.629+0000] {processor.py:768} WARNING - No viable dags retrieved from /opt/airflow/dags/groups/group_downloads.py
[2023-09-12T00:58:55.683+0000] {processor.py:176} INFO - Processing /opt/airflow/dags/groups/group_downloads.py took 0.075 seconds
[2023-09-12T00:59:26.251+0000] {processor.py:154} INFO - Started process (PID=6984) to work on /opt/airflow/dags/groups/group_downloads.py
[2023-09-12T00:59:26.252+0000] {processor.py:756} INFO - Processing file /opt/airflow/dags/groups/group_downloads.py for tasks to queue
[2023-09-12T00:59:26.253+0000] {logging_mixin.py:120} INFO - [2023-09-12T00:59:26.253+0000] {dagbag.py:537} INFO - Filling up the DagBag from /opt/airflow/dags/groups/group_downloads.py
[2023-09-12T00:59:26.267+0000] {processor.py:768} WARNING - No viable dags retrieved from /opt/airflow/dags/groups/group_downloads.py
[2023-09-12T00:59:26.279+0000] {processor.py:176} INFO - Processing /opt/airflow/dags/groups/group_downloads.py took 0.031 seconds
[2023-09-12T00:59:56.587+0000] {processor.py:154} INFO - Started process (PID=7065) to work on /opt/airflow/dags/groups/group_downloads.py
[2023-09-12T00:59:56.587+0000] {processor.py:756} INFO - Processing file /opt/airflow/dags/groups/group_downloads.py for tasks to queue
[2023-09-12T00:59:56.588+0000] {logging_mixin.py:120} INFO - [2023-09-12T00:59:56.588+0000] {dagbag.py:537} INFO - Filling up the DagBag from /opt/airflow/dags/groups/group_downloads.py
[2023-09-12T00:59:56.602+0000] {processor.py:768} WARNING - No viable dags retrieved from /opt/airflow/dags/groups/group_downloads.py
[2023-09-12T00:59:56.613+0000] {processor.py:176} INFO - Processing /opt/airflow/dags/groups/group_downloads.py took 0.030 seconds
[2023-09-12T01:00:27.482+0000] {processor.py:154} INFO - Started process (PID=7146) to work on /opt/airflow/dags/groups/group_downloads.py
[2023-09-12T01:00:27.483+0000] {processor.py:756} INFO - Processing file /opt/airflow/dags/groups/group_downloads.py for tasks to queue
[2023-09-12T01:00:27.484+0000] {logging_mixin.py:120} INFO - [2023-09-12T01:00:27.484+0000] {dagbag.py:537} INFO - Filling up the DagBag from /opt/airflow/dags/groups/group_downloads.py
[2023-09-12T01:00:27.499+0000] {processor.py:768} WARNING - No viable dags retrieved from /opt/airflow/dags/groups/group_downloads.py
[2023-09-12T01:00:27.511+0000] {processor.py:176} INFO - Processing /opt/airflow/dags/groups/group_downloads.py took 0.032 seconds
[2023-09-12T01:00:58.175+0000] {processor.py:154} INFO - Started process (PID=7218) to work on /opt/airflow/dags/groups/group_downloads.py
[2023-09-12T01:00:58.176+0000] {processor.py:756} INFO - Processing file /opt/airflow/dags/groups/group_downloads.py for tasks to queue
[2023-09-12T01:00:58.177+0000] {logging_mixin.py:120} INFO - [2023-09-12T01:00:58.177+0000] {dagbag.py:537} INFO - Filling up the DagBag from /opt/airflow/dags/groups/group_downloads.py
[2023-09-12T01:00:58.191+0000] {processor.py:768} WARNING - No viable dags retrieved from /opt/airflow/dags/groups/group_downloads.py
[2023-09-12T01:00:58.204+0000] {processor.py:176} INFO - Processing /opt/airflow/dags/groups/group_downloads.py took 0.033 seconds
[2023-09-12T01:01:28.512+0000] {processor.py:154} INFO - Started process (PID=7299) to work on /opt/airflow/dags/groups/group_downloads.py
[2023-09-12T01:01:28.513+0000] {processor.py:756} INFO - Processing file /opt/airflow/dags/groups/group_downloads.py for tasks to queue
[2023-09-12T01:01:28.514+0000] {logging_mixin.py:120} INFO - [2023-09-12T01:01:28.514+0000] {dagbag.py:537} INFO - Filling up the DagBag from /opt/airflow/dags/groups/group_downloads.py
[2023-09-12T01:01:28.529+0000] {processor.py:768} WARNING - No viable dags retrieved from /opt/airflow/dags/groups/group_downloads.py
[2023-09-12T01:01:28.540+0000] {processor.py:176} INFO - Processing /opt/airflow/dags/groups/group_downloads.py took 0.032 seconds
[2023-09-12T01:01:58.949+0000] {processor.py:154} INFO - Started process (PID=7380) to work on /opt/airflow/dags/groups/group_downloads.py
[2023-09-12T01:01:58.950+0000] {processor.py:756} INFO - Processing file /opt/airflow/dags/groups/group_downloads.py for tasks to queue
[2023-09-12T01:01:58.950+0000] {logging_mixin.py:120} INFO - [2023-09-12T01:01:58.950+0000] {dagbag.py:537} INFO - Filling up the DagBag from /opt/airflow/dags/groups/group_downloads.py
[2023-09-12T01:01:58.964+0000] {processor.py:768} WARNING - No viable dags retrieved from /opt/airflow/dags/groups/group_downloads.py
[2023-09-12T01:01:58.975+0000] {processor.py:176} INFO - Processing /opt/airflow/dags/groups/group_downloads.py took 0.029 seconds
[2023-09-12T01:02:29.653+0000] {processor.py:154} INFO - Started process (PID=7461) to work on /opt/airflow/dags/groups/group_downloads.py
[2023-09-12T01:02:29.654+0000] {processor.py:756} INFO - Processing file /opt/airflow/dags/groups/group_downloads.py for tasks to queue
[2023-09-12T01:02:29.655+0000] {logging_mixin.py:120} INFO - [2023-09-12T01:02:29.655+0000] {dagbag.py:537} INFO - Filling up the DagBag from /opt/airflow/dags/groups/group_downloads.py
[2023-09-12T01:02:29.673+0000] {processor.py:768} WARNING - No viable dags retrieved from /opt/airflow/dags/groups/group_downloads.py
[2023-09-12T01:02:29.689+0000] {processor.py:176} INFO - Processing /opt/airflow/dags/groups/group_downloads.py took 0.038 seconds
[2023-09-12T01:03:00.393+0000] {processor.py:154} INFO - Started process (PID=7533) to work on /opt/airflow/dags/groups/group_downloads.py
[2023-09-12T01:03:00.394+0000] {processor.py:756} INFO - Processing file /opt/airflow/dags/groups/group_downloads.py for tasks to queue
[2023-09-12T01:03:00.395+0000] {logging_mixin.py:120} INFO - [2023-09-12T01:03:00.395+0000] {dagbag.py:537} INFO - Filling up the DagBag from /opt/airflow/dags/groups/group_downloads.py
[2023-09-12T01:03:00.411+0000] {processor.py:768} WARNING - No viable dags retrieved from /opt/airflow/dags/groups/group_downloads.py
[2023-09-12T01:03:00.424+0000] {processor.py:176} INFO - Processing /opt/airflow/dags/groups/group_downloads.py took 0.034 seconds
[2023-09-12T01:03:31.281+0000] {processor.py:154} INFO - Started process (PID=7614) to work on /opt/airflow/dags/groups/group_downloads.py
[2023-09-12T01:03:31.282+0000] {processor.py:756} INFO - Processing file /opt/airflow/dags/groups/group_downloads.py for tasks to queue
[2023-09-12T01:03:31.283+0000] {logging_mixin.py:120} INFO - [2023-09-12T01:03:31.282+0000] {dagbag.py:537} INFO - Filling up the DagBag from /opt/airflow/dags/groups/group_downloads.py
[2023-09-12T01:03:31.296+0000] {processor.py:768} WARNING - No viable dags retrieved from /opt/airflow/dags/groups/group_downloads.py
[2023-09-12T01:03:31.308+0000] {processor.py:176} INFO - Processing /opt/airflow/dags/groups/group_downloads.py took 0.031 seconds
[2023-09-12T01:04:01.424+0000] {processor.py:154} INFO - Started process (PID=7695) to work on /opt/airflow/dags/groups/group_downloads.py
[2023-09-12T01:04:01.425+0000] {processor.py:756} INFO - Processing file /opt/airflow/dags/groups/group_downloads.py for tasks to queue
[2023-09-12T01:04:01.426+0000] {logging_mixin.py:120} INFO - [2023-09-12T01:04:01.426+0000] {dagbag.py:537} INFO - Filling up the DagBag from /opt/airflow/dags/groups/group_downloads.py
[2023-09-12T01:04:01.442+0000] {processor.py:768} WARNING - No viable dags retrieved from /opt/airflow/dags/groups/group_downloads.py
[2023-09-12T01:04:01.455+0000] {processor.py:176} INFO - Processing /opt/airflow/dags/groups/group_downloads.py took 0.035 seconds
[2023-09-12T01:04:32.467+0000] {processor.py:154} INFO - Started process (PID=7776) to work on /opt/airflow/dags/groups/group_downloads.py
[2023-09-12T01:04:32.468+0000] {processor.py:756} INFO - Processing file /opt/airflow/dags/groups/group_downloads.py for tasks to queue
[2023-09-12T01:04:32.469+0000] {logging_mixin.py:120} INFO - [2023-09-12T01:04:32.469+0000] {dagbag.py:537} INFO - Filling up the DagBag from /opt/airflow/dags/groups/group_downloads.py
[2023-09-12T01:04:32.487+0000] {processor.py:768} WARNING - No viable dags retrieved from /opt/airflow/dags/groups/group_downloads.py
[2023-09-12T01:04:32.501+0000] {processor.py:176} INFO - Processing /opt/airflow/dags/groups/group_downloads.py took 0.037 seconds
[2023-09-12T01:05:02.813+0000] {processor.py:154} INFO - Started process (PID=7848) to work on /opt/airflow/dags/groups/group_downloads.py
[2023-09-12T01:05:02.814+0000] {processor.py:756} INFO - Processing file /opt/airflow/dags/groups/group_downloads.py for tasks to queue
[2023-09-12T01:05:02.815+0000] {logging_mixin.py:120} INFO - [2023-09-12T01:05:02.814+0000] {dagbag.py:537} INFO - Filling up the DagBag from /opt/airflow/dags/groups/group_downloads.py
[2023-09-12T01:05:02.831+0000] {processor.py:768} WARNING - No viable dags retrieved from /opt/airflow/dags/groups/group_downloads.py
[2023-09-12T01:05:02.844+0000] {processor.py:176} INFO - Processing /opt/airflow/dags/groups/group_downloads.py took 0.034 seconds
[2023-09-12T01:05:33.201+0000] {processor.py:154} INFO - Started process (PID=7929) to work on /opt/airflow/dags/groups/group_downloads.py
[2023-09-12T01:05:33.202+0000] {processor.py:756} INFO - Processing file /opt/airflow/dags/groups/group_downloads.py for tasks to queue
[2023-09-12T01:05:33.203+0000] {logging_mixin.py:120} INFO - [2023-09-12T01:05:33.203+0000] {dagbag.py:537} INFO - Filling up the DagBag from /opt/airflow/dags/groups/group_downloads.py
[2023-09-12T01:05:33.216+0000] {processor.py:768} WARNING - No viable dags retrieved from /opt/airflow/dags/groups/group_downloads.py
[2023-09-12T01:05:33.228+0000] {processor.py:176} INFO - Processing /opt/airflow/dags/groups/group_downloads.py took 0.030 seconds
[2023-09-12T01:06:03.491+0000] {processor.py:154} INFO - Started process (PID=8011) to work on /opt/airflow/dags/groups/group_downloads.py
[2023-09-12T01:06:03.492+0000] {processor.py:756} INFO - Processing file /opt/airflow/dags/groups/group_downloads.py for tasks to queue
[2023-09-12T01:06:03.492+0000] {logging_mixin.py:120} INFO - [2023-09-12T01:06:03.492+0000] {dagbag.py:537} INFO - Filling up the DagBag from /opt/airflow/dags/groups/group_downloads.py
[2023-09-12T01:06:03.507+0000] {processor.py:768} WARNING - No viable dags retrieved from /opt/airflow/dags/groups/group_downloads.py
[2023-09-12T01:06:03.518+0000] {processor.py:176} INFO - Processing /opt/airflow/dags/groups/group_downloads.py took 0.030 seconds
[2023-09-12T01:06:33.694+0000] {processor.py:154} INFO - Started process (PID=8090) to work on /opt/airflow/dags/groups/group_downloads.py
[2023-09-12T01:06:33.695+0000] {processor.py:756} INFO - Processing file /opt/airflow/dags/groups/group_downloads.py for tasks to queue
[2023-09-12T01:06:33.695+0000] {logging_mixin.py:120} INFO - [2023-09-12T01:06:33.695+0000] {dagbag.py:537} INFO - Filling up the DagBag from /opt/airflow/dags/groups/group_downloads.py
[2023-09-12T01:06:33.709+0000] {processor.py:768} WARNING - No viable dags retrieved from /opt/airflow/dags/groups/group_downloads.py
[2023-09-12T01:06:33.720+0000] {processor.py:176} INFO - Processing /opt/airflow/dags/groups/group_downloads.py took 0.029 seconds
[2023-09-12T01:07:04.035+0000] {processor.py:154} INFO - Started process (PID=8164) to work on /opt/airflow/dags/groups/group_downloads.py
[2023-09-12T01:07:04.036+0000] {processor.py:756} INFO - Processing file /opt/airflow/dags/groups/group_downloads.py for tasks to queue
[2023-09-12T01:07:04.037+0000] {logging_mixin.py:120} INFO - [2023-09-12T01:07:04.036+0000] {dagbag.py:537} INFO - Filling up the DagBag from /opt/airflow/dags/groups/group_downloads.py
[2023-09-12T01:07:04.049+0000] {processor.py:768} WARNING - No viable dags retrieved from /opt/airflow/dags/groups/group_downloads.py
[2023-09-12T01:07:04.061+0000] {processor.py:176} INFO - Processing /opt/airflow/dags/groups/group_downloads.py took 0.029 seconds
[2023-09-12T01:07:34.631+0000] {processor.py:154} INFO - Started process (PID=8245) to work on /opt/airflow/dags/groups/group_downloads.py
[2023-09-12T01:07:34.632+0000] {processor.py:756} INFO - Processing file /opt/airflow/dags/groups/group_downloads.py for tasks to queue
[2023-09-12T01:07:34.633+0000] {logging_mixin.py:120} INFO - [2023-09-12T01:07:34.633+0000] {dagbag.py:537} INFO - Filling up the DagBag from /opt/airflow/dags/groups/group_downloads.py
[2023-09-12T01:07:34.650+0000] {processor.py:768} WARNING - No viable dags retrieved from /opt/airflow/dags/groups/group_downloads.py
[2023-09-12T01:07:34.664+0000] {processor.py:176} INFO - Processing /opt/airflow/dags/groups/group_downloads.py took 0.036 seconds
[2023-09-12T01:08:04.745+0000] {processor.py:154} INFO - Started process (PID=8326) to work on /opt/airflow/dags/groups/group_downloads.py
[2023-09-12T01:08:04.746+0000] {processor.py:756} INFO - Processing file /opt/airflow/dags/groups/group_downloads.py for tasks to queue
[2023-09-12T01:08:04.746+0000] {logging_mixin.py:120} INFO - [2023-09-12T01:08:04.746+0000] {dagbag.py:537} INFO - Filling up the DagBag from /opt/airflow/dags/groups/group_downloads.py
[2023-09-12T01:08:04.762+0000] {processor.py:768} WARNING - No viable dags retrieved from /opt/airflow/dags/groups/group_downloads.py
[2023-09-12T01:08:04.774+0000] {processor.py:176} INFO - Processing /opt/airflow/dags/groups/group_downloads.py took 0.033 seconds
