[2023-09-12T00:06:24.149+0000] {processor.py:154} INFO - Started process (PID=60) to work on /opt/airflow/dags/groups/group_transforms.py
[2023-09-12T00:06:24.151+0000] {processor.py:756} INFO - Processing file /opt/airflow/dags/groups/group_transforms.py for tasks to queue
[2023-09-12T00:06:24.152+0000] {logging_mixin.py:120} INFO - [2023-09-12T00:06:24.152+0000] {dagbag.py:537} INFO - Filling up the DagBag from /opt/airflow/dags/groups/group_transforms.py
[2023-09-12T00:06:24.174+0000] {processor.py:768} WARNING - No viable dags retrieved from /opt/airflow/dags/groups/group_transforms.py
[2023-09-12T00:06:24.192+0000] {processor.py:176} INFO - Processing /opt/airflow/dags/groups/group_transforms.py took 0.046 seconds
[2023-09-12T00:06:54.561+0000] {processor.py:154} INFO - Started process (PID=92) to work on /opt/airflow/dags/groups/group_transforms.py
[2023-09-12T00:06:54.562+0000] {processor.py:756} INFO - Processing file /opt/airflow/dags/groups/group_transforms.py for tasks to queue
[2023-09-12T00:06:54.563+0000] {logging_mixin.py:120} INFO - [2023-09-12T00:06:54.563+0000] {dagbag.py:537} INFO - Filling up the DagBag from /opt/airflow/dags/groups/group_transforms.py
[2023-09-12T00:06:54.579+0000] {processor.py:768} WARNING - No viable dags retrieved from /opt/airflow/dags/groups/group_transforms.py
[2023-09-12T00:06:54.591+0000] {processor.py:176} INFO - Processing /opt/airflow/dags/groups/group_transforms.py took 0.032 seconds
[2023-09-12T00:07:24.687+0000] {processor.py:154} INFO - Started process (PID=133) to work on /opt/airflow/dags/groups/group_transforms.py
[2023-09-12T00:07:24.688+0000] {processor.py:756} INFO - Processing file /opt/airflow/dags/groups/group_transforms.py for tasks to queue
[2023-09-12T00:07:24.689+0000] {logging_mixin.py:120} INFO - [2023-09-12T00:07:24.689+0000] {dagbag.py:537} INFO - Filling up the DagBag from /opt/airflow/dags/groups/group_transforms.py
[2023-09-12T00:07:24.704+0000] {processor.py:768} WARNING - No viable dags retrieved from /opt/airflow/dags/groups/group_transforms.py
[2023-09-12T00:07:24.715+0000] {processor.py:176} INFO - Processing /opt/airflow/dags/groups/group_transforms.py took 0.031 seconds
[2023-09-12T00:07:55.241+0000] {processor.py:154} INFO - Started process (PID=174) to work on /opt/airflow/dags/groups/group_transforms.py
[2023-09-12T00:07:55.243+0000] {processor.py:756} INFO - Processing file /opt/airflow/dags/groups/group_transforms.py for tasks to queue
[2023-09-12T00:07:55.244+0000] {logging_mixin.py:120} INFO - [2023-09-12T00:07:55.244+0000] {dagbag.py:537} INFO - Filling up the DagBag from /opt/airflow/dags/groups/group_transforms.py
[2023-09-12T00:07:55.260+0000] {processor.py:768} WARNING - No viable dags retrieved from /opt/airflow/dags/groups/group_transforms.py
[2023-09-12T00:07:55.272+0000] {processor.py:176} INFO - Processing /opt/airflow/dags/groups/group_transforms.py took 0.035 seconds
[2023-09-12T00:08:25.510+0000] {processor.py:154} INFO - Started process (PID=205) to work on /opt/airflow/dags/groups/group_transforms.py
[2023-09-12T00:08:25.510+0000] {processor.py:756} INFO - Processing file /opt/airflow/dags/groups/group_transforms.py for tasks to queue
[2023-09-12T00:08:25.512+0000] {logging_mixin.py:120} INFO - [2023-09-12T00:08:25.511+0000] {dagbag.py:537} INFO - Filling up the DagBag from /opt/airflow/dags/groups/group_transforms.py
[2023-09-12T00:08:25.528+0000] {processor.py:768} WARNING - No viable dags retrieved from /opt/airflow/dags/groups/group_transforms.py
[2023-09-12T00:08:25.539+0000] {processor.py:176} INFO - Processing /opt/airflow/dags/groups/group_transforms.py took 0.032 seconds
[2023-09-12T00:08:56.555+0000] {processor.py:154} INFO - Started process (PID=244) to work on /opt/airflow/dags/groups/group_transforms.py
[2023-09-12T00:08:56.556+0000] {processor.py:756} INFO - Processing file /opt/airflow/dags/groups/group_transforms.py for tasks to queue
[2023-09-12T00:08:56.557+0000] {logging_mixin.py:120} INFO - [2023-09-12T00:08:56.557+0000] {dagbag.py:537} INFO - Filling up the DagBag from /opt/airflow/dags/groups/group_transforms.py
[2023-09-12T00:08:56.575+0000] {processor.py:768} WARNING - No viable dags retrieved from /opt/airflow/dags/groups/group_transforms.py
[2023-09-12T00:08:56.588+0000] {processor.py:176} INFO - Processing /opt/airflow/dags/groups/group_transforms.py took 0.035 seconds
[2023-09-12T00:09:26.826+0000] {processor.py:154} INFO - Started process (PID=284) to work on /opt/airflow/dags/groups/group_transforms.py
[2023-09-12T00:09:26.827+0000] {processor.py:756} INFO - Processing file /opt/airflow/dags/groups/group_transforms.py for tasks to queue
[2023-09-12T00:09:26.828+0000] {logging_mixin.py:120} INFO - [2023-09-12T00:09:26.828+0000] {dagbag.py:537} INFO - Filling up the DagBag from /opt/airflow/dags/groups/group_transforms.py
[2023-09-12T00:09:26.844+0000] {processor.py:768} WARNING - No viable dags retrieved from /opt/airflow/dags/groups/group_transforms.py
[2023-09-12T00:09:26.855+0000] {processor.py:176} INFO - Processing /opt/airflow/dags/groups/group_transforms.py took 0.031 seconds
[2023-09-12T00:09:57.120+0000] {processor.py:154} INFO - Started process (PID=324) to work on /opt/airflow/dags/groups/group_transforms.py
[2023-09-12T00:09:57.121+0000] {processor.py:756} INFO - Processing file /opt/airflow/dags/groups/group_transforms.py for tasks to queue
[2023-09-12T00:09:57.121+0000] {logging_mixin.py:120} INFO - [2023-09-12T00:09:57.121+0000] {dagbag.py:537} INFO - Filling up the DagBag from /opt/airflow/dags/groups/group_transforms.py
[2023-09-12T00:09:57.137+0000] {processor.py:768} WARNING - No viable dags retrieved from /opt/airflow/dags/groups/group_transforms.py
[2023-09-12T00:09:57.148+0000] {processor.py:176} INFO - Processing /opt/airflow/dags/groups/group_transforms.py took 0.031 seconds
[2023-09-12T00:10:27.352+0000] {processor.py:154} INFO - Started process (PID=355) to work on /opt/airflow/dags/groups/group_transforms.py
[2023-09-12T00:10:27.353+0000] {processor.py:756} INFO - Processing file /opt/airflow/dags/groups/group_transforms.py for tasks to queue
[2023-09-12T00:10:27.354+0000] {logging_mixin.py:120} INFO - [2023-09-12T00:10:27.354+0000] {dagbag.py:537} INFO - Filling up the DagBag from /opt/airflow/dags/groups/group_transforms.py
[2023-09-12T00:10:27.372+0000] {processor.py:768} WARNING - No viable dags retrieved from /opt/airflow/dags/groups/group_transforms.py
[2023-09-12T00:10:27.383+0000] {processor.py:176} INFO - Processing /opt/airflow/dags/groups/group_transforms.py took 0.033 seconds
[2023-09-12T00:10:57.511+0000] {processor.py:154} INFO - Started process (PID=395) to work on /opt/airflow/dags/groups/group_transforms.py
[2023-09-12T00:10:57.512+0000] {processor.py:756} INFO - Processing file /opt/airflow/dags/groups/group_transforms.py for tasks to queue
[2023-09-12T00:10:57.514+0000] {logging_mixin.py:120} INFO - [2023-09-12T00:10:57.514+0000] {dagbag.py:537} INFO - Filling up the DagBag from /opt/airflow/dags/groups/group_transforms.py
[2023-09-12T00:10:57.527+0000] {processor.py:768} WARNING - No viable dags retrieved from /opt/airflow/dags/groups/group_transforms.py
[2023-09-12T00:10:57.539+0000] {processor.py:176} INFO - Processing /opt/airflow/dags/groups/group_transforms.py took 0.032 seconds
[2023-09-12T00:11:27.854+0000] {processor.py:154} INFO - Started process (PID=441) to work on /opt/airflow/dags/groups/group_transforms.py
[2023-09-12T00:11:27.855+0000] {processor.py:756} INFO - Processing file /opt/airflow/dags/groups/group_transforms.py for tasks to queue
[2023-09-12T00:11:27.856+0000] {logging_mixin.py:120} INFO - [2023-09-12T00:11:27.856+0000] {dagbag.py:537} INFO - Filling up the DagBag from /opt/airflow/dags/groups/group_transforms.py
[2023-09-12T00:11:27.871+0000] {processor.py:768} WARNING - No viable dags retrieved from /opt/airflow/dags/groups/group_transforms.py
[2023-09-12T00:11:27.881+0000] {processor.py:176} INFO - Processing /opt/airflow/dags/groups/group_transforms.py took 0.030 seconds
[2023-09-12T00:11:58.127+0000] {processor.py:154} INFO - Started process (PID=489) to work on /opt/airflow/dags/groups/group_transforms.py
[2023-09-12T00:11:58.129+0000] {processor.py:756} INFO - Processing file /opt/airflow/dags/groups/group_transforms.py for tasks to queue
[2023-09-12T00:11:58.130+0000] {logging_mixin.py:120} INFO - [2023-09-12T00:11:58.129+0000] {dagbag.py:537} INFO - Filling up the DagBag from /opt/airflow/dags/groups/group_transforms.py
[2023-09-12T00:11:58.147+0000] {processor.py:768} WARNING - No viable dags retrieved from /opt/airflow/dags/groups/group_transforms.py
[2023-09-12T00:11:58.162+0000] {processor.py:176} INFO - Processing /opt/airflow/dags/groups/group_transforms.py took 0.038 seconds
[2023-09-12T00:12:28.471+0000] {processor.py:154} INFO - Started process (PID=539) to work on /opt/airflow/dags/groups/group_transforms.py
[2023-09-12T00:12:28.473+0000] {processor.py:756} INFO - Processing file /opt/airflow/dags/groups/group_transforms.py for tasks to queue
[2023-09-12T00:12:28.474+0000] {logging_mixin.py:120} INFO - [2023-09-12T00:12:28.473+0000] {dagbag.py:537} INFO - Filling up the DagBag from /opt/airflow/dags/groups/group_transforms.py
[2023-09-12T00:12:28.489+0000] {processor.py:768} WARNING - No viable dags retrieved from /opt/airflow/dags/groups/group_transforms.py
[2023-09-12T00:12:28.500+0000] {processor.py:176} INFO - Processing /opt/airflow/dags/groups/group_transforms.py took 0.033 seconds
[2023-09-12T00:12:58.754+0000] {processor.py:154} INFO - Started process (PID=578) to work on /opt/airflow/dags/groups/group_transforms.py
[2023-09-12T00:12:58.755+0000] {processor.py:756} INFO - Processing file /opt/airflow/dags/groups/group_transforms.py for tasks to queue
[2023-09-12T00:12:58.756+0000] {logging_mixin.py:120} INFO - [2023-09-12T00:12:58.756+0000] {dagbag.py:537} INFO - Filling up the DagBag from /opt/airflow/dags/groups/group_transforms.py
[2023-09-12T00:12:58.777+0000] {processor.py:768} WARNING - No viable dags retrieved from /opt/airflow/dags/groups/group_transforms.py
[2023-09-12T00:12:58.812+0000] {processor.py:176} INFO - Processing /opt/airflow/dags/groups/group_transforms.py took 0.061 seconds
[2023-09-12T00:13:29.085+0000] {processor.py:154} INFO - Started process (PID=618) to work on /opt/airflow/dags/groups/group_transforms.py
[2023-09-12T00:13:29.086+0000] {processor.py:756} INFO - Processing file /opt/airflow/dags/groups/group_transforms.py for tasks to queue
[2023-09-12T00:13:29.087+0000] {logging_mixin.py:120} INFO - [2023-09-12T00:13:29.087+0000] {dagbag.py:537} INFO - Filling up the DagBag from /opt/airflow/dags/groups/group_transforms.py
[2023-09-12T00:13:29.107+0000] {processor.py:768} WARNING - No viable dags retrieved from /opt/airflow/dags/groups/group_transforms.py
[2023-09-12T00:13:29.121+0000] {processor.py:176} INFO - Processing /opt/airflow/dags/groups/group_transforms.py took 0.039 seconds
[2023-09-12T00:14:33.148+0000] {processor.py:154} INFO - Started process (PID=46) to work on /opt/airflow/dags/groups/group_transforms.py
[2023-09-12T00:14:33.149+0000] {processor.py:756} INFO - Processing file /opt/airflow/dags/groups/group_transforms.py for tasks to queue
[2023-09-12T00:14:33.149+0000] {logging_mixin.py:120} INFO - [2023-09-12T00:14:33.149+0000] {dagbag.py:537} INFO - Filling up the DagBag from /opt/airflow/dags/groups/group_transforms.py
[2023-09-12T00:14:33.168+0000] {processor.py:768} WARNING - No viable dags retrieved from /opt/airflow/dags/groups/group_transforms.py
[2023-09-12T00:14:33.182+0000] {processor.py:176} INFO - Processing /opt/airflow/dags/groups/group_transforms.py took 0.038 seconds
[2023-09-12T00:15:03.274+0000] {processor.py:154} INFO - Started process (PID=121) to work on /opt/airflow/dags/groups/group_transforms.py
[2023-09-12T00:15:03.275+0000] {processor.py:756} INFO - Processing file /opt/airflow/dags/groups/group_transforms.py for tasks to queue
[2023-09-12T00:15:03.276+0000] {logging_mixin.py:120} INFO - [2023-09-12T00:15:03.276+0000] {dagbag.py:537} INFO - Filling up the DagBag from /opt/airflow/dags/groups/group_transforms.py
[2023-09-12T00:15:03.294+0000] {processor.py:768} WARNING - No viable dags retrieved from /opt/airflow/dags/groups/group_transforms.py
[2023-09-12T00:15:03.307+0000] {processor.py:176} INFO - Processing /opt/airflow/dags/groups/group_transforms.py took 0.035 seconds
[2023-09-12T00:15:33.984+0000] {processor.py:154} INFO - Started process (PID=209) to work on /opt/airflow/dags/groups/group_transforms.py
[2023-09-12T00:15:33.984+0000] {processor.py:756} INFO - Processing file /opt/airflow/dags/groups/group_transforms.py for tasks to queue
[2023-09-12T00:15:33.985+0000] {logging_mixin.py:120} INFO - [2023-09-12T00:15:33.985+0000] {dagbag.py:537} INFO - Filling up the DagBag from /opt/airflow/dags/groups/group_transforms.py
[2023-09-12T00:15:34.001+0000] {processor.py:768} WARNING - No viable dags retrieved from /opt/airflow/dags/groups/group_transforms.py
[2023-09-12T00:15:34.012+0000] {processor.py:176} INFO - Processing /opt/airflow/dags/groups/group_transforms.py took 0.031 seconds
[2023-09-12T00:16:04.645+0000] {processor.py:154} INFO - Started process (PID=288) to work on /opt/airflow/dags/groups/group_transforms.py
[2023-09-12T00:16:04.646+0000] {processor.py:756} INFO - Processing file /opt/airflow/dags/groups/group_transforms.py for tasks to queue
[2023-09-12T00:16:04.646+0000] {logging_mixin.py:120} INFO - [2023-09-12T00:16:04.646+0000] {dagbag.py:537} INFO - Filling up the DagBag from /opt/airflow/dags/groups/group_transforms.py
[2023-09-12T00:16:04.660+0000] {processor.py:768} WARNING - No viable dags retrieved from /opt/airflow/dags/groups/group_transforms.py
[2023-09-12T00:16:04.672+0000] {processor.py:176} INFO - Processing /opt/airflow/dags/groups/group_transforms.py took 0.030 seconds
[2023-09-12T00:16:34.762+0000] {processor.py:154} INFO - Started process (PID=376) to work on /opt/airflow/dags/groups/group_transforms.py
[2023-09-12T00:16:34.763+0000] {processor.py:756} INFO - Processing file /opt/airflow/dags/groups/group_transforms.py for tasks to queue
[2023-09-12T00:16:34.764+0000] {logging_mixin.py:120} INFO - [2023-09-12T00:16:34.763+0000] {dagbag.py:537} INFO - Filling up the DagBag from /opt/airflow/dags/groups/group_transforms.py
[2023-09-12T00:16:34.780+0000] {processor.py:768} WARNING - No viable dags retrieved from /opt/airflow/dags/groups/group_transforms.py
[2023-09-12T00:16:34.791+0000] {processor.py:176} INFO - Processing /opt/airflow/dags/groups/group_transforms.py took 0.031 seconds
[2023-09-12T00:17:05.598+0000] {processor.py:154} INFO - Started process (PID=456) to work on /opt/airflow/dags/groups/group_transforms.py
[2023-09-12T00:17:05.599+0000] {processor.py:756} INFO - Processing file /opt/airflow/dags/groups/group_transforms.py for tasks to queue
[2023-09-12T00:17:05.600+0000] {logging_mixin.py:120} INFO - [2023-09-12T00:17:05.600+0000] {dagbag.py:537} INFO - Filling up the DagBag from /opt/airflow/dags/groups/group_transforms.py
[2023-09-12T00:17:05.616+0000] {processor.py:768} WARNING - No viable dags retrieved from /opt/airflow/dags/groups/group_transforms.py
[2023-09-12T00:17:05.628+0000] {processor.py:176} INFO - Processing /opt/airflow/dags/groups/group_transforms.py took 0.032 seconds
[2023-09-12T00:17:35.822+0000] {processor.py:154} INFO - Started process (PID=535) to work on /opt/airflow/dags/groups/group_transforms.py
[2023-09-12T00:17:35.823+0000] {processor.py:756} INFO - Processing file /opt/airflow/dags/groups/group_transforms.py for tasks to queue
[2023-09-12T00:17:35.824+0000] {logging_mixin.py:120} INFO - [2023-09-12T00:17:35.824+0000] {dagbag.py:537} INFO - Filling up the DagBag from /opt/airflow/dags/groups/group_transforms.py
[2023-09-12T00:17:35.852+0000] {processor.py:768} WARNING - No viable dags retrieved from /opt/airflow/dags/groups/group_transforms.py
[2023-09-12T00:17:35.868+0000] {processor.py:176} INFO - Processing /opt/airflow/dags/groups/group_transforms.py took 0.049 seconds
[2023-09-12T00:18:05.959+0000] {processor.py:154} INFO - Started process (PID=613) to work on /opt/airflow/dags/groups/group_transforms.py
[2023-09-12T00:18:05.960+0000] {processor.py:756} INFO - Processing file /opt/airflow/dags/groups/group_transforms.py for tasks to queue
[2023-09-12T00:18:05.961+0000] {logging_mixin.py:120} INFO - [2023-09-12T00:18:05.961+0000] {dagbag.py:537} INFO - Filling up the DagBag from /opt/airflow/dags/groups/group_transforms.py
[2023-09-12T00:18:05.980+0000] {processor.py:768} WARNING - No viable dags retrieved from /opt/airflow/dags/groups/group_transforms.py
[2023-09-12T00:18:05.994+0000] {processor.py:176} INFO - Processing /opt/airflow/dags/groups/group_transforms.py took 0.038 seconds
[2023-09-12T00:18:36.220+0000] {processor.py:154} INFO - Started process (PID=684) to work on /opt/airflow/dags/groups/group_transforms.py
[2023-09-12T00:18:36.221+0000] {processor.py:756} INFO - Processing file /opt/airflow/dags/groups/group_transforms.py for tasks to queue
[2023-09-12T00:18:36.222+0000] {logging_mixin.py:120} INFO - [2023-09-12T00:18:36.222+0000] {dagbag.py:537} INFO - Filling up the DagBag from /opt/airflow/dags/groups/group_transforms.py
[2023-09-12T00:18:36.238+0000] {processor.py:768} WARNING - No viable dags retrieved from /opt/airflow/dags/groups/group_transforms.py
[2023-09-12T00:18:36.250+0000] {processor.py:176} INFO - Processing /opt/airflow/dags/groups/group_transforms.py took 0.032 seconds
[2023-09-12T00:19:06.731+0000] {processor.py:154} INFO - Started process (PID=763) to work on /opt/airflow/dags/groups/group_transforms.py
[2023-09-12T00:19:06.732+0000] {processor.py:756} INFO - Processing file /opt/airflow/dags/groups/group_transforms.py for tasks to queue
[2023-09-12T00:19:06.733+0000] {logging_mixin.py:120} INFO - [2023-09-12T00:19:06.733+0000] {dagbag.py:537} INFO - Filling up the DagBag from /opt/airflow/dags/groups/group_transforms.py
[2023-09-12T00:19:06.749+0000] {processor.py:768} WARNING - No viable dags retrieved from /opt/airflow/dags/groups/group_transforms.py
[2023-09-12T00:19:06.762+0000] {processor.py:176} INFO - Processing /opt/airflow/dags/groups/group_transforms.py took 0.033 seconds
[2023-09-12T00:19:36.985+0000] {processor.py:154} INFO - Started process (PID=844) to work on /opt/airflow/dags/groups/group_transforms.py
[2023-09-12T00:19:36.986+0000] {processor.py:756} INFO - Processing file /opt/airflow/dags/groups/group_transforms.py for tasks to queue
[2023-09-12T00:19:36.986+0000] {logging_mixin.py:120} INFO - [2023-09-12T00:19:36.986+0000] {dagbag.py:537} INFO - Filling up the DagBag from /opt/airflow/dags/groups/group_transforms.py
[2023-09-12T00:19:37.003+0000] {processor.py:768} WARNING - No viable dags retrieved from /opt/airflow/dags/groups/group_transforms.py
[2023-09-12T00:19:37.015+0000] {processor.py:176} INFO - Processing /opt/airflow/dags/groups/group_transforms.py took 0.033 seconds
[2023-09-12T00:20:07.313+0000] {processor.py:154} INFO - Started process (PID=916) to work on /opt/airflow/dags/groups/group_transforms.py
[2023-09-12T00:20:07.314+0000] {processor.py:756} INFO - Processing file /opt/airflow/dags/groups/group_transforms.py for tasks to queue
[2023-09-12T00:20:07.315+0000] {logging_mixin.py:120} INFO - [2023-09-12T00:20:07.315+0000] {dagbag.py:537} INFO - Filling up the DagBag from /opt/airflow/dags/groups/group_transforms.py
[2023-09-12T00:20:07.333+0000] {processor.py:768} WARNING - No viable dags retrieved from /opt/airflow/dags/groups/group_transforms.py
[2023-09-12T00:20:07.348+0000] {processor.py:176} INFO - Processing /opt/airflow/dags/groups/group_transforms.py took 0.038 seconds
[2023-09-12T00:20:37.686+0000] {processor.py:154} INFO - Started process (PID=997) to work on /opt/airflow/dags/groups/group_transforms.py
[2023-09-12T00:20:37.686+0000] {processor.py:756} INFO - Processing file /opt/airflow/dags/groups/group_transforms.py for tasks to queue
[2023-09-12T00:20:37.687+0000] {logging_mixin.py:120} INFO - [2023-09-12T00:20:37.687+0000] {dagbag.py:537} INFO - Filling up the DagBag from /opt/airflow/dags/groups/group_transforms.py
[2023-09-12T00:20:37.702+0000] {processor.py:768} WARNING - No viable dags retrieved from /opt/airflow/dags/groups/group_transforms.py
[2023-09-12T00:20:37.714+0000] {processor.py:176} INFO - Processing /opt/airflow/dags/groups/group_transforms.py took 0.031 seconds
[2023-09-12T00:21:07.764+0000] {processor.py:154} INFO - Started process (PID=1077) to work on /opt/airflow/dags/groups/group_transforms.py
[2023-09-12T00:21:07.765+0000] {processor.py:756} INFO - Processing file /opt/airflow/dags/groups/group_transforms.py for tasks to queue
[2023-09-12T00:21:07.766+0000] {logging_mixin.py:120} INFO - [2023-09-12T00:21:07.765+0000] {dagbag.py:537} INFO - Filling up the DagBag from /opt/airflow/dags/groups/group_transforms.py
[2023-09-12T00:21:07.780+0000] {processor.py:768} WARNING - No viable dags retrieved from /opt/airflow/dags/groups/group_transforms.py
[2023-09-12T00:21:07.792+0000] {processor.py:176} INFO - Processing /opt/airflow/dags/groups/group_transforms.py took 0.031 seconds
[2023-09-12T00:21:38.111+0000] {processor.py:154} INFO - Started process (PID=1159) to work on /opt/airflow/dags/groups/group_transforms.py
[2023-09-12T00:21:38.112+0000] {processor.py:756} INFO - Processing file /opt/airflow/dags/groups/group_transforms.py for tasks to queue
[2023-09-12T00:21:38.112+0000] {logging_mixin.py:120} INFO - [2023-09-12T00:21:38.112+0000] {dagbag.py:537} INFO - Filling up the DagBag from /opt/airflow/dags/groups/group_transforms.py
[2023-09-12T00:21:38.128+0000] {processor.py:768} WARNING - No viable dags retrieved from /opt/airflow/dags/groups/group_transforms.py
[2023-09-12T00:21:38.140+0000] {processor.py:176} INFO - Processing /opt/airflow/dags/groups/group_transforms.py took 0.032 seconds
[2023-09-12T00:22:08.638+0000] {processor.py:154} INFO - Started process (PID=1231) to work on /opt/airflow/dags/groups/group_transforms.py
[2023-09-12T00:22:08.639+0000] {processor.py:756} INFO - Processing file /opt/airflow/dags/groups/group_transforms.py for tasks to queue
[2023-09-12T00:22:08.640+0000] {logging_mixin.py:120} INFO - [2023-09-12T00:22:08.640+0000] {dagbag.py:537} INFO - Filling up the DagBag from /opt/airflow/dags/groups/group_transforms.py
[2023-09-12T00:22:08.656+0000] {processor.py:768} WARNING - No viable dags retrieved from /opt/airflow/dags/groups/group_transforms.py
[2023-09-12T00:22:08.668+0000] {processor.py:176} INFO - Processing /opt/airflow/dags/groups/group_transforms.py took 0.032 seconds
[2023-09-12T00:22:38.983+0000] {processor.py:154} INFO - Started process (PID=1311) to work on /opt/airflow/dags/groups/group_transforms.py
[2023-09-12T00:22:38.984+0000] {processor.py:756} INFO - Processing file /opt/airflow/dags/groups/group_transforms.py for tasks to queue
[2023-09-12T00:22:38.986+0000] {logging_mixin.py:120} INFO - [2023-09-12T00:22:38.985+0000] {dagbag.py:537} INFO - Filling up the DagBag from /opt/airflow/dags/groups/group_transforms.py
[2023-09-12T00:22:39.001+0000] {processor.py:768} WARNING - No viable dags retrieved from /opt/airflow/dags/groups/group_transforms.py
[2023-09-12T00:22:39.014+0000] {processor.py:176} INFO - Processing /opt/airflow/dags/groups/group_transforms.py took 0.036 seconds
[2023-09-12T00:23:09.273+0000] {processor.py:154} INFO - Started process (PID=1392) to work on /opt/airflow/dags/groups/group_transforms.py
[2023-09-12T00:23:09.274+0000] {processor.py:756} INFO - Processing file /opt/airflow/dags/groups/group_transforms.py for tasks to queue
[2023-09-12T00:23:09.275+0000] {logging_mixin.py:120} INFO - [2023-09-12T00:23:09.275+0000] {dagbag.py:537} INFO - Filling up the DagBag from /opt/airflow/dags/groups/group_transforms.py
[2023-09-12T00:23:09.289+0000] {processor.py:768} WARNING - No viable dags retrieved from /opt/airflow/dags/groups/group_transforms.py
[2023-09-12T00:23:09.300+0000] {processor.py:176} INFO - Processing /opt/airflow/dags/groups/group_transforms.py took 0.030 seconds
[2023-09-12T00:23:40.085+0000] {processor.py:154} INFO - Started process (PID=1474) to work on /opt/airflow/dags/groups/group_transforms.py
[2023-09-12T00:23:40.086+0000] {processor.py:756} INFO - Processing file /opt/airflow/dags/groups/group_transforms.py for tasks to queue
[2023-09-12T00:23:40.087+0000] {logging_mixin.py:120} INFO - [2023-09-12T00:23:40.087+0000] {dagbag.py:537} INFO - Filling up the DagBag from /opt/airflow/dags/groups/group_transforms.py
[2023-09-12T00:23:40.103+0000] {processor.py:768} WARNING - No viable dags retrieved from /opt/airflow/dags/groups/group_transforms.py
[2023-09-12T00:23:40.116+0000] {processor.py:176} INFO - Processing /opt/airflow/dags/groups/group_transforms.py took 0.034 seconds
[2023-09-12T00:24:11.015+0000] {processor.py:154} INFO - Started process (PID=1547) to work on /opt/airflow/dags/groups/group_transforms.py
[2023-09-12T00:24:11.016+0000] {processor.py:756} INFO - Processing file /opt/airflow/dags/groups/group_transforms.py for tasks to queue
[2023-09-12T00:24:11.017+0000] {logging_mixin.py:120} INFO - [2023-09-12T00:24:11.016+0000] {dagbag.py:537} INFO - Filling up the DagBag from /opt/airflow/dags/groups/group_transforms.py
[2023-09-12T00:24:11.034+0000] {processor.py:768} WARNING - No viable dags retrieved from /opt/airflow/dags/groups/group_transforms.py
[2023-09-12T00:24:11.048+0000] {processor.py:176} INFO - Processing /opt/airflow/dags/groups/group_transforms.py took 0.036 seconds
[2023-09-12T00:24:41.816+0000] {processor.py:154} INFO - Started process (PID=1628) to work on /opt/airflow/dags/groups/group_transforms.py
[2023-09-12T00:24:41.817+0000] {processor.py:756} INFO - Processing file /opt/airflow/dags/groups/group_transforms.py for tasks to queue
[2023-09-12T00:24:41.818+0000] {logging_mixin.py:120} INFO - [2023-09-12T00:24:41.818+0000] {dagbag.py:537} INFO - Filling up the DagBag from /opt/airflow/dags/groups/group_transforms.py
[2023-09-12T00:24:41.832+0000] {processor.py:768} WARNING - No viable dags retrieved from /opt/airflow/dags/groups/group_transforms.py
[2023-09-12T00:24:41.844+0000] {processor.py:176} INFO - Processing /opt/airflow/dags/groups/group_transforms.py took 0.030 seconds
[2023-09-12T00:25:12.658+0000] {processor.py:154} INFO - Started process (PID=1709) to work on /opt/airflow/dags/groups/group_transforms.py
[2023-09-12T00:25:12.659+0000] {processor.py:756} INFO - Processing file /opt/airflow/dags/groups/group_transforms.py for tasks to queue
[2023-09-12T00:25:12.660+0000] {logging_mixin.py:120} INFO - [2023-09-12T00:25:12.659+0000] {dagbag.py:537} INFO - Filling up the DagBag from /opt/airflow/dags/groups/group_transforms.py
[2023-09-12T00:25:12.673+0000] {processor.py:768} WARNING - No viable dags retrieved from /opt/airflow/dags/groups/group_transforms.py
[2023-09-12T00:25:12.723+0000] {processor.py:176} INFO - Processing /opt/airflow/dags/groups/group_transforms.py took 0.068 seconds
[2023-09-12T00:25:42.855+0000] {processor.py:154} INFO - Started process (PID=1788) to work on /opt/airflow/dags/groups/group_transforms.py
[2023-09-12T00:25:42.856+0000] {processor.py:756} INFO - Processing file /opt/airflow/dags/groups/group_transforms.py for tasks to queue
[2023-09-12T00:25:42.857+0000] {logging_mixin.py:120} INFO - [2023-09-12T00:25:42.857+0000] {dagbag.py:537} INFO - Filling up the DagBag from /opt/airflow/dags/groups/group_transforms.py
[2023-09-12T00:25:42.870+0000] {processor.py:768} WARNING - No viable dags retrieved from /opt/airflow/dags/groups/group_transforms.py
[2023-09-12T00:25:42.881+0000] {processor.py:176} INFO - Processing /opt/airflow/dags/groups/group_transforms.py took 0.029 seconds
[2023-09-12T00:26:13.704+0000] {processor.py:154} INFO - Started process (PID=1860) to work on /opt/airflow/dags/groups/group_transforms.py
[2023-09-12T00:26:13.705+0000] {processor.py:756} INFO - Processing file /opt/airflow/dags/groups/group_transforms.py for tasks to queue
[2023-09-12T00:26:13.706+0000] {logging_mixin.py:120} INFO - [2023-09-12T00:26:13.706+0000] {dagbag.py:537} INFO - Filling up the DagBag from /opt/airflow/dags/groups/group_transforms.py
[2023-09-12T00:26:13.721+0000] {processor.py:768} WARNING - No viable dags retrieved from /opt/airflow/dags/groups/group_transforms.py
[2023-09-12T00:26:13.734+0000] {processor.py:176} INFO - Processing /opt/airflow/dags/groups/group_transforms.py took 0.034 seconds
[2023-09-12T00:26:44.442+0000] {processor.py:154} INFO - Started process (PID=1942) to work on /opt/airflow/dags/groups/group_transforms.py
[2023-09-12T00:26:44.443+0000] {processor.py:756} INFO - Processing file /opt/airflow/dags/groups/group_transforms.py for tasks to queue
[2023-09-12T00:26:44.443+0000] {logging_mixin.py:120} INFO - [2023-09-12T00:26:44.443+0000] {dagbag.py:537} INFO - Filling up the DagBag from /opt/airflow/dags/groups/group_transforms.py
[2023-09-12T00:26:44.458+0000] {processor.py:768} WARNING - No viable dags retrieved from /opt/airflow/dags/groups/group_transforms.py
[2023-09-12T00:26:44.471+0000] {processor.py:176} INFO - Processing /opt/airflow/dags/groups/group_transforms.py took 0.032 seconds
[2023-09-12T00:27:15.280+0000] {processor.py:154} INFO - Started process (PID=2023) to work on /opt/airflow/dags/groups/group_transforms.py
[2023-09-12T00:27:15.281+0000] {processor.py:756} INFO - Processing file /opt/airflow/dags/groups/group_transforms.py for tasks to queue
[2023-09-12T00:27:15.282+0000] {logging_mixin.py:120} INFO - [2023-09-12T00:27:15.282+0000] {dagbag.py:537} INFO - Filling up the DagBag from /opt/airflow/dags/groups/group_transforms.py
[2023-09-12T00:27:15.297+0000] {processor.py:768} WARNING - No viable dags retrieved from /opt/airflow/dags/groups/group_transforms.py
[2023-09-12T00:27:15.309+0000] {processor.py:176} INFO - Processing /opt/airflow/dags/groups/group_transforms.py took 0.031 seconds
[2023-09-12T00:27:46.046+0000] {processor.py:154} INFO - Started process (PID=2104) to work on /opt/airflow/dags/groups/group_transforms.py
[2023-09-12T00:27:46.047+0000] {processor.py:756} INFO - Processing file /opt/airflow/dags/groups/group_transforms.py for tasks to queue
[2023-09-12T00:27:46.048+0000] {logging_mixin.py:120} INFO - [2023-09-12T00:27:46.048+0000] {dagbag.py:537} INFO - Filling up the DagBag from /opt/airflow/dags/groups/group_transforms.py
[2023-09-12T00:27:46.064+0000] {processor.py:768} WARNING - No viable dags retrieved from /opt/airflow/dags/groups/group_transforms.py
[2023-09-12T00:27:46.078+0000] {processor.py:176} INFO - Processing /opt/airflow/dags/groups/group_transforms.py took 0.034 seconds
[2023-09-12T00:28:16.631+0000] {processor.py:154} INFO - Started process (PID=2185) to work on /opt/airflow/dags/groups/group_transforms.py
[2023-09-12T00:28:16.632+0000] {processor.py:756} INFO - Processing file /opt/airflow/dags/groups/group_transforms.py for tasks to queue
[2023-09-12T00:28:16.633+0000] {logging_mixin.py:120} INFO - [2023-09-12T00:28:16.633+0000] {dagbag.py:537} INFO - Filling up the DagBag from /opt/airflow/dags/groups/group_transforms.py
[2023-09-12T00:28:16.651+0000] {processor.py:768} WARNING - No viable dags retrieved from /opt/airflow/dags/groups/group_transforms.py
[2023-09-12T00:28:16.665+0000] {processor.py:176} INFO - Processing /opt/airflow/dags/groups/group_transforms.py took 0.038 seconds
[2023-09-12T00:28:47.251+0000] {processor.py:154} INFO - Started process (PID=2257) to work on /opt/airflow/dags/groups/group_transforms.py
[2023-09-12T00:28:47.252+0000] {processor.py:756} INFO - Processing file /opt/airflow/dags/groups/group_transforms.py for tasks to queue
[2023-09-12T00:28:47.253+0000] {logging_mixin.py:120} INFO - [2023-09-12T00:28:47.252+0000] {dagbag.py:537} INFO - Filling up the DagBag from /opt/airflow/dags/groups/group_transforms.py
[2023-09-12T00:28:47.266+0000] {processor.py:768} WARNING - No viable dags retrieved from /opt/airflow/dags/groups/group_transforms.py
[2023-09-12T00:28:47.277+0000] {processor.py:176} INFO - Processing /opt/airflow/dags/groups/group_transforms.py took 0.028 seconds
[2023-09-12T00:29:18.102+0000] {processor.py:154} INFO - Started process (PID=2338) to work on /opt/airflow/dags/groups/group_transforms.py
[2023-09-12T00:29:18.104+0000] {processor.py:756} INFO - Processing file /opt/airflow/dags/groups/group_transforms.py for tasks to queue
[2023-09-12T00:29:18.104+0000] {logging_mixin.py:120} INFO - [2023-09-12T00:29:18.104+0000] {dagbag.py:537} INFO - Filling up the DagBag from /opt/airflow/dags/groups/group_transforms.py
[2023-09-12T00:29:18.118+0000] {processor.py:768} WARNING - No viable dags retrieved from /opt/airflow/dags/groups/group_transforms.py
[2023-09-12T00:29:18.129+0000] {processor.py:176} INFO - Processing /opt/airflow/dags/groups/group_transforms.py took 0.030 seconds
[2023-09-12T00:29:48.829+0000] {processor.py:154} INFO - Started process (PID=2419) to work on /opt/airflow/dags/groups/group_transforms.py
[2023-09-12T00:29:48.830+0000] {processor.py:756} INFO - Processing file /opt/airflow/dags/groups/group_transforms.py for tasks to queue
[2023-09-12T00:29:48.831+0000] {logging_mixin.py:120} INFO - [2023-09-12T00:29:48.831+0000] {dagbag.py:537} INFO - Filling up the DagBag from /opt/airflow/dags/groups/group_transforms.py
[2023-09-12T00:29:48.846+0000] {processor.py:768} WARNING - No viable dags retrieved from /opt/airflow/dags/groups/group_transforms.py
[2023-09-12T00:29:48.858+0000] {processor.py:176} INFO - Processing /opt/airflow/dags/groups/group_transforms.py took 0.031 seconds
[2023-09-12T00:30:19.317+0000] {processor.py:154} INFO - Started process (PID=2500) to work on /opt/airflow/dags/groups/group_transforms.py
[2023-09-12T00:30:19.318+0000] {processor.py:756} INFO - Processing file /opt/airflow/dags/groups/group_transforms.py for tasks to queue
[2023-09-12T00:30:19.318+0000] {logging_mixin.py:120} INFO - [2023-09-12T00:30:19.318+0000] {dagbag.py:537} INFO - Filling up the DagBag from /opt/airflow/dags/groups/group_transforms.py
[2023-09-12T00:30:19.332+0000] {processor.py:768} WARNING - No viable dags retrieved from /opt/airflow/dags/groups/group_transforms.py
[2023-09-12T00:30:19.343+0000] {processor.py:176} INFO - Processing /opt/airflow/dags/groups/group_transforms.py took 0.028 seconds
[2023-09-12T00:30:50.130+0000] {processor.py:154} INFO - Started process (PID=2572) to work on /opt/airflow/dags/groups/group_transforms.py
[2023-09-12T00:30:50.131+0000] {processor.py:756} INFO - Processing file /opt/airflow/dags/groups/group_transforms.py for tasks to queue
[2023-09-12T00:30:50.132+0000] {logging_mixin.py:120} INFO - [2023-09-12T00:30:50.131+0000] {dagbag.py:537} INFO - Filling up the DagBag from /opt/airflow/dags/groups/group_transforms.py
[2023-09-12T00:30:50.147+0000] {processor.py:768} WARNING - No viable dags retrieved from /opt/airflow/dags/groups/group_transforms.py
[2023-09-12T00:30:50.159+0000] {processor.py:176} INFO - Processing /opt/airflow/dags/groups/group_transforms.py took 0.031 seconds
[2023-09-12T00:31:20.922+0000] {processor.py:154} INFO - Started process (PID=2654) to work on /opt/airflow/dags/groups/group_transforms.py
[2023-09-12T00:31:20.923+0000] {processor.py:756} INFO - Processing file /opt/airflow/dags/groups/group_transforms.py for tasks to queue
[2023-09-12T00:31:20.924+0000] {logging_mixin.py:120} INFO - [2023-09-12T00:31:20.924+0000] {dagbag.py:537} INFO - Filling up the DagBag from /opt/airflow/dags/groups/group_transforms.py
[2023-09-12T00:31:20.939+0000] {processor.py:768} WARNING - No viable dags retrieved from /opt/airflow/dags/groups/group_transforms.py
[2023-09-12T00:31:20.953+0000] {processor.py:176} INFO - Processing /opt/airflow/dags/groups/group_transforms.py took 0.033 seconds
[2023-09-12T00:31:51.907+0000] {processor.py:154} INFO - Started process (PID=2735) to work on /opt/airflow/dags/groups/group_transforms.py
[2023-09-12T00:31:51.907+0000] {processor.py:756} INFO - Processing file /opt/airflow/dags/groups/group_transforms.py for tasks to queue
[2023-09-12T00:31:51.908+0000] {logging_mixin.py:120} INFO - [2023-09-12T00:31:51.908+0000] {dagbag.py:537} INFO - Filling up the DagBag from /opt/airflow/dags/groups/group_transforms.py
[2023-09-12T00:31:51.923+0000] {processor.py:768} WARNING - No viable dags retrieved from /opt/airflow/dags/groups/group_transforms.py
[2023-09-12T00:31:51.935+0000] {processor.py:176} INFO - Processing /opt/airflow/dags/groups/group_transforms.py took 0.031 seconds
[2023-09-12T00:32:22.529+0000] {processor.py:154} INFO - Started process (PID=2816) to work on /opt/airflow/dags/groups/group_transforms.py
[2023-09-12T00:32:22.530+0000] {processor.py:756} INFO - Processing file /opt/airflow/dags/groups/group_transforms.py for tasks to queue
[2023-09-12T00:32:22.531+0000] {logging_mixin.py:120} INFO - [2023-09-12T00:32:22.531+0000] {dagbag.py:537} INFO - Filling up the DagBag from /opt/airflow/dags/groups/group_transforms.py
[2023-09-12T00:32:22.546+0000] {processor.py:768} WARNING - No viable dags retrieved from /opt/airflow/dags/groups/group_transforms.py
[2023-09-12T00:32:22.558+0000] {processor.py:176} INFO - Processing /opt/airflow/dags/groups/group_transforms.py took 0.032 seconds
[2023-09-12T00:32:53.474+0000] {processor.py:154} INFO - Started process (PID=2897) to work on /opt/airflow/dags/groups/group_transforms.py
[2023-09-12T00:32:53.475+0000] {processor.py:756} INFO - Processing file /opt/airflow/dags/groups/group_transforms.py for tasks to queue
[2023-09-12T00:32:53.475+0000] {logging_mixin.py:120} INFO - [2023-09-12T00:32:53.475+0000] {dagbag.py:537} INFO - Filling up the DagBag from /opt/airflow/dags/groups/group_transforms.py
[2023-09-12T00:32:53.489+0000] {processor.py:768} WARNING - No viable dags retrieved from /opt/airflow/dags/groups/group_transforms.py
[2023-09-12T00:32:53.501+0000] {processor.py:176} INFO - Processing /opt/airflow/dags/groups/group_transforms.py took 0.030 seconds
[2023-09-12T00:33:24.121+0000] {processor.py:154} INFO - Started process (PID=2969) to work on /opt/airflow/dags/groups/group_transforms.py
[2023-09-12T00:33:24.122+0000] {processor.py:756} INFO - Processing file /opt/airflow/dags/groups/group_transforms.py for tasks to queue
[2023-09-12T00:33:24.123+0000] {logging_mixin.py:120} INFO - [2023-09-12T00:33:24.122+0000] {dagbag.py:537} INFO - Filling up the DagBag from /opt/airflow/dags/groups/group_transforms.py
[2023-09-12T00:33:24.138+0000] {processor.py:768} WARNING - No viable dags retrieved from /opt/airflow/dags/groups/group_transforms.py
[2023-09-12T00:33:24.149+0000] {processor.py:176} INFO - Processing /opt/airflow/dags/groups/group_transforms.py took 0.031 seconds
[2023-09-12T00:33:54.820+0000] {processor.py:154} INFO - Started process (PID=3050) to work on /opt/airflow/dags/groups/group_transforms.py
[2023-09-12T00:33:54.821+0000] {processor.py:756} INFO - Processing file /opt/airflow/dags/groups/group_transforms.py for tasks to queue
[2023-09-12T00:33:54.822+0000] {logging_mixin.py:120} INFO - [2023-09-12T00:33:54.821+0000] {dagbag.py:537} INFO - Filling up the DagBag from /opt/airflow/dags/groups/group_transforms.py
[2023-09-12T00:33:54.841+0000] {processor.py:768} WARNING - No viable dags retrieved from /opt/airflow/dags/groups/group_transforms.py
[2023-09-12T00:33:54.855+0000] {processor.py:176} INFO - Processing /opt/airflow/dags/groups/group_transforms.py took 0.038 seconds
[2023-09-12T00:34:25.351+0000] {processor.py:154} INFO - Started process (PID=3131) to work on /opt/airflow/dags/groups/group_transforms.py
[2023-09-12T00:34:25.352+0000] {processor.py:756} INFO - Processing file /opt/airflow/dags/groups/group_transforms.py for tasks to queue
[2023-09-12T00:34:25.353+0000] {logging_mixin.py:120} INFO - [2023-09-12T00:34:25.352+0000] {dagbag.py:537} INFO - Filling up the DagBag from /opt/airflow/dags/groups/group_transforms.py
[2023-09-12T00:34:25.368+0000] {processor.py:768} WARNING - No viable dags retrieved from /opt/airflow/dags/groups/group_transforms.py
[2023-09-12T00:34:25.380+0000] {processor.py:176} INFO - Processing /opt/airflow/dags/groups/group_transforms.py took 0.032 seconds
[2023-09-12T00:34:56.178+0000] {processor.py:154} INFO - Started process (PID=3212) to work on /opt/airflow/dags/groups/group_transforms.py
[2023-09-12T00:34:56.179+0000] {processor.py:756} INFO - Processing file /opt/airflow/dags/groups/group_transforms.py for tasks to queue
[2023-09-12T00:34:56.179+0000] {logging_mixin.py:120} INFO - [2023-09-12T00:34:56.179+0000] {dagbag.py:537} INFO - Filling up the DagBag from /opt/airflow/dags/groups/group_transforms.py
[2023-09-12T00:34:56.196+0000] {processor.py:768} WARNING - No viable dags retrieved from /opt/airflow/dags/groups/group_transforms.py
[2023-09-12T00:34:56.211+0000] {processor.py:176} INFO - Processing /opt/airflow/dags/groups/group_transforms.py took 0.036 seconds
[2023-09-12T00:35:27.148+0000] {processor.py:154} INFO - Started process (PID=3284) to work on /opt/airflow/dags/groups/group_transforms.py
[2023-09-12T00:35:27.149+0000] {processor.py:756} INFO - Processing file /opt/airflow/dags/groups/group_transforms.py for tasks to queue
[2023-09-12T00:35:27.150+0000] {logging_mixin.py:120} INFO - [2023-09-12T00:35:27.149+0000] {dagbag.py:537} INFO - Filling up the DagBag from /opt/airflow/dags/groups/group_transforms.py
[2023-09-12T00:35:27.164+0000] {processor.py:768} WARNING - No viable dags retrieved from /opt/airflow/dags/groups/group_transforms.py
[2023-09-12T00:35:27.175+0000] {processor.py:176} INFO - Processing /opt/airflow/dags/groups/group_transforms.py took 0.030 seconds
[2023-09-12T00:35:58.027+0000] {processor.py:154} INFO - Started process (PID=3365) to work on /opt/airflow/dags/groups/group_transforms.py
[2023-09-12T00:35:58.028+0000] {processor.py:756} INFO - Processing file /opt/airflow/dags/groups/group_transforms.py for tasks to queue
[2023-09-12T00:35:58.028+0000] {logging_mixin.py:120} INFO - [2023-09-12T00:35:58.028+0000] {dagbag.py:537} INFO - Filling up the DagBag from /opt/airflow/dags/groups/group_transforms.py
[2023-09-12T00:35:58.044+0000] {processor.py:768} WARNING - No viable dags retrieved from /opt/airflow/dags/groups/group_transforms.py
[2023-09-12T00:35:58.055+0000] {processor.py:176} INFO - Processing /opt/airflow/dags/groups/group_transforms.py took 0.030 seconds
[2023-09-12T00:36:28.873+0000] {processor.py:154} INFO - Started process (PID=3446) to work on /opt/airflow/dags/groups/group_transforms.py
[2023-09-12T00:36:28.873+0000] {processor.py:756} INFO - Processing file /opt/airflow/dags/groups/group_transforms.py for tasks to queue
[2023-09-12T00:36:28.874+0000] {logging_mixin.py:120} INFO - [2023-09-12T00:36:28.874+0000] {dagbag.py:537} INFO - Filling up the DagBag from /opt/airflow/dags/groups/group_transforms.py
[2023-09-12T00:36:28.890+0000] {processor.py:768} WARNING - No viable dags retrieved from /opt/airflow/dags/groups/group_transforms.py
[2023-09-12T00:36:28.902+0000] {processor.py:176} INFO - Processing /opt/airflow/dags/groups/group_transforms.py took 0.032 seconds
[2023-09-12T00:36:59.744+0000] {processor.py:154} INFO - Started process (PID=3527) to work on /opt/airflow/dags/groups/group_transforms.py
[2023-09-12T00:36:59.744+0000] {processor.py:756} INFO - Processing file /opt/airflow/dags/groups/group_transforms.py for tasks to queue
[2023-09-12T00:36:59.745+0000] {logging_mixin.py:120} INFO - [2023-09-12T00:36:59.745+0000] {dagbag.py:537} INFO - Filling up the DagBag from /opt/airflow/dags/groups/group_transforms.py
[2023-09-12T00:36:59.764+0000] {processor.py:768} WARNING - No viable dags retrieved from /opt/airflow/dags/groups/group_transforms.py
[2023-09-12T00:36:59.779+0000] {processor.py:176} INFO - Processing /opt/airflow/dags/groups/group_transforms.py took 0.038 seconds
[2023-09-12T00:37:30.691+0000] {processor.py:154} INFO - Started process (PID=3608) to work on /opt/airflow/dags/groups/group_transforms.py
[2023-09-12T00:37:30.692+0000] {processor.py:756} INFO - Processing file /opt/airflow/dags/groups/group_transforms.py for tasks to queue
[2023-09-12T00:37:30.693+0000] {logging_mixin.py:120} INFO - [2023-09-12T00:37:30.693+0000] {dagbag.py:537} INFO - Filling up the DagBag from /opt/airflow/dags/groups/group_transforms.py
[2023-09-12T00:37:30.709+0000] {processor.py:768} WARNING - No viable dags retrieved from /opt/airflow/dags/groups/group_transforms.py
[2023-09-12T00:37:30.720+0000] {processor.py:176} INFO - Processing /opt/airflow/dags/groups/group_transforms.py took 0.031 seconds
[2023-09-12T00:38:01.698+0000] {processor.py:154} INFO - Started process (PID=3680) to work on /opt/airflow/dags/groups/group_transforms.py
[2023-09-12T00:38:01.698+0000] {processor.py:756} INFO - Processing file /opt/airflow/dags/groups/group_transforms.py for tasks to queue
[2023-09-12T00:38:01.699+0000] {logging_mixin.py:120} INFO - [2023-09-12T00:38:01.699+0000] {dagbag.py:537} INFO - Filling up the DagBag from /opt/airflow/dags/groups/group_transforms.py
[2023-09-12T00:38:01.715+0000] {processor.py:768} WARNING - No viable dags retrieved from /opt/airflow/dags/groups/group_transforms.py
[2023-09-12T00:38:01.726+0000] {processor.py:176} INFO - Processing /opt/airflow/dags/groups/group_transforms.py took 0.031 seconds
[2023-09-12T00:38:32.410+0000] {processor.py:154} INFO - Started process (PID=3762) to work on /opt/airflow/dags/groups/group_transforms.py
[2023-09-12T00:38:32.411+0000] {processor.py:756} INFO - Processing file /opt/airflow/dags/groups/group_transforms.py for tasks to queue
[2023-09-12T00:38:32.412+0000] {logging_mixin.py:120} INFO - [2023-09-12T00:38:32.411+0000] {dagbag.py:537} INFO - Filling up the DagBag from /opt/airflow/dags/groups/group_transforms.py
[2023-09-12T00:38:32.426+0000] {processor.py:768} WARNING - No viable dags retrieved from /opt/airflow/dags/groups/group_transforms.py
[2023-09-12T00:38:32.438+0000] {processor.py:176} INFO - Processing /opt/airflow/dags/groups/group_transforms.py took 0.030 seconds
[2023-09-12T00:39:03.271+0000] {processor.py:154} INFO - Started process (PID=3843) to work on /opt/airflow/dags/groups/group_transforms.py
[2023-09-12T00:39:03.271+0000] {processor.py:756} INFO - Processing file /opt/airflow/dags/groups/group_transforms.py for tasks to queue
[2023-09-12T00:39:03.272+0000] {logging_mixin.py:120} INFO - [2023-09-12T00:39:03.272+0000] {dagbag.py:537} INFO - Filling up the DagBag from /opt/airflow/dags/groups/group_transforms.py
[2023-09-12T00:39:03.287+0000] {processor.py:768} WARNING - No viable dags retrieved from /opt/airflow/dags/groups/group_transforms.py
[2023-09-12T00:39:03.299+0000] {processor.py:176} INFO - Processing /opt/airflow/dags/groups/group_transforms.py took 0.031 seconds
[2023-09-12T00:39:33.900+0000] {processor.py:154} INFO - Started process (PID=3924) to work on /opt/airflow/dags/groups/group_transforms.py
[2023-09-12T00:39:33.901+0000] {processor.py:756} INFO - Processing file /opt/airflow/dags/groups/group_transforms.py for tasks to queue
[2023-09-12T00:39:33.902+0000] {logging_mixin.py:120} INFO - [2023-09-12T00:39:33.901+0000] {dagbag.py:537} INFO - Filling up the DagBag from /opt/airflow/dags/groups/group_transforms.py
[2023-09-12T00:39:33.917+0000] {processor.py:768} WARNING - No viable dags retrieved from /opt/airflow/dags/groups/group_transforms.py
[2023-09-12T00:39:33.927+0000] {processor.py:176} INFO - Processing /opt/airflow/dags/groups/group_transforms.py took 0.030 seconds
[2023-09-12T00:40:04.164+0000] {processor.py:154} INFO - Started process (PID=4003) to work on /opt/airflow/dags/groups/group_transforms.py
[2023-09-12T00:40:04.165+0000] {processor.py:756} INFO - Processing file /opt/airflow/dags/groups/group_transforms.py for tasks to queue
[2023-09-12T00:40:04.166+0000] {logging_mixin.py:120} INFO - [2023-09-12T00:40:04.166+0000] {dagbag.py:537} INFO - Filling up the DagBag from /opt/airflow/dags/groups/group_transforms.py
[2023-09-12T00:40:04.181+0000] {processor.py:768} WARNING - No viable dags retrieved from /opt/airflow/dags/groups/group_transforms.py
[2023-09-12T00:40:04.194+0000] {processor.py:176} INFO - Processing /opt/airflow/dags/groups/group_transforms.py took 0.033 seconds
[2023-09-12T00:40:35.169+0000] {processor.py:154} INFO - Started process (PID=4077) to work on /opt/airflow/dags/groups/group_transforms.py
[2023-09-12T00:40:35.170+0000] {processor.py:756} INFO - Processing file /opt/airflow/dags/groups/group_transforms.py for tasks to queue
[2023-09-12T00:40:35.172+0000] {logging_mixin.py:120} INFO - [2023-09-12T00:40:35.171+0000] {dagbag.py:537} INFO - Filling up the DagBag from /opt/airflow/dags/groups/group_transforms.py
[2023-09-12T00:40:35.188+0000] {processor.py:768} WARNING - No viable dags retrieved from /opt/airflow/dags/groups/group_transforms.py
[2023-09-12T00:40:35.201+0000] {processor.py:176} INFO - Processing /opt/airflow/dags/groups/group_transforms.py took 0.035 seconds
[2023-09-12T00:41:05.236+0000] {processor.py:154} INFO - Started process (PID=4158) to work on /opt/airflow/dags/groups/group_transforms.py
[2023-09-12T00:41:05.237+0000] {processor.py:756} INFO - Processing file /opt/airflow/dags/groups/group_transforms.py for tasks to queue
[2023-09-12T00:41:05.237+0000] {logging_mixin.py:120} INFO - [2023-09-12T00:41:05.237+0000] {dagbag.py:537} INFO - Filling up the DagBag from /opt/airflow/dags/groups/group_transforms.py
[2023-09-12T00:41:05.250+0000] {processor.py:768} WARNING - No viable dags retrieved from /opt/airflow/dags/groups/group_transforms.py
[2023-09-12T00:41:05.262+0000] {processor.py:176} INFO - Processing /opt/airflow/dags/groups/group_transforms.py took 0.029 seconds
[2023-09-12T00:41:35.922+0000] {processor.py:154} INFO - Started process (PID=4240) to work on /opt/airflow/dags/groups/group_transforms.py
[2023-09-12T00:41:35.923+0000] {processor.py:756} INFO - Processing file /opt/airflow/dags/groups/group_transforms.py for tasks to queue
[2023-09-12T00:41:35.924+0000] {logging_mixin.py:120} INFO - [2023-09-12T00:41:35.924+0000] {dagbag.py:537} INFO - Filling up the DagBag from /opt/airflow/dags/groups/group_transforms.py
[2023-09-12T00:41:35.939+0000] {processor.py:768} WARNING - No viable dags retrieved from /opt/airflow/dags/groups/group_transforms.py
[2023-09-12T00:41:35.953+0000] {processor.py:176} INFO - Processing /opt/airflow/dags/groups/group_transforms.py took 0.033 seconds
[2023-09-12T00:42:06.003+0000] {processor.py:154} INFO - Started process (PID=4321) to work on /opt/airflow/dags/groups/group_transforms.py
[2023-09-12T00:42:06.004+0000] {processor.py:756} INFO - Processing file /opt/airflow/dags/groups/group_transforms.py for tasks to queue
[2023-09-12T00:42:06.005+0000] {logging_mixin.py:120} INFO - [2023-09-12T00:42:06.005+0000] {dagbag.py:537} INFO - Filling up the DagBag from /opt/airflow/dags/groups/group_transforms.py
[2023-09-12T00:42:06.022+0000] {processor.py:768} WARNING - No viable dags retrieved from /opt/airflow/dags/groups/group_transforms.py
[2023-09-12T00:42:06.036+0000] {processor.py:176} INFO - Processing /opt/airflow/dags/groups/group_transforms.py took 0.036 seconds
[2023-09-12T00:42:36.807+0000] {processor.py:154} INFO - Started process (PID=4394) to work on /opt/airflow/dags/groups/group_transforms.py
[2023-09-12T00:42:36.808+0000] {processor.py:756} INFO - Processing file /opt/airflow/dags/groups/group_transforms.py for tasks to queue
[2023-09-12T00:42:36.808+0000] {logging_mixin.py:120} INFO - [2023-09-12T00:42:36.808+0000] {dagbag.py:537} INFO - Filling up the DagBag from /opt/airflow/dags/groups/group_transforms.py
[2023-09-12T00:42:36.823+0000] {processor.py:768} WARNING - No viable dags retrieved from /opt/airflow/dags/groups/group_transforms.py
[2023-09-12T00:42:36.835+0000] {processor.py:176} INFO - Processing /opt/airflow/dags/groups/group_transforms.py took 0.031 seconds
[2023-09-12T00:43:07.420+0000] {processor.py:154} INFO - Started process (PID=4475) to work on /opt/airflow/dags/groups/group_transforms.py
[2023-09-12T00:43:07.421+0000] {processor.py:756} INFO - Processing file /opt/airflow/dags/groups/group_transforms.py for tasks to queue
[2023-09-12T00:43:07.422+0000] {logging_mixin.py:120} INFO - [2023-09-12T00:43:07.421+0000] {dagbag.py:537} INFO - Filling up the DagBag from /opt/airflow/dags/groups/group_transforms.py
[2023-09-12T00:43:07.434+0000] {processor.py:768} WARNING - No viable dags retrieved from /opt/airflow/dags/groups/group_transforms.py
[2023-09-12T00:43:07.446+0000] {processor.py:176} INFO - Processing /opt/airflow/dags/groups/group_transforms.py took 0.031 seconds
[2023-09-12T00:43:38.345+0000] {processor.py:154} INFO - Started process (PID=4556) to work on /opt/airflow/dags/groups/group_transforms.py
[2023-09-12T00:43:38.346+0000] {processor.py:756} INFO - Processing file /opt/airflow/dags/groups/group_transforms.py for tasks to queue
[2023-09-12T00:43:38.347+0000] {logging_mixin.py:120} INFO - [2023-09-12T00:43:38.347+0000] {dagbag.py:537} INFO - Filling up the DagBag from /opt/airflow/dags/groups/group_transforms.py
[2023-09-12T00:43:38.363+0000] {processor.py:768} WARNING - No viable dags retrieved from /opt/airflow/dags/groups/group_transforms.py
[2023-09-12T00:43:38.375+0000] {processor.py:176} INFO - Processing /opt/airflow/dags/groups/group_transforms.py took 0.033 seconds
[2023-09-12T00:44:09.132+0000] {processor.py:154} INFO - Started process (PID=4637) to work on /opt/airflow/dags/groups/group_transforms.py
[2023-09-12T00:44:09.133+0000] {processor.py:756} INFO - Processing file /opt/airflow/dags/groups/group_transforms.py for tasks to queue
[2023-09-12T00:44:09.134+0000] {logging_mixin.py:120} INFO - [2023-09-12T00:44:09.134+0000] {dagbag.py:537} INFO - Filling up the DagBag from /opt/airflow/dags/groups/group_transforms.py
[2023-09-12T00:44:09.151+0000] {processor.py:768} WARNING - No viable dags retrieved from /opt/airflow/dags/groups/group_transforms.py
[2023-09-12T00:44:09.163+0000] {processor.py:176} INFO - Processing /opt/airflow/dags/groups/group_transforms.py took 0.033 seconds
[2023-09-12T00:44:39.928+0000] {processor.py:154} INFO - Started process (PID=4709) to work on /opt/airflow/dags/groups/group_transforms.py
[2023-09-12T00:44:39.929+0000] {processor.py:756} INFO - Processing file /opt/airflow/dags/groups/group_transforms.py for tasks to queue
[2023-09-12T00:44:39.929+0000] {logging_mixin.py:120} INFO - [2023-09-12T00:44:39.929+0000] {dagbag.py:537} INFO - Filling up the DagBag from /opt/airflow/dags/groups/group_transforms.py
[2023-09-12T00:44:39.945+0000] {processor.py:768} WARNING - No viable dags retrieved from /opt/airflow/dags/groups/group_transforms.py
[2023-09-12T00:44:39.958+0000] {processor.py:176} INFO - Processing /opt/airflow/dags/groups/group_transforms.py took 0.033 seconds
[2023-09-12T00:45:10.931+0000] {processor.py:154} INFO - Started process (PID=4790) to work on /opt/airflow/dags/groups/group_transforms.py
[2023-09-12T00:45:10.932+0000] {processor.py:756} INFO - Processing file /opt/airflow/dags/groups/group_transforms.py for tasks to queue
[2023-09-12T00:45:10.933+0000] {logging_mixin.py:120} INFO - [2023-09-12T00:45:10.933+0000] {dagbag.py:537} INFO - Filling up the DagBag from /opt/airflow/dags/groups/group_transforms.py
[2023-09-12T00:45:10.948+0000] {processor.py:768} WARNING - No viable dags retrieved from /opt/airflow/dags/groups/group_transforms.py
[2023-09-12T00:45:10.961+0000] {processor.py:176} INFO - Processing /opt/airflow/dags/groups/group_transforms.py took 0.035 seconds
[2023-09-12T00:45:41.670+0000] {processor.py:154} INFO - Started process (PID=4871) to work on /opt/airflow/dags/groups/group_transforms.py
[2023-09-12T00:45:41.671+0000] {processor.py:756} INFO - Processing file /opt/airflow/dags/groups/group_transforms.py for tasks to queue
[2023-09-12T00:45:41.672+0000] {logging_mixin.py:120} INFO - [2023-09-12T00:45:41.672+0000] {dagbag.py:537} INFO - Filling up the DagBag from /opt/airflow/dags/groups/group_transforms.py
[2023-09-12T00:45:41.687+0000] {processor.py:768} WARNING - No viable dags retrieved from /opt/airflow/dags/groups/group_transforms.py
[2023-09-12T00:45:41.699+0000] {processor.py:176} INFO - Processing /opt/airflow/dags/groups/group_transforms.py took 0.032 seconds
[2023-09-12T00:46:12.400+0000] {processor.py:154} INFO - Started process (PID=4952) to work on /opt/airflow/dags/groups/group_transforms.py
[2023-09-12T00:46:12.401+0000] {processor.py:756} INFO - Processing file /opt/airflow/dags/groups/group_transforms.py for tasks to queue
[2023-09-12T00:46:12.402+0000] {logging_mixin.py:120} INFO - [2023-09-12T00:46:12.402+0000] {dagbag.py:537} INFO - Filling up the DagBag from /opt/airflow/dags/groups/group_transforms.py
[2023-09-12T00:46:12.419+0000] {processor.py:768} WARNING - No viable dags retrieved from /opt/airflow/dags/groups/group_transforms.py
[2023-09-12T00:46:12.431+0000] {processor.py:176} INFO - Processing /opt/airflow/dags/groups/group_transforms.py took 0.033 seconds
[2023-09-12T00:46:43.234+0000] {processor.py:154} INFO - Started process (PID=5033) to work on /opt/airflow/dags/groups/group_transforms.py
[2023-09-12T00:46:43.235+0000] {processor.py:756} INFO - Processing file /opt/airflow/dags/groups/group_transforms.py for tasks to queue
[2023-09-12T00:46:43.236+0000] {logging_mixin.py:120} INFO - [2023-09-12T00:46:43.236+0000] {dagbag.py:537} INFO - Filling up the DagBag from /opt/airflow/dags/groups/group_transforms.py
[2023-09-12T00:46:43.251+0000] {processor.py:768} WARNING - No viable dags retrieved from /opt/airflow/dags/groups/group_transforms.py
[2023-09-12T00:46:43.262+0000] {processor.py:176} INFO - Processing /opt/airflow/dags/groups/group_transforms.py took 0.031 seconds
[2023-09-12T00:47:14.152+0000] {processor.py:154} INFO - Started process (PID=5106) to work on /opt/airflow/dags/groups/group_transforms.py
[2023-09-12T00:47:14.153+0000] {processor.py:756} INFO - Processing file /opt/airflow/dags/groups/group_transforms.py for tasks to queue
[2023-09-12T00:47:14.153+0000] {logging_mixin.py:120} INFO - [2023-09-12T00:47:14.153+0000] {dagbag.py:537} INFO - Filling up the DagBag from /opt/airflow/dags/groups/group_transforms.py
[2023-09-12T00:47:14.167+0000] {processor.py:768} WARNING - No viable dags retrieved from /opt/airflow/dags/groups/group_transforms.py
[2023-09-12T00:47:14.180+0000] {processor.py:176} INFO - Processing /opt/airflow/dags/groups/group_transforms.py took 0.032 seconds
[2023-09-12T00:47:44.231+0000] {processor.py:154} INFO - Started process (PID=5186) to work on /opt/airflow/dags/groups/group_transforms.py
[2023-09-12T00:47:44.232+0000] {processor.py:756} INFO - Processing file /opt/airflow/dags/groups/group_transforms.py for tasks to queue
[2023-09-12T00:47:44.233+0000] {logging_mixin.py:120} INFO - [2023-09-12T00:47:44.233+0000] {dagbag.py:537} INFO - Filling up the DagBag from /opt/airflow/dags/groups/group_transforms.py
[2023-09-12T00:47:44.244+0000] {processor.py:768} WARNING - No viable dags retrieved from /opt/airflow/dags/groups/group_transforms.py
[2023-09-12T00:47:44.256+0000] {processor.py:176} INFO - Processing /opt/airflow/dags/groups/group_transforms.py took 0.028 seconds
[2023-09-12T00:48:14.285+0000] {processor.py:154} INFO - Started process (PID=5267) to work on /opt/airflow/dags/groups/group_transforms.py
[2023-09-12T00:48:14.286+0000] {processor.py:756} INFO - Processing file /opt/airflow/dags/groups/group_transforms.py for tasks to queue
[2023-09-12T00:48:14.286+0000] {logging_mixin.py:120} INFO - [2023-09-12T00:48:14.286+0000] {dagbag.py:537} INFO - Filling up the DagBag from /opt/airflow/dags/groups/group_transforms.py
[2023-09-12T00:48:14.301+0000] {processor.py:768} WARNING - No viable dags retrieved from /opt/airflow/dags/groups/group_transforms.py
[2023-09-12T00:48:14.312+0000] {processor.py:176} INFO - Processing /opt/airflow/dags/groups/group_transforms.py took 0.029 seconds
[2023-09-12T00:48:45.123+0000] {processor.py:154} INFO - Started process (PID=5348) to work on /opt/airflow/dags/groups/group_transforms.py
[2023-09-12T00:48:45.124+0000] {processor.py:756} INFO - Processing file /opt/airflow/dags/groups/group_transforms.py for tasks to queue
[2023-09-12T00:48:45.125+0000] {logging_mixin.py:120} INFO - [2023-09-12T00:48:45.125+0000] {dagbag.py:537} INFO - Filling up the DagBag from /opt/airflow/dags/groups/group_transforms.py
[2023-09-12T00:48:45.140+0000] {processor.py:768} WARNING - No viable dags retrieved from /opt/airflow/dags/groups/group_transforms.py
[2023-09-12T00:48:45.151+0000] {processor.py:176} INFO - Processing /opt/airflow/dags/groups/group_transforms.py took 0.030 seconds
[2023-09-12T00:49:16.077+0000] {processor.py:154} INFO - Started process (PID=5420) to work on /opt/airflow/dags/groups/group_transforms.py
[2023-09-12T00:49:16.078+0000] {processor.py:756} INFO - Processing file /opt/airflow/dags/groups/group_transforms.py for tasks to queue
[2023-09-12T00:49:16.079+0000] {logging_mixin.py:120} INFO - [2023-09-12T00:49:16.078+0000] {dagbag.py:537} INFO - Filling up the DagBag from /opt/airflow/dags/groups/group_transforms.py
[2023-09-12T00:49:16.095+0000] {processor.py:768} WARNING - No viable dags retrieved from /opt/airflow/dags/groups/group_transforms.py
[2023-09-12T00:49:16.107+0000] {processor.py:176} INFO - Processing /opt/airflow/dags/groups/group_transforms.py took 0.033 seconds
[2023-09-12T00:49:46.868+0000] {processor.py:154} INFO - Started process (PID=5501) to work on /opt/airflow/dags/groups/group_transforms.py
[2023-09-12T00:49:46.869+0000] {processor.py:756} INFO - Processing file /opt/airflow/dags/groups/group_transforms.py for tasks to queue
[2023-09-12T00:49:46.869+0000] {logging_mixin.py:120} INFO - [2023-09-12T00:49:46.869+0000] {dagbag.py:537} INFO - Filling up the DagBag from /opt/airflow/dags/groups/group_transforms.py
[2023-09-12T00:49:46.882+0000] {processor.py:768} WARNING - No viable dags retrieved from /opt/airflow/dags/groups/group_transforms.py
[2023-09-12T00:49:46.892+0000] {processor.py:176} INFO - Processing /opt/airflow/dags/groups/group_transforms.py took 0.027 seconds
[2023-09-12T00:50:17.773+0000] {processor.py:154} INFO - Started process (PID=5582) to work on /opt/airflow/dags/groups/group_transforms.py
[2023-09-12T00:50:17.774+0000] {processor.py:756} INFO - Processing file /opt/airflow/dags/groups/group_transforms.py for tasks to queue
[2023-09-12T00:50:17.774+0000] {logging_mixin.py:120} INFO - [2023-09-12T00:50:17.774+0000] {dagbag.py:537} INFO - Filling up the DagBag from /opt/airflow/dags/groups/group_transforms.py
[2023-09-12T00:50:17.787+0000] {processor.py:768} WARNING - No viable dags retrieved from /opt/airflow/dags/groups/group_transforms.py
[2023-09-12T00:50:17.798+0000] {processor.py:176} INFO - Processing /opt/airflow/dags/groups/group_transforms.py took 0.028 seconds
[2023-09-12T00:50:48.434+0000] {processor.py:154} INFO - Started process (PID=5663) to work on /opt/airflow/dags/groups/group_transforms.py
[2023-09-12T00:50:48.435+0000] {processor.py:756} INFO - Processing file /opt/airflow/dags/groups/group_transforms.py for tasks to queue
[2023-09-12T00:50:48.436+0000] {logging_mixin.py:120} INFO - [2023-09-12T00:50:48.436+0000] {dagbag.py:537} INFO - Filling up the DagBag from /opt/airflow/dags/groups/group_transforms.py
[2023-09-12T00:50:48.449+0000] {processor.py:768} WARNING - No viable dags retrieved from /opt/airflow/dags/groups/group_transforms.py
[2023-09-12T00:50:48.461+0000] {processor.py:176} INFO - Processing /opt/airflow/dags/groups/group_transforms.py took 0.029 seconds
[2023-09-12T00:51:18.585+0000] {processor.py:154} INFO - Started process (PID=5735) to work on /opt/airflow/dags/groups/group_transforms.py
[2023-09-12T00:51:18.586+0000] {processor.py:756} INFO - Processing file /opt/airflow/dags/groups/group_transforms.py for tasks to queue
[2023-09-12T00:51:18.586+0000] {logging_mixin.py:120} INFO - [2023-09-12T00:51:18.586+0000] {dagbag.py:537} INFO - Filling up the DagBag from /opt/airflow/dags/groups/group_transforms.py
[2023-09-12T00:51:18.601+0000] {processor.py:768} WARNING - No viable dags retrieved from /opt/airflow/dags/groups/group_transforms.py
[2023-09-12T00:51:18.611+0000] {processor.py:176} INFO - Processing /opt/airflow/dags/groups/group_transforms.py took 0.029 seconds
[2023-09-12T00:51:48.651+0000] {processor.py:154} INFO - Started process (PID=5816) to work on /opt/airflow/dags/groups/group_transforms.py
[2023-09-12T00:51:48.652+0000] {processor.py:756} INFO - Processing file /opt/airflow/dags/groups/group_transforms.py for tasks to queue
[2023-09-12T00:51:48.652+0000] {logging_mixin.py:120} INFO - [2023-09-12T00:51:48.652+0000] {dagbag.py:537} INFO - Filling up the DagBag from /opt/airflow/dags/groups/group_transforms.py
[2023-09-12T00:51:48.668+0000] {processor.py:768} WARNING - No viable dags retrieved from /opt/airflow/dags/groups/group_transforms.py
[2023-09-12T00:51:48.680+0000] {processor.py:176} INFO - Processing /opt/airflow/dags/groups/group_transforms.py took 0.032 seconds
[2023-09-12T00:52:19.545+0000] {processor.py:154} INFO - Started process (PID=5898) to work on /opt/airflow/dags/groups/group_transforms.py
[2023-09-12T00:52:19.546+0000] {processor.py:756} INFO - Processing file /opt/airflow/dags/groups/group_transforms.py for tasks to queue
[2023-09-12T00:52:19.546+0000] {logging_mixin.py:120} INFO - [2023-09-12T00:52:19.546+0000] {dagbag.py:537} INFO - Filling up the DagBag from /opt/airflow/dags/groups/group_transforms.py
[2023-09-12T00:52:19.559+0000] {processor.py:768} WARNING - No viable dags retrieved from /opt/airflow/dags/groups/group_transforms.py
[2023-09-12T00:52:19.569+0000] {processor.py:176} INFO - Processing /opt/airflow/dags/groups/group_transforms.py took 0.027 seconds
[2023-09-12T00:52:49.677+0000] {processor.py:154} INFO - Started process (PID=5979) to work on /opt/airflow/dags/groups/group_transforms.py
[2023-09-12T00:52:49.678+0000] {processor.py:756} INFO - Processing file /opt/airflow/dags/groups/group_transforms.py for tasks to queue
[2023-09-12T00:52:49.679+0000] {logging_mixin.py:120} INFO - [2023-09-12T00:52:49.679+0000] {dagbag.py:537} INFO - Filling up the DagBag from /opt/airflow/dags/groups/group_transforms.py
[2023-09-12T00:52:49.695+0000] {processor.py:768} WARNING - No viable dags retrieved from /opt/airflow/dags/groups/group_transforms.py
[2023-09-12T00:52:49.706+0000] {processor.py:176} INFO - Processing /opt/airflow/dags/groups/group_transforms.py took 0.032 seconds
[2023-09-12T00:53:19.952+0000] {processor.py:154} INFO - Started process (PID=6051) to work on /opt/airflow/dags/groups/group_transforms.py
[2023-09-12T00:53:19.953+0000] {processor.py:756} INFO - Processing file /opt/airflow/dags/groups/group_transforms.py for tasks to queue
[2023-09-12T00:53:19.954+0000] {logging_mixin.py:120} INFO - [2023-09-12T00:53:19.954+0000] {dagbag.py:537} INFO - Filling up the DagBag from /opt/airflow/dags/groups/group_transforms.py
[2023-09-12T00:53:19.974+0000] {processor.py:768} WARNING - No viable dags retrieved from /opt/airflow/dags/groups/group_transforms.py
[2023-09-12T00:53:19.989+0000] {processor.py:176} INFO - Processing /opt/airflow/dags/groups/group_transforms.py took 0.041 seconds
[2023-09-12T00:53:50.123+0000] {processor.py:154} INFO - Started process (PID=6132) to work on /opt/airflow/dags/groups/group_transforms.py
[2023-09-12T00:53:50.124+0000] {processor.py:756} INFO - Processing file /opt/airflow/dags/groups/group_transforms.py for tasks to queue
[2023-09-12T00:53:50.125+0000] {logging_mixin.py:120} INFO - [2023-09-12T00:53:50.125+0000] {dagbag.py:537} INFO - Filling up the DagBag from /opt/airflow/dags/groups/group_transforms.py
[2023-09-12T00:53:50.140+0000] {processor.py:768} WARNING - No viable dags retrieved from /opt/airflow/dags/groups/group_transforms.py
[2023-09-12T00:53:50.152+0000] {processor.py:176} INFO - Processing /opt/airflow/dags/groups/group_transforms.py took 0.032 seconds
[2023-09-12T00:54:20.784+0000] {processor.py:154} INFO - Started process (PID=6213) to work on /opt/airflow/dags/groups/group_transforms.py
[2023-09-12T00:54:20.785+0000] {processor.py:756} INFO - Processing file /opt/airflow/dags/groups/group_transforms.py for tasks to queue
[2023-09-12T00:54:20.786+0000] {logging_mixin.py:120} INFO - [2023-09-12T00:54:20.786+0000] {dagbag.py:537} INFO - Filling up the DagBag from /opt/airflow/dags/groups/group_transforms.py
[2023-09-12T00:54:20.802+0000] {processor.py:768} WARNING - No viable dags retrieved from /opt/airflow/dags/groups/group_transforms.py
[2023-09-12T00:54:20.815+0000] {processor.py:176} INFO - Processing /opt/airflow/dags/groups/group_transforms.py took 0.034 seconds
[2023-09-12T00:54:51.454+0000] {processor.py:154} INFO - Started process (PID=6294) to work on /opt/airflow/dags/groups/group_transforms.py
[2023-09-12T00:54:51.455+0000] {processor.py:756} INFO - Processing file /opt/airflow/dags/groups/group_transforms.py for tasks to queue
[2023-09-12T00:54:51.456+0000] {logging_mixin.py:120} INFO - [2023-09-12T00:54:51.456+0000] {dagbag.py:537} INFO - Filling up the DagBag from /opt/airflow/dags/groups/group_transforms.py
[2023-09-12T00:54:51.476+0000] {processor.py:768} WARNING - No viable dags retrieved from /opt/airflow/dags/groups/group_transforms.py
[2023-09-12T00:54:51.488+0000] {processor.py:176} INFO - Processing /opt/airflow/dags/groups/group_transforms.py took 0.039 seconds
[2023-09-12T00:55:22.093+0000] {processor.py:154} INFO - Started process (PID=6363) to work on /opt/airflow/dags/groups/group_transforms.py
[2023-09-12T00:55:22.094+0000] {processor.py:756} INFO - Processing file /opt/airflow/dags/groups/group_transforms.py for tasks to queue
[2023-09-12T00:55:22.095+0000] {logging_mixin.py:120} INFO - [2023-09-12T00:55:22.095+0000] {dagbag.py:537} INFO - Filling up the DagBag from /opt/airflow/dags/groups/group_transforms.py
[2023-09-12T00:55:22.110+0000] {processor.py:768} WARNING - No viable dags retrieved from /opt/airflow/dags/groups/group_transforms.py
[2023-09-12T00:55:22.124+0000] {processor.py:176} INFO - Processing /opt/airflow/dags/groups/group_transforms.py took 0.033 seconds
[2023-09-12T00:55:52.804+0000] {processor.py:154} INFO - Started process (PID=6438) to work on /opt/airflow/dags/groups/group_transforms.py
[2023-09-12T00:55:52.805+0000] {processor.py:756} INFO - Processing file /opt/airflow/dags/groups/group_transforms.py for tasks to queue
[2023-09-12T00:55:52.806+0000] {logging_mixin.py:120} INFO - [2023-09-12T00:55:52.806+0000] {dagbag.py:537} INFO - Filling up the DagBag from /opt/airflow/dags/groups/group_transforms.py
[2023-09-12T00:55:52.821+0000] {processor.py:768} WARNING - No viable dags retrieved from /opt/airflow/dags/groups/group_transforms.py
[2023-09-12T00:55:52.832+0000] {processor.py:176} INFO - Processing /opt/airflow/dags/groups/group_transforms.py took 0.032 seconds
[2023-09-12T00:56:23.174+0000] {processor.py:154} INFO - Started process (PID=6519) to work on /opt/airflow/dags/groups/group_transforms.py
[2023-09-12T00:56:23.175+0000] {processor.py:756} INFO - Processing file /opt/airflow/dags/groups/group_transforms.py for tasks to queue
[2023-09-12T00:56:23.176+0000] {logging_mixin.py:120} INFO - [2023-09-12T00:56:23.176+0000] {dagbag.py:537} INFO - Filling up the DagBag from /opt/airflow/dags/groups/group_transforms.py
[2023-09-12T00:56:23.193+0000] {processor.py:768} WARNING - No viable dags retrieved from /opt/airflow/dags/groups/group_transforms.py
[2023-09-12T00:56:23.206+0000] {processor.py:176} INFO - Processing /opt/airflow/dags/groups/group_transforms.py took 0.035 seconds
[2023-09-12T00:56:53.717+0000] {processor.py:154} INFO - Started process (PID=6598) to work on /opt/airflow/dags/groups/group_transforms.py
[2023-09-12T00:56:53.718+0000] {processor.py:756} INFO - Processing file /opt/airflow/dags/groups/group_transforms.py for tasks to queue
[2023-09-12T00:56:53.718+0000] {logging_mixin.py:120} INFO - [2023-09-12T00:56:53.718+0000] {dagbag.py:537} INFO - Filling up the DagBag from /opt/airflow/dags/groups/group_transforms.py
[2023-09-12T00:56:53.751+0000] {processor.py:768} WARNING - No viable dags retrieved from /opt/airflow/dags/groups/group_transforms.py
[2023-09-12T00:56:53.775+0000] {processor.py:176} INFO - Processing /opt/airflow/dags/groups/group_transforms.py took 0.061 seconds
[2023-09-12T00:57:24.592+0000] {processor.py:154} INFO - Started process (PID=6668) to work on /opt/airflow/dags/groups/group_transforms.py
[2023-09-12T00:57:24.593+0000] {processor.py:756} INFO - Processing file /opt/airflow/dags/groups/group_transforms.py for tasks to queue
[2023-09-12T00:57:24.594+0000] {logging_mixin.py:120} INFO - [2023-09-12T00:57:24.594+0000] {dagbag.py:537} INFO - Filling up the DagBag from /opt/airflow/dags/groups/group_transforms.py
[2023-09-12T00:57:24.610+0000] {processor.py:768} WARNING - No viable dags retrieved from /opt/airflow/dags/groups/group_transforms.py
[2023-09-12T00:57:24.662+0000] {processor.py:176} INFO - Processing /opt/airflow/dags/groups/group_transforms.py took 0.074 seconds
[2023-09-12T00:57:54.862+0000] {processor.py:154} INFO - Started process (PID=6750) to work on /opt/airflow/dags/groups/group_transforms.py
[2023-09-12T00:57:54.863+0000] {processor.py:756} INFO - Processing file /opt/airflow/dags/groups/group_transforms.py for tasks to queue
[2023-09-12T00:57:54.864+0000] {logging_mixin.py:120} INFO - [2023-09-12T00:57:54.864+0000] {dagbag.py:537} INFO - Filling up the DagBag from /opt/airflow/dags/groups/group_transforms.py
[2023-09-12T00:57:54.883+0000] {processor.py:768} WARNING - No viable dags retrieved from /opt/airflow/dags/groups/group_transforms.py
[2023-09-12T00:57:54.897+0000] {processor.py:176} INFO - Processing /opt/airflow/dags/groups/group_transforms.py took 0.038 seconds
[2023-09-12T00:58:25.239+0000] {processor.py:154} INFO - Started process (PID=6831) to work on /opt/airflow/dags/groups/group_transforms.py
[2023-09-12T00:58:25.240+0000] {processor.py:756} INFO - Processing file /opt/airflow/dags/groups/group_transforms.py for tasks to queue
[2023-09-12T00:58:25.241+0000] {logging_mixin.py:120} INFO - [2023-09-12T00:58:25.241+0000] {dagbag.py:537} INFO - Filling up the DagBag from /opt/airflow/dags/groups/group_transforms.py
[2023-09-12T00:58:25.262+0000] {processor.py:768} WARNING - No viable dags retrieved from /opt/airflow/dags/groups/group_transforms.py
[2023-09-12T00:58:25.296+0000] {processor.py:176} INFO - Processing /opt/airflow/dags/groups/group_transforms.py took 0.060 seconds
[2023-09-12T00:58:55.611+0000] {processor.py:154} INFO - Started process (PID=6903) to work on /opt/airflow/dags/groups/group_transforms.py
[2023-09-12T00:58:55.612+0000] {processor.py:756} INFO - Processing file /opt/airflow/dags/groups/group_transforms.py for tasks to queue
[2023-09-12T00:58:55.613+0000] {logging_mixin.py:120} INFO - [2023-09-12T00:58:55.613+0000] {dagbag.py:537} INFO - Filling up the DagBag from /opt/airflow/dags/groups/group_transforms.py
[2023-09-12T00:58:55.629+0000] {processor.py:768} WARNING - No viable dags retrieved from /opt/airflow/dags/groups/group_transforms.py
[2023-09-12T00:58:55.683+0000] {processor.py:176} INFO - Processing /opt/airflow/dags/groups/group_transforms.py took 0.075 seconds
[2023-09-12T00:59:26.249+0000] {processor.py:154} INFO - Started process (PID=6983) to work on /opt/airflow/dags/groups/group_transforms.py
[2023-09-12T00:59:26.250+0000] {processor.py:756} INFO - Processing file /opt/airflow/dags/groups/group_transforms.py for tasks to queue
[2023-09-12T00:59:26.251+0000] {logging_mixin.py:120} INFO - [2023-09-12T00:59:26.251+0000] {dagbag.py:537} INFO - Filling up the DagBag from /opt/airflow/dags/groups/group_transforms.py
[2023-09-12T00:59:26.267+0000] {processor.py:768} WARNING - No viable dags retrieved from /opt/airflow/dags/groups/group_transforms.py
[2023-09-12T00:59:26.279+0000] {processor.py:176} INFO - Processing /opt/airflow/dags/groups/group_transforms.py took 0.034 seconds
[2023-09-12T00:59:56.586+0000] {processor.py:154} INFO - Started process (PID=7064) to work on /opt/airflow/dags/groups/group_transforms.py
[2023-09-12T00:59:56.587+0000] {processor.py:756} INFO - Processing file /opt/airflow/dags/groups/group_transforms.py for tasks to queue
[2023-09-12T00:59:56.588+0000] {logging_mixin.py:120} INFO - [2023-09-12T00:59:56.588+0000] {dagbag.py:537} INFO - Filling up the DagBag from /opt/airflow/dags/groups/group_transforms.py
[2023-09-12T00:59:56.602+0000] {processor.py:768} WARNING - No viable dags retrieved from /opt/airflow/dags/groups/group_transforms.py
[2023-09-12T00:59:56.613+0000] {processor.py:176} INFO - Processing /opt/airflow/dags/groups/group_transforms.py took 0.030 seconds
[2023-09-12T01:00:27.482+0000] {processor.py:154} INFO - Started process (PID=7145) to work on /opt/airflow/dags/groups/group_transforms.py
[2023-09-12T01:00:27.484+0000] {processor.py:756} INFO - Processing file /opt/airflow/dags/groups/group_transforms.py for tasks to queue
[2023-09-12T01:00:27.486+0000] {logging_mixin.py:120} INFO - [2023-09-12T01:00:27.485+0000] {dagbag.py:537} INFO - Filling up the DagBag from /opt/airflow/dags/groups/group_transforms.py
[2023-09-12T01:00:27.499+0000] {processor.py:768} WARNING - No viable dags retrieved from /opt/airflow/dags/groups/group_transforms.py
[2023-09-12T01:00:27.511+0000] {processor.py:176} INFO - Processing /opt/airflow/dags/groups/group_transforms.py took 0.034 seconds
[2023-09-12T01:00:58.174+0000] {processor.py:154} INFO - Started process (PID=7217) to work on /opt/airflow/dags/groups/group_transforms.py
[2023-09-12T01:00:58.175+0000] {processor.py:756} INFO - Processing file /opt/airflow/dags/groups/group_transforms.py for tasks to queue
[2023-09-12T01:00:58.176+0000] {logging_mixin.py:120} INFO - [2023-09-12T01:00:58.176+0000] {dagbag.py:537} INFO - Filling up the DagBag from /opt/airflow/dags/groups/group_transforms.py
[2023-09-12T01:00:58.192+0000] {processor.py:768} WARNING - No viable dags retrieved from /opt/airflow/dags/groups/group_transforms.py
[2023-09-12T01:00:58.204+0000] {processor.py:176} INFO - Processing /opt/airflow/dags/groups/group_transforms.py took 0.035 seconds
[2023-09-12T01:01:28.509+0000] {processor.py:154} INFO - Started process (PID=7298) to work on /opt/airflow/dags/groups/group_transforms.py
[2023-09-12T01:01:28.510+0000] {processor.py:756} INFO - Processing file /opt/airflow/dags/groups/group_transforms.py for tasks to queue
[2023-09-12T01:01:28.510+0000] {logging_mixin.py:120} INFO - [2023-09-12T01:01:28.510+0000] {dagbag.py:537} INFO - Filling up the DagBag from /opt/airflow/dags/groups/group_transforms.py
[2023-09-12T01:01:28.526+0000] {processor.py:768} WARNING - No viable dags retrieved from /opt/airflow/dags/groups/group_transforms.py
[2023-09-12T01:01:28.538+0000] {processor.py:176} INFO - Processing /opt/airflow/dags/groups/group_transforms.py took 0.034 seconds
[2023-09-12T01:01:58.949+0000] {processor.py:154} INFO - Started process (PID=7379) to work on /opt/airflow/dags/groups/group_transforms.py
[2023-09-12T01:01:58.950+0000] {processor.py:756} INFO - Processing file /opt/airflow/dags/groups/group_transforms.py for tasks to queue
[2023-09-12T01:01:58.950+0000] {logging_mixin.py:120} INFO - [2023-09-12T01:01:58.950+0000] {dagbag.py:537} INFO - Filling up the DagBag from /opt/airflow/dags/groups/group_transforms.py
[2023-09-12T01:01:58.964+0000] {processor.py:768} WARNING - No viable dags retrieved from /opt/airflow/dags/groups/group_transforms.py
[2023-09-12T01:01:58.975+0000] {processor.py:176} INFO - Processing /opt/airflow/dags/groups/group_transforms.py took 0.029 seconds
[2023-09-12T01:02:29.651+0000] {processor.py:154} INFO - Started process (PID=7460) to work on /opt/airflow/dags/groups/group_transforms.py
[2023-09-12T01:02:29.652+0000] {processor.py:756} INFO - Processing file /opt/airflow/dags/groups/group_transforms.py for tasks to queue
[2023-09-12T01:02:29.653+0000] {logging_mixin.py:120} INFO - [2023-09-12T01:02:29.653+0000] {dagbag.py:537} INFO - Filling up the DagBag from /opt/airflow/dags/groups/group_transforms.py
[2023-09-12T01:02:29.674+0000] {processor.py:768} WARNING - No viable dags retrieved from /opt/airflow/dags/groups/group_transforms.py
[2023-09-12T01:02:29.689+0000] {processor.py:176} INFO - Processing /opt/airflow/dags/groups/group_transforms.py took 0.042 seconds
[2023-09-12T01:03:00.391+0000] {processor.py:154} INFO - Started process (PID=7532) to work on /opt/airflow/dags/groups/group_transforms.py
[2023-09-12T01:03:00.393+0000] {processor.py:756} INFO - Processing file /opt/airflow/dags/groups/group_transforms.py for tasks to queue
[2023-09-12T01:03:00.394+0000] {logging_mixin.py:120} INFO - [2023-09-12T01:03:00.393+0000] {dagbag.py:537} INFO - Filling up the DagBag from /opt/airflow/dags/groups/group_transforms.py
[2023-09-12T01:03:00.411+0000] {processor.py:768} WARNING - No viable dags retrieved from /opt/airflow/dags/groups/group_transforms.py
[2023-09-12T01:03:00.424+0000] {processor.py:176} INFO - Processing /opt/airflow/dags/groups/group_transforms.py took 0.037 seconds
[2023-09-12T01:03:31.279+0000] {processor.py:154} INFO - Started process (PID=7613) to work on /opt/airflow/dags/groups/group_transforms.py
[2023-09-12T01:03:31.280+0000] {processor.py:756} INFO - Processing file /opt/airflow/dags/groups/group_transforms.py for tasks to queue
[2023-09-12T01:03:31.281+0000] {logging_mixin.py:120} INFO - [2023-09-12T01:03:31.280+0000] {dagbag.py:537} INFO - Filling up the DagBag from /opt/airflow/dags/groups/group_transforms.py
[2023-09-12T01:03:31.295+0000] {processor.py:768} WARNING - No viable dags retrieved from /opt/airflow/dags/groups/group_transforms.py
[2023-09-12T01:03:31.308+0000] {processor.py:176} INFO - Processing /opt/airflow/dags/groups/group_transforms.py took 0.033 seconds
[2023-09-12T01:04:01.423+0000] {processor.py:154} INFO - Started process (PID=7694) to work on /opt/airflow/dags/groups/group_transforms.py
[2023-09-12T01:04:01.425+0000] {processor.py:756} INFO - Processing file /opt/airflow/dags/groups/group_transforms.py for tasks to queue
[2023-09-12T01:04:01.426+0000] {logging_mixin.py:120} INFO - [2023-09-12T01:04:01.426+0000] {dagbag.py:537} INFO - Filling up the DagBag from /opt/airflow/dags/groups/group_transforms.py
[2023-09-12T01:04:01.442+0000] {processor.py:768} WARNING - No viable dags retrieved from /opt/airflow/dags/groups/group_transforms.py
[2023-09-12T01:04:01.455+0000] {processor.py:176} INFO - Processing /opt/airflow/dags/groups/group_transforms.py took 0.035 seconds
[2023-09-12T01:04:32.467+0000] {processor.py:154} INFO - Started process (PID=7775) to work on /opt/airflow/dags/groups/group_transforms.py
[2023-09-12T01:04:32.468+0000] {processor.py:756} INFO - Processing file /opt/airflow/dags/groups/group_transforms.py for tasks to queue
[2023-09-12T01:04:32.469+0000] {logging_mixin.py:120} INFO - [2023-09-12T01:04:32.469+0000] {dagbag.py:537} INFO - Filling up the DagBag from /opt/airflow/dags/groups/group_transforms.py
[2023-09-12T01:04:32.487+0000] {processor.py:768} WARNING - No viable dags retrieved from /opt/airflow/dags/groups/group_transforms.py
[2023-09-12T01:04:32.501+0000] {processor.py:176} INFO - Processing /opt/airflow/dags/groups/group_transforms.py took 0.038 seconds
[2023-09-12T01:05:02.812+0000] {processor.py:154} INFO - Started process (PID=7847) to work on /opt/airflow/dags/groups/group_transforms.py
[2023-09-12T01:05:02.813+0000] {processor.py:756} INFO - Processing file /opt/airflow/dags/groups/group_transforms.py for tasks to queue
[2023-09-12T01:05:02.814+0000] {logging_mixin.py:120} INFO - [2023-09-12T01:05:02.814+0000] {dagbag.py:537} INFO - Filling up the DagBag from /opt/airflow/dags/groups/group_transforms.py
[2023-09-12T01:05:02.831+0000] {processor.py:768} WARNING - No viable dags retrieved from /opt/airflow/dags/groups/group_transforms.py
[2023-09-12T01:05:02.844+0000] {processor.py:176} INFO - Processing /opt/airflow/dags/groups/group_transforms.py took 0.036 seconds
[2023-09-12T01:05:33.199+0000] {processor.py:154} INFO - Started process (PID=7928) to work on /opt/airflow/dags/groups/group_transforms.py
[2023-09-12T01:05:33.201+0000] {processor.py:756} INFO - Processing file /opt/airflow/dags/groups/group_transforms.py for tasks to queue
[2023-09-12T01:05:33.201+0000] {logging_mixin.py:120} INFO - [2023-09-12T01:05:33.201+0000] {dagbag.py:537} INFO - Filling up the DagBag from /opt/airflow/dags/groups/group_transforms.py
[2023-09-12T01:05:33.216+0000] {processor.py:768} WARNING - No viable dags retrieved from /opt/airflow/dags/groups/group_transforms.py
[2023-09-12T01:05:33.228+0000] {processor.py:176} INFO - Processing /opt/airflow/dags/groups/group_transforms.py took 0.032 seconds
[2023-09-12T01:06:03.491+0000] {processor.py:154} INFO - Started process (PID=8010) to work on /opt/airflow/dags/groups/group_transforms.py
[2023-09-12T01:06:03.492+0000] {processor.py:756} INFO - Processing file /opt/airflow/dags/groups/group_transforms.py for tasks to queue
[2023-09-12T01:06:03.492+0000] {logging_mixin.py:120} INFO - [2023-09-12T01:06:03.492+0000] {dagbag.py:537} INFO - Filling up the DagBag from /opt/airflow/dags/groups/group_transforms.py
[2023-09-12T01:06:03.507+0000] {processor.py:768} WARNING - No viable dags retrieved from /opt/airflow/dags/groups/group_transforms.py
[2023-09-12T01:06:03.518+0000] {processor.py:176} INFO - Processing /opt/airflow/dags/groups/group_transforms.py took 0.031 seconds
[2023-09-12T01:06:33.694+0000] {processor.py:154} INFO - Started process (PID=8089) to work on /opt/airflow/dags/groups/group_transforms.py
[2023-09-12T01:06:33.695+0000] {processor.py:756} INFO - Processing file /opt/airflow/dags/groups/group_transforms.py for tasks to queue
[2023-09-12T01:06:33.695+0000] {logging_mixin.py:120} INFO - [2023-09-12T01:06:33.695+0000] {dagbag.py:537} INFO - Filling up the DagBag from /opt/airflow/dags/groups/group_transforms.py
[2023-09-12T01:06:33.709+0000] {processor.py:768} WARNING - No viable dags retrieved from /opt/airflow/dags/groups/group_transforms.py
[2023-09-12T01:06:33.720+0000] {processor.py:176} INFO - Processing /opt/airflow/dags/groups/group_transforms.py took 0.029 seconds
[2023-09-12T01:07:04.034+0000] {processor.py:154} INFO - Started process (PID=8163) to work on /opt/airflow/dags/groups/group_transforms.py
[2023-09-12T01:07:04.035+0000] {processor.py:756} INFO - Processing file /opt/airflow/dags/groups/group_transforms.py for tasks to queue
[2023-09-12T01:07:04.036+0000] {logging_mixin.py:120} INFO - [2023-09-12T01:07:04.036+0000] {dagbag.py:537} INFO - Filling up the DagBag from /opt/airflow/dags/groups/group_transforms.py
[2023-09-12T01:07:04.049+0000] {processor.py:768} WARNING - No viable dags retrieved from /opt/airflow/dags/groups/group_transforms.py
[2023-09-12T01:07:04.061+0000] {processor.py:176} INFO - Processing /opt/airflow/dags/groups/group_transforms.py took 0.030 seconds
[2023-09-12T01:07:34.628+0000] {processor.py:154} INFO - Started process (PID=8244) to work on /opt/airflow/dags/groups/group_transforms.py
[2023-09-12T01:07:34.629+0000] {processor.py:756} INFO - Processing file /opt/airflow/dags/groups/group_transforms.py for tasks to queue
[2023-09-12T01:07:34.630+0000] {logging_mixin.py:120} INFO - [2023-09-12T01:07:34.630+0000] {dagbag.py:537} INFO - Filling up the DagBag from /opt/airflow/dags/groups/group_transforms.py
[2023-09-12T01:07:34.649+0000] {processor.py:768} WARNING - No viable dags retrieved from /opt/airflow/dags/groups/group_transforms.py
[2023-09-12T01:07:34.663+0000] {processor.py:176} INFO - Processing /opt/airflow/dags/groups/group_transforms.py took 0.038 seconds
[2023-09-12T01:08:04.741+0000] {processor.py:154} INFO - Started process (PID=8325) to work on /opt/airflow/dags/groups/group_transforms.py
[2023-09-12T01:08:04.742+0000] {processor.py:756} INFO - Processing file /opt/airflow/dags/groups/group_transforms.py for tasks to queue
[2023-09-12T01:08:04.743+0000] {logging_mixin.py:120} INFO - [2023-09-12T01:08:04.743+0000] {dagbag.py:537} INFO - Filling up the DagBag from /opt/airflow/dags/groups/group_transforms.py
[2023-09-12T01:08:04.760+0000] {processor.py:768} WARNING - No viable dags retrieved from /opt/airflow/dags/groups/group_transforms.py
[2023-09-12T01:08:04.774+0000] {processor.py:176} INFO - Processing /opt/airflow/dags/groups/group_transforms.py took 0.036 seconds
